vLE_yByt77Y
Pgm9s0ze438
EF8IFTfTC9A
-_qMTzEhPSQ
tYD070D7iyE
enjuseAHnTI
KL1OsYHCySU
MSnvtj0G3cA
gFsJEsdgKoc
xN49R7LczLc
C8gGQXAo8Gg
ZQQLh3RP0qI
Z7BqReGRuho
dAyV6p8Gk68
r-Ze69nsVBg
VOOL58A2qNg
mKXf89yNDP4
HrAisV-e06Q
dH8qRhrdEcI
KVN9p4lnqpU
Q0XhoPUjwMo
BDB9M70YgU8
pQG-oIMSbco
yBiRcr0xQ1E
mnH_DEzeM-k
PBwvLNgciGs
gu4eNTEj-k0
ynjW-VzPA8U
VcJu_Ux2DuY
yuCYs4u7cIU
7yZb22jJSA0
jnP5YgtyyoE
SVURoHMr9Wk
1jG5q1pdQYE
bAT7n_pPhw8
lTlTcKosbVg
_1KqqxSzTDM
ZFClDrscVWs
Tg7lHKT7yME
l0eErNQoKjk
M88NckqlYpE
CL4-FcEd5OQ
rmtgGriPDrY
N5QIuR9e0ns
haDzFVz86rM
qrbczHbVJE8
3OXvXQqZE8g
sOe6Dmg26eU
4UGxcPTV1J0
M98AeBYTucg
KGvCP_IeJFY
MFawDlqWwKw
KqG7WvV7Ygc
0YcGev7B5AA
dwqSuvFzDdI
pq0Kn1YLHGk
9Rkctxo_LQI
fe52rEPQSuU
2h-MSbMrvNw
cqR1fh7X3Yw
DoAEEviGdEM
IgSSJ8amS4Q
z9gJ0poB-N0
luiZZmZYOA8
hCRNOue4yAM
6DLZgG15c-o
hYBdIJ3oV5k
lJqH7_xYKi4
wCGTZZ4yLCw
9FlrrcAjBr4
m5aOnGdWr78
mZe1Y2frl8g
Oju44Rdy2J0
OfRhisUM6bY
zyXU7NO6dwQ
GlwAFevzjEs
WaBAZxXEe-E
kgVkXcS91uI
4ZILWMomrao
Bv20Wuxyol4
gkbOpCRyKvQ
8m8uJMscG1w
ZB8CbDG7gpk
IOdIXfkrEvo
4lZwy2k2cC8
4mvES3SDIYw
Sm8Yx-gWlMs
5mhDrvIAI_0
EidFR14QMFY
BBsu3j9F3fo
pYBRmAEaGgk
h_GGCgFij3s
WYsINZ-dOdc
A4G-f0YUnm8
6rYN5hSp3M8
zHO5UNRAlV8
DgXLS_XBcbg
LNH41Lu7_Go
ueNWlMyUNy4
bZP91Aout2Q
qzpSM27zUu4
TtyFFYv5AuU
pdV7cagD59U
1LVC-WT8VIc
wcM11G1lbL0
jx8dhJb1950
InQG_onnZMo
qjnsV8MhVK8
hthT1CH1oL4
usclHi8jk2w
h1779_E1A20
0JupZy4LJ50
lpKM32TaPSA
ig--M6mDADQ
vMhAX3AjnEI
CPIEaM0on70
ZAF2cndfOOg
kJpXPmHpvEs
9iCdkjW4YQ8
ICNZvfUGjpw
lmINcup0BZQ
LQLtRRe5EBc
hg6cwdc19Rw
z95x3fj9ptQ
vd-BB5U9BAg
try_nifyqbA
bBC3ESKhoLg
BcC53j32BW4
ur_okxuvJ8Q
3S8Tom-9OaU
S3N7z-OXd5Y
tOV5FpMRQD0
8H1WvyiZqoc
lSkxAh8QT-o
VuauCZzKSpg
JCe6jIFliB8
vTJWdtX90C0
vHxeajQMce8
Ztt5tpmbW38
OlYSzI8fX9o
445jEZBofUA
WgIWDZ1xxdM
y5xUqV5qWqQ
9-nYUUhigTU
tfYRI6GA3r4
4e7gm5JZc9M
cI-aSLDWgb4
wTeR4NW4BSs
4DRgiLfFiCg
TYp1wc9Ubog
o0pqSKfn8FU
nS2J71U5MGg
rnBAdnNIIXk
836iIlA-awE
rFQdwNzzTP4
fJGPM94iKKQ
JSiBrM-f9K8
ui8KVFVQfP8
AXZ12-zg7jA
ieAeeyWtS5E
wCIdjHBf37I
ddCJPtcxEwo
hjYP6srJr1w
lqpHCXd-ajA
xI5mvoDUDdE
rkv4hHWq750
dTUEfqur_OM
NJIA8WnzUbk
ZuJaEf26DQU
LzfD5WWBOrQ
lDU4PkSqWsQ
FKJO1YyQMmY
pSin-ZGRbJ4
50_kse-Uh-g
78hlBoQFILg
IQwTDBTFg8Y
P9k0yb4dtoQ
0ot70_45e6c
RGJHSfGdgKc
b2Z82J1i1Qo
kAhs6brFgcc
egmfTZRuqzA
RAxYkenR48w
bjjcSBn5qF4
62d4zvVg4xM
s-3iptOhrW0
dr-vumE1Yms
tpAlUfVzkF0
aH2Z6JuQIUw
63NbaZZATD0
yQ_oZx-auuo
2rlr1BPlXak
plzBaNaCIv4
PrDbvSSbxk8
WNKNFAJ6Ltk
MgxFg2eZwXw
OCmWaYu8sF0
-RDH3W2flmM
_t_5fgTMsqI
UDCn8qVV0y0
UIs18FjVgsc
BNjjWUD29PY
BTrKSnkvpVU
a12yniZVGLQ
CEiXGrqoFMs
dS43O27EhDc
Hbkc1EIQWNQ
enJL68owfDw
BoDVstWmczw
KwxRn2pw3d0
cNRYdW_hr5s
2NMrqGHr5zE
DvXJoCiP6hM
wyvDIQN1o5o
0XIvZLIZhxM
b29IkZl4UfY
kcaBXLA586E
oUeK05dFFVM
GSYNnt7ereM
Fcb9sDyfaIQ
iNMYKvY8cOE
5VG9ulij4h8
qL4qqkCZTac
59vpjOqzN7U
Zy12_QqKdg8
bCQnK4OpDD0
aiPNeg8v8fo
cITBCCP0ZZ8
zVJFIRW0oB4
jQ-f1X70OC0
LifOZPBgGJQ
K1zVAfE0YdA
uQo-Umz-rJY
LAVDikbCsPM
RWECN_H5EwE
MvaRA9pRzFw
XQxBWe29pyU
r6OZo_KRoDk
sB7NN0sg2sQ
K2658IoJVxQ
aSwI0s0k3dk
tIm1mEw4Iio
ert_qPXQGQA
LN_8KIpmZXs
AzzuqJBHDXo
ZcdKMJVkfr4
kNVzYpJER7I
ZSplne4yUQc
4T6YCUKOg10
sj92GMVDUzw
P2m6HvUdkFQ
KHIrmH7rtNA
piWbS2bAvTY
hz5BVS7xhpQ
QfuKSeNtPDg
IesFMab49GE
QOwGAp-IfRo
ux0zfRO2EJw
KfPJRCOplqc
WwdEUXOPAVE
zcjhZVaCe3Y
xcpVWIKdVrI
m7aIatuDO6s
f2W1GFjrxVo
6u-NU76JZ2I
tba3CsIxCeQ
YjHvKqe72GY
ZOhNM2Y2Auc
N0AjGEXjcP4
hWJHnA3kKus
NzfG_25NP08
2t9I8AUH4iY
AWfykGrJkPQ
5NsiqUtzWec
EdAoG55bwuk
o3EPCBlOZu4
QBokfBwYJo0
W6_RyE6XZiw
6BE0i7D2WLQ
cHrbdugU2g0
QbkA1e_uj_E
nxekyMnOuUI
dyLHjbno2OA
dorZmt3SOKw
za_h-FH49LA
Cj-VV3Wf17g
xRJozTP8xYQ
hYEEBpHJMAQ
UJxCqHoUAT8
1VBYsEGpLDI
ipBqWYUwAjA
ebyjv5Al2fo
QPd1PjobJr4
5pJNxg81JnI
zjPjZf71xeI
qzv6MugP1IE
fGYZopIMguM
Hcdgz7lMcSg
lJo6o_2jhvU
l-6VgkwLdWs
GClNByaMHtw
7YlUsEWUQbA
d623WoQwBPA
ahBIeVSqnTc
agzsFSYNTTg
I-7ku08ryvw
8MRyVp-7Hys
jhiAEAjqJxI
8XUKixfDHCM
Yp4knbghFpo
dp1WYSFVWb4
VpEQaa6jzUU
i5vI-a2LoJk
I_XF436QWMg
VFd60aZf7l4
NRoUU1pWMZY
RQrn1p0K4wQ
rVVTLBGPqrM
v2oPKSARcw4
UqI4R3vL_no
Vuh0faSajAo
xrcrGWQsYWg
S6zXbV38oIA
2fednIJs7aI
TQfcz3vvA88
MWcaxhyntqU
fcDXvIb8A58
YdiWzZMNc_Q
cOxDyfcF9Ws
BhRefX3kC_o
--nTqj86FlI
rAnOwRlH_3I
dd9rDrl3hdc
n6o02MQzM5M
T8h7f0tyakE
A4b3Nkyf4XY
_rt8v9Qr0ZA
ViA3SEtEo8M
E-8qS2gbNiA
Bi8psF1W4Fo
v-1lAfj_xQg
Fb6eXELXs7o
Mi92OnIy8XI
gSpDUBZLjrY
q_q9u6oD-64
atuqx5Ubr5o
uXWw0y44xaM
r2YLoxkvpkU
w4Tf6URnltI
oaPUmZpFRUY
FmIASCB4kEM
tIXe0NXKhwE
Tx7dveIbI4Y
rq1dWdxN_wg
zwq5C2qlRRA
WDHZflh4cQA
Pcm7UdRoovQ
6jT5UJnffj4
tPTaubNQpd0
eBvjiQQyZk0
wMR0vuxGn3g
daELiKaRVeg
z1VXmxfsSP8
rOXNnwvueeE
6awYOxEgbjQ
N8M62UvUm60
_P3_1kEMPtE
uPDMYnjIhwE
_mSINusWfj8
ykolyy1l2zA
JkOePkNH2zg
7BBiPqMIe2o
OJjawQ-v5Cc
AcnOociZgbc
_3vLYvQlXUk
WcfggIFXJRk
c5gsd4FbwH8
oRsW0pZ3SHk
eUzGfoj2al4
b25h05qqDzU
3S6OwgYrMDw
Ht8s0cOFmt0
yMB8fe3POYk
jGoYJiEV-SA
6Ge_p9q6bi8
MVDvRQ4tVHQ
21_7AUxmKb0
vzlIXz2LRBs
mWEBQxyxHcQ
ec7J1yIKVdQ
JEwowu6Kg6M
emqGm5-qBKo
UGQAb30ozz4
Rr6CVRhhCY8
L7htadACjt4
W9PwhmyhYLA
N8eyAG6Pyas
zt5H0-W8OcY
41mrmGKA7dY
IlYL-ftNNAQ
JOMA_8pan-Q
go-fq0SvErY
pn-rLxADCws
dQcMhOd9IWk
lyGzUv2iPFg
v-ePi2EqYIA
Wz6zMph7CbM
Oawl5sjv8ZI
NyfCGTAcDdQ
J1qYnL10j8o
txKfWT4YERM
CRoBFqQ2QIA
bESYRXt58rI
y2wto-atbVU
mmwhCi9CFeQ
Eko8g4Aub_4
lXt5ggKPetc
IknZ6MSZSpM
VeNx07qEElw
PNtPUu3ia24
wPfaYOM7lyc
UJbFpkLygD0
Hw3tk_Yl9eA
X4QuAQ80k8o
gc3Wlwb5P14
R3JynXd_7lA
Dr2FpTBXuBA
XQ6uFPBnrM8
BOJst_DuZrA
KoIsLtwuDQ0
ZGI_ZyS7AcA
KETcVH64KKg
nzsSEUTnmeo
yZ48ZJkkoGQ
Iqr8bGyZB3o
YOZUbDju5ig
IXnIs8NsE8w
SllfE0e8uys
wZmx1BHWxWE
CYnLOCelzjw
aY3w-LbIUT4
0eEeYSo_bV8
yxOuUBF41Y8
JbsIQtB2Vog
EZ0AI7Rd0SY
6sx7wLIoPks
t63XODlIjAI
MAVI-ny3OE0
ldQSXHlUJmM
lDXg26gQo94
01j6mURqx1U
nQlYcmNpEJQ
Vv0O7fW0Res
u_6yF-S8sNk
oP6Oz5v_5Tc
R6Sf2Ja4dJc
KCFHlETiaJ8
cM57pDUDQTA
impOcrAeIh8
p0CfoQQoe-M
rI_c5C_QzUA
65j5pLVUlSQ
8Qgltb9zlgY
PjNKpS9XaCw
MdtkbvpkvBo
klQvlZQTfrI
2BmLRXgtNOU
rJSDgvWQSYI
65lERO7SbkQ
Cz1TEAXOaaI
jfDdcWcRI_Q
BsskJ7UiFfc
FYyUn9k13rA
Lpow8SFe98Q
10Bsnnbw6Gs
zptcdXktvjQ
MkkjJRr2ITs
78jPeGawQGM
4BqHStyuO4g
Yh3fez9CyXg
ETfI-FsNQ9A
W8EQyYrNOws
LUXgwi84jY8
nbEZtb1vpKU
GN4-hLDVggw
Z8ylFu2-_zg
xPl6grKAcLo
OQ5ltzzIGu4
QhmdY12fz_0
iaPV1hDyqcA
LVRtxV1QKkw
2UN260B34kY
veUvUyRgARI
wC5Cne0oe7o
8lx7oHKFWXg
bPqLIJxrGYg
ORgVouDGvJ4
5MF18NR4OdA
HPr0-_M7l7k
VlK4hdk4I2M
HPr0-_M7l7k
BMQ1NfjPauw
eUrTeqcE0xs
hEjZeniO60o
CZOBTbjfIJQ
ruWtio56bAM
pn6Grw9BjPE
wRv15Uf0JIM
DPn91eRZeE4
uslXXoLAvZc
w8yaaaAZ4r4
hyF5ZmpBxEY
48iisX0K5_0
0qRCnD7NuhE
q6fqrh6uYv8
T1YXWHE6Ce4
ImFKAnWKs-M
AzH-Bu7C6N0
eYUbGPitjx0
yp4LLN_HcW0
pjKjaAfwKu4
9bzS2mKWWdA
6gubMaWgaYg
GfC3HlbgMQk
e6BneVtGafw
3wWfuVPFG6U
nXqJ16Dd-2M
nXLpRm3jkCY
o08cbTK8gkE
WkAcc0DnGZg
6V264kfZUaE
yHK4dqghBgc
U5Mfc8RgTDc
-34eD_uwlAA
BTLN6mjVI9Y
XAC1eHSS3bA
YS7zF2zvXF8
I45Vts6DihU
NJyLArzSLGk
lUzSZtI4-Oo
ON9d2rPq6YY
ClbaWSR9moI
f6y0Y74vlBQ
uhuT03G6n-o
9EHTt43AN7I
4K0adDZpvbc
Xxxi8KmwHLc
cOYJvGsdKQ8
Pb3Rg-RuVP4
q2lN5Ik6kCg
pqzpapX3uIk
qWIiFNZgOtM
J7RTUGiLVho
OAtqRFx2SJA
5NoLUieBwAg
r8xVafIcbPA
kUglSbZxjYE
Leu3bnBps30
iA169k_FcP4
9PnAbB2SQU8
kgW9LdXHWSo
mIN7P4_lfZY
XWMwl3Y32YU
asTf9kzmcqE
sWHCvN6IcV8
NmzTcjN4KGw
60CkEmXSYXw
3J-jTRCutos
I3IPr317TIM
5Ef8Dmvre5A
V6Jp7628MxE
HE0s8PzTR48
Sw31hv_jay4
t2WEkF6BsGU
FrJlqI3ySVg
uCPBTQxsNkM
o8ykBt_uttc
d3yDS0fuRg4
Rp9e4wWrRy8
ufA6VWS_hvg
K9pD7dz5CKg
Mc5Y3g4J5Yg
VibrU3dCS24
aSC5lIab3ok
tigMOY3dh10
cIlL75B_c_o
majbMnltMDQ
_z7VMzjK3Uc
AyhMe54DY_8
VYWwQSNjw0Y
gHnCzVYesrs
x60i92Tbh5g
jjqlI_prjMw
TOeT2Hf2GbQ
qiO_6KREL2U
xddQFEls92w
tRCi6MUuXYQ
I5BqSBHabbg
vVB3IDxBTX4
-8hi2EuUhls
RHK3lRZPoQY
X3Y2sKNcpPY
0_tTLDY7A7I
oesZS6KVTVs
uL1vdcwv3xQ
-U7dKBurgn0
h82IOM8UWfc
Q0tVVGSxF4A
31eBV6ZTNDQ
AL78B9AFQcM
pEKexB74aFo
yHyP9caraFI
r3LWtySJXR0
-OcxgTd0riI
eee7h7uVbiY
nEnvyZY4Yb8
UOA03_Yt7Pg
GO_ZpV-aNzQ
U0cCbuLr4OU
XlXCU-E4Gh8
qN_0bM3jL6U
xFXhXLi4Kr0
NMccoiAnSx0
5rXJXPmtEEM
hHCIAPeF7hM
33saAJ1kzQI
me94_ftCNhY
TAO4YsUaIn8
U2B-Lyq-fIo
V73Ksq57uoI
1CSy5SrqW3I
v1XB8WxzMrA
VYPK7YXausE
zcK1kn6gdYU
7WEd34oW9BI
0EYgdfc5cns
raod1KQf5Ws
Tqzrf3Qe8Cw
vHJeYkXZlmo
opOQrwhTJ7Y
zQmixavVhpQ
fJ1NCW5eDNs
lDVd4ZdM4RA
MmYCD4RxrQE
YJhjP1QgF4E
iptqGc5U8T4
s3UWDTJjnB0
PBXw-KPwWH4
BVS846HDtbM
tiv5_Fz6o8U
KLbwElKdrrI
H8nAcsWDuaU
7vyrhOuf6kY
VW612zGj3QI
AKu2hDM4uCI
_9UWvNjM_JI
CchgeDFaGCk
3byDpaACVqI
Jd0B-sORKuQ
IuEacxPb-5w
hZZmMrFQzVs
jDStPSRBWY4
KSwdlTpA9CQ
-BZthxjJ0y8
37uasDXW27I
VCz2oKqFiwk
UKcUMsLR3XA
pvWasDubtsA
Pf7ZpDoLo_w
YY-LHg5dPD8
qiU9B4dlzKA
c8SSjDKG0BI
YnI8dLuG5b8
ITLUjWZtbQ8
_tpASfMMtmg
pC8UHb0yBDU
bp7g-OmPxjE
jGw6DNHIEZo
GyKaetmJM1E
UHr20ZkR4PM
u_nsW6WqyJk
VLp3kXh2g6k
yGTWGB7bm2U
9C-L8Q5UB9c
GO2KD_H-SZg
KhGdk7jQ7H8
Y5tGzDSiSRo
mKerB3-8ev8
qOtS2ZsA2QA
c-GQ_qWSvBc
0RlALlveWwM
FllzEkANGwg
A4mZgTYT1oI
ec8uBvjvwa0
BRFbtWvY6MM
Ppr_X53ENDE
s0BIG7iVoPQ
76jt0cJRcY0
0HPt4K9SpVk
64tbe5_VvIE
lLt_cEWLlyI
m0X_g2I7iEI
T03Jydkk4LA
yxaIJ4n1HTI
pUblIF0U3mA
S93BohYCUNI
UxxIPFARhKI
r-EvDNbPKuY
rEVL-RTBnf4
bV8maSckaLg
LjNGVNV0JZQ
oYKWjWJ2cIM
67ftQYIwONs
_CINnO1Ying
2jjjX-dOBAc
u9VQRPDGP5U
klYi6uwXwW8
-4xV5Kir3uU
m8TNujZqTDc
HMp6z0VCHik
41KlsCNhI0Q
vmqpcldlY7g
lEi830N2ejM
0OSuQ1N6waM
X4Y9hGDn8ao
jetMcD9h1cg
eS8oR8xXZsQ
ufD6zi-abso
8pmXnZAQIsU
BFf3tGYvwcY
GJwxa4rxjxM
phjyWx1Xaow
V2zN5tNUWwk
fGyaZuQIL9E
bU_N4SLkRh0
dPsr1hU_YAA
-HCxG13ESyw
R_lXLn99xoM
dPT4bUZUNKk
94NZgTa_WgM
AvwHEAknTyQ
4c7AWS4Bc-M
HZ5svLD-PgA
t6pVsA6hdYs
R9DOXDqMsk8
UbaPvBvDXD0
L2DU7CCuExM
scq_bO-1kXw
_nQlSL2mi1k
NqyAlx1DSNU
EAFolpO8C6c
UiMvBKiP3SA
8roblU_UchA
LP-4-08iDPw
DY8ZzlVKSVw
XDC-AAU0hAo
NAKjXcIhpnA
MmOK37wcVbc
fQ20iU-Xjs0
AjagH8Jwj0M
FyeHE6y7D-0
LapcJ10ByW8
QDUQc5D9Z4k
SioJ_WvKoX4
ABbNlvvuwpA
Zm1o251pHeU
XmI3zwns-yk
-sFQFdzg6js
2NjkCfjU-FY
TYxDd6e5eLw
1khxS-NsS5U
lY7VwohOwtM
ykTV7B6cs8w
3a5JBxZICas
7majYbgpEJY
oLLXzlX-u8g
7i1AsVnglAM
aha_icut37M
tgiSmeCr1hg
PGH-dmedk3w
r_jShgtpzFU
CZMtTxFph0U
UPjamUre57s
VQNiRgfngCw
3pd_Xsv2bXc
RYkV82UmYb0
lsmEDpoUMUc
zB3Vde36kDk
z44Mq7mXoCE
960nLgllGKk
2kuHu0EcRlA
IkAHqydTGZM
kgALC3SFU74
uq2_6J2Qi-A
_AGOnEeNN9Y
sSwyJt9VisM
wYgJ3Iwv8Mo
HmXH7mkbaJM
u0hjKnxG8FU
PGVwRH5Qycw
j-rTUjLOygs
lnThcFLflHM
V2YY_xNTM1g
rcnQMTqLouY
6gA_Rc-cBBI
6FK8Ug7sAZo
JRrk-FEahXc
GOTuropjMXg
OQg_Ubdx2ZE
1HjjAXOxmC8
WeQP43grtGM
7wIYTdbsXM8
UvapFHg-i9I
JUe23CF6WMM
0rXHf3BcZh4
RaKqHgpT4L8
LdgxOvmxA0g
jqoy3fobxw8
TXpRhsnBzq4
wTT8jJXVc6o
88LSLIKSeqY
1odnxaoq6Xw
YTw82jsckvQ
JO4lMOrREnM
SD7bSxFZGUc
DADjwjcCZhY
SqVhuPWlEfw
506TovVbeHo
mZ85epB8sCs
eYncWzZlv4A
xwccFv_4Kzk
XDJ9w-iV4jo
Y1zjDSUjsRQ
qV2yC-SjD5s
fuxsCN1W8FU
U8l2EYahvWE
g9_6jaVshm8
fnM4uwvLQjw
bq4kAivyVZs
zxm7TtQNHEs
isi0rqm3Wqc
L1NUqKvvUMQ
VKoTULFvdU4
j29VZZyduos
fWLBbyAZG-0
-MpMTzrGAI0
VpOY54dNbk4
8kUb4TOCj_s
hkHS7T9sIYw
i2eDl_cK6vw
d3IvWQLE0No
3AHMMA5DXUA
OohEz2nlFM8
FtooPzemxfQ
TUDCEd091Us
nIAVmuPgZ5s
xCmCgJiUAYU
n-oOxyGlzec
DJQ7PIk3VWo
0BVVW2clM1o
PNQ-ZAHZFGU
b5aH0_R--Kg
Px3YSgCOpOQ
H6I0_5TnD5E
iiTXzBjHFYo
NImbqAFs_0w
lmyjlAPwM4I
S9w8P5owUAo
26FXSP7p3s8
NLJ52pJN7PY
qMQ8Dwd6cHE
FxbQK_aEgio
Ql3xp_gAeuU
Mn272wel_j4
3KeVlU5pJRY
0hrEfPC9hvo
oGNM3J728Jw
2E0rtghgv8o
t2UJGZJ9AgM
5jJpT6Xnn4Q
uVo0HDpyUak
C_KjPowE22I
E9LVWJ0A91Q
bDMS8Wf_0Hk
2OrZhxPxPlE
5ftmmDCdaVE
SCJakHb_TiM
cwRoGun3Ft8
zmjuwYT6pVM
rTNoup8-Tko
dP4lsuVH6vc
ZjE8ObgjHIU
vSVeXaox2Zk
4c0UPeKfjBk
akLhlelGyAQ
K17kslLh_Kk
sVQNGb7v_EI
8mGjB0sOHA4
Kn1fHJrCY6Q
IrPVcPde9E4
30zWLBqLHq8
VjnW3Uk4UrY
bqDksXAWA0s
dPAF-qUodic
KAQQ_jEq8dU
iIUMxyEgxCo
xpMTKVrmjsU
jgP4VVgOEt8
jg1kYKdt610
o8usXKmj6lQ
xnEsWMadnis
INcAGT7Pf88
JVP1N43LzlA
0HnbYx2772U
AE_tKa3AYCA
LXkIa3l0ZQI
patKC4kgwYc
9J2XxKwB4EQ
1rxI7hu69To
_3K0k5v0eLo
s1w8lGnv8x0
r_sWEzKWNxc
FgBb7h3O_UA
d6o4gZxtDcQ
Ktd94tVjHSE
225fC4OUZ3Y
44IQOl0qeyA
_P700DBK0RA
0qvek-ZXTZA
rgm9kmtE0bg
qgRw4M0Fo_M
YYBax2_TKys
wFuJ1fB7Jkc
FmM8NBNUOao
M-ewYCW74Lw
Zf_D6U8vsWY
fa5vi3XRZhc
uNbUD1rcrF8
yr7Cw6HAYWg
NJDgDDln-4g
rIKPU390yfs
agYkFM0f4HI
iGg9c4Pjdfo
usM8MFjwN6c
W66magKPFUc
ZC7hvIsbALs
fUL011b7z2s
2m3BFGEMCTc
_XGLzVMJNKk
KrdaiIg5SVg
xsEDhPQmT74
PcY9cD97wNc
r5KukEnG8lU
nHx0mNjaM7I
FEHqefrPcsk
GdedTIS1MM8
J5MjhGm0Q6Y
kBNL376Xhv0
0XNU7ryBkrY
IiMv07lAOiM
0L1zrqOk78E
2W7ETFIN8zI
XIx6f2pTSog
JBxctZ6_4Pc
2E0d6FmJmfM
E-eF0ZcpnZQ
sJg97U3QQkU
prsSel_ASzk
OBNiZY62OJI
KuTJJZQ5uQY
No_bWGpLU_A
qpv2cHXeVv4
Rj2UWcTSRwU
KazX4fvRWE4
PrW8aVVxRhE
DOxat_cDpo0
QazjSPYy6Cg
kG1AZ8hGU50
B51109gk_9A
pfYaNlEQg0E
SW6pbJY0ciI
q6IT8e1HwsM
gfe4bO8aP0U
VsEbmutg5gU
dfP_id5wD88
PvMkk2I6y7Q
iPF0Gj8WplU
xHGdGBNw_Cc
6GCmP3o26EA
0uU42q1AaW4
NwJSGy3-PDM
X1FZDcmi-mo
2Zts9SKTgbk
pEF-VoMncM4
vVGXEY_sywE
o0vgz7QtTK0
iAIbRjzlWFk
VaYZAAWNPec
2rDjyRUiSlM
jXnsltgXbkE
RlV8bsZ_aGE
gXGHBBLuW1k
icfGLMJ0jWU
IbvHRA951ps
gLY_KFMKWPk
438tkOY7jeI
K6UJJ2DEAQc
6Kxz6nPrmec
vjVIgXAy2OM
MtLGhSksNBI
qmt-_IZCsQw
UfZIEX-_MEk
HDxOv-rRJKw
4W2bmUqJ1rM
ZmgYq3TsxQk
hPfUBzcF7JQ
Oq7xY9tb9tw
0D9JsGR9bkU
CymPOX3pOeQ
3_QTk0pjRXI
x_IJiX71Ze8
OfwRT26M9zE
qQ2mWrcKjqA
o1Ei5rrUPhg
vUAZXr1yT3c
cvCy6ntMa8w
b-Su0dcP2VA
1HsHdkrHvHc
dHB2najb238
yv-pNQxQXAs
HTJWiIaAYdw
CTjH2H3sQfA
uRvleFdOAKE
F3LklzJ7tL8
YGnfhkuwwEQ
zR4UN5dZwTM
Ru45LY5HdDM
Qf3VQLdulhI
WfdVj2y5k5I
paW0cGJ2wOQ
Qa6xZ6XiVU8
o5itd3TK41M
WkKlqwA3QSs
J6wUtdTc1Os
E2h0bltV6Rc
jaldsgk3dgQ
QDNvzch6Ro8
p51XLrQ1lv8
PvXLH2oWKEg
WkkMZTlMS0Y
8TwRJo2UWF8
S_jKGYNw6jw
IH1s3Ei8pJQ
wPlJPOaD9TQ
s10azAkhVqI
0Yf4lKAtAYQ
qkCCd_XP9YY
0Am0hv_LgMk
GW2BSH-Oh2I
cZDHMNTWGWQ
9xl3MCjXlyg
Qg7gWkguKPw
dZ8_WZvIWBM
ygQ-FrnerWk
y7SPAfjcK7I
84xPULKBSh4
bsfdZuMFCkE
02TICxWAXEg
Md-BI8h3B14
ml-Nh39eaYY
JhNWnUWE0Lk
RncBhUje9KY
MSz-CTv4w9o
9E2ueXVqHis
AgiipZE6Gh4
UDt05b6ZspI
tl1eMGG6sf0
Cm-ZpCH5fEM
0KNchZlt8Z8
_0p8xCJWqTI
oaBzz9FRmNU
Z9cLP8sgjXQ
JVoGS-8cKlo
vgnfMSRSHu4
BOkojzttVIc
TH2-RVJGQ_8
j_qJiid6l1k
uCH0xqESQdQ
InEn8Wg-nKU
o_9ZN-dXrIw
ncosvRvLIg0
Z0Sxklpx-WE
m0LC_GIn9hE
7S5_wDejk30
GcsJaZhwhKI
yiuuA_sitWs
z8J_w2ap2O4
3l8dODIzZEk
w2Fe5SwAHlA
Lx78C3q6j6M
b7Psb4cdroY
RAt6k7AaNjU
s204pd8u4S8
oIrViTwMFvQ
oF1QpcOqzrc
Uc9lVnwkuik
bE8LikYCvfo
ybwiVfLanKU
HncPU3mqDnI
NxQCJXWXEX0
ja0oD_seXCM
ueBVjWwbUbY
O7hFVLrlLBs
e8-_AOfTgDM
xG3GNpMuARk
3En3iyHS2h0
A9nni8RJiSU
-MIYYbMgdCg
CY5GCC9wExc
HAIQ2nQSBcE
TSEfAXtiCI8
9BjGGOGPGwk
0MI5mSB7Plg
ganJ8K1uv_8
Bc0EEzlj_GY
1vHOI6qSVAs
wVqSTgc6mEM
JBTHzI1IOU8
pkKPbBpC-Gg
3kuXfTTONZY
tQYX8aQRxcc
E-0KPoOPjYk
wby-Pzw32Gs
jaKPO_463_E
Vs_EEZ3p9Dw
RtNiDfR6KKY
7Td8kT5RcYc
zWbg7k4xpfY
sY7czi3_Prc
qD8smIZ2xso
Ns3ZFkeZCcU
QCoQH9ihYCI
iF-nhyBt76w
6BhT-MmquMA
8rEdtkQ5s1s
y3CYcPoIo0U
ucHlcKyY2GE
Tz65Lvpps3I
ZuLbuOKze7w
LuO2gyb4FG8
wtpkriLSjD0
tMHDCrAZB-g
4tVOeeYPe1Y
dz1Yl2Lw_8s
rpiP49HV7fk
vA10av4hOFs
wTfsvywAsF0
vSc73Nk2-SU
e5ZBYJG5qpg
REc-PsNlvGs
uZLGIdVLZmw
D5MVDKoyhe4
MzC4EQqtC_k
yx_RoGM5fxg
rWDKtZdQA-I
cOzVbcacCLE
8V3umnyUUyc
mOvSuvqdZRw
IWnm-2lgZw4
9wRXmuXs9Wk
QsKn7Z9PfrU
5XFfH34mZm0
rmHRBLgI16U
Qt6CXPmlXb8
Ztags2QS7FE
WNjoR23P6Js
ayPWkXyvZ48
r9ukGFAi57k
67S_F8MYqvs
4pkwQoOepa4
NjxwMKBhhPU
wc3CM95BuO8
I5htvLR20pg
HTGj0GJcNwc
fOdzbKkeAhg
XAZDrapor6E
nM5tmTHNebc
0aEVWoyUnmY
tDFiluNvmRI
TVP2py1R_ss
hLeDcYa79Zc
1VLhKcClZ44
8kwCS8SDCvk
Hhh5eRw5P4w
XsxL0fPpu6c
jlyj9hgdbrQ
H0VCjNMdU8g
Z9sRl2T5yTY
ZVRHJrjeRlw
NQRg1A3iUhA
NQRg1A3iUhA
tbIyB_SXtFY
1Ythk47vKvI
3V2T2xofeEM
SZ4R1SvD1EM
fjeZORbBVzA
m8xX24i318A
lBNh_Pk2Dyc
iHbcw7OiK9s
Ou4qbC-coTU
2HgQTej6ZV8
ZvlimlsrwSQ
cql9pZDELjA
FDWXIuo156Y
tDPU6j5dYi8
PCzyiSQeNYk
1YaLWKB3vgI
2rMLg_b0IHg
XFV8C97i6wA
ZdfO5j7g9bw
L15QuMLl2Zs
Msxd1vkxkRs
q49v--rMVfs
TDkIKeINPZE
EbIaBt4immk
UB_hqGV5bxg
WtsOOLDZdrU
xyk6MkM3fIg
WwTQ0jKM-PM
d5vmzW_m-6w
lUNildntYPE
kx8UVgAFJt4
20HqfyMyKCs
8K6vW9jDLdk
2cJAnLVlcXI
6kw06uOx-78
ogCBnEoPoVk
UhZJEAF4ynU
Rro8mrXhwEM
ah8PufxbfBs
5-LlMXMIkAQ
AI8WVyykTto
Vq0ardyCsXs
ReQ6VwFUV_Q
jrVAxDG67nM
yeMsJHWEDP8
hO4d9IthKjY
11RS30vLEwU
hotl8ffy3k4
zE0MiJeCzN0
qo_bOR_dg9c
O8OqPif7eGc
FbHv1HKjc-M
0GDKDTsjghM
IaOJe4HXs6I
icAtQkw-DYU
Hb0nF2oXd2c
o0nhctGrjSI
BlfwMimo63A
ww9CzEmrNME
BP5oYKRBc-4
ZDtiXsk9cpQ
HO440ryVMTM
9VthwVnpet0
LcRT6yXsi4g
_G7zH00LiwI
XlfEVrQepwg
xoT3grwsk04
CQO1XSHBIs4
64nKspwoMws
DTvd1AnZ4D8
Z3apzLmhbUM
XUkR9vcJRJ4
ox6GTU5dAao
j8lmm8TIzKQ
yr10ZJmkta0
0OB0wdzogy0
48mo7AvnZvM
gxfW3wLmKqw
YLIAklsRcuo
kWYzlYjufbY
lhPTX_Sg82I
29qGuDiD8Uk
ZevNp8k7yF8
zwOiS_aVv1E
QGJ3NpgXKcE
ai3tNr73NuI
CNGsvqdRdO0
UQiqS8xiGiY
sQuZBHVcZeE
---dGm0DK-0
vJ92Dt6UVas
GcqAYQ_lsvM
FQF34Xyi_ew
lpPY1HrdnxM
29p1gLqPDmg
xIJDWob_O9A
-AD-W5Un_7g
u50suzzMvUc
eEfKXCbi154
qQ_NJ11n0AQ
xF9dawLvO0A
8loGWLNn8Os
mMIaRQI8rEg
olEDx8A-LBE
6d0dI3s--pU
8BDBhemmd8I
0nrNWNbjZGw
r9odSC6uWMo
fKrtHmLVuw8
r0wiEP7XT-s
hit-5AftoT0
0O5gkHxvY10
WLy4Aoasax4
OwRAEMhCHAM
HSHpN02NXtU
Em0HF2CSKEg
cgKr-T3Bx18
-qrZytT1jfY
2ZGKBr7ACQ0
qQp-cKQp5y4
Muu860i2GmE
U2-HOHM-Yt0
Cr2fVJqIYAs
mbjAr4n6zBo
YcMKYQhD8vE
EX9XCFd9P5Q
OiqalS6Qirk
T3XzFdhBdu4
YX7PL59ojJU
FPAc2DC9L-M
V4HYcvPfqjs
cEu_PFUPZ94
1rvuiRZMdh0
drKopmkMPAM
p6TtDWtH1m8
r68mAmg9JXI
eie7lcSIzLk
m0mANfI6c6Y
NoQT8S6tXAA
LKARO3STaX8
Tcc3o50R83M
KyUX81Ng_Kg
30-sJobD4b4
rLgPRWm7vGM
DdhEhaz4cCE
gWZCVb46nRo
PVDXI8BG2Z0
H6oWA66TfqM
wiL-gXhvsmU
06MvYzuoa2s
YCRBZc0ppfw
tt_KC4Ww5mU
f23OLvnwfAM
f1PZdVdVA4A
LShfk37HTJU
VV8Xcv7Z5Eo
LvTbvbhlFts
PiuyAOQ-iEA
knV-X3yn7mQ
JTEA7rb-FEw
t7UQIM4jqoQ
F9fLXkeRun0
AiU5QTJnr00
3IYL-XBzIHg
Zz9sn5HvRL0
_0BerYLLZ0k
yRReFrOEAsc
zQPO7Xme_dU
TDSwnK9wILg
S5SvZm43uLw
wI_zmED9x50
B2e_fksBNRQ
CeqxvNHZ7j0
8NmrdpdBuFU
j75qOXY5nUQ
ZNN3kwIiNAk
_rWg7ahDFmo
nxM5E-RTMbA
xPCEVzXKGWM
QtH-Wz5A1jU
ABYmGHt9cN4
amalV0m6Hu0
2Dp82Ze50HU
m-WOEXVhRXw
FkXKfli47uo
zEmYGU1THt4
AkMrrzwoPTM
o47vUcUCt2w
MdDwn57CbpM
S77-2Gy3tNE
sAvfWkYq0Ik
ty0dPxC_nX4
NbtbD3CcQx0
eYSPwbkH_Gg
ptIELEJRFhg
2x4fd5mTjaA
AeeHnGb6EKE
NHLXtojbnq0
UO_tQZlikG0
NHLXtojbnq0
li7Lrp8748w
8UWd8A2aNBk
uQfpYwRY4Yw
xbAdr6g_zAA
7gAHIPYTGQE
4dbTNBtH3SM
NufizuxBJ9I
owGE4GgczH4
_i4FzTB73yY
5MZdFdN3Q3Y
6VGUatrI7Js
lytCCzh_TvQ
dXN-CviZ0oE
7nPULdnbC1Q
Np7sk5GDv5U
7sIebXTEuuQ
rXszWgrSHNo
BEFfbP-3OBw
hTqfGG2vD8E
JJCuJw0KTBE
_jnMivEZ8gc
U23Akq3zVnQ
O1v8AlAVoIA
w-HVrGlN-dg
uiluVAwk1FM
XSKbgbEcjNs
TrbeuJRPM0o
r49wrnXvuKE
1I0pOzSzKNc
2zqxaWSQzlU
xZpYd2NiRns
G1P6-1NcCF0
EB98nvE2hUU
eG7hI49CjQ0
lvynm4DB3so
bZiOnDVLcn8
DG2vcedI9Dc
iabYDhuqcTY
80z1v8oGjME
Y_UX0vpMAhA
VcPHvddpjdc
najDg5mHEvA
r__H9yM0A-I
17EEEj7dp6M
0ze4AH_5kJw
4ZBml6Y4LTY
xC4h-jlPjMg
ZDOGcpu_AwE
GEjU1ptGMVM
tRe9tvlxvGk
AA-BxaC26Ss
Rg1tEiiE6uE
f7aY35yqbzU
DyNsSVPULCQ
tJkXiZABNTI
kb5heUJr0E0
iBXwoIuo64Q
xTVsquURajs
c7_uYsLrS8I
8gsvaZzRUMk
xlobTvAvK2I
NrcwrhV7T9I
a-JD70C5z1Q
UQCqtho46Gs
KY43Vytro60
M06FIsuxYos
2GqBCg5BKSA
JN8jcufL9XI
4qTjs76B-GE
FUtRnkm1GlY
-N_vtIfZTmM
_y7oTL-X7F8
Zu9h41LfuOk
X9_xbvPiamc
T8u1qozURG8
ePPDWhWElVM
BlvuVgGe264
wCSf0uL4x5E
qjnFZtX_-V4
dt7fYWN63c0
OCRFSrHKYoc
99J2BGro52E
C8LQl2vnHTw
LdKMGI_tIFY
wGID-zvMVIg
mLXN3hMW9Eg
18-j07WST5w
uUcM9nztjm0
6V-bTpisFLw
H-h0Db3P4ic
DapCwtDSSzA
WCKynkvaQVw
U9d2Hk1XZf0
iGj8WYkgYbQ
vIfFVnhWlLA
8c2Ro54Alkk
s_-9UXlkrkU
de27DiDAc_8
dKkZcAaGwos
ZBS9BHDo-90
Xiz9wY4e8Ok
1-zHMmnZ9mk
ROQcLXrUxYE
8YHH-Iq-0ac
gCzTD5QYvMA
ms0ibRtwAx4
q3eXe7gcMU4
E9GqeY5XjWE
-Rc4yFpw_o8
XwdQfc_JhI8
NpuZBbYHZoM
Wb5-0KqOFfs
yPP2MQpJcBE
0VQoWeQoB_k
pa44qmM2EGU
e5dTwFLhDOI
uKzictd3N6U
cwSmRU2Q_To
GjYZJq3Nms0
gxmnaROci3E
xrdBbluExuQ
XPmE2VBpT0I
PI7UJbhlXdc
0hTz14Q052A
Fs5L3G0oFJ4
pAfFQ2ODUnM
yJ0exs32Y2Q
TdkpE2oNco4
rGwhFA3i1_A
ocFRxDFawHA
K8XG1iV9274
zHiJzKVctC4
T8RQK4xYdLU
edlIQSDpQ5s
ksXYo3u7vd0
GEAKSKuTTjo
O2nPgS-EG_I
zmKgKG1sYLM
Y44WrQJKu_E
KJBrBJPdGfM
ShP7aZgW5zs
agAUEXUGCVQ
vsaOueqdnE4
spXAhzZIZEo
NKyueFAtUzw
kvMpnBZp6Rw
Cw7E9GIgFGg
F-F_o1k3_zw
NSRZMIhc3Uw
vJs6RsZ8F9Y
3J-4FhXVJvs
TCN8XVaFC08
rm4lH_kDcP8
jp14apm8OYc
dwViIrpjr4U
IPP15BCyMZ0
evNrnLa69vs
p-EpZJKqvyY
7tIvHu6mdt8
hk8f2E3iuDs
8rcaePabKYM
kD3LEGXclJM
NZcF8jYss5E
6K34Hk0KS34
5NA9AKvJ2S8
5XYMRbc1nR4
FX__nEyYUrQ
yK7W6ou1mQc
yzBtfG8CMDM
IPq1ouNXa2A
-1pYfUdol3I
Mng-osbanJ0
nhaN7VF5K5I
B48EOT38Wq8
ijq3bpAuK8c
I8vjqLw62ms
lRCR727orow
QnDQFivtCd0
VUoqL_Hzias
B3WNlKX3jWY
cj9Tx96tNmI
BFi9KosHYHk
T-hTJJYc_jk
95DU8eNwAEg
tcQ6YQV_aYE
YBQJeZ0ODxM
1DJUOVYdOQ4
SFQ4w4zVPx8
Zm7mewPWh9g
S587ncQR8ps
vBz4rxxOkFo
kiwM0_ugnPk
gg0s89mW-H8
XAfm2d91uZo
_cRlsQ5rJXE
1hAECFXj5Ng
fUOr8_ZACTo
Uc3v75NYrGk
GkRKJ6LrHQo
LE0ssxT17zo
5_fU0XTU3Ns
1G8N2smugEc
hfRSXME_Hr8
V-GJV16W_vo
c4fsiU1FnIk
QS8-nJ6DAx8
2R5YwmF65-c
1WybQkEpL5g
WL3zouLF3gg
HnYbe93-gQ4
3eIQNmP_x5Q
nmScsxfaJiE
lOKJSxFjC-0
s51h5pRREgI
SZ_D2nURB-E
oRLpc54D5Jw
zfjwrnRCTpA
CuSXuk9ZCsY
hIr7AqDLZ0o
1F7wR_-tZqc
3XwgCqrAmr4
maDogJyQg6Q
3-KzjfKORaA
PXv2qRtQlnw
u_dyrTisfI4
1h9SkLl9rKY
HTZJGDYy55Q
hyD-ril9qt4
v-NCMA4TRZM
eqr1TepvzW8
kQS9yJj1_ao
nRB_q-ARt44
CmO52WA3LRE
mwPUaDjotSE
ArMxcVFyaBQ
BIWAHZCEG8w
yxcvC_YDEEY
FMSvM3LA2dg
g6w_njYS2GE
hbxHUrtt2U4
0tvbksumy9A
bRDrvhyJfws
FvD_HHpwXNQ
DPfOcK-HWb0
Ez2bZeediRU
UOiAtAdt1mA
6iyfjl1FMeU
yUP_5QzriM0
5EZY13WB-Kw
YZIkp5WBkGo
sO561FY7gPg
wDBVuAXnqKA
O6D3UrGw-4U
3aZjhEzNUfI
0nQKLItN720
OVJzhjdki6I
AqX7nMOwvxA
--ubwJjbSDc
frMq8SfMXdI
K9gXgh5mt88
xcT9x20rQ10
rxDXsOUlxeg
6qHhkJNK03s
6Mwv8i4OmAU
onqa8XEgkjI
qO0t5lqJRSQ
N9pV8bPup0Y
ez1fXelw94E
NbK3JYJUGcU
I3aJ4BHyvE4
jmKblxUaGJ8
miAWq_xh9Xs
_qbj_zf94UU
jRZ71UiETWo
U74o_seFPTY
wpLOqn00avk
5XXpuUXIy34
m-oS4gwD7l0
cWWuoiHiyBU
6Hb_uHZ2Quw
0_fGzg7GKbs
4BKHQMP9QwQ
4gcgbrXdluc
Ub-HOv-Utlw
fFZUmed52vA
MqbzW0mfiIA
dk40hEdAVnY
0I-JfV2LjfQ
8p3oKVLTDsA
ks6Z3cpFuvE
8PkzNDOoi_k
Y3pJn94fmio
FjvWFvwb5Ys
EOBq2TatJ0M
oGqNVZGKRnQ
C4_2mUk9eW0
WRB6WFZ2vJM
CsTVShVEzWU
wIlyAY7XidQ
gR02_MFpOYY
xvXqRHGpp_g
29VxDOmcGlU
SjUcNQ0z5nI
YRvmUWrqfmA
-qCmtn1P2aU
hCgqLnUFyUg
28oiaWyxBT8
c9YMNIlPRl8
cgP_LY7_NP8
x54Fubg36YM
cAnMUE_7wsQ
pfqaODtWIAM
8lVrKWEGevM
efWlgRXoBrw
s87LQbtTX98
PecEVGStsNw
xQzAFr8YWtc
-SvRJmIZ5JM
5Mk3U6e3YAU
DmE5aWIZQKc
DqmEe-yuUrU
3pRQ3nfC38g
Zr1efQpCm2o
MJDiEEq5OGM
uNWEoML-mDg
Auor1Y3IJb4
hojTdYEj-iI
OhBp4IsKAbY
Pca5vlmOaN4
skKqGKHM5Io
52Tj_6IvXeo
7A8RUrXVGpw
9Abc015i-XU
Urny4oFBbto
OMGH17lBAM8
2wMvCtbCRGM
AK_yjt24Fxs
lKhbH2oGgoI
iVx2Tcx5ijE
H96a01w2KBE
TPESeiwLKOw
tRrYgYIIWgs
KR-HnXbBDiQ
d1FUXhNRDJA
61O5cjQTfco
VMkjSO25iow
twD703Pp850
0IqGKqrxDTk
e4u2Kyse2x4
3jiC0wA1T4M
HJvVwyuY5r8
4muGwXuYsbY
X1NsyFNNOTc
kTZxDalN9iQ
qS-kVg-kwXQ
SnbsBAhsIPA
qg1MhbSqmdI
eYA7bHn399Q
c0VTWRAynIA
0TOScc-bY70
7BmNCziSCR0
l5eGlHUDJPA
j8aTijvQb9E
5sqRWHzA0JU
mCQ9NM9DS4o
B9kW2MeH4Ig
qJzIsDNSWas
bUQlAgheGQM
IAxjL5_8674
tk2hOYUpKVI
UEAoCT0Nxu0
MM-ch7K-rBc
i26xofSbg0k
NYU-f0OT3Nw
ka6nEMPqF0Y
3zgEvBXG-QA
v_NoD0hgZYo
ynqY0-2hZwA
kQ7lcYC3B3g
u-BuzdkeYxo
z50sWtr3qj8
i_X8ZKbpWGI
MrrSrRD8vO8
mL-vH9Kz6Jg
esY5CPHtw-0
Ib8YDyjoEkk
42xKZVyXZso
wtz2OWpAGlg
XUOHAeZMTjw
SjwVTRyL2oo
_3c064j60pI
_U-b_HLiM4I
en7qRMuPa5c
IVZh2sya4-I
UVILVk0novY
n2_haTqPlHc
lnsvOktk2V8
mx1mUVY35FA
ua9QP2r4Egg
rjkvHH1-K0c
TlQ7rxfL15M
3q9H1n_-EKE
8kh-GHMkMHg
UO96a0CnS0g
PFTimvdinQw
gPVk2lYzkvw
uhEWKBvgeKU
X1xsGa7RpFk
CDo-r4S9MvI
isW396ptM0k
0IBZ1PxmOAw
m04YH280l5U
wQiT_lhaN6s
o7vSAGxgMKM
9U2H91JtE5U
57JtQkT7oYE
IA0_Iy6fQeY
NgbH8QdAOZc
oxdPlJ-ftQ8
s2_tEhsdI74
GJOtPBhLnc0
WvWikJQ1TYI
L2feM6g1_MY
4THdX9KOZ_4
3agI9ZYBAos
rin0BtqibtQ
fqbem_C0XTs
FiTYQ7pNO9o
OuGuAJX3yn8
ySiOyno7B-U
S9Nk3SmLHD8
flCoIsXUn6E
sxM52hJgHWI
9T3mKjCmZYw
Ax-cBnGDlnQ
Rcix3fz-go4
5dwAMDD6i5E
Q4HCMsB_KsM
eqayRVT4cu4
neH4bBK8poY
yd9r-phbEZo
I3BulFSJsg8
hGRc0mmXtcU
zQ68GyMKVa8
hxYNZQVtrOY
OUo-Ov56_s0
i_iHMLDZpWM
WIJCnuj2ero
a6dx_HkqvwQ
omFYcy0H-B8
vG3ykaPh6Xs
RQg5kla7JX4
CDIYs2jg0ZE
7VVjZJGQOmw
ospeMuUFgyk
tHqEvSXeM9Y
B13u7ZvQqIw
2Syodaz306s
ST6Zyc2DLaU
y0NRN-VEcqI
bXrZ9QFiJAI
4MCF_OcMnBY
-xhZDzn3UxQ
gEnflycmPEY
A70IxjI86gA
nEdkp7v-QGA
8EYj-VySIMY
cjLrlggtQ-s
Dq6Se8_Nmvs
gYP1mXHjA8Q
lik0VmFfWZI
eMFwTwkXqb0
jHsV2zDfntY
6SiCZnI5tTE
IRjBbcBALq0
3DlzD-1PUkk
5AmGTIU8E1c
1ZhuOPCJinI
C27YW9H331I
pDZo9uNPeXg
Ydy_XBn2w0Q
uUHCrGhH3cQ
VBp-aP-XdhU
2ghC8pKpY58
E6SjjLe8Mm4
-xih_Q8OXpw
7-_kZjdb-IM
GhB1lwqUDOg
FgNaqfGTysU
E5o_1V3pQIw
KKii1WvQ_q8
ZpiWNSPOpnQ
tYBRLtBzTaY
tU-V30D71g8
jplyfkQthTc
Z5UzFKg6Fhg
t0HFmG913qY
2x10Yec0QL8
N5EDS6DGO6c
53sIu0sBHVM
Fu1FyHHD8VU
_HKnOVLpTZQ
jWSUrAXYrTM
n8myxhawodw
_4ItJOB5ZAY
2_p04U63ASE
8p9qebOcl4U
fF0oJ3gJkSU
C9eGz9hXfEI
SWP9Rxd132o
KMNP88hnbBI
dGkwGjl2v24
UEsC30BB8o8
9FOLqqh5ZjA
5qUw3bqIHks
qwP1iaFpRiI
DszM-HtKiyM
4DBKyemlf80
qvTjAuUGRWs
JR1Jrsrmt6c
ApzNyFo_nb8
d98-SXQpcPY
VBi-3wJDQEg
sIVSwPYMpK4
YyFTb7_oTdE
Hd0KCLpsLr8
m16tBDjxbZY
RYLK7MOsg4o
pFwL4FChEJc
8h12kWsATyE
r2bPaJ40WK8
mDqM-xWUqAY
nQb52-rxJN0
5UjIqwf9fyk
jRSK2d7iosk
xlX7sN_0VME
VjN6F2tgwv4
QSXGpDaPciM
3wgYmWVE4mE
QxqEzyY-S6c
dNgo0dWJLBs
Oy9qRAMCjI0
3zoqiMwk0kw
_ATemRv60-Y
ZJOdfGUz3M4
I_QgzC8d0Jg
G0GYzwspK50
TVRoIueqAIs
kQGbtzTSvXA
g2VJZdgN62Y
DiUvfa-8jp4
ilnYSkrBbl8
0oAJKTUhb50
HcHuDTrSUkE
kl8gQtzDNfc
d9U1tQXW7Xo
BjNw4DY8PBY
gZdRwiWUnKg
8F4or8LPmOY
ojssn_vS9Zs
S7Zo9yYP0bg
s4AHQPOIpIU
p1GVRz07lvw
92VdutXIcEw
_lZ_uz4aBVI
Kf4APw0ZNj0
_j7qrpzPyMo
Ywb_jvgmQl0
fS7CxXGnJS8
hPs05RYUKRM
zhtf7ivQs28
iqAM5K_yXPY
lWDKFwMk0-Q
4c-eD2z51Ik
lDGjmidKoDU
edZFNKlYWDI
Sef5wjkogG4
S9dN1WnFisM
j0LvqZUSsUs
FfSudj2LDts
lAL8H386rJc
zgvOtrBbYE0
Tpy_kskeCWI
UwyB3rsKYeQ
bYNm5UQCuYE
28yAyZDbi3Q
QIVB-Jsh3tM
pG40rYJpAe4
lP3xIAQiWYk
EUFqLmhR6yE
h6uHPvgTwyg
1Efodf-NQQY
Uwvb8Ex1mwM
BzjNcFSRZYE
1UO04y9Ac3I
is7ry8FqbBc
zsUvB-0-lzA
9zhq08BRmLU
qom5nI_-tzo
AIWgx52x2q0
lDa3sN0vI74
JFynFNYMLXQ
kSwUVDGFoBU
Ydz7g7KyTCM
bX0dmcY8YW0
Oo2xc5WqKz4
G_9tosQXv88
Ygi--Mnys24
T6NVOBWNXow
AoHCoKs1usc
u3jNYF92QJE
LH-JZL_CWdg
1tVFTn72s2U
nw_OhN0WXPE
lSg1d7ruHaY
3jZI_oEU_Gg
QONi3ekDIBM
jU8qkruaDMc
G81aw9fCrkA
J9mOb_nn8ZY
E7j3_YgM-lE
fZcMBceFi-Y
WRKZBK48ux8
8b17APvmEQ0
XRaTCCWDCYc
9bSCR5rFABw
Eq2Z8i4Wuyw
QfwfjZVY_QE
XR8zfpUwTrQ
3Qhm7jKaH0o
QsUJmQrMf0o
pzmpfZCyQIw
I3L9jqWUUnk
7WgVITSn5fU
KtZvGgMHwdo
E3UMaTSP9wQ
FoI0mIKN_qI
CaTfJZvm1i8
mtHGmwfPzAs
CfyY3azIR-g
Y7NEChrgjc8
ZEWyvNfezFA
NmAFkdQ1hVI
g2J2acULoXU
eqB7_6At6So
6vIUI7lsIxw
3Ld3UadUShU
n7vKLPvEGZs
P00dlVmnMJ8
oj7nsq48BcQ
u6c5s0nxmcE
L8dTIBNDtrA
MjLuB_Fq2tI
NqfIrU79Wf4
MFcsbhu5_Yg
tqd7pEg4-_U
faQStneHnfg
eI02UX_SBZo
Avx0TBo0oqQ
ksOmYnmFx_A
ouX_SqjND6M
ohBO0tyHGco
iJ_IF8XxuVo
uE7agoSKBoM
64AsdkLKKn4
6A3kHImkK6s
jv4oNvxCY5k
KsYzUNgn4DU
o3LAcbEkE74
E9-mtqAic-w
Pg0Ziwu45k4
kw2JhWOuj-0
WFPn1RstcyU
Qrag8s4ph70
3oFHcUfbYH8
AGc8CXXlHc4
xpw--9CzEHg
QRV4P299PQs
JC_nkR0qlEU
1wdOXQXu7ZI
IY1e8qe-2O8
bbb9r2sLi9Y
3fdt5ZPr570
fd-Tm3Lsj-Q
1jgH9bC_-Bo
nS5YFZlc52k
xN6Xqkb84Tw
bWpsoilsg_I
5TznOr_peuE
0qBoP-DMxgE
PHFxJx2Rk88
QU8li8B-cxA
i6KYOTiG3C4
txr_5L8n4YM
zytB1ihnSN8
AIISexnU6-I
01IplNdWiBk
FpecFERU9wQ
K5v-ND4oA2o
Gyrr3A14qLo
IyFJvZ7IWoU
3l3hMeeVSI0
ndI4lRJ6mHk
JXqI8nEBJ8w
TulDxthZfMs
FVyP9-PXXTI
1vhA52lRCb4
jC1ibC4S9d0
IYG4T1qKg5I
ufwM-xYQMcM
61J1NASfL7E
ufpsxQwPP1Y
elVkANljWpE
oy2YhVEusbk
yQZz1ZK0QaY
qqE2kTyDJNc
TMXhZluHfWg
bfGPohDiNQk
oKts4wlp-lc
7I7bJKQnac0
fiiMKXXv3p4
AVHtk1hg3hQ
9q5427Vzm0E
lUFW_l_HQ1g
Q9ZWyvK5Fqc
LSiN9vMrhtg
mmaLwSr0ARU
D5CanoqC2PU
PTTSWj_UYJw
LICcToZL7Fg
WhwHjlYhhp0
_29XctkE1Rw
vCEU0K0xR5k
vZhP1Digmxo
VuThY813VX8
oJimA6MmyYU
36VQZlddIsQ
JJPSruZVE0c
Zre9ITXsxDY
soTlCJUHBmE
OjU-KccSMDE
PXl9bHsBOps
7qmucHK1CzA
XrrNzH_7kjY
CDvFtpUfp28
YnMC30Vqz6w
vEDEg6Utaec
exrZPkoBR1o
EgZDPydSBlE
zNuC_k9AvBk
oZq6GW5pkc0
ldKjknn88XU
5kfkd50Pxqk
EMDCpKRCScI
z4IerYogJcs
Pk1OYw1FQYg
6G3g_4S_W-s
aOBd3ocU0lE
L3-6ejait08
wUN57ue7hDw
OxBt8oeugyw
OCypAqMv5us
_gxWBqpOUkI
5vzOMhz8loA
4V8el-1bKow
7c_j1DPF7RA
Q-TSwj81-Uk
QSnGsy2wwkc
uhw7WUrU66s
y_JH9RdAQ5c
HWnPWobbs8E
pzfp8xE7Ktw
PTub4dViSZw
XzNmcyic74A
to4U-09zkAw
g_JMmf0VgOw
H_buIVOEU-w
ngUCOTHHF2U
ipKVp48_ivM
Svlp3EXS_Ho
rj7bYumWABo
dEIbn_BdOEM
QrMJc7xcA_I
Q_6_0yWpd8g
Jbo1ZpJBcVE
xa0jIZAOhrE
r_-hl3qXr94
LxlUILGg5K8
ks_NZ9LP-1s
Tl3ckCMgq7s
HZpBalUZGz0
QLUgadZJ9NE
5yrEKQKhGTQ
WJdAMCBuqXI
bu6gbmoMQSE
h2nxOmkRMwk
sfhhgayH5yA
vVlGa5VaGuU
tFpvgQKpAGA
MrCdK50mShU
GhoAmju5svM
-jw0t7snTjA
CLL7nmxeCxc
khB0o9RlRzI
ADo1ZV-GNcU
x8Ly0skxUDs
6_y_EcpiS7I
t4z4YsV1rvg
F2Ovgc1BEmg
mJjsoVbMxEs
Xvca1z9pSzE
ka0ag907RrY
wNvyfsVfmu8
0Xse_2zC6wQ
V-P4gHsGKQw
-j_HR71wv6A
s0oc24GPpas
Z4th92-J32Q
CYIteNWlUEU
QxGU5yEQJZU
wszjDF0w4AI
pWUFemCbkTo
3CM-F9nS2yo
tuh23KjyFOc
Y66WC3jP008
LwCLw1lmOc0
5Rg1pcf502Q
l6j3sqQGAG8
-ilvHNQ8zrs
HG1noHXNo2o
m4OmTdeFUok
HCMjgEtNpp0
hia85Noucv0
e1I_HHL1CD8
1v8lcyj-h-k
W10r9ln6Ncc
juNtuPEFzqc
t7rq5y_138w
98Y--_2bcmE
iwiRB8PEgY4
Dl4wFk0Y1WI
tkzCrhL0bso
doIMrPRFtEw
UJEwrFar8pQ
2l0JIH6Tf2Y
NhaVNDGdIEQ
2Hl6tyn17_0
GTaVypLdSMc
y-Vrm8qDkHk
USEnHGAM6LM
4TbZPdYq5Hk
YBNDSHUU0CE
3MXz8QdYYus
EcsxrlEZqlQ
9oXRMUwhYVQ
xu0_k7pu5Qg
zui4SIKvrd0
2o4Io8xIi2c
dPSngqR2PGc
1xeQgluvltM
Hyv39DxQlFM
4to5Z8FEX9k
UQTviKM9Mx0
nPb5ujwTcAQ
1RGDOzhcRjY
4i3I-iDbbrI
al453a8rLy8
nPqQTa2myus
euBmQItosF8
Ib1cdk_y3yQ
7-prmXWtI4w
d2ZNJMahEb8
CJvm5jvr4qg
dkhXVyuvxS4
DVW11a2tkgU
m3vNDTkYJlQ
HkImYzQgb5Q
i27xrTmYb7g
ymxH9uVq8-g
U4vT2y5nHRQ
K8uQWXKj6Oo
4y1GKJ7WWYw
GdzEdH3EYwo
j_FyuU9JvlI
kNt4dXHhv-w
5mDI3K9mZ9o
SeBXTrB2J8o
kf9phc4icMs
jRKXa59PdEk
WHz75dhQXmI
vf0abhzWb3k
AekgQuQ8uTM
rG65hBeitxs
Ez1vcZIfaL8
Ys-9dqmEnP8
uo0eS-XT9e4
hvovBexhh4U
16wr2CKPywc
4ebm4dHCEvI
4njdPIANQqw
TEr1NeYne_0
x6BcVsvBFq4
4z7l83oIudE
pWoQp2RebYk
DrbeTZe_2vY
VM8R2Zp1FTs
9cbbyPc1h1g
nMZPKAzLu2I
0pWmkRZtAGg
r5OrbvTDgw4
NtDfpTWpYvw
xfmp4eKw85Y
Ie_ToUdrS7I
0T3sEqN83oI
z1AB2V2TJUk
QP2ob3LFe_A
Pur4ow61QC4
65gY5PRuT_E
jm-EoegeJTc
_vmMCsqRnXc
mwKQHc28Nko
1RLjjTKWqNE
4DGEXU3bvQg
JO58NPRCBgw
IYcpqTE8cu8
ftobsXCGy_Q
YsGrKzKdjjo
uFgILT9CmUY
ESQbSD7NlWY
VlvS7vj-xa4
aE2qvzVcO78
Tat1RTlzK1o
WHv21YvL-PI
cnSKTOtZPIc
zEWL2b9oXXc
QMaa7QnCufU
JqTg_gYS0dU
Pi7DdZn9KNE
9rP1cTqDtTM
WnJSZt-HBEU
tVctu_1Zjco
GPZ6oa6ASDg
W89XGBtTjQY
Bpka_ILKIbc
dKfdPw1bR-A
xMh0-ASMgbI
vd_jyTZXQRk
cMea38gw9Jo
CjC2p-xXZY0
s968nO4tZvo
IKi9wkoyjus
Y2DGIgPll2I
fIzSWUJImyc
QoRPuOc1ku8
TFi3ShkyBKM
vQY9Tj8YCSw
MN5aMxqZ55w
PlWgT3GedV4
KwbRnBw1lD4
9aidTXPSyNM
eyJGARvREgk
2zYK0KsiW7Y
loFL5gT_m8I
aIEKfN9vz1k
sM2cx6bES_4
kEI14ryhG9c
pw7jJ5AVfdw
KnugcAXdgRE
Kogh_iSTBqs
H7JdHblbfFE
G_3DVeI0_Vc
5KfJOEGs6ZI
Skyu-Qcp-xY
YG-UpRrMOfU
d-SkC5BzMkw
M8YLQMuqLdo
24Hu6OcmDeg
qzW8yOPF3hY
JFDnv_W9FoM
jIJ9tdPhy_8
It69Mmihdl4
K0SxiCBq7l4
iuxZcucb4hU
HCu5iJQDr8g
T4LeLQvABN4
Cm0OPENZVAI
fwYhrTBqVck
wgTZzKZoYfw
Z1Q4cY8dV6w
my2jEOcJQ7Q
pr0ENhcbL1Y
RUI9uhoSZyA
B-6NAO128Jo
5b7SD23MgMo
E3xAyLl64H8
xSUKWOwtpXs
L0Z8xqfGYG8
USXXXLWag9I
G1gOQRgzhBI
Ka4OVN9BbD8
lFlZGXBNErI
gQboOlnsEWY
KX0Db8L6Jso
XNhubGGubns
C55HKEtJChI
gcnttwXNInk
NethRULYorA
Vcpep877u3M
KxAN_1UazCA
xXZ3jXdEVNI
Ab_bIRbOmns
uQ5Rwd_XfJY
xEPOBZTUM1A
tY9QJgQTxnE
AS27rra4iCE
vXv7boN4D4M
gBBPJq8qtD8
Al4WTIHdsgE
DsgTeD34jQY
nC694cxW9Lc
Ec19x8m_AKo
sD4hoVHck2Y
9QkevhTBmSA
taFM1rRDNGk
LZxKXW6WN14
k4oeGXyiJKs
-zAAgSRBmMI
tDomvYKDCP0
XbtjcJsgfuA
jDLlt68DGdU
Kb0g3VFfm3M
_gwMXTpCGyU
kzYcQY51AHU
Mj9vfmh63mI
-_LXH_-2B-U
2qz7dysrSFw
G1TUtnAmShs
HdfmZUOrGCk
q2EVg5QLCEU
y8p2uRs1sLQ
h4RwRKe3NaU
34F-yMYvEIY
1cH1jS6wbHk
4ezv-Hn7YtE
jBoGagX2vD0
2I6t1tIw468
LOG8Lk4wiVA
FV_CG_JbhPc
wEfvnMG6ygs
jsF7auJz8to
ZMBSBgzxil0
HSEtI1x-zCM
CmpwdrV-lCM
3KWyBlzJhtg
EG2DVAdKXhA
uHZj1eGUbio
j5mLI8yDD8k
2GwSltHS_vc
kFRR_M8mNkI
wwHgJK8um5Y
OmCBju1H6yo
uOtytfSGFgE
bOeLBb_hTqg
7KqAYoDCc_g
HdFKpKV9ffo
XCjgL_N5TqI
ETdfaLnlFtU
tZgPcr1DmH0
XU8gFNQtodI
X5dp4WhBeg4
y3xSvNOTji8
xnEP9oJAjsI
DCRIRIXF_Ig
_0hNDDCdhwE
KXUcwZi9vRo
NL-QQ_O9Ojw
M0ueaM7rMOU
kwiG5Ds355U
9IuSYBC_rao
LowvjUkv45g
SWwo09S5a4w
SRIcbEEs9fQ
jL-li8ZJGFo
QW3tV4C8IGM
4KsKeIEDokI
M6Ds_f4p5ZA
0FsL-rVkIXY
q22IvVMGsJY
lxkFQSY66oQ
FF49qgUnLNY
SB1C6hFk_Do
jLMiZp-vg3w
hE68wf2Qimg
jQnc6hwFXtU
XAxZtcWgSUY
4ITylREju9c
gAtxphfwEuE
pQ1KFCpnGCs
6NbdUvdaqWE
6NbdUvdaqWE
9wNWv1sfn88
9AP1OKAO4YI
2ldnArmOAdQ
qtvhYjXjovM
S06_cgzMF_w
lo5xRPNeiyY
Ypn6SGYIEmo
7mvHUmiei1U
VKX7jngmgbQ
d53l6UwjaBU
pJ4isisfpAo
7IDyZEFDBhU
O0o46pycvhA
otCtIexlWgQ
zk46kCo0HRc
yhcQ6HyVqhQ
2wmIh2f6hTs
ttP4awrzC94
IeZ_u3xcQ70
R7-vP4j0o9s
W7WoYiZ-F1I
J12T7U8GkWQ
vEQ680Krgmc
JDy_r7QeHPw
LCiggcJKHjs
9YjmUG6nRrw
r3ymC7Ytvag
0PCLHxvbf9I
6omWCGWnp8w
1Q-Vrx22sYk
_lJNIBXMz0A
OXmuofZcWn8
FHtsBY146Ds
3gv7EYZIOPQ
2iTeK9K-bFs
pu7CdlVAto0
hNqQYWdWNH4
SaCXDfLOJU8
94_i37DxmKI
eaJXTE0GiPI
-5E314BRwCA
Njg-rkSIYB8
af_0Qq4r1Gk
39roTGh0bHc
CS6xBpj6W28
sB-V85kxRfo
pUpB7dFCkqo
Z-OwEre_OZw
vGJmfqiPETA
VqkGgXkCSUo
t2bxVuMIX84
JZgg6WG-0io
BhDVgYq1vLo
-A7j0_OiPKY
zAShnFJR5DE
zhbx3YGxP6E
Mdx1m058MNs
JE0Z04DAmiY
gyVEu9WOsEQ
_YEKFtv5GZ4
RNmw1KIaJKs
MnQCLlcP_fg
X-8pdyTqhh8
j5f1bAeuGHw
3tNNSKnZubI
E5AGNBEGQqE
MSBJtupRCSQ
gcS5ws7utlc
v7RM3gOLXvI
NKv9-KqJGrs
BB1RqvYJl0A
7NnVM_gH82E
0ZvaXQ3Sb9g
HLyYdxntUwU
mROnWV_hOC0
DBJLvhm9Xmg
Dqkvv1dyFAQ
plNt_XaDwWY
xjVny9V1hsU
DU4ETOYjKDE
SqqaAX7aHPw
1jTMzIkWsKs
eU0JTZ_Hy8k
9KByYvZcdqM
4-5XMiCfysE
pt073-6UbMg
qhNjnLb0aLo
At4qGD2dB2E
iL9s1e3PVTE
NvS_KODLgRg
FXS8SL8oSeg
kq0mniWkGgg
i8pwm7GK0BM
qcenQSJFxh0
I2ezF4gomPQ
ZBuQ5NiNLlQ
M-AE6dU41LM
UH8LcxSdkJk
wSTNPspaPTA
sce1Skp9X74
kTO9cnm5uVA
HK5nHPXtd7Y
guxoY_gAFCU
us4EmKlSz8A
ggknsHF0vvA
XSx2TuuoDB0
_3z2j5PvANA
qOAr4hwOys4
yKFzESLbdyU
xAuzBRfCtnY
INRsPQpLl20
ag7JTERqdWg
n91l6OjYiZc
ZQFEodxMZOQ
lKLNIQPOjJk
hayhyUnmHio
1At6SaKumFs
6aBygmdZAfs
9mchiS6Ahi4
SCi-JMQbXLo
gN0_k0gpgFo
9qa2FzWTWl4
Pzmd_eKsHI4
YvPp3yTuejg
ngs-AWy0A-8
0zq-2cKENOc
K7Qjrwgq3Q4
Eld6o9RIgpU
Gdwzh8fuWqs
Lpnk58G9anU
LqInkghsZXk
s9r57idTt6E
sQuSPbzCSqc
T4qmF2R68Jc
IVTjjOlKrZE
0DdY-lACJTI
H81JnHd_22o
MKnnnufSYLo
u5tVCG19sAY
wV79kRfvGYI
ZNMG5rGkpwg
bBnU9XcamOA
1rm4lb1RLPM
lg9IXkyCLSM
8THZoUB4LqU
KoF_rBgcFns
yaJpDCojJ7E
kMwcLgVJXAA
07KnuFvQBNo
__UbFTMn6qY
0KwANIfsgaA
UfCKvnZFXgU
aqHfWqWB8oA
1cQHCHjqVaQ
X6SSz65HwaQ
M3JPSKFWx44
8jcKaxpx9vY
yi8RYlFDWSM
8Oz4n9Jes3M
Bxd4bzHlnsk
tWvYbcEhSbA
AAnklG-t4_Q
k5G0IzG8_yo
QMgQlnxH9WQ
huMeUG-PBu8
V3o8LFP7L7s
9xdbZXO_OhM
RGWKGOI_Y-Y
saRcwdCqblw
PuH3Ugi9HIg
KfmwatnfeNE
fZvd2xPDa1Y
yhj0IIJz0nY
0HZnDT7FW8A
iDU6NLFF1XI
EueJN3HcJX8
5ebiZIB7P_g
N75DP2LcPYY
NwdJj8InkNc
J9TFvh6Xps4
cxGpGTfsteI
7BMrLE4hyxw
wgOp3unpLzA
mo95kMM5mBw
QQdBhUDj40o
-pa6S-QIU7I
FJhAZ4dtYSM
H7d_BJ1HvSY
lvCnXlBkGBE
NOuxeavaZcE
wzHPtPZrUfA
5AeU5vaInF4
Wggq0k575K0
dXORnZyX1G0
bkfgWJYz-Us
DJmKU4AQsPU
PI5mOlAv30U
FmSA1ZUhcX0
UCuumT6iFMg
7Sg0u3dRCHI
Rb8mFpFUT-8
JpWQFdBgchE
HSSkeb6qdCI
KbR1xkpwVHw
ntVUUtSA6KI
YwBBuj16zDk
chvI8bdjaGc
R71IOD5wbtY
rwo6IS1mLLE
tUq4m380Ilk
r4ffSQDwbYA
M1g5I7VWXWo
odBZBonbt7k
BsjgQeT1lyQ
bY2FqTS9j8o
A675Ii9N4h8
9T64_2rAkCU
lq3zf3pBiMo
aR0yT5aDLrY
5HylFkGD38A
wbMmmrEGDJg
fdxNYeRlu9M
Jc0ifEZkpEA
dbu0HPnM948
LzkkkNeHdC4
4Jl9wRJx-Ek
LeydnebuwzY
uviVCL3KGZQ
SE_0K4aSNo4
cA8l3nU4Kc0
K76Zdb9SV3w
OvembMwNwC8
EGnmFRZS2tI
fwBiUwgP_SQ
WfK24-cx9Hw
Pp-3jfdTJvI
c_f6lecBVa8
WkZPUVOlTi0
k6WOyt5LCpA
cwGvneYY8Ec
VduGzEd9ugo
KBmFCaijWYU
stJeM3o_qQQ
sKB4dniC5sk
ZdbR6IE08Yc
J3fvv2z2W64
e6lTl9JIW5Y
c8xrGvP2XOQ
3ROpDT7tjy4
AlGQUSwUWzQ
AnNQRhtH_Ao
s4-9PaRd6xc
5V4vgx13kc8
dmUV5hnwQTM
Qk6rSdbQFoM
9f7IKw6WOPI
f1CiB7H-TKk
ARKR7pu41qI
7jIFZDGXcu4
3M4oaBq9hSU
dA-aTS6yOOA
bJCDO8fjrD4
vGLnKOiTwy4
ZoFDzUfjNys
uu-10Od1c1s
AtLneb_aWDk
nAGYL7SXIqU
-rEN-6OXFws
1AFUg98tzAs
9wm6IWHpnwA
IY62BtKCu30
5iZBc_0l1Pc
8mf86pEFrO4
dyrdCXJ4br4
tJNxLEGNrLU
fSxJQZzz5kY
X8rAX3up5Z8
VJaBvBEj50Y
SzJOb_8_2t4
0ckBvdN9xZc
coQx6yNJ5S0
JES214BYd2k
tFcY6YjO3DY
BPgU2u23fE4
9U2umWRKbho
kbd-VEcOeUM
s9VU-TPszKI
FilaFnXxWk4
tSAL4fUJdJE
JVBoUmjtV4k
q24QJxtcaz8
E2dOlVHLibE
jv--ezAQOrY
KiB3BF6QYls
TyAAb631gHI
TGZ3OXSsIJ8
s3zDXziKNBM
y3WvIJtXVgs
go_eqbaczVM
y3WvIJtXVgs
pthrWZQV2Fc
VyMdn-SzH-Y
Zd3GI8QQpzE
DhfpqNTQ-1k
PNhv3Jkq9Hk
9pTJd44H6Lk
za2V0qrz09M
_tV6L-wzfHY
ODdN5WvveAc
zK2MV4G_iaY
2ofJ6vImW-Q
SCmBku8LdDQ
6so1LgxAwiw
-wikszgfyqU
n408moWLzDU
pO-26YmoXGA
DvyF7g1AhQI
1RyySeGhwYs
AFkykdsBUxI
fdycOMtJpfw
N7GYmcQBxws
WtlEFZkhLzE
GnDICfVPkV8
L7_bTVfUdhg
6kexNCuluas
LvKAyehlv68
xJ-GIa_a-2Q
bnyQAiRDqq0
7UjH8FNc2Vo
mU1xt8SoOrY
69Px56SlCRg
RKokFpBFIms
lCqoZVerNwc
NmuZfaEyJ6w
uUKN9AS2wQc
DPr-sUsgr4c
-ukyA7Qrm1Q
zIAmNUgtvWc
dToEKZDMoIg
XY_mEuLmmxk
cqLVZl5u0eo
e7dWej-eehk
rE5z8juhJkM
NL6e-kEkur0
-kPwi20JtTo
pp6Cn5kA0W0
MZbQ23KoF6Q
UheOU7h-2WQ
qRYW_I60xoM
7VB5e79Yz6s
8qvl5jK1K58
0oxrb4lcv7s
6Krjq4uu2E0
hQRrvXvv19o
0qsd21KJbv8
DB_uaEgbWEc
1EO2tW0kpGE
6_6mHM-HAKw
EDutwxYLUIc
8DlrwvyfdE4
7W5K5wjhwZs
lePzjyyIeSo
Zh69Bl_USJ8
0Rswx2Hq2Bs
Ta0Tp4yvLBA
JYYyezKmURw
4fn7kjUJYSY
wpzYjdkgvUo
haZgefBWGtY
ayGNYgg7xQs
jCoEdmtM2BE
GDrwmWTy0PE
ij4AS8-4kZ0
Et8seg5aSjI
HFJMOdEUah4
deO3bNJmD1E
h2TPlxBIvOQ
H7GcA9KGykg
LznVRXGdES4
hU9Xp3x4jQ8
MDZueWZ7oOk
tBjj8HQwTz4
_wZ8aJeOhws
nu4us3SxanE
6pRX1XZdVdc
ViPNUcMz2tI
TUixlZPYK0I
41n_ZYWTu4A
PDdXR9pJM4s
j-1_dfHxDiI
EaABFaaJC7c
7Q0iehS50QY
_A_oA784neg
Z9Out4JeHyY
q3Rbfsit6iw
wv-ZkneYuNc
FTCsULdBMv4
vF1BTaf2X5Y
SWEtlyDRPaI
SfEcd9k9fp4
D20homDvfpU
qT0vgoOXyeE
v6ys2BMKWCw
fRv_jLOeq2w
upan2VFpAm8
lFAQ8hREeFc
4eEI7yu9j5E
NhdMmHrP7FM
qPR-Ab0Wesc
NnHdbJ7yU3o
oA4ggmhRH0g
eAr31qD8cTs
_2f4AfwnPlo
oe4vVhRETNw
zQI87KLYS0g
s5YsVxoLkII
m5qP-w2rQhQ
ueWKbtWolNg
xAko-c6xGto
u5_GMmC0Ev0
PpEHzyUnPxs
A9mftes_TM4
jFyFzqSQHiw
f-LvkfRfHQw
l4j1P1mi9qI
T8VRNFrQ55Y
t1cajeK_rrM
yaZC-r05kMs
Y-Hj5Z84m60
hBobRbrcHWk
g2AB11hUOr0
8vgIKvcFibU
kIv7A7kwvUA
Sx_k85K3q08
Zr1_9n36PDE
3_kX0K2tZ2c
fG_-H7FrlaE
0SFTmC5Psr4
sm-fx5_7hxQ
LvRhUXzgTzg
zHUfTdtDxiE
4K3LPjA_iy8
mtAL_mPhMJw
Sir-4OhPesE
IQrMJti1flM
1aTt8B-TIXk
U1kIdVuFLnU
MAQG1fuWjoU
kqyn274a444
CWxdXKlR6gc
psOS5LazWJw
SNnXvsVdEKM
Q7y6q7H4U4o
NSwcC1YnUfg
i9-Y1vIa86Y
XDE6TTeZl5c
fDjUz9ajJsw
hK_mPsrUljU
YzLz4HxILd8
pnMhbqJluBo
7nl8USn9kZg
LWfzy4niGWM
PeWWubXlJs8
k1vyV6PFT3Q
YlslSkDOPrI
wpiFAvLF4-8
8sqPx2KVNnI
OD-pNRGnO3A
D1TCBrnRZZ4
fQfQfycFXXA
chffNEyKIQ4
z54n1Xz_qJo
-p0jOkDgmP8
jZi-Pd5ewPE
rTfoknRZrAA
aN-GqjO6O4Q
nRdbC5oCHWI
mE8S7uTIzMw
Z4soQqNEKQY
e5CAK2g1njs
G8m-7_LFFPY
OO7ome2Y7fU
awiQd8BVGTs
25ptPjywf-s
CzaWJCpH6kU
vTDLaSomBJk
bT-r8Do4U3w
kkD0SWcvjv0
Dgs4CYi2JpE
rHy2Ia2Gz2M
ZHr9gSJ_fdU
G16QXeMzuIU
42XCJjwUc20
rFVJj3cW8q8
h_e6VOMP5iU
dxgN3u4qDNw
9q8EDX6BtUU
YchMYbestBE
KM3ep9LB7Io
JULAwImWsMw
ji0McCRoHp4
jFZe8Jc4KjI
FmDKHbv-ubI
VHzUIIBKQdE
-A_Ad5-D_xo
K1AOo8IYi-Y
716B2xEjE4s
ufAcLo37Mlo
hkeXED7S21U
xq7Kcx67mpw
jWrwWQfLEHo
AF5nwl9tx3Y
Y0jkYmEMiiA
iZrtFMHcEhw
s9hzpfbq2UI
TuJ_oJ03kDA
HVC6D76_R8A
4yz8bV2Zn38
IN7i2TUYF6Y
rGVz-0Xj67k
DWd9NzDl-LQ
d4_5O1q-Wts
mQZAq5qWZzo
QK8UWlExH6M
SW1q1FLVwAc
7NHX7m7S7VE
-bXOmNXXa1w
gUpD0IiDxtk
f6EpnIrGThw
5g-XIS37T9Q
Mz6YXezzAuM
5Q02899ZVcI
wGcGq5jyVQA
g1vGakHvo6w
01DIh5zeo8E
HAKowNhLWwk
1QmnpJak2sI
cytVbvV-0kw
L4Gc6BJZyro
ZaC_bzgtODY
xGgBEmJXKGE
ZpvMwbWSTBw
EGLWGVGBkCY
IHtPTwiIDp8
2bEDXcqPtR4
VxuyQl_SQwE
P_uFeCunbHU
aAQsjf5qyk8
n_xs40nVOoQ
eKqPf9llMCA
MTrka1Nm6Lk
tcyvQVnqik4
mvA4TFsETkQ
LRGljnDeLSo
b0j1f1RYZJI
BkLQ7-q-C1E
k2DE31RaCio
m0l2Q-CnvlE
7OmweClmFrw
FjuNKq0tXvE
c7k1G3w_wQo
87PlyZoJJeg
OQ-80Cfc89E
1hAp645F_w4
bEFqEXyw3AQ
2mO4H7ufDNs
vjGNQNJBKCM
XNjUFaqRmjM
rcqEw9JhiKA
m-DI9Ap0SzM
EgbCFYAvTGw
G-LjoYG2Pbw
jcu1JQbSJsc
efCPIefSGJs
TRJFZdadeKw
WvRkdPruIvo
Q0lfGWaL4j0
gGjyrOmVSLI
KCE778FIjo4
twEDTFFBsuY
xQzyKYo7ggo
q4ZE-cn8yRE
vHJCKAwEQeI
mPcDlaMr_jw
pxLve-UdTWg
VuTovF31kJ8
DCA-uCOjHpo
O4mb2g-XVjs
GsLKuiLqWbI
PKM2WpFEmkA
15fZHcuN30Q
7KSDrGSso4M
eTQuBA9dl9c
Rd7ei7Y5Zcs
wF_RECTPx6o
AQ01wd_tlYU
-OnjQI2IUiY
PHbD1mQ84Cg
Q-hobiilprM
njCYd6D6m4A
Q-hobiilprM
8LykUNouQ1M
Fr9VHwKq7M4
fyQQJJwAH48
dOexgirwN0w
7QnuV7bwXdc
4SmfAplsbVg
MSNZDv6JXks
6csEkBo5Qik
2244rzuh0BI
e9mkPgcCH8Y
aA2ekX-V5zE
0li0iQdJBq4
sy79cxkAqKQ
3Su1yFg0eM8
1cCHPR9fi0s
560BuFg6FSM
5MQjsXRqLmA
98QZQpkL3_U
s1zHtUTP-2E
NTpSuZ4oAg8
gMiH2e7fZrs
z6QwXcR5pHA
RdayuunFIkA
qS9zdTDB90M
WzSsZ_MJ8jo
7k5F_CXSn1I
HeXZOtNe7iY
lc_JJBndMgk
3-pXhzZgQmA
PyxbfvVgojs
2KKyG7kJxA4
0OL5N_gzBgI
as-cMgYqNpM
A4IL1HTYbhQ
XSZ7X-Ot2k8
N-Jz8tqSxDY
BPMh2rsJbN8
CflTeBW8eZ4
tk5AQlmg_Go
ORM6-XRhZbg
e9FDbGBjJb8
ZiepKCnHSkM
R1lKSySHRmk
AGyVV9rsa3Q
yHR7EpEIJkY
RFVsw_svj8I
gAk94_uI2Q0
pbKiOibGFkE
-DVJGqWr0AU
yXPhiP-GcyE
aXbXApgsKTU
n94m2QL2HRA
paw52O8IRJM
0xQAccqyij0
_9VGXRslma0
04pcSyzwoTg
KjfEvOJBWng
c4ZEdF7fO-g
_QrhWABUJ3k
MQaZKquLa5M
2db94xcYDzE
cIYAs3H18LM
8OGGOPql30E
29e7_QMM0sY
ncL2L2bE0Xg
qqq5H-_fdo0
iHOsj2RSGdY
8ClPJBpKDCo
k5K_Z7Ge4vI
oDE3IH-06vw
_7xObMOMBhY
wHT5XGalM3o
XMBXwZj5ETU
E9ylFthKSkY
A2sCGXlbJ8M
kUIa0c3pkkE
NA_Gxaiv88Y
Sqi1egHVRBE
BQ9emregu-A
hRJ-s5nYb_E
G90gE0DtVXg
nvpTaP-uFVE
gGFZHu4KA3k
vOmpsNJYoO8
CAGdR28s36g
d0eNlrzYFWY
uzxTaRkY6z4
4LdLm_jjIyA
AakZlph6QvA
S6bkJ_lAD_Y
Z3Ex8GkMDOM
HUvoRDNei_Y
Sv8WmCxVYdU
lJQFmJjiU74
apcBlGhPWaI
4VWCqNxnkI8
j9Yi-57xpUw
kmhTI05Adto
9kLMhJCkr3U
Lz2L0xiotxc
dfPX-alXoTg
vqfgcw-v_fA
2HqOdp0u7eE
YNNulgHYAbo
7hHJevLh59Q
ka-Nkz9sFEg
pwnb47Q7zLA
83quspp4FZE
2iiGe-U5K-8
1fXwCrm34zU
zMKA0TibuQQ
ZgK-b2VTyyo
O0lLjpm9xpw
9Lrdyq290QQ
gyvQ5HkZd3s
t3oD7zN2YUY
Qb7uhtirId0
bjvel7FWQjA
_zUC7A8_7uc
RE902AMt7so
TruDKqHZId8
x21BFz1TaRM
tglmBImALCY
_TJzSR98lHY
syWZoUkuUYM
hRDyIyM3jgc
ci400U1z4Cs
wpB6lOxW-Fc
H4q_u_1dtR4
ZrUdwQ3ntf4
d6uBZ0qhlAI
pG4eobZ4EGA
wYHk8uYWBtQ
FFP7knZ5V9w
pez8jcCvoWU
8IYW1UGI7aU
wBkTLNydHcQ
fBjJh5ht9dw
e_EeVleqo58
6sGNq_aQjTY
6OogW4XqhmQ
RrlzRD6FoKQ
ngEuquA_6Q4
6srvS9czOYw
ZSCeKeEfq-4
J4q0FiX9dZ8
8V5NwJE82Lg
w-N2g8fJXHg
oQ2sKaO4vmQ
VcqmxB4rd2M
K0mlzn3ItGk
3grfB0iJlg8
-3cfCHoLdDU
-qntvgdnDC4
oEZVkKDtdYE
mg0vGtOHnTI
Ebrf1VmtW1g
Re0EKHisBUE
JtcGelvOD5s
LqrbRkJrhhU
X7GCxCbxmUk
aOfJJGuBJA0
FaXpzJWtzsc
LY38okSQ6g4
fK3NFyz0eJM
Jw83B6rGZic
i-ulhdrB_rE
HpJ0xRsAGvo
7VUVHD2vW8g
PRLgSrUPZEI
O69_tFa5K9E
czvdBMSpH7c
csbTxooFgJQ
Nb81Hl4CkJA
60cu_9iKH5g
h2WbnNSoZjA
LlKnAsSZbEE
I6UuWrVzys4
LrazAxl9Prs
851IBQevhh8
Oc6NiSrlvVc
BOiQ9MtoNAk
FFugmspYcRk
JsLP4JDdcnc
CSKauCct-64
WXvVSfKAtcA
dREV0VRDlSE
1YCQUEhndlA
0I5TjN_w09Y
TD-SFG9qUc0
8s4AthQ1Fr4
VMSqVF-OiN0
UeMLxuzuqiE
zA-ioCas0Sw
QTkCjYKLsmA
Nupx-vHmiiU
fzlDNlJzVtM
5qM8FyRO1eU
nplG_XNgZrU
QPmtaV8k_I0
zv68WvBPc5A
HNm0NI2VpR0
PIhDVbNMEyA
Goev7Uf4o-g
oxqLhc5ZRvM
8H_cgwnMEYs
jVPNKTQft34
GqET33NfqWY
IW3uLT1XO2s
nIKaRiRtCyE
15_WTIyaXtY
mnCuXywZ-Ms
UOW5jpXnktY
izdfnHBMwSs
bAz9n0d_i5g
3EOm_MiL8UY
QnuuJ2-zWf0
6pVDKIEnrpo
wAzqbz7jM_o
25TAhqHz6GM
8w3kABplSLQ
7BiY0JmwRp8
6y5rUifwRkA
JrRJwFnqHo4
X6gg1NIda48
0FBBat6yRmg
n7YZnwpjz9k
zEaaGhB7DeI
euoRRnys-iM
aHOvxnM2_8A
BUB8Km_2Bns
ydBsS01UUtM
_7CjkYs3GNw
Eg4jQoTjrAU
FQlMMnwK8CU
ce43bkFEvI8
n360MJ8cdQk
I084tIYReUg
htu2NiwkExE
esRs1r-lDPQ
zQCjCGGR02A
UoMqril0q-U
i4US9V4dTBY
PFHYc9qJzqo
nLoaRAQNZhI
Wle0-zCwthI
ORh1Q_qgMzk
IASJL5G4wzc
m3TcmG5THM0
iHyTthk76oE
61VJ7Vyk8yE
xuRYJk_NS5k
3RZhyGdnh-Y
Ak7jC3hPyXY
Wv5jM6skh7I
WbDEbHvdrVA
wNzWY6ZzLVQ
pi3hqvURe5w
zD_ttHA1oHQ
7SnkC9O0aI0
x4neOxyWXfM
pgZVWFacELQ
EznxMkeyWro
sN6MKOEZHvc
EXAtxN6ILXU
7kV0-vqtEaw
ZYqL9BVFvnI
hMcPuZYUDHc
NkjzKn1NJq8
iY3OXWV8vjA
N0oS8FqP8ts
gf-_y2BAw2M
PFkCRELjYPM
VwcXFdJ2gQ4
ysZKPjRoRo0
0kVkygIhXwo
W-XuXgc7pLQ
SNtEu4WSSRs
ZBe0zXV5M2Q
hnhwxckgaow
OT8sch_edxA
oGPaLSC5gds
xAn0CUpFmaY
dMcj6XLH1Y4
ILSclvdM0w0
l_nJbiepvZo
oiBAuEyPpNc
5eDuhMB9tyI
sbse5JUDin0
Vv2r3e4O6jQ
G5iVfZGtaq8
Z6KRtkysHmg
oxRvYbFDvac
hE-iLLkuMHU
SVX1d7OJv-I
wO8syqrox6w
n8qNRSfOYpA
vxFGbFKVUSw
8trF4PZzVes
hokB0Anr1rc
fNuZFsApcvI
HjtG7Qpaysg
VtbF6ybH4oU
aPqw05WFI1Q
YFW7BJh0eHw
DYdh0rKmNTg
quXfq43K_pQ
bQe_rFOMK7U
mdnSInfky7k
cvZu11XmhvE
BMBmSmcnnGw
16yZ1iJF_mY
RZSLXPuMvTo
JL-A8HosD48
ep7iwm1GV1o
vSZnf9ypD-o
Mv214AfQGAg
qlo5FMKk2hI
UzfnLveK4o4
MC-2iUSBv4Q
B78PZMZIiok
qkZe-mcGZNA
8TOsPYD-y3Q
UXxlN_iOff8
yOdEXzN_ygE
wFqfNWaNJVk
H4iPWYRCzSw
boEGmLsh7aM
MPV0DmbsqzE
Yy9gmDhYCtU
aBc2MyfHk-w
_t-L0nzBg7M
KSCcX5JjjkQ
NBqgY3KVaFY
NrP7fVakbtc
pA7ubEjUPkc
tsQpslG73Dk
9Es4_U32KjY
hhe-SiqE1i4
kZpeIBg8QqY
MqP9Hvz2FSA
bYUU274uuCE
Yqoy7E8HB4A
eg0ULP3WmaY
wL98jgM_iW4
IEsxX-YcvU4
_2nXnrciVxg
JXRGv5rBhJE
K9vui6al9aQ
QARaDNi8i_g
5TlIkhGQzKI
IXVV7CreeSg
nTgf_by0Wds
Zl2r523f-E4
ICuRTm1V2QM
0o8t3Rys9Xo
keQ09dKL2Zo
ABgRQWXuzl0
_m0XqW-psOg
P2uTAOZP6ts
SkC1pOvQnbM
gxfUohRHXh4
Jlg55L6RlyM
AbfJ4VwHIqw
MMRhWJPv38s
uDWmOcGqc-0
WfbIwEhJGA8
fSuj-d2GSOY
M07cJpxqyYM
QKRWNimAxf4
P2JpyZW_KxI
sNAiCNPtffo
-3bYqCBNUuo
QgWVrdQ2U8I
WeLrRRDmNFQ
AN_jCvIHDn0
qZWX3cm6iio
O1mottLlDkc
NMSDOrUBMUc
SZtxzcIO-z4
jiaMP7j-t48
ItqPUI8n5GA
AyfH5mfLj4E
gj1RNJ3ficA
9-sg5rZ0rLo
4QH1qs_MU_4
0Xc_75VB_pk
RmAqOLEySK8
lgFgtn3riR8
2gdgzttVZ5o
pKEOKT5em80
CdJhOV6DR5c
Fr1zpefX-kk
JukS1ctj24I
lX1M7LLVypc
OJRlFQl0Rtg
4r3gXGDvqoA
x8GPl1Eix3g
a2pWcuesEmU
MGZBn0VfYBc
D7tZ7MpyEsM
E41mFZAdNNg
ug9_0LgefWc
kaQFhbI0hsM
M6vNiDuzv0I
80VWl3wtRLU
uqMlaVr2fQI
DUhRGa5ZW5E
0w-oFbq_rfo
WHh7eV5H-fQ
dW-r-pkesuQ
s2hez7Vc2bg
-HGvWoIpBKo
ILgLmChlxNg
QYenpsTOZZE
RWLzvwfJ6zk
xscAl2GQ0QI
qp21BsW_93k
yfmtLotsUFw
_wnU1ngIU4g
XupPnP7_vAE
yzjZircmcmU
KGzfgGrLK-s
i3pFAphUNBk
O2ja7jUrICQ
kYQvtkPY63s
wofi37ZAk6k
4b_-rIXQU_0
zAEYh2T7Kyk
5A4Tf3Tz2HQ
QoV0TZCrT-c
_fINjvfSe1w
fOJpXNfuz3U
QQkWQeXqASY
ofxhlBYlxaM
dYkWb2cyoUc
no7C6r5f85A
4CIfvmEG0V4
NeFQtAWHogs
lxZ9kT_SM-M
qJZebcuHfUE
YxJ0PoA8_KM
iQ-dm6Lec5M
VoDyHVy1vg4
Qsf8WLTeGqM
3jlU7SLZYmg
X_liOPqsQQA
Rcn7CZHA6t8
CBeDUt7Zmek
V0wS6QjWi70
cU_VvbqGMGs
G5aacTI5T7g
_STr04wo_0w
bJ55QwfZPYs
oyy0cDPH_Bk
INm5JkPmB_0
eNm0j1eJK2Y
LxMNmWX2tGg
dJa8lkShPmI
aq7kupVWOjY
-ypd8ou17A8
ZfRAFX9UAOk
22I9y6b0LNs
03SSZg4G8iQ
HHFMtWkj0Q0
36Ah_KXLcVM
rojmv6UaPxk
YaFUOM69vps
GTm4Rb8x7qc
E_v3fvdMN9g
xTvJxJmKWWc
FXP0OVfr17U
N7VcNGAxbNk
RApYc7bncbo
GsEND9cGxbg
hSRm0Ysw_5g
wn4GMJMx7Fo
IFaJfmPWS1I
Qzgg2vSKBBk
nTz_Pi8rAuQ
SJpp8VsHiKU
xUXke4QFV-A
PeftiNC5MaU
kNxpJg0bLnY
vyYW1c3xyls
ajkHDSn54Zs
M3x0-P6PWKc
Cwfyph76CIE
sExOkVu7d6c
EdzptwEGWmA
7tD7XKvSWv4
40Td6923Fx4
KzEtUUB1FW4
nG67M5PCMiQ
NxKDvvfcFWI
BohZTSJKh18
w1dvxhC_X6M
uIL8nUfRG5Q
XxIyWs56kIs
g8kXQ8UyHbM
31Iwt8_ug30
zWLKXHL038E
uqgf31SwYpE
CMs4nVFCBFo
CShGVt0Rr4g
J9kFcmxds4M
sgry-0LE0y4
aIsFGxQcvO8
09WGgPfAr_Y
Dd8Sv_8Ihzc
jjjXvQWx0TY
LsF4TGAubJA
TFPVUqGTjpU
wmGctZZ8m-8
HXzHbSIB72w
kB5OLh1boiw
14Wyxik6VD0
f8Ui1jItY3g
UgKFr8wEtGU
V5ZcUPpV_fw
pA9WFZt-CKU
nRtRvENf-xg
-r1v0D7oQeY
g6bwwk7DOrQ
2WFt14-FY7Y
PRcTLZRoFH8
whZnlieO0-8
TdAXtcBPEWM
NsYBMWnxY-k
jPOTNQv7mO4
_K0CjM80bog
imdPL3EtIq4
EWDzUyJB2A4
eql8dfQONSU
9IWqHljWYfc
IU1rhK06F5Y
KYhRk1KxyWU
DSDiekI9AbA
p-H2Ca6mtUs
SKLdv2O5Gnw
dTzIXEVJcFg
yvSOran9LFo
mlS4wdKjBSo
A_EIU5cLzk0
cbovO9TO_SA
SS9yLgJ4sqo
FsH1dVJxfxc
1JNsYVM4Hy8
ML69d6Ldc6c
0jhJD_pkqQo
RLT2ZFOw-so
R2choqB12zE
4CRF_v1V458
AvbT4KZMeNE
lXJA3xkJfjw
p-pdAQyVaLY
jHX7hwfYcjU
AqrBi5q96SU
2JmzOSuu12w
t1sMmzpns34
dCfW3UO6O0w
2SAbUdZ-g4k
qGGc3a8c-9M
-h2PiBbAHLQ
qZiWXNp9BqI
8xEtbF73IUI
nUlT8bXRN0w
34UYSjIEdek
U9zy-XGp8MI
q8kdXH_n-eE
rh0JUxZzFi0
HOlsqIOgO8g
LQpHtLZ5Uv0
hLuFkf8LukQ
1UX8aGsWbvo
hRZjW_t60Tg
wfBTUMdYJTg
uueC1hHYqzs
XcMJ8O_mfFg
PeckTj09u4k
__mZfHNh4_Q
x2kUpDonMY0
ms2wgKFb7Dk
YYpmfmFDjJw
jqhosHC_xeQ
yIgzlkmigWA
KN00WBN5uyw
H6AkBtRKvKY
FzsoQXjIfhE
_kmCAC85mJ8
Ay4bP9_SA5w
PhDRvBP7c9k
sNMFWkGqrvE
L7kDZDvJV-M
3wyTTnM5cHk
9gj4zhT2Kso
EtfCLuHfxMc
LBNkF87valE
dUSscSP5aTk
epmvOp70IvU
vXuxqxFEH2U
LEBnf3EGTys
b01rVcSQTXI
fQZm4kUhiKQ
51zEQUwpW2k
xZarC4FF8zM
5I7etyNXQAg
vkMePkcdY4I
aQjw2BVRVg8
FYF6RX8T8pY
Mt7_t6JnmXg
W0QBSyuJ4t4
NacXQvnIukc
cmlktDACtnc
PJHSJ85PcmY
oZ0VkIRZV14
t54FJMwScK0
PrEj9AhpyKY
x_qh8YMv5I4
jDmQimi5pjI
tjeZE4XnbCw
3vvPzNF610o
sOYKnm0M1E0
1-RtJQpXczQ
9waElv7SPQU
SQzW-yiNpWY
RheVwQUtxLo
0GTXMEPDpps
WsQqkHsvvvU
PbxBY2pXMS4
_43NeyWihEo
KP2zGky7xz8
JsAXgABK5BU
fMJ-tQC7Z1s
MfUP6LfTdMc
RI471vxsoyc
qsXlVVUmyGA
SFNEWzy-SHc
7jAHr4BfU0Y
3uXw7iDZRDM
XWJ2DhcfNh8
JRXVDcbmGqA
zY5DDt7JAcQ
Gt6NsVeVyfk
LcwQt132XkI
q3rxdjq4Y9M
zx60zFyEMMM
2yorqzvPdCM
HE-ZSfm7yVE
4-08Pyiwx3s
YU9jEvDt9B0
Jv3x_qBFJL4
-ge8XfjWi1Q
NPnLLc8wR0s
wp9Kck7qfjI
cpoIcqKLmXI
IBeRB7rWk_8
FrBZmtdvgd0
cYPnYSYBe-E
9iQNmuARW3I
HvDu9nyxgTY
odpYcb9gIVU
yCxiNqVA4V4
M4hHN2O1Q5U
_dwTBP7dJHQ
xWR6cDUEOII
vnp8G5Md5Hg
fO6nUcqIJ5k
LiyDsUJU-DE
hKgyMKsa2-A
ZMJ_rkCGc48
y-AEYpKIPrw
WK_DHXspPZo
xsFqogqjFFU
Mg3lrFzaego
YvxZLBwpN3M
FoyuVavLAsw
u1KE3gqPf8M
I4qb1fejV9Q
IPpS8vT8VV4
pmLTRyMFi3Y
AnXR5WGUJ1o
k6rZhnOuEP4
94L_i8mfJ_w
LO_kPy0JUV0
pPTkGIZsq3c
0evpETPCzlM
XM1JiGXSP8I
1qoEBUeOQgA
DJMuWtwCbE4
1xpbN-cmet0
ZP2YIWMkM3Q
IKtwQumfyo4
-um391Tuh94
ItrVaD34WKc
4riz06bzseY
9FI_6hflWWY
y7-3KEl_1Wk
4lgJ6PAhpLY
2KxHZ_3gatw
jTmW0tLylH0
amQxkYkybHA
01l5pUHD6BY
FLwt9aPeEdQ
61oMybD8m1A
pxD-uhN7ED4
UhR-P_7vTEA
u4m5v317M7Q
8Z1lwKEzWV4
0W842eBkDWg
h3Q2VRvUlEQ
kK_YxGqRqXU
1CZd07tWZ_o
41CG3CNAJnc
zGw-Ivpo7oc
2Jff6DEUGPY
gpV4wHQOeZ8
CfyFQig4C4I
2dI7jKMnlII
4czGv_XRBwE
A89FXzhzbu8
P25A59FmpiI
U5_1GhpWcEQ
ux4BTDPN8LA
l80BVuKHhcs
xf1H4KZxmaE
dctljBOcUXQ
Me8o5GwhYkk
Yi7xU6XIIfM
wv86-D7MIiw
g-jI8_P9jSw
Y4nRc-knFZA
QCeaLHu12lw
uQp1jiUetnw
cl6Wg8KvSRg
RrxMFA6f79E
qweOqH4imC0
RPYlqWhmIrc
tevl-F2-JoY
gCz-iYXDa24
mMbMmCR0W6o
IWNkYrWCD4U
uzTRGbZQHI4
8s_EUpyoRhI
C9-f5tbAhJg
A1b8W-j1m0A
ks5l7yYRHhM
jh2zjVoXKtU
hSNC2xedf2o
PY6pHtr--zE
FXN9Y5e2rxI
Pg6gYm3JtvI
M-c7Ow5rk3k
LkAjPHVJ0v8
QwAuLTx2Dto
q4GahJvK05o
KLsGXS1ZWHQ
uNUdvYeN3aY
9PLXf5aCye0
D60BChUhZqs
lHu-7HRXknc
gRE0nC_5ja8
rVYGgYVQ7qw
13zQ8F5hpcE
pD17ULMWdZc
iHpHsJ_AFYU
lAVVWN1T5aY
kfWi7B2UebU
_lIxD-CIAls
W2AOHzE64qg
rwWyCjGAreg
SdXgDyHVnqM
kkdOMvo0LFo
ZhJ2PTePSCA
QP37xuKe55c
qwKnW2dl-lo
mwK8LAA25Ng
lsCdGR21UJc
4k8jvsr9ygw
RB1qX3F3QrQ
d_psDa5Rjmc
C_zB96FlU0o
Frfq-ok8w_4
74ERXgQp6-A
Tm22iW86CXk
WTArKf-V83s
ysFq7suYaKk
yX4AJ-j26B0
_FkZxP0eHv0
Q33YLR_cNjE
niWus69CfSY
fDT-C7A8HTo
JIamOl4vkv0
FOjjIhrugSQ
l357cup4sD4
yzmDnHwrvEg
YrRhNyBJVfQ
hd6_uMyjDU8
yzmDnHwrvEg
XObieSIDsCI
rkm3RX3yTjQ
EzgELhjJAQA
7ziJosGcyEg
sIa6RiNSflY
rZZlidmJwbQ
FRlXQT-K2jQ
xPDV4PF-75M
0LiUzr6oBk4
FHXcWa-4pmk
04-4d_bDxes
mI4npH15RHM
kdeqhAc15h4
7aXd8JlI_W4
VWAS1dp1-Fo
eESGbyMnF-k
AtB7fTK84sI
wrmBsFrXKvU
moGD8Tn67d4
mIX3LEIisQ8
vOYWlUv76Wo
MzKshG7gxJ8
imLim80ujGw
em44YJB9-MU
Pt5UUSDga8Y
zgl-Qvpu1sY
7azMcCAElbY
XdRjqRAFtgs
0_-Dlvk9YSI
pmveZyQxcZE
IUgTVwqo8Jg
jy94UdekwM4
m-nmgFVPStw
-Jnqc9-80Mg
jMs7S0_4dOM
ZkqXXEth6Rs
ffQBZH5NL4c
cQU2k18MCgU
gKz0p-PQoYM
FQjoKVkfyEc
-EcuHzVg5dg
e9xkjHhx1X0
m3_O5Yv-AmQ
8HmoJvu38N4
XExAwyVHKqA
yyB_pUTqx5c
MSpaMTTOEVc
TQ1MVGWm8K0
hapIElhWaoM
9jxw93zmHrI
Cuw7SD5iaRE
DJKusdaFgTU
VTnl_rMrgNQ
XUcn0SXqLm0
ltKWeotSYSc
h_dyAAgwcGk
OYK4w3sP608
lD5o9R8MXhM
4P0WsbKgDLQ
685LV_hB9BI
9P5qEyIkUqg
3vW8Cs1IYqo
-cwxy569ObA
m7UFCooZBuw
6XwpXU_CJ7A
1Fq8rbImc4Y
haA95TEq2P4
_OdTiB_i_ik
JFzhMb6hQOI
WqpNB1spDSs
rZKz9sAbgzQ
drtx0KQN1kE
xI1fuezaShs
bbDPa_HDwBk
AUUQQ3j2CvA
g0V6YhIOWZE
oMniqjuawv4
uKd_iD-7Qkc
4Oa_MRMgGbM
1OZ4PEL8qkk
PSVoXdn9gU4
wQ1TEgJzcq0
XXvAUKgbkbs
D8tpib_wxh4
Za1ZdvGEWfA
1Z2lkKO5mT8
xRnbBDxD_Qs
5vDDR73mxy8
M3kFjiP5q_E
35VjDePV_cY
lH2c4e5E9rI
7J7MDoxGR8U
wXwffyPLwE0
cTfbJh8FTp0
51kPrIMce-c
CSTZc1gdlpI
FSYuf3gIfmY
M-E6N409UMI
hlryV1vN9Xs
Tii2fxkfoPI
cTfbJh8FTp0
ozArLJFEhFw
PVa8__51-0I
isWqIk82wKo
Ec9Sg1oVPO8
xPDAJMHdWCo
BbeVz4UXwHU
8Ku1ruKe1R4
Q0ZzUqiKWow
Ttxr_rOHnwk
z1jxPG2nl2s
ja_0l1SesyM
-IhDdGLeti8
Rmjgcz3nmYY
tug0hPWRpEk
qGAZzhW7ygo
_d6UQXksPhI
DFqW9BT50D0
_SiBNI0IxgQ
llN1QnNfFWE
IMkb6iSbuas
RfD694E8Hic
MXr1DkTAvNM
mW74COhDTdE
5zOmXeGbX8o
INm6DufrgEk
NjHSyGqi0pE
B6CvPzq21t0
cErnN4eQ2OE
NRAaEq8w8kY
UzFKgFTGT0M
ERGY2NCO2wY
-thL6aApIeo
tJ1Pba3YqdU
lUj5QarjCSM
qsVBMqdkPns
VDXipwInHGA
x6lGs34Ri4o
uJk5gCKGzLY
qbIUOUtgsGc
l3oySBVu4Jw
nQTzw1Ie7Y0
yEnBBh-hYRc
s22cQecJOtk
ckIQjkyTMZo
3Ax22APKD_U
uABwntR82I8
g4b7ieVAvxI
ed0l4WPVRe4
s6MsPsCYX7k
lLqY765Xf9M
cRLdvTY7je8
UbYJnyr28oY
t0Fvlgp7IwM
iEQzkDNlfRw
C12k5TBuVhU
q_nfvAWEfjE
5SHspDgPyyk
ZB4dUuKav3o
h80nmuXfj04
tCFfEBfbIc0
e2ClhqUghX0
Y5WeJaNtMQs
aQK8H0z-irM
g89iAL3JchQ
rcmJ0FKkwY8
2jkyLlHdpTM
Cwhn0vXNQJc
MAFY0Ozc1Zc
D2Dq3lwXJTs
8ZIH2f5GPhE
ZU54BS_bK88
YRAv-DmwL7M
wJrPXWHNdls
Q36-XTyM7xs
UA_y54M8EgA
bWMF3pjPphw
UsqvNlZak5U
TC9BUbUYkAE
8_jHysJGdp4
rb3O6BCWsTc
HjchI9Nj7fo
CGvu0WECalU
WZtcQ2rcevE
jCk7FWkCOBQ
KD4WgNSQETs
olzTPeYbPLk
D0MYO9peLRY
1nVBA4iSnYM
3gCKS1Ov9S4
qKQ3AyVO6Gk
f3S21G0x5VU
9P7jXveokDY
DumdG1tSsS8
6cz_t-b8qhY
KhiWgJLqiBE
KasTnRfIKNg
SrnkXCZDhfc
YuhueFnCxm0
V1L2RUeGmoA
cWwWWFng7M8
-WZ-BWL9rmA
q3BBZ4Wm7uA
SNARjX-lCNs
dUJko7KIeZA
vIR7bGkDGjk
dHnXlq7kYyc
Cuw_9rc4uvE
kFuIFFohPNc
LwTEB3UDzgg
eL6Za4UOPlo
UyhPG2G0cIk
tzQH76In3OI
-yXhl4uu624
h4q73u_B3UM
f4-mkhm_zKk
U-WK9T2cc2A
RBhMctOCiWc
R0f2RwZkyhs
8IOqh3Sip7E
QZonTb7b8K8
qTyS4bBQqCQ
fl1ikjHforQ
C6Qs62PMHJk
XwMDpZ17124
VSLztuDoNhM
aFj6Ehh0AqQ
FQmncWXE1NE
Kpg0T6cGfXE
FJJjMXKx-yE
6jcDljc1pb0
04q56SV9kmY
e-tmFOTJsxM
5rLTrSxrijM
hXH6m_TBFGo
bxdm3JlN3lM
NOS3nAy9fXY
cO9Ppl09aLM
46UmxpxuEA4
GnCKG5yRuqw
X_44NK6TutE
1m3YPwd3v0M
zTpbilqCa4c
Y36flKm_zaY
drL0t-j_ktc
rb6DOVeInqA
irWi25Y8E2U
GEIuCokPD-Q
H7lh4S3Oqk4
XvaWsbSG6R0
rb7mQwOmDXw
_31rMfgBy8k
7BKIBPlfAqk
y40FP9yp9LU
TyCsrBc7GKM
RX7vFDZLB_0
LbbJzF6yK1c
_nULwJ6yJNc
bGFsOGzLnhM
yXUOwOsN41g
QN94G_B8B0s
kFCoyLDRYWA
N1yIYHT6m1Q
W3TfaU64rNM
DxHQ2-o6CZk
dpSqxmD5aes
O-QtZc69vJQ
tGq-0AE4_8U
GbCJo3stqvE
rAcfmWa64wQ
Uw3IRA8gTOw
snJzrsj4iT8
NIJ-UTHFHes
3ZhSqg7wpws
wjyVH6wvsIU
h0DouXlK-vk
11TeQNcE2mw
bZxgiTwunhs
jxFhuHa3gbs
6MrFDAFWpDk
dvYr2_ZQ8yw
ggWBBBu3u08
nWLKQOiU19o
HFWuyEGx9HU
alUEEsUbWqI
4SimUzQrX4Y
8gVAFZiNHkw
XCveb-ewmww
94wMLVgeSwI
IVQf3w5CZzg
Mijo0DPkcFw
DqfezHJODd4
96_SKNn5cFY
TMdADUWKZbM
aUYykmxgITA
J33eIsFBy10
gTBnW7SbbJ4
SLXGsacWBoI
T025tx1qldo
R4z84tWLlB4
9O7sBLSkMKs
hki5KyglPyo
8410LF4TMvw
bn47U6QTylI
Ol3U1n9UZJw
k1p8iTp6YTg
0EJ-8PTW26Y
dyvIw2rpiBE
az8NMNLqBjg
U3ey4xDoKtU
u3aHutdgJcY
dkYt5DksAy8
hNRdBXWHFRk
i3PG3lb8mRE
d6mz9X8w_CA
VsBVNQ3B1cc
hpdluYzHVPM
0dP6AlkfRME
GtAl9zJ3t-M
B-EppVwPZ4A
aVWPZwC0P50
vDbTqnHNPPo
cFnkSQw_bEw
SMXuF8u7MWw
hf1uSF8daHU
FqAE3oxAM5w
Fb2mYiR0s-s
XAjATqio-80
0Zv5SfZjKLw
w5qo_O2VjXs
WcGQDsKXGcY
tJ_KltE_QDY
LzeXHm5S0d8
uwkHVN7p7aI
wEThnXKqatk
eUWbUnzv8g4
NN1Uoy9cm1Q
MmFYMGVjYQo
uHAYHg2K7Dc
sVcgI3oQCP0
AGF49croDEc
-a4lATAYnqc
sLpJ_nsBsgo
rEn_Jwz2xso
j3mwCO81VaM
X5Aoa80n6DA
wpa2dUJi9HE
JHEZWvzdfwM
nF_TwSMiGDg
MxQgF-bdAhY
icLunNoxWPo
wS7UC6WsO8g
oqqIdRFeu24
eaHsmaZOhjM
DAyCbK2NG7s
EJqXWrNDFXE
d9NaF62dFbU
tVx_t5JFMpo
36PyCUDwkmY
Muxmeg_Dv4g
aiVxyLb1hJA
_dU0PIbiaPY
WBx6XVR220I
PFb4xi5keHk
kTpkfKMe64o
olur3vNXyLk
vw6GO5JBAkk
DU6B8fjOA2E
QUHVxI3o-0E
JYYsaO84ZMg
LOPsaWdR2s4
AOnVMIhe3MU
Ok3DoXY-C9Y
vDwOXDu5J4c
qZhOOUjZX2k
tqi2obRaUWU
tu8nzrlNjjc
aFcBbgI3VDI
Be_AdW_-hBc
rz-WZNh2yUc
UnUlVaZSiyA
ztjdJAexAdU
968GDYoc_zo
0r88cLAm4jE
7qy_4kD9KyI
uiGKl-BLfDc
btYUPawF51U
rXz6unCyl2E
K43x7jqHRyc
bgP5Gg8hkV0
fCz1_bFPd9k
0EqfzNCFbtc
QEWyngdfm2I
7pMw8XTb4xY
6L_KvfLu0Ak
6oKBreT5omY
DHl8ZBUk3N0
WNPtz4fg_7U
O3u6zYYHRtk
O3u6zYYHRtk
_ONJm0R0kgw
giyyyUbuHeE
080zEvn2IN0
KoUTtVXmzW4
BEVvwz_TKM0
Tp-LnfBQsIU
isOxRbhoInk
viWVlQJe2KI
Qef-e0HjO6Q
lkqHhHibYnM
BZgfVwO2oAI
yadha0JlBu8
TEjw8kLvkRw
1uO3px2Z8BI
KXY8rQlNlIk
4ov_ub98WTg
EIq89ESp6rA
8aAeX7P3cSI
v8RGUDHEIJo
meFAB4L3iqA
AjCPMrs1zLA
ozrPqXbaAvA
DNw6smG_wz4
bV-iLqsbl24
EiElXsLtmek
z-Ize9i9Zd0
Z_7aZ9v4M5w
KRK4X5nuxbM
lpW76sN7C38
jDAHbT0le3Q
iq6kKY46bvQ
j8AZ4xkdeVU
2vlm1v1Wy08
dhI7pv7vhoY
hFwXEZEm3Yc
73tEv2hWGX4
yXQ1kdWaCq4
yWNhCswol7Q
bqJlbTxDFtc
lSGSwEmojZw
CzS8ADh1Nmg
e-rJyPQ37z4
a5YgeVx6G0Y
2XWF2Wx9KZw
uVJG7e0nrb4
JugAkGpZqz4
f5zo9CQTncY
tWqWLwwXv-Q
FVP8GVa-xYQ
pIFUKtdLDmY
rob6p-vvKGw
pL-y5b5FvU4
GvQxZ7YxWSw
-ESfjIFNA2o
c_NpLf449C4
-ga91SS09aI
o5FmIYQP1S4
xE5cJr6446o
HdZrHPsovm8
D6q8cm5UpAs
5wr2UQvK8yg
ymBdDKwEdFY
wNPfDPGQeGo
ejowrIu_bJ8
58ZXOyfZHrc
DzJEFpOdPGk
uHWdhll1B6g
2L4yuciytpM
1ddjyPzknRI
Oxu93sKOgzs
Idad9kZ5Ccw
f5SutVFnRvs
w1g8jLQuvZg
LJqJ30WnUWM
OkYmqnVDq-g
BWxjDcLYKpU
mvfRFpJ2hK8
AIssAzpQG-U
FEtW-iJ-jA8
qRwVktn0b9U
IkkAqTSyK2c
MtFJVw9eT0M
V2P0u0yty58
6cJGicFNOD8
Vqpl1Apf49w
5sPAngPbZkA
OHg-u4y6PAo
ihikU1jkZlY
JQgDjG_J1po
ieCOIK7SL3o
H_gVerr__iY
NSmeZBeyBcE
_r6NvbfciYk
BFfaYuVsYhg
Jjqnld5WZIs
I5ELGIxUzEs
XWwjzTwFjTY
Fj0Jf-gKeRE
Y7vT7FEb6Zk
msd4RM5t7_I
sQueEYAGsn8
D3UPom9R04U
h_5eRT3eLkU
hozFrCXeqJc
TMt3dz10qtg
8fQ6kfqlyLg
G3308c6tuVU
MIcr5TSgXlQ
faR4kkJCpX0
9RBoPWe8xRQ
2VUTA68nplo
tPQsV-tEAX4
996P9Ap_UV8
zJKp6C3O4Ck
Sgtfr9-SxbE
Wlns3DdWauY
IMgpdRBtRdA
Ljhfkfwk_2w
vtTMX8vWF0I
3X07WwcLsFw
R1LrZqqpeKk
VWW_xIyrWcQ
6O9iQCCPb6Y
OvE2RwX1fRQ
yM2bzFg82ck
-jeNLnZ38jE
b6teJ-K3qSM
anjcbdozGfo
arfduMRTPHs
QYPwheSWpOM
LQ9B4k4WU6k
FjTdBxQ2_j8
cACau-AeIx8
jnBA6edq_-E
Z0xPYvCzkYA
Q48exKsYWyc
vVVmkEFhsAs
tjhBgZh7SHo
JX3GsAo69-Q
NEUMr2EFmp0
iI6QvuFfpI4
0BTEYe4CPzc
TPP6F5p33pg
MsMgnOUXo5k
ZqFZLPaZjyk
ZjZlfNVfPaA
GSTo7eO4OMI
WKsvqG6wZlQ
yFJsxp6yh10
rc0LNf44dYs
wh7ynU4ivAw
GtUXA5BNNeU
Q_O5878iCaw
3E75Hu0V2rY
-pYQaincIIc
uJKBbNqirw0
1l3NjoDVCIc
xic3JFX56s0
aXo4poQB7ug
WhWKcvivqBY
KeV5wRG7v34
xHGATpj183I
dkD6HapTaHo
xaxI8H3Fjvs
5qldP6Ptxtw
IiZ9_BwsoZU
kkefvbnjtAw
vfrvXkZ3LRE
niwhp4AIduI
uzl9M6vHbY8
zd_Ucn6I7dE
AjumTP_rk8A
1E5jzq3Gc9M
A5giOGjj5X8
Uz3OR9oh8Cw
1_qod_2ZIxM
1yHFxBUUiow
qQP07jwBsqk
HpD_qlkCGQA
IB-7SGY6qZM
HuNmhTgo5Rg
SxRREWVh4fw
-S1fCuz46gs
OqpC_YjYdew
GYJadB1s3uQ
rfdkCqymx4E
f9reBGojC9w
dJ7gM4xbydo
QJiYONO2aPI
Klv8gPzIMK0
gCqN5cZh1hI
F13zDN-f7Lo
9TXq8ryBzJg
AH5BnpNNKhs
mFw31X_e-ys
gm-AUbtuEgA
roNsq_VqbHY
CBrRVI2Fjbg
P52wA4bAoG0
jvGa6cIs-As
CLg7Vr8SK6o
V1qZHi56Z9o
E8V6OUIMTTo
H5_3sJoc9zk
N2ky6NkwzUk
QAyPb4M6Uko
4B_ZuxTRw5Q
q6JST_OliWc
ltX5iYcn6wk
8cqknDQlawI
rJkFjeZxMpA
PZ4Xs3e5NVo
6PMxMwSwuA0
ooWeBM9qEW0
e_1oxNfEokQ
jiJv45kN8kY
GqVQ2gjQSvo
PVfosxZwFYo
2RpO40wX1sE
FYxpMuDO2Vg
qisS_VBLjBc
lyFSPKLAMcU
PLJDUBFlLm8
WjSqVrbm75I
X8lIAEB--uw
tGRk0tqPTJ0
ynYuX5QxuGA
Cc8L0pYye40
_Pa2ioGytSQ
sBEQXPTo2ss
tw_zLi0A_rs
qEZDRfRItEE
CiZMogmYNCI
jljSw5heajU
YwORQtbugFE
XbNfI_JT9XA
4vmk_VwaGbc
f_kaO8vW5Oc
S9f4Ob-AO-w
EqQmS9U-dbg
sa2j4iA59a4
kHo3oq2uwmg
-JZVvAUbI8I
ghHJOKLZ9dg
d6eAOmDM_Vs
8cvJUukSqrE
9w6Q_MtrsZI
xLCYYl-iTb4
PYD5FxVqDDM
7uDcDA0f19w
LErFl3zgOMs
RJjxDHYoMgE
Hk8uI1J0x7k
B0OJVh29198
CvhxaAsEgOE
n2Qhhr0rFWg
aV2Ca1nN1XE
LDZQ4eiAQAY
-J3iKywKlHs
sAkHREt9D1s
dT1_yP0w3jk
fq5qdiMFwFg
HGLdNr2UNQI
4Jqb4zvflkE
GXSOWz1GIZc
S0sZCvlyZIQ
No0aYKWSQgI
HeCifZiUxpw
RyV__HO-c4I
3AMsrxba3Sc
xzbVoGLOlhY
yEZJt6NZrR4
zKxLsGrtZK4
LqB7nMjPf4s
y__CXZ5WohI
vdxG-fLv0vI
VEayH8A3QeA
8n5mP8UQIko
JaxK9rs1rJQ
3pAE4Jjdk-w
jm74jHW4IEw
umd03DgTONA
5KUgDhv9uo0
IcqCWxxKrKc
mFfuvw6IYSA
sROSOHl2obA
FMiuNn1i3hY
5EvZE5Rx-dc
TIWSx77RjZE
TGDFogWSfRE
a4pjkra4ySQ
Tif04fFh5OQ
HDtjmKjvTlM
ZgdBMAUlQZ8
AK0I8wzgJUI
0oqBFGmrApk
30I7xnj0PR0
y9_Dh7BIhow
an9wkwTtRsA
oUIfwAx-hyo
79xvBl5eHUk
9DJnwBBa9as
sp6IayH5BRg
Q9iJtrWsSIw
IuinQPQAcpA
o5LZd2vuzgw
jwqZlsjQm5Q
anHa2xrjGB8
uNmGXn9wpAI
d8csEWSUcsI
50sfp90M1sY
juA1pdU5S6g
-eksK8xRwcQ
QdiOH4Qxfs0
vySr-flPNmw
hjIbP-NUlFs
6yFiSHYwlYU
52eaW-pel4I
MQXCez5nLiI
xqqDYsa3WdI
mgfBltZWNzg
PyGvGKaWVaA
tGZTxNUXy-A
ff7w7eiGXE0
KRQtbV9G2ts
dMkVlTfHcXc
o3XPpWMHDV4
Okr1aER6t5I
L1KX-gCbd_U
hZlEGBjTZXA
Oc1hiQ0mhJg
Xt6hl4_TWC8
m0wTorUx0CU
BcxEEfPZvy8
D95llieh7y4
IRoEoFnG-kU
ZLAypmeuGT4
O3g9dXuogyY
47Fr5MAKcTQ
3oeCIgA4LG8
4nut_J5Ihlo
srzWyhrjh9U
dQnMYwMNzKU
JWE7Cpn-6_c
Tonr_LZcHWA
cWmtslU-T0k
0rJhfGxpYXM
BDptsf81lVc
-q2KQDOW8MM
eZdLhTx37xw
LaiZY0jn6EU
-oRUYb2gt0g
Z1_dpHu8S6E
BTcMYof8itY
xhrndViL5mo
e2P6F8_ti6k
XbvI06pt-ZM
1Ag_nMb0Pt0
SyTmnnu_dNk
9lfFnxWmZj4
mi82hQwl9bo
c-n8ieb6avg
NEsQIW52xrI
EUzz8AwxmIo
_uiWGeOOIxM
QlTBkWBT1_M
J5cY_FddlV0
uiXKLbRO7d8
XldkczLgHEE
niroyLftork
p5AXj81CL3M
9AoN_uGklVg
uJlGOsOZNkU
XLnQWXM85Uo
g4OotxZLnXU
N8uz_Wif4Gw
eXoD_0YbFdg
yzNYUUAs-xg
s0WC5gXE-Ns
OnbeBPTKGj0
NMA05wxKTq4
g2-lqrJfg3U
wwCvERks1NA
9mSZV-6CwWI
4_VBsFX9seo
SsBhGthxYGM
lbW4rHhCP_g
umGkncEXFmM
NEVBon3AQY0
sQHHNuc-1uA
yX4KDtgcpXw
vK6E2iGeui0
tX1B-aoB6eI
R8ISvvfMmK0
Ksk3Q7gu0BI
jy3iBc7iPt8
ys0dw_kg3t0
LsiPJoUDP00
tSTDc_JCKGY
iJ8AsR71Fsg
tSTDc_JCKGY
TeWieX8w2iE
QIzxThwRBGw
kpekJnM7Zpg
0UtOExIvGK4
4SAVCbZmZZI
SByMn7wJ-gE
eyW0lDKAiGg
d5SJBBGoKj8
3iLLM5xgItQ
lj-krI6ILQ8
06rO4mipwEE
bgLXtPn7W28
mmioRhTGTRM
FvqIuP4JdQQ
Vah-WM7Epf8
eNCPbs_9AUk
thYKxMleEjA
gekq_Ii_G3k
oESewhFHV0E
f0Q9pEwJM2I
y6f6G4ROKxU
SpbwPivKhgA
NLcWaty9osg
gXgsL83E3R4
pFgJO0wpy0M
byo-UbKJhjQ
Tic6PmQBr5U
fDHsWvkkUfY
7EeQCwHjvQo
C0TP_IiRFsI
iZ1R8lMHim4
86K9xWjGMr4
BeUSEUcp4vc
qoTuxSZpxLc
fQ9Cxd4vKno
SZpuOHRnuNM
Ar5IlNi0u1s
bU_Ii-nUP5w
HO93fYYi9Sc
8xbAnLK6GSg
Zloavf0LENs
XOCBi08Afmk
NhP7oP7PhAg
9ZRgzChgaGI
QyPh-pFhzxY
jvRxyCoG2-o
uSj7q4mlXyg
qHtJSyWK0zw
tqO0e4iOuPc
iRPF74sIZRI
gUnhJf0wAKE
2AtRWNKobFE
_cdFgYYG9o0
JWfFF8qgm2Q
jBFgu2SWUA4
RG2wmzXSUU4
S8JIUQC3whY
n6yijVK4Kog
Afd4B2UXP7s
JGlMT0_nMbc
CNanyZVpUlI
Lr4DItm67cM
SYuwFNbPvJY
vp55Z_enpvc
v5vWqvhl0Fo
WxLuAdvSuWE
aiO5pHIYrp0
lYniikiLSaU
9T2vBrGpSCQ
d8NgyrTGTaI
jTyoQrrCG7k
Hf6PUMp9H98
nRO4wWfVoHo
1sib5HbdEV4
A0usewCQBkY
Q7g92ZyK-0Y
UvF01x9VwWA
p4e8X4uiB1M
C3GxmuyMnh0
4GBbBWet9sc
SG41ng_-a1E
iYkQiZd9CVU
GEWf0yDLSk4
a7IXJgwkXp4
SZtYFNjU4-s
_oCALaDm4Pk
GW2qNl2AtHo
2smd1nP3cj0
jAaHQQcS29U
c2z0UoJoHYY
LKCaqqpPihE
_Wg0uSYbqPo
ZaoC_OUcGmI
Sb_f3gVZ9J0
jTm6H7mhaqk
C-muxWIdSUo
4KnkeDsClYM
Mmmi1PkJ0HU
IhwRF7-Z9LE
ZD_eERetZEU
Q31ll_uTEhE
8AaWlPYgYew
-WwzcGmh2Pc
m0I9hU9chag
E2ZGxbhS29Q
45nMuolIml4
L3bK3GJX3k8
c8YI9JpJG8E
NH0zBDD2cFM
L_oAJLOkzYw
vccTN4TIhjU
mxhLu1cU2UY
Jrimyxwwm_U
nFey1mx7sDw
n8YBVpYYBhg
gzY4TaCAzs4
zb6_Ynj9sl0
tp2u1n498qk
S7jpMG5DS4Q
AIOPySOsbAk
S9tLfZYoLOY
A6FqT7FYp_E
S7yvnUz2PLE
zwxJW3GHHAA
sI8R9B_caDY
pf3Izd12xuc
