ggN90JKuk64
jbY9YlNVRLw
Nf-fP2u9vjI
qsKVL4FSHVI
0JUgBBynPdU
ldM6QZy9e0s
Ljtz7T8R_Hk
8HvOGXld-2A
Xp4RSkHqaxc
flhib2krW7U
ZffMCJdA5Qc
sQC9-Rj2yLI
VJi2vmaQe6w
f3Lm8iOr4mE
Ta5wBJsC39s
29gLA90m6Gk
UPZPpuWNCp8
OCHEjeLC_UY
rEuwVWpYBOY
vnSDqh6zT6Y
2Cf8RHEAPLM
Do7oYWwOXTk
nWbW58RMteI
0uG_RKiDmQY
WyIcJd55l1M
kuv8uK-5CLY
fpSfCvP36aA
GVhUFkKaLHA
zgbLs2bEdnA
VsStyq4Lzxo
N4004Set4F8
LFRCzsD7UhY
o_oUeciBknU
1xTl9o_agGc
RZSR4a1SBCY
JFGq0asqSuA
3S0P6Sf0Mw4
3EtBw5s9iRY
06xJOOs_KvQ
oWTG5g5rT4s
1uLzSXWWfDg
Qxj2eBmXLHg
_mgUGCD5vBQ
AHHERLwjUGo
bTodlNvQGfY
8rfvfojtRss
L7zwfTwrDEs
8dH7gmpF5WQ
wpKJpeOy-68
Es8ghP2M-m4
Nz_Ilg4BbKE
bFp2n5OxYEE
Vo-UQDVykIs
BOHK_w09pVA
Dt8zrnX4dQ0
2AmJgx-t7sQ
QYkTXJ2TuiA
iplVmrR80rQ
roSp-SsBPp4
v3BKLMU-8Hg
feb-Hl_Cl3g
8uQEzv3upy8
L9GF_X-cq3E
Y_8ZlUP2C5o
td3Kd7fOROw
Up3hyBSDAMA
PZBg5DIzNww
aNfmLnYWpas
ZfBeab5u534
SZorG5Hqjzc
X1uOUgnunQU
dONsVi8Voj0
Y_IsOhN73D8
9xwaW9MSPL0
tZdD9l4KmbU
3lDO5uFkJoQ
8eT0PGYtzjU
Hx3aTcv2KlE
hvUH8ZHAq3A
7yvfX3rWXG4
9k-J7BsXeY0
G13MFjwr-f4
Y0Cs2MQxyIs
srreeKoUz7Q
HLLX7rOXGfw
_Qowv63D1dw
pe_yqM16hPQ
jSR_1sPvckU
j1HmSQ_8MkA
DdWWsruUXTo
FErjDx0aAUk
CqBCLM-VDlE
eaSC40Xhos8
iI-QLQyi1Is
oHom-H-loI0
iqdjIT9AjgA
SmVgaMgTs7Q
OU0leirFt-A
TPxXGnJBAjo
q-0NryopSK4
HM6OLZJeK2o
wHDH-Z3YFmQ
GIojiwiAJ2o
h1EATwCWFko
l3XzpOJ1GQ4
T4zZS9-a024
FsNyCjID2pg
ieb8_03NOlQ
elNWGGPpExk
Bc3wdYg_vCE
RiphOlGo3oo
WE27h7kZ7xk
bl6s_n4QSXY
qAy_Gx2yZ2w
zGvHv90fVIE
Y3EcdbetFRU
BZD4yzXkS14
X20Dt-AuFMg
M_ADBqx_GII
otvn5hnbtBI
28wrhyh0NjQ
9O1D_Ytk0xg
wY3FneMwpCc
5QxPDNWZkGQ
hqEfshM5Vfw
yLc6VFC-Wgk
DMzopUKawn0
2dSesg7301Q
3r9yK-zWlxw
KPqsgQhP4bU
OBhipUSngkY
D8i_-H64TN8
9Ta2chg_Ak4
foAS0KbLKBg
MlaQdWoSRcQ
st9VZuJNIbw
nTw9gw1hOWM
mtEALHDWsSs
UljafaxRcEE
2k8x8V77CrU
-_kZC29sWAo
N_x7SV3I3P0
BQvKPP5Vvyg
LGVbpobV-Yg
DPH3F0v1jB0
u38wOv2a_dA
PS9jhuHECEQ
sNSlDfaNq-0
NNWejxBORgc
83a4rYXsDs0
lL2nKEVmMjc
FV3iN4PIB5U
vU7Rhcl9x5o
vXqwRhjd7b4
UwEyK5WATFA
oIn0MZQJpp0
N_6sPd0Jd3g
-7eZL3XRqas
Zc4JP8kNGmQ
sU-_NMrIqJA
OraUYXz1yFM
_4vq2Cs_bKg
JX87-Oxy0_E
8vOf_fDtur4
HGZYtDZhOEQ
L9J2e5PYXNg
_S4gq57fIkU
9BWtBgdBCO4
EOjq4OIWKqM
Wkl9GmluS7E
P9Zstbk0lPw
H3_P3HJb-4M
GlwvVJNWlWg
flRK5mWMPns
R2NftUX7rDM
rjhmI-d_BF8
9AeXMVUUk3I
qc_QNQzMSCE
POW9AXYO5Zo
QdoEcfibG-s
ffH-LD5uP4s
tA_WrHnvY2w
Uz99np2Hat4
0-HpOUwbp5w
YWiRef3wOYY
4m2yYSTdvIg
Y-HmCIHD63w
lRiYvQbKoiY
RPQsW-dEpxY
dbMxvTG0KEU
sU-ot_Oz3AE
2rO4r-JOQtA
ei_5R0CvLm4
cyMD4TJxIPA
YlQVNyTDI6Y
WhHnwx0cyAY
FgHX23KdlLA
G7Ww1E36DQ0
csfHAbr5ilI
ao9QvtpszOU
zyPeT2tNLfo
WUGaB5e83wg
r6itIxyUhc8
TcnHCcE9E5M
Ob8pB9JdQNA
p8mMMQCLusE
GMchNtjzd_s
JcHKVXINasg
R_MdQph5k4c
kPeB04kHpUw
0arEruE64S8
ahd_N3r7P7k
l8EW557ovS0
23S_BCH1prs
nYLzl8S5XUo
WdBduW_XIlM
4oAlB-3tkqc
nx9IUa56v7U
ofgHMEgAfNM
vV2MgSn75qU
y-pimbWbWNI
lJGBDFgOulY
uTon-bSSoxs
4H9m68TQQAM
9iyZ2s7cBI0
XY8MPnlYlvs
4-uQgqW09CE
ePk6wPuqcWY
PingeD_5yPQ
3GScLX0Mv7k
nYcBqtOwLcg
MDVZeql78Ro
9kjlqxy-zps
kehsf_7V3_4
L1NiTAWgkLs
sYGKUtM2ga8
OMcDk2_4LSk
JYrpEAz_A1U
QVMqCRs0BNA
7p22cSzniBM
_hPlNoF1Tyc
V7E62C9GWFs
YyDnYaFtRS0
LN1YQeo6yNk
PDBG9U-oNXY
gkjV-TWLkIc
ytZteMo4ETk
DVLhr9C3q90
BE5bsyGGLf4
kGWT99eMgyM
O5V9ZSL0BsM
x9T5EYE-QWQ
d1gLZCSLmaA
svdq1BWl4r8
r54roADX2MI
v0uYZ4rTOrk
st1XVfkDWqk
6kIZ_u4QE9U
zTy-ur1Wnq4
6P20npkvcb8
vywGgSrGODU
8GCXtCjtg40
tXqat1JOmS8
x-FcOX6ErdI
jzaMMV6w_OE
VZVosFzD9NU
N5xONyp69eU
w7K0jio8afM
Hzv5-R9XLTc
IrKoBFLwTN0
gGOOkk2y_Ss
cyphkm5XluA
wYMIadv9iF8
jdKUm8tGogw
dVtYVjGGYmE
-g7yxxTpF2o
Thp9_KVSZ1Y
eHjHlujp3Tg
pErTyQpA390
zBpP2kxDa2M
WVPH48lUzGY
e_PI_Npb3-U
kwHwlIffT2w
a7IVH5aNwwc
oib_gHJA_-0
QdfStuj-MuA
IrMw7MEgADk
bViNOUeFuiQ
6IT689K3kOo
0raqVydJmNE
lu3L6DxUBRA
zdQRIYOST64
WxAZk7A7OkM
Yi9-BqUxsno
x1AYelepG6o
dx6LBaFqEHU
YT1JfH71k_k
n4LVFX2xGYQ
eMHsnvhcf78
Lcoc4aCLfqI
SKWh4ckvFPM
5qlIPTDE274
httqEshs_Bk
r_19VZ0xRO8
9D63S4ZRBls
tReVEvyLsLM
fWuzGonOM1c
4lHfTteF8tE
J7EZgXJQGz0
q5PU85zTEBg
yVGKOHtYwsA
LmkKFCfmnhQ
r8U5Rtcr5UU
ZXyvgHJ6c4w
RHwtJm3JPEo
GUlvJxDzM_Q
9RrH5M4Z2Uo
4y6nb7uViDc
nnnW0nehPEA
s8vw6C0YpTM
h6XNyUSrVnQ
GfKHLtnl8lg
u_STBSPQxYA
penkgJBJdv4
f-HDGlOgfY0
VZ0TmaPH9Rc
LBBqTd6uOd4
hBPd2q2dmXY
ZxgeBhEjJQ8
WrNAbqqwi1Q
dMutOrcX7KM
DwyKNLh-S0E
VtMd8Q6adYE
RReHnjil8RU
zA3KUmcCjRU
nOX4QdgXHrY
YiBx-oO347Y
M9J2wl-JzZ4
mZIIMRbh8z8
lLttBuduEA4
JdR3rLJtJw0
T7Gl--UoHVc
JxGqW3DHoJI
8IzjPmQeuAo
rV9Q6AMdt84
P2z1CnNj6ag
n7ifjoNVq6g
-bXayphyYZw
MtktN2QMNP8
k3ltHUWjm0Q
LWuU9ROgNDU
-3isiIlda1U
Uz38F8Qyi7k
hfpnldMBN38
gh6lGEGXVH8
Vz9xM2w10Fs
qRXkEQOtQ98
IT2kcxJCNBQ
OHcfs6rStRo
Z9RITW7C-zo
qR8FeCQR7L0
ldwJA_9AIww
Gtp2oHGBqNY
t3q4hEXcosY
sC30Lc4OMqA
c6mhYGCKeaI
ABckDcF8Rmw
LhaSi6_i2bo
oBsbI8ICYKg
6hTC-fcVPtk
0n9sBgds-Hs
i-dE2wVoxKY
u7srmOZyhDE
yGwyLJV1Zr0
lR4MTTwC0bQ
B_OY_WwZUos
pBK4_wrgres
3TENdS9Qqcc
y78ugwN4Obg
TfB-TsLFJdM
j6TG-Hhltq0
HxRv_w5DcxM
zGIw4MIJn5o
5MHFYfXno9c
PuaYhnGmeEk
Aau8LWGdBFE
2GTivnMCR-Y
Pumf_4yjTMc
7kD0ZYzJbYo
GY5Olv1_dB4
-Kzy0IQP7ck
VS3G61KzrkI
M--KnEX6EWI
vj3Y8L5HLdg
KS3EdZ6TETY
jRe9aS6RR9I
9chvh1WYCvw
NqlRg1_bCC4
PXW6zcm3-4c
o2rzoQNw1dg
ODRW9Y8BO6Y
NSZ7iadGaa8
qkt7C0NIuUA
DzZG5a0AYdU
q-a1aPHO10g
1a0wII96cpE
fPzxfeDJDzY
BNcODK-Ju0g
5MIBNOTD_mM
WLLK2znFNlo
9HtTL_RO2wI
zwrvJ0QJxE0
vwZi56I0Mi0
v6QH89i4YCI
r8NeG0wmFXM
MUULwaxqFLI
X1RVYt2QKQE
hRZPXgRhOH0
C0BPXZIvG-Q
iFE2Utbv1Oo
oZxwTiMH0FM
W-4JY9vayNI
TB-K6OniF68
CHKfKChZSE0
ayXMtOmXXhw
wppe_zKsLlA
7ll-rkLCtyk
ovPCRS_lEWU
F42Rbi3WIlA
L9uKkhCCRZA
nYb4FUdlLZE
9Jg1D07NgeI
C9_ytg6MUP0
5tdGAP927dk
7_caITSjk1k
oispNrpGnIY
Dr82cv6Lj0c
MfHsPGQ6bgE
V6-roIeNUY0
AdfKNgyT438
Hx_rwS1NTiI
czKo-jPVweg
97U6W-5iF_o
eUG3VWnXFtg
pK7W5npkhho
bEKNi1JOrNs
6bAyQvCWSlA
LMB9B6Z__bM
jAZn-J1I8Eg
Qfo5fdoXrTU
4JlhCuTYSfc
AXOfbjMh7eI
hbLAzwhBjFE
h5rRNXzy1xo
peCWuCSIv7U
BCEPRr5Hsh4
FrteWKKVyzI
ySxCrzsKSGI
1N9KveJ-FU8
ElifzykHt7U
1by5J7c5Vz4
rHiA66zUv8c
KImzvcrBfzE
7sQ6x6pQJE0
p0JcLbXfYXA
63pKwVE4Uog
QJXsurYoJ10
LzGC6V_YnlE
mlfwp3e8lgk
lpaByLW_ctw
VFyKclKBGf0
JRkDVvB106k
qGoCF0Et_CU
-F-llkD6cQY
tNm8eCNCaHY
9TnVNUFs23E
NTFOsXpKWes
lj_CTXVrUto
SUXCrOq2vj0
XamMbnzI5vE
nbik0ZqspN8
wj_PqUHTRzk
SjUO61Iji24
19PjDDEtAR0
_ZjnfvoWPmA
v8XfRlxykmA
HY43pdexXT0
1WaujJ1mPMA
rN-J_R-cSVw
p40Dl2j7tKU
0-rdSrxfBp8
KVMsh334C0c
Pn_Of2_OTbw
JU_mmN9-da0
BKKuRT8kHHY
jNax9GzFheQ
JV53EqrY8nI
WMJR6CuPp4w
62e4GGctnvY
6o3_m4-YH9U
0q3WZQ2qFaw
ShNynvypGwQ
ofufSFTVCG0
w6oiQgVSQGI
FwiFAisv5Q4
Nh2m9365i0I
enSok3Op8So
h6E5VB5wpAQ
QXCWEwRijRo
OsBwnmGe1xI
KAFKKlFoJjU
mmLukrKMSnw
6o3_m4-YH9U
vBjTXKpaFj8
4cIL1WFCJaA
9M9mAhYAspU
xwvU6Pj3ATQ
XFN3MrnNhZA
Ls3KzLRmrXg
NbHsi3-uR8E
4h7yCZt231Y
u5xP4tFQlkA
LaMUvV-gOfE
E5Xu2iNHRkk
HX__7pH_L1E
jLOIwdKiSd0
Y-u511RsC3o
AkafJ6NdrhY
zfLKMun94Yc
RrGRKbH85VE
Vw1G1s73DsY
fb2Zwmc3Sp4
6yBQjkrhACc
XBfQC4owUJg
T02aIBZRDoA
H-9xKmuwawg
ob4fLTBj9ww
2ZQ1D003g14
KrGvKhgW3U4
Zg4v9G-lku8
uCtzH0Rz5XU
HBPQZEU_ofg
TxAbht2DkyU
J_thdTnHD9M
KXdQ90llAHg
-VR9YMnemBI
75m26_cb8Vk
hi5R0gq9tdA
bU71Mm8BTRI
wS1xIF0XOBM
vb-VlKkztfQ
C-phQXGhrLQ
LRzUJUbKF6o
WCL6X92L7ZY
zi7v47kYKrk
bXxKZjQC5zc
PQ0fS5qDd5c
Fhj7IIsAgyE
q84yB9vyHww
6eFQbC5r17w
QFHIfQy8_Wc
4ERY2-ppMZY
DzEPphv-I5c
WzClExP7uc0
DAmMN7m3wLU
F8EyYBEZkl0
fwMM6g7wpQ8
Jd96g8vBUWk
M_JGeGLpOKs
kL3MCQV2M2s
W8LJjfkTKik
u9IfEp23JRw
JHagBCh0p3g
BxjlT11MDW4
TsRg0A93FgM
vOzOZ7hRr00
4L4fLrWDvAU
qv-e1sV3gos
p4fjQ112e2I
SOZwfQO4rVM
LqBlYJTfLP4
F5HRIT6EAZY
70WqJxymPr8
sO9aX87hq9c
Ok97X9Z4Si8
o-NiVh1YEG0
F2ZDp-eNrh4
LtD7eJp2ILo
vaEV8bNi1Dw
ZLYzX0G0YKQ
Za0OQo8DRM4
EjTJIDKT72M
Hw37dxW6q5g
isihPOY2vS4
tP8yKNXXGmQ
hHnTIMjd1Y8
eGGwReIE61w
L_Z3gSXGsyI
iIKxyDRjecU
csaXml4xtN8
Q9ge06rJJmk
hmRXQ4omW1o
8PpirPr4E0s
_6lGo0ssCXU
LQ6MsPmUa38
JHagBCh0p3g
TIHXGwRTMWI
OEvycEMoLUg
Acdu2ZdBaZE
0Cv1EFhYU2M
HukWdsRayqQ
VC2Hlb22mZM
zV_H3QzRhuI
k3IT-IJ0J98
Yu2oGere_Mc
j33M5BqoLuI
w45y_w4skKs
yEEy_48hoXI
JiwiTDXTO78
QlhU0YioJks
37ia7S4Lsv4
xctGIB81D2w
Z4iXOmtHTIc
5GIk9ABs8ww
JQ8w_TbQqVA
r_LpCi6DQME
PfwHq8w9GBc
B08iLAtS3AQ
_JF630CH5_A
AxZRn8n5iH0
K5KU9Q0aFUY
Us6_yeT22nE
8gLwk8o9LW0
4Y3JMvbcxQE
-SY5nkNVUn0
MvIlVsXxXmY
anJufxr44EA
LyXWNxKPg50
StqAZ1OQbqA
ZOz_yr8Yxq8
erGJw8WDV74
rtnObmsbs8k
NwFXVsM15Co
eOV2owswDkE
s4eAtMHU5gI
328quA6LZEw
fwVOaqLM2T4
ZhlzHzkVRq4
9FweabuBi1U
dFrgNiweQDk
uCmHoEY1iTM
adPLIAnx9og
4rI4tTd7-J8
BxTfwT7mkB4
TGiBkD0kxSo
jtlRNNhane0
CsulIu3UaUM
Bi4QjMfSOE0
tBHPmQQNiS8
B6wEvu-hbrU
Gx0QWzAmNYA
0Z5MZ0jL2BM
h9TunRURWNU
SYx5Sb9Qxa0
7E2lNBM38IE
mvhKjh5D1WQ
qk5F6Bxqhr4
akP6n9VWHSI
mdcTzyGM5vA
RUP_xodP0wA
vsVS1pagWLM
JPf8TxHvagQ
xxx3Fn7EowU
BaWMVNRhy_A
crsmPedDyoU
J3IvOfvH1ys
puhfMX8jb9c
SBbWGxXCMqQ
e7t3svG9PTk
INXxISlckzU
6U6lynVtMjg
9m6MoBM-sFI
R8nkqe2eDkM
w0fMNRsTXm0
QjEW5uFsc_M
ZAWPt95F1gY
ZLBWmm0LxjM
p6ZiDZBgPY8
LMyfEtElLQQ
Y2GC6P5hPeA
Q2qQoJlwqlk
IkUm27Ic5FA
vdasFFfXKOY
G6pFai3ll9E
OOEDKf06WqA
NBbeQMOcnZ0
fs0eira2pRY
WzRSpZpw2wg
xdItHEVfQ4U
ihQ16K8gSuQ
c8u3fEM3JG0
GBeN74Xuk2M
qBxeHkvJoOQ
IwxIIUypnTE
PEgkXFPcDTE
sId51btzn_A
KFklLqiEG6w
aVwwwK3YIaM
TKcXrxAonPM
psu3pPdfYSM
JkwrNmCwFfA
-xnXmyL7HUU
irWymeJ9uXo
7BR7Iee_mz8
HxeW6DHEDQU
7UQHF4EKPOE
7FPuFJygHGI
PZqzvs-AXYA
-VNfWh5UkfY
5xVh-7ywKpE
imsr8NrIAMs
YYin_N6xXxQ
GZ0eKqvzJa8
0KniMUmww5E
fcWVV0Hafuk
BlkJzgjzL0c
EuxPFGeLd9g
DRzJ_2wlZ18
AefJXhCxrK8
MEbMkm8jHxs
BKU-wmTAPdc
Pms0pcyPbAM
5frxLkO4oTM
NJsq0TU0qeg
PO7ym4pHZZg
8RwOVvlBTT8
3ks0IwqLNnI
ts5o6t7enOk
eNpDqYoHFZk
uzboHWX3Kvc
6F0HKpfy1ks
anJtq2rtrA8
3R_F8oGw9Pw
EqiM4O-bveA
GajI0uKyAGE
Z98hXV9GmzY
pK2HQMTdq6Y
hybDCBaw_YY
C28pvd2plBA
hfoAC9gdC74
PBnU0GXtGFY
RLpDLIIVpRs
71ISWyJPSEY
bi4YTryqY-Q
8lGEFV1V8pQ
LO_Swql0zVg
0_D1VzFdfxk
Wb5HAI73QRE
_PAkKEszCQU
3R45xnCITFs
vx3TXN6ipAg
Xw6CKEsWvxo
yMmSLJaXIZw
qtzCDUwW5SQ
bipEyYaxFNU
CZmJ284qv5Q
7maNuWjL3Wc
XQwe30cZffg
PxQl56aJ09A
q7qZOLc3mvU
MPtH_fENuSI
Rwshwq_vI1s
c9HIjPgcN8s
E4amrzJ_fUY
IiAtqAWsPBY
mNkSxMrKC0k
StsyCuNGkTo
t2JaW-8WDok
5MzayZXtSiQ
FoQwE1z61sc
rcU7VEs1hiE
nDHeuEM30ks
FEAOF1VsQYU
7XM2xOgeJu0
0ddLhHjCdX4
qGdH3u8N854
JrR6o5tYMWQ
7lxVqqWwTb0
a35Bwa7yA_o
4AdmMTLUXY4
1RfvKZtuzRw
paPuHs_0RW4
qY8Xh10aQQc
EZPfhckxIcY
7-oDF74zykU
Ncioiv8I3t8
irMPUoyHUqs
-Po4xX_6DSY
0ITAX62UaLU
NqsfwDOnSo4
fFIlhqK2PmU
zQekzaAgIlQ
DkT0vS14Um0
9OWmnYPX1uc
THadGrPeSJM
kmUGLURRPkI
FBC1FgWe5X4
JrR6o5tYMWQ
C8lUdPVSzDk
3kOx-IPqtqA
orlRuEwlDoM
Ecz5WDZoJok
V2r4hzMAp7Y
eKJ3aMGM-WM
-iog_fmm6mE
8e3I-PYJNHg
N72ksDKrX6c
iZqDdvhTZj0
U9tw5ypqEN0
5sCQjeGoE7M
LQoohRwojmw
l5mE3Tpjejs
nzOxVHhascg
4KsBqBefh8U
HGElAW224dE
4CqXCkcN_d4
81W61JA6YHw
BkbHeFHn8JY
JFlX9rW7Epc
x8Hddx1eOZo
LXtf84iK7i8
QOxIdbNwpx0
dB3_vgS-Uqo
yYU4DHLwoRk
Tq3u_utuhPE
tVNL5jmjvxE
Hzs6OBcvNQE
Udst_hAVCcI
I16lz26WyzQ
QiSOAWqc_Ok
ws0SQNPgQyw
dgzOwuoXVJU
YCYQL7uz0nY
ZcG4C5cf7n8
CqqKEVb_5Ic
_Rox-HXhRfI
ORgucLTtTDI
PToWb4hQkEc
BVVsVPWrVq8
TieksFvD-7o
0r36OJaeMo4
1Iw7Tg_afKk
MCoh4Pxs_ok
Pd49vTkvu0U
ekxABqJeRBc
MPnH7h12h0U
700gYRkhkLM
lUziismX-5E
p2eZbZqo0es
YSo9t3IDsDw
nWKiNRgKZv8
6i-efBe75BA
tCdvGgiX5cs
qpoxRwSNXXQ
Idu7VcTTXfk
iokH4SAIfRw
Ht8yzpIV9M0
I441W9JpAhc
b_KcFaLvFfI
J2lYuNMeOfQ
N7aJPyvHPgs
L4LvKOTkZ7Q
x_gxZd9kLv4
yv9jskPvLUc
BuHEhmp47VE
tRg_eDfQ8fk
Ih0mZcAhI0c
SEZbZK4jFLY
1dQf0sANoDw
yXLmdu810BQ
i2uvYI6blEE
AEzg70YYsek
-aohQYNXQ4U
BBQurjDaUtY
rbYweTLvD-s
_NGB10uN6OI
DI_PlZmlkKg
Sww4omntVjs
8V3nNpVmmJA
6-F8TjLMQYw
hM49C0AfilA
aoFdDAAHfGM
WWArLD6nqrk
xnfoxOdInek
5KubLLpqUZE
h-BJtIG4dWY
f1zyvv7lvFc
ohjUqpXe_H8
H-PYUd0h7_Q
J_7nqhQpmzg
-OCoStgd4EI
J_7nqhQpmzg
b8ugFYgnkw8
QrXtqDzUPKk
Z2kteE-Rrgg
ETzRxxOK_bs
WcamZb2Yu2M
lcZ-3CjBX7I
sut1NvUW2yY
cA5wkdF3wAU
5SNSA6pmzjM
Rg2CE2nsLYc
quQyZdhPjxc
_5HVm6FOUrk
EKmmxxErv6I
V9375FUc5Js
ob_EbetfGq0
hREiWvCYk8w
Ocaq1bu3f2w
Hcn8oSIV8lc
MVBMWDzyHAI
7WZaCg4vxss
kckJl6MVot0
i_GefvcgfTk
pYNT-4x-pIk
_SHKYqxUWvA
6Vekbfit-Ns
XPFXe3nTQKM
JApBHLZaNpo
ajO2zFEtEYs
BBua3vHlj_E
VHFSQ01zaiw
sy9lCqqgVqk
7NkMm5WefBA
nbWJnubw7wc
Khngnjhnpjo
bofu6Hw7u5s
MFbIBg5whuA
jr4sYlgpO68
gST38OM8JmU
QNBRq6zdLYI
rsfPWSPOwqk
qGdi8nCBBlM
GjUxEddmjFw
goNXmP0VnFk
PGWh04zDIK8
7f56dl4NVJ0
eaPmMH4gizQ
rRr0mmmBF8g
ZNv8O72Y80Y
U9jAcwaETD4
HrFRY32i_sE
zxHVeXbK1P4
Iub67ic87KI
sONcojECWXs
6QHkv-bSlds
hCRGc2PcmB8
UFj9AEz0DHQ
mdq0R2WQssQ
S3H7nJ4QaD8
cBi8fjv90E4
Xh_W82JgOms
yIY1zsZ2yCU
K3BKlczc8bU
kE-MosYWq9M
Yx1l9Y7GIk8
FWIClNhH8Ac
SOQjijlge3s
zst3R1OP6Y0
eeiHg9CIGNU
zlwhSv53zps
SdqUegWsxz4
zhszwkcay2A
_YMGXd4Nc0I
dxI5bReatJw
niBH69axInI
rWXe5_H4FLc
Y2yX7qCtkQc
Puj-ifoeick
6q1KXMOpIgM
OfYLG6FXtqE
_2Tp3v7fhQs
a3JyR73r7JA
r6jMnYwjftk
7xk8VFXvVzw
n4q3Zn87OZo
mwE61B56pVQ
9z1BfyqmsyA
QORiAqP2aYM
LhzAr9reu_4
uaOdjlgVcM0
oi_ARV_I8Dc
cWijBc0xZIA
cJbGK6cVmSM
9TOSuYXpGE0
LpffXEr4GJw
X4aPzz_2p7c
S6I3UWvUUbQ
ggkzRrI7pBk
AXA4cuKskls
9z1BfyqmsyA
vabSSFCSkSg
dWMYh6PHQFk
UZ06VcZX3ms
1wyhY68esZY
5onKZcJyJwI
pEGWcMTxs3I
IbEpP_sLTxc
rZayaifhJ3o
pMcu35-tVls
Rk1u7VVmadE
LTisevoxm64
kMw9qa5VF8E
Z0NKd-CGjQA
WKfZsCKSXVQ
xbl5cxfA1n4
DSM8oN5lj2U
cLqWYeQcG94
_OeM11ZJeUQ
_BZIvjMgH-Q
cSIB2pDvH3E
pT4za5bugj4
2WsHmjSH2Jo
zsRnRLh-O34
G7hyDuG7YNU
E7d-h31BmAg
nsZK12AG1nw
8sG3bAPOhyw
VbFxBiIMJR0
fjD-_Rm8lNI
QF8gPZa6A0k
lt5N-cfQerM
d6XXgeAkBfQ
URyoiAt8098
-FUw8HMbmBQ
wJL1oW6DlCc
_SlBHUW0ybM
FocGotjZ8r4
iUtS3YpWt5U
CWIc6QE6iNc
yxW29JVXCqc
Z-XqlSwbCGU
6TGgYqfJnyc
pdUcANNm72o
vUbFB1Qypg8
_bEzJhBmcrA
pMRnGDR6Cu0
uQ7PTe7QMQM
CbpoZeQCNe4
vxK_xM_-YdE
fvAxtJmFLKg
2IRTqU_x8PY
5SFtGo8VHwU
wON8StzwOLk
JVGg4zPRHNE
bM1PBeddMro
Ws6ogypqAQQ
pPyR0nYUXqc
WvCZcy3WGP4
WA5U_hBw544
PeuVuoa13S8
xXpNUeUHfWE
vPETy41V7AA
F5COhlbpIbY
1eudJzUP1Oo
haEmsMo0f3w
YCHNAi9kJI4
CPxkoe2MraA
O8i4HUw7JYA
cmZq7Yok6Ns
JrxQIs0GmzM
sjsW1AUNNzw
1RIz-cmTQB4
V0uqfjHVVKg
8Jgp_IUKL7Q
bmOrW1rZp10
jFwQyDPR1us
hu45DrvqrVg
9JcrQKUQLAo
0AzjJIRKHeA
e0fXuyL0xVU
na9m9MTn9JY
piimCSa64d4
Odw2hY88Qmk
q3S_f1m7lLw
nFYvRhfa5jY
2upY7SjKAh0
2UXzi7QodJs
rnsgAvFUEUo
XNF8pXr6whU
SwAK87hKtDE
GMRjIlG19DU
X9TnkMOPhXc
pBKGbCu0pJg
_DlAec-TVqE
0vXkcJqWR9M
qBfL9zaIV7U
FF382F5FzDw
MZ3-LW5nB-I
FaW8PwhU_BY
55wLsaWpQ4g
9XbKMUtVnJA
HXHIvFR5JD4
tFNuySUMft4
t2HqpYqe4U0
AOJ6CNh4wFA
jes1iXRFRw0
vSbtW3xS_cA
R6lhoiY1JHg
jMA1yWRdTPM
hpqUbpVx5Bo
q-Q2uU6CbGQ
rsQet4nBVi8
zeYaENLlYFk
vohen2foa30
_8pzhc7zjTQ
vJY6hwNlidk
FhFZVS7_SLA
Ho8vk61lVIU
_UWXqFBF86U
RRelFvc6Czo
8dzMHKDkV6U
3UbJhmkeSig
atH3o2uh_94
V3ksidLf7vA
vCTcmPIKgpM
NewCSg2JKLk
8MIfSxgsHIs
HbAeTGoKG6k
12cB7gnL6po
3lCKyTSMUkE
2RT-vxxTXng
97HLa739rXU
MO4_G55-p_o
bA9DDa0jWwg
dbGDhlhHUTU
hG5lGdEnjjs
TF8uvG2Onuw
vTqRGSxOtlo
XKoWWi_0qGk
PaH7EC6FYfk
HTQDHT0qmN8
kyeK_mpl-xA
6-EZlYGt1eI
54e_IYm0RfQ
zEkLLdtTF3o
txrLRTuniHA
mJ7W0JkOmOY
2qSp25RY3xI
MygA4BV8YZM
631T7B8HOv4
PP5URoIpM6s
8IeU_sQzl3U
lgAiga01aEQ
iau1QD9_Q_A
S9BJnVWD-8M
M0QesM0FqkQ
ZVDzZHw7V6g
Z92fwFQntG8
mm8ry9Ung6s
PpLAuzHKYjE
ja7pi472pew
rodmd-P6rnA
-jjcMi9Nkts
mPN4q4gEFGE
cpk7WP1ddkw
maw09z3pDAo
k0nIHpmboO0
MBNUVXXz6Cw
xwejPD8z-IQ
jg8ID7UZDT8
s61Rbk3ynXQ
de2HIjLxJUs
6YcfOL4cd5U
sZX9gaC_Uv8
hHB8i4iNhGI
2YeTxWtxgPQ
Q-CZjDi_ACs
UwXkVaLvadk
J5pTuTeocYI
_JF3vonT_5M
RRRZGZcBTow
tmAZ5BY0DQ8
zHirwKGEfoE
WCK2HMGcE4Q
gWjrmotI0g8
AG6VSAUzSpc
a_ZwQJHSKlc
X9r0slLFVOw
NPD6rrVFaI0
CUXhkeBDxYM
z0j15ytJCIg
8Yn0IXNfEmc
O3v28c-3EBU
k1_8N-KToPs
AFD72vONawA
QXgJl3zecmQ
OLSa7fErTAM
JEv54Esnbhc
VAEp2gT-2a8
k1_8N-KToPs
jPKKHNuVmeA
uCoQaLpt6ZY
VPuIJQSwuHg
BN-SAvuUlxY
i1hd0dUQfTE
MT2U-39lYNs
K0WDOk4e5sE
Fz5ls6KZc0M
aIgG6sTHrwM
R0MHw4uu4gg
EnVqJEjuhuk
FeChZm4E6Uw
TshYsRI4GUU
MzKiUR9Ms-E
Gs8k_PDUL3s
lWGqYueF_P8
Dq6KIX2B6DM
UHk_iIPA6qI
iI0YeSXNZ7o
c6CezrnaD1w
ufVaDwhlhPY
E7V1xadkr-c
p9EydUdeiKY
DKUyw0SuTAo
vEBWZtpbmfo
GbfnpsjrYnI
4aRBDjzXq2M
VVKApUteSUk
J9Cd5IfModU
AV5bHkuix70
epBisSuEix8
CP4EdBpRanc
lRJrjA2ejmo
ZQyrDoLqyJ0
zqebDW5s3GI
XyovpRuiW9o
Lz8GIc6bPk8
l0-vL9E5Fn4
D4So6xb0yBo
7HRqsAmdwqs
Y8bFyAef1dk
6j8det-FN80
bI5aPFZvIms
7iRoJf1Gvck
x1nWIQRbXfY
TcApDmreE-0
p8lu_Vt_2gk
Wtz9Q3SKzfM
nJ9wdUCB290
p6jOocYKjsk
ICNsFUlTIlQ
EkPChPuQXN8
_w4mKF8X_1o
jK_dM4fHGTM
RRVdW7gNOuM
7zFUBYjcDMg
BZsJ630s4c0
QIRzk_kiUhw
Av9ze43lqGc
YmZXl7uu5hk
-uHlCKcDrzk
iwfwUE-6eAQ
TJXJrFmG5lI
i_QAAP2AtPo
We3TZMv5gXw
h3Qkarie_lo
jbqemRDCICE
DyibBhGMXs0
nwVey26SkT8
CtXs2hJc8Z8
1T2oR2VkIHU
FsOaja8PHXQ
UpYwyx2q2SY
eLNWjr1dxOE
FFCSslLOfbo
KxhlxQGuIi4
i5cA40-1G_I
wIBPUdghezA
zx97XEr2qF4
-B74rLSZB_8
Tu1z3vFyNk4
jEah81wH4aI
wCFY3HwpEME
-GESY29g488
wZe4DJ6KLp0
SmjpNUEsZnY
kfJj4mbonZE
Pvx2jragu7k
5UOzIQc4Gv4
nBYz-YlVtAc
3RXJ2Au59TY
z1Gk5XUVLuE
3308jgP5c8Q
AbUv76q3dcQ
nXI3eZwD2dU
cw1x6BbB780
-wkXan-xNqA
SBmf5UqZUjU
Wd-z6xuTzvM
q6_K3qFq2Cw
NAaVvQdtmng
4adnfPF3vlo
kH0YuP2H_hI
xUnbZlJnQ8A
hTtlLiUTowY
Ts5WBm0tXzI
-F_ke3rxopc
RX4btquQzUE
ZwzXvRpoPP4
Wa6oZtxQGBM
fqFpq9WXbJo
RfJuigJebRg
hPUGNCIozp0
Jx3pdWBlZ34
vskBjYc745g
yAZYSVr2Bhc
opZ69P-0Jbc
MBRFkLKRwFw
8ma9Xh67Eyo
zpfQISmjmVs
QMB2S_iW6e0
xS44qqPqSOI
CxF4G2N1nTE
oyY4oPuKYRQ
rhvthN2SMfs
AkfEWDv4Dz0
lyH2AqWiJng
DEx97PYrAHM
YULCa3CUquM
e7hQTd5q_Fw
JUmachL5IW4
fmvWjWOQidc
i293O69nuRo
95_uxVH5xdQ
GVVihg6iqvs
2StxDbxV8gQ
7i-0rdzkisc
IvlBjtl1OCc
Q8CxBKq-YlI
FTAxE6SIWeI
V2-jLK0aNiI
7Y4thikv-OM
FYfXwdASiqk
cG7ciSVMChQ
V84v7SWm7Vs
kxQxMm-iXBQ
vgI5SytLnAw
T4pBXrcBYr0
l9uEKf0io-s
ZugHQ7vBk7w
DwChOj-bqws
kN7kFuiNpkc
Bd7dmD6fJPM
9uYCHyha5pk
LQH0ICx7E9U
q1m4j676BCc
NJJhqOVcjsI
3LkNlTNHZzE
_2aGHlgGr1k
7lScgyXGxwo
rWBfcVh4P3E
ZwxLwgdMY3o
n0eZuV1uq4U
B2FpDDEVWtk
MLlp9H0y_l4
3aUjukCdPyQ
Ex7YsQ_YH2U
rS5o4v97Hqs
ofQqhJ_fa2M
rcPIvGRwrxA
QBGfUs9mQYY
fL6gSd4ugSI
I6ObTqIiYfE
1FJHYqE0RDg
PyxWnIalDcY
MPukbH6D-lY
