EiYm20F9WXU
ETJs5moej9M
tfVgHRPC7Ao
U5WvH_UylBU
1g08KdecSDY
TbW_1MtC2So
7dFHOi3-enA
AdrnN3A79yc
vBS-u4_BytM
n8_QERLOu40
GfyS3Q5ATbE
Oj5hAazXcs8
KSdU5B_fdVo
w7foLl3Z-ts
pX3U1pcbp24
lqriCSSsMiA
2JOwhd7SgBo
m-vJc1olyec
3Xpc0ny2xEI
-Omnk3C-1YA
7HH7uCfBw0k
vKXVtdkmZbs
ySDrZsiTgYA
rBWImda1Zig
1iIENII-lVo
Pz0g5VA3pF0
KjjME3oYbps
6wwhbOaFuMI
xzyytRY5htk
3TLf3hnxUaY
ifutqKQ6KQE
3HRkKznJoZA
MitqjSYtwrQ
vfDP2ONPPOU
S3vfHZI8VoI
-ixUGwk6IC8
NrEafQNV9KQ
xhjGOsQR6W8
f-xbQeGZ6rk
WuDy1XOU6_E
w40XcUP5KrI
C2gy4rqqfMM
QuWsHyuLD_E
J2FwVn2MFPg
NwTmHNt-IG8
O6epKIw7W5M
3jyVmNLAPlA
yDiXQl7grPQ
bcmJ5u4Ord0
L90R6PtxFKE
K2V7YQhsFo4
BRDApYgvDqQ
6_Qnc_P1xMQ
71X7a8eu73k
Prqc-PoeZxg
rrwd2_UkmNw
MybjFHx_wfc
smjf3M6-1XE
VNr5FyZp9rI
LfIAXqZvE60
b03U6BYF9L0
rz4Dd1I_fX0
t07cXwpGZWI
piinC82Zi1M
eEDZuFw34YM
Ich3x5XphK4
-oCQn2VkStI
_X8XtZZYkNA
aVvR8ABCPvU
BNAgri-C8Y0
4bzWwbjYi0c
JL8jKAZTZ-4
zNUPS919HKM
TEWLY3mdk8E
qS6LoRYUdhw
g9oCOSvYkWc
iALfvFpcItE
uxI-8GTqDYA
B9SptdjpJBQ
r68ENtBNfAE
AR4UgRJOUQY
-h2xWLbXkT8
7knPYg5S4hY
sicVlnf1Bws
jVQ3zAfe2aw
IPrndNZ4m6w
k6p1nmOnILA
cRWix4e0DzI
Q8uFbbSq1W4
C0tW8FWBm1g
_0rhmyroDF0
9utmDhDLicU
hvu4D1jngCY
KJRzgl0FuMA
T_UPnh9nLkg
3jhZX_72C8c
lDecu0ME1Zo
wG5JyorwYPo
zhWDdy_5v2w
nn42RC1zT_A
a_odVQK-TSc
SxsgoBaGnPg
gxSUqr3ouYA
pUhJnKKQDTE
Ylk4d8aNjO4
-jxdIt2_WI0
HKJFESU7hqE
zNLfP-hB4xg
DZAMKuXJOcg
6sRJIObMErw
1el8BMn1QM0
o3I0mJ2RfU0
JL4Kqfxg2KU
A4C4L0pCFZM
ckXNabjF9HU
t2Hl6-jWGcw
vWKqeJxzeBc
NbqTkHNmlvM
H6hpJzK5vUo
zTeaOTkjut0
0NPH_udOOek
qH4WUUQ5pOI
TGx8rjgdIXk
YPl0naO6GR0
I16TJUp4SVA
sfjN15zsPyQ
PwRCZE0-P2I
T3Ftj5E90tY
n7bZbBFYnfo
QJ907Aa7TYE
CrRDtZp96jw
b6CPsGanO_U
dE5g0PVejBY
cRsJB0taAak
APkpiO0QQ_k
7sKp9R5BOEk
5ioQ8a7o3Mo
YAawHbPiQfo
IfTpTDIEZXk
GG3X4GZ4FHQ
FhZrU6g9seg
e8kHyee1z7w
CRV9PsZRUV0
W6CBb3yX9Zs
vgTQD-v27QI
nlSotsjZVww
V4RZJSeT2sk
dkyvlS9k4k4
p2OCDAHklQI
n2EVEYmeSqg
ANUoAdXfA60
46LU6AxB1go
MDHL4mMUCPk
55j-nVwHa_c
CGvx4gl3D7w
du8siPJ1ZKo
ztiHRiFXtoc
Y52e551lU50
6Zxy_dScjsM
pZT-FZqfxZA
Tvne48F0Eqw
bYkY4Yig3Gk
LTXTeAt2mpg
cAXHC6ShJ-s
FDVNdn0CvKI
rjmsWFUNzBw
mq9PAguP86o
LvpwYLeuP6g
tozEuziqdpg
3CfbEEulUjM
VgVQKCcfwnU
mqQf4Sg1g9w
s4XQo4txlk0
Cs1uud8HiCQ
8e1XX-ngJcc
9n2tmNWn1ec
Ow1-uj0ToVY
GU3JqoUDkjA
p60rN9JEapg
vPszR0-vTqc
haqi4xvjvKo
0diS49kvWWE
ZipzqCphi8s
bkhhCi7nMFI
tbZVyt65Jmw
27EBed9rzs8
5r1Sl8DKjf4
5GIfISN4-G8
0mgmayMSESI
QvlwO4_KZ9k
zFM6gmgCuvA
wissIOikrqc
sWwd5vks9n8
tB5-JahAXfc
JilYBVrFiLA
yUofDfhaIMM
F5kqThVON18
bIdjf11seK8
AskAQwOBvhc
bV--EABqhiY
SZkGsgmpSNc
bYXZP8eZKCw
guh7i7tHeZk
Aw71zanwMnY
rr6lsTgZKAQ
uiKg6JfS658
jIAltUyFo5o
pocNl2YhZdM
BPJ0729NVjw
BPC7e8W8u18
Fw3x4wJMHiY
89shevn24L8
jEAr7ThsYew
TnNixMosUIo
LNDE_LDWXW0
2g4fWaegoDk
HffWFd_6bJ0
4YOwEqGykDM
GOK1tKFFIQI
SVQlcxiQlzI
BK3SXjJ5Zog
DfgkAJmp9-A
iM8s1ch5TRw
FFrbmYpvC4I
kzo45hWXRWU
gd7wAithl7I
DXjpb7SFi3s
2rALJido4iI
vr5n_ZOZ6E8
zCheAcpFkL8
I0dQx4SNSwE
AJXX4vF6Zh0
ImW73w64MlM
t1nwSuWr_q8
d0CRvOJqwzE
XeEIoGMldyc
2ZiRZrYo5tA
hew3z2FIbME
ofbnpVbtqTc
OXw9P6sCcF4
fOyO6l75GU8
OOsqkQytHOs
u2GWd2j3qJ8
RWiOhlqEDz4
qCj2oN4QD48
-pziElSiJgc
QD2Rdeo8vuE
vxI7PTVRfhQ
btV4K9JMVEQ
zjsOOT347cA
vzrjEP5MOT4
ulK9XUd_hh8
YHin6lk4KqU
V43t_S7VGJA
nNhDkKAvxFk
lGglw8eAikY
ZflIMBxyIak
hmqguIFMC-Y
VxcbppCX6Rk
KAbMjI71JqY
hMIHFR_P7QY
Agdvt9M3NJA
eml6f9g_Yhw
NXGaOrXNIo8
KMGUmcveQeg
dChhzNGHgnA
wgxJhpLoFFU
kqx0-ol5qeQ
Naecv3h868c
FJeuK1Pl2bQ
QGdHJSIr1Z0
PoGXr6hUTD4
-EA2eWZuYDs
P6zcSFA7ymo
N5plbx-i2Kw
BkcXbx5rSzw
KG_ybdk1VaE
1Ya67aLaaCc
eDMwpVUhxAo
JiTz2i4VHFw
1a8pI65emDE
JN0n9mAa2ww
-v-IMSKOtoE
z1Kdoja3hlk
cKZStlBECHo
JSIkdWxotKw
lHfjvYzr-3g
7Vozr9vHeMo
H2_6cqa2cP4
vkpz7xFTWJo
D1et5NgT6bQ
9vRUxbzJZ9Y
Xa25r6XO394
49RztN4Bqu0
-qDi7IbYGVY
lYSX51xBkos
oeF6rFN9org
0CP0VX9XFXU
1nBwfZZvjKo
6Ni5HOdGtzM
hpc2NjUAtOY
NMXNf_sCFAA
HA00ZctGz50
BwqAelWSgHk
SePL2w5f6dE
8x5APKnt9KY
NJ_f9onTTQE
fuvY5YG5zA4
o40wD7Nf9oY
wmkO8oWyg8Y
Soo4f6e1zCs
mq1F4It-3RM
7_5MnsdQeQs
S98EZosvRqg
5kK-cIHnVg4
