RZmJPZCKUV0
B7ydniBBvZo
oHyOz9VSKsM
egKHpaNuxDI
OXw6wuLhy2A
fBzSkhiA8is
sY5ey_E6Ix8
zeyoJGqKbOQ
mXc1ZeRlOe0
JA30H9QBFac
YZ4xNzewzmQ
rFyLKdDnXg8
pniXiSEoTwM
se8sB7pzCic
1GcDF8ARdYM
WhD0Ylq3TJU
UBhFt2brTzY
m4XxghQEQT4
DtEFYTbD1xQ
9VzEI0n0pcU
lMNdTZhQ1TU
i6UaGMaZ518
ms1gNvNtZws
OLI4kt_B5AE
Re36uwmNa5A
98cl0z2YPzs
a6kBtpMLUck
EddOk-NIOc0
WIBJ51ujSzg
UfcwyirLGAo
YByo9L5VarM
5J4MzjnayQs
f6KAdk_ygkA
-2BdVZaXatQ
-iYq1bzR_Hc
UKR5epJoeR0
QwaffHKJoOA
Mpsp3CyGtd8
FnEFW14f3zU
-zZHEQLVyWE
oTP2erZ7CBc
HX0sWkye4yo
nW7xHuWAnUo
XMWWDI3Wm0E
axTjMsxk3DM
_VfJsTKHBT4
7UsQbSZ3l1A
5t4pZOnLoSc
a9cevqG6EVk
n30yBGu1CTc
Gc1Vy-PvKvw
ggj-aH1JOEc
hkAVl2fM9tw
s4lOn7OwZhw
JvM6ddLvAgM
OFTU6Z_wbts
Ejp9RZhXHv4
ORbHVzrvKp0
x37kdrS6c_U
qzHn2wibqgo
JICmmxeDa9w
9rwRfiNr-gs
zg9JXS2yjdo
qmbjt2x-mhg
EJG8hLZaxKI
7FPHW5nQAF8
nTqZfH7t8OM
Fv3u-atw9S8
FbsKUty8DV8
jb1bL8xTqAs
RMNo7IwwXDQ
155gvl-5tMg
wHqC9xxpRmE
uY9iXk0W3Ks
bNN9gsWUUhA
o-lbvJaXHNI
ng8liaJSx70
IEQlg-MF394
pzVKtJXcwuA
FiK65uTKhhA
6q2PfzPhNNY
36c3pOptHxU
zoFKptnSnds
IeQ1h_feGc4
hIOH7f27pzQ
avKlU9nrjEA
ctcx1Wre4zI
wvx7sn1sSrk
MWSlbVmplT8
jd76dTFXocM
Dj9ExFT_FEk
sXnepGcGSpo
41mRzEkhldU
QpLL9GrBQ2I
N7y-_sR3Pb8
eGKpqvaerOc
eznm5GUWtiA
JPZZy0IxW0A
uxBzmTylbwg
wENKt8bR2RM
7nbxSCxiq2o
m4ppNfr4Hxg
FKc3-QprPjE
x3-AAXQT_VQ
gKtWiFyyOGM
B4D93K11VfE
jr0tQRJ6pqs
Hcc3eU40JpY
Bol_srxSznw
hfgPm4sV0uA
nUq-K94rX20
F7PX51IeMbU
gBwmvjrv-6s
vliIBinDigo
YICzXLAtQ58
hC2yvfiOC7c
WeTcYcd5dUM
L6vRAgw4y50
HLq5IRyTgFk
a3NK4AgyB5Y
oQx0cRKwWJk
0XNyDfoFp-4
SQm_JCgbjB8
YWFOr557uzc
Vqpvip5D7Qg
rCx3gxb3o8I
7iiyPl546wI
l5i8gGJAoO4
nQrtFdYEEUA
TB1LVy2WEdQ
Zg575VmhltM
-GbuohCv390
6RzMymk6w9s
DY4zcQEU7jg
7qjfCTzvAA4
ma-x-cGtcYA
a9Jx9jyIGNA
pvo4iLDAERg
YPQHf40P92A
w0hvbsk3J1M
oW5vF0_0j9k
