akPZjOZZVNk
3zgJ1Cb99uA
aaUfajPVgNk
V5cqI4LKPko
UTmsSG8OW5M
UMOJbPNKFMQ
cH8A5y10nPU
E-97fnUAbyo
FtWOAmXgGBU
-NEpFZihzj0
tnGSY3QuJXw
DjHkik2cYMQ
t3W8YNGcqQY
lI-SfXmeHhY
9zNTpey21Y0
3JsYma04-0g
Tu3Cb0nDr8g
hWZIbnkkI9U
MpI6In4fmeo
m1vXAPxPmL8
Q66Bmvw5x_4
aVVjRQ5i3E8
cbzyHaWlcHI
gjGLD8bx7Qo
c358xzlrO-s
JNWPLKoWr24
Lp0a-0oIz_Q
eeLndkDbQlw
mZWrKrcBF30
LFtz5ZTJxxw
x7feqv-wooc
oVPD5eFihKw
4d9YJwF5FxA
7RJrnyB8jnQ
cn7Bxsqhcps
7fuVAnAZXHU
eWjIkhMZu7s
N4IkCAeu2s4
8EM_cfYcDjY
5qtTsfO0VVo
UjB9dHtGC6c
Vk94NhgHbKM
5eMYZCnNALc
l7XbBdju7yw
MVe6n5fqTek
rt7B2LkFB6o
KuBuJAA6MNk
RhP-HdZJkIY
ZsXo5oY1m7g
7DKmIIEaMZg
EIdf3DHLjMQ
6M_LgnNApzA
PwKxwtU3fw0
ENkh8KftC2o
JFyA6LhiXMw
PcDznK9vd_w
1JAtyk45cbQ
VnVVuLIoSWI
2Mlw_jVHq7U
r4Z1Jf8NZmk
tbak304MA6g
ABfPJB-2PKM
aJ6ZtVQcyKI
LprAn1nhjzM
wSWT8oPb1mM
Sz4U_fGXH0c
sUKzy0sf8NU
NZOHQwzA0bM
kow3Q8Q4V7A
9nAI46ZEu-w
I5K3A0x8zHU
gkFCO9AyZfU
56i1vmLCpZk
TJawNbIGYbo
qD5O3vXj9eU
3WCLFrb5Umo
wLGkN6KYE5g
80_r0VuB_wo
ZIYohleLlWw
UKomr_HWf-Q
5yQGpC18v1U
r8slQM1NxvY
AJ_j5Q9bilE
juiIs1OL0Uc
rO8ZD-LVisc
N1pOKoUMz7s
weryT_lXS9I
YV4lsz2v7P8
nLknvTnV29w
C_cb7kwRv-0
A_u9Zs5WTCE
Ox6J4vlrfF8
5v4k__nIwII
hgzhJFHElAA
3N3TSPZoY1o
_bZNTQ7F7c8
9T_XPWoAJrs
GrxQYbk2LBI
JRzhN3czvLk
I8qRbxKARKY
Gt303JRUCsE
cyXTDabEYdg
bCKND0cF9f8
xU5Hk-mFi9Y
FbTwOHMp0ps
4iH1mo__3vI
wd0MqIcY54g
PJIIZm_JO_4
dTq6Hhkpw2s
2gtS8r4jXdM
Ee3otfCQuxg
bqprZIfcsTs
g476q-3DL-U
yfoCcEWkpDQ
N5631zptrU4
q55YLabSe9A
KDNr9k58bm0
F6mrwD8J4vA
p1bmJGX0md8
ivZsrNQZMog
Ja5DBcwlbo8
AguS_eVoVR4
bJ9rzXQt2O8
2YhD3mpDIZQ
_plscSbrWts
kMA97zbgwtw
pe9_FAANig8
CIoZ0Xu5Yb8
uSuO2oOwZq4
chawUrr57ok
x7wo-hIl9Rg
iaKkZJAoqCA
yLl8DbbLgs4
6L1CHVxJ0yY
y7ssLE3FddY
-_PU0cRZ9wg
xMUI6qdN0uY
UVSrfXkoKNw
l-nESFnpz3c
tFvU0bFcpNk
PZhhCLpVAE8
Nzkozy31Z4w
Y89-ofD5Bew
tjTSMMnxDZk
pDPt2mow5t4
9VFxefR23EY
AKHmC8CmBeU
IZptxisyVqQ
OIF8N0I4U1g
6X6nPRm3t-k
cY73LW2mLPU
hsPBcCIvDSg
8WCnQ1WUcwA
AwnCTk8npxo
IBs8rilRf8Q
WU5uCiV0MyQ
JqWms8Rl6u4
_zjwSX-dKpg
VHG6gzYzQ6Y
gE82LsvGujI
7wXauVk7DXs
KqfcpNrcGb0
PrqkhCsLwDA
p_9f_XVDGHM
uQ1zfwtgXXE
zC0gVdA0J3s
_z8vUM-I3NE
OZfDV6-3qA4
AFjGrVVXuvU
-NtSZQHRc-I
UNLx326JQzE
KyWpU2emYf8
1UEkH15wjNc
ZlQqnvI1e08
ghhp82lAjvY
6cQLNXELdtw
F7AzD6Na2C0
VO9He_KhGy4
JlQRny6bUlE
8JyXZC_e0yY
su96z_Ski9w
njSSCBjnsbU
eADoC3KY06A
20bkbHpqf8s
1ofuQTct4HA
kp9H1ZLpw_w
V2gfq42_5Tc
AIN2Zke74V8
dbTgR1OL-rY
cPNazmU4OMg
y0UArMynk_s
aLTk727FGuA
hqDpZY3QRkQ
yThjSE7wLmA
qkmJ2i4kZ1c
Vsq1BG5hum4
RN9CuJGzyis
qqgNflQG_AE
xZcE45Ap4es
