OJ0UNZFYSnM
ViGdjc08Vt4
rf3Eub1Hvhs
a28j1G5OUqY
aerFihalHxs
dWhbkxQb5gU
lJMuVC8Q5_g
32UXmW8W6yk
dQrV62DDr8w
onsR752kNf0
exqL4C2u7HA
mL6fR6yXOS0
CWkRq6QU9iM
h02w5E7FGlY
CyoTGmhczcY
uHSbiyez9M4
dTOZua9_7Tc
ycIAW0M2-NQ
TEVsmXApNho
D7FHkDAXa50
EA1xLEwZ8XQ
wFCWtqPEDAY
2SgwC0wv0I0
kkLZo6I1uG8
7aipVti0azU
8KcHk_9iues
m8JESL51UW4
u88D8Kj2Xcs
mQk8W8EnbLs
6LlK5NR_kgE
aaokmHs71qg
pFXdsD-8SKk
6ypVbUBEZHg
R8H6xcAH8ic
Aa8nJk00REs
nccvDyjvdps
0KgCqGtXqFc
PZvI7vU2me0
vZC3tLYDuOc
SoK3Flt2PM0
i76VrRf-aZI
PdN6i9LBAs4
JgFJvBbEiLk
J24TGZDk960
_dNCs4RSABg
IFmQ5waavJY
xS7P2OaNTAQ
Yhlvqmy-3UI
iNlQVMCG-eo
8xafN24159A
4Ol4pfejKzI
6yZk0xyfGsI
UI1QEGKNMuQ
CTBOU77czpY
TxeRHhCTSUw
JdAKO3b8oLc
wxvljjNxI-E
Xkvz5mQ5meo
FF0LPEluJhU
cAdqytOHSE0
NBFSDd_5tiE
x0vUsxhMczI
znu4QdCkBto
zjUVR5gMDu4
vZ-SVpVmCH0
orkU7xcxInM
Nsc9MqfeOz0
56UmHs_6Cfs
VvWJ1ihinK0
DPkAjOVyvgA
a1SUgrg7m5E
I_VSJQeLjwI
YsVcVeLNIVI
-r0voHdTK80
WqUj42vefg0
UrmeW3W35r8
5o2MhhJ5mRo
iGu2U3X9-sk
iWdDbuHNmpM
d5bdn_uq94Q
k7QWBfK8t7I
sVnarHAC6C8
RLeVdnUUbOg
Ol67pQWu850
DsOzkZe87zY
eMK-D03vmIc
vvDYuj1Bs6Y
l1e03mdtH00
mcVSKpa6UFY
UKENclPUUBc
zzx4cKJLphI
JF1oo9ho1wY
6c9Uu5eILZ8
b_gG8_z9wVo
4-CcrweUsYg
vyeik_iBKf4
-jM2fpm6fnA
LH16ympCb7Q
o5D1g5HjAtk
dL3Hrwg3A3w
la6ROCNOGY8
mL-TwDTqGzU
9jY_LpSH-w0
7kkVoKfG0dA
TQGmAiwfth4
cSFSlZwneO4
h194kSmK3SQ
SHkKVMCgXLk
fwfaIli0hQw
ZdYk7OZ19iM
cWklW1UnpX4
SlTsFC--ov4
vKXD8ZEwAmw
uJEshdpyDWs
82Fm1ZJ1CGQ
Yu7lsi8-020
lNAp7WDxrcU
Qb5nP4tM_BM
Zw8-NPAN0C8
548-X185QXg
Tc0cBZrChpo
afhNLA3t_VA
TBwunb--FuA
ernwEiwsbSI
aWojVJKdh1M
aBtLFH8j5FI
OuxwTgsfusg
ti1Tob5Ceh8
lCYxSenyjQg
QBet_lgh4wc
E7hw3bMzt1k
vUywkaYTQ8Y
sFOsrdrsxlw
MPLEB-lz2ao
N9qKRhZmaYs
l7ufIBRZRKk
3Z6k81PNySM
2KfVXV2IjYQ
rl7_pwO7R0w
dnT9s7UYlEk
vR6-c3j0K_Y
ZTsUn2eJ5To
njoBZ0PDkPE
CWlqQy4vEus
LSpQ8A3Xoa4
shFbWTEZx_w
TNQQIRKLPHs
JjfClL6nogo
GoNVwLBI514
yMTqbc6L6BQ
IAFO3v_Ucio
k0tWtPQssQA
JBnz1yXceVQ
mQqySz8Ihho
rhgp1nQM9Y0
iOwhaTBI_qQ
txyINNJU6Qc
XcFVaWrVYfY
WgJ1n9DF1WE
dUhzBvYfoOk
4x-pvcdLTJg
xPxDqf-7Zbk
SnaLIVvOahE
MomSzgGY438
wYBViYU7tUE
KoJ79r_54fc
eLsxXkjqipg
Xq6i78KGk9w
ItRHw57UAW0
3np31L13w3k
pS59E2XTnQI
sk-Kg3wxzZA
ozHSlke-DRQ
9CoL0ZuruWE
ziurppCPfEg
QUAZDfND_dE
N7LN14IpVy0
UAE3JbwIAHs
V_AwCM_cPFM
Fu0UBB_6irY
l5UOfUDjuZY
JI9n2yC14fU
3Yr9voMFr5k
KjpuxiV-_Es
d_Dh56d8K1w
iDcOuTdjq8E
UNVXvlspsas
H5HHaE1h-qU
Q-1z7lUKz-Y
jA96Kf30TQU
zndPSkuyBBk
0V-jF9iurHA
OoA4017M7WU
FaKl4yO8HAA
DsHrKvRqhzY
YohsdelXG0c
UuPvdGmXb3o
EBgugeKaJa8
9QVQZSSi_m0
77NRIoR9x-g
egrM-aNi6to
QctT0Oc_uQQ
tqaM1vsqYpI
iqcu_mmKZe8
jc2oPZOlDps
Sq5NDWyjh-g
yx1CEsUBYVM
z3tHo2rQ9Y4
POQKzwztw7U
Gol5sPM073k
CcrWGKOElW8
ymzYIrZAKMc
BBR5v89L6gk
12_GMAYEWYo
GLbjmIajj9g
UKG4_psaC9k
3lvzQWM8BKY
S8cAD0DEcJE
WAhxbSo1k7o
23gRI_j5InA
U3i9PMNJfEk
kXi9bwI6cY8
VpDPHXIPq1Q
KG3n-TdZwAE
Uj1iQiJo3Cg
wwi9Q9apHGI
owiWBI--R8E
BTGhZZ-QkYo
jSo5v5t4OQM
djEKllJJukk
TgTE2bUM-_o
6Q0PCDEJWek
ocDli45faiw
fjs2gPa5sD0
WGqizCCJqRk
08emOe2g_W0
GcuzVQGmRWg
agdihWqaej4
6gz-7kjUKoo
bXYAWCAIqRE
fmnqnCi0j_8
JuQgJxYriYI
I67zxPesxWs
jisfAwMOhrQ
gm5kxptmaD8
NV2yvI4Id9Q
JUxY_5-N81Q
N-o2nnDF_So
JA5iEKvHNxk
5uTMPwFlf9I
eKHIbX-5_E4
nKzhRknxEYw
QQ5oqgJWJyw
0OscD3RYo6o
4sGBOMiR0gc
_O2cwSzKpe4
Htp44553lqY
xC9zUdOj-mM
6mjD3K96MVY
dbGzUqFcHSs
_RHn-EqdAqU
J54FMA895OA
aZK9h_Mzmu8
ui52h2_gbos
NNUcR-eMxaE
uOJxcLyg3-Q
50FbeazFkgs
xxcfiAo_8S4
us161GNW1tE
UsvuO-o4Prs
mIBXWBWZ89E
QHBDILfbiag
eAOGQNK9G48
M8GSf5cYCvE
xY48e1oDXSU
TcEWRykSgwE
Em82ZmetFhg
YFeIRVueNRM
pwA_qg0qNv0
CZ_g0J2SPpM
HVHI_wOA23I
gqn8OCl1H_c
5CapI3z7VtA
OCUhES_3-LE
6r4O5L0adtQ
la4ObIZW9Ac
_q4sEaV2rAE
-xJqWXKyhlc
JRGks0zfLZg
VrNM-JCGGfI
YpqXNgvfa4k
3Ho5VZp_ps4
VzsXqCzRsoQ
mdA1vO2wYkE
1Zwd1uBzrPo
3QeRB-XbM2s
1C0zS2RAzlI
Dr5z_hFzQhw
-vr3SCwLB3E
Xw1lthwHn9U
AnRAUCKmB2Q
M3XYHPAwBzE
6n377FqLaGI
ZXm7kTggz9g
PnYLKjQwLU0
pzlKkfFJR8Q
LsFrObzoCug
dk51n-R7LTM
wLvd_ZbX1w0
f7TpOxm-440
GPnUOcsjqgA
tFk4335S2Bs
9UtgY0N6Wcw
9Onj4Wx61ps
cUwqRMTL8oc
hhA08CUjImU
ay50KIyA5A0
imkVLmvwiuw
