rFB4OKXjQt0
aO4sm--HFkE
NwaUa-j8T0M
vyzft2RSjh4
AVBiOe977Fc
16cr-gkxgZk
dF39eCqeIh4
jNS4RIAjyI0
y-sAM815K5o
T9mVbWfCQkw
cKTcuIYPJTg
Wx-0UWxKixk
RhVRCUXsEiM
HE_-rKnkQ-k
rbw8_barZv8
h_FaQwDqBAE
_uGu8OVAzkA
inpBS73M20E
79NzzfB50Ik
1yFg3-cHPsw
kR5FQ-z8QLU
mF0PlDzi-Os
uEzJy79gF28
VqmsljJcVrY
2qNc39khRuQ
NoBuJCYwXIc
vdOK93aGdlI
S9j0i6uTa_E
5l_cUFIRjB0
4gDaX9i0dC8
_ULWdPETjJc
wdducgkqcDM
R764_fokNk4
TaNkPVcdT9o
j0u8yxQaTVo
LY7C02RTIOM
kseoSPUYeqs
JKbjrQPKh64
SutO1vr1rHY
gISNq8Z57RI
sTWMruZ3FV4
K-CuAjvLmO0
6MNunSlT43Q
D-DXks2yoCA
vTlGpI1SPP8
K4IyhSXtlZg
EvjKbJwWAyo
NlZRA_zCzpw
-as9w0rjMIg
H-8FuJLZgBo
gSu4DHPcxSM
LdmzQ6jzuk4
AJGa1OEWgl0
ngyb60Y9tgM
E9b2C8y8zao
zfCe86rM2fw
h7WfOB4ZC5E
F19t-4IoiJU
BxxH9ya_mHA
wo4iHTfQ7kA
1iavOBNcAEI
igH7ueNjS64
d4Az88OGGkE
5yLb6ZAYgoU
YkZGrWQK4hA
SfD2OPdCDfE
QbaSRu-9xu8
aM28v3mr_cs
e7ls4SmS0Wc
hztO5vaBTRs
TC0QYLyODrk
NLmzhJSRcL8
X4uwrTG0WpU
FFUGphTUMjs
jI_twjicrVQ
pcYbLZbTIow
y5lIqOnKv6w
9dXjl9Yuie0
oUkwKJsjDPY
PHdTbcfabXw
YqCuY9zT0iE
k5Gmo5hDLMY
eCUcKhfHfXM
J_m5uHDiiB4
vnKEnZA3-3k
dpyG83wBUDY
_LZyhDg04cI
lYa1jQAUXWM
dRT8jCu0KpI
zaPT1MjB54U
2Dp8vSgm6T4
5_Isur80uW0
ZHyRN-rjzgM
8OyEE99a7Bw
vsOJ2GvJzq0
HKi3BnFZ4ZE
rDvag7fZauY
8GDYAlMjjzU
E4IiyvyHvXQ
hDEWBzl133k
bummEtxImZQ
chsUo1ZzQq0
sQVD1UgeQSU
zVG0ikGsB_c
ehD3C60i6lw
HTzb0z6eG2c
AsuH4e5bitQ
tPh8VEqPmsg
RQLT69PWoSs
pif8WWDN8-Y
fFkzvVFEF6I
uMk6yglP1qs
GMAoBbc_q8M
1WOu77-JLRU
LP47aDTAMms
rF5w4DCf568
wkcb9g-8XY0
jAabS2q9bos
e49V2JLIMQI
Xb_Otd1f5FE
KD0lJWkykxY
XhxuvOoaaC0
GU7HsfWjHZE
tNbujPNUPhc
kgV53iQit1Y
n_I6dxrhuSU
u9fyxGF0fVY
1bYZ7fFGU4I
pnMmxyLySvA
10Gkkigr4M0
Tq2fVqopusQ
UNzoSByTXQ4
SD6Ma9Q3lcg
b9dbCLrO25Q
YHhLvyctWKQ
21Ev8FGFIbo
D4gzNdeqKgU
PjJHPko4J2k
_EYOJ3ZMPUE
ukyQpOq4GWc
1-GAmWFHcXg
2Bx0kZzz_HE
W4R4xXXYv2s
gddshoAszaA
n3DO7iPeYx0
MzyD6v-fSZE
FN3mLAGlTHs
8bnaBv1Yhw8
SP0VR00TOgU
tLmYfXH3HAs
f-Z-l-JGVAw
2q7t9_TlEG0
1BmIr7dObB8
DpZ0hSub7gw
e5U4CG1Ntos
PcvaF-M8ReE
Ll3YmpZhib0
xLy0VnbWrRE
babx4JpA4jA
akTN1WZFy08
tP4Zp9ui5vU
NWDv-m0G2L0
1A8HMQsGe-E
TUANp9roI24
SxKh2Usc-3E
osP0KCgA5kU
C7ORvDYFhX0
MjdEf8EjZ9s
TDvkIKp_s24
YYoAQVjDhxA
8RkPD7T1f4U
KzGXjf0cg8Q
1s5IC-WNs54
2YD8rn9YHjA
Bbndlrmj3-U
XqR1Q5u005U
FwTjWAkW_Ko
Ev4ueuWIzAk
GpiowQiHq5Q
asl1yU7nNwQ
r3ygpT0bU5o
FlobA7gd3o0
_rc6ZZaPbfg
6EKLgucTMRI
e4db0tWZP_0
3T9jHtEldNk
ch8md2CYhQg
s00G1xyKVd0
4AI8uluIbds
OIcRSOTnsS4
C8TQLqa28Gs
NuVnSbCL4mA
FW_oUnwkuKU
B-U_2OCgNNU
D5YbXSTR6fA
lf0MBAkfjFc
cqeGphlkvwA
d2-6Pa16Bn0
fU9GTRiHjPs
ATbAJOKHAR0
UYpKaiRwkgM
OXjQNSc5vh4
vUkk0n7186g
7CABdQhzvhA
HQb85_untRE
0O5fR4nmd1M
_pCZ4eKkwIg
76awS8awJqo
G1J8UBmJ9qw
hAdHQCNtGUk
VDXETCgFi4M
S7fGLZHKjqI
2PYVz2ERzXM
gLFiBxNAhuY
QEiHtoh7amw
D93TtvD7ABc
l6f9lvajZO0
jCsLq8mmz8w
5MbpB5kupac
7qGt1eVOvc4
AxGpqQqeqMI
3NJSyx-Rrgc
MGhl-vEXDAw
dzj9E2J7Lto
ILItUqmjTx0
bx8Uz_fC45Y
7vMqO4vOu14
IfrrbJKgNm0
-qiRjK15ywo
RmfomWUnQfY
xhtJUo5cy54
1EnoxGBfINA
b_yAKQbrYWo
ElQDjRpRBaU
3qLtH1Mjwys
6nc2-VbsFzI
6OEAmOiCCwg
YF7UVcPwqCk
Uc6npvdDywc
UVHfr0wbJzE
_btqyrZKo68
G9NTGi26QfQ
jed2BVvCWhE
lXCtoICCJRQ
-Ml1VKwsowg
3wWeThwlStk
3LuFlpwIc10
gglES8Iwdic
495OZs0ube0
IMEYU3N0WmQ
XyRprXhx2Xo
N6xPiBK7zUc
VhuqSilLJ6w
aJGVKVMe1rw
ErQbwoCBBhs
18egN3b4U_o
WWReATcdS1k
Fxm2A6perLY
Za7Z_6SYtrI
OdmnOWJ8hW0
MxgFmu1NglE
YXJ5xxV0rRw
2SB2aUbKMdc
j9caIuansMM
OMpCVxk1DT8
ePtRaSMPBcU
lThNJMV1Kkk
KEiNv5gy5cc
CRiH8yCskAE
BJVqTYLZtAQ
ZDWVih7zVCQ
KqFRStAlI1o
xJ3j1lvmvWk
IeDUwAVqCq0
flShElRLSNM
JtyA2aUj4WI
PPdzcki2aFE
RH2xfmFVij8
fYVGRxT0W-o
hGpyhg61jIs
gve7QsHaiVs
qEUO5_qFZCY
6Ext7GzirHk
G2pHMBGFJUU
xv1__GfsPOI
MXbZLL5jmq4
-7znEh3LLQM
-4-b4s9EN4k
Ph4I8RfxTU8
Upf3BPsFhec
FVKI_gP3HcY
MM8G1qJosmQ
XHqsNJU3x7Y
z7QMmgipBQU
GG71i0H5T20
vNNxnAvKGCg
ox8aG6PZYRw
Tqydj6Ec_YQ
kD7UwaQdMOc
aA7NxHgqWRw
bVkQxEBTuRo
qdV2eYlLKMQ
QmzCmA6w6EA
wvSr1Kfc7qo
oi1194R88Qo
Mfdm3bOSC1I
CTPY7PscOy8
tSYci7nJ7hs
GkODPrHaWLk
UUHHAz8KD6w
gi8QyLzi5Vc
8AlDD6mL3XU
OEOH2ngdELQ
duS2FGGs8tE
Ij2qkVKLY2M
mEPCtWjYU0o
8kIz4DLoPvs
-IoDsptcg0E
HPJgYrZsvkU
qd6vCR1Z8HU
YRMbgKjb_Sk
ng8IAIWzSO8
L-PxR6_Mv94
5VlEojE5mG0
LIqBzp0DHX8
EKm-Hq5mz1M
uIUzbafCTuE
zk4BahyNVWw
JqdMuAQBZn8
6cViBjthEEw
pVYdrUYcEnw
mtfHVyMmWoU
IUTGFQpKaPU
2sC1-DXT9Oo
_RLDTzXIjsE
aFZfzd5GxL4
3yKOvPldtB8
O7Dlyplv7Sk
YbOZskHWjQc
9YMHqO6Z7AI
KFOR-z0ECtQ
Kl59hgWkYyc
eZ5KMd-Rsck
jLyAFB7rTZk
sfjVHRInmlE
YHACq4KKt8E
pqRmgdZIToY
9Ff73xJf-3o
JBOF1esUx2g
TlgNWPHzm4k
F4VcTlpk8yM
iZuRLYyUJIc
Fx8poDSFYB8
v1s2Cpuye4E
vadxfanelY8
n8bqXW3FJjE
4R2MZ2hFqn4
6JsINUx6U20
boMrZZ5M_W4
06H2PcNw6NI
Pq20mkZnE58
95f7AIV6gx8
u871XktPnk4
5Xr_07Ake2Y
JX1JA6q1mp4
UNymslr0qII
hg2W3g1fnQs
tjDVjtzIhSw
y1vgZpXZ9pk
7LrZQTO8Qdk
N5DkE3L1zE4
dFbhkOpewss
boygREnHpdo
Z7HhjC3ROz0
AhLtR3FC208
ZAQTA6KT2uM
I1kann2_0bo
rO9R3V8nPuE
jegORywkQVY
rXt24Yh9GJI
6ujteks5gzU
4E7ON5skiAk
_beTwdfl8_M
1elTcNGC3q8
V1L8O9NmMfc
rARNr4g_Xs0
yUaC-uNYe9c
P1vwNmqtYQ0
mcTD9axEUEA
Z_RgJYX8GZk
Ah5tM4kw9To
C05KugPhur8
cCQiUneH6KA
AeEj7kBr4O8
gKRbNC2_vwA
kX8_U-Mz0W4
BRC3iDLQgWU
0CM5ANdKUkw
7_mCettyi1k
Z1zN_BdvctE
E4_x2KY-g7o
CSeKlnFnnQ8
MkKpyUxS7gc
9YUaF1hSf6w
Feiop3te3Rg
6I9RsnjhBDU
ujp7dhC25iM
jp0arbSpQPM
sEaGYJYQrqY
B0c_vMj0_tg
IbgFY3TY6a0
Tjf0fzIXCqk
XnajLRcARfs
1MIsNp4sSms
Mo_dXL8MAMQ
VkJ19ZDN0Qw
or8vs_SlZn8
iRooMTbK01k
MMIQ9ETZEOs
qLFZONil0qQ
nrw4RzIPha4
2M-TY4BT41E
kxhREDJ3cAw
5rajUkD7ehQ
t96SlGK59ZU
bKhbFqlY5ls
3aL7dzWhwF8
GWTy_j7jIkg
g12y-4BRZXk
W9GtrQbTC3E
oOqOT8pg-tQ
o4SWx0rFHZQ
4TqreU_qesM
hFNN_-D2Mmw
vciyVpcc150
I6_g0spW5BE
sVLrqGG1AkI
JOcH4UtWS7E
9_8tVAjSOCw
yAWmWMn-AGo
c6qdgRyzNeE
1o9XNu8SL-k
71_PWhTNQ2E
aEC00Ahevpk
hWsGsTplQ-o
Os3QzTWbNQg
4GgZjDIQOxs
7-sC8tgvCD4
nIq-xmnEBbI
aBEPXfY7Elw
PKN3Spy9Dgs
GA0yQBFt77A
Q9sGGTjyj48
k9vG4nZ5UuI
X0nl9RyhC-M
3pyIZvDVOWw
1bHKFJLCYm0
N1s0NfbaTPY
7nLafb9dygg
fZn4sSy_sEE
exF-a6Yh2Sw
uCzCag6JSO8
m13BpoVD6EM
caJpcvfXVgo
fL5HpbP2eK0
EV6zNvuJuHg
BS6mJAa0twc
XaerCcRStu0
VleODvuNqoA
wl2hEUqA7WU
LnBOnkOIqeg
9uk1WznGSeM
IPo4O-Av8oU
3u28qU2Nd7U
b81ULyh3V2I
A-lkJF1WvDQ
rj6U0inp5qc
XivqK4CDqBE
IxyrD-l5e8I
KonmyAMtMDU
3u_KI4ZlZBo
lO5ofhIJYCk
M20iqJT-KB8
zrTrKnf63mk
YOISFCvvxsU
EvpPvNd6EqE
uLfgVkOa9Ig
APtc3QYZXDg
AIEJrdUapus
XNQGJOctzsY
U82BLcjbUJw
7yaAAGmdp7U
6Xq0UozmrH8
-Blni8uo6_I
iG16Vr_yQmI
bAik8Ya74vY
1PNpgbwBOWE
yMO_IGY0VIc
BOiJC6OoNGw
9NMT6_MSXnM
DWbKSLuJa8o
yMO_IGY0VIc
yLdGAf5FkKA
sej67ZzC09E
xOrXCb3351U
-mXohjHKd6A
cPPtg0Lb4uw
Mvni6pDDJEQ
LfP4i7Rgqfk
Sr4qD9G8jeY
v2iYZcdSYyE
n5309ILTV2s
2tTAuTkpas8
Dg6dg7ZDzK4
i1lAERm5W7I
rczB_cOWsiQ
kqKZAbaxsGs
IFIaUOTQH5I
pdJCJUFbH1A
TqAPchasrOw
1nm-pzS7Tmo
B4wZvTJxGbw
x7-Dvcd9hcI
jNBcfDEfJbc
xtvamdDkHBs
oeyVLyjxgrg
IK5DnV4gBTY
guKM4cm20eI
xe6xo_9wSaE
qm9jhSvsTO4
kLDEsihQ79c
zk6pbib0qNA
uL93DUPLuI4
AAUN7GXY5Ww
879bPLZhVME
9VUanPuVYls
2meT_pBQnZI
omTnWbBuK5E
FHai6DVUhbc
hcWMwUeaS9s
7zmOvojGA4k
1I5i6NO6f7k
RGt9K9ip6bA
2M1QRBtqO0s
jhyKqYbUEEY
HBQpeyF-QZs
oN31HNDW-Zk
J5QOlTLlsLE
hMfz6Hcu7aM
fdLgGBd0C0Y
TznhH50CK9A
_F2e6ClK4b4
2iSdEhQLhFs
h2UbTOJOt5Q
PE68KLPcTWQ
d0pPROikz74
ciX6Lc-Dn90
oRkmciGbW1E
0sGkAv6FZ-A
a-g5MHv_I_w
azCQ1BW9aWY
GxWuVmlVX5M
IYhpGkVTqa0
Q4DmFK3iJmY
fl03RmR3f4g
TFemsETiA8o
TMNlIFr9eyY
Skpg8NIIM1Q
P9ViArzprag
X3KZqtkzPZg
2dFveO2kLIg
UhrsVuPzD50
lH-LYgbwfJU
ztnO_E9pdmA
XZzJUopeIoA
0MpuM0fYik8
YRXqe787HTs
Yc1ADBrirgk
BfB941lresU
surZqh43Aco
rFrywvRr0YE
xPR9OVaizSY
WX2cHHpJxGc
sfTY38Xg9bg
IA7ivt1Qz_c
9SiHf9V_lW0
8bLXHvH9s1A
JFt8wDuExdk
61br24pziHQ
uF191-cXOsQ
WpVcb3c5Rs8
7zdVxBUJPHQ
E33ZuQUMiUc
Y6AmZWOcnlc
Iu2U-b-NRMA
S7OlYrKdVOY
zTZU2G0oRrA
Pett8CBAjhg
TRTohL42IgA
fyWd6chvnNA
apHqb0V3VAM
-g9Ibq1u_mo
lezdU4uCrh8
iwgX70Duqh4
lWYyl-ggCAQ
t3jzImAx21I
tO2ul3JBoTg
qYysArPMFMU
X81WlnbYJrI
ls2IgNiOftA
XSThZwo1HDE
dLSqs7qhNwQ
fJhHg89h7bo
1a4R_aIJX8c
_LzaPnllGbU
4-bCxuwxbqI
mocPXVJM4lo
6ll1GTDAajs
4_AYWFGgKs0
e5CRf3347ck
_rE8iIMiYy8
-eFg5X8nmnM
14ey_PWzXv8
QUPEkO8oQKE
gxqE47Xi_rU
OuKgHXaptIA
kIjThJOXqh4
tzauOsGMYbc
W7hcvXfH0AE
r1fjdlTFe4E
Pg-6Y5bbcXw
AAVCxMYqnQE
eEnXUXOU2f8
WCGeKqpZmJ8
6ItNmnXUQE0
L6iumwsKIM8
j9Cnte5ck7M
lSf7tNvteDc
PAZ8F-HJS7s
QpkmZhapigY
WxEku5NHlg0
PXeCY6c62P4
n1b2m-8Jfcc
2qRkFSkPB_4
GCuTRRGb91M
SMR6Vd-kIkI
3nb9jbkGItc
3XTkrus3yjI
YWOpu0uzCsc
L7gcJoPGA3I
fZ9kDSnzMsA
Gh0USrHqO_4
IRVx2uJa7Mg
dRTVwnz_KY0
9dJHvUZn-uc
XyG3KB7aw48
_RxHz-XUOIU
mxxRHClC5ic
rmXnsir_xas
p83lZeiGc68
fU1Hux0zyQ4
Ai6qdm5OdiQ
fusGaiP-0ts
sChJU3tcK7k
3yhfS18x3kM
oX1HT2cUx3w
ruFm0dsqUn4
k8F3sRLzj44
A_l2fNlrWHI
KK-orJFVlJM
d3lALbYidHc
T_mmnVwt7wY
Lbpw3fLnNz8
DYjQMtjJ83c
mOtXVIl678Y
o7_DLqBlWYs
oylAbTEugXY
64i7kiGx5vc
4d3x1YsfZp4
f9BWsR83HKg
zcE8ed9iAvE
XOoD_VxJRhU
nFXq_1eX5V8
o6yuw69hbDI
7pWXcJcEUME
6oi1X249Dhk
Fd6hTuar1Sw
0q4FG8G0g28
7AluB2s_3yo
vUQaehXC5KM
eSFoyADGivk
pvCu-H2l12I
AJ3hztu0ex0
Fp5hnwy86XM
lktN_LC7Xz4
5AYnEWksaNY
RLLJ7luzIQw
cy6-wprXBvo
UsOHG-rIcvU
HRF6B92fucI
HRF6B92fucI
4sL-8r3kMBw
-8Wh16N3RMo
jRPnOKzyPxU
pUOalhqhLCE
jhvb_hkJGkc
QcwMe2ItDfY
6DpvSaxDhLI
n_ZWFFDfDUg
sauIFQnZLsE
sBa9vbfJROk
KN-Bv-MvIe8
tCArK17Hu1M
O5DsE4--Vww
vejvf9leC1Q
HNCI-JnVDaE
pZ6Wnu-C4SI
OmUdkgKT-f4
eekBxnDnGVY
nLeiXCe9cOM
4ZVuvdyvQXM
Ye6CTwvxuWQ
I1pCGCAlks8
IxEyABixRnc
PBwjrAcGc-8
stiFRE7Gg6g
MmX39w4yTxI
OMAM4Vo1l1s
cBIgcl09c2o
4Es8h1yhgfs
ixLJghjYi00
JNnRpRn4Mdw
azlfxpXwf5w
uEjqggXH3uw
zza1z7Golew
-9hPyONgyg4
8m7Wfj1Fw9g
gqku3cmpGx4
3HLbXRYnpnE
KQgydF-fXvc
kO9qF9w8WVo
fKmsU0ds1dY
AHF7jKK_V3U
T0bAHqOYANY
W4Qcg6ELZBw
QDr8KH2IYPo
nVy2giEMOSw
LbUvyPKhrI0
xiYwUde3wNo
4D453_x5hYE
GdW4PdNSX5I
ey9bZJOidHg
ANOFGUByO98
xjFdnfhV8IM
smlYSP2KsgA
rea3OkZ8Kf4
i1_o9ov8q5Y
iQuaCToB1Ec
pwzagCYbNeI
j6SQ5pEavjc
IiVu_9ZMzWU
IpQN7XU8bNI
KXFLFu4nJxg
yf2s012kKi0
EOqiDfqrnXY
401KJcLshXo
cYjraoM8ycE
qBG2o9LXu_I
irtmNjvToOQ
BpcbT6CdLTM
PyxQPkq0JnQ
w6lYCJaOJtY
F3O6JtO-Qew
rACss-QJNac
RRKBga_I0EA
giKT8PkCCv4
MMZN1NxXK00
UEo7wyYlCTI
UuHuKQes23U
bwfJ5TK6sFo
-89M2JASTF8
JVLu5_hvr8s
h0KViX9lAIU
VlGAC3zjlFM
EMGkSUUDN9g
O6Udc3S2kdU
UYsPmkWVLRc
xcXd2lPTuqw
0PN_1n7z_mE
UeGPR1NolUg
TNP2VFxYM1o
dYsd3ZvAB38
a-fYS6Hu2MQ
qQAse6EFi9Q
UaxnVerzUxE
Gca2mwCy7sk
OsBtjW61Vyw
MeHPuLc6PLk
Vy1q58jF2Kg
2rGOEzJvPTU
Dj6RE2ixfMI
5yOXb8PaaQs
YUY5FwYKKO4
CXptze5rQ8c
yvlaJYQXwgk
SjNc7yPgPno
srNuTrbR4IE
20IkKxaDm94
gBxWO20OkbY
wkwQ-yPkBXs
vsBAM9C6sDs
0Z7_A-rkOjA
bTHmd6alnXQ
U7DxpVgHk8w
gZOibvdfUDg
eCuqZR2032U
FCGplEbhDAI
Nm7bv4wduTI
eYNNhTs0fD8
RcYv5x6gZTA
eNYMU4V8nbs
GvSQ4MxUhTM
FJDYb1HTyhI
CFAQHjll15Y
p8huHD_M1ic
amt3ag2BaKc
k4uC3iCJ5YA
Q2iYuoO6z1M
6b6DEUM5Gbw
OTx_oXdHSis
E4FHp_3Maqk
ftrDUhbYDlg
BMm01BfJQkE
NWGRQnKkuk0
SczYTEBVYlE
LSU59D_dyKE
QTnyAg2Mho4
sgDGNPnb124
oTugjssqOT0
VI9W2xPfFUA
H8ihyTbi2Kw
D5_HAHBQ2Mk
lpUz1M0DHZU
7yC0n3RahCE
N1H4JlJcIhc
qiONwzN4v9s
ji5_MqicxSo
YZu1inf1Jm4
3dD9HVNlIG0
tAd1IeovyY8
qtQXhXlE0jQ
pdrvPeETHsY
