_naDg-guomA
hvt5xjZTN1U
XQuo4-t0p_8
KRzQVD6LfCE
iyoB5erM-W8
nNgzAQINDtw
YJxKvQ4R1GQ
AM1-ecnQsm4
J1Yv24cM2os
agZ0xISi40E
oAHbLRjF0vo
3e5Jn2gG8Eg
S6QmhrtBTO0
5hPsX3zQeX4
uBcGdf4OjQw
YVJXRq7IfgQ
iOWC0g_1IxQ
LruaD7XhQ50
SgZ1f4ACZBQ
jlLUuX2a0Cg
ZmD9RkCJgDI
cZYNADOHhVY
R9OHn5ZF4Uo
wvWpdrfoEv0
QMNGEY8OZqo
aHRTtA7yTZ0
C25qzDhGLx8
QC-cMv0e3Dc
f-mHLBD64HM
LO1mTELoj6o
8qGCAE1jte8
KW0eUrUiyxo
l_wFE9kHSos
VvaxkpeSg_4
Erp8IAUouus
G3wLQz-LgrM
zcZTTB10_Vo
ig_qpNfXHIU
rStL7niR7gs
iHzzSao6ypE
m3_I2rfApYk
wfYbgdo8e-8
e-ZpsxnmmbE
VPBH1eW28mo
K63ZKa_tt3s
nQHBAdShgYI
wOmjnioNulo
DbKNlFcg02c
JEYh5WACqEk
jNgP6d9HraI
ULBCuHIpNgU
r9rGX91rq5I
naDCCW5TSpU
TsXMe8H6iyc
d-ezHpAqJmI
rE3j_RHkqJc
jky6UhxCzTE
WKU0qDpu3AM
YxgsxaFWWHQ
orybDrUj4vA
Ac9070OIMUg
8DNtsjB7L_I
PukSDm0RD2E
wRc630BSTIg
l8XOZJkozfI
7Pq-S557XQU
0dU4IMex4FU
ASSOQDQvVLU
U6ViKuXd5qQ
PM79Epw_cp8
wtt2aSV8wdw
ciLF8GmTX90
piEayQ0T-qA
UEX16lWliQc
uqH_Y1TupoQ
O2hO4_UEe-4
tlsU_YT9n_g
4AivEQmfPpk
tlI022aUWQQ
BUY6HGqYweQ
O37yJBFRrfg
qMkYlIA7mgw
Vui-qGCfXuA
OPHRIjI3hXs
GOiIxqcbzyM
kF8I_r9XT7A
KIbkoop4AYE
eE_IUPInEuc
S92fTz_-kQE
7vsCAM17O-M
AqwJXTyfNqU
sHEDXzOfENI
z1ROpIKZe-c
LrObZ_HZZUc
h3ppbbYXMxE
w5UnNpnGSNI
Z_2gbGXzFbs
btDMr-13d3g
ZtOdVjF_73I
sYzfKiIWN4g
nU4E6SSy5Yg
wpYtLcRKuPk
xX96xng7sAE
0JK2dR8ei5E
F9-iSl_eg5U
ugcV7JSXFN0
_95I_1rZiIs
7-Nl4JFDLOU
8CQ3qWgH4B0
NVmnLaTXylc
SCzXZfNIu3A
utDHcbiOfKY
jxTaj_EfE9g
kcc_KAhwpa0
Pyv1A8StJSs
RbUVKXdu4lQ
y5UT04p5f7U
OUS9mM8Xbbw
7wC42HgLA4k
84aWtseb2-4
QT0I-sdoSXU
3uBcq1x7P34
tk862BbjWx4
kUS9uvYyn3A
uR2DfpjIuXo
Mky11UJb9AY
OTVE5iPMKLg
WVZQapdkwLo
p3HnMLq8m9U
bhyYgnhhKFw
3Y3jE3B8HsE
s7tWHJfhiyo
rNu8XDBSn10
SuhGwaZiNIk
