b4STMd-BcQ0
k_8Pc7XQeq4
3nY90-U70kc
Pe9DuB0gnwU
bxutvYI8Pk8
Nmedi-OTO5I
oePGjrP1f6M
Sie0GJKy2ho
0h2shLDZWAg
7YswdcNZvOI
729gpJrL_VU
41Zkhkv6ilk
B1ObcUcOyxs
wY8nZNAn0AA
NGUoMWXken8
4CLsSYw1S10
ErP8Hv9G5v0
d6TNm-gXgLk
1rO72zlsyCc
KQMFhiDj6nE
1Pf3nVquny4
z72ZzDU4_Qw
y-cKdJ8GOsI
OI7XA5ye5zk
dLuFS4XRRQU
zHTNzV-LiNU
YATBiqykU08
3mvAQdJT79w
-J6tDYYT2iE
RFD_I6QNRvU
YLhvcUaND48
7Q2sxrj3X_s
gfWdmQj2yEE
GmW_0kT6p_I
vwhsggI5eRo
jbrX5l650MA
2j7D1JZtWGY
-bYSFKRDNSU
hpsUrU7JDA0
GwTeJV-6mIA
pceBYXw6u1o
PsLc6czPTOY
9sVHoex7NUk
b2KUODcqgY0
9LWoUGbJh6I
zIMvCGofA0I
ceOxSryMubM
hHbyZ9t00F4
xjJWbcgO1ZM
eukRYHIsLhI
LlOD1VBjqLM
qvWrc42xA8U
IRJO3EQjCQo
CfEK6UqAjZE
P9TGkv662q0
Fv4XQtDT0Dw
h2YcukNsi0o
oJ2H5DOVlJg
JczKM_usR_g
u2sRNAVJHSk
R-V_fVAzByE
UxszsAEad7o
M0PucYYg1Q8
1u_YeVtLH5s
kM7RS3xldQA
UbIFOrC5gnA
0_HgGyVdgOE
XlJq78l_v0A
6KzC7vPwmuo
r8S0O92saVk
e-uNV8-NKqo
4heIs3puCis
DBWQTeba09g
6ShL15M4OuE
vDo0qQx1EVQ
3eQmxBZY06I
0nbJkwvQQbM
6UNzqJCb_YM
QzUmaa71dlA
Jd97GoKHhRA
4vpKI3Digv8
gXXoCthH8F8
HKlE6XLhE_U
RzmmMN-d8ak
vPghG9mAx8E
l5yQEYJztbI
6UYzcGHiG2U
K10I7QpaZCU
IgrRm43Hrz0
6eoOobpxyc8
xG2noQi4kcY
oBvdLTiItPI
GlG7tALOPCY
sUsfYaKN3nY
u4PkQYTbV9U
dZPMEZ451X0
rtxB4q-ohMU
bLOEqY94NJ8
bYaUR0kOBhE
CxBpOz6hi6c
47uqr0n8-so
TBgUk2ZGsx8
IN0GC_QNAqk
Xl_olrdMJac
73f0mrhT6YM
x2WOifvc4Ek
2QuphwIuL48
FyHD29-95bM
X_r71TOgWeE
qfi-z5c9FYI
aNzQ-YXYrUw
vRGPwppK1Zc
7PJym7nEuBk
c_4krBLGqXw
ysUp9fdtFI8
jiO90SRO55g
vYQMeZa1iSk
TcgeJZDQbSU
cu67lfzGD9I
GNBex5MIxDc
Xa0Mx-AhEAs
_DCew4m0Zuk
OZkLM3HG5_w
ka5pYUSkgHI
Debzdv4ScZo
c5y6eCftiEY
xKyZmgjYmqo
bceim4awBbg
vwZ1MHwr-fQ
20vcHZnsqz8
CeaVECpRt_4
NwpyBAhpjvo
fKZZGb43-NM
cWrcAdtPRA4
7N4PVzrUmIc
I3Rc-NybuMA
EcTToxKdRuM
03R4SAP4tvk
oOogxaa4hoY
VUIk3IHgK-s
fiv6BvE1sQU
rLRxKHgZXY8
5LDgxHK5fxI
98qh5lj0Aos
j2opnxr4osg
0Cvwy5_-2QY
D0fwMQfdYXQ
afaICnfH2KE
q351hN5GhlY
0whmsW7LTCA
XCH-M-e1uAs
r9MfzSgl3Y4
NXUMnVlW8Gs
YBmOOeP5pCs
XAbAXuBMl6M
Z58oYc6kHDE
mlIXMSHPoHE
g-4bulZ-HQU
om48LgwfLiI
z-6HApiSp40
A5abz9D6Tjs
f5QVqjsw2As
EpOgIoE7I2o
oxL6pzkZSv4
0mhBkRTHGy8
Tivvp57364c
OK0go9itBZM
ziocs_B2An4
GEVHUdc9njs
AfZpHggYqvU
ahK0RygPSHE
pUVpTO4xtH0
AGOhCxkPSog
2Jtmq5-uQw0
L4KvTHFuDkk
6n4QxlUSwjg
PYFHA4B1Nos
6eKpFZm3rB4
YdpZhjwSKsA
ulOHMd20kb0
_AkVEYm23dA
mxGd7HXpF04
0BLel3XB1u4
BDcMXPCKYus
tSyOScga_uQ
bBAcq8z3nDY
SeIUMXQJuI4
w1HBBFQMsCc
MuCZeSVezOY
jw5oud8hTS0
1LFTHLcA7Gg
oh_xLjtj8fI
iMaGZX2xGjM
E4OZ-vANQqg
ty47Wfk9VHM
a2S8zyeTuRs
SKP2HLVv5zM
8VSzag_cqIg
jiQIDSh3mz8
-E_FjXwz6rg
hOryKlcI8qA
VMkG3WWyhLs
D6OHBGUQdus
aWK3asYjkkc
MFVLgt3QWLE
TnudkDVUUgY
RpKSgDEGvxk
zwGki7Qesqk
7jf_Ro-CYN4
4XjF2aj4ZSU
x-LdHpVyAXo
r6WVjZ7DENw
MNAStfDbjxA
3tvCFbW721E
mb9r9XJo8GI
01Fzfrw3Dws
jH347jQFLY0
gUKqGLhwHNw
GtJZcmp3zzk
wsdEBTIpYDU
Zf077kkf1lQ
ZnKaNbVaZm0
hCW5b67PH4U
sepEc3BfiUQ
8xrwSf_dsPs
3DMi2ER0kjQ
u3qtDQSLfGU
6G3Y22Ccyc4
z4y3iwbwOBs
qARYDeV9rsU
-J7Q7EZM8Hw
cwt1ecaWtFI
T2YCXId5cXk
x7aNTb2H1zw
H672FUExFak
N_PtdI00-W8
HPhxCPmACAU
L6zP-QHcoBg
5F19xzhPmpM
nvKwW5CBKp0
9OhOolqJwyo
7agtQNtEsFE
Ne8ozRDrC3M
5jUpaTujLsw
B_PGCKk2zJw
0bmFUjLl4-4
_J5mgukmob0
p9d4ui3KQzE
UkGYNFvd-IU
1Gg1djCCPgU
eHz6ko-2R7A
VchChYWCStk
ywcFUPP9YJo
eBIALLXZ4G0
LrEpuoa-Few
LOvS6f7la-A
Cug_vMAtsdo
ibkA4AolVSU
n0d6Ze_ek5c
n9llbDTkgL8
qCpTKjSqFiI
sLPO7EIlz60
N0d8W0_oPD8
O3asWFyeVdQ
N1nudbVXyvw
5Zpvcz23VWc
QjOXp-hvdQA
Mqu0Hl1GMUM
fES862BpY8U
EWueJdsh7k0
BKpM33kdG1Y
6kIkoYvE3hY
mBY1UvbqXs0
Ya5TXpcs4Dg
nij2o9jxNog
9vKVzEymXDQ
yA96mx2CT0Q
y9AzofvzRXk
6e3BmIYeETo
mvlPKywS7Bk
S6KfgngAX5o
6Tb-TghoMRA
lcTAqi0T1PY
pYHnWgk-PIQ
O4XONxfxLBU
zABgMzS17p8
Y1Cx0HN6knU
l7vrL_qoyMw
dzC2-bLhnDA
Ly32MpKJU2c
p1ZFj7mHwT4
_AMCegsRqRI
RyZOvwuALmY
I6pOjkdVnMs
R3pHPlBwvjo
3qVCznNmyx0
EdL1VruWmvs
VCcZU-k1-CY
xDq1fvGDfrw
7JD9SfzXHSs
duBiYXDEXSU
pBRuBsCpyQg
4lfPy2H-KuE
sdC4xOcmiYU
zJVWaOjIqfo
BmIrvOTXGwM
d689wcGl0dc
ZZcNhxA0Cuw
RQM2YcoACxs
Uku4G2EgzVY
kamKCaVYCh4
yzIkzD8JLv8
2GgRuYz2sHo
lhxbs-6-ToA
4qiiVNiWqwA
mIp8u0piFkY
nFhnKVJbe8g
GLGwLmBdRoI
rjVt5ve06MA
24o0qH6IkZ0
GY9YlDta40c
55GsLRoucyQ
xBSb-JGnFgE
C23OZmGIWEg
XRLr0fKTI1A
V7NRY0dQKJo
WHtoHAglzJw
8caQhaGGZ9E
AwXuyqdO7TQ
J43VZlOznKc
lDcSJAMslCE
GDNgh01n9sM
Pp0YP0jdgzk
9y74GuUph7Y
-JAG1bK30Tc
9H3wcfFPedA
6l3sLVKn6JM
8YUi1ldVcvE
73BKIAXdb0k
-ceGIszLBoc
wh61cwhdlIs
dXdAPbIYGFM
_YosuL6UYxI
_DgOZD_FiaA
hpMzD1V7PWk
GWoOLpf9G_A
NON-pi-X9AA
BAvL2fATlNs
EIuiWoUdgyI
TzS68eI8fvs
5mEl51BYM-0
DCkGivj52Gk
X84TV7M5pTg
BKkxPQOqAbs
ggm2Pvj2QHQ
SipDYhQIXHA
wyIrqP9x5KE
sp8tzZtDUTs
OyW-7BiqgmM
8ffolh8uXHk
gmVAXUhNO0k
XF4_DvnNeCQ
7gbeiIvQwMo
uHYiWuRMOFY
Cg774is8z3U
wKI64AXpVw0
qljia-LlQDA
m6VkfwkXvJM
Oou1Emn_6f0
PKrnLWxlJyg
mtCLmQnpoC0
ivy_Zjpi6a4
DbYe6U9Dljk
cQwcRjw2OBU
nH4KhM5_uHg
7zc3TW_qvJ4
BEytXYwIzSE
4Z6GH9tGpT8
-gC5wglbgEQ
sGF81Z1Kols
uPgDKUB_J_w
5lXVfyYF2Ok
djIIs2dkaX0
uoeKnFMrGr0
SCjVcdHHb84
ySIeRKLcwd4
EaHe013nACA
0uUlBd5aYP4
5Cf2NpRS6iQ
1rU84ErNhC8
d-_s46Uob5E
JXJjUpq-vp8
R4RP823Rrqo
tNZZe_a5Cws
f9fVQiEkM1w
cstrMnGcJJw
5r-07Lsb2Mo
uc09uJlRWs8
kp2Jm-uTxlQ
eWYIyy-e4CE
ZoaN2sBtQo4
pApYrbxvMng
BAypsYh4tuo
aohBWDrl4Tk
S_r4R_YyRaM
YXV-gol-Spk
PlFmBfyZMso
2Nxa780m6Rw
SwYvkEbdpu0
IYpenpqszoI
1HzV1AWYD6M
BnO24Fy3v0c
3K_WTNVUXxk
NTZuepOWrp8
q-qC_E3Nr8Q
I9aOttdqoOU
U5dNLfDxp3w
XZ0hsaQfXzk
l5Kcy3YSa6A
uzz-GFNnuE8
laUX57Ft0fw
Wjj3wihtYbs
aOaGR8kbX2E
UWlncnBz5Pw
PPLgrrA13Dc
dLhDzy3TxfE
fR1NJbjEVp0
xsUrDYOpjLQ
XbxRYpuJqDU
s3R5C6RWyZg
rPzbBRy_qEc
dgtWsMvMB3s
a4IKJbXxbPY
K3ZwxsTOD_8
XQztO26ZIgg
XLgW7fYgcoI
rj39_PCxBg8
eNB5YdSQRtc
bg6XfACrn7g
fQL5gatIWAw
kH15Uw-5Ec4
dC5FJeooukM
3S8y7tAm2C4
nRMFYZQNkHs
oxcLSUYQlFM
-ea6p-1RTIc
DGS0uwXtwAQ
245jSX79d7w
pjUnbD4A5Mg
VYhAB8pbiBI
BV_XwoaTVVk
c7xLzuB495I
zU2iSVmVzyo
LQ2a6jBRGoY
uOd232G79N8
BVfs8avQ7pU
-R46DVarxQY
s_wCgnBb0B8
FcmsFuLi3e0
KlFZxnSdYIo
kCLTrXYpqfg
e6a7YEox6u8
BGZEG_ltvdI
pJWFVPZZUVM
Hnzs-dhNnd8
J3gciAsltCw
F7dstruQ1bU
2ep15qcREpY
lWyRTOABEq4
907Nks7T49w
A7AsDO0Cgto
rLPOl-h92CY
hkEmoM_dTso
GLGodfK9StU
PFTRcHrslLM
QEGy0JQUg6I
4xnqqK4alFU
BucIMG6xf5o
wYfQaOyvznY
OlDYOgx7uGk
XZh55FOk89s
6BJokXg8eLE
69kX_Ig7Gfg
nHnMYrLAZfE
XYxEQacWBrM
JybFjlPXY0w
4KK9uDdHyNU
oWgPEiWUujM
jyHuBAdFFMQ
EtfB-coAAM4
yUMFRjh5Liw
V9ioOmmfuHU
ifzH26fPP7g
O5UiyRS-Mg0
PvSJJbA1gOM
RAuVaaf8mt4
7tKmcZob5BM
UkoyLYvwrZA
eYHkC3AYoHE
nlFxV2j99y4
DxHaEQ5qIZI
ahPukP5I0fM
0JIpk9zFBWs
5m9DNW65HDs
I8ZbKLg3g5Y
pWHKdsMEboc
W5-7KylvYM0
kstKMvFYxd8
LY0MZNlbfjY
Hxm0u9EDElk
soqqlPIQ6kM
JlIJv4N5s5A
D4aSp7Q-O1s
Q8WIJGT9Qgg
OmUP4qGdUEM
1l3UcxDL_aY
DIq0aaKyAMQ
_HkTqPh-kHQ
M6ahKUrCNNM
UPU8QgFK19k
9MOdnJuSQzk
GlWq1-t6n40
LlFrk6sqq4w
T7fnDAwWk5E
5cDMhWFCodo
IpQ1D_D8wR8
TEVltV0Bw8w
K1gaV_VTNrc
KwbbbVcl4m8
1nS7xCDhAlM
NcdVrwD5hKU
nVquPsbejQM
my2477WF30c
Zff1SRmXCKI
c9k19s-8v9Y
DpVKo3h1WUM
KaBCLdbY_n4
3w_yiXP0YD4
WK2WjnpdC84
MbSlZKzizxQ
Aj_PhiihnhA
uLqU_rcVB60
d23xRGARrKw
k8SPWOZrOKM
UYaB2_L-LWo
QV312ljwD2M
ED2j6xKM_UU
x75beTTE99k
OiDz022qHOU
jZpkN9am_Aw
9wEXAwxorF0
g6enqmE9NgE
FCGDi1f4zm8
5UFd29fl4z0
dN2Yvu40AMM
AGIswtA1TeE
Y-FgL2Cke5U
pCGTGjro4T8
Kn1YuzTtKWQ
VdPpi3KmcKs
mYP1A9-dcQ8
GuPTYrXOIsA
yGOsxvrh_FM
TLKN7sPobZE
lxo869CrLuY
1pUbPY-oVf0
7xEV04S79Ps
-d_lOJ-sR7Y
cmlExtTE_rs
YvObMFXrIlw
X49K_7eaC5E
kPS_sFbZBZk
lLN1FwiqGwc
7skEvImgyP8
CfN7OlND490
Xyq571pTYvA
XBUST5vfKag
t-5T9yxqXBo
GVWR5d5rMek
dKIO5VhOc00
-xvIteTjrEs
5-gvZchPVBQ
U2QGUN8lnUY
lSsTCiC93WI
3WiEEZrsegE
HM6FuRnaLpk
e1GmYIpY3no
stq_pYlJq-I
1TeBl6jOHtU
eMd7IoVh3F8
-Aq2Ont2SwM
ZxB1pATKG74
2pIYPGK4yNY
sBzbvfO1RaI
aY4vkZmD8OY
87K4chaI6Rc
3-A3veyTP7Y
ysK-bpCmnic
YTsGI9ZILRM
T6H01kwsx3Y
Iibau8Uqfaw
RiL4_olA5Ag
a-trHqfljgc
nKOxU549ZMw
rq6nVv9_BVY
hckMuqy8Trw
jpAYlnHDhsg
ReMDU4o3TwE
unazpnZa1WE
E2nf9S189h8
X3JjemxqhTU
LEHNySTdsd0
bqdOzBD1th8
MhiqPPg7qSo
bHrGBqRQVrw
_LDu5Adifno
GAKbDE5XaMs
dTE0Px90Qs0
zM854JtWodg
R24lODftT-0
avht8PimWt8
7bTNCsHosTU
sardEJDvLsY
SBA4IwIMogQ
A8jmCtTTA1w
p0Oyqm4Ddtc
ocjQDTitbyo
_mIrNOlnfvg
84q44jNhrV8
PMUIvkv0pec
nAvBeJLL9l0
gAlEMvR6AN4
o9vbdsQgzFI
Q4AcNvVsuQ8
UblSm_0sgb0
k1HDKDxcYOQ
1wkY0ikRR2s
jKu9yPSFSBY
tWELyaj0eeY
c9PF-9MIkiM
FqXRIDkI7iM
wEaYgZPLFLg
q-02OncaFE8
SC4IeCTUp2w
Cx9XnID6chY
PMrFoJUKXVY
G0UQpXzps1w
RZUU7FGy20s
1CwE_-X4Fis
3AwRZR0e4_A
JqyBIhmbuh0
sBuRKHy57SU
pNXnKTRxS14
Z3Ml6bI2SGM
5dJw3q-7pq0
bP4WiRHyf9I
uCdBMt7WHDU
Fh2W3FpfoQ8
Emi_Cng_j08
U7bIgquG2Zw
3rp4cjRuKjk
PIPNDh2TQOc
I3pNbWGrGVQ
q6-1N62ACIk
T4baBW9mhPA
5ZaDIV4zgqs
6SPJGIKZzp0
Jzajy8LWohc
hfKUqiHC6Mo
pBRZoWaFHRQ
lgbB__j9FKA
R70NLjrmTic
ctembQrH_0k
N1V92jEmIiU
sGVyVausKYQ
mWX0g0kBjAQ
OotQUcDYSHA
4lcCqU09ZCA
5SE4wEDqnYM
bTIw54QbmW4
pM_MVHzOJ6c
VOEl3ERptCs
ZwODyeIieMg
64RErmx1J5k
k8CiVVQzdcs
jAmzsb8ulqA
Tdr0sicW3i8
EKhh5wiiM9g
yop8TFGZBcY
g0rrcOGzrJc
l5h799VWyBU
7_6U9AJl8_E
ZdA3JDvEDC4
cqv7MJLczWg
jnEgBzW2NlE
qaLz8fs70vU
FhdBtUA2wJc
tnd-LbiRni0
a-S4SyWRw-g
7fPjqcAQANQ
mBNo9V0aQTQ
pQa_EZS6Ek8
XoMvQqaeI1c
IfYevac7AFk
J_GO07k2fDQ
Ts7krOlPgMU
Vk2nyH-7f5s
48m_fGrAf0E
mIFqNdXTE1A
2sdsTqHeX_A
9enkC8_7Mrk
qrW3Qkn-nS4
sp6MAkuhano
JelO0iLzHeE
TTYTMYjmbec
cKRor9Qrk8k
rpdmUjLo9Jg
pPkxOZo3I-w
BZEWHMkmKhM
4LBOmEndwT0
i8VchpTS4FQ
8si5Yb7xsHI
I5IN1T8L1sg
aVhy8UVO-7E
XcdQkjtciuM
LtNBd4x81bk
tuB-k3FMHkU
XnU3jvHcrxk
FxpFdODB-fY
lEMD-4pQVZM
pbS-pUOb15Q
4zvgxacDnqg
JknHQllRG5g
VCSiFE_N23A
8iDuLp5exF8
qgpvjCp62IA
25DfG4bOGL0
apqohgtUrDc
kOQQhFtI6A4
p3XbGh1keZQ
RCXnOsc5ajY
1tWIbR-Ugwc
T8iLbb63Qds
Jw8OwK3aY_c
f5Fn0lSJmYA
XVH45ZSZlGI
qSje9IPW_cc
YyMR4W6ar4U
Khb4HZ8ev_s
xwHRUxr7Aqg
SPF7qu1tq94
rgiDWChj-ZM
cGwlKs44YbM
qDIHT40Ha5Q
gvyua7kwCG8
jirPlyU6jlw
zOGd4z-wH5M
UEdUCpy8g6k
g8U78CeEg1U
iJPg-qHC2k0
D0a3Ti1H2P0
hEkGC_GlDPE
qoFpIUQnQrc
pw53kpW3EBc
3p-ClrLWVhg
V_1LU1KfUc4
NcM-rzfwRaM
ehzdhKKcgow
L5hNBDhLZtM
x3EZMMFeCWs
EpZi_pD3KbI
0X0mmbZF-EE
uPUPcD91mXY
CdsQFgHy_oE
hI4y53Oj-io
dwDwnrtyVhs
gLFaYYkt3YI
9j8UNIvNDhE
-7Jme9sn-9w
CV6vJwMHYVA
SNSI_M5xUv0
miz4lmHZS58
A2-JEsIIh9U
7nX0zUAXdBQ
RmIPc6B3kiY
8kWrINmf714
Dvm_AmvYQ7Q
m10ji0CaP-Q
RiQNWp-fHwA
6XTyxwkQ8VU
9QGRGHhCBhM
qc7LbAVNUj8
Yi1ag96_2X0
H3lIP5587dU
hlUuQnutPrw
fYRNv-T245c
3sI5bsCSpSk
UTbGfZiHtvE
OM1JRrR6Yec
7oAy9WtyvPQ
rY0RRsat8SM
jA6eDTwI8qI
IkdcilN3KPw
9TJWLxIW9G4
y9IIGqwFPzQ
5suomVob6uE
dhE7GjDhX54
PGHrLXHezL4
coF63wJWspM
tQ-y9WT7AZ4
LpzJq_TZg6U
VraFwhieD34
vm6Z4U0BkY8
iCkoMKsW4Ig
M3mMNn2lQ8s
7n62TFec75E
eET7PcqP1D8
HDxPgIvBwlY
T8PyFiHFsp0
IJqFH0aTj9c
W5z8iJYU_Tw
fTho5E8tboo
OgjCUIpB_I0
0Y_3igyDom4
AXMknI0hJu4
iNvMK5Mvvsc
ouZLoM5VXBg
GKHPd7iVSKs
9nBBSUUuTGw
jNKRYiqrplQ
4uxIpavbUVM
-8qwvDjsqsA
KcUnMf7uPGA
O9wQrnruydA
X3YcLBavS9E
OtQY_rsm11g
n5vOYib8s5M
Pyzs1MPMXB4
atJccfveyrI
eosGQh1AVvQ
8F82QskhHg8
_VxaBfzo8dg
TVZnyS6l-rw
2C5pNqdIG7A
HWIKTXt9C6Y
LkGMhT5KAlE
aK8Utjv3wUE
9vb055UTUpk
x4ynqiNeKps
QzY3tn6KJcA
vGfAyPqK5QI
QyR5sZ3Adr4
VSL3MsDfNns
OimSjQpoLcc
aSXaHyz9AsA
DBcBuOUPa5I
6FDxsAXJdQY
Cm-rpnWiDbQ
GiI90IL2m3U
4skqe9o2D2U
JUvOu_RksCc
kX7Szfer-V4
K2QQrAzIy7A
d2ZXUPR5y44
nS-xHnufZEo
GOpyNSvSzxg
rs0qy1SF8-0
nIeUJFpClOQ
1Kl-R4aDT7Y
hj5S56paFXM
6mqbfcrVQ48
qEArV77FdmI
zOAjlTwA0OM
-e7IzHF0cWE
3wJt3ayD1Rc
hEq54RYXnVQ
h5hyadqFu5w
Jad77nHSmbw
tVVilJ62Ru8
1XfWG5TOf4s
VBOt86KG2EA
IiGVoLv5vX8
fD60SN3_8fs
CuTcw4Mx9NY
yELtvbtt3l8
jSJzA0-r6wc
gpvPUegjets
5OOXBonqLsU
ASE9hYrTMcE
_nqdViRFEdw
tsrCvs5IVrI
4gzf1gYdjYc
rMJNkO1qRHs
flZ6qOQ6Dww
m8GI1Fm24eU
8MSQ51EvQBg
GdlySobkOMM
Jw1qPImFYO8
uNJTAaorh8A
RYdrxM4Syns
40CF5RkQyio
Et33O_s-NsI
rTBAaZwnPtY
7-byGaLNuK4
Hgc4jDp1Eg8
CCwtLp3p4vU
eOj9Jsosjo8
qGef2DQD5hs
eGOYXHkZlvs
k3LCh36XCG4
a8grNilLaAc
TOEKnRvKUto
bBpph5sgNXI
55GwUqGbjL8
y4BYv9IcZAE
txky20653tY
iCUYvBUtab4
iHmh4FsAa2o
okN8lBI0YMU
pNSibBwhojw
86AKIcDORCI
_magb6pLGPM
BuH7xV80kro
bt2IYQE5O94
on2GR-2IzQw
Qdkvc3VWSNg
JorPhRD-Xs4
600-vgMOA8Y
Q7tg6vwXWGo
dZIjPU9hsRg
AnFxe3O3D64
5dWpit39oLg
aekN5CfFBXU
vk_vcKSHfUc
-1FT4yfpxgE
-qdSfCiPRII
g2FEJYONCJM
KLtr2Um0Hew
HcLU12pxFGc
enNdkTiYKzQ
tG0GJEt8N38
x03T_jdrTvE
8vPal8dAcx0
S7IpAgcXxGs
dKlJdHiqgoo
PzRsCZ7POEI
PTG_O0_JjQI
dqqDtSOgH4o
fGGlnl79qtY
luCK97aDOrE
KnfKVaZWWlQ
ht9skJ31h9E
DjqO8aZf-Ok
tWS-r7cLUYs
Eakk-BDpukk
WfnoZb8Ede8
dL4vRihNk4s
zFA8U7tltzk
Tcw5-rSamxE
gsuTqj--BuA
whImZn9Kj7g
9TPEKMcsy2A
tlFbB1QysSg
7jFo6o9g7zA
zz1jTYOd_xs
XDc_CTC031I
zet7EnMi__0
LXsZMl_wmJU
8IofQg1QIBE
hNc_HtNTOuA
xNT783AmJg4
NbDh-Exs0gY
rLXMIXAOaxE
fDcBe0BA8XE
HUcKjRZyNag
-GzZ_A0IR9A
xypFWGeyH9o
fXzmUfoKCqQ
Avv5F6Cvr9U
VZ9Qw_q2T1s
bPjJxqwWTsc
uxN58HbEIkc
0bu9jQz02D4
dp5SDK_VkrA
7duyModd2Yg
lv36iT1EYPE
EY_rNAegg7I
-DErZSiGy4A
t89cQIfuf2Q
JrScdBrIwWQ
gjbOILj4cjI
Jyi5FFUmE0w
xITFssQlh-0
7zsDpzHgHF0
AVfGe8HeVE4
JEz4po105Ko
m24eeonARmU
jAqisFVTU5Y
iCiN5yOf1WM
oJxbvm690dk
bJGruvqy9_o
rLXMIXAOaxE
2xi4-xs-yzA
QWDaD8nFa-A
zEryHRMAaK4
AcmZ4UhJjmA
XeNiqQWtcpI
BNw9aY43MIs
hmS6j6uoTmo
wGj4huVF580
UZ6OfEEKoT0
OvEQUJkIPx4
RoTdXo8IPxA
epzvwFNFh7g
ZZnQA93iq6g
Pd9-un9Yduw
BFPYqUdU3lw
K9HpokzwNwE
JifEZKxtOBg
cIgtg0P4nF0
Bd0BpX4T5as
LcvByeYaIOU
4swFrtRMUi8
zSdOAiwBgew
hhOw5jM283I
F0_W6gomFA8
hD60Fip1RD4
ZWnAtJRMBUc
qm3mMK1ghhY
GuTA7XCOCds
ORS3CqPTgDg
F7VSKrNyeIY
tolNRfcT7rI
L26HU7V6jBs
gijX9ToSSt0
KN7zenPyOWw
3k_1jRwYv8I
eY1TYAWJIik
KJhGSRJhWcU
PMjYBDZtqQY
IcnbZ8PSNfc
zWT8Z9-6pQQ
IPFmdbXvLvI
pRzZFHEx_ZY
RueRoVUeKQg
iQVyQEt3N2A
o4W8PMy1Zw0
MTs-q97YX1k
ElkcUnASvrA
M-I6PPbzdZg
2eotplSdWn4
M_Dci5eKgA0
hKh2rDjHQgQ
JfwwKk7sUgM
cDRrWmOt5Kk
X79f3cuLv6o
MW8QT5EpH0E
vkMj8HvP6-M
D8Iji-_PaOk
qyZacZPzOS8
k8AI7swmC6U
hOnIr9IgZps
dm5X4u5AF0Q
x4cND6ZHkrc
PgvRnWbpruc
sx5uNnTkUfw
A8R_pn7jTiU
C97UGxQA9Fo
iZ-bt2bboJ8
EHu2--0S1aY
Wjj3Ig1u63Y
W3pEII2v4lw
qYA8VI4ktZI
tJOgFxlwKd0
8Ps6t4M6A5s
7bYr6WhxR7s
-eGqbb171e0
XTmx5DPRcy0
CdEJOJbLrPc
f-43Whiq2Ac
FCZnINzLM0I
5ZCDEomYWY0
pov0eYE_H8Y
bTUef3vICqE
iBuS2j8BzAw
CdKwtFNRRLM
1jcQCJhnrdQ
qsU-zPo7gWU
zJONkTlIlvc
8ZRPv5C_vd8
M1bJlbR_RZg
FlmnTvS1FlQ
WDsF2lIFMcU
QQ5bnpdeOnc
H0kracQusL8
N_uXDCq1_n8
JzrSEHDFlg4
5qcB3TmFA8U
WvE9VpEh8oE
zCGz91t9GBQ
Qmeou8BM7vU
qw-oxLMhHxA
8rmLiRv0LgE
UmjOdfVmIRo
M7DcDMlk0sk
qjRU6hBq-vI
IQ7FMyw4Aic
v9w4ttpVkt4
qAokMqaXNaw
7OFCu2-jxHw
IDoM4EuW18s
dyOURTlFAWY
6MzWBvfcA6k
QXkLB2eI-rY
kY8shnRKZZ8
DiprPxxi6iY
XczKQAAVbaA
5xCnlmChua0
y_BxvRsO_uU
aZCNhFdDAPQ
gTnhuhNclzo
1WUdQpuVRtw
cveSjX97H8E
PlinVidbH9Y
mQS3O-Z2NX0
p73pOzPX7BI
hrCnqXY0QtI
6L9uGcuVi4k
lEmd3NCp3FA
z7lY5FMLJN4
4tzsQ5clVQM
xOqDmVJPWeo
_3t5L5iT6j8
-qr2Nlxb6qQ
wXIoXHQhp3M
a8U26xjQyFg
-26yFzeWiCo
37cq07GN5NU
nPt67s48GTI
9VrpRzrEDBc
QU0xdtcHV8g
dx2fC_uj1Co
hWOAtL8qHHU
H1cOjj5_Klo
vIR_R8bVSBA
-NGXwKYcIsM
TbeqC1cwe4g
-NJPq34RujY
oYWNtkls2Jw
BuS9pzGEOvY
9LXrWrZrc5k
CSonz-GfgHs
EauSSFphDNo
6IvNFUItTEU
2HL-tlsPJzw
wFhi3Tr87yQ
cne8GsjAhfU
Do7mv0ghPv0
P6wA_Y3iFU8
rB7AaDYmYNo
tbPi8liw-zI
ab08r7XvE1s
IobRt8mDL8Y
fNfNAriqVCo
aWNyt33vzOE
OlSNY8jqZPU
abXnsRPdI04
LT65NmvUiVY
RVcayEdifD4
GhwZG4ScbiY
AZQbX7bVsfE
OfB68jiTObI
y_H9C4BUPz4
Tk0WsDO0S2Y
NoIL5qUI1p8
_Ex2Ttz3sgA
LJzRhUVupPE
83WN-ngxJ48
SANKW9Y8Tb0
5nZJQVSmSHw
CTVP3_vtMIs
gyVwyIaiW4U
4j7z-FTOISM
xoh9W80qvLA
qw5lnKqCsHY
39U6kdie9nw
_sOZz3A0VGo
i0P48D-Qwps
K3Ktawod01k
otcKzcWRx5I
TGVlSakpYx0
oNO9bKygFl0
_fi5Hm0Ffj8
iaXjjJd2-nE
fgZgVNxhU04
5iKMb0W69ug
k5DpS5_i7q4
lazKg-e1iss
rIY3a7UgBIw
wcHZ6rysNCE
aQNxjU90Wnw
1-GPyK3iEZ4
Xe1Fymgp7PE
a-GGTx5QSBY
vgTdMwDiuHo
gmuwV4K-X8o
vAFBBpP8egk
R2NiKP0n570
kWZ13uMWL8I
7p3NkK42JoA
__b8p02SYPo
y0ls6Fd4_PM
r4uzBQ6EsuE
ydNrjblrbR8
Q7KYTAoSoyA
QnbPSYZTx18
tIVUU2chOOA
sOyIzVcNjY8
kAPSjt6TqCo
yEBYm8AVdbE
AbyUZ3pUtfI
JKdcK8KNj0Y
d9CEMACd91w
gaHot3vKLUw
TaMHe6u1_sc
zVqFAMOtwaI
-DZ--yZljCg
O8o6ix3AGfY
2HzRKw-UMeM
bSSNKufTWx4
7xhGqb1IBBM
SR4JIm-39n0
nkx1WL2OZ50
x4k7WX-sb1Q
7l9TGKGq2v8
sK1LvIMt2L4
vdJx8mlOhxA
3ypgzzDvZS4
KALHW9Z33mg
qDVsiM3RDCg
ERpbCrF7GSE
TYS93fIJMs4
p6GQsV08SDs
c9oKcUINsL0
crOvhehX61w
-3wjLWJu3tU
nROstRQrGiU
Psb0nMvqX0w
GmB-FJdIucI
GA2JU5OwMF4
9sB2w4G1U7w
kUoqxkNPQ24
UyZOw1fjDkQ
5XgiPqA22mY
pFbMpn9BGDw
xFlgx2LTdeY
bC3NIdiZF_E
SEUWhWYKaUw
j13OAJzdtqg
NmLhb9U6osg
gF96Tk2SlKU
il_MXIr_heM
cGpupHNRgag
aPRRhOQlNHo
79XO6G2uVUI
HbL0jIl-NY8
Gyw-LCL5dDI
0EVOxDVSAfE
6Vxk6zblj20
Zy-4WQMLgV4
PUGMTj4uOfc
aajM7lQkdUY
ok0bLNWo9PQ
DmFImtgjoWE
5JdJzCrQZG4
Gnlfffj3soI
BzGRghN0itI
IDxpzl7NGpM
Ivkihk7cSIs
Sth0J5D9kVc
c5R7ZL_qg-g
aIXd3F9ksac
qORj84g9QOI
ktNz3bdnJpc
5dxfxd1zDRo
SGUkgirE25E
KAoL-0tTaS4
B_DN2SVvVRs
0BWz8p8_YJ4
z5uf1bkQQ-s
nNeVcY7EHnU
YKhxo6n3VL8
AINE4-iyae8
Aqr0ckbpg3s
yqtLQTdE3Bw
0tdkFPQri14
MKoOPNJQsZM
togEVXlEi98
5wyoN_nMB5I
fJHDx4J3z8A
UXQ5v0ZE8-s
1pApJ6kvHAA
BCBJwStv8WI
ME0_rkS1TRA
nEj-K89icn8
TUfcLFi3nY0
BbvZbhQ0N7I
XH2XjaAx068
8F0ZCki5YNQ
kWr9omN1Z60
EE8-XqN9oa8
-IWYCGJEkFI
avZBM26EDrg
Wi2nRxZq_So
1TgKBLHXrdE
96-1g3-QHY0
11TUidP1rrE
M9YFjpykoco
OxOgcfBVUQs
V_95AaMmxys
1eFYMKs-Kp4
DBi0Y4PUvmU
YAn40kWjijc
dRcrFFop6Lg
U3JRzjEzTCE
0WbKE6poGrk
ceSdfVI-pPk
dNBnB4v2RMY
3k2q_7TGkms
atE83fyktuw
e3pz7MgBz3c
S0bw-oPgb5s
oguoTn0gfPM
6J7RyK8-M7Q
mwNDbvCToP4
yhs4-Em5hfs
XBb4UILwW6E
KIPQygnmDEc
VK0Tx45UBj0
s_L0WNQqs1A
uffz8KE5Wyg
Dxxo35l3uus
uV0WxW80Vd0
ZXCHUECI25E
fldX0ej3kX0
y4ePe_Xh3n4
X39XynAwPdA
RTcZY-ejht8
GrT7TpdmOmw
akx4KUP38Ek
mnvGOXhtiVo
OyS6BYa5ORc
Ev4mEJjRUDY
P2i25snA10g
5s3bQSk5dp0
aqS8ztX0Q-U
9BfyZV4dN0w
SMordflvePA
3ktzsPDlkVw
nOnF2JKsS3c
E7xpl1I3MeU
TDYqTuEHNwk
qYBnwNXdJzw
B5O9KEiM66w
Npt3TtLbH_A
NgJzT5Cp8kw
yUYzdoSXPHA
6JqSBlxNwYg
1F2yCZWMY7U
Qtk0DQA6woM
uzhYI_n6xE0
XPVYSBdLDkU
hBuMOmY07hc
65smPkJlTUA
Ez5avJSXHUM
P1SGRBONo4Q
vHiEY5MNECY
gwcp9DtgHoU
r8an_SxBhbU
LCtTFN0Hlzo
VJIxgEzRY9s
XcipW3jZ0uE
NmnMRtU439Q
H9UjfOtJfoc
n7aiWK8cwuY
nWkg32nJ584
qpbGc13Zig0
xT5fvMlIeLo
R58577_emWE
mHp32oV3PwA
z0SPkY4lbCQ
pGJgFlVxycU
zfMuzvkzkgg
8WXqtqNP9XE
6a_zxGydQGI
6JqolTJCfVQ
DQfvb0t57es
8iKa1Vp5kC0
0N2wKVR0XOo
11a7y2UtMhA
1eFYMKs-Kp4
OxF3E85uWtA
JTntJy79Hgo
gRQlnvFSOjM
GYxRqDGZf3g
te3MKReK6lo
yKiRya3RgQc
s8vrmBqJcwg
sX5jR_LuQYA
uMIJioaWZ_E
bcFjoo0TjI8
Ujy04Ak--g8
yTwYHLQcmlY
L3wyP8Qzvp0
WhWlD1FxB1o
FzUJK3e-Ia0
ZkhAjVT2ddo
hCMi9j1iVWs
IEk2fOTbONE
JjupgaVRGhI
oaFGXiGYrdk
Pd8MDSQIsos
WAeXAJoKoFo
3jMHxVOMzzA
3r3nALWHQaA
BbQhtUD4r-Q
pXKdWsMHQpA
N_nive0gOB4
t81tQpjvNRo
BAnjpvTOP3o
-7TMw5-RszI
aavI-27odYg
xd8QnwYXkfU
juT3qtocntg
4bLywxbEjDc
jwdvmgmbjB8
u42acS4bPuA
2ymjr7ow9ZY
OfQkQ9QAhcc
hJ_NoFHOikk
duRhZk0tXKk
JwKSgswLMT8
bwW6tVNFgWA
2avffVdKsxk
ttW__5UgbkA
kRsY_OgoaVg
v2dd146qqEA
Su9D0hbxJxw
jYGsMcMGVJY
dCIrbdDZhtQ
di8OaKB6UAM
3loFCEqEWr4
uFmtJ5h4Ivo
oF7gpyIgrNE
ZyaiaWONZiY
H5ug4ePqALs
MWc0LT9C0rI
U7Csr6TbGbM
8cMWL3J8Gfo
yUHahAXyrBU
w5irTbhzAeA
jZq1FENNL5k
CU1WTb-ZFYI
11zZiL5YnYc
C380HgQmbo8
pST5jnB5OwY
80oyavDCHnw
VmUVl0deSW0
g_dh6qDtiv4
6_hN91FU4gA
EWH_XT6yXv8
6E4sTpp8JMU
FAY0U9gjf_0
oem6kCp8cBA
qtSbdQESv98
Z5Aw9PDO14Q
TiHqX2-Wjxg
CK9c2fmyWuA
hSo0GpPA-vY
s0IYQBfdVqw
0M6WUeUWAEc
mIxRWS2HR7Q
G6yrcJwBvzI
Vys5qPR45G8
qqRb1ZbQgVU
6ycr7MsLCK4
auzz6GZnzag
d1eHXGpqBEs
CgILtriH7K0
uEEtzlqLqEY
NcELIw7KM4A
yYY8AtZ_g2U
KeFcWqMyysA
1LGhCqtMTC0
4P-zyFYU3ew
R7YdUdgfeoo
h7VIOnlhQ0U
pL6XU9OJ-ZI
5HZcjDInM6c
wPiXJd7Gaco
-HkGKzb0KSo
ZEjbUp6s4bI
Oq49YMJVtLY
7-RpAADZTgc
5P1MeJtaGO0
5F0OMBY3Lcw
z76mgMTFcAk
pErj9dkWfbc
QUOrD7WCZug
XZ-hW-2VjyA
XuoZJOtLKYo
yeyQRveZEro
BzHXDLX0XXM
0w7TOVyM17w
lAigNlrX3uc
RRXLA4NoqcM
3EStUgsTa5g
ThVwaTnoSLk
qr310S7nZ2E
9PiEnQRkNQA
NDUYp7REUeo
DNA33grsfbk
rADgT6xZZDo
xwTRQxrYGKs
DxtwGxXkczs
kNgXid5jaog
hiTLnmWLcIg
j2CiAlOkLAo
LhbscQEBMTo
TkJDEwViP4w
8uv6foDL5kc
axabXDYDc60
-q3WaG9bJS4
9tefhCWeiOc
ZwLLKvVTXxM
fDThyc4KZUM
5HZcjDInM6c
VtmnG-N0YzU
AJXGG-bT6ZQ
Ic9pZ1oGF9c
hXI8zwFgJNc
5PS76348l-A
TNE0LUqlU8k
hKHacW8FF6I
qMULlW2rGiU
Vu-xhms0nXY
Ii_nlV7n1zY
DSAcLRD1J7Y
JJ4Pf_Tzg0Y
vCGbpQLBNMs
o351P2CDN48
sDD-gIvga60
BcIU0TS1x7g
I7-3NO8GwCw
IcGaPMxaaMM
iFXNNjyVH3s
UVoSGyx_YYs
Zrx6ZldpJpI
JMwGNRWBh9A
pKwn1_NoZMY
prxdu8TCp-0
L7Ot6rJqcEE
Tvtl0uQHOaQ
gxcm5a4fj2c
pUTmvZgXayo
TmEAm-iVHWI
QRpIeg9eTTQ
4aB1IZaHZaY
NzcDA65X8zg
xQiwzhTNmtc
_XmPHf7Z2YM
tgkvzRGJ5Qc
HOnRNAH_7iI
9DVWmoXWMLk
UpnuFlNkrCw
_7cOIL7wUy4
CNyHlSHbK4s
5hcy_XVYSAE
yqU2vhB2JEU
74Ufi53RNqw
G2pH302qyiE
8MhTrWmIxUs
9r3PkAwgXeo
ohggKRdlRNY
rMxNuqT8K_s
L-NUv6OQyPk
hVFron6BsNQ
KLFEt6bX7sk
x-31DKJrFbA
P-cAtUmJaa4
ZHGAVg1kL08
wDAxFgOP0V4
VfJ6XgdaTNA
Mqp_LvZ0rZo
dem-vAWPzHA
k8Th78mrBt0
zbXMwtq6AZE
wFe5qnyb8WU
ScEQCVQLIQI
wjzI6BFZgW8
KGPB0mWuvbY
R0Eon1Mzn2g
qAEF8O3mnGI
-8jPVPbvWxU
pGmVXtJUQ3Y
mEEvbZSe6m4
SlxceIqIYn4
moSQV_uqmiA
yeZXp_HGuao
iR3KrcF0lf4
mbqmgdl1Nto
1tvCd3i0OP8
i-g99rJYEc0
2vFZ9Tt7JCw
-EAiRorbo4Q
L92PiZzsVLE
w9b8URrSvBg
00mgh963lgM
Z9a2I-DLY-0
3tst_xE53Z0
sVjg41hDwtw
VRy05ts1zyk
eoO6y1RIK-Y
MlLubb5OjqE
2gqNAuUT66Q
qa01dLxIGu4
gygOMGPR2wQ
3ObYvzgFk1Q
rm3iSHRy6bE
451IB5Z4tXY
9-NW9MTVW8s
aQ4LivJeV-A
0A2VUUZPUQ0
KP2GMV8aKaY
W2MPTYvqntY
jaFInK3o4iY
PXsU9Jx6AOc
QRr8dnjgPD8
pa2oHxME-aY
AdhXqO-J-ZI
GvJzxTB6We0
ItEAL50l10Q
hbuOVVhAlDA
Unqr1d-AFlM
Kyas7udtgQM
EcbLM6xjVpA
7z3Abm2RkIU
nsGKWwSEqO8
HGTKsZFq_iM
cAiEK-jqKyI
ItuySdlONXM
GCBMir81WYU
omJUjXa6Eko
uOVQNO8RgCg
8sV-Qk2pl7c
QQ1HEpuiZpg
uh9hW50BuNw
B3B5kNv5zAA
e6nu-KkEoRI
hQBYTam0D-c
WEOMU6VcenM
8pLBdsgNGqU
8DgI3vfABWI
MQ2hF0D_FlE
l_c_BZKtxVU
cpMHmUHH2cU
U1WHH5CUSFk
UtwfS0c2GAs
aj3R-Op52is
Rqb7AE_pYzM
c_I3N4ySne0
RaBTGl29CrE
Pi-bsuR_qTk
0H2qb2qcvGw
CsiM07Ppb-o
KXlRw52-KyQ
guTvzbP7SbM
mLyGmW9oq70
4H_Sd8qWsIA
Dk9BmtvwEwY
1TY80p3WZ00
Rx-kQNFwzWY
51y5G9Y9R34
6D1bKiDMEqk
cGVsQkNUDCw
10U9w47ae9c
rfIKKqEtXFs
goQyJhvoej4
Wk0Hpdtb8MI
C2Q80Wi03vA
hCXZc6smMfE
dX0OCGaM9W4
7ikmonrR-BU
lmE0cgjqNOo
67cnntD4_XI
NIRqL0g0RmI
GU3HmezPOb0
T1PK25COgaY
ILZAVq5TUVE
WX58i802iEc
nwzCGXCcJVo
eyHsCRAQ_rs
90MRP9PghH8
FLKhZVNMhvg
QwEt1Cpn9O0
QlZMre15P9w
p-OkVEvpyW0
Xy1ZdVCvgwU
zVrp-rdsEic
Szxy41zoGMU
b0mHkGhFWkE
-ppg5i9Qy50
auWzBYABA8Q
usJXO1Gc0Qo
r2fG6s-WjXk
BPZgUvonw6g
Z58ttu1-Gc8
6ms92gkpM0w
psrcMYtUTig
8jW0pFQdmyQ
sgbSl5NgJnM
1YSLXy2JgT0
tTVzEh1gKOM
t4JpfO5-Ay0
uPzSvJwM5DA
vb0SaWAKnx8
6jR3l08reAY
v_4zMF7Am7c
G291vUUH4NE
IfMe7RL4_LU
7fHfcafJ-jg
AtO65k1Kq6U
oW-lOse5jiE
c3oGMdcvL4M
YUH706ZEVfw
X8BMBcsX0hc
Qh_eq_XDyF8
i3noTNZF6-I
QuaxqXpZ61g
_i16osv_vnI
fAzFnlk-UbI
njD8np5WTmA
V6-x4kJ_8rA
yO7j4zbH1DU
ET4ehpHXrsA
QOgqPswaAvk
e9ybfk_IsBI
9etFcpx-ej4
L9P7B1wO4zU
5mFYiRblbZA
qok6nboEoN8
2u7u80ZhlMk
DLXooKgwF30
12VgWho_abI
7FB_Z63h0AE
tk-Vp1VNL-s
HEAYuM-KICw
hzVL_qrNTe8
EJWsnE8wdLw
uKkGQ0jKyTE
Vm5AxGtuvTc
C0lS8j_dyUs
xGioAyd_wcY
4yi5TXyYDa8
xWDubqndknI
xx73GygNl00
rf_BEaP9gKM
c5_d8prxGiw
r24nby56CZA
OKp73nQiInA
NW_mpcUCUxU
N0EQ0W-kMqo
flLChOppp-U
xV0lSjORfKI
RdwR1lYaxLc
us0RGsVXdg8
FSPWPpeL810
MVUIqnrNZqI
b8nVCVUqGHc
i76aVsaAg7w
1SZ8xDZ--q4
nV8trzcz6ZA
A4pR_gbLwSA
cbPQdb9YGcQ
NyEMDhCWPhI
cEPhZF0t6nA
mxAuBf1rV6g
dVv6KUZIyYY
hsD9lYprv2w
3o4jQIvA3hU
V_6MMW3ilhI
sZxQKXuiv8c
DeaoqmWDJR0
jLAtSNLs-IQ
SwRKfYgpBjc
-SLeLv-LUR8
pF8S5Nq-SEw
653waq4LGLE
Mi7dIU37Ppo
4t_7rI_euds
HZW1O22vEGg
fGpIfjIuJlY
tZJZGvbZnLs
zS0ygvHrNqo
_4ZUJp8W6Vo
xu616cWkmLc
grPRe72o8pQ
0T5GebgQHFE
ZXlV0FRoSt4
iIh3hXOo9M0
d2nhL9_CZiI
brj1ESOjq50
0ExjCc2G39E
0wjtDRXjCEY
-NXeiO7UtsA
tJgsJba2iv0
QuaxqXpZ61g
c5bSGcDCxfA
gs7WiLPc7VQ
ERNUYT3HU00
Zh9OpBPNyDE
i4Xo2JRO2gw
J73gaB63fCI
v6_vQ-6E_m0
9Xv-DoKUgL0
fiWaxqIb-OY
34a3qRUZcYA
KZgd8wrhjc8
aG_OC8ODqRE
e-BxeZfNqBc
h60ajD5Yoq0
9VbNkDXfP_0
9OsSnld6Vqw
dj3ZOF6A3MM
9RvX4NpAxXc
B1f7nv2i78Y
ziAI-THGe_c
uzLq0yzZmfY
vC0OCzMKdV4
Si_B-W4jKaU
Kd916B466S8
UHFKeFSfyO8
34TSP9FlLoA
6IG60mrqaMI
kSuF124ehnE
53l9OjI5h_I
nkmZGn5BNzA
Xq9kMafMk6U
s7vZ591JrS0
tbk7vgy2TDI
ojIGQOjo4RA
1pF7Xvj8i5E
5aImOErYH5I
rsoi9s0Q6YM
LQ5hetMxbuM
4hJF84J8wOc
W2OyZL_Ri7w
d3R-CSPLPpU
H10krc-NNhE
9Q2mhsJHV0Q
Y3lr1mCv0wQ
BfVO-T5JkMc
r9aitJPIWCk
9Jsvj6LVYnk
DaANR7ZOzvY
NC3GeRc4p20
aAe75Sl59dw
2QylqwxAb5Y
5_OYytN592s
ZSBm2mzqM18
-YPDGjhFdnI
M_pDpmlufgo
fU_zADovFVs
DTZh84xyBxM
Q4ZXq17gLO0
kAGGsO23z_k
z9SdffR4jno
cLEdqOZXTD0
zWRYOW2fyg4
G1xRta9NT5g
kGzVtgjwRtw
5YEClwAeRRA
NGuAGH03oxM
04KyW3G9NKk
NdLZqh-H-UQ
8ApOw9x4iPQ
L_vf3Co8GZk
vdv86b4fblk
qXpWAO0F7ck
qYKRNYFgEKA
HCf3NDaowbo
OpJ0RPDaJnM
4MTFLL84aX4
DWyYtR0lEMw
dmc5lbWDJ40
u4V7NllEE4k
gNH5773Z4kk
TxzaSHzdOR8
k5xcsd_BXTk
ybJZRxZrJSY
xXgIwKj6PoY
NC3GeRc4p20
Mg0-J5bgj8c
_5vsIOazpOA
DwsfBK0_hBE
KKIZHGw7XI8
OS8v6gWscGI
ZrzUR9tD8SU
TX9nXP18bvM
1vCfRSaHSAg
HNNzzI6Hfaw
btqxc2aqok4
opiCB7mvKiQ
dfr8bJO9B7M
5-oVTIhjurA
FlDYkr2XcEc
1pnj0w2YMhk
g0G2mDLFlDA
I_CqqPg0zfY
EEkGdjRwu_o
_MJ1Z_e9u50
nXaJSqVT49w
MnNANZRdG7M
LQfb0P5yzXw
ANhfJIA-GQU
xd0VasHL--E
TpxDYA0oZA0
0LfFaLacQ6k
S0r4jnZC7-c
SLJ7DkhKT2Q
O44Mf04vmYU
Z_ZRfzzR-Jo
1X1bbu71cvQ
LvlGjtA7Ofo
efzCBvq3Q98
XL0H7SZYQ7g
64Fh_k55IWI
6jvpOpDraZU
1taMM0h9JIo
ZUX8GnZ-3Lc
Z3kEEU592_4
VO1FdVSMZHA
yuNytHIEqYI
aLroMbFsMdY
OKJfCzbwQD8
vidnxAhsVR4
v60TNguCBys
G8PlowqD1Xs
67X_CmAPWSw
7Ovo-Wh16Z8
cwOskka9vR0
27kOtGDqbv0
zqKLh_xCRm8
D-cMq-A79cA
rHnZNq8aqLs
W-rXC5bAOhI
AQnXcUSrVzc
zMpLN0tiwa0
TRDRedh3pxo
kRxgoOHc5oU
gAhJn8IXYNE
Nqlq1AELVs4
cbosNMWKiCA
tLKE84ydSm0
HSiBCO7Sd5o
IJZ3ggAWVb8
9lmxaiB8Ekg
zcX-MVO8ZPc
PFT0RqkGPfY
Nk3DwLF7xxo
SpKsfYZ5crQ
B6wFJOPIGaE
s41LnseDfLE
Pr3oNMEjjvI
uJVUREP9FyM
ofWksoXp9Z8
ROiZyHTNY_M
b6mte3MW3wo
Cl_Caa4wHvM
riDic3pzZLc
r2hNLYVEi_0
LzxJ_GwcsSw
IQg0jT9IWWw
FIdU3UdSkE4
2D7luXmSx0o
9ZUu-X1ljfk
brZMPC5zbeY
nC47qMCYZ7g
vCIJIEl4X_g
4bS_WsYl-Mo
TuWKMUp9tYY
_1SM7LLhF94
jfBlcZxDFlU
AH82ESQgUHs
60Ju8urXku0
l6umfTLuCI8
Gr-Ynbx67ac
y6wffrzmfqI
xFIYff464II
zm868qrrDg8
gnxbqNrxgys
5-oVTIhjurA
SY81zvrKG1U
UjyTbQxlBJQ
QHd-ig1kCbY
ADV7e9DaysE
Czhmigoeddo
8yjJ4fLVo4c
tLWfRrMa9T0
2l5N7AMhb4M
dj0j3IBO63E
2hmCxEtNNVU
aHTySOywFhM
oIceFuELB9Q
oFCsvNwJoQc
L-1N3tZfOlU
t4uYLgDG_ow
dyCQUIx47Rw
jB3SX5EVXCE
kMEy8JbKb6I
3XqDubkqh1g
gcf9me5y2Yc
dmaiFpEZAGA
gjhB6wUoZKQ
K12hMp9jYks
wcpr7evrQ0I
-UHadnOEpik
WS5HlW5ZUW4
Bp-l5IMgf68
SMS9Tzcut6M
Y1uHuTBknv0
larU7Jgw2Ng
tNTlaZ-iF5M
dZfsZlHHrwQ
7x_EJwOOK2E
CutllUL7c1M
ciWcPKeMj1w
fslpb1VD_QU
pBdkAMVd3Uk
RfyGZ-EMTqY
I_J5DnQqwBE
6SRAHhCY5iA
D_QcInGpd7w
ZBkphxHxtwQ
C_p0oYdLzak
-WeoMKh4Ajs
4G1ZdAibmaw
mPHBCnBO2qA
KH28hQUr2kM
3Iryn2BwBgw
IP56Jbv25eg
GdLCk7tNYLc
JiHHV2E3hMA
cxpD5DwjIio
MhxCLoB3UaA
DBaUmCDq5As
OnMplJlCqss
4HYIYVbnSRY
ZBS-ef_lt4U
8IHd1UbUGp8
5DqS3qFkpds
2-pRTI7zjkg
A8LFZYL-BoE
WN_33PdPMSA
aNPmJFQeKp8
GUTNjnm5I4w
WaC-sRdULbA
z4H8mju_UPw
j0c_Ypm9moU
6mZ5f8xsLQ0
A9ea6Y2IaMQ
_RiavZM6dGQ
Ok2161Vcaoc
hlaaisqtv74
yDUYambSbS0
4La4Qxer0jI
eLWplNz-B-c
_VqKu6RdS9w
_etbyZ_umZU
n_yyEXYwQEg
lzHBLflm1f4
s6DJzyiGp1I
y6I9pRnHHEY
OwMXAdEQLLs
8p1KvNuUirU
NCmBm6aOtlk
kZmjn-MAtFs
aNpoQ8X4Hek
lxbUm31QSRM
f1y7_aVps64
fYntuuEfkYs
TFxGxYeueo4
thO-VNH2Mck
lOVE5MiLb-8
IMtZkBmwXUU
L5x5mw0Wkkg
J-z1uEODqeI
rKZJt_eqiVM
ykvw3mZnmfE
tPHfjY8cRVM
HSy9G_GalZU
nXZsIQb5-ZA
REUXWeTctOM
vuAXQNmIvrU
XBRkw7mYla8
KG6G4AwnxSk
dqhY3AwVMxA
UUz17honr64
oi8gxaguMPY
HMqd96bgsdU
rIgPfOpsGFA
SwwNFrhBuXI
3dUq84EE1Co
5q9_qB54btk
Y8D3reuYl1Q
Tpbo3e6b5Uc
Sl4vy4RBtfg
JLkZrpSS8mg
Bc3Sfy6lLGg
qma0_H4jxN8
5L3vHZku5sA
WdNZLJPw1EI
qsZ1o_sEWos
urgGn5NIbYk
1Hu4JsV1eaU
ERNPqmwxD58
_GIRgInSf0k
oBga667uEGY
JNqiJKjXNeQ
2sETOPlaBms
_f8xCu62g0c
4BAhGLnoygg
LM0nyOupkas
jtYuPSUJlxk
ruFD7rMSHNU
tPHfjY8cRVM
qLXEGVfrPBU
c9itNmat5R4
M_nBdT49hBE
M_GfEkgW0Ig
PlaRKUdwKmQ
rAqTLbyZab4
-1BJ9Q4E2ws
twba-Yv2J0A
uqHZnBDY-Hw
DX74FWeSMWA
KegcCViFyRw
QwMUxkOgAIg
f6V0rjdQ5_s
-bCvWzYjxJk
CcaQw_B5VjE
GoQaqk5C2fE
1Jtnkoh2Bzc
ZXn1vk6YEgg
4UP8daKWu00
c3B1UEg7d2s
OWBYHFmVIJ0
RE-F-4DjEgE
g00CvPBLVoo
ojTK1o4VM_M
6aDkcPq5P4I
QohhOZnWalo
K9seGKmOCyQ
gegxC3J1R-8
I9RlXF166K0
3pWnv3XQ59Y
X5NthCLxOKY
J6qOPOEou00
WqkjmvpzH9w
0rHevxabtzU
uEO0Cj-GFi4
rGu-UNfcbww
_bE_nKHZwd8
RiqFvZNZ7d4
jXUDJpoiZfA
TelLDWBb7K0
-QvcgZS2Nv4
NOXwBY0JN3Y
DG4vRpCUzQs
rA1bS-VWvFI
fI1bE4vGNDc
9YlJRbc1JhU
buJgRwJHqQM
0BLGM5BMoLg
e1iLP1EWxqQ
L9Abic02WQI
vjIYJrXg4sU
O7V60qBcJRM
0PsYpK8WEPo
eBxCHN6lEGs
SHlbWYPLHAY
A2ma0Mwl45U
ZYGfDlkm54I
BP_iLRLle_M
Of-9WuUkitw
h-DS2m6d4Xs
Nd1bMgA3zz8
TBt_oV0cJNM
sdBro8J6-04
M5u1MgfKRQ4
xgGTQ3nPJgI
LSPis0ehzFU
yM4kfK-dnL4
P3OfTbpVClk
QoAquydxv8c
ol926BOzMtY
22KQnBakvHQ
J906D0lFz_w
K5vu9kUqc2U
Wd1Xz6QDSu8
MxixmxK6480
Fe4ZQvliN7E
vPRSRiM9bcA
5yUXHGNEEOg
BUZB4Ossjmk
2YjtyZtVmdc
KkhHcjcg7ec
cWJ5rg-xwIg
1pdmtWwOElQ
cnrgsRdBdDM
kU8e6F-GjcQ
_bE_nKHZwd8
IKHGJxcuoL0
Pr0FKZsOp2o
TSHRC8uhF3Y
4kpk9pVrI_A
SE7FK9H8gGE
awFsQ0bCNoQ
wB7lXeG7b80
UytOdIQRqPY
-mWFt0jtgYA
JeXIs5LsuLE
BTdSeWK_O58
_tdZQv71hDY
XGmTj8xr1XY
nm9Wo-57pZ0
HS6GLDGg-hA
YMSdYJtNSgI
wtciDAYeT7g
kPwJjKPeJAI
V78TuxiiYTU
uyQwP-32I9U
vLnL3aR3OGo
z1proIVm1Hg
jwMmFazr_ro
K8ze_MtaCc4
sEo4SWTGqm4
Tri9i3WtXLc
LITMOnKB-8o
elQPUoD8DRs
I4_HtETTgPA
g0XZfPDI8a0
62-3q8RExeg
LvrtA3wGlM4
-ejMFvssoSI
-Cr5kgoSUtk
CQ6QMZ3zSLE
OHUIcOTN9NM
fkFdLNAzEzg
v82h26UHpBI
5-6J47kxgbw
UK3-stKm190
FI8acsQIXDg
7Z7b5-XE4VE
tdTyr2fZsjA
DHUDx_mytbk
J30XVELrIEM
Hsy2AEnUhro
EmIVWqONpQQ
kpn1oeoPnf4
Uepzjk7kpwo
c_2MTFdZ3gA
lCS6j0vnY2M
-z3O_vajMsI
z5m2s_PY65g
67qq1ga97xE
OBWf_eAc-mw
NhVTEf32RvM
4siPf_uBB-w
3j4HTtdZyj0
-uiFReBTg1U
497iTevXQ8M
RlLP66EV9OA
Hki4ZL2Cu30
hxLWMsZXkjw
So-59HBRWF8
NfQLGIlKgJs
eaPtZ7PzoHo
EqBRnli-q8w
_Kbe9uzK2Aw
jm7K__Wte7w
SYMvhMS1bQQ
TWb7UV4F33g
NmuHhVc9lX8
NdK42-DBcwg
bR5ooOUmv7I
RoKeyLUuGFw
_EY8nFn7cSs
DE9NOgcGQOw
h-uj7i8ZouI
s-F8z5v8Tmc
-TCrxBrruFI
bR5ooOUmv7I
rt9uIdG_7u4
hfXiZcXB4vg
rZ2ufACrB14
6lZnl6wKOkM
ltT0ZAohlWI
l_d6ONHlihQ
2W6GWvYvTRo
e-GC9MIK7Sk
lWM3pa7bAhs
eciL8HQBMKg
w4Dha9OoIfo
iIm-ATdVqPE
tIVbWp395cY
acCJIi6YnOQ
iCFuv3TSpFw
YEbjAME5T-E
WO_N9WtkozY
SEo3gofwyWc
aTuKcFDGhHE
ZHs0JWzfgew
VdDfvp2s58Q
1uDxesfwVfU
aG3YoVNpYAo
2kSDtTgdmY4
BAuo-VBXCzo
Lr-I0usum0c
SV_P39hupaM
atbSOYxDsb4
ndCxR__7yJ4
BST_5ZFH5NE
P3jmvpcf68s
USnf8hwh49g
ImNCqGhTl1o
Fx0XYQQGhE8
O8idwY575-Y
6jrIcioeFV0
jGBTgHuc6FU
IjN6EhaY1YU
4zLesXp81tQ
3S67stqFuf0
25vfqL79-nM
CVT2bph_USo
WKuMYGATy8E
ejY9FBjwDGA
CYlqIdzW6bE
wDBFMC6JZj8
iTpQqRY8Zhs
Pu4pjA_Ho2c
WEffTdlR2_Q
0hF6Jf4Ogxo
uJGkdlRTMfU
6TRDFk-5UcU
JKUtCvqYN8M
vMxl7QDdaUU
ReUO09ESFSc
8HDllg_3W6E
GC6rWOv0XMo
UsdUC0RqRa4
WjC1iIRaGcQ
IDVrP7GPakY
tgriPHeuT4s
m9AuhSrKnHo
4jpaI7qSUds
LrcEi4fZgHc
xNn0_zH1kW0
KSlwfPwxhQo
YOqqfpBtThM
GFaK_YW01-k
3IFiAA-fOA0
WB1MLVLZpLY
QDEwuBeAn34
HS1spDxJyjo
3AXz-Dke5R8
CUBBTxAUyy0
1FGPaysPMx8
wNuRr9t4FBo
U-nac6uFUD0
kK0yL0Inko4
hTrtXaLiM6A
figPoAKe1kQ
cQ6oQkb8OmY
lAETRqjLrRQ
rcDvc-AlKvA
weQ36XE3zqc
3cGkf61CXO4
GPsk-AqDNj8
Mgh5t31bTug
bx8jyQmdStM
rCz710uY2S8
UUr8_3VW2WU
n_3GNl-NxQ0
KdhOijRZ9pY
86CheJ5DhUY
2BVSb8U7Bwo
tugldDbcnV0
GijFVnGtqSE
K65O4F0Y3-s
JGxgrGGXC1U
x2Br67nJxD0
NJsRgaWV8Fo
98DbzbGULqQ
XwDXasJ61Ig
N0LjkHaq684
R8SBnHrOkp0
2KMwQhypFhQ
X4YFycz2AW0
_C3b5r1_Dmc
5AIfi8cE1iM
71wxe96ODsk
iXaJYjoOVXg
yICMAIOm3ig
elxJC25qH6w
eEuZ8JnTLiY
36okL-2mgAg
zpz7hvEzVvY
9Pimpwjb0Ac
CItRyDt6whs
-q2rmyRNU0M
f2kvzhC_DgY
OLu1ELUsL4s
gMk5_6_DRgQ
PwkW2n8mpkA
8SRo0VaVjQo
eiN8yLhCeFY
CTg3WVyhM9c
Dq5O9bRdjyU
ZXkQWQ1j_6o
BQlALI-LiNs
Ftje52ZdNfM
MiaoXoYq7jc
hpWspclizxY
1YVuuv1zhJM
nEZPhT87R60
ynOk_tfg6H4
G8ubRT5rJL0
GuiiSrmgDSM
5R9opdl9eiY
LKED0bjr9Nk
L-NSXEFCaLs
vs-hYo3DIkg
LSt4rW9eNDc
PFU7pqNMuzE
feuX70L42DA
voFrGPPRZyo
ZGNBOCrVFt4
W01RDPJOB5w
VzvsMJWdwsQ
YZVEMhFytsk
Xxgq4P6s4YE
X5HDrma5kR8
kcQBowRrbyc
90HUtbaq81s
MIkHlZJQmaE
kPTVTpEPtos
Lm9OKRoJvMs
jNVQ6SoF-U0
7SDN5hB8bpk
5g-ToBxqPpw
EDGuguMhYYg
2SdjQvbJCQs
CBp1ZMwWr1Y
hZVg87cSV4g
JYqgbHPJvcQ
VUrXgwbvksw
TtvF26wtmp0
ckqiqOLpzEo
1b8DJ5NsdwI
Ilaep51-D3M
Mst2l1UsbBw
aITQaSeWeps
IeCobiHXBd0
fu9HxKteBAM
8hMX0GJjVw8
MxBtAsgYuaU
Nak3XRC_GY0
UDP-UjmhuqE
4Mh1T1VhguY
zQPSNSDkpvM
09WZ4JSGMbI
ksHttvQyCuk
NMbrFARwfqs
oUhSr1dHjMI
yW41q7Zvch8
5SML2zZ4Qno
wjMQE5XcojM
lKtIHWOD7mE
J9M2eSWGb2c
TkqPFdfTWu0
k-GSsXGQVBg
p2ZB1EZePg0
YqFJWG0USuQ
RvMDCccN0Ho
bFX5Jd2bHS8
hDZJSQF9mJk
tzV76pC1i48
6a9PjZ91nr4
-wWOZFYodyE
xHsF1oJnL4g
-wWOZFYodyE
7C19cMbrCsc
PDLaJJlzrMc
l7DpPV7h6vA
14LDJUnO47s
qiVj1Tzy57I
ytX0uA--o5g
HGRj4BldF70
_wht6pU2lGI
l8KFTQr9Eqc
n--Y8fXw5J4
BPb4foqDlsY
dpZgpP35zCU
lISjYDKa9bA
LOE9MHcF0GM
9nr8e_hpczo
Hz5nA5zE9vo
oaGQMpB8SF4
RrVQGPPFN-E
QkjvPsMGvvE
pxN6D3AFcv0
CvNhFNpQ5-c
CtKbx2B84zo
QxcFlavg5x8
uxSJGI8YQYU
46MnjAi0nFk
LbAdHcxk5wE
HTwD4KYRmpo
7IBTo1GvHt0
0UseIvnBVsU
1p_zbOEvMk0
3KzBzSg31tM
Rxxq2Yl6Mwg
b_hmLbS4K_Q
NNz79hwkfYA
sR699iBlv_s
h47IcJg9aFs
HMksDKklc14
Kyvp5V63NdQ
JTWHkKDJ6Ws
TPw9c9pFFZY
sGGi2aFJ07A
EZ9w495Fw2M
oJIkUmrq6NE
Vgs8KkruoAE
oN8HXXjs3A0
FCxWpmNIXGs
-BMZJn_qi8s
dSit54Tx-CE
Kf5EGqmgeEs
MY9KfWdtB9c
7G8JlKsh-_g
Cept_o0pgbQ
WU3hpve7Ads
5ZCWptze_J8
MTL7YJ6KBB4
PHPJy4C7JVo
NuIbPRReZtg
5s1eQXoISI0
CSUdDzYANe0
S40kdABLzGM
bu0s_n0H5bU
yYyl6yeX0Zw
fAvSjTiZYkI
KD2z8uC54DA
dyZiR-l5jNY
swLxiHOXSeo
