Ki-nNZJzYCE
q3OzzVh0JtQ
ENxByYnPnfg
IyafRdS_DmE
B2q9ZJFlDsg
VV3v8fMh4wc
5NYUNR9PlZ0
pv9-vyL-9yg
w_C7LgXrl3w
_UH-JDPdNws
EpfzTRYkCPc
vWg0lfFd1CM
yGXsC9ZhIEg
VUjOFQLTFGk
LTuzmFM9Ru0
YCCVT7qkkW8
JH8zCnK_nuk
RFYa4Vsw6r4
DPzYYTPZbC8
3b0uWK_LbQM
GJXGsW9Q1jI
vFRf_fF2-gU
LlETWRNwjHg
pJr0NmAXhzg
D89zLJ9knAM
8Qxo53PkJbA
tphytPSBdvE
xPGvVcTthgo
k9g-9htg3Xs
8fZnsLURH-k
-3kEUWsxn4A
9bMEyPKDyfw
UcqrGIgdfis
xKnX19a-6Ec
eAZYkQQv_nk
bLYQcDpcD1Y
27sWxHBhHHU
38-wIDFwZ-M
Ztwe5uhOHz8
UOhzH859jZQ
BeDplfwDfCc
29REOoHaSjM
3IhnR2rqT9w
GXvzfllcimo
6Ay3uTfQnYc
RkRNnrzjz74
Vu8KUfs_PTY
1BlZsPmsxmo
ESm6ak7MdKI
ADMXpPC3CvA
5R0-IhzQBc0
ZtREgE2s2cM
ncBre8T9JJM
_sRceg1N4f0
_u_Jrlhbkbc
_hRJsQxgJAg
etWoa0b0lsU
Jje3LwnT4E0
D1HSePyt7eM
JyaCaDXbsuA
FpRr8xvIx-E
GK1Zpe3z5ys
3GVfesRwvsQ
ND9pUmVyVPs
ECdQV7DXTzQ
pQe9Y1DCTC0
NwVw4KOxdRw
CHelQpOFueA
f9nLhxMkbD0
PUpU9bRYLy8
JFQbDNZFL7M
MfBT0EiTXgY
VhZFYY8qT9M
fYA8cSQB_rA
ur75YnqGONM
EZ2nS6I1k30
qFWYSwq26W8
AfdcnuSZI78
OTP5g_O5UZs
wt9vpoE3pvE
1TV1Kmq7mUc
TtsXLxwuCIg
pvscHJIkZ84
zuP951T0md0
IH5Q8bptPCI
yuRvqDLbhXw
5DPlCUd_0BQ
ELvTgZnTwSI
iozEug7ZnbE
IB9Lq-wmoW4
ZPfkBTw6IXM
_56nx3eHK4c
Nu6Q2nL78XM
6PJmR_FNQ0Y
5LV5O_rCV6Q
PWWRD-tkvSg
SCgj2Gor25g
RKQWfVzUBt8
oaUaYVk3t3U
Z4HwAUEvkIQ
0UvGwAQBom0
eH9aaGop76Y
rJnJaAjABD4
HJCkKe_8xjM
2hDOeHPQRcQ
bRDEOsytAao
ZxM5cgZQW7o
MuToiECcvUc
8hzF3vkmY28
gSnEelkByRw
DG-oUbTDfkA
DpI6fcyzKsg
pag1NdPKcYM
wppVxihvV1s
kIVrgOCWCQk
vm2_x0qg2kA
xH8mT2IQz7Y
n_QyIX_hwSU
sfGf9nk7RTI
Thry5mXld80
Wo6QJLI2OKM
CgT_eHS-ikw
qjIsdbBsE8g
GOeaZQ29W9Q
98rtEm7sUsU
LIvVzJ6KZpk
ct5Q73pgVMA
MDmuLWQggXc
isOLc5v9r_M
6Jg0L5lD9bM
reFmvKdeRWo
s6cTConAZBo
UnhzA9GrF1o
IOakGzDa4tw
MlOf5fuUacg
6MIgvcCZTCs
s6vgkDbMcZc
yHgyLa7zurA
ZbcgyPtYBY0
0q0587Ds41g
1JP5lUN_4Eo
LpJ3yzUPbL0
_eX9r3Bwiek
is04snjbkds
_6wnxpNKeek
fmGHAl8j5b0
uINiAbQdj0U
QoApeWmfknc
SmtnpXrUI_o
ssrRadqY9Lg
vfJM1I9hFRs
8htMWfgl10U
jf6H4gkErt4
WAigCKiqYvw
V6T7cAeLRTU
OPPmZYUnDD8
tMG-_d8zpRE
JrTFKHYMEk4
SLWrYh9Lr4A
PKK-yIrMNUg
AEgDE8AnoVQ
Fm1ygzhO1c4
TSOU33Fkcg0
JsinmLHiItI
O5ZwnmJgC-g
ONn4gdrEz20
5kMWAwCJS_s
93zCnLkOVIc
pVo-S9ns2_A
OJYkvymapCk
LLA_QDsRSco
hIh0rbpjDPQ
WIussgh00j8
sA3mgp1w3M8
YZYdyY0C8Aw
9G8bUgnNLSc
iuJsU1C6FCQ
oePuDPEsROs
Z6Rb7wrNWPM
2MqOoE-ICrc
EAkEjhufIkY
vyEt0V_ewZM
8GAvSPnvZig
AOAmvDTz8HI
KOxDiAgBj5E
70IuICZsI6o
m_C73wJjBl0
MR3wJ78_GWY
mbe9gsVQXTM
9yfbVIZOjlE
hdIcfHqRaPo
rMXGdlwO3PQ
wejl_daRVZU
n7Oxb5kaBBE
zx0scEsBGfM
0rj2UJP3DRQ
c0_BY3UKYgE
fd1a3QLdO5I
Zigo37wXYqE
RWgToZ3mPXk
duVVottGCCo
kX56F44uRzU
IfLOcLRvCR8
T7aMFuj0PaI
nWIcSqf95jg
kJYhJGzSIxw
QDMFQ-J1_JY
GIv_v2IXn3w
nYX3HQDxbhY
xTbHFwvYFz8
0NvmwRsEI-U
hed4BC_z-BQ
BdklSdgeek8
CIgY9BRipRU
tW7jBVUKSlY
ivxeCt2M2x0
idaWFq-1wSU
m-z0sPteNwQ
BpWqCzru5zk
g06Ruui5gs4
xmk5JWpIafc
0relULkw4QI
Gcwal8lglPU
dAGmuGzEesg
xkDFmhoF_n4
xtlXhzTn3OE
ovCpuOiOajc
FnIwpSMcslk
6aHXcBzoNp4
x4Oo5rcgjOQ
xZU3R8it560
2LWgFWJ2xuI
oI7ty2n1d0Y
Ypusv5_fa6k
