pISf7sF32iE
bZj_xpaMNMY
raEo4-LIhZA
KL394cqIY54
lhDpzL2zXSg
RckhzFN2mR4
6VCwsZn3cZ4
0u_zNDQIeHk
p5uR-GNiSPA
hWhEROM0j8A
Q7IAtsHr_GU
MF0zRWA2msQ
FBjLPzZxIiw
VlYvrkuMGPE
fvTtrRsIFtc
u2y_Hlh0lSU
ep3b2hSamJM
Bre_hOSNbaA
hjNpnpbh2yE
dHR2vXW32QU
MRcfoMAiklQ
UJx2Yg5Jq80
jubC_nENyc4
7ULTB_en-Ug
zSfXRYDRJfs
eobLvCgZ3Ss
Ji2fnkeqDEc
zsSJ9S74uIo
oZoXU7jQQEk
Seb7m6-M5uI
ej6v-FRB53I
K4Qus6ebH4w
8xAmlriBlhU
iXjnBcEI28E
l9JXL_8rkdk
XifV3kjqXTc
xMlyBLjqYq4
UJBtvjvxbLk
hgldvcaPo38
RBVWpW2VKGA
8aVSWl0HwC4
_FPWW6DLMp0
c1Qa8DTiXwo
mSaDisNKpfk
xcged3LJDCQ
EIaAyJG7ffg
rYpB6S4_drc
mQPfDBbsclc
4gLrlolyDag
2WB0DljQkyQ
ulUa6QvGb_w
RIaxhvuFxTs
grNvB_aaGcw
5EY8nBCtCqw
eLEYo0YZ6ng
mgL-d7SdQO4
wuUKJ7fqq18
yKnfV5acPOY
fJEAhxNFqko
MdUubDXH5lw
QOU0duKeys8
dVss3uNWLDs
bAzuNKsjG3s
q10oBLRpDos
8qF4lnbkAos
QHdHZILQQpk
iwNssmxBiwY
R9E8Xm9VS3g
8H-92Lc12Ts
B20M-75QvDk
iB5O60OXdwM
545qoHbWueo
sFTbcWXiT2A
5kXoU7H5lBg
ycfisyJ1Ys0
zgIpzUDwfn4
HbTOWRlaKNk
GEu3lv6i0LY
XLuHEqGoSKc
rfJ0vTEYZdI
yKsmDBKErvc
eYzAXXKTdRI
FQaAhLravTk
1gplh-ZWOGo
LP_BuYSQUGk
h7NLOLUOxh4
vGJ8i3SY4-Y
H7ZfGWrvtoQ
dCZIoSosK8A
tpXmTBRfQJU
uON8Ao4mbvU
tzl_PJGOI-E
_9xgsS0sczY
UD2hu0AWmto
uOZL-MaCDDI
QCk4QgAS0g0
NzkIpKa3Nyc
PTpzK29_V5Q
GXUPqVZIyfY
htX0VC42zsA
s2vc56qtzGE
NvAphi__-d0
MH3JKR6clec
XKZ7BqwbyPg
u1HnicafaUY
2rSrarXhHjc
RrLnnXNSgzs
0gunZsV67rI
AWa6fsiAZ18
pw_yN6r98uY
ZNkKwBQMa0I
RGW_5bqrYIo
SJRF14QL2oE
JTyZeMPOP18
KaAD_GUsPVE
UE5Ib3IBS0w
AhwUK0U-OIY
qLGxmcQk17E
q1a9en8wY0s
DAvFRzrMsyw
wTiF9Otm2Mw
Y6KIfWMYf1w
NJPYKa1rYGI
k6Kw_L1UXXA
ba7zm2Lgy_0
Cat6_XuCOp4
_RanZ0I4ROc
5FBCBsjaJnQ
c0sGiqOWt1w
CL2GY3h-F18
eb6aLH5Dke4
pHy4xEkSci0
jVlfNd3fxMY
S1jU-OL-rHo
gPqJiaeTyLc
zHXf-UPUtyQ
r8orqWWRGF0
v12IWnJ5xM8
ECjH-7mbIMs
DXVvqtx2kQo
NhNJjvStrJM
eWtSEFGJDcI
7Usr96nwjqI
Slc2mmTzvmY
-t9TwUaJUUQ
LGBpDfUktBo
lDZFPurl4Rc
V6j-B8XSHjM
QquwxZyrmX8
eK2vw9DOTS4
gmqeQ_WGIf4
UkT42GxsFe0
VzwPNMiQFf8
RCDQSDwRzoQ
CyyDZAnVAr4
1QrCg1uYjCk
nCa6VKmiBbY
e4dGLn9sibA
lsRmW22mnrU
T8GeoottbR4
cmadx0gnUro
7-qwSTzpNPY
hgl_P4Xz4SU
z-V_UxDrIzg
zFuOksI6AVg
XzDqydDwmD8
8qL4lMQQ9IE
ubgH-NIX724
6H87y6cGbC0
IvUdLCZ7quA
D49bco7fWPo
rIZ5UVUF92E
4XlKCSwXsEQ
wFM2XfRSQIU
HnFIGDyytYc
RWgg6Z52VJU
8KT1UCsOE74
wiXhcwpMU1I
Xnm3Q-b6Xyw
GfhYoCeHhz8
M0sHkcwPCnI
Xtgv7C6TfKk
9BTkd5kHsRg
FhAefLFoRmU
kIPXoZ1JFNM
jx71t5RAV0Y
HIUlodKbsgM
0Hu2HKgCJJI
dzslAbn1Xr4
e-szgEfVme8
QyoKheS5NFQ
6NrL8FCxUs0
OpI2fqXDh1w
ianrgKW5ZSQ
vlEnrGsF40U
E6eRA8PnuW4
dzZs5iiKH0g
sNdfHePYqIE
nc5dAeB4fmo
q2pXrE3B52U
VWofkziPFrs
vfeAt8K8whQ
U_o8hzJJL8U
sb8BXx_dtOw
le3g7yvHY2U
-0fHwzlXOXg
IDvy0ybpOUI
IXK8178bSgY
bnON1y-fKag
HjMTqZA6un8
QHL3FvchL5o
eNpSY_FREgw
QWxRzMHWLds
8z_PZuWaR0w
I1d6xGGjP48
p1UU6GSY1qE
8FZI_qJquuA
555lbtzvG74
E1KEWmI2rZM
-Fn24lcDK_c
DSK6Te18umo
Vy1PKpvwaTQ
KUQRRXqFNNw
mvRdsTTEJl8
SOYLBoXdqlo
4PslFhu9hFQ
Qh9BkRE0yMk
r2XO5i59wUg
kN3hnukXadc
UedMZMM7a1E
WrKB9jQikcw
PMc32byGvK8
Eun8zjHwZr8
2SglFUPQVnM
7AnkGzmQqas
Ytqrfkk8rqk
cmct1osRWAE
3-jsJ4rLr00
Io-4XMso6OA
E13-FIo9cec
eT6KhHtsn-o
_O5cbrszxBw
xgsG-9M7I4g
eqTZAfkDFQE
_4s25vSycGY
X1ahGg9dqW8
grcgqJvQeKI
ISo6FXhEaOs
AijH79JXS1k
fdZwbXkba0Y
cVZlcr4j6iQ
6FBbBQyi7O8
K6ulGgTqrUg
e4pC1AqgmVA
cm21JkDwfbo
bivYFXPfvVw
nRAS0Rr_DgU
jfNBkpUAfDc
QtgiDrVM0qY
J150XsV4WAg
v38ngt153c8
FakIAs4FoXU
nW71zdsXpWM
iWZIRifjkxc
hPYgL1fJpV4
jnpqQumC00g
erYWahOo42A
cjTn0D-QCcY
awlYTsbOXeA
kPFuwdxtTmA
C3lUW7DQ2tU
XuqRiPJFo78
c2ptDYPrBjs
eKViXqTcDaM
8kTur3YX2ck
yhBbTa8w7s8
mwntExVfUUY
ttUQKMccXGQ
QMUIZ3Z35dM
UoYWlLy_1Qg
9_9MTyicICo
TqREGRu7MYA
q_r6AWJRV38
TjPGo3if9QA
g-Wz26MMSDQ
wX1nFLQfo0M
SQFcnk1_qZ4
tyePnQTYCG8
mtOpz-UDYJQ
JrQerV71eH0
aeB0xJUwse0
89yKotapLFE
rH5kaLbRRDY
7lnM-aJ6xEM
_GamrRXyIUs
Ky1mnQ00CbA
IEVz_1WaxZM
nOJ0f6KRbIs
f1Q2daBJW1Q
aHzxCOee1Mo
SQFcnk1_qZ4
C8R4_YigitU
cAzjlBoClfc
nbuZaAmRXb8
CKtCGQmdOTY
IgSYE3NnCd8
HITfMKZuU2M
JpobIc31M0U
Cuz6HbBnR9s
-oz1JySF4KM
6wcojXlV158
W2ha4vmKqEo
jmEFfaOMEGQ
2PJePhJY76U
Vj1zY_bcwOY
tDGpFkP2-Ks
TaIPgG61HmY
42qMeDs-KZU
6iOIrJDKenk
0jFAjZHNUqA
dolgUUr8GxY
jcLL5bnXhak
X3MjZ4wqtqk
qVbTC2UXRgI
G-x8Od7bNT8
vLDInbdH9B0
ZmeYcBLY-OQ
NdOeBjatEjA
AaXaG-pfr5Y
N_CvIz1RTr4
1mlB94dOkiI
E3Pg-5uTA0Q
9IY_sL0DK_k
fGRx5OFhGkA
EJ5dMhpZavk
2Vy8GqcDc5g
KLBgXcSXBtU
jSE8yIlrt7A
O4Y2k2yW0As
76qVzNgp4gc
6LNc9K48eYA
VyRx1fIJnco
Yx2nyJvx4VA
esF9SfGi6AE
KveyY_GOKA0
DrU1EezidqY
6mYxSKYYsCc
8AEDP-mRDr0
anTcPATeCyE
dIsueOPNRMM
A2VFxiPwWCw
KaRu2pFVJHw
NDmJHkzsX3c
8ZHrFZuKYk8
h46ruOND_KU
oxWFm5kUBGk
Jnrbqm5gw3Q
2RGC-GJfguo
HlN0a8wTAds
mudGqiV-6yY
OYFqBBBCBOc
JYN6ddpfVtw
vK9YUdXcCoQ
wgJgWJCzZtA
BoJnozMyYuI
E88s0DbzGH0
U92S5J1p3JE
QwCkHGvKZE4
_-BCWjUH8gI
uRcb9QYh8q0
zuf10WyF3Sc
FJZJmfsui0w
68SgYgBFrc8
fOlmnIXSIw0
sxDVMUrNb_Y
8OeyxhfXOKo
jIE7XhW0LPo
csY74e2R42I
Yk8SO1Uvzag
yciknUg6c8g
Rh6v4Vb8SRM
V5ai4tI948Q
wMyDDmnJxTI
ihY-AahBhis
eRfUo-AeVKM
TzGUcp4Ng2c
ed4haYOoVHU
1wqSUgkXbdM
njaISxLm9mA
daGRoO9kyoA
J1TYfghXf1M
y_Q2pj3L_BA
ncHLa441Gdk
RveGt_pNoxE
bjzmYZmXZA0
N5c3KiGhS7U
s01h_4R00CQ
6iTJ41aiHPI
rog8I7IF21o
ElPF5tmgEdI
eG9kfw7AgBY
AYccV8YKtBE
51sGBG_-JBE
M0PMq1jVLnE
WaHktpXIzkQ
vBzNyEYCrRM
Nw8RwnMgvjs
qhEgYv9ORH4
iC4CDC-V6ks
zcq4ziXfmyY
zpVEmyBr_Hg
ChnwXmLCtV0
_x2aUUrfewc
q7BtHjPkpFc
5cWxqJmzFTw
N3BU3yECMqM
tDIHV7ihpS0
pdxyfs5eZF4
OuZnvsx5WQY
9El6YT7dV8c
uzktyHhIsPg
e-9KObueuHA
j9L1um3f1Fk
qbpAtigBtgM
5rihe-V7gG8
hojE0v0MFSo
6BP-1sQA8IY
Hiy7yUTeV0Y
V8yMzgp_YuE
QZ_JC-s8mqw
BN3lRolg6Nc
FSdXONTs4YE
YhGeQwjXUHA
CmLcUhVw3rw
M5utRdjMbGM
al5ZfyO9bSk
M_IwsZy0KyU
-QvL7-50yAU
YzhWsKYTs2Y
Yrh2sLqDbyg
UanvH7jWN54
p-uy4155un4
a9_lhRqhkBw
LeS7ksMWLbA
gAixoRm5Op0
vh7s87lC25w
yrrc116JoK0
OdEvdFJadqc
4tmNzRTxh4k
e1WOGaIsr6Q
exanCoIe6ic
u14TIraL6-E
e93pkk2CFFo
2VYaw0Scebc
jUksCaupamM
DFOoYJlp-2Y
NPAqglG8QtM
t_iQgTBSPKY
DDU09qJLKdE
JL0VR6WEqD8
B-gID5CB_8c
q0ENd7gkWmw
AceomrIwQ28
3I039QjdrLM
qApCx5bvahM
oZSHmLJJtY8
CYWcJlsb5mU
2iyQ6rMpzfM
VuSPrdtuyqE
cJOzEgRcSj4
iyJ3XqMC_H4
4cO-F0G9kUM
2_V51rjZeZE
pgFNdc7yYjw
Az4FhLchHsk
2SdTl_XhfEQ
uTJFl90cJcw
FLwIke-3OlE
_wv4CnZt49E
2i_h5NSnH28
csh8GTHlXnY
Cv3imJWMZT4
h-X98Q8vBGM
g3sLJM6BMwk
FXJl_EOaSTo
YUQX_3TdJcE
8VUyJYpPwks
hDOJyxH9ANI
G93obPDMa6s
ZVDkQQ_4da0
JoDGX0b5lzo
PD10HHQ78wg
z0PzKVyC6K0
glVfTN_a-hw
Mh6U1jSIaFk
U25wGukTE_8
_DEH6vuJ7FM
FQUbaCMYKEc
Du7wcFPBfIE
O0lVO-e7Qio
9YovqTucrrA
v98rvHhPaWY
U25wGukTE_8
KHAy7aO8-Ew
ELPDsAdzcO0
mjn7ZDx5Yjs
I55seO4d1Kw
dUvhGGAt_xA
7v502PtU6Lc
I0uBSHO0cgs
rew-xGXx9W4
BQAwAQiU_Mc
TkWEkyHr7wU
01BZVgix8F4
psKKd3OEHo4
8m0KrUrutMI
51Z99MdC_Jc
L-yUfsxw7es
Cf7gI3NNqQg
0Rc99n27bAE
SDcMo3wXDv8
LKm4n2eljqc
VpyeJfMFDR8
xy8SAOdYStY
UhNyHUwo1SY
YA4rmv5gvyo
3EyWnrN6wOU
_hgLxreqpQQ
YbaliPyihCY
3K9oxBaR35Q
du4CoNur6S8
_8XxdI7Bky4
fUTqByEcT8s
juQ6K98os0g
u8klOIdVyVQ
aOg2zwAFeXo
ECwvpbcGSj4
ryOhDO8ZU-0
XCkZ0p_ETkE
EaneqBQE_6k
zBMW3y86cpo
Incg7GTFxpQ
YcUJTS4CCsI
wxUhvHbdlBk
PdVKYSIigqo
-LLbwFTGOYg
56htMQ5-kQA
9-_Q3zwk6Wo
ILivqhI6R5I
GpCnsYh00NY
4Aebe7jFAwY
7bqVVjEQXU4
-iOsK5wgQGk
34FapOo-zTM
9xzJhtghPlY
8W9_d02g694
zqI65NGa9TA
2PbFVgjVWe0
nwdxgEs7a6U
rbe5sJUg1KA
tijMPZFAul0
19IMQq8jeSQ
K5EOvIKee5Y
0oZKM7IJiCI
eTWwSich9jI
a9bPWGtO6Ew
3w1lk2dpG8I
vGskAsuTpCQ
yULMLrxBIqw
1uu6Z0cFezE
FBrQVp8h2Gw
-Y-6iSnMQaU
yPH1BvrnTrc
x7nhAwhUKyI
Umg9DeARtLM
Qypj9LrOpio
VPUJMvEwzVw
36kzNrE4pV4
DmnrlJifm3Y
eXh0lHMeNYE
g_bQGSsjlbY
LJ03x922x6Q
hxbRpHv2zYk
5XuyqFXL_2E
8M_kU2Z_mZk
yI5O5j2SJyM
v9DeVBSVMwk
0FpqV2DBPN0
2Zimdw7cY94
S5Va5HGr8zo
cpIWWwuRQw4
96lU1qx6iP4
SY2HKV0CyJM
mR0Pm0wz-1c
xf9iVaZPuCE
PG9KkMH5MuA
Wo5NETEV0S0
1NGx8UV8aAg
7zUWcjVBLYM
NFD3CrRocRU
SY2HKV0CyJM
ERI_atYAFj0
cHvoWFUCbio
PigAG3FpxCM
tQD7zsoXiho
DObp5Y9iObw
Cg8EC63e0yA
OTI36gA7wzM
XEbi-CFRBC4
9unJm8kCteM
7NhBVvdGzaQ
AzlrnRU1N8M
OqxZlucOlhg
ecAYnfHRs0k
2yZgIh_wGeU
bcFSIgzW8do
dYXFx27NiOw
0-3g35MC8so
J7qB07zvjfI
NHdcd8BHsnw
oGRaWPQNKDo
W1WvZsG_4Po
rl8tWsv1Y88
ajZ0_sMQ9JA
eUHMMJjiptU
-r4nDVZceBo
CrOU0x7KQmo
GLe67f8m1AM
-UYb3E1E7kk
oBzMLifSLzw
nnmfDM-qK9k
4fk9yPZX_NM
rEXxR68lUWk
KRNS3msbF-8
v8a4fk0cdlE
EUXx-A5khOw
FaPqXRgYaCY
FDFxuM3NUgI
9DdsinZF0RI
d8ji0CgFPDM
UkXWI2ipdF4
qeYNwyLMLOs
EmRpTfwBOzU
kHK0kEpvCTE
nDrQLOiEOEY
SFCTr4Ic03U
KN5fu2ePEJs
tuWt0NdKjho
Je3C0OyFID0
hMRw8ICphiI
RMs0FCkuCpw
eZyN37-08ho
MeLec1Dy7hE
BTsyFNq0XM4
x4ahlwzjcTQ
G6jwJbuN9-I
gLE2yfPWoDM
c8YD0UfQNAw
wyKF2dbspcU
Fpode9JxCkw
9kH6wppV_Qs
k96RNv7ba8o
aY4gq9dlig4
5lSnq5OEoJo
rO40cS2_HDk
rpngSVVQ4Sk
uSQhQ5Y5PN8
sAI4QR-r11c
wjYGBedzZB8
YgQs5ihTpYc
eac0lXfMs9c
2bItflBYIj8
EaP0bn0MIaQ
D0KyxXiEqQo
4oXK9FOzN5E
jwj9ItzhvKA
y4iQmfJ07fg
yhCf4XItNL8
g-xcr3_dZfM
je64Z1nTOkU
xL8VRplGJCI
VAfEgCVS74A
HujbK0cnBqc
5riGjpQ2Rlw
gexzUiV-G10
KS9AsSkgpn0
Dl-AaSfbDGU
OQvUA7QeQBc
Ej74w4mTKCA
wnBXzVg39Zc
FQsnJ7gyw2o
wj4Wrrsuhkg
M_zPG_DdJ3Y
7R1MnbXjytg
L_q2QmYYs7s
W-FUOfalSzM
tK5AKQYvtk0
BjftRg4bA8E
sJmbFYRz2nU
U8FO2K864yM
zbX-HE4xkL4
F2fPeMsn1Ms
autVXdRnAKQ
KSdZv1gJ0KI
AX-7ciwVPWg
64pEBtNXwg8
f9giZhe5GUY
5L9JhBtZmbM
Omq5pB9m_i4
w3kZVecYN08
ogrZvD5vygE
0oaW076pOYA
DtcBcR7jHdY
zz6KOsePEHs
BHsFzDON6pA
Ie2iDViv8aY
YallTipXXPg
Pn8-NDiSTtQ
NvoG9YYtfNs
57xQlUmMn98
X_zyLdE71vI
C0ebzVVbUlM
6AbIoc9SmJU
FAURmYChjwk
US11qa3v5NE
_Nuog89Yf4g
EDSr0T8hanI
z75UvuEykAM
nz65bqCplmk
cxp87WW0E0s
_HCo6bPO0Mc
l5fePn2jMfQ
dq7Qam1DH2g
evGbf3r7ndU
KqW86XDZ7Fw
tX0pE6QCgqc
18ovLD3o7Bg
1SiZ2PHlOMI
q_b95YeWX1s
HGZdVyT44ac
zbDbNeGjnbw
UIZ0iV_MSNQ
468ApRJ4woQ
oNlgx_5iJ3E
JmWNfanfJjw
vqspuEctY0c
eXqPwFnd6U4
FUyo5jQLUpU
_oSODtjXddQ
tKkovjKCcGs
fO-zlQR0yjs
KgTJOWdUKsM
g7CmdZVgXLQ
7wMYtS46Sq0
rDITWdD_yTQ
Se92NqeInVI
zCsc6L-ERJM
Tv1kcOnRM3o
D2_4tBLbl6Y
yChcQ_bTUEQ
gnCqgBpSbO0
t5wUoRR7HLY
QhlJ7h_PDys
V_k3N7QkUVE
nLG1pE5rc5c
6Nzk6N6Qo4Y
n6ajdXQF5ms
0XM54YuQsz8
_2xjIk5LeEw
BMW7XMM7S0Y
nvGB-zX79v0
k524D0D8xXQ
5_v4fnAqNgA
QupTPGVn1pM
_SKF-w8l3Uw
8uOMSSWleZ4
nyW01TOyEKI
nNVADLcoXL0
ibtuFUslegw
CNSu7dyODCA
5WO-dUHwgWg
h_E2IJ4eYIc
I2g5KmEKS-A
5E4zzG1ROZk
8WqzG-2Ls1E
5Q5EBV9K5KE
f68O-MpBxVQ
XW5SdCI6Fs4
Zi1AKf-yvd8
xGsk7vQxsog
TNUEamqHjak
nEs1cP6tNUA
pyw2_kzeK-Y
7tARSdcjCi0
IOixYsF4JYs
wJdfJVyDEQE
t_skhce1dCU
RFsOBn3JGz0
Lon5g3mVJSE
kjM3ekF9ozo
eQd4o3UWsvc
bST19sCaBVo
-k468QFm8m4
Efier0fVWH0
TU1dnfbYytI
jB_jr76CuZc
sqA8U5EEHlI
TyjFUzr-XbA
cl-DYEl5sd0
rq6IWPr1Cqo
GoLywpK9eI0
aSqr2rgYmgQ
k4fNuK5pIOk
KbYOPtaWMC0
H1uEFciBKD8
vFkvPkur8Zc
ozJhUlOqFZI
GhTgb9vZ8Ic
t-DjAjVGuHI
v9AWkqRwd1I
LI48qLnXo_o
v7JaO_KftX0
WA5tjgUUmc4
QcECEHkcm54
TtEx46KxDUE
GlKn01xTYpI
7_K38l7c1vU
PEwW3RqiZBA
-XagKHVKxS4
tlqSStdSUtc
wy8xvhS9bpo
gLA2GBith_A
TfPBenbwAjQ
tGfvPYsTXPA
s5nc1E_y78g
1YuJtOgeLpw
t6e2EcTmaXI
snYoKKqb478
7MeiYEVbQ0U
HEOKo8anrVw
wyidOYwyrLI
Z6pLPPJnmNA
JrLBz7ZEIl0
CLKyry_JNVo
ALRZTA9LwAA
XxTbno1PJWE
wQ5YBcNgt7U
IEIdydOwf2Y
Hdpy6l9eOHw
fekqqGMyh9U
9-gIlPgkeGk
b-YOD8b4_yM
WenV5wfTwJY
n-kh0NSzNGc
aTtuLHOxJqw
vNP2_kJWDcM
38OBjYiks68
PRgvvPdgcHo
N3upnHKejPY
RtkcmIoUxS0
a-P_YF2pLcs
V3Ju05PuiyQ
qVSkJFVpT2M
VE2RZv7Ce0s
t8B5X0wTCLo
_Uo_lcqB8rM
v94ArWCThHo
z23-Nxqy_rQ
a8YMEA8gR6M
Cnw-Oyjriek
-EBO6HnGnEY
CH0D2UERYrU
-3wnCr1HgiE
1g1Y3oB4fd0
sg58rnQVSpU
TkxwYKxenys
PL7sZa7jZ-0
lOY0mX8bgpc
AxFzStkGtX4
fO3-fiDjO7s
HEfTZMgTkNE
Kskg28c296E
3A5I-FKiOwQ
PO3eb2Dh4CI
EpZSaPs4m-8
Bu9CTAt9vXQ
CaKNnwoSXGA
UAFmqTogurI
tTI7B28UHTM
NZ8wnt3L-HI
UFV-BBEkhL8
6V-RF6nD0Lk
QMwCeKa0vUA
GJ-TOyND5gE
NxdUvdAgAOE
gRIfLJVIVdw
IjMCgv2BQi8
hGelDbxoGNI
6LpiwM4yGDk
P9snZygxTXA
le3rTVE4ykY
-BD20iDZvS0
jDtYgMZdCQ0
MuC-A2lHigo
VYIz6Mexxy8
zOnw4pJXtmo
8LzzHwbpXa4
jxmidzMs-so
1PgXRgyobqk
e-ZE3QoIieY
TGFGP2p-X0c
LZI_cXt6Ag0
YuGo8prkuRE
KhdbnWjOoAM
OsKmVaYEACU
i7HYz2RmUi8
SwVDn-3QjA0
PwlIxra8kIc
Bt6Yh0qp0KE
lb11URAd7OA
2XXtq7CNLzQ
Vx5RiBlDAQs
lKw2qMuWliI
LYf6jJWJRW8
dqkwCp3lSmM
WavA0Q_KEAQ
voyYJcKC6oM
ikePLAedK1I
B3H39qGqpCY
VLp2R6ee0n8
BntpxCa0osI
J481SHGQ3yk
G9pWr_4QGbA
8LMskgIP2CQ
SCW53UcANRk
DfoYmOZIGWc
CIyflvO0T4Y
-foeXAFuQ7M
IP_HK5VqcT0
2LIgEPws-ng
VmPgtRepEvk
KuDftjNYzMs
Jug3IZV90VQ
UrjOMJdLRmM
QomBnwumbEU
nOPZURubLyU
RckihWrR0Ds
maUudBkqImE
R2gLTmVnIDY
aRt_R2j3YBo
Pg14M-Ea-78
aXDaeJftUv8
fOtVcXt-5Pw
ZmThHT-8qfs
Hz9F9spXA0U
W4SZ4u9ZXS0
XXUzTkXUiRI
s6XJxC6lXV8
5s92U9IjMHc
Oxq_uBLOUuU
tXqFXqs_8I4
W09Jd1-xT8g
l9mlnMalv9Q
i_-697pnUjk
vinRkq3ei3I
4FXqw08LQM0
ilBbUFRy6lU
c0FtxOLUs6Y
Y7612QmdIU8
5CaRUouEItk
shvJzRovb5A
eNPpmv18aps
RF7Txnnds6s
3-ww6tuAVSc
0zrQgKgb0V4
Ekcjn7x7110
Q7q0lAKjK3Y
Cw--w48ftWI
fr3iZsKGihg
ySnB5dX8bdw
UQ9VscZ2Uho
gNQPn5Xp78Y
T6EAvUQBMM4
bdOJC609wrA
tRVDNcXWjpg
YfMoRkCs1y0
Vgxk7p2nHXQ
vYI1ykWWcLM
YfJLA2_yeOI
IEi1JbD8iZI
IfJcogc7a1k
lma21gIESPk
a_Xxhyy73UA
vwNZw_gWQuE
WKJvxehlM7Y
Tya_CHPrCh8
LdugvEDDdFs
Yp_7YnZvshw
iDKgYEnlQD0
2obN8YtyBoM
zka1srimR5U
pDnalLpuC9c
WsjKvxHThLc
g8gBhXfYlcQ
_g4gfBaETqY
Yd2rzdzv3FA
ic6JgowZzPU
bycHk0K0tKE
aNapj0fja2M
v1abHppK-QQ
0rJVhDsKJBs
ypy6WssPIew
NGOJD_rFnAw
8p3U9ZKXqbA
Xitq7BSx4Aw
7qDJxdrWD5c
M0DPhnZy3co
xjSew-z_fUI
GzJieJePzTw
BTZtCxu8wIo
keE7FNuF_GQ
1mJqDiCu6eA
zX4zv6hp7oo
O8WlOfW5bWY
u4LvUHviE6E
QD7vVsz6jDc
gXpfLVp6D9o
iJlPv9ePRi4
7knF4qBaCDg
DqnN5prSanM
9QLbB-TMN6s
AZKyho1go_8
CwuAH8iOjBY
94gLKtkY1jY
USlXr8f2lmg
idmXU9IpMlQ
QxHs7SZkta8
5rlPjW-qUEk
RKLicCb8nN4
V9tJjVFS-kY
NAQUKTtoxjM
yNbM3XQnejQ
Pak1yvf0C-I
RRHdrm3bCGQ
eNh2n0Qe220
80FEVfWpSxE
AGQ2Cckb93E
cl4o780Hohw
pkTHbMugMMQ
SQe8SfUQKEE
ynBJ3qUIIUI
pTJ2iapn5Qg
1ZqJEtl8LOs
QvKRJg6V-qM
ox6ZwZ4xdzk
g57_SQMgJSE
bMh9aqZiEE8
k-5i4clbCo0
GNzFJgTU86s
yNd2mdpZuFk
8B4aWZQ5sCo
bzPGjcIGUpg
tWJC9AHVid0
GCbqMv0PMHI
MnTgbJ3NnNk
vOF7gM8Xjb0
lZHoIZAe18k
ayHDrVq-BOw
E8dJ-G62O1o
lZsB_4tr4AA
TXtwvCXGkPQ
OBeKeB9Fk4o
S_z6wkXrg2Q
fFkOWpVT5lU
fxYjFNh_aIA
r0N_oi5qgv8
gwZ68vFz19U
nw0QtFOKzjI
hJoNiwTtE7w
31KjZO-OMrI
6Jvp4sIu60U
6lDh4ybNdJ4
R0XOsXDPmqk
TV15uQTzbiE
ryyV7_oB5IQ
EhRHdL_FBRY
5Y7Rl8d5ohs
zc4ssMfYZ1c
imZ2nBARpKQ
PKleOh6J-Mw
oj40IDMT-6s
SZstyJlm4aE
m5H1b4AFVvc
SzrE8TaptdI
oBUWTqeXYTg
KPxNKEQLsmY
mYmsKWICdsw
fHZKdPgMfGA
ZuALly1pRvE
XBILad7jBCM
CwnvDdAqht4
PtMR1L9rrRY
aHJGAV0j8aI
NGXVSn5vMmc
IkBMfbU9jBY
MVRQCNv3M4I
7-x7LwJpDig
9Gk4dsn5YjA
RyRH2RRaCOI
RzDrbs1ty80
KjCL5-fSaSQ
g63uwgbAbZE
7Nds9NVdfug
pnhy4YSO-zE
b4oIP9iwV4w
7xNqoHmakmQ
afqEIt_UQLI
pWWCCVzuz7w
zGr_kS2c4WE
-9-oL0Wi8RA
ngRZ5ZqpwTU
NfNg1gwciI8
keMcRI43SBw
an0UP9ieSGg
_Pfdw7qe3Zc
Zm5khnarJqk
8Db9p3lCDRw
00UW1rIiE7g
ts9hDi0p9pw
L4SfZqKMQeg
pDSEEeGT68k
dihjRsuHeEo
D7CChfYoO_I
ILg42J9DR9I
e4eVf1-FQYs
9LQWknBMFRw
xuA4HDQeeqI
Ll6HbGyZbG4
j7XKrPjy-wA
aENRZPHHGfw
5bDklKX3ca8
ipivjemYlBY
Zr-cagKvspI
D475entd4kA
aaRPQN-LBRA
dixERDYYeB8
Vt-AVXNIEW4
Qk2M7cf9FwI
g_Eot4rTnmk
QpgqpzO-fXQ
STk_LBvuDlQ
u5KuJl5qJ2A
Z_28k2-DUqE
n9sWPqUBPw0
jmSeuiHHRHg
5w1cGjMFN9U
_yxacEwB_gk
fnXLm2-gS-w
qqm870OXtqo
ixQfz5Vga6M
5cm-RgVis-Q
EffZR30SRCA
7lMIeTxTFPE
q6wOYEV5k40
bJ9ASPp7PD4
izw5Iun9E-I
4N8E_hS-30I
uA9H922IboA
N57rq-aZNSQ
UEqLniCpQHk
OO7wO4KVx0o
gBFUEFfjiGs
eExvqAGMtBg
JKvOhbIEJn4
sVF-o51Cwo0
eS9xtAuuR7U
ZIZW2VW_fH4
vC5SpFGjoSk
EuAIgLHQk4o
WzJBikjHT4I
huO-1nWPm_4
HEvlgOUP7Qc
hguXCYL1CuY
c71ZDSwnE5I
S6YpIIDeY4k
390QnevwSw4
WDAp7HP7uHY
FseqFsBWnYc
eKiZvM0351U
IzAu_o4nCkM
OAy_sHmb1PM
Uj8EaSypmT4
ekSvPMRhg8o
2GkAvfDHBRQ
Gz_tl2RQN7A
QGa4PgAzJ8I
mhoXt1_4nN8
3gE0xPM_kZM
YKtOVbsFF1E
Uhs3A1rNBLU
teRPTkKaRIQ
2RsVdgj-osc
xWKtJzzXZ3A
nNZdplZ-xnw
KP4Tylg9e-s
cxNW_RtTs-E
rbWduBruEQc
YvppraCTUnQ
uCrftRiMmxw
IBVS7uiV43c
auwG-KtgXLY
UOlIg80cxKw
kJP8ZqBMaFU
drPPtxKZUlk
hlEgxXdKp4E
iJlPhwhRfm8
k4Auje3-T8Y
bDa5JJw2XbQ
FphNhPw3law
c-bSP6Zb9Lo
fyj5kzv_ZUA
_kLCji14YFo
73X2o67fCg8
wKVPbMldo_4
Hx_XMgmkaHo
Xoz-URovS8o
CY3jH1Q-oxM
eqvni7phIuA
oLK9nPcBp4w
Z35opLS6MhQ
94k_QApynAg
Ifuyfd-6d3Q
rBTnKcrHqGo
BcCrSyU6Og4
Tpt1UcyTy9A
WncxN123t5U
0uK-5G7w-uE
l_rGHSxmJz8
iojbK3zUQDk
qa3DIYeS1N0
nV5F45CaR6M
Ljyf6r9ha5c
s3Ngm8gxWpY
6Y9nVp14Rk8
R3iz7hGH-KY
GpXsTpS8rwk
ZW19eRuBtlQ
0L_BmRniJu0
dZGuOkcI-Gs
BuBfFlz_TDo
iMRV0glna0M
wDyk9rcfpAQ
uZvionLZ-cQ
9gzmTY_UKVE
JHlVnV1i9RY
PjAyoAhkYuM
6r_PLen-MyE
LhmaxAreic8
oZXSI8-i-dU
eu0gJNfT2cE
NKs5FDO0Zmw
GGxnp-QYu3k
wcnmcvMGqvY
AEnre11YqwA
o9uc3e28TCE
t6aam1IxLcY
4IRtai0LJPE
ARu1-qWVg-4
lJ0Lo2It-R4
LofaQaIvIcE
P_lautPXjf8
VOWrTSR_p1g
Hqi-4YctS8U
K-p5QGSRGio
nK3Xv4dME-U
M-s5dzC9q48
zAxhPtvu-Jo
LiqlStQEmQQ
P__tM9Hmmi4
1fc7lK2lzIY
SfYxwISFW5k
7jbQk3SaJ14
SEzjCz_JqbU
VxvrheJtCsE
s8uaQDN5YeQ
DkuNDbpKcNc
y3oozQzr2Wg
iJS7mvbyVeo
_ALtTOJ6Gew
moUeCi65jwY
qQ3l73YAdxU
K7yngiCDLKE
VPsX42ZiaQc
Z3wjqVPfHVs
78AUkfXy9mo
nTANoKvFUdY
vMqhcDkqt18
ySKvKzqPwPk
GZadmW2FpKc
intJ-Y_VgRQ
iTBOwaQ7UZw
9s8xZE_CPrY
sTh7j17NgMY
fN8yO1dGvOA
J6gFPr0SbKo
5tXjWquHJbg
IPTe2ZsocqQ
171bGlwSSvk
JUEvocQVGsA
D7MbDM4SBF4
oZYj2xY9RMc
8q8nFGq6OL8
jNAmhilmbpI
0SdoZP4SUAo
jA2ohFqcOxQ
6BQS9Ve7FAE
MteH-B65W_w
NxvoGhY8944
fCHPq0qtNCM
-_iazFzcZcI
svVMARMbH24
TcNPpVuE4q8
36VSpZH9ick
OPl_qxool6Y
2rpltx9JKRI
WQ1sbDpzQm8
PmxNjXDbzjA
1dHjrZZl5Bc
oHi0enMnoyI
NVcYotwyxwQ
swglV1jJgKw
T7NEkRB4ofI
xXpVhA9Gtus
VEOVJy_EkiA
rN0cu-uPc1M
WhbP6Hfv4Rk
24jKgcmqUWU
NZpTo6F48NM
SjRXHVVfZu8
WHkvNoYal2I
PmknHd_cJTc
yaZbuzNQtgc
k_ErbxneVbE
EKKmMz6yDcw
FJAp3stTxbY
mTV3g3Xh7io
sIHXUV9O2ts
vhztL9ZpQr4
0HAwVfTQdd0
Hp85RqB6a1w
-UZd-cJV3vA
ZlD9zYQPcCk
av9srPRK2UA
KxZKYOZrZ0o
E4-T0UhQXc4
ZMkdCYvkhS4
ijPiqShcUPw
ur6OpPG_pmA
NQ6z0Dz0gRY
HOptHUAG9ec
jOramyqnT6w
atDY1-zZAF4
9kudxWzkkeo
u9Dr30kbnsA
rRFVJ1tFSjE
NkCOw86gdd8
RNjdepthRrg
RCCKh3ymIV8
hVvmQQcGpC8
jqwgvA9l7ck
