deMGCdOZS-Y
MVCagtRFrG8
HNri0mNI2PY
ys-CHN8A3t8
CmDfzDJzC5A
BPMMaVUX0pw
6RTzzwniGZc
RrF-jQ5iUCc
700REaVlgBA
7-9siP1qkGI
6kZjc3UAmog
sF7hfF5Scxk
R9gG0Sf56ro
CDdKgvgHOO4
P76PjznmhWc
oqBME2aiZcg
B_MbMZ86I-I
5ZDNawCEamA
cUeDQWN7qhA
K9oe-qbfvSo
ENudTnI8BRM
jCFmCMur7tQ
va8ukF-ZH0M
zz0vkGCvLsM
KRJTwRQdhPg
6VARUTiGkEQ
BtRmyTpHk1o
ReH_4L3cTM8
DE6FzCsiYqw
BXIFwMLEZRI
yxAXZGOzEg8
Soon7FB8Hro
uEG8If5X2tk
agooYzIG5Q0
ADevT0j2sFk
R33H2VZoyFA
dyvacoFyo8o
RQbV_do96rY
kvVc0dZyYeY
yWhRWDgKLB8
_dI6vZ2Wbfo
ag5CAizvDUk
vclEFBv_8_w
rTxOTiG1G_Y
8IbWnMi8kpw
iuDMzBEYf4M
NbX32jQwh7w
Cg9uwA-jfzU
vi_Rhh2MHuU
ogWZ7CAoAtw
E0iKmkjjUuU
lmXsiGhz0r8
eu3gZLF-4OA
HqRU07D4cqo
4_IBc9D10QM
lzT5niqr8YA
ne_QsmkhmWw
U9rTb7WaF58
uG5ByzZZHFU
1TlDzpZ-50k
RP0JxLGoBrQ
9D9zlW33GI4
jT4GvGcB1YQ
oULbo2bvP5w
GNNAGEoZskw
y2uVNXpSQkY
p8sMeoHWBcY
DjYdSs-Uhsw
iUtIwLs7c9Q
39o2ENvD5wE
4WoTyaXGV4s
_5piTlGzbJE
TCY6MINU43w
Hw4kbo2K6lw
HYP0hnDviRg
HHFUw6X1Pro
zs4ELJwA5D8
lgFdATo897Y
J8NrB3EEj80
f8tFTprgSMc
ERMgSbeGsnw
pd8gLU8Kj4A
OFNQrRJGJVQ
LtsKsz5mGuo
zA2z-kHVfhA
0MYYpxxGTgM
8vNQG0cXGYQ
pYRpwXHkl3I
mAJK5jltslE
-mQ73_3XnAM
Suw3274XVWE
jJ5sfw6nYq8
4roaGSHEtj0
qglX6QWYKsI
jf9lqy_CK3g
UFiJB9mJJc0
tNZSFJ3iE8g
527SESpWeao
cRWazG4_egE
q5rh3N4T0zY
-M7kcJr8QY0
j9VxR0rOYu8
wgUa0L6nm2M
exSYHlvM6V0
M0ABuvKioxY
BxGigw9_t9U
9QM7X6JjlCo
plc2c84pM5I
zd0pJD61gVM
AmAMWpNuuTw
ALdpUXlWNhE
2ONNEvjH6iA
b8FxTvee7fA
bT3tmAhsHRg
bVfV-oFs6UY
LJLihAghaBM
nQd7QQ1cnQw
56awqUehlHs
CKhZsJ7TNcU
DzOivKp8eOY
XE14kOEN1IA
BJlb8T-G2uE
ZeEnLxuzvgM
NDpZ0pvQbzg
rv3SRQ8zEDM
QeHFYe_HZxg
mYRv6iSC-U0
dd_mVfB2aV8
lC6HgGCUPzc
wukYIMuUcBY
1KLOI0c-8l8
ayrqQT1FtKk
6G1-49Bmo9Y
CFND44Dupzw
Ywdj_01Jrdk
6aY9ivbLC_k
nknXgGolafM
tNXaBNEjLCY
ttAd5TjM8GA
PLk3ul66pTw
7de_gyHHScI
Y2okPtEksn8
igrfXqKqWU0
KKcKHve5KX4
r5Kd7ltWS9w
laaO235BLWU
m82bJim358Y
YaJzQ11Pq8c
gwLDtkXLqa8
P0tFjpzDqx0
efQE6Wg3658
rSovRS_YU_o
Z_vvCIcJuSI
Ni4qVE0BmQ0
ADdgkKWwMX8
UiCyXpDsk5M
NJF604CUqzI
fHbyaR2kcQU
-Y90H5ntmQI
lWU5hAgtY1E
RoIJtobSOqc
FHFCl1vlZWM
ibh_G-pHRtk
KWafZrA5OBc
EMELKZhM2-g
ym9HqBpQo9I
KQDCir3G534
pcRHS8uzAD0
iiQ812I4CZ8
JLt6sEE8rdQ
m2-NC6Rvru4
-2fmOkN6KH4
LLOB5uG6zSQ
zS_mEefVGcY
LnoSCAi8Huc
YdYPOJT6aWo
7PW1ynLg2LU
-Q6Mm6YkAKw
_OZJ03OBJj4
R5BHSurBfgc
HoYPSfR8j3Y
mrP091iwcIk
7B4VxW_CrSM
pTOYwoJu_QU
DWuYkyw-NMk
Ak9VZkdlS9g
TaVvm0r_gho
oVsQ92LVddo
lERhNXw6FaQ
9WXJqeaniLw
1WREZPc-kqQ
PhB_wEBVvaA
i_o_3suFk1o
WfB_JyAr5tE
GSCP2yg-v2g
Hlch9lKAeXo
pKkZjjhPCQM
JAdXTqK06jg
a8gzChJsvEo
VYslZytdOWg
2Nlo2ekTRvI
7Q59auc8ctE
ve3oQBjcAGI
kOnQocd799Y
Q0ub41OxeLQ
FE2vmIF_Ou8
G176UbWK6Sc
rgTXPxeEbcc
Y3E4cFSbqzc
0su8PFHOMac
esXh5TxwKYA
UxWs3bWiCI4
rfMJ-DylWBs
xfQvngEXob4
LsBelnCXrjw
dInwVhRtN4E
uBGECC5U09Q
W8D6dnIzMhc
uuCo7mHUQJs
u8qEkbotdzY
iJr-SvXum5E
KBZDj3DwXD4
goZFzD4JSTs
rNniLJGd1ts
vXbN3-UDXsY
BBNsQ7uJWyc
QYvh1Cr0yII
mQtadI6JM1U
Xj6dPDJEbMU
QYouL4GBu5c
RoaS3-3ks2g
ZIBPunnSimc
16jLyLsMa58
AzvFdQHhgsk
emIda7awdHc
kFQUlA-G0N4
CUDyr9b8aKY
Wf6r_YC9dhw
k1ywxJDp7mI
a91bJO60oac
IKQJ9rVFmJU
rwK_zJpN2e4
GK5ott5ery8
gNYKBTBTwjI
ZyaF3g38cys
yKpIZtnPqqc
KJxoBVVCOos
oeAc5DFh7PE
xTFQlRS0ccc
Y6932spn3SY
HYUA-efzfT4
_og_bDdUbRQ
jz_gA1IjDW4
8ZKmRpV9OFg
QoEVfALqrzA
e250f0Md87I
OiDMJ-MstqQ
iw9cOQPexh4
WBwVuP756XU
NHIplJptp1Q
rNvqCPmS8go
P_EVL97iRvI
KPV7faHaODY
5hBOlH8bxiQ
ioNMxeQbo3o
AattQvPM0J0
99SS9aZjrhY
n3JWVvWlppg
DMH_nzXPpEU
ZYXRp_FKz44
x--KgEoieIs
iYAiHUJGRDM
W79zryQyEXI
zrW85fDSq-U
3WyKX1Rd3U4
_wzkrE0f2MU
llxJthqtGNc
sXWxmivwCRg
Rcz9IIt6sRw
_Cts-mlFRTo
fhXP0iXvKFs
GYrdk-h4l30
VACvIFYf5G0
YnPlIIXOJs8
dELXMUqRVzc
jPhw3cstVAM
NH5YLq412Wc
HAgkYTQ2nHI
vvDTLd_Vsq0
Yc0a7jvPSZM
0zvy9JTAJk4
NbufQhdXw20
cmBvgGbqmzY
Yr2UDKEzAL8
W-wXfT5uPe0
LclPKwhfSIA
9Y3W_VMn_Ns
AZqRnWO9IQw
bA4_G2Otw9s
WBUcj5FSA9M
eK1wlA7SWFs
U3SZrw7BMjY
B7GmyhV_CLc
CBgr0AkoKbM
-WivgLnMhJI
FbKcH7ap67c
I3xzihjn1iI
Pzu3lVH0MYI
gbQL3YMG1c0
wMXKkoFlHzM
4C_UJFKLPIg
zI-aTycmzbo
HcuNjOYuKN0
FbWOEpLFYbU
95VerZQ2mAw
HYWcQ4r63YI
9ryPJTQmgT8
pyk7UWupEHk
r1KyltMbP1Q
KatORn2xf3E
zeB_MtUp9Qs
DM2mp6Iu21Q
PEj7AgSA7EU
bvMXsk4xGfk
X5tSpgU96WY
UwCsJvmwAGw
6OckBpGo0_o
pl8jk8j7WNE
x6NDyvMJR78
Z9e2c4orAh0
SzLBJS4cCZg
xV23Y-ypXjg
zOgb16vhtGY
y78GuOxNz84
D5tG1DDuLU8
dJtYDb7YaJ4
Cyen90xcvYY
qpRysNtkux8
WKOoa5qcG_M
QQH_bpxPc5g
Opq0Wcn29ps
39GHqmqnodc
kdjA2cxx5j8
b6x8B8sawTI
O8QClFbROf4
V4XRI16xCWU
I7IaW7I1YWs
bTYAJ_yEojM
r0mk0OaxHgE
NQD4n-6Q_q8
JbKsTtpap4w
M96FAq4WO1Y
xY6nqCReekU
BJemArTv7EI
XtSTtRnRcFM
eDKvO5jspI0
cH8oJEb0c4s
42pPynLm434
vw2szUP0IRI
HzNyMUuQfmE
QISJrAkuKvQ
h60gdEi-B70
gf8bfxKuF4M
IdQ18UB_qQc
Lf5UMHjcfLo
uJw4EO0OqvU
yxY99G9bH_c
AsHlGUxfyiU
ECeaa60DCkY
AlGixkdKm_Y
PHRtNJhNvMY
uMrW0Q6DXjc
RnVgk5LWDiA
iZpNgE6mMoA
DfjIZmzKysM
c-S9yq3scHw
oqvFxgInOl0
ZYp1GfJRHFY
0TaEznVOHG8
BXCCFh--NAE
_KlmEm7VhK8
FZ7rIFGuGMk
oJ8fJDepcZU
Ex4RNBQSTNA
HwYwTEN1jmQ
njJddJJkcoQ
hP4WsVHTVh0
9iuWpq61dsg
SpjmO2IjtoU
hD7xZFLhTq8
m0TGcvtzjUs
-Iw_CZtq4LI
ln7HQCbonho
K8ea7OiaLWo
lROhs-dMsug
g_0yLbcV3U8
UZOPRySVZIg
yQBGudrMQLQ
_ri1EF4UCOY
07isJX3XTBQ
RBFfNp58jBs
u179fs7QuN8
LRa_cRHywzI
BFKTuXb5eKI
Hw0c2kSoy9g
8fdyXSfojL0
kdU7xk8TISk
LUAIindLldw
Z7AYpTO08zo
V3iJqH9-tQ8
RoltZ7XjaAk
yEcArMzmeM0
9qHSiLwLGug
mnArCFSrkg8
oyQalxzgPu4
cjy69SmIvA0
xfVh2qCPwmY
6KpSNYV2OiQ
T7ojoDfUaA0
NPMOtdIlN5s
pfhVswD0oY0
IdUhQFXhQUM
0ktrp11dQBA
mlEWUbNO6vo
LwkW7g7jt_Y
gdOuglUpVrk
IzXtxaeRwlw
jTyV-M_AY4M
PYQHnPOYc5Q
dcSi7Ri-zkU
LpqS-aQ7lgM
FCF5L5x4Dw8
qIYq8CXUjdc
B3ACLsZwjAk
PqAle_GB5xE
nrln8zrAlVI
BfQ1UnAZze8
MHKNY3qorC8
h5zrxPJTvGo
atfIIDZRk9E
yjnnFv9b3iw
v07TPe5_jKs
dGsVNduvr40
BT5W4zllhCo
proODp0-kgk
LmlAf-lk-Cc
3b5jmD2SGwo
4ObMKQdahGs
n0Qh52XIdvs
azqgzZ3AxSc
pCI9HoIkhXo
xJf-XUC7J9U
9p8J4NGWFw8
2nXsfwz085M
Jbhr6hCPsd0
0aciOOfNHyI
yBodAomTA2o
zbY8yzy3cQ0
iJLm7p2adWE
44D3O2LoCgY
S0nYTGhiJAY
obOr5s3-8yE
jv9MX7Kj3NY
szY9hUdCZek
l_ePFctnIqo
l_K8AAxomDY
MQV_31rR0mU
dNIdbLabtlE
zVQ2PblNG_A
-NtNUmwtBp4
CUpNcBSG-lg
cVYDj-DHAOc
tRJlxpoxJ_s
In0CU7P_970
i3rZmnJ66Po
gNmJ7ewpP1w
vhwlzjdA36Q
OtB8YigTn38
j9KHgwWIk50
mF61wAxlDPY
MlHyatDbFbY
ef-yap9PXIE
tcwIB5UZxjc
CPLPn4LkiN8
Ua5W5NRuaBM
6cYXZj06eM4
W4TuKyYb6hk
I_63gVt7WUk
iKcwcW20ISY
4K2yDm-yvcQ
aAVdZC5kYYM
EPK90OyczW8
JOb7b6tilKo
YZlr_sVP51A
IwGPqLcz6wI
u9_IvWeOjR4
XJCSzaZpJoQ
fo7YtjQOg9Q
36Du5PbsnkU
hHO984ysBJQ
2DR_USZA5J8
JB-LOlg7axo
o9j6CV4XLgM
22FnNrIeJQg
C7ZHs7j_2xo
LRodrZNAZYs
gw6FlztSV1Y
-X6jQpJCq-M
XfI0-3iN_fI
gXPfFn8pO1M
XZtfERCwQO8
loB4oeU4f7c
svaLPBwDLCY
XKO0OajZX2I
g4PuFAb-XIQ
W5HInOy73OM
SGyULlAgwZI
Yd4exe1aPfA
5F1ir4kVRc0
CCSwZ9dQZHI
pxs3vShB6Po
NdI00iQ03tE
_tfaviuZIcs
QSU92MPsfIk
tV4MnmOi5KI
V37jD-xitqI
wHZHSt1CSgo
c97NAlvu3n0
i-ZOiAxWBr4
uLX-uJn_Yak
v1CZ6qZWBdU
QY2mOlbHyHY
p69Hfx7rUh0
zXSmZhr6_uQ
Lnm87gwSndM
W529m44OT0Y
eh-gcfpl7Yg
orJtQrdUl88
H3N0ObC9klg
oCBA_CcWCAg
6cWS-E1utN4
y8F1Xl52q_Q
E8dcU5ntebA
1ul-_ZWvXTs
ToWUx1cfDgU
dHEwgZGbFIQ
7L7EDO0w5FA
U6oTwirTCeY
NfaiQqtZYpA
uj3sTdJhPCM
90syKrr8Lqg
wGsvFfEJwmc
yVdSHHKsHwo
Nl6jXsPlOcA
ekjLaVcZhf0
yxMd0LUzNXg
jnA4E9H5sDU
FGmeA6CSIBY
ivA9BZR4hig
5uVkKKxDA6c
whr46paU4iY
VRrqR9s4zlY
o1MNT5fkuH4
aPbmpDb0Vvg
4ORoPgZLeuc
Y6ndj0PeWpQ
Xoe1p_NrFwg
HvwMtWkfkJ8
njvpHo7-Rlc
BgyuKyjD56Y
GzIraLLe7U8
VzE6bKIKK3A
pFPwCcXXt58
ZGa-fWdXmyU
JANGE8AgQ48
CkWYEtiQNjU
7Z4J590PYjQ
yCLhtqdRoTo
75IWFeziDaE
UrGtmEHcHwE
FUqPnHd55gU
15SyWQoVvJ8
C_J3eXVpkHE
Mi90kTE-yiI
V_0FzYSYPcE
1aphO1Zd2kg
tGR4OMpMTQU
DpFriUJP6o4
I3j_iL2FcXQ
KO0hy2olg9k
eIKOSgSfGl8
EYoBrhlTX1Q
AohOD6F_rwA
nyugoCASVy8
qPB_nlnY6BA
0R4N5tesHC0
E3tt0FhFe1U
PMhmoyKdziU
Bz3dKqTjZO4
EJ41Hak45eE
GVQY6Si8Kq8
IiZVvnoubes
u7IAzoOjUGA
XJ3Bt6x65qo
YS9DpKeTKs4
SkXwybJxAtA
OMTCetHEd9M
xGdizhjviw8
WyB7uoxbVOk
MWRg6GpuLVI
eb4u1KcKznQ
d-h1AhybD4E
Ie_EQ9S4Eng
xnRks2KkJy4
D5CDhs6zmlo
3M8FC7uZj3M
BU5sgZrYh4c
Barr1s6orOM
bal4cl57Whc
xwj1tGev0Z4
k6mIp68KhBQ
-gWHuiCIGG0
PSfBtRfYGTQ
2UQpepFhNGA
L9O43noFErg
Lk8skZQC8po
U8xVSi-LK2o
MQyn4AkkGHg
xLoobrbKepE
P1Cl5FzEIjY
C4483gK21Ps
0b4KqzC0Ylw
V10KeJgjgCw
gb5VtLL-JqU
tppBPrjSsOw
AIIU2Y20dkE
bAvArhFIc5E
jEFjEOztkmA
NSR8WLrl8CQ
7nRZ3ccw3B0
Z9U-np4_TW8
GIvcXH2aq1Q
c_NLg9hP-vs
yWwowqweOzA
VCP713nNM1o
-s1-h3sf_uY
YNcJPxjoxF0
uWNyNw8RLB4
y_FchX8SSNQ
tss--a2XxMY
-2bqfDrtd6M
lzXWDEX5ovQ
ie_J-ZBenVE
3eM-P1bEQYI
REOjxvQPQNQ
w6WfiFZvgfI
Wka3yoC-cLA
S9XZrVtk2g8
qieKUcgm-2E
ntgNB3Mb08Y
1s0_rnumsmk
OjKEcE1mcdQ
PDqYtFZAU5U
x4AyGobNeqE
BR0Ke-cAx38
wEa_AXZZJUw
j1AMGTOqmVA
tSFwnDgOhmI
ODGosDuLvwE
urU4GvDbip8
d-qKKdu4i3M
ymTDDYN2cdk
hamvx0huBzs
d45Jp7s98ao
mtf587LEKUU
jMeeMWcvFc4
uDTgLtPRUNM
lkkhbDUfGrs
rsh24i0wQcU
fVna7SkbyJ0
-9lqbXahgDA
oF4RxoBzTpo
f3xP2Iknbr8
W3QSEKgkWTk
ze6YqV-mRTI
OgXQZvtTgi4
vTSL0ytNoJs
K0Cho9WeDBo
IaeyBhKoUgQ
N8eQPUPI9dg
tA42PExrg3g
7mm4-xurbyA
i-Ml_XATvlE
M8dDb39MtpI
qvkZ8sCd5EI
0oYH8OVseQE
wL09sHQ1NQw
2Qv0pD-Nfag
qElFyr0sBnE
Xv-usDuI460
7KjB-_bjOJs
t9t6teiat-A
DiQ9piVgtWM
a9wtDNdhmek
jp9LWZ1C0jw
E3IzRqY2ko4
R3muT5yE5Os
UCArDpXRK-A
7jmKo7US0Kw
C6tODhLOMN8
9KETiiptWKM
RyCM8OFmL1A
E5KEHurAsCE
LxUU_H9LAWc
8LDhsH79jAY
1mNCc1tZ0AM
XUohSqT-PZg
oAhxezQgtgs
1kmatKUBBck
ZP-HPHxwRwc
ghPsLcuLHHU
-j8v5Z6a25Q
xmoIDKqfY44
qzP5SOy7Now
nKI432lCZaU
AAfSj29ABhM
KSOzeeoVQOY
4e02_bFJVc4
9rleGD8gGd4
mvuwldnG7c0
Fq00mCqBMY8
XwDbqhl_p3g
pn0LXWaPxnQ
-BWnTW4rL0U
j2tE-BCwZtw
gYVZjKgoKdg
wy-v4c4is-w
