ltz9ofyLXD0
AsQogsyX-1g
cc5LkpwL3Bg
OP_vFXfkby4
rJbbGvG6P68
Yn1sdqZUz0Q
73XEZuR-ybk
LbT9XIVe2SY
QEv-CX2sxIU
r_9H8idd6xQ
cKMAYjdZucw
TxnwfLouQjI
zJNxjVw9I18
zEYa1YvkkIE
yJyexwpeQXI
tNOfdwgONR8
KlX9OVvHyGE
iUVu95QJZEM
aMRp9wD4ufo
Q7T_3KTszTQ
4kDc1H-YqZI
XPpCDHyyaa4
ge4SubKR4HM
j-GBPGoS5S4
pONwCiJ6E9A
tIEDlokt4hU
S9FRM_Hkeno
O64rpa4hppI
eFAx_akVbU4
Umd82LBsXA0
5pYkbSWenGs
6Lbt-kZTJ88
WnpFnMT3NG4
mlhnff6Txzw
rPJd8DUdGkY
BVZLRoqrOcM
vXe-Fo72g5w
DBhdAMFeLfE
ULgTJRgy-MA
RPAuFXS_cRs
XgItti13xF0
GUApODkinlk
z0MtxMSz3ac
8WI9mQiQuSg
9r3IFXSqvfA
LMfUejIoa80
xzaXT9IRgKQ
kHmOUDMRfIw
EgjH9Smg2rs
DEhQXj1B9BM
Pe6aSKp3Kp8
iO7PEHd58ws
ReRtNnV7vw4
v51YO_jCu3s
zBNhlt6WYqw
PVheqqms-sg
M8qWylHbQqQ
9PwJRTaMjx4
phGtK4XhEZI
QCmAr8bbOYE
t3TI8odgmnU
qOknPoWMgKE
GyqryFovvpo
gzui890cSMo
DG0PKzg37i8
6igVPVRSPsw
tDd0Gdiyvzo
nKmHpTju5bw
eoLzTTjusL8
un_zvHWRYfo
Ig1ZSbeWAUI
eF3-skCimL4
YySHccXikiQ
9blDcXDKdL4
ziZEqKjRsPI
KtO_GBn1qVo
u15Mr9T_WW4
fLDGmklMbf8
f7tMKEViMc8
0QVmqbZAtBc
RZxWY7TXW0k
BNBvoPlsWIM
7QGNcTcNxJY
17MM-0usn4g
-dFk7rBeulk
KS3yPw91iC0
qZIEL176u_0
eU4ZVDV9DKg
9zoQ0G5OOrE
55pmW-QAIb8
fg7xPQG0A0w
VxP_GdHfguA
z23WyinY8PU
Qgv5FZ_sisw
ITwb2kMtHc8
IYn0O406-kw
hZMD4Cp9lvM
hhXhc2fiekM
SxGNqAeIwoQ
gC54k-lGYZs
tcuJB_uucac
rtWXWe8EEyk
ivC3hMo3P8M
Y6On2u7glHU
ZBRXLIYUeTA
fssmcte-UHM
kmy3rEu4DTM
DjoTNgxo3nA
P52kOydXGyI
HZB3XJTobkU
tGRLo96tp4M
GQ34Jh-mKXQ
Cvqg0q76NeA
P1H81wqpWmI
9jA0LUBoz58
MjUqezV-etg
cd5hocDI-_A
JjymE1VEfqM
BUEMYyJg4cI
DCf4JhbH9ws
rShpIqsK5B0
aRLzIi1XPj4
Db4iUSPHAIw
uOXqNfu7CIg
T7qFqXTMYwQ
MH2v2LYYG5E
X6HUeGGhrtY
TaPvScElsU0
npNWd0hYQ28
N-u6dTka-zk
m6q0rkH2W_s
MZ7ugTSzJpE
uwfjbisptYg
JpDdIFW4MEs
JLHbBppvKzY
wOTcmKDQ2jU
g2t-DK4HHc0
D6hhGXUsbJE
mCF81eA2Csc
UtEJYFZTsY0
eNd0aFvVg9Y
hJqQK0RfVf4
6qSb7TORYMk
jgWpbNl-1_A
sIdRqavRtqs
3ENJ1zzp3ZY
C0Oz7P5L-NQ
imLjjseNEn0
3dcTx3a6egQ
T4T9eu_s_c0
ADh-fJ7aU4E
NOEgffHT1wI
kFp0ntJ0N0Y
KZMgo6HAENw
v5CJnxivE5A
dQ5Tma9r6cI
2LjWQ7mmuPc
0HFxDg_KLxI
mx_b99Th4LY
46mJ__A35ps
lkYdLgJe37c
N4gsJmceEf4
_K036m7LGNI
j72dln1U-2k
w6m5Pnox5z4
J4lS681Mckw
9VxuG8_UiPQ
fZFSWAF32o4
91vHNHvMXQ4
SuyebHgpmls
YYvLVqPH3is
WY6vnEQ8-3Q
XjW4mvMXTXg
P1QQznRDlwY
9UM2Lwx-GsY
CtlQh5VZHv4
vCPtpXaH5Zw
KCnsL3UrZ6g
Kd8XGCHDM9Q
0NhqROYzz2M
MJFK5OvwqMo
i7ielD8Ww8M
AIu4jzM3Yy4
F1KFDnS8Neo
CvxEyhlfQTQ
XnY23qXb1Ec
xjAAnnzOKAc
1k6pkZ3Yi30
-xT3q4ogXjc
z-7rAtIlX30
1oriAB6PKsY
G0ELAZlAi7k
-sRdTnypRdI
e6ojityukzk
VcqfNVKf5F4
ppmfAYXNbsI
9nWqlAMA2y0
xitRoqvUcM4
Of2S9fin85Y
lFghHJzLczY
xt8nJnVbZC8
ts96s5orXfs
pBe4JcwBz6g
a0FhM-KCOiQ
MuRctIN553Y
NT9Umaw158U
pgKVMMaGTcE
SVwKmgsY-oY
4Er0lDkwJgk
pMzpOI7v2_E
p4Hy_2vqxFU
v_xGPwOYysI
5xr1KJM2dt8
L2b9AlDjdWU
DuRPsHlN3i0
dxMzMcRnvJM
btgz24b4wB0
X3YjFIKaZE8
qpq7okDgbzs
dxPB8zZCHvA
ijxOg-cn-AU
4dTQP-S3Er8
hpjzZPxifMQ
ZaLgnImOKeY
rpT4cx0QuAE
WSanEfOpQWU
AN8aPm7zfDc
jpr2XvC8X7g
1ql_d7fdvHw
uT-v2AxSAos
El7aOx8_r1I
R9OfhWueV44
LGYotRt5mzM
jOAiX_fFmmA
bFlGn_TzQZY
x9cr26Paa54
ljDA3MRZHQA
t_qZ4hNtmyw
6f1Vj5cNAIU
yeuk_vIOXcw
6h8MohBSEtI
jqrC0Ygdc-M
ntAP064ZdBM
kr82McjQGyQ
W2HxslBETa0
rMKHYB0Uv9k
oERbD19kyRY
JJy_j2CDPP4
L9Q8XTg2Mwc
OwbWRqQM_MI
DacGi2Frau4
sByzbBEQelw
MitDjESaVbU
9QpUYj4WR9E
xz0tJx_ttFY
5WQWvmJNeOc
NnGAy5nIwlo
ungSAS8d7jY
pCf8xvAZncg
WJyuSW930_8
FA4PTglwaEA
JR6OQGhKHPg
W99I64Jooqg
2gjDcfkzjcw
nR9YmsXxzmI
EYiYK5tlsrU
L6Pd5dXfmvo
mWzT2Prtn48
6sgLUue89RI
fiZO9q-Th_w
duN9Kp8ZqTA
Ac9FQ8dz_I4
Bhgixj3U1oU
YJyhZPoylcw
ZOj8R9LHU6Q
SzDpgk7ujN8
k0NzfkYzfNQ
FJu8IwhU77I
QtVgJXQH5EI
HsdU4UH0rpM
zTMbgtdva8k
dGOai3dMKY0
BP8mPCg9KHs
e52YQYpN2eA
0BljMB5i5mw
NzNh6HKceWE
Bmu04AS9cDc
mb2H0Btb-1A
MDcD1HHIR9A
oX8LcB8_I18
6CL-NlGyRhc
KCHNcl0vfSo
cr75yvAPNkk
Yp6mlTCQ99w
CpdSUApbw-0
9uKKC8FjjGI
hx0ig0BhS4U
E7-VgTXooWw
nWXMIAEEl2g
IV4nDxG-nfc
4pF6TB4g1Jg
zkmCZx335LA
K2DjOPGWX5w
cp1SBPKrJX4
o2YM765si5M
P6TZsgKvYy8
e53dL9AThZI
3UH4BVlfi44
BsshY3fwxpY
LQDYNoFA1ls
O4T4nCq9BlI
tJrxkskC6KI
3MKB4ivKVdc
CEywNaE8jDQ
UJl2L8UQXGI
ABc69ktKgmk
X0-D78jMEyA
CBfRVR66cQM
IPRMoCQ_Rwk
nRex5zFZdtc
Qxt8cK6IaKM
SptFX5SLw0U
w7wG12skNzE
UYD578khA88
Eu7DDUCB1ag
xQfWqegPopA
OFktZBCUmU0
x-4ytz7UP4g
9u7ROYcolvU
486AGRqSvGU
TGGjG9ZzU6w
Fo1GcWhuh88
QSlUym1-64U
Lh3kSmsDocg
kMZcKJ9VZYM
_qtjz7WNxN8
mTl6horhX1w
Jy0XO7cndps
ayE7oaLIFSI
5NiKLTgtJdQ
v84ZFAq042w
cZTjrEsOtFw
66Pk6is-TY8
VI3-eFJLgEk
4RJRXHews7s
6xuhmrfCCo0
au332Wqm1Os
wZc7Vjpo2GQ
YH4a-XBFUmw
8CKmgHYrf6E
cuZkHC7TcKQ
K7FdFGGzVdc
PKd7D8Bssew
-H78K0ZX2r4
SvSuGOHOHJ8
pIm2UEThBTA
Ldeie7GMj_c
JHiW9kt5rLQ
_H-T9zLa_JQ
EN2r5in_juI
Wkn_KHFt8jo
L-t7yHzGDA8
TDDm-D6DRrQ
B7YRPB83-Hs
mA31o2kkhS8
XL65nvYWMCg
gn84VJDwRg4
8IUCc1dHsMU
pL2l_u1MvCA
H2ykytca6Y8
YbDkl-AMVkk
WH3U2tQPXiQ
c8eHT6GO9k4
bZzBYTDkOOg
yvbiGmCYQDs
SqH1XzBHUc4
HTYzB5ZNSoM
9OHsH50XL8o
Ouyk6d7tbXk
czIHk8rHyCY
v-yEJUResXo
DTsdb4-xWcA
saSod-yn4jI
uePQ9XHphog
WDCEF7hiyko
bETb9HspVwo
i596vp8aWgM
wlKe68zPRE4
TqtisP-t7zA
EQQZGq1Kvjk
0eX8D19htho
izBd1iDrzgI
ORUVqtNAL8w
EJIopDvkbS0
vh6FpwomB10
6EJVzbEJpYk
NhRXVKDlYjo
RImbIL532o4
vZniu5SVtwA
jL9UmfcMLTs
uGSBlK3AGfo
8LvVn6iLaPs
xH60QEjeNLM
pcx-RqscQF0
chBc6P1KaaY
pIPVq0C1C-o
2JL5BUUHVkA
6TOzD9RwJtI
c6dCmT4J5nA
gHpwQTI_Bn4
QSFM-d8kc08
mulcUh_lZIc
8Plu3wSulJM
hrxx_FAW2W8
AYqbvrnAohc
MPKO_j_IwJo
5uR5rHp0OKs
HRW6PSnB_Vg
_ZkPTZfym-0
jF5mYvjDp3U
IQPfwpR_iVY
B249nplJqcs
KGWR9_ci0fc
Xm1t7vOxY3I
-4Q_9ERfTDk
Q9xIRLBQWW8
N2YHfVvfzEc
xQYQIJ1X-S0
E_DnZOJXTxE
ECwIaVnV5ig
ZLX-dkZp5oI
bbum1R6nJEM
7zOoYKL40y4
-vGivi0hqEs
fuH7YVdHeoY
811fsbPHVJw
Pk8JVJSO-94
AHjZ544skiU
kinLIA763S8
K8TB66FOhQE
5U3I2YCSOT8
jSBFGY0twsU
Tg1nl4aoTfE
7cwUcdpUayQ
R0g4q_1HSDw
Ey23zurT-Rw
PPf3wb5dUb0
CSf93vplFPM
G3x6MOwtYes
lONU82c0yjA
iAgNCLbBSnI
QsTQJZbnAvQ
B2bSCR7WMS0
dU_hVpduok4
NOVxpMQVM1I
clhkRcAygtw
p6ZWhAeLjNA
cMWM4lASvfg
APHvYdswZJY
lgNnLt-eA5k
4SWncqLuFao
u1NUZDqKyuk
N8BFI7u5cn8
QTUE5Ue6Z38
ziZQmNqij14
5NxyPWPl8FA
7-V5HEhhVRg
TxMXwggviNA
M87gzlqBFBQ
dULMJHfy-20
1tJWfv92sRI
Antdtg3zfIs
7UBBYJY2SKE
WEfUdt1BTSQ
NwnpQmW2qrA
8gu4epr_ZAQ
MatEn5tFOQ4
Kauw37ATHr4
9L-vP7foKSk
o0MQztuqC1w
AMbeuLxBDYA
IGih5pw45Ig
LSU5P-j2QB8
7_-L3JipH_M
BqQx9VYUVbE
x_z9L8bxd38
nTqvpAIdmJg
l_NPmDJowLs
xu9TKVSYWBk
pyC-kTwZRC8
dLi9VA1ufI0
xE3UB1f3ufw
812-OKWVMaQ
v53OAhDBuvk
n4XIzp3ExMA
dyECyhtLids
Kll4HtrweTU
2nb9bLuu_Mg
eHO3QlXvKTQ
0TK6HYCHNGA
0TK6HYCHNGA
pVKkmbjbEyw
QVY-WDVITWw
UlYwFb8MI4E
4gT6fZU7JjQ
zTbPwTLXXoI
PLAcXVD-97Y
MgQAzmoSU-s
vi6JLNxHAqM
kiKkFz6E-zY
VaqjJLKD-5A
0gobZeV6Uzc
5QaVUplRjVk
VfHcFwvpn9I
PaDrOMW5CTM
16owDRGhkYE
qm6boR229uw
WWvt-FoG540
GzGI54mbSC8
EhFPvH68dWw
odYr_7Fr4KE
Z60uKmt8jF4
F257025iJmU
7WOq9j6QlOk
DqfHcfDw40s
5t-pvTwjtuU
fhSV0j53-_k
fYUxuzmtiv4
1pTA8HtrxLs
FF8o5SJgEWg
jrBotlRrjVo
SNyb4FB04sQ
B7XLmvFXJYg
bNztMB_YicE
8Jae-SNzsp0
gN7jvJ203fI
RXYrv98C3Ws
gba9_QGWALE
Xe4LMGh-TJ0
bggfxpZMTHQ
4YIJBjKtbG4
CV0P9EUm0t4
tQk34a-K_K0
c2H0dX4jPCg
1zp2n-kraTo
Pnt1A6V1JHo
GJpJPGUvQ94
tL7amXznq4A
1D88ODerQN0
2W_TiFwsCq0
l1GumQ-O8z0
bygwrPhd0DQ
G97MMeKzQuU
JbRfcG3g9vQ
DnD2a5q5Fbo
scYu-Zjhauo
1q5FTPc3mLQ
Xr24pmkmBZE
PdrDNPNqbEE
B-brpPzfS40
3OCwETYPI-A
2zgOpa90WAc
GyCxGc-wl-c
0_ag424eoic
bplV9AkL2ug
QNOPUiTz5-w
UdEPpt9svX8
y-eLRUA2K58
jwTmPkL7MI0
_jsdbB2ceJY
VA5xPkGwhw4
_URDmM5nxwo
RjpEbtRoCTs
oisaAHMa6DM
EufJf8fLTts
aqWRNhjSZ3U
r5jshcKbfQs
80mTj-7tzHU
BiaVuprD3M0
1hSSgWxnb5s
XjMwkzpTkEg
GVlEoJxxGKc
wN8BLCrErwc
dcW42X6FIs8
v1ey0SMRAw4
Yc81KWoEKyk
FglFLzS5qQA
pYiFSjjMkWA
3tx7ysw48Zs
byZp9zoedAs
s_YgOXQkVPk
6Lp4Hgn-PUQ
5qxiYcK-REA
jsc7rup5okM
_l7vjJp13Bk
VrFBg6QDvZ0
QNHipYasvqE
D8F9mRNvNQE
YhCqze820Zs
VAbgBc4hL2w
LvCu0qzgkro
XX-8CjEqJAY
pQGAVfCw4Pw
Ul4UZgYk83g
Uf86CwbHO3Q
zNLVs1n3PWs
9YGZeSTe7vs
1OZh9RrbCpo
pDeowMucj_Q
MdhZOgC9Zxw
vJm-AnRKLW0
MQm9rSknMz8
6-o7JH85pO8
azPl5k2hpqA
Y8DUks525No
_pwr82RBLNk
Kn-Tq0i9Z9s
Xm4A8H0EY8U
H33gkh9PSHo
pVj7XJkTjCA
tnD0t8g2FSE
ecwWDKHW34U
nsouwz7yG08
FGb-YnmkSoc
BvFkibFcrrk
jUOGo_XJWqI
2qgtk8zRJm4
MhVcmNZA450
UV0JSYa-bmQ
7s0o1ZOXpIE
nvtCV-x3x50
Mmm_1T0apJI
CUvA9K_u4Gk
4LJycPzy2oU
A7ts6V18cB8
yGtm1qPamhE
rYBS0qo-jxQ
RBzWUOhIQXc
TJ6GhbOCi88
oA8BWgHJsic
_cfjhNF_9mk
t1tubnOj7sg
96mfGcDsl9g
2f_M9FR7Ovw
dlaReuMi0Yk
-P5OdnSEN8A
sQi33VEE0mg
OrKmZbg6HsM
DYZuzHhJQC0
xhM7wQEMHb4
L9TYEv0dqvI
j3JwwSeD9Dk
-MD4PalbskM
TpNmYqy3fLg
pLHFtKINQuM
g65zmQ-SA9U
v32NDstljBg
20CaB0lte88
OH1CiI7if3w
n0GvqMXDSmA
Ds5o0oIVDuQ
YZ5iwcZaFUA
VuYVkeHVgFM
J49f6TFSUMA
gQP3H0NWVlo
82BHimWVse0
AjH_YKDn6jk
NWwlfVppJuo
EgGUqAYtNRc
JITQ2V2FL5o
Os0U7NIX3CY
r-_QFs9icJo
TduYx0SgBwg
35SbT0qP4pg
698PjTCcJxs
B_WdI0UhHwg
6FHdB2uBlvM
M9ZC6mnqvms
jCzvx55Kihg
okgGbZniuuc
kUp3vo8KZ-M
8W9hmfg2LhI
HS14avNbETI
9RhSTtFJPps
snn9CuDH1Y4
CfZ8gTOK2jg
3dRq52zzJ-A
GF6Brpkup9Q
GiiwQl2onPQ
-qLFVY4hgaw
_xXQ8RjRhvo
Xs_w2Y0L1Xk
IQhMfOAGs6Q
t059_LtfcVA
tswl9E5l0BA
wEsJG1HSD-Q
id5Fmz2MsxE
mBSx0tYJFSE
44Gyr43uptE
kVCAxwj6Yww
mVOm732Je6E
gqmCCcqe6rk
zkKu5v2ldOE
Jar8Y_re4sU
vwzNgVzeAQY
rY-ONn7eJoM
fVV5t8pi_E4
vco-Z7ya1Oc
6LIMGYR82zc
fqEwKixI4Jg
fcQ8Be2Z1Ws
cejp3o6QI6g
Ul4UZgYk83g
jZiFpQZW5NA
q9pKX-F08E4
yx4TQnXeSzo
7qd-wOZcsqI
lJ2BvvxBlGE
lMTo5ApxP8E
MObiLDafYVg
4WkHqymPJg8
nKDxIUn0PJw
PIr8YxDorxE
OmMVExGxdbI
tHKRHVPhy3c
uUlkQYX6zRU
BIkPO9gDN3o
YyQdrAkyIpk
VllVO-RhaNo
AFHH1HC1F4Y
VBLVd06tn_c
U9yKE3e_4Eg
owWThXd3fgY
bX9U3SmSvY0
SKXubhuQQOU
e-Dn8zGyqmw
U-I7x4H4gwE
OWZrTqR94T0
B3g9xLZFOLc
whtLQObZn00
VvpUHTmUN9c
cW-uFnvip4A
nv2YoFj0o1g
a2cKNF_gC2E
li0ULcLZAEk
6WXnWvkzcis
5xNA18xcna0
yW2YWhIv6V0
GvKgPcc4szw
cz49GQ0qfyw
yhtlsWvYCcE
-IqYIup7Fao
9JwSP17Nz-Q
msr8pqdSH6E
ZE_-nlNnhhM
kbyldJC5L9w
qYxVmrkypbw
uPYXLOGLurQ
aocmYRUBR4w
eb03tolyii0
OU66mMDSI64
eBwIeRql_Bg
8qHeXbTCzjE
YifdsrS9pCI
CrDVum7uAx4
pfAyEQyqNkU
Q7E2BDJe_5w
UIaE6YwKtCc
TV2_DBuJE6c
QUtIN4U1AF4
n33y5uQDXBs
gviLujsIiho
j6TWnLym3TY
t-CEGTXSi1E
d6EBihAvlhU
CLwQ-NedwKE
0JqeMBVT0l0
GyP3Y0onhFc
vyxrYe-bQHE
8Q7Z3Sy0i3Y
3sVDnoO2T4U
zG2qqaYssp0
zRaEkxIgSpg
VotolmrX_b4
3uvDj42JsAc
eIBhyvYqDuE
JaENp0D6LgE
YFrc6ZcowWI
mRLgJHVK7gA
dhTExnYj8bY
v9jnds5mRdQ
ZHOo_Y3OFkQ
M0VgY-4CxWQ
XXJJ9JvfuNM
N8icESbtmyA
mIZ5X6NEkos
W81bg3QFUiE
CJyRPMU1f7Y
pemlw3YaCMY
aaGDYL4P13A
VdzPZTe7DoI
M7i-N_NRAsU
QO8c4T3O2yQ
bRnwVAsKxho
WEpZrZNtgxE
pyMzEztMlh0
Mu85-DEGr0E
Y6PPLI0zv34
bDSkgJKp6kM
79g691M4GHY
5ZeChT0G-XY
LWTX-PkhlfE
Wm-kMS6gG4k
3vXbdgRC6P4
soPAVNTHNF0
psr7LvuvUsc
iMscKtB7Glc
mjwflK7wavk
57qE6K_k_p0
Pxi2NIqrwBE
a7UsgiKWBkk
a81fWEU0OJY
9bQtFcgZBto
g6GWtlRLuWc
v6v2eTdVijc
2FZUIGouCB8
70UTFZYp9bI
8FvyaUTGQDE
WqjNp5OGtRI
OX5eX3skaKk
TjBzYKoNAOY
kz-1dykVepA
hkQUcU-7dQg
rh1k3A3gOOc
TdDEYGXUWRQ
HTV08Bt0QOY
Ao-9BMskLns
13dRLUw35D8
bioQyvjiVLk
8r6_yRhS988
75LX6bwyzXs
aMvCsG6wxso
b8f0mOenZ-8
1WBFycm20u8
E0rpsjyo3C0
Ruk4Y2sF6UM
cvbrCr9r_4E
3gNB9k8Eqk0
kcqs_OvS7Jc
l4T1lPz6r3Y
PZ1aNuvw_84
bd5QTM2ot6M
BHNEr28IJLk
E9QubwpqfBM
ya3flxuqiLo
T3oOAtSOy1E
D5banFscxlk
7e1hxgdJK2U
LA3o7cgyUtY
T80Q4yOeAQo
raTgA2eHgzU
q4qvwxopjnI
cdl_ltueKT4
k2p2p8mJwF0
aiPSsNISxdg
dT5OKUEGwBw
Hdkzegd5NRE
WFpRQ3C7smg
JT49BwI__wM
m3DtQTI01jE
Pe1MrZK_AuM
t_zGt-NtTbE
AHLXl36rcFg
C3UNYwd9H5k
0Ggf5cqzSog
ircK-Ns6e9I
K9KLf_ALpDY
Ki_nwJgmRsY
xWVWLoCl8iQ
x5RkeFGXJOw
902i2zUk0xY
eI-kyXra3Nc
Nf2hoRVtUTA
DY5W3Pghcfs
YOGB6X3aSjg
0nNSz0rHWRo
x6o8MwRBKwc
tk69yLQ9aL0
ObYZAvYPCgI
WQ_1pLSon3c
kNYc7NnpDrY
JR8rnwWwr3A
Y8WfkvQlFAU
7r8Djfxu1Bk
NHRkPuJfasg
Hhks5oyH-mY
uMWc3NfaKnE
O5-QSaz_3T0
tYAQ_-y3TUY
6hr7BqDpCh0
imY8H3TUh88
RONFH9Fis0o
D7Inuex3Fc4
CjPKYazmMhA
7Kxku1s6V44
2yUSwyMdZY8
YM5tV2Qm-lE
FaQBVNQWCrE
OlDc3QU2o84
OV9Y2WEWC5E
sEqw7lRAu5c
BjLHJtBukcY
Dqyum8O0144
FRr-LdJHKjY
1fCh3-f0gJ0
TxV8If1WYCc
E-sfydNbZAI
vojvzikiA-4
sfzCNhCwARo
rxcLKs2LclI
a4W6bvHgtec
-XrouDvE4SM
Gkpsj4hMFbY
RDj3hbsu0Vg
4YwNB002dFY
WO9w3fahe2U
YLpKXXrGb4Y
nnWDjnHm0iA
AamzAtzeJ5g
eS51FJzOxtg
IyWg2ZHHCOQ
excYfFArIKE
CwvPXJ6ORIk
AsWgbcDjFs4
v_Jtm2vs-rw
cCP77Puy_00
QWxedNiZW6w
3-ClqllNucs
EK4W5EvZRqM
cLuQFgvzW94
x-uoM_Ye8Es
me6q4NT7kTg
8qvBcoQ7SCI
j-SS4VWJVTI
k23bEibXaAc
JCbgbGbOFCI
xRPVniz1b4Y
c9gIT8QcUrA
iZwIXwgMvGY
soE9f5thNE4
BRyG7Z_MjAs
674onReH5gE
6nMAw1jU-Oc
mSEqR62hYDc
FSPaoG_UzQY
Kv40dsarAdU
GmKyJ-_7LWA
wzg-o0ByMKk
dL1GN5XYsrg
dCsuwhhslYQ
Ehc-AtTvwC0
TafUsbOQFrU
1N_Ys30G3oo
ngV6bo07BiY
k_n2AoEtgyE
SV-zEzj0Dd0
1nTdElPZWZs
e65vTWpTLRE
bkUs-ArN4xo
qiDiiwHtfKk
iVxaTC7Qp44
Mb71Ylina2U
5SJB0nj4guA
D8fbDWv_YsY
Kw1jEX7eQGk
ll9Uz1VsAA4
frIqOlfobcc
SjyIwb1NWtk
4JVzp5Ofs6o
CdmWJVwSTZM
WBzLnw2Ya8k
OU677qN3vgw
A9WEJuYayDY
unl5YeMF5Oo
B-xyWXNnA_k
D-JfdYTVDlg
src_bVy9Wg8
R0cJHFgoqwQ
DFQ5Kvn9YWY
2oMxhJ3DZ_Y
-tgIHtvc-Dk
_exK_rhVX-o
lmdDnqBh-Zg
LiqJIiqyC0k
0GuW1hSwa6U
Dde2rfZbE24
x_rYnY5qe_8
2IP2yMSEhkE
PLJgsf8SZZg
q1GIEhakxEE
ABS8Lh4lyaM
s2WFuzCtCys
7Gkw4daBexU
qP1SQwsKLBU
913pxfu973g
3gEgCd1DAZE
eou9OqYWxcU
EqW7N4E70kM
uS8G_flDMLo
tCLg1CmPx7w
_0BwqCg6Rr8
i_5aDaUae58
EGoovOGSsNw
wFWbOPpAkOI
DZGXu-TqGXM
zklu_vFc1u4
Xz-C3aq1G7Y
0p4NMu8PzRM
0Ads-cYOv9Q
IZNfAux58pY
_yvrxX7r14w
OtUPgOVApT0
C2ldSzEmQUE
_Z6D7Gzrh0s
_ArndGXPmkU
gcrl_FqMzqk
QOsc78e54To
eIQdLIsjXro
VY5RIaI1Zmg
SMmnr7zmx-A
vnm99DUxWd0
nWrX_j_TIpM
zMAvwydxDxE
PqByphUzeEI
Mu5yAMWEtes
887qm4I5WSQ
wo9Pv5pFdxA
3_NgtzOi4gM
M7CkyyfNhPI
JFiV7pG8-xw
glDZH8zcgaQ
y-u_LaRlvKI
pomhkjVQjVc
iACnDLpVVZU
s_INe5qXXPs
JO0Nr9ifXOE
B2wyclHrvzo
zrEWIL1WWxk
EZhZBnb8lYE
T7aorr12rY8
VfbNpJb3ino
cnRL2Kw4PFw
Q9-t5qIxNU8
fSWo5zWnYGE
sEalDeM9E-A
Fm5EC5GIR-w
BkQsy7FFmPg
S3EByJ5uWAs
uJo66OSe4_s
S2PPMf8dmOg
J5g4gX4fh6o
VbxidV3s7aU
ywzGBpDn7MY
bEmD_tm7LJ4
4zONbkE1J5E
WFRqnY5S5vM
4bygB-QXRro
hTrFUtzSo7w
tTTH40s6yGc
u8I0tjVt7to
LpZJnY7yVYE
KQyNWNJy5GM
Z1HOIOsiqis
Jd_idSF_jFs
sJVrwm1AJ2Y
DwLw1os2Csw
7iJrMapkTWw
KJjRs5VtjsQ
oKFxrEGjRbk
73vuV8DSu-4
6hNLPtTqaN4
N1HNNzQGsnk
h6czOqJexaU
KPbNonyX-_c
9TwAQyuiOfo
PMtU7ag4k_w
BSqCA6niN5M
Qm2WL9JfJzY
yHvFXKZJ2Ko
eClvYtb86QU
BtkcYkdGv4k
vHlugKxHehE
7U_2J3lC7oQ
gAxUSAcNhR8
V9Ce1JSDisQ
SD43Yvj4dM0
ZccfrWCVa4A
TQaKg2WNd1k
i7-UH5Mzg14
0bRqXOO0_8s
P50bt41EEnM
RgomESQDpFM
wd1ok0yirSc
MheZW43hCRs
4wU8Y4GSt7k
xVK1yqT4x8Y
bW_syuG3Mdw
-c_Cp5jL8mU
SOLRnlPt4uo
vmiONIwybWo
671gbsP2tXU
Xu6Z1SoEZcc
u59tfEzE9QM
qk-JKrMuvfI
IwpGS2GwmaY
aO3U2irjCYY
qn3a9oIgiK4
eXNlDXaa3vU
m9MYg33N6IQ
p3EjFdLmm24
CgvZ2gY2jwI
_xuA_MhMG4Y
hPUPOYhVtKU
HiJlGa0BtjA
SAZ9cROwqNw
J2psxl2-lp8
t56o0NmkfQc
Lr3MI4P8gvc
dqBdstVmFqc
k5ZNczioFkw
VMoRduWHFI4
ZfGMsCjTNoY
Ah4IQZy_HsQ
WNSze062Dyg
NdoFfFP62pI
evSxWrBH3u8
7kex9sIBtJA
UeK5Z_CbPHM
fO1d-aJ8MeQ
c19qR-IdBBc
9jATyg8pgW0
jIMFTBhqPTY
FqhJ1ZU6b8s
irhBBBlr0wI
Mbcu7PoJ2L0
yGIqzSL-l8Y
pOgVGhjO3ws
a2QV4rnuEwk
immzYTT1ZxA
gJruLRgw0Sg
0JCsXAJUkCk
5C8NlfsDflk
UU3d-_Vv8CY
auIjYM-Pw-w
AK0mzjmciO0
3cswYCMQnl4
3-oLWKILdAo
NK89ivAQ-bA
BgvXBdcgxzk
EaS0apt6ydc
m2fAbgOEoEM
88fAwDn-3tc
Bb3Cg8mr_LA
iPaZeO5LpbE
pPhYY_A61X0
qmc4s1fAU-g
i0hOGXruTro
b0dujiVU72c
HIOaPPcRmtI
CtiiHjfJ_Wo
pryMrLoYtHQ
D5o9GnXOOkM
_6UsdBPEVYI
swhwJVIrbT0
nVsWeAxT938
_qIo5xkvCaw
mQkQn_q2e2s
NmwkIeQGCBQ
0JzRnV1SXTE
GyY-HPCb80E
xGVJeldDDDo
xNsd9TmVRXc
S8l4dIxWGF4
JI-xah5O6vk
4WfXeeWPcIo
6GwXDkuwznc
NzaynMW5L1c
ReTwG4b2pxg
VN0DJaSeoPc
-nJPiSeViH8
PYgG5_gGWsc
yJxHYAjyQmw
QynSb5a_vZU
3oX6OZNhi9k
_IMhAVhDEP8
wrGN4C07C1g
q1fzIuuXlkk
BOTger6PhwU
g327Xfklivk
6GzxbrO0DHM
8qtSiRpihLw
yX8gKJxych8
UYzZPrmgK0k
DauLXlYi_XE
JYDf6xm09ws
MLiaIsMzYxI
XuDGC3_GpPc
5klhuXz7ZP8
hpA930o7HjE
DjNAxtmM_SA
F0MTbIVX4v8
0Yz0MyIbCUQ
jk5qbkpZgpc
_-f58sJuhvs
8tcDAtwFvSY
lOm_JHB44Fs
IKsu4IxqOfs
aq4T7cdBOK4
LM1RTB-oaOM
zsXavigAUKU
mWe8KG4N454
eLl90Pc2YAQ
inLQaMifa3U
VQwQClI_BJk
jbSdF21WB-U
u0sn56JW9tg
V51WINr2dWk
SFJ6ICtUf5I
jVINzAwxqEE
jKC1F1yj4e4
vx50pMgN4VI
qgTaslMIn_I
VUrx-hYfG4Y
XBpI_xrWsTQ
zSM45hFxPJA
K_G5Qpc2dBI
faJBp4IiETM
jB1KW0D4YdI
RBj9bV-6ZCI
7VYNSDwZ4ik
XeYnPgkMEX0
gnrQJ_tZlrI
3pTAm1O0dK4
uk98GZIpd7c
VhwKPYOpWjI
TunPXz9xkX0
S7jenRlAIDE
aRu9s8fAngs
lOc4P8ZN_vM
wzQyyeN9DwI
rPNaffZ7WEY
I5IOByPlMSE
lQsHrMDGH_U
utbLvGfpR5c
VnhSX6faN_A
9D_ZjHHi1vo
abVtK_QFt6s
lo9Q8SrwiaU
ivgII8qU5zo
e-n7KM8mlZw
XjggxAYVUTk
V5uV99i4YJY
VelZ6ErwAG4
fixEhCez458
ZCiu3ioThxI
tjcPqeQ14LE
JKIR1Ed2gvc
GpsNGrysfuc
KF6ig8c9Gh0
fnSQqpH_1Ao
AJkF_UP7Qe4
ublh9JkbeuM
ikLrfWf6zDM
6Jqi2-7R6O8
C0i7MMO0orE
yXIhu2-fROU
gE_29Y64frk
qWFuPltlu2M
R7paDcPBQeU
gxj_EmZXHSI
anDueHpfuyg
6a9hCvAOCoI
WhHFONybnWM
8u7MqSPi-GU
gslKYo3KkGU
h26wd3Sm2aE
_VLo8UZ_WRg
7A1Lo-hJ5ZQ
Z3I2iAJTOB4
gWubQDJI5RQ
xjI4gHhDRSk
8bgL2aFVTkM
jXxK-EWmirc
_2EVjfvboVI
pARUwCfntrw
fMzrvw2Q6eM
m0eiDpLXrjo
FkZH2lPQ3SE
lZsi67G2okI
iii3N7jsEyk
yuoa13oPwdg
GsRrnL4Sa6A
DBCjqYADk9o
79MtvYN-hxE
uZxNfK3LN94
AlUfFHrBJM0
vWoEPK9njWY
gL-90ZypyAA
uJEn5RaLBHU
mLfsbSWSHjQ
zakZj8CUiBM
Nyp2GylvRcI
xn7m17XGnlY
HzuSmRrGrtA
0Xm--1qW7K4
pOtIG0Ne4ls
n1HX58cdqeI
Y9Z-iiB7NTE
Ht9t7W-N_so
4txRaoObqjM
4TmkBtOkoIA
rpsu7TcksEY
4B5CH4VFzqQ
r_w7pfulsn8
zRqYx25iPeg
f7-Y0EcVTxM
rboDKByZyZE
PxZWpoNs5E0
6TDLOWmck6M
KgQC_dUGEyE
mNzsFS8QpNk
TswJz98h6Ag
rKr6vGmxtCo
2fCgVRM6D8A
8JlSUGWb3Qw
HldvbwZhKps
BFdT1vNFuPs
v7lFPbYIYbI
ws6CloJcyn4
-t9rnyZBFl4
yW7jVce4RdI
D2po89jYJvM
KCTPDJOQwbw
cRKv5ipPDU8
Hgu6NwT-hek
VtDXGy8kNg4
G2-btqdzd0A
9uP3CZxMjIE
7ASO-ED5eXs
evEyVlzDzoU
sPzBFPzKK3s
eALwfKayrX0
mhRfWXzbbC0
xL3u2nZnWWM
f5hFgQjhfg8
eA1xaL0Skpg
SHWvNNy2fCM
bhex8n4wEfM
Zh7wzv6Oauc
zh2Gm27smoY
VC0Q4aQOVlk
x-Wwukfwiek
Y4gzf-E-4kA
axVWaT2_q4w
-bMmVODhTz4
xQBuXlW1gxc
T2tdh9GjHZQ
Rs_QYyyNvqU
PrxXQuDGUhY
0fVzNUO9Eu4
ftoL11oW8z4
6Qf4ntvsBj8
9cxGQLkRt2w
uhrJFMUJTTQ
5VXLd1P7eiE
8EPEb-tznsY
RzbwLo0pwYU
zqZMkUZrhIw
jJI-IdY6wnQ
yY3U6LVPNo8
iI6wi17ctz8
BarQUMlCptQ
NTwvqd_W94g
gcgWvXqXLFc
FqsV6ucQWKw
gZy5siuV3gA
F-_z52PwZZg
I_nvwMFZ4bg
T6vsJsYiWgY
7dy6OnaHnjc
FiAX2sdJkLI
-Hp8kfPKReE
quuxbgRF8Y4
CKw4THZHeu4
O4SIr6l7kFM
vsunyOdARHo
XHTxBvxoa8o
UG43XcJkEMk
EKb9S62RgyM
EPQWmGkJd2k
vbOo-N1ZG5o
_hG6wPlFwvU
aSPtysXYghU
IPaofrAiP5s
IzjSBpwdMpk
ivOcAt_Pq1U
pKytK0i4le8
4mG_5k8Y2WU
mb-eSwqU_1Q
voPIGiv3sIQ
qa4myj4ZDmo
n8DJTxVCRHw
u7To-QUC4-c
e6eSNjW7xQ0
vtaXSqmitAo
Gk0M6n_nBYo
9c0nfYddUBM
K1l1zUfuUvA
8bbxhiDBBeE
0C2aMn_VXGA
m4e64igvs1U
nX6bdfC0WpQ
kuFtqFu_IZQ
ugBCMErYeI0
5YkaMhnIZ3E
HHmzUQPTqQ8
FGXDkov3RCw
VUrI6hEW4tE
uHJmIaGjJAY
vL2pkf9-zwI
Ldt1rHaAbis
EFUhenM54l0
enbLldBkLjU
En21yZiGyjY
0fsz18PGW3Q
5-a8QXUAe2g
zvA7rr2o3SQ
wA0fUymAFp0
fpVowWU6hLo
gG9go9eGnyE
ErS1U6Y-Xf4
MIsid1JKxK0
76tWfCc2q0o
-skDzsEZ9UA
gfyek_ZQ5PE
WVQb85Z1awU
PPGECjKX6zs
HDphP95a8VQ
cF_AH0rfZe0
YixA_R3jJfY
iRpjTH5bgBM
M0CbpkoEUpE
FVQUAFt83GI
L6HQjN44Ojg
VhVM743Q6a8
a4gnBM4wC3Y
1CZGRaVDTgc
JZyWhz3Qe0s
fANLlC4DXxM
lWspsGPZaeQ
gb9Ny-41C_I
LsLDK0E67P4
1X3VC51OUVI
kxXw0eK1ODM
D7Ir3j9CLYs
iyp3B6TzDY8
wUqhMC1Qc3I
cia3tWCKKL0
XfxauVoVuBg
mqOY6Hmgm80
mUvAkQdQrnQ
eb321mExMlw
HiX1o01mAP8
PtkOFw6vKN0
DqvjEdms1xs
bjqWExEwEb4
ME78wz799o8
pO5g6iBA9dk
ZdL4uE8mgCg
uevEd1UcHjk
82e-EjsTUJ4
Vvf3tjbyFGY
yJm37fjCCno
jqHsgwFs-rg
TAd9-hDxIJs
YOc5H26_2zs
w4Nfk_gmc8I
qMyJeeAFVvs
uAovPpfK_DA
Pxl-tSS4eQo
BQDNo-pXx-4
CHYMAyuzSyk
-jg2gkXts_g
3wF2wgVL-4c
7i9AXV6XXdA
vOAPMnvA4Hs
pI1VKUIqkyM
sAKzNO1p3BA
Zbo7e69Ni6c
xK-9pNvRSQY
lTBWZMqZpV4
jPL0sT6nK74
xPQa3kQG-rU
i7aWIHgtvgE
5QgbNcMAA6M
lSQ85J4wQPk
qAI_r8iJrYI
k2RNORDSqRM
omIAP8t0nvM
s94uGzTHUyQ
G8aC0jnP3Jg
mr5DhZyYAgM
gpz8Bp1sKl0
0ZMY5vnQC8E
Kj5bUbq1mlI
DDCYPl9jE1M
uOrG6jfBzEU
Q4e6tGKyeus
yg1TQpJ8Hwk
AK4DBIMyHsE
tLgqicZrZJo
KQlq_OX7k1Q
NWtLKyILtWs
4WRiucE_qq4
Rgvnx_YrO4k
G0X24dJHYq4
phyFPJD-CGs
WM5JHi1NHVw
S_pNXknUM70
4hjOka0Ln4o
Z4V4npYU96w
gt0W9i_k8Y4
5bZn1om9T7A
I7pBFg3DpXQ
nIl8tO-2Kr4
gzlq87HwBME
9SXXKNW7J6A
U1VqmkgziLA
Vs6ZnjiBTdk
QV9B4Bis0NA
gUetU846NM4
IkUqiAzCBlA
yV_a9kKlRBk
AW84AeEptrU
Z79h0M8xW-o
BjAigHBestU
HtfHP80Z--A
EtOxuVt3OO0
adlJxh09HSI
FZpuMt38PR4
AInKSjnt9Ms
27Flv_jn7wQ
TkeAu-h3i44
AaxxyDfqSjo
6EeCirPyq2w
RTgWmG_k73A
e_fqlOtI1g4
OhpDN9rgAxU
vNdUrzhSxSY
z8DlAw6XmWM
psoHecFLwsc
P43MW-g-hOU
QFqpzkVyRRU
UGVErBuFvsA
8pbUKnsy0XE
MlRN2qKDkpI
ySbXUhNZFBQ
KTXNM-bZnW8
r9cqDFgq6T0
npimPpnQu08
zUIuujpgU3c
OSmSk3L-THY
qlI_3ulK534
xWzzzOixBOs
ANx6mmiuwis
znToM5vmFzY
t1jAXdDQr8Q
P9olZrC13sw
sUljZGe3Ngw
FJZ7nD-m_5E
0DxUpYhbuiE
9Jgk_SQaG8Q
7qHVX5xWYlE
-9Nn0slln9c
JFv1XlFwwRw
w-o7UCAuoxg
0XsT3PDZKAE
om_WlGTu8Jk
2dekmB29_jY
zTp-BLAAM5w
FA_SkUvn6Go
eLOZbhXNTL4
Zt0Zu-u-kzU
fMlwHb2G3Cc
wA_xgGyF8yg
vrNEAjgr8MA
UJCfKt1m4Gc
OmkTdKKRYA4
MTOs08UnTGM
yGOpfH_5_pY
K49amqe2uG4
50-d_J0hKz0
eLnpaMpOoIk
8NsnEuz7_yQ
G3ShtpR2LUk
yg-QABTiuM8
AiLOgUbi4dI
cbfdBHgCtIo
-gcdUvUHbys
AKxml0Q4VVs
4LXmeqikC_c
60NvZq0dv9I
lWXvrTcDXgg
1-4Xs3aMms8
oaJTXvrX0F4
l9qL1sYu-DM
7OibWyVjuvs
MFS_Fsl8ReQ
vSSyq3veegM
rtOTE33pSHU
CHz-KyVBgCE
Bpyo6mEMGug
Ij8ks7TELAk
aAHwvyJ6jx4
CjfQ4GT80GQ
kZO_uqJFr4k
KL9oLj_xnxk
7agd2hZpZhU
4ZUsf4j-F2s
cuGgzjSmh7k
xuYy-pyYVJ4
WdMKPu3MDFE
-1Odi6BWpXg
vPleiunv7Uk
eoUgL1VWMas
2DZYlCQpbEE
VAEEKthc5TA
htIktqNGcWY
r5CeUNfiMWg
KHDyoL9VEQo
cVhWkRMiYXY
Ahrii5vLNw4
3CGx9y8iFdM
ejZ4HXrxA3o
v-vGcyVfVUY
YSZ_w2Pk__E
HFZub1yokno
Re4h7Dl90EY
mof2GawzbvE
_V9OfB4PoRI
hgB01or6dQg
ZzHq7PzQWEE
jl_Mos582Oo
_x0efCYRw_I
P_mD2BAmKRU
7pudxIpIjK4
sDwe7Px7kP0
jPSLdF7kP6g
8beOXxJeaec
R-HTJXk7U1w
58-i-PfpSaY
DCE7EB1Nvq4
TVFeOO3GokA
o8E6zxFGVuY
