WpqGSl46BDU
opZt3W137kU
CTdDSYdq4d8
mK40qogSdFI
T6TOGi_iRx0
yt4MZAHVEXw
HUpY2SUMDYY
WepBe3_IkfM
eKWHHeybsRU
c36ykk2YtfI
jT7IciCkg5c
e4GlczAY0-8
lebSPLG4c-M
F29Q8fYMae4
XmN3s7WUw0E
JyxDbkncV_E
rSj4BxQ-8XI
MwRxJymy5Ho
byjcGqrbtrA
NMdA38eF-mw
64s-iXl9t24
4iCDk01e5t0
avzXGjdBLkA
gLcj_6N4ipI
QrCPIgdH__E
hxrhSiKzs6o
lEBsgkbKGzM
wv98wK9yjBE
vJOehfOgQxw
PcHp2l1He6k
w81_42W9QgM
KvZ5grAguNI
1tUfxNIlnqY
EkRL_O3p-xk
R7X8uNMlo24
QkCH3yveEbA
4V634FQZanc
ldQ8pnQ7nPU
ogyeRqFfLE8
iHyDPeIYRKc
Un22JSHJhqA
828aNbf6lYc
YFVMCrIPjH0
cl5xhME3DU0
PBp93erLLZE
EEOsosfwI0I
6fwCqktrAqs
ppMcmU_5fO8
UEr4_Zf4CoM
kxOUeXd-8J4
OgjDDLBsfd4
DOOC-MeoycM
nAKqvVSr3pw
xDcO0bCn37Y
_gnNlnQawtw
Ck5NUPMFHAk
ZDgkF1DO5K8
uGSZivHw9ko
oO3wTulizvg
jUQwgCHVF0o
TdcsqlYEqLw
BavagcP3XtM
WdUCyjSJAOE
9_CP7zlf0cY
uxYKkyI9mCU
piS6se7vStw
tOeUvl8OmI8
ptLNYDuXeh4
HDBAID_scSQ
3_mWjayVXko
6ZPFD_GHw24
DLbPBBjYAvI
lwjwdrm9h8o
n1U8X-2ofz4
N8RhodioQvY
T3Hn_qijJao
SvArR-F8sCA
PdnP_tVEil8
6PbbB2NKu5s
T9Omt25R-qM
orpOcSk8qj4
yAg3B1KlGZk
Cp1FDYiWvJM
tZ89iyVMU2k
87Wz_95X2UI
jbX43Y7y-xg
W5GodYMw1QQ
fTHg-tGvlJ8
kMLnolZbeXM
zdqdztAhTsY
0FWVA03IXH8
raMOuLapSSc
TsVlUzt-wU4
ZfsnHzxQi3E
OGNJ_6jJsCE
Yg9r1iQXi_U
Zitx4FiZ5yo
t4XMFLxAWqU
rSCvVmGPu98
GeVgBD0Xi_A
OBqwRe0cBTU
wRKR57eVuGo
ZM4-4Xn118A
VLA9Ilp_NDs
ZyuVictEWjw
hPcPLSduPG4
yXpc3cdaMgA
QdfKGKliDYk
Vc7aH2QbTYk
Zg1gowSbmf8
i8T18Q0WJsI
Op0AKR9ECd4
C8g_08ocv68
LTLIba3vDVM
njt-33ptmNw
ATsbQQ-q-Ao
PiMD7Nkl04E
_1O3mbr-edU
4bP95-7xbEk
374yuPtWNv8
0bBd8ovLEsU
0lV2mwMwajs
ExxdXBwXZlY
7WfOn1aVln8
zi7rMQTY5WU
khHY2mDSb94
23sIToVDVgA
6Gmyg43jE_4
tKsBrdZ2npc
wgxl6HBOu7s
PONzyE3ahuY
-3lZ8xFViMY
mLADQn7NXcM
0YgcI8nKi84
I8OdhhPlF98
7qfOnGpW7Rc
nDQf1-Ha-HQ
TbRVr0_ak48
LIg5cJcIprg
MrFaySeQ_GE
bWgeO-MXtlA
a13fN6wAH_c
srTgbzTzWOE
SgWjW5GR9_I
K7cOQYJ605w
RWK0HndcUJc
8z4tkWhhvaY
F-UHYoa4DBc
I2WkA4JXsNg
FpRvzvIte5w
XylGYPydvvo
U3tR2hauCVU
FErMSzAM0xk
mHlXlHTnUvQ
8X3Z2Ergnb4
RoueWbNkKuo
642q35Oivg8
pZkPDIY8gTk
4NfOZTmy_YY
6VVIS_MNJNU
K6AYiqXg0m8
p7ruBotHWUs
zH3I9N9D390
2B9TT06y-Mg
k5ubTKiwTf8
dEB8LvQPjt0
RN3dF4qAAQU
UgPaST2EPqY
FODlshClX64
VSBO3y-vS_0
oebSSfXWD-k
clsaDfEKb4s
Q4VO6aoad-w
QIAbsebj_gE
TIHui2wbyf0
vMPAJF4mA-w
L6dKNrUo3Bg
GA0DMNmTQ4g
s5Cq7gRNOFo
HjHgbhUTYfE
IgfsJXlxo9E
zeEcVbQQdAU
l6KGBiydKw8
ADn6qWVHZYU
PBgBs4p_w44
CD5ORTl1BD8
HulxeVgiKJY
sgO1YTeB2Gk
TFmhWLRoLeo
w522b6M4QY8
EPMeuC8f1RY
o37NEueriHU
Q2sSEUTAPrI
qMilRzBEcRA
j7gVzfrOOiE
O2w44MhjdH0
7ll0Mbm76Uo
2XU_amrgmfk
UQQVsFnz57k
A1S-avdXGIg
Y2zQ19tJJTM
c0xkUFe21Rk
GSaJ36H1Xhg
Sk-WvSvQbKk
Q9o937YYARU
8n-Q5N07M0w
H0QPy-R-6Go
LiaEhGMnDLg
TO9DxbtJsfo
hF56nhx31hI
RIRNwyxHPds
4vibNx13wbQ
moZnyXmsNGg
_QWIlVCGkS8
6Dx0mA6htVc
XwTplsSvRuI
ktP3zT_ywtA
E6ouRKjBwUo
VKUkitWg8aI
cSiM8INtPws
arNMzOERuvs
ixVdnHgrR7I
i_hnJdOjiak
8qKJsfsfBW4
saU4IjmsxPQ
WtiTawGuM3g
aoxXD765Cyk
0Tj387FpTIQ
ZbnVdurs15A
zJpVLlnWeJg
E-0rlcncMK8
OfSh2TQofnU
Z5pwSfMRqHI
_j-7xsDLd5c
tzqxX1WRrlY
QPzfZ53Ggfc
Ba9n5vpH5Qg
zf-ocb9PpKk
s3_dxUHLA-M
uBeka8DbRJ4
Ksf16ZHvooM
nl2aXGe8uj8
zP3TXlNpPxY
qA99O57ZyM0
zPBv9SGgwho
jYSpDadMZdM
6afTUtoHGO8
6Vn062YQH7M
Z8ATeb77eN4
n__faewZyH8
1L_sWiKa3hI
zBGt5VnVTvY
3mZQBt6mV74
bROOMuVeJpo
G0TXdzEDD6Q
sa9EtbqXdnw
2iovUVz5mDc
4nSn8fHlKVM
x5J0ChdSxlg
2UDLhatzjKY
F3pOt3gjWVo
pfz0tDQZhqs
G06Rjovp4Sw
9RdpV2VGFJ4
OsCGYAys8fw
htlC4_1QNy4
86jtZVlC40w
8OHbGQACpDQ
WuvQQub5jis
pRBs0JeT7wg
hvLu7nGhET8
ng8r4DKVYPM
649zbF35bW8
Uyc6TbBH0-s
xmNfUUFAclw
8JHIfswPspM
6LHeD7iK_O0
N-RS_ez4374
ithhwgvJMis
LdJkC3Fd7zs
ZAX1GCF9Xsc
o3VLMdL-LtA
d2Ygnm--rWM
u8QjLo9xKXI
UYVnbJ4Wox0
35BvN3V7yuI
k_tq6r-B7Jw
slIsu8DJxZs
qwlbp1jZAxs
HAErap3lWXI
Jm7c7TsPPWc
vhfrNfIXr2w
qTLZI6OLSsU
ca1kMirB-vA
gfHaBTjTUPs
AwZUcXck__U
8iVv5JiinRg
VwRdYuixe9c
Prm9X1OJv9M
ccuFqpVHmyQ
mgtTTq0WcYs
3vO17gZQQiI
eNMg0hLnHxQ
5l8Ftmp6QQc
fv7RGAYukiw
53wMoW8AHYY
1qXWNHCeBPw
EA9hGGhgrLQ
qVgu-7Jo9P8
oT48pWHARO8
HNe6i8W0rXg
gXLYIkjWoqE
-50x5Pyf4Rw
vGAdgHJpLa8
Bpd3lIYWta8
XVJOEhZ__s0
QLdKZ0N3S5E
tOxB_Dlb-rA
2A8vGlIxp2w
hKumsAdykz4
d7_7aMcAbl0
5UjIEiB9EFI
cVt-FY-sS-I
JHzSR7NFs4w
FGgo0C0RY9A
4zhYk6EXt4M
b6JJvjYhyss
Aq4EENcX9C4
DLbCDFRBMaQ
WvsyNZqOWnE
DIo9OwkNHzQ
6A6-qfb4G4Y
gLh-tssb32A
ZEnQ7W0ROLQ
9RZR4iKDixE
PvDKqchGY-c
WCmKruktrIc
wjoL3-ls0Kg
f-7-cFWP7YY
FUE1jLQ8rks
n4w9LVeicp8
_ypsUWlrOG0
ioeRrhHEu3I
gG1igUlWEew
NAwFeeOUico
3XF6OUsX1Hk
gN0WIfQNxSQ
TfaPug9YjqE
W1zTA9tAvR0
hg5QP920lkY
2BBqKLAswCk
VL8G6wJcUd4
QTAw1g77GvA
UPUR3O5SUxM
c5TT8B1DCIA
kgEF19QsPCc
HnUrm4Uqosc
TjaUZtu7oMI
xCNcEBLGIzI
FXpXMintgK0
0fpVCECOK90
-kIllPVTaIw
vjWmDBUuqsU
euOW1at3D88
8-J4orDEqVE
53AFhTRcqmY
N5LLJORns9I
G5w1h3HyynY
4P7VoGzjFKE
fl9hsmztiQo
fU4rSWLMHjE
NL9esrM1m5E
pbUCe3w2J0U
UFmpajOM8GE
6aMYCq5nzlE
-Dk1Y5X7DL0
0AW4nSq0hAc
Mb84_LUvUco
C7Dio7Fpipk
8AGX3nw9Jfk
YbxaJMw2_DA
9_F-RE80Z7k
T7AfQobz5NQ
uK5IzS9AYeA
7KwWSKxajzM
-IJsjwHjvG8
pg_u1ziFhPk
MvZ-clcMCec
OvOTTji9kgw
vkibw-9GrSg
yrvEC23kEyI
-XeqsOAIIKA
NvIrryQYlag
VDjYUzKINow
chNRea4grXU
MNTlfa1WDf0
U_-oOJ0iurQ
5V-LCZRyb3c
ObJ-da_fhmk
7GfXsypNTYo
wOupM3nYAo0
UFTKNGlylpM
e3OKec849N8
hALu9epEFu0
4m3W4eyKcDM
rGBVNBB1NIk
kkokgnS9oEY
IYlbKXvGCmg
3DoBugQLebM
s4X6rfeRE08
a4gFlwaZbcg
wVb5N8UNITA
n1lySGLPOpc
QgYZ49Q38GA
CRFgOLgQcXo
5aR4oIzRTKY
qfRgBP5F7Jw
-ywQ1OYkkHQ
a3_MuS8VK_4
H3Zn34s5y64
1UopkT-zfpQ
aNFRG_qGJ3o
9qY2O12lycI
Va4cqYiaDgU
G13VaJo1ATE
aiF7IC03sxU
vQvU35X531Q
53nyFuGdlEk
ON2CKXQLzvA
HxG_4eUBd7s
wwFsxogUFVc
eMAw1v467uc
8cjC4nWhiAo
kHVvrvx2eFY
yUc1z39Phqw
iU4qXNim0mM
fVMQVmv5cJY
H6OO07y20ys
8sTAKGzigO8
GBMcws_aORU
vJo0EFc1TUg
zYpiRl5FdX4
CBomWwBeN2U
ZKWjEceJEqs
Ve6YjVUPrms
yspgVzvoyDk
mK-1TpT-IPM
SSxgjmv-rj0
chuT0brgYtc
PMStvp7_cvQ
qNKAlOejEh4
kN1O48OmKqU
h7S1aKpNvLI
7vQwenciWKo
ZQkPfioDPEk
fI3MFouaHYg
lW_qOMZQWlg
04LAviPTJyg
VLvXutj8DT8
cYU6Dkff2R0
5zWE00Us2_8
4trBQseIkkc
NJl6d-PkxAk
u88wLLwPs9U
ZMzsLOf8sS8
o52mcoxRC7I
MXSRLbhF-yE
YXevJ9j_ssY
6YEeB-iDxEU
pExUcGf5U24
l4TQzKDwAok
8EXp4J9Mrdo
OC3Qlq-P2yY
GBMrO66hMsQ
rfuxLlZK_pE
pZSkTFcVYbk
e9EXMVCF5Q8
1JCe9K3Tx-4
uVSAyzxJd7A
TQ3yX16QY7U
v0f7DJfRMJA
HkknWts4LhM
qDRnze_lWts
U1_NfPUscoQ
9xH1gVLMmk0
EXYL7XvZ3H4
KlZuRXq7_vA
qNOHGBCup8s
57-8IEKF5Yc
JmQ73ymp0kE
gppDIwkworQ
AX3sYJozIJY
gKvcqrytp5E
8ORCMYEb3tE
vsMzdbhzEAY
q5NC7eI_KMw
CWEfA-BkWi4
spODa-6OWn4
SsrUEEmLjKo
gPAOrSI425I
As3GiqL7Tu0
y1rWJFqMIxI
sl7ARENVbT8
m1WSKjwsOOk
MJi3fC-lVog
QMj43fJlap8
Bud5zkJtSmQ
dVbC38_AgpU
KY93PhDjtoA
qFQ9MawS0Gw
OJAGCK8L4JA
0VqSel1m28Y
Zs9-QfTPG7o
P_wmJR1xxAI
EczFRUztaZE
cDATcu4uhtE
vSekHzpTyf4
bfSAT-R1Rho
9S9iBqPIw60
DiVxLUeQAzM
ADpo-eykXRo
Nkg9_Lap05Q
8wDAEePdDc0
4onN8X4Cu7U
mtkc3ktJIrI
JapbezrSJNw
T0iLO2bA4oE
MtappHeT2XQ
lcTCs_NHaoY
VK19mmSFQ0w
4hx875MzfBQ
ZuYTtKZUkJc
aJsa8iHzdL4
sWkWU3xtJqc
5_7K98AwT3c
hQfELyyOOYE
n5nJCYAz5j8
KJWeyRnUpPs
DyTCLtGHrhA
hyHTxhAMHKg
mpZKjmZLg4Y
iy4IIbkn8pQ
a3EGvUOBiBQ
rHngAN2uPIk
05_x-lZPRWc
NbHANGBrBM8
fETuEQoLOWE
ebKUhGHb10E
Fq_SLeQESGs
aaRoRq4JRMs
a2i_frVA-Qk
AZizNJu3r2g
A0g9yUqQL2k
SYP8Tox8SgQ
Gqr_YE9joqk
HomNNeHJZbc
b6XFwIiu-20
6cj3QR_MrQk
bUtH0w6ZkRU
wx8ptfNVTFc
QZvfm6nKWgE
pZwP3oIb7ZE
h2ppiYK-aJ0
Ub8gcRcDYgg
vXv7uqsSaCQ
rHdRSKoLBNY
p7LNnxad6lI
e4K_IelXPiM
np4gEwx9VIE
BUZFDGlzMfE
KkjZ4iiKxM4
nB32ugQZVFc
qswQJp9KNu8
cQlX_nBDBNo
xWxGHKUx5Jc
bCsD3bkx__Y
boQTBg9oLmw
fOufOeea-QI
YF1AaYGKgk0
RlpB19WoTHg
JsTsNCRv3bk
_lQoRI8kh7M
1v0lvNS1xWk
QxGP3LUCCaU
mZS_HrU4cVs
vQYzzesZ1bM
Tx0RYaAaF_w
xZxg5zbUY5I
l-MBLy7WS-E
r7ynL9G4yIs
QM7XS0qkTU4
uX966RxRmf0
tFyfCybiO1Y
VcO6Q2wHOeY
2NR6jdu_fnU
tACoCnkHB28
IbuX4Hg_iro
16ZD5AxiSWI
c-Q6DWrU6Gc
GWbCRsuDcpY
cCEMhcOG4PE
Ridi4KsBOgs
53Ok-3h0qq0
ALmIsdiVajo
oyU_7zX3WQE
bRJefohqsP0
8Tx8b_Z5I5c
2nhxvoukBiM
c09ddXCFm6w
DZvrTa1e7Sc
16ZD5AxiSWI
eXvOoKCzVV8
HLjMQq7ulAY
g_UyY9j9NPQ
ew3bLL2uWtI
wVNuOa1QXjQ
y2bVv9jV7Nk
mP6Ci4glMU8
6koF14S0XaQ
el5i3CbXr_o
PK8xm587APo
WVnYOdf6YZA
8Nr4P7L1lmU
Zwy1PrBV5Cs
pxsCFL_wNDk
DDpomZGiv2Y
cFM7-MZowKE
TY2rr_7Ehnc
vGwfxfvWbj4
QC3NLwT2ORI
s-8NncdzjME
ghtPR6YNNjM
NYlBrKVRsgE
vbBzXPQ4CFk
hOwdpYEi_oc
a8_DnVVQ31w
y0eJfFY8TDA
CuSUQMTepuw
2Lr7bJBa2AM
zHdwU5hzeTw
ml0YqyEP-fM
pYf1WIHhL98
3IUfBkeZNLI
On_XMcEnl0I
uU9LnlPg1RY
ba27_WzFKyc
hkRBu1ZbO90
4LGe265pwvU
ADq_Q_oLGnw
td4BctibYGE
LdWoSC2tpNg
6WrbeMIBKqQ
6msBqpr3Pp4
vfrXg6Mc4YQ
6BEu38CU8ZQ
vmsiiyclCJY
OgV0kS7C9Ds
TSDjeTgXZlw
oENgmc0kpFk
g1KiFON-GWg
LJkEZtfbdG4
ZW3oFRz0IIw
0ZpyfcEEW3Q
ZJfK7BM0fWI
PQefDejvxik
ny4zIuG3o1o
Z0siz2ZNLU8
EZlDQ4VftLM
-Gvy7as1eng
-nkNJKLKuX8
Kg8IQdirPgg
TxxozfN5MNc
z8iJkHngT3A
q82IFdB7DlI
q08O6nKQW5s
yVn91QDmXiA
eEOTgBLsCzI
MNvUN3iI7rM
f9aM_dT5VMI
S-D6zjBgyxk
3fbAtNjrSgg
PkzXAeMlJS0
RBCYaBlqFQk
rgCfynbhGFY
6f9D5xaYq-8
rZhAnKz3hGY
ieUyDSAYGhQ
aAOULUkxL8c
5lAVxMAsOlw
CueMgDnUfVg
DOEqP60N5dg
wHXB2YzmwbM
MKjvaigT44k
_kkyQqAcRhY
x3dvNzgpEic
2aW4Q55fTb0
1zeEndfDc1E
F_WFWg6jqIc
-S7RYd2edhg
Htt-1OYT7cQ
li843zQXo1M
VG-AIy_ZsjU
K-6CZV4B47g
nLEOK_i5X00
SXsAzYdgnf4
MWuLC-46A54
ms4UNO_Lv0E
Ubh7NfYl5lU
K25ou7YagQ8
Jr2Sd1MI8Mg
uGL9vwDIJY4
a60-lBkmQT4
0LUQYyRuJFg
n4Ipk54b1yo
NMr_NsnV1qY
bTr9h89OSj8
W7CJZfyu490
LwoM1gSxktc
Ai-ZyH6NwFM
aepYZlvwSno
Iv-C4PMViTQ
Ll3MHIBmDGU
wtZYw-StZ1Y
ciwcKpSkXQY
eAvR03jskvE
n-VcVn67vDQ
w6T0l1fNiAI
hu3JLKWFhtM
jIr5OJgShzo
kQf8jer7OWk
JqVL2i6W5e0
0F0dHM0LES0
NyuFxo7Ifxw
0PnNN5N4-PY
H_dX4i3eKco
EL6cC3uI92I
WlZ5bGtTrLI
Yu-HxTzO7DU
SkzgRkxuu2o
VdmAbiFAKeQ
fh7Pz13jQgw
jW8xFmPc0j4
oPvaXc5GRaQ
_1reHVln4-s
ngpSidu7twY
ZWqClKiz4_I
zuMejU8P2f8
I9mAlYOjMtU
bDZ22eF2_ZM
CCesyl4XBWY
gZtKnEuMAvw
e-vmXzVo0OI
fQViwRRmvIA
xRMCn3liQMk
TlNJz6qA3-Q
FCxr3dOEdPs
eycqACcc1Tw
VSZak0sdtuE
LRVKeh_xtJY
pZXUQg68TFA
MtmFmI1bg0Y
44oKYd0EyEk
KD-cfmqM87c
Ok1hF3xz1Pw
pqYVwA0mEw0
NwnBdnx33vY
Tf7RhuagRJE
x0EvVOx-Hqs
fcncIYmdnog
lTFUt4pEN38
zqbgf_XPc_E
ECn9rceZLNQ
kPEzyLTR-a4
KwOj41NE7YI
8Z-fkPm3Ctk
5mcpymtata4
ZrfzCvaVil8
wXLZTa7fpMo
3w5QtaDFusA
oydHi0FFkxM
E0VkE6puaNA
MHDKw3Z1mC8
ZJj8YZlkPbE
Au8nYaFNjRM
8bmCUMzA0JM
0anw3s1YU_k
xbEj2xTD_g8
7nij_Xb7Qgk
BwiDIV7Ga3M
0PusHpUbI78
XBZqleZAGYs
lpMMG2lJQ-0
TqJqhjJ0J5I
QY28g6IBWdE
8rCRQLxiiYE
Zk_F7N6eY2U
PWXBlMIcLpQ
DKwosb6Mj2Q
tF9Tda34IDc
a8fhAszKYa8
Lqa-Pmbn-ME
shoVP5WlqMI
SY-1nZjXa34
C9BoLkIyZQE
BIiTgtUIo-Y
Nq8BLII2YVY
7oPK-b7N0pU
uMHyQVEdtnA
mZ5RlSYfPeM
mr-_1xKxJ_I
2SG4ammco_w
bJCL8EJYqDo
aXxGDj8Jd38
yvorgi-sz4E
-tiZA4OO5Gg
FCvAXgnbFeE
KDxvmfXwN-0
L9W71qRNgGQ
5cs7UtlQ_9A
g8YrKxBBAtk
uj7aDbxZFWk
XM25yEO9C-Q
iKCTK0cB6YU
aLL07698PMQ
7ONsou5pPjo
CU4gAar0K8o
_2EbRZKQ8hU
rsCjbJ0O_zU
wHM_7CAuZ7g
q-YSgh0aITo
1RtES83asA0
x7nu9hlunR0
u2SVHCXrP5w
CGV60R_Q9_Y
33fLisIFCas
dBM_zVq-5Go
ghhuUnLs_Zs
OotMjeX-WhI
MqRkpYeahMM
wVg5u-N5fzI
w6hdwkJTG8Y
M09nUPzkfuM
aFs7Eio4qX4
oiwgel-PeLU
T9emI0vokU4
9q3Gj4q52ZI
_F2AuyEbCI0
cTxLcmKlA4Q
VGwxlvzpFdI
FYZT35U_HuQ
ggp40lFibdY
ObR5OuY2d94
cYVw5z8C-es
rTpFqoS4hyY
qJ-IxcCxDI8
qFCLie-slaA
DchfzuX7m14
WvYym59ipxA
TP0kYqIUhw0
NBObJii2R-U
B5OqmdLL6Ic
YMDTJv-vuxc
iy8SIWTyJNs
qqixaMxCsZo
UYedkcRWU2U
xc3v_X-Yl2c
iZkqKCSR4NQ
bk_0rosMNt8
2l7yvBv8AqE
Uit4sVP1aUQ
sPzJjNQaYEA
ssAqhMfY_KE
Nb-qYZG0BKo
ryFnITLj8SA
g7bQT2HOg4M
9JoI9jOmygc
6JaB2YAb4ig
_BaQ-FytkoE
F7IgJjy9dh8
wEJs8eKRMTA
iykQnLnyjyQ
iqiUUJPZH38
K3hgtI6-vhA
e1iwYsPz254
CkGtE_sNJQM
ruLOPu_iPWg
W5eCZgdhkQk
MFebgh9y210
v4akAY1yfis
5eTgRDlroyc
S9gSGOX64zk
CbLqOoHcyZY
QmD_PPFtvss
FXyVyaHSySo
pFseY0PvCLs
AxTG8FOO8b4
QhMkEs28vLE
9raBeAKeJ_I
h8inKXf8LS0
qmMRyzDG6CM
b57q4AH3hLA
4YCHKQPIJa4
97m1J543qPk
14BYJfKRPLQ
1fX6JGZSJQE
8c1x_cw5kJU
nVTCJOy0vrk
ulJK19FomMQ
3_eYeParsRc
IurvVNHsKw4
cazaWVeIK_k
OUnOD5uZFT0
b7SyobXTWLk
1HFIja7BHlg
m90n5YmwqA8
UPB_-SRXjwk
kSAxcQ5VL5c
D6VQDNIZH7U
Dc8sd0uI3Aw
VcMIeyjggbM
qS7GHUOBoRA
uGWEUDqEVKc
nZ3HDiLS3Aw
rlJ3pOdYnw0
L3l3pqrg__4
6IAuVqzwO_M
jnns4jMIP-Y
eCIQWtWh570
HbrI5b47Hm0
ByvY3sjOGzo
2SHb4nO5UyE
L3gXRE6aFJ8
5iCvFXOt1S0
5Yq4BJbSLK0
HsMIGNaAJLM
p3p2GrSO6JI
3AIVNiS4hto
HYWjuLGkEK4
ldggKZ1Ra7Y
eibWo9t6pos
OCAStTZmgKU
ixpERGLQWTA
RJxUEsk98Tc
hpwesfKJ1AI
it9yP7rS-oc
0MPdZEPJBjs
8GM_8xsWH3E
3ZFIIUagKk0
CTuts6Ns_SU
wTQ7f_nuDNE
WAvq0Onar_4
-OciTMZGidE
NM20gmDMLY8
lWdW1fOHOnA
HMF-P4PmDx4
yKb8s2TspFs
jRdkrDk0BQ0
isFKXwwAYNM
W619Kkln9V0
O9l7EslPHy8
Za-gqRXDZFo
Ngk3VX405GE
LiwU5jPMnFw
WJfhB3Vj_G8
Rhop_-3HgSc
R-VEq7mtmv0
ZN2y2m4Eyyg
HeOVbeh2yr0
z7Qc64iZM3o
QK9q-AyplPw
7cvzw83Rys8
hY_tOeH5l_8
p-7JP3whGeI
MmvCk-GdwWo
eeVJKxHC7go
rwVGXqlVmBM
baCeALX2vlM
wZtUx2tuS78
y0DkyQmAUXQ
rkYBW2ny7y4
vZvVYQL3Hp8
7JjLd3MufCE
ccTy5Z4WaB4
Ie4oeMp12CA
zR7LOtMix9w
lVaivHGF9Vc
JBC-9k3y1ew
rx_liRcE9zc
S0D44yvwjLs
ddIz-ydl6Yk
IJ_sdNRap40
WLz4QodPTeM
iYAjQyOW-Ak
nobNUsKf21M
jAmtPLp0kcs
AVoe5SH_K8k
ldMb_TZtq0c
9NgR0EwTJ7U
0vTR1N-tYtI
Oi3Lgi4pNok
IsUd9VEOM44
y0DkyQmAUXQ
l6Ove4_JsCM
Xn0moClwDuM
CEJ0sbk-n40
rYwND0CcID4
SUm8JDOFBCk
ta1ZcjpwVLo
-QseIo4225g
N2D4Lp7mjXU
WLAq3JVJ6Ho
zN00O1XvE78
syEnFnHoMjI
sRgqrsXhxog
MeN4zoz_ypI
JbumiDbBFpU
5yanE03KV00
qQi3_PpYzIM
9fDbLvvMdV8
XvxomaFJvvw
Xi9jLVu4mSM
ZYEEyi4Qp8I
GZrYG_LGwr8
n4FVlMKtD18
8MfZirIsnn8
IsNnCzH6KI4
t_Nf2OUlmpc
-jUMOzZk6HA
T_VJdFxelKA
o-uJOzkrJV4
XfOVzvKdPz4
_dF5LZcfJ_Q
7zwXrxLTnaA
SKM754eWODI
8_WhjC9Oft4
_QUHXZ-9UUs
C_kCIA3G0TA
EYx9RYOnTFs
3RNt4my-QV8
eL5V-3zXTOg
cj7-678s9Bs
YeFPZiOMTUY
-nYpZHycW7M
Ax_Q349Y6UE
0mY5niZOd4Y
7Yd6D7RQ__g
Lk67o_g9Qvw
G6l4RE9nwPY
_tPODMp7SUU
ptY02EnxeJc
_de22LicAlM
aUy4HtkRvSU
tyVLoDv_EIQ
kMoqgvv8BAA
XeyEd_ygBCE
utUMqS75u_c
G7HuWlahuQE
hdwlXaR6N2A
dPWg-A9tiRI
eirOr6bRDlE
d_I6IunWb9s
oW9hSI8tZNI
hj-zmKO1sa0
jN2Joeys1gA
nsRgOAm20ng
nsDZt_VRp3E
X9zPfEqGeBU
iYhhtp4fE2k
_un31PWF0KQ
Kl-caXYHAnA
rVSwTWjMpj4
fhniP-mAChI
mUB8M66pB60
2qRbUBCV4mM
SkgWXIjBEIU
EGXULdbCkZg
xupaQGEpERs
PgAHQjp_V9g
S42lxzh5uwc
pujYLcE9-zM
tKPZitrqdgs
f059lvvbDyo
RhaifCEZks4
ZX5MHNvjw7o
zhUnEg0he4A
kB5XXn0eKow
XXc3O6GMZt0
vAjMXH5JQiY
oDcA9BIB_NQ
9DLuALBnolM
hLOw_SzkRQ8
ff8LEx9Mw54
X-zSJljpKNc
2z3wUD3AZg4
ZdVAH8Z5O90
n42TmD2B0mA
2-RwPfxtOO0
iLsvH7_EF34
AH-Dm-sDgtE
neUsrOzJ8T8
LVzxZcB31Jg
yvwlEPyi6Y4
eafRE74JGZ8
ZgNFiYbSr4I
hLOw_SzkRQ8
fKIwj1TQmFs
D7oXFmuUHLQ
lbqgAByAKao
j-emlb2_jdI
B3yecpJQT6M
w05xq8RscVQ
ERaPEaePIoM
Gm8IfJIeopU
I4vyyArfya8
ImBTtTdYgRY
sOQTYE4BjBU
0_H8xcqy4Vc
vyCELYuGQds
KSfjTMkKyRA
YZ3deWZrIMU
E3K402SpmrI
sZcDxCh27Tw
JqUyMvaSsAw
j8SLui3TZc0
3gAJD7eAiwU
9fpHsgNo37w
An2AekAukBI
Y-Bk5ZhNWeM
-mLbbrfHb7Q
RnNUb9iXLog
kVw_9r4Wuac
zAp-Sq9XDis
Qix9TJWrCyw
oL9d8knJc3Q
QkdPCHMLGNM
SFLPyUlwzy0
3WWF7PmxRkY
KYfqgMrIrjY
mQex1wtaK3Q
bVtHBLV4GFA
ghFpVzNTzGI
eiligL6q1Zo
LydIb8DE2vo
P5BRPzjgjn8
TPpRKwdKUT8
GDmQpgp-gVY
cSYVImKr3hI
t7vlxhwwgv8
0Hj5J6h0xNY
9fuFWKYSKJU
nNscmBYkg0E
LV-9gMvAlrI
Cy_7t1nXHY8
UtQR_KNIZFQ
EOnG0-b7LUU
Ay9pHynWL2s
Bh_2X5XMoUk
vTtL-Sg4YEQ
M8wimgpa1VA
lArhLeGjGbI
LtfiuNki1Ws
jf9I04Oa-hU
YZWtH24zo1M
bZMYhpJGLZY
ddAc6KRwTko
Qpp_1zkEO6g
I43Gg1UPjx4
8ZiIYBA9Efs
OBUg_U13Cqg
wSYacMilA-k
w_nOv-vB3RU
nUCVM4J02Jo
E_O23MjWZxI
n6BNE62xGqE
p63F_jmyFNk
SGTAaHCqoME
UcnGexsEn1U
T4MQKa6FOeg
zkHWRJHv6ik
h7HcpNH52xM
PYQv8Qnteqg
4UIZEAs7wfY
73J6krStEYM
VhfhOINUS10
YbQRUb9G2fA
TSw_wXD9Yb8
MElKcu4aOSc
pmHPMCy3gSA
GmmKVQtbp94
E_WB9lr4LSI
c3VW_aYfBqg
iLe0LrktuqI
Wguik9SY7tg
lOgT57KkXCA
rNuGpH1ImsY
hqRXj4KOY4o
-VojHT92LGI
xIUvQn6Hwpc
9NasRzaie38
5Ibh_CamUKo
dqgbnW4Dq4M
9NasRzaie38
UJ9aoio2rAY
Ad2CossVo6M
ZDHXlXf06to
uu_WNoz6G8Y
wvPHN9ZkdcE
Z4gNA2ssUBA
EIcR6a4tRrs
1_iZBmkQ0fg
SrM0GWDOnOM
6F3CpibJHjg
X4BCQr54zVw
7tUunRuzMHM
fE36KPRyt0Q
PQ2LolUh1wU
RgobSsmG-x4
3tEzKRRPbxM
CFpJ1sz9zao
5wz09FnrWLs
1-tLYxZ-MNw
LU1U2Eyep_4
2K4BlnjJfaM
dc_A7Bfn12k
fqwZS6l-T-8
Bcu07Ml7HSU
oC_XsKXYrps
x8fpW_03Bpw
F-QFxPAnQ80
6CzYPc1PSLs
ZhF4XfU6nEA
I_EDMd8B3hU
JogzY94nBUE
MHuc7NVIlKM
efX4VPkfFpU
7sxMQSQa_SY
QQVWMp_xgGg
mZ9r7fUM0BU
lnEEmUQuqYM
xOW8siE1xcE
QB_snFrv1jA
R47gOrYL8ao
XKh54SL63AQ
2gRKTiHUNr0
6L1HmFQQviU
Z1o5awHLeN0
QRAU9zMnj0I
0ZmK6XLP-nU
tZ7Jhs5vMtY
5x0GmdQOoY4
JABE3AjvS3A
p2eZrH2lkbg
QM06fh27MOg
2ZydfSNb2uA
uEIQd8Cdt7s
UVxOI9pgchA
Jl0NNFfhAoo
utqkeAgU2zE
qP44pXUGKNE
DdE6M-e4mGA
B65-zPX1gfI
Kqw-ksHtkXc
C51LLAz7kJU
3LcO4UuTcPE
oObeZY5mDuk
zsMQ9pb2Sv8
YDEG5Q7nqEk
Hhsxabu7WB0
2y_m_wN_d14
oLGoNU4mXAk
qMtsTuDsGEg
-LKcx_q7iyA
OYOLRP-cFnU
qSRs2WQaPGg
eT5SxRS6y_w
-QkPXLoYdEI
41qOaqVad1E
seE4WaJzM28
EhEff00Cak0
bN18J7LDysQ
tsCrIB5Scmk
NaFSvrBJ1AQ
BSPvuY_oXsg
bDIr8x2toLk
dgMLHdBfsqU
7vWd2MLlhHg
9OzIwaj7eZE
VPi-xZCvP2A
t2jrAVjO5ow
s3GYfVAsH7w
1ELVb3LgH0c
FFhRAy-zgBw
AHltylFlfNE
bIYR47yQ_I8
wO7lNOgs8wY
j7FihAeAkCA
CjStUJzYkYM
vuFdfA9G07s
CDzXvyraiSw
WncYKVnMpGY
WncYKVnMpGY
ZBAoJ29ebFA
HgpZOgSG9eU
vsETFiXVp74
FJQ33gNqO1A
4oe16mwETfY
a0S5pTfTD5k
ROAvA75wlGk
pgdV9o5ypfg
l3xMlCxuUOI
TpIcSXfijo0
o4bUxnYjk48
fmsxuITR0Gc
Kx8WxMmT3Q8
l7iBtx1wBNE
58cZ1pTFmXM
R0hRQ7_i7qY
JQDLWwOGPXQ
0lyj_FKzcvE
0MWFGGs29_c
UZK8CBvYn_M
y0MIIY1L9mA
Y7SAOPuUxLQ
_3avpdH6CB8
6PFKO3ViCcE
ENITEJUj89U
nIJefHAw_z8
FUnQSEZSyOo
eBUAf0_jbUg
lQzJzSrW2X4
u-6FwztjHbA
3xxCgZik7-8
v3uar_g9pD4
Yo7sRrX9si4
oGZ-kOQ1gek
3ib8Q1LKMyg
cAo06KZit3s
g0RuWiyGoZw
O4hE2F8diEk
dFzDGM_uiQU
r2VOgDiooXk
JGsLIkXIGkI
QCbuIP56ymY
yEIEo14dD3I
DSLsNC-48ik
cUez2ttRLek
nudYis_JrEk
COHifBR1qHk
xG7svqybyYg
sb_KggMZf7c
qKUI3z3sjMw
Kx3idtSDj3c
CyGpM31ZRfQ
QXU12a3bu4o
CH88sCyfCxQ
nRXMZFUat5o
PvSBE0LyfUU
G96oVTPOZk0
DE_9MzFo2zw
ofR5FXtAIQQ
2qoKnx1AJ44
8EUfRfcinlo
DoR3qFIAcfk
qPQnXw1q3OI
2BJexdA--AQ
2SgFlDRquuU
ns88zOA76WY
2MXKMr0BfNQ
lfgL5hF27dE
t62DfsST2zc
3llOsbY8JMM
6UuEqUpR8Fc
wOGOpw1sHac
tt9reowI38s
JZIrfBYr8AM
I7mNjAr9_rQ
NglRTfYu-Yk
0XHkK29KVUg
wvhZqZT1JEA
YSOCYvT067s
NDIRqcE68OE
INNQ8jRbMfY
xvdSTmOAxDQ
yYsf2Q1sHBc
zOEP-B3KtXA
luUGxk0BoyY
Th5uVIhQ8VY
SWjgCx4g9Rs
jXIcTZYOuP8
CImlasXlu94
Rf-Mc-DsMGA
FiuJUpECbgo
6pwfpFaG5Uc
fGrTIT8PKQ0
9DRNvbnvcY8
UwkD8N7JsCs
UxpxycFelLk
kEG9L8LvaqA
kqtzC6mC2Po
uuCGh-obGmo
lSquesdPmt4
kEG9L8LvaqA
7UaS7LtYY0w
T9FUwcLWQGo
hBcEq6PSRDw
b8cj7z1JlxY
U7hhjoO052w
Ql5nIphGGlo
J1gShADHhtM
JwtVXz_-ESk
aVYsZTdMncg
_Nn5_xdwVcQ
3TA8HwKDtHk
-XBaVR3oSVU
lPA9lYMxT0A
GarT6CJ7jjE
BPXXpEg-icY
LcSgFM-iF1A
ofG-LtbFn9A
I0XZ_jqNI8U
WU_ibt1vtPI
N9cfD4G-SJI
HrpiVwnX2Rc
SRnD90ApuvM
S44gK0APocc
5-f92FwB0XA
_-XHAB6CnGo
sIUvGf3u2Fk
TFh9WgdCkk4
NljiG8a63zU
Ken-KpICBVM
5FXMIcW5WZ8
0t02Su-hZGc
0LyQj0nUOiI
qu51gK0PA00
dZ9EeNu2Ftg
GD-MUhMm7lM
m7PEpgG1uRk
YZz9oLDjAbk
Fp9GEyMx8H8
5F3-EhBbeDs
VVwdiuFkDd4
aulJU0nrXWM
pxMK1C3nWq0
QkMJrQfQl2k
ntFCaVpLU6Y
7cNL8csNPrs
QPwPBWPCNhI
mCBA0ojGD44
4B0Mv4F5mKw
z_Sru0kWBMU
-vdJHa-Oi5k
8cvlnUFO-VI
gCKvw4fF6b8
8OJJUzeFxyQ
o5J85wLXm-M
lOLqsf2I1Cg
b-9T1Ny-aLU
xQWTJE1TsIk
-dCgQwfaEps
a70xIPCJExA
y6NZbFb1qvw
zof6iXYKXfg
nOVycNUQEnU
0mSyy0_SASA
O4lX1PbckOc
cVp7qQOL1vA
IEO51UMWznQ
3gEl7aQ6M7c
0JgJQgikWo4
TR0_wl_RWik
OFDB-TLEZkU
F_DB53ITNy0
_M93x2aQNzc
-ONx5Pw1UPs
uNSyTq2PxNk
VU9mogKVax8
V9UgSWWeV8c
SQSf4bexMFI
7Phgib4R7u8
e3FvMRu5vzc
zki9Iww6vUU
GzPHRV_BjrY
NYT_K5vcgQg
sR3CXkRT3YM
8_zUO5JFz_M
wLyWzRAmB-E
ioEXN87kI8s
QWQJFMdMX7U
M-idHTIhEh0
zKda9WY_uxw
-7poFxF9gIg
dShdmvAFz3g
WgbT4PbwSzY
ZfP2BTQpn20
oMqj5hH8HUs
OJZpiYmwVNQ
NeZC58XxHhM
haQKmBX0n3E
pwrZi2emOi0
XNYu0gB9dHE
ygNXHzKXlfo
4hldVnvAxlA
5UA5YjHO7Qk
b3sqloz4kt8
W8AeEaCt6U4
MaPVScDP5n4
0O4bOHsBH_g
asVTWLNibJg
x8oFd1BZl2E
7Z3ZfW4cI1g
o5XW9dl3sPE
RBUYzpk80TE
Wyi8Im50HXA
6KondmPGFhQ
oWZNWIhY4zI
XiDPT1yCJ8Y
9do8JceroTY
hoWG_cSFtvM
RS7ON86KzkY
eikaoviAwyo
B7qB79QpCwQ
IJjGZNybTOE
CtOkKbytfAk
s_DMfTNEhgg
R6clMe4XKCU
Vref7vtiWIc
ADPVVXhR140
bLwII6-92_Y
W0V4VmBloak
pIj0xMeonlM
I2xtERPq9bE
5xXJrVQmvb4
tAQa5FHpEvg
eOX7a_u8TrM
6f8w3wbMGWc
wOLOc8JEzSU
s7JnLRwAdAI
YKBtTW06nl0
Yo7M_uE7CeU
M5IglnfuYck
TavsvV3iNUk
kG-06qydvB8
TxctTIGdP1Y
AsnFhBQsTnQ
sIPX4Egah38
nq4LKn0uq7E
hbZ8dQ7Vm2M
smjGP4C1-Nc
w1SSJCRq7Uo
DUg83qUIxw0
3jHGit8BV8M
COGfUAj8F74
JHo30ZpxyjA
gfd6A-XUo5s
yNYinYr7PGc
rwj5UV_MO_4
GAH-mSODLhg
sFx4c6SCAL0
DE2wgXUqa8o
2J8EDGBeRJ8
RzdL6UKaJtw
cJXzBo-KcA4
q7iWY7xury8
LB-LKmzHhDI
G9DrEaRsbPY
-l08oL6OQHM
EGwK5QYK6BE
IuuAG0294aU
ooB2n2ixFYQ
8BXYW0hqJeE
mcTxcWY9h0k
dIOsHM_vRTk
2aE_tNnbfhc
4bQPkoBo7o4
015QbOFhrR4
fU5YZOnQTJY
c-d8VP3cuDM
1SRSkL4ElRw
6dGLV7NzrK4
pRMcSI2GTfQ
IaWlknCTURw
9w8-TTpB9rA
kiC0K5o-RXU
1ebgaNrKfvM
2oAlj33W_fM
0s4otSNUoi4
WptqKn2lSC8
3dH0RfnDFIA
NOsMQNP8ZkI
zmhqHpMn3No
gmiQ0V38fNs
tXdIVk77PL8
Xkg1bhGqEFE
Ucfmfau8JBw
F3gIYgSa4qw
xM2zOrugntw
ndZhE0vKhZc
XJ-MQ_MkCJs
7HOX0-E2Lks
7HOX0-E2Lks
j2Bc9orC_oU
PzHmguoLIa4
ff9nNFviiDM
KmrBiQzuYO0
-_IBZzuaRxY
7VaZiDMGpMs
7ZfjZ78j7zE
p8dpl-1Dauo
VtbOq_srCQI
fILm8r1n8Ec
UX5Oxq19vvc
5viW-2IwsZI
w9tlYqQ-kxs
f_DFLPwVF48
5EHiGv7PQfY
-2lgUYQI_jk
hjrP4K_ep8E
t0h5LPHuRF8
mX78gb-YRlg
0U9uaXQXw9c
yL2jy_vsV0Q
lAduGUlZeyI
CavGOFm-Eu0
rQdnWwloOh0
AtF3v_N4z-U
A8F9omWtb_M
XUzwGYIj2zQ
ZnnjGqBtSQU
3dtSK-tdtmk
XZNHRE96q6Y
tGgSrnzgoyE
xPUxmULae0E
jeBCqy-kzdc
DgvLlAWGis8
pydajWBlg5g
Ybfz_g5LtxM
xB8kesuQRwc
jn0eBCCKsXc
_Rx6mJK1Pw0
Bf6DqUjeyWI
B4jlPrxaVFU
XIEz8U7jy7E
jDKq-xb-Ky4
fDkpypZYbSQ
fA9WmROtd6k
V87VHlm4WUk
lUg4Jk_lisY
uAX6usnm8Mg
M52FRKTILH0
dSR9LtKzS2A
N9dPEQY4mnw
k2IxWmltFkQ
yBiL3bXfUhU
96Pt2I5lw24
JqGTYBuOECA
WPXbdzjWzXg
uHPaXcy4Rlg
HaKXawik44M
7m9lxyFWT7w
qVMH7ZCHShk
gV51bCp5WVk
VHMm4RnWGOk
m97O-Zc--8c
d--ONyu05VI
JJgaKFkL_bg
zYUIOR2hgr0
N172uLx2AYw
metSo5FcbfI
liUCtHBcP1k
tb5G99Wsx5I
tqrwzBCSV6M
4miZFsH_9ao
g257N94vTNM
Kuk40ot8jFs
vveaLVOCiDE
Yp2stpr-aGA
ucDfvJNWo5o
VX9xosX_EBs
S-bZSzBy7GM
Iq-hvw4Tkes
BxABvifLA8A
q374l-vWG6k
XDTgFEcGN7A
A88LnwiEU2c
nxPfq59RtgE
uUqe15dfirw
qGc1W8OHgIM
DgxxRiUEDbw
ddSUw_mjxsU
LvoomHMCm7k
V2KRIWOazjQ
Izli-OdYs20
CzWubozQdHQ
yHoQ5z-z0lc
QWLzWpQa-uU
5LM0ETMDT4Q
_cGAxtVhFcs
Wx2m_P1ePHk
pmCcZfgrAWg
MB-nflMtbIQ
yREG-L2rYn8
y6oryHiBm4E
0SIW_Wpju58
8UQKf0xIijo
zGgw3gyoeMI
62nb-68xWoo
32FqGwkIdtg
zxke4iYuR28
ciSvOVZhGOQ
yQg0zNKGUjo
gJHfSOZJLc8
u3XW7USfCaM
IiYVNdvP7Xg
HsQ2vda7Kyw
ro0YtAg_5gY
8F3KtvvZkJw
yF-GKUsR8Ss
wjJKZg5Dqn8
4acayiZAHaM
whKLrleCev8
6KbZ67GbIYk
oLg4pbiuTLE
p-iNHL_6JzA
HCqysOeFMoU
f_5jFDqQSEE
iJx6luOhv9E
gYrvHhhNgWc
8IMUcLmQris
QhlSlgEFRNE
N6-lCk8nVJQ
Dt6axgC8Emo
uEMixAIl1bI
qffUfEJ7I2E
w3Ik6pxvO90
0vFXu62a9u8
saPDwVnyUFw
AUqA1FAQJno
AYV5M4n2yms
Hl8Bd5F7810
RjC7FbW6FeA
Vq5F1HNj8Bs
_x5IUJ3iYAg
j2va-A8IGTg
KxwL8-QK5Mo
VpQulMHnjxs
loyGB_omv3o
bEMSO8CFpkw
I4tSjtRgwys
RCYaJurfN1s
Rl_a5-wJeDs
QVt-5My9UtA
_7D5cRBOPdc
9fhfil0Q-NI
SuzrNAc1sl8
Aa25Yu3glxs
yFBH8M00Fno
zNlKR2wrGZU
S2n2tQMtI_4
Arf_gU2eesg
Ai6FAgo8f-0
xuFAnyomBZ8
Ko9A26yNlwg
bVszLJD0whc
G4ywjEWOl-0
OW6eI3D9r8k
jeVuXxyKx-Y
vz3SRA_gzX4
4V-eivn_vz8
vUolZBQHp8o
VpLPCYmndAY
cHjh6Dupolk
GixmfgNIfe8
-DQ_qNxY4mE
AOsvfl-PGqk
B0bLH-ubF-8
edEKHDUqcLQ
UpD_S-Dg5kI
cV3kD9KtvHk
_1xhBodcHA4
hMdauPAUq-M
ycpDgoRrnuQ
HE9H1SuamYI
8vZ12XsCTi8
8gKcXDLyx7Q
Z1Y8U44UXKM
5bQHyuXxotY
4Idb5ovlBzE
HSQr4yJZEr4
E9QxLsX7f4w
56Mwj1p1krw
tJdrtMyEHZM
697sx7eWYT8
sO2ylqWz7vM
N0jpQfI3wEw
OggR2X-vWTw
UxUTrheWxJM
do5flw-QeLI
Q9lMGjBEJW8
kgqi8jcw7gU
XoR7f_epMw8
G3DHmglx7lA
oIoAfIxSVaE
mwvyWUX1JmM
BqKWcg8G3Vo
YkimboavDeQ
flHhsafOPXw
FkOWXA6CK1I
7XdQKmJ9QPU
tUsRMwfKMXY
6dJYWjG3Y6s
Jp-MpYnSbe0
hWNYM498EeI
tI29zAB45_o
7J4NfyHFKP8
HG5BZ_CUfss
u9WYGkH4t1M
xPVSmxQz82g
QhojUptaVm4
-lIRNdubzUU
UDXUxNB9b50
zLGnli1JFpw
0gDa-zstXMc
fbdMpbXuOJY
pbW5sZMeKb8
Ae0dJEiudC4
p-8WBB8uHeE
fMGVYh2nLsI
eKpyUDuBlvI
C07-_ddtDq4
7OB-CU-IkHQ
pgOsjKWCSto
hfxGKb6-qHY
T-lnPEJvJ9E
XuaVjOEhZos
2TeBo9fSZoA
cT6T3oP66ys
FdA1i7AsWTM
6Fn9hBaJmBU
D1WWR0tiR7o
O9NMFlmp5Io
JMQtE7yCxTE
GoyHrY-colI
GoMvd3nF4CY
AHJ0eMgc2m8
P6C0mOa10iM
NFGeF-0IaIg
788cCTXaHHg
VVEkelTK1fI
0xdQK-f-iDg
rvlJ32QVhp8
I07C8QtYKOQ
NVW_wyw-o_I
6H_h5y3Osr4
wayIYYJi2kA
0mGoX_waTkk
Texxqfe8sr4
tUIM3UYgVG8
8R2sATurQ7I
EgCryzv4cC4
9_qnK9BTRD0
hJNIgXjT9_Q
UFzfoQ3MFlc
izSdxo1ThlM
FchfmE58yTA
_5WiyJzQgww
hgsgrRIhmKg
DJsnK5pUJOE
PqmbBDuvsDo
uuRp4xt2Aqk
QX9qTnDJ1H4
U-EivOkfjuc
pJMpQB0ZC78
k5GFpmTTHtg
4B0YACf3eVs
Ssc0_LZKbsk
0Ow863c9Jvk
l-FZ8MzJCMU
2pVx82DESs0
6W0W19iHFJ4
NEj9UbhidNU
qZMCQEKfQrc
WjWJvpRXj6M
pl_H96-D6VA
rPNyCGcG5dc
xzfn0rlRpKM
rk5J90M4oSU
XE3J3toFxZs
4_bb4sDrOA8
Po9jYba5HP0
KfUkDtBF_QE
ISiQeuLFO9Q
A7HC0CwA45E
N2Vz3PcS2mM
7bZM-SomVbY
VCKSGWbHTx8
OQi77u1ZYNg
DgqlzYWz98A
09aIfplq6cE
W5eIvzk9VpU
eCIt4farkwI
8jar5l-_820
KE48UrsLRFw
bCuWsXE8EKs
J76aoP-Wmgk
t_u4AJAFqf0
uzg8h7dULUQ
Ac9x0UriKk4
KMvWV4jcS7I
F2TtUDxDKAY
nQFt9aGPxXk
GnTkYdW_18k
1wX5MawV3uE
tw7xu2pZePw
Gl7VW2vSZes
QGooLR6kckY
0AgDMrlMpUQ
I5AZtCCPLcw
lwDlWxU7b6c
4nwhX8EGtpY
n_XSDUknNjY
WjsHqGRwCko
U2shHtbHkGI
jMberwwGp6A
IGxtorCrUIg
wdaBmT7jo00
3Ik_6yZ3Q9Y
3CMnFG7wR-0
W8gs3_Byfoo
rjb7mY9w9fI
4ItwT7XgfX4
nfHh0UndUOU
UlbFzFpMwGQ
4_TGZlWuGeA
eth34IkrwOc
LfgCndAfBgw
VviAZ3dArb4
KyyoG-RCMwo
fSwrm-mcZAs
nRMVJcwmF5M
McZry6EQ5vA
t8jsIIaQmtA
yEbBgrlBpeg
GisK8BoAyIw
E5_kgjgLlU4
p7pt6G1xp8c
faZRWGA1YwE
3eJ6O7s_9d8
Mv8auh0x1AU
KUgrFQV95vk
RYTx_q3xTS0
kWvTxltyRXY
XwrN3XWZW6c
u3aYTLwndNw
DX8oKgxSWmI
PGvQwMoq_Pk
Yz-TvBRRGhg
xv8qx-BCjUg
d3YePlBVMqo
N6h1ni44Q1w
KV28uKkG10U
_5fHfAS_jD0
z6aumuzyD_c
PffstJ5dYWI
Ph3KUK8OcvU
WIExpwWryE4
OxqXmJFPpC0
vI6GzvhJqhg
3IUP05waLMI
JhWnCXHJmto
3UAUte7CF0k
fdUEBfHLnH4
Qba5ab8kJEU
MBkrwaIUJGY
YuYFYrFovq4
tUUzt5kS-Tg
KYo61Gmaunc
DyhGHaHmzow
4eGGrT6k79Y
4zQoKnUgZHg
Uy5Mr7FzKSU
JHCGKUyaWCE
oj_FVCTXIBY
xfLd4p0LZTw
AkuzH8XYF8c
BVZlrI3gRtI
hkpMB8Cduh0
P5dTHmlq9r8
ibVaYvKpovk
DC4d6ZkQoW4
D5hjcorfVnI
zIycvnoIeH4
9MwvIAs7WzQ
46HPdP6pdZY
rxuoDU0mllk
TmtqmdaknFg
zPBllHb5KJQ
s0YuFjF27bc
5gKSfhssPtc
Mn6358XJLaI
ojIaxxtWPjI
lcOz6i2A_CQ
sgqxZ1BGDkk
TzONYHj6wJA
YGmYUDYFzBc
Ef-fStTCNTs
vue2EB6UeNY
pCyYSQLAEFk
4zUIgyv5H2k
8Poi5x0E2CM
eNkV2xF502Y
C7QmIYG89Rs
2BzuAQzlrNw
x3IM3PP_804
1YAlmv6sp2w
ZFLr9-Vv0us
FsgCUtf5DDw
dhXlqHnm5Nk
p3fxIP0fWso
bqU7DX1vQNY
vDzVhEMhMyI
NysITFb_Wbs
RhekhSGv4T0
pgsRw4M6Ogo
X4opUhok4Lc
L8NeCn9cte8
Cg6ybrPzoD0
GSketNKQvbE
iyq8TDkKwGc
8e1t_mAbYQc
4rUQtfmPK8E
5UKH5c7y858
YnDOIGvNw20
irVWtWH4x4g
nvtYNOu9TfE
34PjKtcVhVE
zDJXUP3TOi8
lJgM4_C3gvE
s5r-iCPBV8A
QtwVgiMiwOA
mFETcYTU-Dw
IATVdYUJTvo
Q2W0xNXjNzE
zWeu9t8VvjU
pNOQC4VifYs
Gn_yZ5RLQkw
gKx9kPolFic
r6scpeAbqBY
JrUXuoQRAxc
YeO3z3YBW2Y
oDbMCt8ENGs
rtI_n-H_f2Q
qYf-qxcFSVU
nG1Rz0Eb3aA
X1slwRZSfYk
Zm8ISls_TBA
zzCTHrNv1x0
47PmZOrLJJo
Y4h5I-vIkc4
XhdBfQMFk3c
rbcZU20jTjs
BwKXy5qKKBg
NmhW4uYAXzw
uUaakdQsNz4
0vuFV7iWP94
qkl03WJPxKc
T_jPqK2KSkU
4925X_kSK-4
8N8apva5hLA
IEH7GNS982s
QF2XmPexXfw
ywgoCw5Di3s
Vn_XJqhXV1A
rBKmK4zttOM
2x7ADVy5Tg8
nQjrtoWD6CY
vGiQdf1Qn2Q
oijIV8XJ6O4
qkcsT7FSYpM
XCEOesZF1Ew
5rHlZsDsOlY
5wyBT4NphoA
exJ6pn7kRNE
Ds5LkXJMVcQ
HIrSn6x0uN0
Tt84wWSh55M
ejrA1U350cc
lCFVUmt4Lyo
YEN79z_m1vA
_BlbLYGhF08
56ddWHZC9AU
qAnhgfPvmxE
nAkqNIgAOA4
kfNfrmTojnc
VyLXZ2GQS7Y
dRFQ9GISUxQ
iRpEHxdVF1s
l6PO2aFT34A
d9PTpxY9HkU
r1zze0qZDw8
nI8olvs-r2g
k8kRdM7dbJE
DRH3xqBrHr8
Zgfv_XYuv7Q
b_mdvsEF3vo
S0oGa7OFfww
cXkz2J3Gksc
cONL9XDfFfo
5vhaQIp5PBs
UUHwMlG5_d8
cYGaBriYh7U
-sKi3gCzf6o
yJuSp-bokBc
pl7XYvx2wBI
xAFqUeDtU5U
qWT-Px0xeAE
R8QZ95BnWzs
VUJ8aA3yNpY
6fZK6kkb1O0
yddWCoEVyzs
xBUcKRGnD4E
FAZJ7JBNbCY
nBVIBb5QJW0
DZYcUpINANg
8INCGXUGi4w
fKsQ92h4ksE
rW3ValAfU5A
eiu-Mh7Ja8E
-E55ufpZTrs
nniL2RUjoCw
MyqO3aRrWjQ
uVP4l-iIa6w
6x5qHqUopq8
IcGGBvEkuWg
Aa9RD8gBQ84
d7OSnM1V3JU
zwTXir0hZvw
Y-SomtujyPU
SruBpJUBkU0
GLsM0bfsT8g
xhVjvN8v9xc
uOPpg_t_Rkc
spV1d2jdTTY
V7u4MdS8zrE
gztWQOYkmEs
hFifCPRk-_s
t2hZlATrTz4
zGJCAaKRWS4
MVXLLwwqEN8
KO63oceDZdk
XHBZkek8OSU
waYizJldP14
nPEel26ukjA
JINm-W4QHA8
nO_X-BuzW94
1CAy5cR_Dds
8TF8p0HEy6I
fSRiEKbyziU
h0bpJrLYa3I
pRG8YzWKyNw
XamfvCdWhD8
KaBLlKWV_gI
HuJWJzdSYXM
N2u59lXwP8I
MAsRJYQQ3-E
lzqxhrvJ6YY
8cwR5rX-XE8
-IVRqxo5gxU
VJo_BcMjaw4
GGSjgd_TYOY
0GdE3PFAdLw
JO-_44uLTi0
4oBUqSeS67c
8dhNjMe6-xw
1mnp6tA63M8
y1eoUqMpqlI
zPLtpjUp0xw
y3GdJkOaYDI
3U1MU8fz_FM
FVe-psAcZj8
56s3qBzgonU
lkwc-Sft42Q
pLl1584UESo
xfni4vGiVoM
ohy25Sxe3t8
aCFv2KgYRHI
tBNCWU-mqSA
sksldDh5tcU
_PA7x8dm_YU
xF21GPFtKzM
zoqCXM6iLlc
JPa67LXXdG8
UiUsedFBXd0
2KXY0Lw7PHo
ucyVC1Q7F9A
WqZ1UC2hVkU
A9R6Mp9yhO8
5r3qVjkcKpg
2q-kgiF2xiY
dUcjoz_ucAI
gz9udnEC3CA
rbms2FwuG1A
5r3qVjkcKpg
C-FqFtDFLa4
zL40gX9Ywpk
_ZgiLbRYCko
ByMORDuw9Ns
fbwRc_8FbRE
DlMuCUipJTU
emGS2AuLEJk
5_uexXHpVwU
CZn9vAO84vQ
ARdN3kqpZwk
zYEQoZWGlJ4
MpxEYQS2Zno
EbqfyYvVkKs
OPE22zgkcaw
uJ7bvp653Mw
5WTJC1Un4ik
3zXI-a76ToI
HWkLGl8Z90Y
NZEaM2ASg0E
HkVDdXZy1Vk
5KiEtQurqAs
rY61KvB5F3s
lhK7wKvAft0
BA34mSwAfWM
zBTF-opZCXg
tEKfWx8TpFs
m7gcCVQtLxM
LkNxvUrWQ_Q
CkWzJS9XNqA
_n60pJ1Eafw
ZIYzllHqtOo
e2bJHTWcuJU
_cYIC_tySNk
4i7CBXYrQic
rZxk_YIB8-0
EBUyt6GNz4g
aTf5p-ftDuQ
-P6nhdTmlf4
41_gHtQDaZk
0PzrUFSBA1s
q6JSieqP7PU
UviWPdFAvO0
mIsDKA3tb1A
OtR-aDu2pwE
d6yqOJr3MRA
tXhEJGtQTds
VSVuLKFyTqA
1cI2z9QQM2k
MnDgSv2JBgM
sTskrY1itRY
EHYzdqoI9fQ
z7G1Or3K228
0iSCZFqjnJA
NIbp1WnewYI
_MfPi57jVgI
JUv_gh7RdCk
xtEmJeojY0I
PDDyWqcAfug
Ae9e1-I2R0E
qNYpHkFeVH0
q4jo35KSfrU
YF22zic5iqE
ryEqjZH8BdU
YcNRvB6VFoo
wi_QRFiJHWE
xIYMx2h3vsE
OFXIPqf05jM
1U8fnAA7bUY
5ioRk0VxsHs
sW7__CE_HJA
RMvWPxcEOBY
_sjGdDIvr5c
la4zyEGCk-k
JVfdv2flgvw
l02PYbPhIJk
Lirm15I6C5Q
27CiI-zMsRA
4WrEv3GLAnI
eu0D5mhjDyc
xHuUHD3nRPE
Xevcg7i47eU
e7I6ep3v-1o
Qz9V_w_0o0c
fYBEWY27Bto
zdWcGWsc36Y
7jm6jZ-23pg
64b66bxuSU0
HvnJWR0gTcM
a_Ot1KqxEDc
rbimzT35mZk
mXOWOjjjFyE
mV_fsWMpuNw
K3caNQaqJ9s
Ja336CtcefQ
8Hg0NBgW0Uo
uLYuu-PjKr8
4nNwSEjadow
wEfQPOZSwKs
mtSQR8CvpCw
tjr6AW1nsSo
1T_QfXFQDYw
-qZLdnDdKf0
0G9Q1AXqFiI
4nNwSEjadow
4Rlj1jhWyfk
h1xCqptlNcM
JAmfSSBCMd0
LAxE36rFAn0
BkAOprx8wus
daZmCrp1Vyc
FkkCO26_SOM
z1Z6ey0_xpk
ys8UjrkPyXY
wmZZ4WrLXW0
xdHzpjRGqW8
AazY1aXcSOk
_Nb8_UTfSrk
jO61QpakEHA
asPjAILZV8o
yOhPD0MDCs4
FVA-VNVuv-Q
f2JQm12e9r4
lcN0w1YAfbo
70X-40Lj3QI
Oi-3eRMpOC4
oAYjXl9ubIQ
-3uj53TOpSc
VWw2yxRuT_Y
GyqwqfnvQwc
EAAFuT0WXGk
kkTZ3j10PSA
KMiyM593wm8
SY-PYSdqG1E
lsroqqvp2cc
OxSo7TC0Ic4
8ZXtuZ7-mEc
BT8gnEeUDZE
XbC0-tuYE2o
Qur2nTARk0g
n3z4edBmOZg
YuqG-0QdQDI
VGbYeBZEXcw
vFaImJIyARQ
YjCKK6Wb-No
pusm45yyIWY
dAAhhPBEADs
17SD-b997Ck
-h8hg4_R22Y
SHZm63M4KLQ
CAFdGRElDw4
RNaEcHhagKA
_CTNWRHZXJs
jqvYypXgxlw
G3R5QVJBwWw
jD-PPuBBbUc
Ixer8YTdnxg
VlrK5ihx1zM
7TQvZ74GUAA
rWEbSztKBdQ
2M4L5-KuuEs
i6toBUyEAjM
LvfAA66oNI0
KeKHtIAYAeU
THnThnQVspc
Vzw0lkVJfTE
EivosUnZGME
MmqxlU6P8Lg
pjotd6IUUmM
kQGB8bEy1W8
J13moAuWDUE
DS7SYZvesvk
c8Z_24cp0vw
B9SZAwxdRa4
gFQ2T4in-_E
MzlcC7zJiyg
nUWMKXoGH2U
Ja_2Jbx8lIA
V7Epumeoqog
-w8bNgaBbrM
b9sQnDIiMhw
10rd3fB_dbQ
jpzMj_itkxA
56eDXgbY6bU
IhEdSEYE5po
5qyAUnK7Zpw
wEuSaZYL_aE
9ZPBVt7zeG8
fSvxc6HOsco
yob8bgQR1Mc
9hWpYgmxumM
D324FRsxqyw
dXOHhpe3wEQ
yy7GOO7Y96Y
FpWAptMhmMM
zTKqMX_goW4
3wp1KnBcHJs
JksYp-WvW2U
d58zlsDHD34
0luAsGjVFks
rkLogxe71mY
d2OqAfz_TO0
wHIVDDNkjhc
ASUIubwLFus
3Xwc1kL2AME
uLe-Rwq77aM
OyvJ-ZNW0aI
QlWb4ZbjdWY
aOmagxh1PcQ
GjGytV9Rf0c
RoW7VqBixds
FTlqTpjw8_Y
avAatzhL4m4
eugswMld41c
VpTf1GFjCd8
5ONhWqyIiUs
PKxwIFhSGA0
D39kI0ysBtk
et-iWLNuWAg
LODnRL-NxcA
iOyMwyT1Ybw
IhcWHhaJSfQ
mk5REl5YbpI
kEXMOSq8qSw
frPKif4j5go
eYOmYXmq9lA
drD4rl-c2lU
dwbWRfDPSbc
2xkEmzn1ezo
-rW03LrmN1Q
bJtovMd61Cs
b451s55yR1k
n1C-MmvX21k
6I-9FijiKZs
3XigLd0-XH0
DQuvalq6Yuw
f_lFHDOExTE
3NCpo3CNf4w
AEcFybAGAKg
hIo1CET-EtE
vBJven-fXnw
kVYdyEwJZ-4
MY5ODCaKJtY
-5PU31eLgDQ
0Zb-7tr11-w
66JUyn8oi_4
G8e5VuN37U4
Cnbr9BZHJ2A
fSeICCnTvWw
0ASedBdBzSs
5gbEPjrsVUk
0GsRzskhYA4
zKOxZiCUKLo
YVHp6tLksxA
e1KEC_3vygc
mVTmxC_pVqg
1vkgnlwi9w8
JRbGoW1gBbg
S4C8fTHBOuU
-bAcPth8V4s
2X7CNHr4-CM
sLQikyYq5kg
Ot2n_oPcvls
ECGjpcWoluM
5MHBFdL9q2Q
5qmUhsRuM4k
ULwbDeTdDUU
qWbEx43LDKo
O-ztzSlq-Pw
kbZDatlpj7M
dsh7mbFQHNE
RG6EOci0suI
BaNIlk2J_eI
Qb6sEsuD-1E
O4Jq2OKrysg
W0XL5Hnf9U4
kvlCFyufaJ8
hRH8AZFsj54
zlCWXzLVU8Y
gMrNQbW5Am8
acrGj6Ju3EA
H5CHhbzQkWQ
QsHh28588hY
E-bgZnMocq8
2e4cfo0FzYU
wRyTzZ60O8U
1wXYm2b2Y5I
YoFksJoWCZ4
ccBIXFOJunQ
ZW9Kqidj39k
ScE0kmka-4s
5kYowViX3pc
qp1A2_8sZQ8
IiQHSsq2wzs
02cSc5a49LA
UHyoDV1fsA4
Zg4cQJYWrFw
od-D_wuV-SI
7fcNnfeWzP8
od-D_wuV-SI
0AaO1Xpwy4Q
SzNGpfYt3OQ
Pozhc3DJZa4
2G6EaduqdTU
VRUMCuxBpCM
oNgNSefWfLk
XHi-L1qzoBk
vKv7DIFVdgM
bwXiJuDn35k
GKC9QBWGH9w
x-zguBu6fhc
tVOLnGlSGnA
nKp9WEP76tE
qLq-SX9wXZk
eifKBDz3nU0
ykZNdzgWWzc
W_ZYKS481hE
qEdfHlt08P0
cTBuf-pJsm4
Zw7FsDFTpdM
jxsD6ecxDUg
EqC-6KhVYGc
NKWEpU36zIA
bWahgmZEx8Y
0pufATqebv8
fw8H6gcPz4E
6mqnPSp3rK8
Gn7MnfRJOBU
f6u6yzxoCrk
VKKPrOHxpLc
sH2gYGKQchk
y13Z9ExoLFI
loKCjis7JN4
B4My_wSSrY0
kdgFfPUOKpw
IPQESpnWB8g
0XN-iEdUZeA
FBVQND0rPZI
BxNEDTR8ucc
lMFnTbejsbE
LO0GTSFkWOA
0TupAZS1_VM
92aKaMA8Arw
SgGXi8Tsgk8
ZVUvlTyuJQI
i3KtduoqSqc
1cIT1GB4A9E
e86P5ims8Us
7Yh-rkh5hWA
d3DPntgojSw
1iFAebWpmjc
IMJyWDGLXTo
RqUSjeoO91c
-93Ij5WIcok
14WE3A0PwVs
4yT7jiD-XQM
RZFS9j7-YLI
6qRwmB7GVGU
EPRgNySvPLU
gitqGxNJpxA
nA6WyVhAp84
aJzVknED-N4
KPdEZFYL7mE
nR37BibI7yk
ivH634t2a9E
aXSoWLuQ7kQ
b9vC9yG7NDU
DRg3CYogjic
xqWhhUeHWcE
bBCLSjY02N4
sD3MFaFe94k
Q6TTO0Utggc
6i2DE6IuSbg
56OXZElfFws
rLKbo4h7ODY
2vxx_LFUK8U
ik0iiEjoDHE
DAz3LtEtPbk
F-stnWD3QP0
tJDLdxYKh3k
GMG_RGsysT4
VKpQgEyjNdM
_d_LsEHmwO4
1wqMYnion4k
fx3BZIOnp0I
rqYdxXfBKeY
Pj2lA5Roz1g
tHUZ90DECT0
DiFPnjUGj6o
ERgqYrG9uCE
59Z5j7BiFbw
UDnexO2N8X4
hulR_vq4zes
nOus8u7vfH0
1YmPGd5RPEY
4OAbX_vqR9M
4jdpUGN5LuM
fSob18_1u5Y
6_oyeTUtNuk
slKbAeeOJoE
oImzTlcIlZE
gZ7P1xibMRI
dkHqPFbxmOU
sExxZJAoN7w
niQECwLg0Es
sh2hTPhvj0s
zkUqbkN8cPg
ZC57Szds3cE
IcckIzMiGes
VHPKmipvFwk
LgP_U4SzYd4
2EtalOOS-eM
GxB_sk-0pBI
J1Yhsjn47FA
vi844BAIBPE
yz3F5yPgBI8
Ppd4mOoNSwE
jO69r8ULcBA
uVEEz1Rhgvs
6nQ9BgcVwDc
blLaZ26j4r4
xAGhCorPniU
yV8q6s4FgOo
rd_crmR2Bys
yX-Ucr9Ha4g
ObRo9ZWQi2o
l_AI40koJWo
G7Tg7aIpbi8
L88H2HWEXrw
OXm1Vu2EIsM
-uta5XOJniY
YTf-EYFWPr0
9L7u_8MscP8
Gd_NZ_ZCIxA
ksqHGTLknB0
U5D2vc_f6S0
Q2VI5Tc4_44
eyyUoALxtvc
TdhoDrRadMc
-y2N5UFlVG4
9KH1GXKjOEs
qswjaM5yCro
kH6QJzmLYtw
YrWJljzSpd8
FecN86bPF5s
R3in4SAKRPA
lUxpJwlzk_E
JeoTdAHIV7M
yZ_oL94arlg
nJfZ8xHsSuk
h2VokUuUY2Q
DXtJWeV7USI
f9Rgq8fa5vY
IDH7PQHANbU
4aRL_Y8thlg
ihRHIGpyspA
eiWIOKKuyGE
MwUUDypEDNQ
1dIxrCv-NuU
i8e2MWmTZN8
cWab31NBn7o
wjuIP4BPV6E
1XT8qDxGe_k
9MC3dV6hA30
7Yft3hWsks8
h-fckKB9ZN4
oUtfMzC3ldM
1EE04Qu7kV8
TEL2wM6VwV4
WcmrCDPElxo
lK-ORTAbZCo
2VfQd_lh9yc
x573z9k1k4w
jZZ0LacbLng
3WMdufwI7hE
MJKI10LKXyc
Eh5zFWg7dk4
pXvUP76W5mA
D5T2bLBCERg
HDz4iRTdplk
dSfMTFl3jrA
MHCXk48EDq0
D3Kq3C28ndw
8xhsnSPKP_g
HOgJcXK81Ks
_HKcquPeotc
vmXBTNBQyXk
ENDtob34vcM
PxGIzkLHL1U
eRYMm8nt08Y
5qRTGLZOL48
563GU75DVuM
pq_DPobML68
9kcOgc_73qM
Q4M4447CYIQ
IJUL8zqvpaU
HYO5MKIZicw
21l1oOwo9TQ
j5DSSjTeJZE
eRYMm8nt08Y
c37ZToLiZTI
-gR7dhm3rjA
Now363Ybpco
iaC9e_M_AlA
P0Ld27svs4s
vB2YUUK4SmU
98ONS_GHafE
vOIuwNeS-gU
oIP4mCglXWk
cligcIdPK5o
gjXNJ62riqc
GNl71pKJtf8
nYS-XaKWqv8
URklD1ipsoo
1D-ARA5K-gQ
ysjx4BfbJuY
OLtzxsYaPiU
ITcAF4KH5T8
z1EmVNxrZgE
JKOEfF3M1rk
5VE1nFuKhfE
X1UZWXKEhV8
E5sJd92rtZE
Q2PXT06eXcY
DPv2rcIX_ws
0zxVa7Y2pkg
51U1g7bVvig
mjzrvRKv6Ks
12TF8aJ0YXQ
KLnRTE6tSFk
eXhnPE81xpY
OYDCKRJjfGE
5cagXoUUMNE
SGqahCdZwVk
cIQgv0VZs7w
KRVxbiGUsXA
N2O9ZR-cZdc
XanToRqXiHA
BxCqZXeqfj4
lGfWCvv_Jds
KjKOHw_XwP8
ymc8ue8O_uA
-GlbO7KoKDY
qY1ZM4lJgCs
Lwnz4gydN6k
rqfY9SAUAuI
3-A23LN_PD8
VnJ55Gb1LNo
9VhAYW1nHXE
XC0bemRiX70
SXmHyBdjm0M
0IIXWtqmOtI
KEr41eeHFcA
96fX_tk9Kgw
pCb4buJoS94
DK07RS2bPgg
jQbvSz5mGkU
NW_BBkJ6SU0
nOyNo_Ieb9A
3rwdPjUpt-4
emoPJcHiu5E
UwPd_D3y3Pk
eilT9Icgk3g
HbSBZycnyac
me1MA0YeA-M
sNod6J7aOwM
Z1JZ-dVPynI
Zx0RrhTSiP0
0T-kazH0XPk
dKIDEs2_G_w
7qaHM7wnWzw
QfJui6rjZCs
hSTywVwZCjw
tXY_keOousk
rrVWsYdYvdk
vNoXlKxqBHo
-DXIr36ZgFE
8kgQADIHVSA
p-1cWayetqk
6mXKOyusnmg
padDZB4hiEI
3B-RAPgfzF4
-8nSrQ6L9EE
Hxdds4ud-qg
w3i-APJ9jmM
hKdKr8W_sFA
pRFh3--PnBo
TNpx6b08_SQ
hRFyZgxBjsc
I9kaMJw-PnI
1rqCvH1aqQ0
70mpZwttmvI
Muz8rNUV0xE
xw_6T3ZJjqs
HnaqrepHrtc
Pi4FUQTV3Ng
KZUURaICpto
j8zq4rJ8U1k
Qbv7dRKe2cQ
X0FR9lGZXBs
o59wRNC2iq0
Roo--idDA24
Kbmm2_Z3i-g
wq1fRzOT6Hw
tbrKJlxdq9o
y1BsCXXfkSc
TXTcuhnOJm4
fvCTFpQYkjY
ANPQfstUMdg
KN89hEy9HNk
1sq4gVZ4cBc
6eqCaiwmr_M
E2JFmOf7RWY
0GK1ihFbMJU
R4X6ugAVo0s
n9K1uHWWt-k
JLNlx_Jbyqw
U68G8up1-qo
e39dwHozfsc
eZ9WBJyGagI
qXIZVdGbM10
g_mDG-xtU_E
CfjwEc4JYt0
NGZU6Aoix94
ipfgfTtqq2c
cfhT-UZWs8o
_QlOT4bKf9k
Mt4YqYmVE8s
U2pXoxpXQK4
znBaZOQxrNU
49bjTOGVaBU
XRcrHP4xmlg
BNI5rcRI-GI
YPjeDAG7TrA
VbinnkAs3b0
eNfBbJ0pzbA
cNTJHY0eAeQ
NqdGtYadv-I
GmYfjFSdFcQ
qt8gEvGJe_I
faKFXvy_DNU
CR9vO1e8pr8
02ppA5A3WGE
pI_zfyJn5QU
1KUN1oTW0E4
Rkq9LDeKLbs
gGRB3gV_8LY
qnlc0GPRaa4
1-VILMIbw5Q
OyeLdL-XtNY
svaz9ppFilU
ScMOyURq9os
QkAfLeNwGzw
ZI32KWKsntQ
0qEWzpP_S4Q
B7qk0YwYgK8
f_lDVyLGLuc
FCMYIIxUDvE
-RCuZgIEbMs
It0F6L6Vy6w
AphSG0zzDYE
A6htxQMi7GE
Rg58d8opQKA
scdhuukJFoE
96LgRmOF9_o
PI_RJOPYDXM
movRpVuo-eY
Xhn7FHHQbVw
oJPJ8xI62gc
QnoTL7j6jIA
p_r6OreOt00
2lTAvynurRI
WrKEFF3sLfk
g04nMhg-GS8
MQMMrMkwspQ
eQ_JeiuLmDI
AbNoenKzU18
G0aHFtvdwNY
O3hGvSNAL78
ZYnSt59dUvE
8_lci-FbAzg
cgQFqJqxro0
6aZqieJb_5k
UFSY7PEnzFs
jOqPwLvG0Ik
yVY97nqQK5s
PzI-2m0KZE0
Tn8i7Qhs39w
caPIziVR9uU
pDK8Vt8Ng9Y
Wwy7pWvO3p0
aLsHP4bae6k
fyeTJVU4wVo
VqDnT5BbwHo
aMUslGXgJBM
MNIrqHv5OZA
tURq-8jRNms
rPGAljMS1U4
_kiYIvwZW0g
dBMI3fWti60
AfcDIvNriAc
dsyTIXKRtoI
mCvgud47X1I
ul1Mex2e-V0
n5uGrJvMieo
m53llV2Nw3g
Ma-gX-t4tuw
nVifNmwmSDE
pBIJQW4jRlg
DuelDEBZUBk
dftc45WiU-E
NDwdyoPB9sY
qrPo0RqJsJ8
zY-UPHLJ31A
LhXMl_DRnXY
y0zWuN9XIEM
E_f_I-t0J8I
Co5Iro_GEBo
XPpsI8mWKmg
ca0PdvCQkRs
6y9CF3xau80
TM2RUVnTlvs
iKZ8dd1o_Ac
OxqI_5e7g1w
C_fY4LizW_w
LEr7O8VDgq0
LrzByZke8pA
0TRDCsq5rM4
GxubuKbwdDc
KrYauK95C7c
Ahiv49Pbi3c
kHLpc2Qn6zQ
gw7-UACHZSM
HSlriHaSIWA
X2REtfPcNGw
RgYQTHpxNtQ
l_L9KiF7xrw
NSdcD0EuiF8
NMEbvd5vwHI
JvZuz5oQQZ8
12GcYZ0O1W8
JEXA8mwap_g
dzKkjuMLTXg
ZbJWC4IA1T4
IoePznkU578
VF-YSTDLO_g
fO7gPyFKgPc
h1Np7v8VfC8
GZ-uDa__JYw
uaXx-btU5Hw
mlJmW3sFPEI
mqjKIicAXBU
rCAQhvXIxE4
kn3iunNLBpU
_7bw7ujg0Eo
GePmi5sY_J8
WZwmkBi4xIY
7pMxIzGaC_8
INoJfPQUG4E
HeiSx5MNDvg
eDKTbLuzabE
HoFKDdlomAc
8uwb-nmOlic
Dgp5q9Fd0a8
bn-5zo1mnf0
1Wo5K-sHH5I
ByY3sVesG0k
y2bQ7PypKl0
c8Jfsp8zc2g
5MyjNFWMNKY
6Z2v0s2qxpc
g2Qqrol9f5s
CZh7dZYOq0s
IKqHWvNNByo
01uImw6FgVg
MYeDZutxJ6E
DqtEVTOyfnQ
xH7OS5uJGkY
4s3zaVu-0t0
LsnlK5nRRzY
88d5G1hatXA
to4wlyira4k
ibPel77Rgt0
2bbXaF1fRY4
Cvll655MVTM
kyTFGNVDAmo
350S5qZC3XU
o4gJbTkJZdE
RIx6NIjacX8
HSMZ5DsozWI
AsX2kOjWbFY
emL-tJgTjhA
TCCYCSACA2Y
FyAsM9XovFk
LnbzFpR_FmY
zxXb3SpdBfI
-2sszjV-v54
mppJxR5wPCw
wyosuKeY8TA
UP7vQyWd3JY
OF6xCA4d_3A
0YG8N7U_k6U
8_-guu95fSM
QfNhTVsYQcs
tTtdPKjdeP4
Rr1oef3cNWg
BtB_bOzTNA8
rNVJ4r0WEjA
gTFIdV9pPeU
nC7_qkbe3Bg
kyTFGNVDAmo
36SHd0J61c0
8n3vo8HoUlk
PPP_CGZvNvs
Hn2ewHOFgXo
LXLS5aKb-9E
5CZvrTocKq8
6la3B4y3ZYc
d-hF0eHyz6I
atU7cxmSnW8
3XjqMHLmVD0
4u_Hyw80Yqo
N5sGxcAJFCA
rv3Y7BiMt9E
gQ4lhO0LBX8
shpg_9bvzuE
39jN_CRGcbI
YEL7aeWIYV4
_rBHFRr1tmw
7yxpw-Lqg8A
UOlELxK83pw
CfsAi95ghuU
oLIXVgOdzqI
tdKd5GsvoGc
DsFz1Rq6oHc
S94Q2S4DpPA
Nv7C6Az2ZhM
IvZiJR4QjS4
J9cH569CFEY
YHjXH4TsALI
pPmbZcygPDk
cC_hBI52aQ0
cavunND4BLU
YnrkSQjaQA0
ZCwHSyQ_Lcc
FZnnnaHvRIE
JeobexLQwEg
k3RJiXrmKW4
AJ_TONLlg64
cI0JlkpFF90
ibuosbeUphM
bZqpnCGI37Q
qV0EHJzl6LY
egXDTfOHcPE
ZlI5bulBN3c
tny-Mcpp4js
5JwJpZyLh5w
Iu6bB2nu-kI
oLWJGjrIB18
W1h7I5ZRilA
6XYVXJ2pVuk
1xM4WPGZe2U
9V3PhXNNMGg
yDfMGx_Y8rk
miupd1_ISAM
Zle9Tenqewo
XrWbJ375GSU
jOKVHvjQ1Gc
_Uz53Ww8Fdc
gWHBTZ4npfM
vAGqpoFeNRI
pQLl76K-C_Q
V80tXOVthXs
wvH_ag173SU
0DHf-TLmwNA
Wcz7AgGR6ko
ePNjT4K0uzk
9QC8QG1zP7c
jgiRp-mZAMw
5aKvUSXCHwE
p2OwcKqlSvE
qpfUvL9XZNA
YFmR5z4FgUA
rYfNREcJ6lY
7ihWvyzEFBw
rRb0uIIL1VA
hU5UbLIU3G4
sDMdf1Wa0Kg
B0OPA7dV0rU
0BLYcgQ62LY
6o1EpI5Bo8o
q8lIa6NrKok
ldXVSZEgrtc
TM8p8eFAgeI
OY84aGzvkEk
mjb0naP4Xqc
pRquBwhfc7w
gFo4d6228U0
SVvP6XbcESU
pRquBwhfc7w
Ce4mCXk3ye8
c5e6Werl98E
d-oRQggc4Qw
9wrxwHt9KAY
LBQ_m_KkghY
CQ62B60sP4A
hu_g4-lxcPA
4kzJHyYtNhk
71dBK0iCRro
rpzgXVA8eh0
uB2SsJRFSj8
vCWcGRWXgXo
sUSjT4M3gtc
PVvdoobc1Z0
Q9TMLRanAk0
cr6kC3QX7Xk
GelKBdaHwBY
pc5ysRDd8EU
XJ9ZloeRkuA
v-urVIOVJ9w
0i8-ZNLEeag
9k5vTZL50Is
_xF2N-B2o-Q
-45z_rJVFTs
cIC1B9oeQUg
0PltYphn9ck
h8OcLOdAmaA
ux6E7ekhHPQ
uNHoQ4Nii4w
ncG2wXK1SFI
e4DT2coerDs
R2u34WT8OJA
OC2YfmPGaaw
XPF8o-GmqE0
zga1b0cQJZw
WlCQ7zyEQOQ
Ui6WwFgIusM
apP5__T__SQ
XZI6f-FpOew
jCG_i9lnBFc
_JHHfsRWOro
drhuLvobN_A
R586wKtUOsM
20ZGC7Am_7s
4TYLX3jk82c
cVhgXJWHojQ
vD2zcvzgclA
rPr0hzLGs3M
CbDzk4yct2Q
dkWi6VgYJ_I
jJAZKBG3aE8
NcHnlc3Y5kg
PQbMWh_qhv4
oN5LfPtwSG8
F74b2mCGEI4
qdEM1o5vxC0
tudyRn6HGps
nQrpzmfi8UU
ngHI7ApqUkc
jWRzGEKiB2M
Z9zOrIAWQOs
lHLn70Phwnw
Vjgaw_jHBc8
1PVrs4fg6KU
VTcwr5zJZ_U
ciSPz0Bij8U
Uf-CGKz3oKE
4rvyuNG7lyw
hGt1l6pNEEE
SQ8aRKG9660
oYtCmYcYBoU
YaiwEYCngdk
XQCUKzD2cK8
3kqAs-g4Rdg
YsfagVPQCWk
T4obbv_muE0
9R5o4CxFR0g
TzYgMAVoS84
Ll8rjOXzgRQ
hea8KbreHho
_nHYDQZt99k
T3miHg5mtU8
Cg21fhYo0hc
yhcrTbgGG-c
uwvCdZJsfVs
FBYT9DEmZVk
Ysbmj1WbiWs
Hm7gnFy7ewk
Juv-fMkzTD0
xT1XYdl6w3Q
BAo5YuAK-5A
551H6829DN0
__9Pm-pJdXQ
TZvqLWXhxkM
r1MBQalapoA
Ni6H-D0F5-k
l6Pk7X5Ttw8
uTzWjrZqSsw
pAPo5yRLi2o
ZAGL3LudyE8
Ra57Atpduh8
WKOUWi9d4po
Hoe4--fd84E
WaB6DR-IBIg
WRZq4i9t6tI
DwDCy9Sm4S8
8UFaWnSeuuk
Z4F-rMGovcc
x5E1gnnjK4k
kMbLImbrjgQ
tlEO3Huj2sQ
hd7aujL0XC0
E_4CwtkLLk0
Z-iTd2y2Sok
vLCiG6dotZ8
0-Lvv1f5Qu4
SfOQAlgMbjI
wxfF6qZDk7I
rKtMYoMd2VY
3IQLylXaE2Q
HpPbKjckaOk
anIzcje2qbI
QLfzIBd9l5E
AyNXZ1Slv_8
aEZmZXRI2pw
LB9tVIFdu6s
xP_zVBNqsD4
VSPjy1ZY5Ec
wscnhOIiamQ
lznZHUNUAr8
OgzOZ1VXWW4
Wo1NAfhbyJg
LazLJvRW8sk
BDuc4DeukAc
KsbgdAnwhU4
oaMVtV5qsP0
Hf2ZJm_4u-0
0jiR_uUw2p8
pFVNt1jbnqE
hdLGxoym-bM
goVwVY9jNSc
rBvyGqzgMnU
jXxISmOw54s
ZEA8uxzTrgc
Ruwc2c23E8I
p9fYaJs7B7o
40EKvwetJ4s
xlwAsVf5-Ws
yNGcKaxMM4w
fSYxEAtXnpw
BYPkBq6meb0
l3PbhkiX3ac
lIf0Idzjk20
ZrCIFs6HkTY
vxzZpl64yYk
F0Ju9G2m7I0
y7O1KQYCICo
eP-EbxJxH6U
CKNSqAb72_8
A6tp5LVNTr0
Zw3tyAkGx-s
Mjxv9C0BW5Q
Q62fi5ZaARU
i4xCTFxLNh0
X60EOTYIGQs
67ApfStL0EQ
mCRZjnvefvI
0BbnF2I92GQ
29sv64XWcFc
z0zDGie5jpo
nABGXXdQD2w
HKBzzlsYirg
E-_3QiG0Cmo
2OFZj3HgzLw
PZlqFki69Uc
XyzweXS3ih8
ZOyKOUTcZZ4
rbn5saYmsM8
H5L724q1X6E
6p3rs1OcZ3Q
EI9bx5NcUGQ
nXFYdm4exOU
v_yfdk_jSN8
kiiky9SXl7Q
UmofLTxGdkw
9u2TxKJNhVs
5dNJpxFFxWE
iVvIAlxBXtU
8KM_kGxVUJw
_cfvfs_oE9U
7MU1upRn9lg
d4DRo1t67Q4
IPUkTc-ZpCs
T-B7l-ZMcN8
2wSSMthsnNM
IGCQV48dSf4
SmRX3SAT6Rc
487y7zJzkFM
SmRX3SAT6Rc
3V95xmmXP4c
WisspRU-NE0
VhtdjoFNoq0
OCbQmQAiLOk
wdliuG7OhNA
a5uI_-mnojs
b7bqpnBkfPs
9S4uZnIIWX4
GsW6ZE_DV5k
MTx1qgyj-Uw
mBpbYKd_QfI
OMDUj5DHKuA
dOb6p1m5lQg
4T7M-Klqwro
EGEcP-iAVFk
uLAHH5Q2-Do
I0NzJcx55AA
gwI_COG7uj0
oHOHQQ0HLuc
37hsqVbW6q4
mu4Xq8VLthY
a8vfwskdeD4
xJIX2eoZCv0
DSnLWP20UiU
y-TadVyMmFg
TvKtgGKk_80
DtWsdD-8tQ4
2brz-K9ZxcU
tFwzxkdwqLA
r5_N55uIG2s
nvRgOO41bRg
QvTDJSWSoLA
-s57xae-xm0
mEGjI7i6giQ
R_cQOITM7Jk
DhGHu-3asWU
OrysnNieSFY
HvvncQi0liM
IVwXgpnPUh0
k2nt29VXgaY
fsvJvt91Z9c
TDxU5hn2GqY
D4hpME59440
lFTfFDrlmGA
mDp-ABzpRX8
f0sZ6nylsYQ
tktIPM5fF7Y
Oute32pLso4
4gJldDNe4Kg
ITyHYWO0VCo
yCMavIpwwf8
rvt55Pj0CHk
uOMrF9z1RV0
ybrbCWpZKPA
-1CfapfeYM4
THxNl520ask
ZNXclJw1ryw
rQz1LBo5Tss
z8PEk0nHIsY
6BBTb8lRbg8
GHc0nzcuwKg
pE4_digCiz4
2-k41aYLwmg
B30gpqXxBys
xYPLqE2Hexk
DfT9LaGR4sI
KOazFEagnDg
IKvZg2WZTDQ
GM5rLOeXmFE
GlhTIplBlNo
-uv2QrtQh-4
t16Hez33tm0
KlAAYwUfm0s
iokz39Y2wnA
b6maOgRZjGg
n3SZAAzj85Y
AntiAAltTFQ
IFHP4zcNcYU
4pDh6e41m-0
10QXi1SUQMs
Ga9UPYNfpqM
IHuDCyjT3T0
G8I1YL0r4b0
YJJFrnsBdZA
VPl0t-IcsFI
ijThyoEH6oM
xYUzBENVQ4M
rK7FFSIxI30
MTIsw9VDbZU
QDIDNzDnTWk
INHPCOZD2FQ
7QJrHa4FQe4
7hLNO2uscfI
YFZ43F1_uOo
CN8pHuD8VfA
nfdRmhcC_H0
rMeLDMtlYMw
HSMMW2yDIRo
S5WxornwKz8
TXyrS3mpJPo
G9RaQY04buo
xtdK_GYpzPk
eNkxEAvAfgE
R563Ox-zclI
ZpEgAbiFQTM
YpTiz9BWzOI
mz5yNWsDmGc
2eAsK3WpIug
vcYhMUB7G40
_cgDRjn_oHo
M0PWh3IYoTw
BwQbGZAC8BA
XI02u0mVSDM
di7tK_Iog9s
CKZlHHjP1gw
6FZU2nhE8CI
H3LzzmGMsbg
ygGTndBgkPA
7aCvuOEsF2o
5OWD9aP7O6o
wxP02EDwVgI
Qk3UO9gu-p0
Bf4sKKHVeBQ
e-iAnalHQKU
8F56RT3t_7Y
sbnA5S28IsY
iGvfInplYoU
rGbHxjjrCFE
_tE8x1ZUiFM
0bTgNomx88Q
Red9XJzIg40
O8IwTxf-uFc
oWFzPO20ULU
4ckSC-h72hw
V55HX30q6Q4
FoD28oLJUnY
vMaE1qTOWt0
9wbGDM8QtPM
JK1LAzl-yIA
QtAGE0quN5g
UPzYf6PmprQ
95KTrtzOY-g
hNc0ldlxbIE
w8KqDIPdCOg
AHO1a1kvZGo
jJctzXJNpaQ
eJtWwDsG_pA
K4w7XXuJodo
cV1XoclfexI
oFrp_pWajmA
fAKgcgISc8c
XDzpzYzp9HE
ov4nrS_TqU0
OJOV51bXpYE
dol2y_oBxOE
dO4nif5uvXo
MpSK_uBfRM4
ARhyKBNFHmY
XolJ_uHZSfU
tpbzob1W55s
hz0Y5UDsKqI
FXd0UFywKB4
Qw-PighLga0
VZuIsWAX1jc
N_rnFJ9QEow
ztPk7OzSeeg
RrhS68BDXDo
QDOpIZ0TK14
wKdmgu8E3DY
4k-Dd71CqnM
Fk5xSp_3ID8
nx0-B-Ly4oQ
ivjXyoRcP9o
z_jpow2sgpY
Y_WZihSX78Q
wAWQRPqKF3M
5VyB0Ynbuy4
nyeZKqOSlsA
mOxj3c36xu4
Xk80XFocGmg
j9Uh_RucKz8
7ZpcZC1mBIk
VsSM6BQQVAw
hRwyptAy5jc
jg-BzfmF_iY
pXhCvcAio4Q
oFkEcr_7pVY
eKnhQzzzH1c
6VonqJ7ygxA
jnOy1t9-210
1dWjKkF0Zi4
Mt5h-g3oH0I
JyQsHQTs_oQ
zv04czj9Y4I
koFEdq7Gexc
xPwFS3iUPK4
K-05UL7_qg4
OnsvZ0AfzgI
BQyjqaX6HcM
5Ii8-u_kQZE
lrb1Y1IAcnA
6stIchQuzNs
NzxGefSONJ0
MHuwDJTVLWI
z67scLqw1mY
TiT8IBLon4U
9L_Wmeg7OTU
PEfZG9OSytA
0zNpAorGbu0
qZoUoYF7UZM
eA_90rpiBLI
1TowXWSuj4w
DofSCkF5PTk
YOm_S9Fzzyg
JKeceBpMenM
-N39uWjr-u4
CKNOtxQLWKY
dpZlPGNk1oc
LEdwkgOIbJs
kDBZ6CjuJ9g
xa3iZgW9M9c
C5uyq0aMRw0
aTM1uj5qEyM
B1hP4M_Lww0
SY1Bj3uOjIA
lSM_UVCrqt0
Ki-Uzim4k2c
3cZVtfzC6io
ZlPnoebkYJY
2BRsuKIr7lg
3AqSZnl3rY4
y3OA0Vz2vUo
_Wv1KkDTFNw
AQM2joP4fsQ
8raaT7SRx18
0TvJy2Ot48M
L1AWfVY0qkc
qNKFS36zut0
mKcCbSEFFkY
hwhd2xzc4WI
WfPbguqsops
bOB7qs0iBDQ
s2bP6lL4KkQ
K6KSzSyWgGg
MH4tnYy9KqE
E9nj5YMQGb0
HuoRA3jRX4E
WmsGI3KRv9M
naleynXS7yo
Nl_eJ-zdLrA
A5Zdp1RfoyI
dTde8nG0KkI
qV4gP-qIL3U
SZ4gX1EsMXM
XSI8z2ddPKI
fcHt2_Rq7Gw
Fj4rbKHlaMc
6473d-X-PQM
NCW57lJ54BY
a0dABM9HqtA
yiMBjgXvPfg
bLgI8oRgu7g
vlyaN5DB1xo
OKLiV_PmhiA
bESvpl6ooOw
ePsw0mD9SWo
Why2nMvpBPk
a-C9q-Na6_w
1d4j2kzgr0c
hpLXOYttNeY
i_thrPMXpWI
WNJ-HmZtos8
NHYLCfK8xK4
OXlx-w7msP8
wEF4q3Puk6c
Y2GqmoY1ZWc
PlHMPd3kCzM
loK2DRBnk24
kjNtkP2i_-U
XYTIluYcFBU
4j6TrfCzTzc
pSDTmJtE-Bc
-B0-vvfyeFk
Jz_niVCmz4A
gCy5Fs1aqy0
nopWOC4SRm4
yfJdPJMfxvs
bDhCHCvCzgI
lPgZfhnCAdI
qX5-o9EozhM
CoCZJ_S4qqM
K2gn8E3rxJQ
rtgY1q0J_TQ
MwHCYpOsF44
iVLYp2SCMQs
lnm5RtSaH74
4wzU8_C4xBw
DWO1pkHgrBM
qTGvpLx2jKI
4NfhUmu7C-s
V3EuqW5wZVM
lrb1Y1IAcnA
bRD6Ra_kVBY
IIz0A9HF_6E
w98NNwSIQvQ
TSRMeydnlzs
O2fav3MPtUk
saZZImWI1X8
fmWayZKH2LI
AGi8qN3uJb0
XzmbqU4DRu4
mdNa0gF9rUE
w6WFz3yqW7U
e3miqAVyaUg
w4bH55-B530
W0wU3Zb3S50
nyWz5PHVkFY
FGiV20nZxOQ
yHYFif-_Sdo
3EI90SEu1iU
yqxOw2nSaoo
km6PS9_pqaw
SeISP-3gEXs
51bDWXe8qD4
RmVHZzxO48U
tcwMhY40UIw
7hPafyTOweU
ghoepdoY2GI
7VspAE1l3a4
7z4eapFafNU
EVHE9u92I6Q
Jw1q79RI41g
5MEWbdIaTPg
TfZj6dy7yxM
_a8qlzcTt3w
uvPH5BJpLS4
bPPqE-MA7Mo
5StmesdX1iE
PtseW4Dm_Zo
8r2NimGVhTw
dKPhqBMeZXc
Dw_Ua-LLPMU
we3MtC1qZaM
jnsnZ0s7tg8
Oe6rsOZ2NP0
pRuJOuX5I0I
QSF80E87cYs
T_98ojjIZDI
AsV1v7bhJK8
qaUPGIMRuCE
gjf7elh5LYY
aZ4EhB38-QI
JaUPXVCjE54
BXGJGuH59qw
oZJsyKS70sA
y68VN6SlDL8
R4XMQGvMGl0
jWTSsgHxnpQ
wL9cV0-SuxY
_TA01N8mp5U
TCwHzmA9jNQ
n8zGCcDbq18
rEIDOFlF74M
BNuuiydKlI0
DvrcHpipzmA
rroLW452HtQ
4eb5sNjhItw
lcUu-U3BL40
eWbSsLQDIPA
HGXnlFLC0Ck
SLfckzsa5Cc
cfPMNFxrVUk
7da0LxBwqU4
7a3hteaROMg
Jfogv2OxSZI
kBTbTx0XJ5k
eUz5RaPdPGs
o1Asi3rxfRY
K18MnopIkpY
ohjBUFV_7qE
sL6fco19xXQ
fnip9JoKG4I
7y2I2w-A76g
7XAoAn7GDLE
zzv6HEYCqAc
rHJv8eaHS5E
p9KeopXHcf8
xMW-SzZKJ-Q
WBF1YvoMXa8
CXeJ5EgMVQM
zIDIKcpjPAk
tyrHWhlRbEw
I71IJOym2ic
FjAM4ynqg9E
0j2q64BJHLs
h0TRpGP8yH4
Y4KrdjAPohc
iiDOqsWIcbM
R-XMHsdBnuM
nU54SFmkhhk
ReydsjL0w5o
HtPdQusRtyg
LuCVEugBXvI
r-AU5zgyUYQ
N66WTYcl_e4
P65zJSsWHq8
Kv1lSH4hK-w
p-MWRuOoET0
oVP26Ii9eys
zmCKZYKsiGM
ETwXmVKOW1o
zgQMsBQifvU
Log2DVlNDpQ
UqiTLqlm8oY
YB75odHlbVg
75cWpzc8Uv8
6LpXiCXD0hw
bKEE4Nplm6o
SveGL2TOcNs
GPwyIAB5YxM
oDcrVyuoB1E
YfxnXsdwmcA
YoI-YDAco7w
kiMoQS8_q0w
Zcuw8yta9kk
IhBq1hVCsTw
8WBfuNU8YRw
DPxihYOOD4s
2rKdlyP__Qg
MPgfnZlFR_E
-j_Mguxfdns
XD3nq0eECz4
SBzW1xUjwew
f8QruYW6v6E
klcIjmbq_Hg
GNQUEa7xQcA
O4rnjV-GORg
nzUuvz_KoMo
R67tX-7XL0g
7_YFzMMTwXM
m8Occ7XSgQc
n7BlydBMAVU
dDC-Fr-DROE
cGvY5qPU0uw
9gtvSKX2S-k
2PFqxryFePg
t4Imk782VEM
2HdqhbTDc7o
bO1TOjsURLw
V67EAM-dJ8s
m2EaXOwlSxw
Dj1AqkTW3EY
sN1KUsaY3nw
aXmU_t3r00Q
usel1iX93Mk
KpCWs7H3NeE
b23LSEX6qzY
Yh1CeABNmZE
jl6nPvogLhY
--UuDDykpJQ
JFhKKbB9v0s
fKpLv7iDqgw
cQo0XB286CY
XsyHhQ3YJ3Y
aqzzWr32srk
NtCODp4X34E
hoKclUAw1Ks
2sif5RI8XBU
ClvI9fZaz6M
MsNmYuqatiE
VaMOjEJWu6g
Yydc92s57Dk
IE2ylnCZ7WQ
U_q9E-SmXvQ
jJqaE6szYQ4
U1ocZNE8_TA
GzR0LYGB5mk
KWAi4prUc3Q
VyuSWIxEemQ
NtPHtC0eXBE
2HZ0QUxLssc
kA6fblzCXJ8
hpbQFM7O_yo
DO4dASuYKv0
akbZDXwZm1Q
iLzVXkNxoU4
RN8uOCv1xFg
Dngqr19FAGg
FRZN7IzvCVs
4eHMgXlugIU
uWYdJpHFmSM
r_1Eja-l7ik
mzXHX6iwQsI
0KBrSHeNyAE
FRYBrQNUbf8
loni6A6Hbmw
p280Cm9zLg4
5qw6-80Y4HA
5kWK0_BPsDA
J2GKPa7ACb8
FozVY18H-rw
Dj1AqkTW3EY
R8WuTn3eqVk
XmQhizYxbYk
UbNblX7k6sw
XTX-GcXDBrI
RItxGi0NpFc
ZwF9FRcLsCg
Dl6HEi86lAI
2qsMdaxGWBs
I9W816W40nE
nqBsRiETh-w
WOEn3fPCN9s
jOdJhPET8sg
TiXIH6qfGV0
O2bTIQYKdP0
7yIN4vzRq-M
7ZemIiOpVP0
A6A331B1oq8
tzhlRcOJDH8
2Zsv-fbyy24
1kQ0JGVNPjY
0Q2tOKAy5I0
z7ZY6N3yf5Q
VXt_EUcFUJ8
p1bi6v7PdhM
E1q1gCfqK4U
QLqX8UibPDs
hBl7RzfW47Y
wGM0IQmnz50
XyfCSu2KISM
Sj598Ugh1-w
7YDYlaMUup4
Umj0FO4zezc
5L5NaMnzUR4
Utv__uiBCmE
6cnjYkr2J18
D3Lv6tINW8I
W8P257GMgD4
4U5MQwPeoOk
aBpmvwtKdE8
HlZ-6E8xP9o
JtjklMj1ySU
27Fs3PZv-0s
LiEukk1IwdA
QTt7ZEVBwJM
G7FcPeO683o
7k-a_I468PM
Kup7ZcBGk0I
PQfOI_mRM-o
lTI7p8B8EVs
Of0ECLMHgjA
vpAJdMKjGRk
mBIA1wNsgac
HUuQs7hPCDs
QXPMCAGpyNQ
ZQUh_0A-TQ0
VxKrskPyBuI
w9iIyYbiDbo
_R30M2Dqsd8
ycMDl0ZjLRc
i5meLgJw6Po
8zU7Ov-uW1E
2BCTIp-PkVM
IqNlXuOlzew
BWW3f93q4lE
4GP2oVqFzgo
ZFZjJiSony4
Tzwryx3IVrI
HucoBOXVuj0
xmeQJplqYR8
ztdKhe-0utE
nocZTrYqYx8
TevtfJNVCMY
kB6zFxNI8vg
z1TWmIVFH2E
lxcYAlpNpj0
I30Qnnz0ZGY
iZDv2sjtxgo
8hMnfW-a2-k
5V1ziaPpqgM
IEK-R9LxCDc
Lxa-hPhU7d4
kx2cgm7YcXU
8MZacNj7zvI
PIMpLoAx3zE
qMzt3yQFT-Q
lDk5wDBR3hA
MZE3tdLWS7g
xI69gOUvbs4
1s2j23ZxlbQ
VX5y2oo3ydo
un5L3B8j9OE
5OGQjHLQoLk
sw10nD3_aK4
AlF-g7XNG4c
e8teRxOSNHs
kCmoAnP7Vg4
I07fnCHbPE0
n5697H4VDfk
U_d9dkCvCug
VUFVM_myeFY
wjvCDUd_VmE
0q3oXk59IC4
t6jYCN_k5bk
AxmkiK2g_PM
eShVmFqdltI
MBPgXjkfBXM
uW5nz4SVhsI
UZQAh3Jg4ss
ohrtR-MH1_8
3cjSmP6jFhI
K-LBXvrz8OQ
4nhSigVlTSg
7BlJ0WtIe7E
3NySJZB1NLI
pzkCzwJEpOY
fR84r2F2T08
Wv7NNAJQ44Q
6gmNbiWKgo8
AB7euDK9x9o
Fq94liFIBRY
krFN7jHKNNo
uLeMu7ZrY2I
5OxCG-hn0SI
IsRk0OMHVug
6u5jZDgX4g8
XjOSOHzUEms
6Wkg-0EdrgI
vbIltmwqXzI
51QBJpiy7CA
UKV1g47MUP4
H4edGvtwKO0
uaTZsnMoBJE
2LRUARifU0Q
CeYip7jH5T8
ur-HHp-7qUo
353B4iQFD6w
cg5IUhcPqhk
3tDN5DYsNk0
hHb4kb-dW8I
RfPRAE2xfcc
V2hcGNHWQ0w
zIYYLVii-Ug
6PZ8jAaVJm8
HuVD8BOxhBo
PIkhcIHf-oc
H8hkARrwq0o
Bh5T9_mzkxE
f1JfZL5TKcg
TwYbRXC7EK4
zeCuoDQN3NM
g-uRWSqeyTE
fUt-zGFiqKQ
qinHYwRhYug
n-T97tV_IdY
ubmH7djBgoA
4IjWeoP9zFw
jPmxDJ6ERAM
H5pZQrbL_H0
9SgwxOVF91Y
G9JmCHmH35k
L-SFROqOIpE
1WavVwnEFhw
RfFh3OYiw-c
72bsjxwQ-qc
gHJtH6Z4Pwo
lCDKk2s0pQM
cda2HCnjDls
SmF0SH0_kzk
g5-l2Pn38iU
3qeY0mIn1K0
-8IPwVUFzl8
qb-VyJxNZDc
88wrlLcF3VY
T2dSE6_utcE
9ZbXikxJBoQ
_bevdycUJHU
WG1-GSubR98
GMM-mZd9x10
gldvWHtoiDU
b5kaRbokoo8
JI-OPA80EbM
jeARZKAqFCo
OSJCg93ZN_Y
Jb2SoQxwer0
uloT8V6Skgk
-jqCqvGuutQ
bFa7lMNEzyc
X6g81LPBoBw
7BF016woih0
lEWzpV-EYus
IdIU6Rf4qBA
w2jzsoeMq1Q
VVX-iUSWDKg
Tp7-q0qKPc0
PG5g831BQqo
Z3ffcLtBrfk
--NKQEHcmMQ
IoPyc1GUe1I
15TyRtA73Ks
PPW_lwU_Hwc
oMrem850PKQ
jwt3em9NSZk
Ye3VePKXWrs
O9luUcCPZjY
vpizHYfwHt8
M-Yx9GGqW5U
JrGmDagufy8
Y88W_C8A0k4
3vRtahtXRqI
TFnDNeITb6M
VgOVC9kwf_E
_i4kYZKu-kc
oUaJ3_ydxE4
-zmDQgyu-Mo
P8XILH1ZlpE
cEMzXvMHu90
CWW84eky5Hc
7bQf189ZROY
iBPtrrY1B_U
GSZoshxXSlg
0JZNg9i7xuY
NnB3LIzD_LI
MbX5mAb2GWM
QNpRMfiwwlM
cB6YGWj3CKE
Xvv_cGYVdMc
ug1PcXZTQnM
2W0tDYLlo4E
su1ZPoyZC1c
tRa7mGpTAg8
HAl1BznN_Gk
upK3vFNOvEI
oc85rAyNhzY
AfwEELt47gc
VImkv7G6oGE
vfKADsNZ7FI
q3ZYTI3v1lg
01-3gf0kC-E
6sQQlqZiBEM
z4s2_PPqf74
pX3zDnIDf9A
nPrqVEc_cIw
_kZpaFOXVjk
CGoeIW_coQA
w2NUqtw8b4g
NnzUVCDTfmM
wbqV20PwNP0
saac54ACB9M
XJh6jgnqn_s
JETOE2Pwx30
n6iadE8uDGM
2ydniq7FejE
0eAHq-VX_WY
CNZtBTqD7ps
8P1YSwHyJnQ
UWorQAYiPYQ
YL9KfVhawOI
owOCu8n03o8
XC4MiH6Rf6w
S8rNXZziSak
PCIAZ219Ksk
iHL644bPAlc
TOy7yXhCb0E
NILDBCJo1P8
MaMp33I6ICw
lWvv7cPtFkY
dknqFLEFAW8
q9rLeoM7TiQ
PTvgGX_4BG0
I4SoYLvMmRg
nypbIttbuxA
4Sf_fZlEn50
ITiXv09L8EA
hL099S9XTH8
SZB5BgGKNwI
DImSwj_v0-I
AUmo_lDFJvY
ZKM2Iusx8gQ
zRL-jBQkvl0
v-9EVAAuulM
ecaM-bdq0mM
X_3ij9EXXEk
QbZrKxwAxrs
WZ-Pzr4C1x0
uA52-pC_SRQ
5HnslJrk09k
q42RgZLQ7Oc
Q3SJ4WVMP_Q
Q1ZswNRQUAw
7Qeg_xSFJ7c
He7TnoCM7fo
ccRiRk8EBMc
BT9a497qTcY
4H55p859czs
R5tZ0dQj1wo
worqx4LVwfk
XtsDgW9zi4g
yaNkr-N1Ly4
_aa8ylQ7-mQ
e3h6es6zh1c
sNf2QnLKx6A
c9HzMlMS9JQ
7Ysfx7IWSWk
p4TKUKLnLRo
Xszjsx8q0C0
EZgMoSEq9bk
AhOsnZ2jB9Q
l4PvoYvCHxQ
jqCAlLJB1qw
jK7Fb9Vj-xk
-iz_mVgEzqg
qxo_FxYHAeQ
CTlhxzKrnxE
akc-q4sX_qw
qfK3IvjL01s
c4UUk0JFNhs
gZ6_x2GEAD4
LCXmPCz_104
efiW2K8gASM
PwjYLFGcEks
rQnYi3z56RE
M8XG1bOvccY
lgmp-3iwVF0
1g-s-pghtYQ
jM9pzjJeXLs
1awBrKHQL_w
-tpPZ74AdpI
GbPeFs7uDLM
ni0W-5top5U
y3JOQqoCNjc
YXfi_Vu6xlk
Ybk5r4i1yZQ
xUwR912B7Lc
TvAFtNBBOHU
tzzaDf0reFI
G0FdTgHkOK0
yXdh5vSsfZs
vLhMJflzdyA
XBS2BFqlmtU
gD1ut4Uto3k
poO0wt9kJEA
k1tsGGz-Qw0
RGJb2iLvOKE
Gu6Kxq1o6OQ
44UISZIfDT4
xVB56rjGVEM
3Ronr5H1PWo
yJgGH97VSJg
crUSIPlMQbI
jkmNH94YBCA
YK8WFKNYWzM
Q-h4ulFK2Ek
Mu1gmNWJqxk
bFKBITi6UKk
iXpxnxAL62A
st21dIMaGMs
oT_tAUpJGUM
wjsz1Q9NHK8
_VbzKApmaAY
L2r7mvyfO-c
UhLTWudAtXs
_qiLwIyQ9g8
LxdK6PLEoBc
RlTbJZ64sVM
_iFiCNr1qNY
vRjwdr168U4
fnmAx0-MkMc
tX6wyOPimKw
6haBMbtXSLg
E63rYIQmlTI
jDpVg-UEGCI
gbUKg_kd44s
sYHG6wjnzhA
eazzBcRSg28
B1KefHJg6MI
iJfHkDe7D1U
Q1s18BxZGec
gjGL6YY6oMs
cBQiLh9N6kg
7B3h1e1XQDI
Do5Zza_A2LA
nLL0rq-fE30
G2tLyqfJd54
9Mlp_Gcc_5Q
axV0hoCoLUI
DxVimpP-Dns
ls2hOE39zV4
2PtEJ4AeBpk
t2XN1KU1IBw
U0YP3ViY2t8
b-S_HOmRfWY
JTIPQdlLKTA
jKeuyXM8aT0
jFd1vgcbjU4
5RPOQyavuyU
AYj-x4iN6e8
avSAmdTdQP0
rT1nGjGM2p8
W34LEhJDfxE
JHlw0S5bc3M
27Jrd4bF36k
YwJiOpGL-L4
k-kyGQFtbYY
QnAbr4eWBMc
Wwwv4gt0-rw
4H8jtjVTCaI
sLFoKGGxmPg
FpGdMv_NotA
3Bg_khk-SK4
CkgEt6SHyfc
sDxrTzMXJe8
J7Cc4F7Ayno
1oRsHm5sE1Q
xDvUsIrBhb0
UC4tfugiENI
ak-4RnKnfJA
khnirca2pZ0
8BjiXedUcdQ
N1x6hOeuO-I
L5D-xVPW47w
N-QBviXlaBc
sF_0om--2Tw
0nDCVfnYBhk
2ifGi0IoMl4
kNHwCWrtvzM
ZPC40Oou5WM
fXiGXyGU9M8
XMlhKxHJ0qk
E5bD32prbwg
tfdMsxSjY3o
VEDedU3dM3Q
9o_Cdotqdbc
SlbNlvAKDW8
dFR-2m9CHI0
ZLGuWyfUH5Y
BpGU8KqT7q4
m-VxSkEC1As
POFaDJ5IJHg
irQR3WReVO8
1sucwo_44Sg
d7UxQ9Z1wR8
uno3ywyhAyQ
e2vfxXFqMUc
V8WMyFC-HTo
ZVp6c6yk49E
8n1zeapEPYM
QEkC_Q1ERyk
gopZ2X4FUiM
gmH_iL-e8LY
bGz6i3qgJNI
GoQ6iYyaAAg
7bP2deychK8
rmrTTCVjM_A
I3xLRvb8CaI
3620QjLotNA
R-mU4pf3ywU
8dyREmLxoeI
K74IzbcpneU
xzzYJ1aDjhM
569DYrB2ang
ns652S3ying
Rsm98FDwgXk
_Hk0xb7bO2c
X3CNi34U3-o
7TXHSwMzS8s
XtQn80E9NIg
UvkA_DhowAg
QaDk0wG-HWk
Pc1QD9KHAfA
UDzZ2n3QQHc
IxaxHsuoHj4
xGI1qOpQJkM
SDPdGoJaYf8
ZVs0QHd6mNM
kPvQBfWxDq8
QwkeWf2Ftvg
rQdhW_hHaek
aFxxZL2Xbw0
LxXPXVaBzjI
0imbM1PHlxM
4MxxEwO7rYk
o1JPWGRt6gI
Hhd6Fb9kuds
LzqHyQMz_O8
edwvY6xBo4Y
DZEqpgVeDG0
Buukbu9yREY
Ou1pomxPViU
Jh5YJ-LVitw
11YHWoRAD6s
FtxoOo7YTmU
UM80GbkX3-Y
Ue2Y56SW2No
ig1VtV4ort0
kIixfCx8t54
Kf9N5AWprG8
8_qcgcgwznM
oCNxPyc_f90
nvozQpQPWqA
eI5u6GdkBaY
CCy4jdSEtN4
voeYiPtzgLw
Gaf4taCpvNQ
48ElAyqvFmI
oIZcfaA-P2s
Y-CeRYOEIHw
lb8nc9TTpB4
d_rfk43jNZ4
LoRMHA4SVME
h-Na5ft0i5g
uBAJanSkexY
hMQ2qGmJOVM
7bf-9yRcZMM
-TVv1-vbe0M
wp5knvRByyU
gCMEPtp3uls
21JCRWY0wtg
hzlvDV3mpZw
M68QwjbzTjE
sG0_9Odqg8I
-L3-56y72Qk
NKvXvW2Rv-c
PQMMOvD1Bp8
2N7IUJDnozc
FoUUjnbbD1k
kkuvEAGn7j8
MiXH1egNdEM
QIcEbr2HmKQ
GNJhwtx4AJc
JwvuMZgTlC4
o8Ouas-Wh58
mVuspKSjfgA
AegpkgTCxEY
vomIFRhU3-s
TYbY45rHj8w
9pOiOhxujsE
erFLk8eVV7E
zjkwK5dDCZo
4vFfl5flQPU
NokqcStkUyg
M-S6YNnCZvA
abSl3HxvlS8
x_PbHkJYMwg
gYxYbzthro8
jqYCsqUCNgo
cYWyqd2tgnk
2Ie-Q5fdctU
xRxAkNvnxhI
mEGlv8V0H-g
OOCdIY_HKM4
YU2L5AUKtyc
WNQ6_1GCVVA
JvqcoR2AGMw
P9thYmFsFpE
ELm6vb-ej0k
v8MrXwT3Kjg
LyDOAQNsTrI
zYBA1GQf5WQ
RiHorH2Yj70
akpZBpjQRFk
Fz6fGaXj7y0
2bZbShyg70I
Zpt9TjLgGq4
TWCpZe01Rpw
ABhyKEK-CDg
ksOxK339xpI
q-wbGBMTgI8
TYDhYQC95Dw
pfmO8YBjf80
6vbCKava_JE
5IWotuQBgs4
yJeTN-L96iM
btJWbVycaGU
xOgBhEXE3LA
I7zqnHh-J1s
jdSkqiPKq8c
IkI97plNm2c
3K6q2HmIEsQ
bvtJj6HoYHg
zbm1kJzdv1M
c2vGItrlBdU
NBIzJX92Drs
sTaBIp7akEM
Oxs-Ap68BNA
f2rgzsO-AMM
92gpus5qdjk
7z4yGH07Pos
zrLUztrTgPg
qd0n7FGVfHE
NfpvV1VIEvs
_2My_HOP-bw
noTdca1TuOA
glVwoKr9AEE
jojlVRUQoB0
yzYuj2_1UPY
veqsYqj8Ny0
wUY_i5Tco68
oRZTsJc8K_o
vT2hpqbv7PI
uFahsWePvwI
6TxjrHPHypA
pOxZYo6UcKU
xnRRh0fmC7E
JyTU2MG3rGY
qRFkAv_8Ee4
VuljkdO7jFI
4c5-I_dwbbo
lF1mx-Dcek8
1YCOT5LasKc
lAjs8tS57U0
ZLMDcJxwkr0
LaR25gnFei0
6P1P9UHJKJw
wBTqHHY3CBA
u7ZmwxK95Sk
xv9l76RkMjw
yoebyWkvOIE
X7Cd8iOsspQ
tS7OzmlDiRI
NO8V72pDw1o
MCA-1RPven4
2LBPoxMnfzc
rM7cpXwSr5M
6wGWByxHaGg
7OG8IT8cdiI
jWohhABEzJQ
qzox0VhLS00
gkCkTTKfWB4
woKa_ufjJc8
XkqVc9PP1fc
RyacNDlUErM
v1KZtvRcdQo
qDtj07mbyMw
jP9SMQAb_rk
gmxXZO_v9ig
4SUoi_9asBU
wVX8wm_CONM
E9SPwhQvbZc
2BcEoEtHR2U
i5ZM0-f5_CU
52br8-y0ONU
hhuZdMvatpY
iUFMEgOrUIY
QWeF4fBLCXk
18t5V3gvfa4
uBSrP7ub6VA
YZPC0j-f2tU
ZE8MSHrPZQ8
kd0qtxoKpvM
3ESmWaVHN70
CUvFeyGxaaU
ijdcL6FrQ6Y
eirBtt7wIDU
GaLLNT2fGT0
eX8tL3PMj7o
PxWzsrj8bZE
uXxCLkiOnAg
KgtizhlbIOQ
RSwRN8zo2bc
TtQwzaYMVjM
qjepP2UKHns
h86zi5K5vcA
iGAMbNKcN1U
fcbj8BBsWSA
l35Ct7GZ_sQ
XvVsVph0ZsM
4xyhVO-SWfM
mqleLv0h2Jw
4qubYmQdBBI
Dd7FixvoKBw
Ezg4sr67OGA
klSM0AwjXJs
wJ3gib7uvyE
4orEDXeMsFE
yicznR864wM
EA8_FqJS2GY
EH2vw0QnIz4
_0QQVl80rm8
ad9hEmqNVlY
1T_0vq9yBNc
VKeX6profhg
5HzffwE3bDg
vlxkcewBEe0
F4fXTVGQvN8
JEzE3L-NKL4
u00noK0_iTY
gODZzSOelss
mVHFRNU3q_k
cUo2Jqu2UPE
VYs2uynIf8g
G8q-pgdRheE
SfI3rVEbDhE
TNAENgQPljw
KtP3CEYKab8
oTFQ03DMq3A
gJIyd9RXb28
BsCtlighh9I
qgC5le4iG9c
9zpWXinvQ-I
TuuHEe3M1Zs
wlQehlbuQFc
Vs_ySBuev0Y
lGeY8osZEo4
eocpdsWv2R8
4xWjhY2dVvI
hCqV0OQKXEM
J4IQptaIHds
fQtmtF_FTRA
FWKsAWz22NA
VIkmi88PgYQ
hWrmuaAQuO8
iz6QmDSWuXM
jDXh_MYKtmg
36aMeH88AJE
JYss0HdlW3M
G2Sq0SM8Ciw
n4JHZETKfes
VUfo-c6lQ3w
KFytHmNxTVo
gtk6FTjDeOc
YcfMpUnln4w
CKjOU7NPOts
yEPSJF7BYOo
6OVvF4xoWzU
6UD8E05i2jg
vvdMLE6Tmvc
av6DmpTSCo8
yFfia3Zs3lE
j2O9efK3LHA
qmDWZVQAD8E
1t24XAntNCY
7sg43aoRZeQ
MmTSDYWQqdE
4bAK8nWxZEY
Jitocz4kB3k
NkH4SZAz1pY
D1EyMunzw5w
y_qZggrYHRQ
9mHq6XWpAUU
1yti03Nk2Xg
m1bLXk6UVts
zB7MichlL1k
scRgr42qwL8
2Rt7hmA3H7o
KzelrlH_pjQ
EvQ73Fk3bqw
5LGEiIL1__s
3zDHSLDY0Q8
kO-EwelnvxU
unjbRVMaykA
TlqKhcc4YeE
QeZphauyiEw
ixesdXN2eDA
FZpE5o9NsEk
oPpzJAzdpTU
cEQPqlcF6l4
SVLiLMAywNM
L4V_1w3nalg
NgoMrjQuH6c
kOz5GjCV-14
cjI5o0vqoRA
-SDX0Yq7DFk
2BhUge-FPq8
fYSRiz52exk
CsvbpNVHURw
quePfLp7ntA
ZTD_l7jvwoc
5FiYo0JU8jo
bDYZ1pCbRGQ
-jPomJU-WfM
TSBA_E0fz6I
WvhRudg0RNs
xpesSVJGkX4
dz1epuzJeCw
0j3R3QZr5rs
2TQkbRzbBzM
h-TuB-gBQKI
mmSmzt8pS6Q
cvf8nTC-9gY
QcM266Tjsxk
uFcG1BEcxVU
Co8PISaHuPM
-raRuWgsg-g
veRiRqgC3YE
fu1xH8jixC8
QHgYnOlC_64
z7Nh4Ut84qQ
RyAdDTe22R0
Ekb16tq6oXw
NXdAcWRY_-g
usS7_JKH0xI
sF2Qb8i0ZfY
wqgiKzxBg-k
X87Zz21nt8g
FMDp1rbQ2Gg
FsyLT-9WwcQ
rytnvOInePY
0OcVJ4cxUk0
wURzQdr6igM
ZHeUxBRyqTo
tYQiII9YX28
5E1JLR-h_bE
ssDICRX_rK8
hv708JJEEEw
ML_yKt_SzvI
