FGiBHsUkVzU
vsTImsK6z4Q
0n3UFtiyxwA
H4bf_uuMC-g
A0hoqSkyY7o
ptcHHXp1PEU
w68BBPDAWr8
42_lCOayS6s
NRUw4oDRYfg
odjdWym0t4I
owAvwkrSKHw
ico4fJfohMQ
ANIw1Mz1SRI
bq4NzvNZhc0
IviNO7iICTM
WhnDtTW0uII
ycl1VL0q1rs
hhUb5iknVJs
782QWNOD_Z0
f4ekifyijIg
BLE5yhS3k3I
_DPRt3AcUEY
fBRMaEAFLE0
r6vNthpQtSI
vNG3ZAd8wCc
F1tS-qGCE0U
qCtXsTaEscM
ORcvSkgdA58
Q0_lcKrUdWg
NlKjFZwW3Ts
fcesKgfSPq4
UdCekY8Hopo
JZ-qjmZZE4g
bqtE6Q79PPs
CDpL9wOQcus
SiJpkucGa1o
p8-rZOCn5rQ
7ENFeb-J75k
tDVPcqGpEnM
3RvkfuXUv1c
cvhKoniK5Uo
RG2Z7Xgthb4
9sO2qdTci-s
NcaiHcBvDR4
DXv1boalsDI
k6PzjGwyKuY
bnRNiE_OVWA
mwTaISbA87A
3vCpYgaZpiw
pCAKq0JCcdI
uEJ71VlUmMQ
eOPLQxGNmHA
PmavgTvAEDU
dHrnP4ZNdaI
gDqkCxYYDGk
394BLf2wikk
kJ5WcQfbDZY
T25wKfF9ieI
iUBd35sBMqc
MpWPt4YYyjg
1f82-aTYNb8
X2vkHRM4dHg
-GC3tJzbuYo
-hrNWRtDr7Y
7dmJMEMGojY
FQAQTXE_vt4
vKdJvG6NlGo
AcZrSn48X4o
ewE8b7zzej0
zcH-UK4JPM0
U9mQbmgBD30
XtnES6HnUL8
E6vtRm5M8I0
VVpRj3Po6K4
zmYhR8cUX90
bSTEIWmI3z8
Dx7KvlrpZps
NTfOnGZUZDk
ny-cfjhqHKE
eXIfZ1yKFlA
vMIZKtVruH8
RDoYo3yOL_E
eq96L30SK6I
wTC31ZI6QM4
1icvxbAoPWc
TJlAxW-2nmI
ZN0lhYU1f5Q
PN7mPYcWFKg
vskNak4TeRs
rf6oFSEdbKI
dw-y3vNDRWk
svmPz5oxMlI
eElfR_BnL5k
FUIqtevjod4
gYng1yypNCA
ixJCo0cyAuA
fce39nQm9TY
FGAWniPGKjc
mobkoq8Ol4M
Sv0Vbt8A1Vo
p9HH_dFcoLc
W7roWLrbwao
Kmt14S7yR7w
trf2Nb1mXIc
UlLN0QERWBs
4b-s3pisfh8
ZmjaqhRukz8
uhOWldMIPoo
VQgqMQcnAvA
nc2q4OOK6K8
Uh-lHex9Hyo
lXJ-tYqPARg
nybVFJVXbww
Ml3-kVYLNr8
Pe_3cFuSw1E
zR8V0lq029c
BzMD4qk3T9c
jBsc83_4RsQ
Qp7jmqxFC7s
_qvOlL8nhN4
NF1pwjL9-DE
G1h5uGDEH8Q
nCAMMKsbEvw
I5mRwzVvFGE
vsXMMT2CqqE
TU3IQRV6LV0
Yjrfm_oRO0w
NmM9HA2MQGI
eYW4J6FyyZU
Vbciucfe37I
puQvpyf0W-M
qjZuI0FT9Z8
SC-7fyBfvsw
t1e8gqXLbsU
imY4EpxjyMY
8uF7RVF2osk
O_vhWxu-spA
a4PX8vksBFU
HUs1bH85X9I
jv2H9fp9dT8
4CdO0olVfAA
h0nSEv8npjk
Sw9r8CL98N0
mYtvjijATa4
Ft8R3-kPDdk
DcZ1bFfDvSQ
v5a5BYZwRx8
XyMdpcAPnZc
knP_5e57biw
SknxggwRPzU
HXNhEYqFo0o
JtK4cTLlUko
WYEXj4LFEgU
18RqhZ-jnFs
5mLYoo-oZ5o
0ZEX_l0DFK0
ZXFYT-BG2So
ci1PJexnfNE
wlSG3pEiQdc
t5NszbIerYc
9T8A89jgeTI
qTZJLJ3Gm6Q
9nktr1MgS-A
ijWcl2Rb4_0
QMHuMwbYU_M
QbSD4EtpVdY
rh7kpkwXnwA
DyG9S9nAlUM
ZNrteLp_SvY
oKDPLAJiWQU
M2SbnE7PVA8
i8r_yShOixM
6v6wdK2EbIQ
c5qH-LW3tq8
AjyM-f8rDpg
NE03ora3tBY
lVcbq_a5N9I
NJJgDGZPRIE
QRYzre4bf7I
5Sg7udkbvso
mJx30g3bzQo
pLluFxHrc30
88jkB1V6N9w
PLiE0Nr8VOE
2lEhamPHh3k
KGZ0een8vSE
lNa9bQRPMB8
oJWwaQm-Exs
csS1mZFuNSY
DMtFhACPnTY
CtOCqKpti7s
NRv3HMEyuDE
jkV1KEJGKRA
qcuc3rgwZAE
IAkj32VPcUE
gp8UiYOw8Fc
z1gMRZiM9RY
WPoQfKQlOjg
3TYT1QfdfsM
4l7Is6vOAOA
rop0W4QDOUI
EBy7IYtJRKs
BW7S8H3Zi-g
ySN5Wnu88nE
f266wim8Ylc
1_X-7BgHbE0
aTBmHIr9UHE
hakpxs5moTo
eis11j_iGMs
J0MDFTMDwPI
_jQhALI4ujg
AfaNEebCDos
54BrU82ANww
qT8NyyRgLDQ
v0HIkFR1EN4
GazC3A4OQTE
OVYF4t-v6Zw
t-tO7vx1rw4
wnHHzBY1SPQ
Kalmryn9_sE
LjM9T2dxdL8
2qzjBmK0_20
GH94fKtGr0M
LnX3B9oaKzw
b0O3rsKjSOs
poY_nGzEEWM
pcJHkWwjNl4
5rtKoKFGFSM
BYx04e35Xso
XiFkyR35v2Y
KGTxcj5rmoQ
rRxuh9fp7QI
CQcgz43MEZg
1scGZDYsMAU
kiTTAbeqQKY
YxnojyQSpCE
hmvcLCT9E6k
QK4wwxTRoAY
VLh5LR0Kf1I
-cFOsAzigyQ
fCe0I3RJajY
EUrU1y5is3Y
48tFB_sjHgY
yR7k19YBqiw
ZoZMMg1r_Oc
T6EBe_5LxO8
AqscP7rc8_M
guXgBe2wvEA
BsSmBPmPeYQ
sww4gJPse4o
xkLAhU74f3s
rCUjvK-zbHw
yniSnYtkrwQ
lU2NKHJygD8
8yDo3YD-G5M
YCuyt4_uEUY
I5TqZ2Etz0s
3NjQ9b3pgIg
YXAdffM7uMI
7U-RbOKanYs
HZzdXR0bV8o
RPQD7-AOjMI
BFdMrDOx_CM
4A2mWqLUpzw
U9vFwaBzER8
joxQ_XbsPVw
oiR2mvep_nQ
ciNHn38EyRc
RUFTioLaKcA
w3VZFhNQRmU
Nh2hXUuKXyQ
T1QEs3mdJoc
-csXdj4WVwA
cWKo_dMUw7M
py5byOOHZM8
gQ0rdOvdS6M
cGs90KF4oTc
QAIRqUZ4XFw
O6tCoD5c_U0
hJyXtXGYkJ4
s8JqcZtvnsM
Q4dYwEyjZcY
l42lr8AlrHk
6ohH-RkSLo4
RH0o-QjnwDg
QH1XF0tOFsQ
iSg0F3hwMnE
Xy5pzN-wLxg
yVRtJbXQsL8
UVFmC178_Vs
5oXyibEgJr0
E_wX40fQwEA
qWcfiPi9gUU
KyTUN6_Z9TM
V4qxfFPgqdc
6RNKtwAGvqc
1S0aBV-Waeo
O7B2vCsTpC0
37XoF0aMxhU
nZHOclcOB2k
s2XHyzPA9Zc
RjOCRYdg8BY
7DNmN_qWUgM
IB1OvoCNnWY
1IdlBFaifcs
fZ53y0KsWhY
Ahdnkj77rAY
vhiiia1_hC4
Jyp6jFCzW44
224plb3bCog
MqZgoNRERY8
TQ0sL1ZGnQ4
_0Z8aGwjLYo
_cyVDoyI6NE
ZIfn2Ocy9RU
9r4Cmwd_7vA
JyxRH18YlpA
thrx3SBEpL8
WR0ghM3U0M4
rEMP3XEgnws
c4cKlez0OCM
6JpLD3PUAZk
Y4lDvkAFyps
bKzonnwoR2I
sRFM5IEqR2w
7PKx3kS7f4A
uihBwtPIBxM
jn3DBzr--Ok
1RIA9U5oXro
-enHfpHMBo4
wpAwdsubl1w
Bq1b4wixxJM
Ks0SOn8hjG8
oCQbC818KKU
iGPXkxeOfdk
C_zFhWdM4ic
vT_J6xc-Az0
v7n7wZhHJj8
E8SEVsxV070
yxx3Bkmv3ck
pSwfylSrCVY
fd3kSdu4W7c
uA9mxq3gneE
qDbpYUbf3e0
BCBZPtZCI7w
2e06C-yUwlc
QS8qwMna8_o
de2Hsvxaf8M
vrjAIBgxm_w
C9DB3w-Syfs
TWEXCYQKyDc
ShUyfk4QB-8
QFK6RG47bww
5qfIgCiYlfY
7CdyIwOSlt0
DE5e0C7xw7c
F4Z0MRYN7bo
E3gS9tjACwU
8wHZ3oso618
iesgXoOBLZM
Ou_9ntYRzzw
5myfkKDV88E
z0zTymv0ZEw
Yc945sNB0uA
tcdVC4e6EV4
SFAWHB2BKOg
yBX8GFqt6GA
pIG3bdDj1ps
PccvZRTUhbI
9HH-asvLAj4
Q2aEzeMDHMA
NzCB9-Njdsc
6LYRgrqJgDc
cwEmnfy2BhI
Zel2NCKej50
zFb4tilDmBg
tlS5Y2vm02c
C97MtJWDNX8
1jOJl8gRPyQ
n_uNPbdenRs
b4z1zkmo1BE
qI2K4VinkT8
LFXN9PiOGtY
ziky_tDoa8U
JafQYA7vV6s
eofVhJc2lUA
y4WG549i3YY
eG9jo5N2IzE
VPw9vPN-3ac
f3Ux805uCOk
izy6h_vvSxU
UvI-AMAtrvE
Tw0PlGpaqy4
-N5pDcfNzqo
LWxu4rkZBLw
3OdtfsXOkEY
06OHflWNCOE
O4kf1Wbaruo
Qbp3LJvcX38
da5RoS4w5YU
lKTsv6iVxV4
_NSvz12iXeY
5KEhhW8TOGk
WN8i5cwjkSE
2NzTAaYgk4Q
-Ecf7lb4aZ0
jvKdOEHkrJc
8TUf8W9GbSs
Qrl__J4vYok
o2RFdQMi4mg
w3_0x6oaDmI
vA0Rl6Ne5C8
kj_7Jc1mS9k
keo0dglCj7I
d2NWPG2gB_A
O2tvsY3yUqY
TSJw_oQklz8
dgZvSB5MAIg
MS7hXuO2UKE
jaJ7vUu1ixg
-UxBdVirvJs
xvtVmGP0ZEY
43xNdYH-Y3s
5BHw-up-3CA
AkxqkoxErRk
CdbvgRqyC-0
kzdugwr4Fgk
lLWnd6-vSGo
MyldPMn95kk
tyjgn5YO1Lk
FK3kifY-geM
qnnEIrWQJdo
AbKkjwZivmE
nsZsd5qtbo4
q6iqI2GIllI
uwtGfyna62I
oSdPmxRCWws
DILF8usqp7M
CE8UhcyJS0I
dNRDvLACg5Q
TLKqKlrQv4s
macM_MtS_w4
Lm0lA0enPSk
NXqIpU6Gejw
urd4uWJ2rH4
0j74jcxSunY
pW5iKF3eQ6Y
GSIDS_lvRv4
7ZPs7knvs7M
u2qRUtg2k3Y
tITwM5GDIAI
STMcWUtQr1Y
i7sm9dzFtEI
PJ5LJkpwBAI
XETZoRYdtkw
7t_pTlH9HwA
nr9auoHtvzM
r804UF8Ia4c
1U7ROVno2ys
0jraYGjhyY8
TrfcJCulsF4
SZXY5990xZs
A_Zptl34hbo
Mv9NEXX1VHc
wFJrHuSXnZM
Nqzo_VT7TQk
JCtV7TmLTqQ
BsCeNCVb-d8
1dOCHwf8zVQ
X8v1BB0UaDs
S_NXz7I5dQc
-NVex5tVGy8
blSzwPcL5Dw
9TlYteJAwMQ
OtpaY8VD52g
7ha78yWRDlE
nslY1s0U9_c
BcDZS7iYNsA
1rCNnMZrFUQ
ceYeTXHHSa0
LonQjMbjZR0
ondpla1KHAo
JAI368bZC1g
xzYOx_gT4_w
9pA8xMNVPjE
rbeYwh2CstQ
NMlbUCAOEXw
QDyekmgn9dw
dJUEkjxylBw
9Hb2oMlRI0I
jAdspOtgciQ
8j6k3pevAFY
PZRI1IfStY0
XvwNKpDUkiE
2XdIuTr2uiM
kW39Mt5kscQ
LUjXAoP5GG0
OODzTMcGDD0
-5wpm-gesOY
qsQa5lwFqjA
aweqeMxDnu4
HdModNEK_1U
CVxeuwlvf8w
vQ60rFwh2ig
vRBihr41JTo
KdyvizaygyY
Nw24B6fOiAw
8ZtInClXe1Q
OqQk7kLuaK4
b4b8ktEV4Bg
YkPrUkYKy8I
cCDCfoHTsaU
goOa3DGezUA
7DgxjQ6Qd54
L5l9lSnNMxg
DV8efuB3h2g
umTbivyJoiI
cj8ZNgnzSSU
_jKylhJtPmI
HQWFCDN9VZI
GIdVRB5yNsk
sWeVOXpTOhk
qBex3IDaUbU
hcoa7OMAmRk
WZCDBZBY9lc
MijmeoH9LT4
4SSSMi4X_mA
HizDfLubD-c
5sskbSvha9M
S0MgJFGL5jg
sqV3pL5x8PI
01ajHxPLxAw
Wi326Leuemg
lkSGMrH5Kic
KG2M4ttzBnY
qJNrvVv7SdU
YOxDb_BbXzU
Ou2A-JWszVA
-15nx57tbfc
Q9igeV_YV-s
L6bDA5FK6gs
-rPPqm44xLs
7O6nfosaVa4
PG9oKZdFb7w
owz7XExO-Wk
M5c_RFKVkko
riT-ew7n7RU
XE4VP_8Y0BU
Lto-ajuqW3w
kgBjXUE_Nwc
do6xydtcVPk
uNuFVq5QeRk
sx2HjuZBuo0
7ZPW8FwgHoM
p7nGcY73epw
CpXaH77B8xg
C3dU5u4xXaY
_d0G6FZ_kR4
LHSSY8QNvew
pcR7ylW-Gok
DW4f1x6IQ9o
