K9KLZ8C9DrY
8YW3s3iVX-0
GDQoRxQULqE
EUGDDbuLvvU
pzSlU6z6x00
2OVNhAGzEOg
Gb38t9ZnBhM
wbogA-p88wM
KhNCvkUK-d4
4uFum9oXnAg
mKr7ThMib2w
xi8u9DcC0_Q
JR4oPuV3CWg
Jh0sxteKLNM
SsmgtO1zAhg
uJonQnrSXF8
4fki0fNe2sA
LeWtF5y9-6Q
feMut5cvng0
wppAQ8uZpfQ
aybhewM372s
OChfIom5w1w
ivpqUnAC4lk
Ek0195TInzs
-El8z4uy5Ac
hH5jnG-2HFE
MiqL5nR5Cyc
r5mkSoGZkRI
viUqqqLe3Tc
BAzNbHVrtPs
thepX32CuZc
ZAQs-ctOqXQ
eaxYvHE7my8
_FbXCI9NG00
bsNDV4wwYLo
lcAoGZij1nI
jVzAu4lbJPI
BxL8-KTPxAQ
cUav5b0966M
CFMRJSPDr2k
wO5GONCm9ZI
QCn9NyEFc8Q
qq2RUeGBQQw
cVUtgFY8AUI
sNvJIsb16j8
jAfUI_hETy0
2t550H_3BdM
6Wahb_5Dcqw
SF7Y2L58LdA
_4516g_Xy7I
aXCv8aNRHMo
tzU1jepENx8
jsyljqTrZ4Y
J7n0LjHs_oM
eoDuJUnB7us
_wVR_Jutf4M
Qy3Hn9YysQ0
ND6bgnl8xMs
_88Vx8-n_NI
PeUgWK0pUIA
ihe6rl3FzLE
3DrpmXtpFtw
HMXJunbkWzE
0NC-wGChM1M
nZtpLKCoUWg
rxmxgofdYHI
75gwlQlMLbk
QTcO_4UdwYc
kb2KUnWNCLs
CWvmvCewANI
re7ib3AuYeo
I3eg4pHF2OA
VVQiEQV9YQA
XYnJX6bdm-0
TOhcVaarc-4
SVOuY7hoqEs
BBvBE6y7uZc
1h8hPA7ga9E
IbpmrzlwurE
AtP90hRCM5k
PB5bsFzl98Q
fazjNena0vA
7QGTDFtD1p8
4levZZUjlPk
yj7OZ602CM8
p0oOkggVI5E
UTA50PxgcD8
G6Mb8czEoZg
ugxg9aJEXo4
EyciB-sMXe4
74zJ4scJzNs
e-kMTgS2hOo
-s267WkYVoo
uhOR6yns17w
LTnl36-0-zU
k7DDnUJDiV8
aVhwbS-_SJ4
F3FldQkvM_4
C4jY445zcy4
CTSejaqK1sc
SGiV4Ov2ogU
A2_pboioWf0
ND7IYPM37fs
TEBRAx6Ojy0
PJZHhJxpe8Y
5YBehtmDHoI
pfe-_kGZj-0
vYBeG7PxEiE
kIwtujEV8Ls
z_yrS2jGSew
oJqbh-tjJVE
xcHvnXintnI
8tMHG0Mjg9w
PxYH7j3eX_s
pUanS5OWy_k
bRXq9dTdR2k
XwEzOaivNQ4
5qPDyjnyQdQ
D2MGglQ5KYs
hz15yFVF1TI
EfAAHLTlhmU
H-WHAISI02w
glEW0jsUYpQ
gOzO9P_gX4E
FU2OSGCS2Ak
ueAWk_Zd5UQ
paPZX_JLokI
HmhcRwiBfng
7EjgkXYr0aw
d468J2i54gk
JifTBDjtF38
7UGraFUuQjA
uO8fxoHqa0I
kVTzIZ1ZVYU
LZ0gCaGnAC8
2lC2fqXIYoI
DwvjfC_fCZc
2bdm5lhuSPM
PSdg8V2P62c
aD3O3Y18tIQ
JWr0FD8BHIU
6YLlt1JWpRA
5s45bASAHko
2jZ9g9_gdYc
nepPHiw9cCk
GTV_-T8OLl4
7DaDyMMMHwk
xy0xSpv1BQ4
pW3BzelHLGY
L08eNc4_520
G8lgZxYxpC8
fBVXW8wGtQI
NNCQMWwOZUw
SH0uRA2hi_A
WFW9mo4yyG4
Z3JQcNTbcjE
cydUXGQPF9U
32nDFvTeRFQ
7-uNBpgb7Eo
0JMaFfAxq0o
VdyJob3Cn68
LxcCl3HAjYQ
DC36DdfjwWc
FM95_k9onEc
aMDqmSaWD7c
m6L6NojS19Y
_LcR95fSn5k
8jpc9hEG-vM
Ud2RxCYkOv0
a9IeZ548pwc
T2Y39WUcrN4
GrNs9jHM6FA
RfMJECl8Cd8
IZPymNbCSYU
qImxsCBlOeA
toVEXVDnS_s
44GAY9-Ooro
JbMEzlDnsE0
05NE2RVycng
ew4Mt9PA9ZE
wjX_8Z_HOhc
AxWWw_UUXJM
sGtjQaewL60
1R43mjDCvsM
l8ayD71cXYs
-NWGreXNF4g
nHOBjsRrLZY
fWCAT2ussZM
sYnIk09sk4Y
-mmnYlbc_dE
gOOG61Jf3FM
CdU_Vm3gOO4
mLzPWRU4Qdo
g49kXbRaZDU
MuZQxdRUvgU
x4DLUrBmCLU
J9qFiFgwb9w
gAVzrd7i_Zo
PB0ltpLg3C0
XCkkbvRixTo
yg59bmIjY8s
imp92lnYsW0
YoYsI-0Yp0A
ZhtfVKYJHgE
vJkecrjdqA8
Olj7yPkkY1Y
NRrfjHgBSGw
CJcUdtw1P5U
l_jY0ekg8w8
HGBMJlY7qQA
RBWywYirukE
NcZndH5L5O4
F0jruPzh5jQ
_vDP-bJQGdQ
VcsUdOD5CMU
_l9yAU6QCBY
8QTq-HEEnn4
ipaCkCU6djk
QXbMjmVkjeE
aGVGNEkN7ms
4OM12efIK8M
4pmYZR_iQW8
LgZZHOEajSc
Gdcs83Miqs4
A0ntE4QMY-Q
a3umvZpd0BE
Ft3DKfhtoc8
bNRuqae74jw
Yo3eSP_IooI
veVq_TdfkQg
YunL4ENNrVk
v6zgmhsCLnc
F-Hebkr4Rc4
9ubW6CPMbuU
S8kRmidhlTE
LEsHvJcmdl4
mFlFrUHIURM
LmN-1S5GptM
s9mfi0L6PC4
51hnj9TChFE
5rMJHXtngrQ
n8d8svzhgfI
GzF84m5R8yc
Xc97BQ6a4i0
eL12gNyHQ1c
DeHMEqnupYg
tQcXYqCcTOM
ROlbyB-oZMQ
FzUe99XKigI
awcDG1KHdnc
j5FJvGhbjUA
1YvlqiJwGe8
mWnVwCaV8aI
XNABUwDeKus
UquY2e6QkqI
_VlcatOyN1c
lhSjYT7pWkw
fEiBPbzrRyg
Xt1haaFmnkw
q46HZWqs7wk
X9AfQd2jEaw
W08q14TSkhc
UIR9Z_JdVhs
_39QyIB30AU
R5aqcSAxD_Q
NIeBucDKCms
uu5WUSIlmVo
4gs1p8NSSGc
rvEIaeTG4IQ
BA7E5_dUUAU
WBD_95OvZDw
wGGdwk0Fotg
LDdiJ1SXMd0
TrxKn6P2Na4
0k7hnjKxI3U
zPrdamnIOpw
zsoColickWY
1ceC34Ka3M0
g6ymyPS0VeM
iJScjqk38Mc
9c8UHgGTjwU
wHAvLWhxLtQ
lB66yy87V_Q
ffG9RPTsACY
eeqT3_XxZTI
c9T_2GVmKlU
PPiWloCj_1M
sCRCkIG9qcs
smWEJeIzta8
Ec30aj9S5Fc
JFPHp1jKKW8
vQxu87Y9gLU
XVZDi8-Bd-8
OIdAemHV0Yg
ZtKUUkEDetI
y5AApxSzlyY
hdbDeXZ-CaI
PST_8u7iLuI
5yPsa4PGVhc
2G3YuZkAwbA
vi_35ED7pf4
UW5hTgKqeWQ
dlIm0E5D52Q
rzYgPNaaY6U
YLx8BkKKQbc
Dfccjfqg3Qs
DzagsLC8XPQ
TWsNHAVPNWQ
buKMOxNzYjY
N82ffNRO2Mk
MeUFvXo05Fk
w__x_NGO-K0
Kb7onii6jeU
Fbx4sQE63P8
T-4SwwxZtRY
5eQz7IVulzI
hdV2-tHJHWU
AJlWap5_Sgs
YW3o2JYoK6Q
c9FwexGIiz4
2pEV2_XiUFk
J1mJMKgZm_c
dLxfkp_MCwc
PAWZkEum60k
0U0NhUg44cA
ikUz-s8lBVI
XZIDMNWt0Pg
cTKPbEwJjCg
JLgj9taR_j8
9x5XCcXZq74
BaGsjcmtu7k
R_lr8sQ0n7U
FsYajjVB43c
fEOiNrzMUYM
nbfgFyfHSMU
fo_UiKRK9Xk
xCfw-A4KkSw
QsFms6Brvto
Sx9KsKyMh4s
rvTMlrwFa20
eM_gEBW_a1w
Nc7gf8kcX0g
ywiuMuBiSNk
PkJIlyUP6Qc
V9mhdAs8gSI
cyyUjsrqjDU
2WGCE8UbVdU
DNjmvcQHddU
RwxMyhk8vSw
xjChpHkXRZ8
3ut-QHYcqyU
-sLydcjPcyI
llwwKkuy5gI
FaImgrSlUlQ
zOYIbwGrac8
TeG6w3kOk64
-RPQGHo57VU
HiqCvWtmuuw
naPUYTKEMc8
2NnkFmobvEA
wEOX5NPIC3c
LRTjKkWHj_M
n07D23Y-OG8
53vnvVVMUt8
IXPm2gb5Swk
TCU2X-qcJdM
Ta3rjuAv9eA
IuA41mQlbEk
9PSWTDhHGt4
0ANbmsSVxoU
0Q-KPEb30k4
5gdWhdNY7CQ
WSPoifMVWpM
R1HbhbhYXTw
bVk4uefT5tg
gUfimlQQ1kU
NWuNn06oWo8
QRYmqq2Iu5M
QVJPNua1Mhw
DPMlj6szMGY
OMFX_8aPQaM
UkaiEr0u8sc
iei7OE4soAU
VXRv9BvY3Ws
jy9JhKitNU4
QzTigh97ggI
Ixx300i6Tis
NGCUCNwcmyg
_KPfoGwlzGM
HNUFcx3MGdM
UogkpKuyDYY
mZq0frAiJqo
UE7jEX2tBcE
a9m_Vy9kIf0
aMmOtFYKzHo
R48g2hVKaXw
YRxzXPkbpnc
wJ_NoTxswik
25M-MWvU_cA
Fct30h0Nrro
XIyOjUCE-ds
R48g2hVKaXw
4em7UXUpSjs
rTX2ZGEQUo4
cQldUNP8ZmY
xdZttArhtn8
hkNNWmsklhA
dPkVxMYc5kM
cjy29miSOFM
Fy-k3cVe3Wc
rc1tHLfr9GY
BgwpqaNa_Eg
-zz_Wzg3eks
A7z9uzQuMPE
iWwI6mqXUHQ
aVDK0U4-YRc
67hVjTu5HKI
qSozFN8zSL8
9Rs8818t3-A
kf3oef9D6nM
vl7BW9RqANc
7rpBkbLaiE4
OlV4UMRLGiY
yVLJb00dpgs
s93zcbLTxEg
3fqYDCwM3Jk
eKN45QTU-RA
FvjhdaWZ3hA
GmK28AK1DdQ
_MIPQNa8uhg
fiQ7ffkwbbo
3MThp4T4k6E
ylzkOPBrdx0
2zZdKP2VnuM
G9vreFa2n-o
S3nSjF9W8I0
-9OXPRNDnGQ
2kBAsdoQAMQ
HNyLvKPM88I
Jpkob66kYmA
UDUtwugDq1c
TgnfPNOlNtc
HnyNvzpxRrI
WAkF70l2uqk
4WdmcJeiO_0
wzxMwjqGmvQ
Miwut8K9Ou8
5zDgNBMTlZI
rPkvxvm0mSA
n0v0jUeFGQ0
N2UJHcOM7ac
mfo3EW9Pmu8
3esSLfqV7gY
d7lBQVrEQN4
6Eqqr2zVVOw
3ZjmkFaOuSQ
JG0OtvloiOw
rkNg9QsFE4s
5aVa5dMNW84
e6nSXZ9Pf_A
95JD0Y5CDfw
lX6dyDWlYFI
9YX2XCyVVkE
tW4VctrWfhM
wk-pAlWnvDM
yW_HecBZneY
J_jzlwQHXHU
VZ85TaLzErw
q_B7o7EJt8o
cJsB12WxXXI
4mV5q4nSU2Q
EX35xCbu2k8
Bfe1PSXWMBo
dcQjmDmaWeU
rbFYsYMA3No
mT3K51I7Ifc
DYdIF5cyd-Q
oGIKJ1NOl2Q
YCVaX4RWoaw
Vcva680TTAY
NWwNzwF5rxU
FZT8ix-lfXs
JkaghQFV0O8
GwIcGT-Tux8
G4hB-7XKdWE
zUSjIWGRsYw
EhTmCg2WeXk
9T0M4nm94t0
lSkbdBahaQI
aXVUUEr-1TY
JFg82dBzDvw
A8z_HUA86E4
zOSXVWV_DiM
W8QWHWXLfl8
mi0hLWYs6-o
WcS4W12ymN8
0bTDUAs_N5Q
8nhUdfg8C48
FGEdFcqt8rw
W9yYaBkKnok
jAxK-PEtqy0
1c1KHjAAjiI
Nejb3SOcgv0
11wiufCe3GU
m3ZVWt38nC4
Hr8BYCHfbEs
FaEAlK2Jlc4
bvGrN3qIA8s
ktKtgjASYa8
pieE8E22i18
eRLs20Jk4ps
N5y4CeHZZWA
QexxEqIpoBo
uLU4YOS-CFg
j2uwC7mEk6s
jGzqHHhRAQo
TTU9-M7Zpbs
84hBW5W3Kz4
NjUSivnFfts
Uwk-wvVlvEE
HwE-C-h7E-Y
6Q3QFtB19q0
jB2kI9Xi8ZU
qQEa3Ie5vI0
ve-ZgVPUyyQ
zKRe6jsoyZw
_Gz7JN7o2x8
LeQ85ZRZ-ys
wJgLNSU_gU4
NoFxMX2ZEXQ
VtxWPRn9XUk
2ovhbT-Iulc
2VlKl3rbBW0
1HPeqE4pzwY
kG87XVIU1Y4
xK2LyYL8Ew8
ayFCZog3lMU
hql_vPWmDKg
3goJvXKT6Rk
Zm2B4LApqeo
8qIQbydyHwc
q01g0LrYfsQ
lD6x5zOTdRI
JyMfvNSQ5aA
8AStS_5dS2Q
NQ5smV9xpTQ
27uBEPLyPN8
9WFemCZwvy8
LamWHNU73x4
GVerXl-nX6k
t-T9acCZ2uY
v7izvloZeiU
90wQLn68LuQ
UJ-45RXhXGM
U1T3fO772Ic
WNW90gFK9Cs
vQbuaNlU2KU
qbi4exVUpKk
P2kRiwGUxfI
W_b2u6KThC0
mrQG2IfBndE
VBivq-iyQtg
PDUKg-lTrk0
_Bhfzh-5gyU
Q6mOm_CNAog
cwATmlmV4Vo
AFUUQe0a32c
0IVmB6ag1Yk
RYz-aY_EbNY
yvW6SF-3CS8
8T-jrDd0f1M
m-8LhsYpB7o
jqGaLikdndw
0KL9F8DhNw0
l50XdLDRIwU
5MwP9dvQFI0
zq5_rCngN7c
6TCZs1OAKoU
2l8vtDCKtA8
yqQTTWOW0R8
eZnzYKD7ZHs
DNqij1DQw48
1IqRndHtElo
OkthXeNBhsc
GLyzbQlNwyU
ngEhgqGlyjQ
pfjvMY0O7SA
MG4cIT4Nm9A
qfNyOc29ZyE
JBH13zdth9o
Y9KKZqwFhao
4GbchHqC5TE
3IZOhgMen6o
LtFZnxM4c50
LpjtpqZyPDY
VWexFVy5aSE
7faGZJZzZ4k
kImMr8MmoY4
Ffl7feGL3m4
LGk5s0GSBhE
_x9MOHZJLH0
BHf2c-td770
LpU-NNQXVG4
G3MG47rk1eE
4lY6VnoQrZc
whXZqGXgym0
T9-lJcDw1MQ
tsBuhYMXphA
ftVsTulSktM
gdsUZSEDK4k
t8bwzR55aGk
zopXzOERACg
bf_GFhrWKnI
bEX1NI8FMNw
K0nd5gUnLME
nZX4wud5-zo
yoSRvmRdrVg
Hg6b8bfWj0c
Svfx60m52uE
eM8LB502Tw0
VG312AkKqfM
JzHoEANJGgc
01D1cWaTvZc
dc7mvrjcDeo
mZAaCZMv45c
SRgEL72ng7k
SMNF98hldbs
yrPp_QkgAsw
GYS144Lz56M
FBk6TKBw3qU
9qzQImB42Lc
8xho4xfx2Kk
-7Ap-quO_ck
jsKBWGxWPk0
3-ZU-ls2C-g
jE7wfiuocko
OHAFS-336hQ
75GyNJ0297s
Y8HRK6j1W2g
KYO-afZw4JI
wXQQZzXdrsw
v6_AmvGmVwk
2DK37OpUmPE
BTkQwwK8e4s
Mj-CibbMUcc
s8POoCsI1oQ
wPhs_EQMbME
r2EW01fRmeE
cBeiUs7jxto
yF57sxVT6gA
BJQLTxFtks0
pMXwFlp9IoI
p4LW1NK5548
Mhg785L8s5I
DzL6rp46wh4
FVgpf2Ttz48
vJ53TAgDHD4
lEooe8BrCSI
OalUuOtPkRg
YwmVpHJeqgY
LCOD7Nse25s
Z6RmqlPyzT4
QQHayAHY6GU
518tM8Z5K4k
Eto3TevXmAs
3RF-14KGFLY
edZvPUwMpp0
h6Klr_z03DA
0kmUgRXzn_o
QgobMBRyqdY
0P0fo3GLvsM
ZnhDAcekFRU
61iKnKtwpUM
vxfht74r2RM
YuAzcLI2jr4
N3uJAxLtedM
0-XV9Ct1_i8
oJ7JHQ4l5TE
7kVyKfPiubY
0eEW0z8nbT4
G2h9mEuQxys
I7kQSxfc_JQ
4IYTdTqjhy4
wbtcM6g9OL8
jcwvB51p6ro
BFVOXgZYuSY
qY5vnUdQPGI
RgU75zKSm7o
j198bMXYJvs
VHaKuq1AglY
adeu6T14ayc
41dGDGZAFG0
WFUYxp_XNl0
Y6g7D2Nh5T0
TFbHgosGf7M
mbEcQrifg3c
KPgmgQxmUfU
NfUXpFHOGOk
d7KLRXMULUM
hnXpSP0kM40
ojvRhQnCXT4
dszVJI-IX9I
0pYuR_Z06Do
F_-PMRifYb4
Jp4x-XpfTQ0
2Z7jq1uCnNU
wTe1Wp_swKs
U-frgx5a54g
0TmLddOWr5Q
WSRKmIB2UfI
qODXezDKQuA
by523eF-ko8
8AcIwmMKt4g
0fLzU-GDaDM
TOUv4M-DdJg
TnqcUTcihX8
eKGH0inh_DM
rRpRFBMhIJw
V7wgJFG9_AU
X9eunP3KpZQ
mgtaSb_NpPs
LprF4--i5Lg
HX1T-NdBne4
h8NlpLwQp8s
bpBDDJTiZh4
dpUZWIwdp_E
KQFfsRzFS9U
6M6tCSH9A4Y
OmZOZjHjT5E
oiS-zQ1woLk
WESNy_RD_dg
Hnfe4ELudAM
orND4R6bou4
QLf88ivlraM
E2hKTXomDh4
VOgTpA3rUjI
e3S4geCv000
BZhgQtRNp6I
qNQ2kV1OTPU
sGOgYhkef64
HgsaOtXmv38
aU8Q7GQOIvY
TnUjlNDqpuI
yyQI3qnrzH8
GvhKLCqX8Yw
gHmLp1ooWwI
MEFIXPgJarI
24_j8w4iVgc
KaXEE5FBECc
0fBXizweZyM
C9pwfjrRAIk
gE3hObvYmKM
UFMPV33h8qM
qrhWYOuhksg
p4n84bRxqqs
bP9u1-Zy7cI
MPhwsnU1fxQ
Og3PjvcR1Pc
wcVAvh9E5Mc
zfdSTyAcXfs
Z5DS5omLI54
nJgy3NGSnuk
eL5s5nwvTt4
CYmFIY61Nts
QJku3MBSR_A
T3V_y9VUOsA
mpOQK4Gchpk
5nPYng1WqhU
8Cf_GdmjXxQ
NdbCE5ui874
zpoZd6LUkZ4
EyD76Sk90hg
_PWKvLByfi0
BzBP9RKj6do
btJxhIy0Bf4
BWLw3hxDaPE
R8YcEtMGD2s
pimgTHxN_Ug
p_QYZmygZnE
gmQE4qdb9fg
jIvwupbScpM
2QSPuvCdqyo
fMKgi9PQVoI
zZJp8uL2ouc
BUE4xDcf8DQ
1IP0wcB0njw
9hzWpsLR4Xc
-rVzscpxWeM
evhUXhzlslE
8O3Vnx8_NEo
KUpLTXcClqY
wx-xBh3Qg7E
YtZBqVjQoUc
Zj4LUDaoe1I
yScA9aXNtB4
W4RIhDX4OuE
UlN44HB1LCw
9Wjoo90gPD0
7to_P-fmGEA
HzrBMXRp1FI
XCf7o-4Vtfc
_r7ax1FoR80
mDYkMbFLHb0
HCmXRtaoSzU
33dqIjN7vOU
tGRUOD1P_Nk
_8xdj4SOBWU
7X6p7Fkls_Q
e_NVepoHcII
6iJdimomLTQ
44LDokzuyho
-q78QXpSL2M
tZ187TyrCPU
aMVE0fN_Y4s
cQ6splAnIWQ
nNMATmCNh5g
tGNArcgbiXY
TBVSsjrCKFg
vZCNCpXlHWY
jlSLbAtX3ng
5_45TGmO3ms
kHseZYsrYYg
_Q-b_FmNsNw
mqHBv5pIC4o
5We4fg5JUOo
LUfFw5SjGbA
Kw3x3KiQznc
xO0ct9DDEL0
Yns9FArnuW0
Xpb_1jDUk9w
EeMpRMXMTGY
uaTv0Jwa-xw
yQwkF-XXP3Q
aPCjJ5a4tPA
ptBo7Ly_yZg
10km1kD6awM
sh3_R8CUaCA
CNzWAgrlEnU
E8lAF12OF1c
uuGFLXfBwrk
ULGPklAhqC8
ATW-RKq_-QA
2HO2FkIoPgI
g4ZjtKW6tog
44zn0GkJ5C0
myMEOuHzHnM
Urk1Eib9_Rs
Ewq3oqa2fc8
nsy9v1zp2Gs
MV9Jriznr-A
cp3ppJnxmd0
ROjnp2RcjAI
4VZ92zM6a5E
M3B4r-YH-Rg
aZKyhlXAmDU
9xvkOQQIYyg
3nZ6mDSgpPo
NmxnsNqvK88
HJ6gNBaTJHw
DSwVqaAbj88
UHAd6blO2ns
kI7I1wGMTkc
1i1XFNyrlGU
28MNGhEIKhQ
lywMeFE6LGg
8HezndRzDBQ
X7jbn9ybWjw
FRNuL2yN9WM
y_R-hRmdpaU
n1BQ3bbJO_k
UNNFgnHPg5M
IsCl11hxNbA
smlrp9UUH38
Y5HMpRaUH-o
h-QxhmnmJBY
bTZWlNtCvlg
MTJMfQIlrxo
CQjnMvEz-ug
kzv21hNDZJY
VudcjApr46g
X42VKLT_Xbk
9dYn-z8RoZg
uDZIso16e7c
BWpQeJNxiNQ
c_hvVJoF0Gc
FHrzQgcZKqk
bZ3bnNJcj6U
ZGYD3loII24
5MyTkIK4wn8
z2zf8xcNVC4
2BfSxi0IBaQ
7i3ZJGASD_0
g5nzDGQUyHI
tdMyodukO6I
Ok6_XuDG8lE
QPqN-EyOb40
ZcyeKtPOS24
xUgBrW44dok
f65Ym4b-uDA
N9VZU18JDd8
0JgPK2pTrcI
EqFqUJ3yJ08
JQX6lbJj2lA
tuc65dK6n8o
TyQq8SYQfbY
5IYT6qn3usQ
5u8faqkeR1A
WWF-w9L4M4w
BhHeTl-M-qQ
9a9YaXupvSM
qLKlcI8LGoQ
kx6DpWgLt2g
2rksLRdepMk
KDmU0yONDAU
giu23Ii3PAA
5kIAiAkodEw
rX9VNK9hPws
Ni_pNml4G7I
1pMvzYZx2h0
WEfyerPWSX8
zKgFBpkklcM
rKBzMFnyUV4
xjfr2woPqWE
pPacwjW67Ww
wTH_Ge6XOsY
aoCwO9mEAl4
hmaJiQDt2vE
Cpk8P1t9Wyc
M7NyMUz4idE
lIjNYONwunk
Ivy-1DatgLY
GcGVbo57bAU
ERlXFm-8jGE
sBRLj5La2Fw
Gh3h2dMt0K4
DiSt41hQt-o
1ccW9IBE8sc
lzws1c0bFtI
a4sh_1LjQjk
uYKvbhhEKd0
8ZnYNgDJYpk
Xe804hXbw4M
VWmPxapZ6rE
HhZhCuoifz8
Kfqa4hXVYf8
iQuVDbYHo5U
r-OujQhrjkg
rqyGgpmEi3c
52iRfAaBMDk
oSVkFrpp6zI
LrpPkrLGr2U
SnXdlYR4eAw
kXJdTmdZc9g
jZtWouLneow
fhIJYzbJDYc
1P-92-ISeTE
d81sVnFxiU4
Ke9k4rTTcYU
j2Gwst3C3dM
qcls41KaMEs
iU95o8jXk3g
mPO5f7L40ug
OkQTF6VX6qM
VN1gNYvnckA
2zrb9ajSmrM
dPBaYCZHLtk
YYjhC6CFQFk
iW3oLMBr4sw
aNQFF_foGe4
-1Wn51F4SnI
BSQ6jByBocY
B9IawChHtK4
BF3f7--mRUU
2lmIV5cukFQ
OVF128vacDk
7ocPsidDJj8
jyMgvgdZfRY
4BTbVjocM2Y
7ufU5nZjb8A
fcJFyP4ciOw
8QOHwRei74E
jUsTwMczGOI
uVxuKlFI2rM
zVzISpec5i0
2SqGINWsZuY
AuXxTnP7-9w
zUqf9twLAEg
LiXw0zfVAIQ
Ltzj6nEJqD0
13QDqjdmCaw
wXdE1tCeJL0
1oHqMURA72Y
IyFB1f0ScSQ
F0cdYR7kXrc
jKl079eT27Y
7gQDwFPGkgM
grLX6GbVXdM
rN__cjF4Wuw
awNO_Kl9s1M
okGWxnW2Q0w
in0B_CIP2cc
vQuSushR5Wo
PlhECygj-G4
6szEK_H8rHY
Q2U3UMIPUP4
_8R3HCHfGkg
ZGDhsBR8G_Y
IhL-InxRArg
dJ2Kxhxgh4Q
eFXYd0S443k
aMnWQ7jGyQA
zw0uM8oILZo
bFiVGSfFauY
jMbx2u8KpSE
SGFzeZVK5e4
hGAQuxSuTi4
PEKylVn4Mhs
Jgz1_AdSRz8
H_5fySsrr_M
04o7urBheb8
q69cibDNWmU
GkpAVzo_M2U
uHp1MwBpSjg
sA4ql9i5ttc
l5s0c369IOc
NNMQDhIzkEI
YXEFxJjqj78
2Lkq5xLKRts
-fAZqlDw20I
aRjd0j-sEAk
QqEmtE_g-x8
2fDSaFXz6JQ
Jhoi1YKvlVE
3H8WwtvyQXc
8wV6840gPIc
wnW9OQF9h1s
Wbv9iiwOnbk
wuAVu2dAkeU
p2GXsJsbnm8
OM6Rf8jN55o
6xynI2jhHS0
P4ljFENnkl4
u7iV-HZlMQM
DIyLuFCaJA0
EjI00A3rZD0
GLr4dCLBXYY
ZX_SMzhbDqc
P-Y-maELbww
MaPpxexuk6U
AO0Z24SFEuw
qkQ7o-gWWng
g7Z-p0auyEw
akcUynwFsC4
mqGs5vuAOxo
FFGQHBM7HTA
l4j1hetjNoo
1ucwCD9xmGI
3lleVT_ZJqs
1qE0VsydBZI
L7RhLZsy8E0
eXxY6NYxVJc
gOrkA_XJ4FU
6ypJYind7CA
pK_YZ5Lrrsc
Ddx1ohQeciw
NWmeweSjacM
PIeZO3e6tZI
KU9CLiWL_ig
yII2xC14GKM
YnSIOlF132w
Ehh9ICHLpEQ
BObokbI2zXQ
eqztax_vquQ
pVNm2O98ZFo
M7SJ1z36lWM
G-_TFm3zb_k
aFtkw4KJAF4
xeUVRrauQI0
hh8N_3Vcnnw
5qJjkEpQ86I
Jlmu1zEFLyA
uIrTeq739v8
jQ7m8G1mlo8
Rz88P6tL9wc
hhsSfSg6uMY
Cwhe1FNBf_g
1skZOclwWpo
kymvEXOo0ZA
ftm5r_bFIU8
-IOG_pfz85A
wew9VTmIH50
4LMvDN9jK_E
aZ-zKfqAi70
DtNuullAnak
FVCIT94olBY
DfE2CNJKNGs
clu5uc-bcJ0
t3ADKflgGZs
fpfZfFzv5Gk
4BXLq-PulrU
GG4W77xc0xY
TjTTLbtsL38
vF8qLWI0oys
nUAqBeuf_Tc
bPJ9-yjUZAw
jRSTCP0Gvis
EkpiSAVoFbI
6m0sPed-d_g
zSU_ZUtgAmU
O5wGgVWvluk
XS7-bt3gTqw
LdqSg8TEkOY
6Q2FIbGXPz4
rlv7Hp8K1HY
nBDo5PEvrbw
NKuVC2yydjw
GzGTOizEkW8
f9xRZIbHDso
s08mcnOgN-k
ozuhBB53e_s
_wlpFqcQu8g
8XXHc-Q1qC4
mzLfUDGfRDc
3J_JoMZTINU
KQi8Imy0r5k
rfQ97vddjoI
wiXXp32lgJ4
UJRgxcDKFMg
KpzTwa9M6RE
Qo9ZtAfi8t8
Eo_mD6iRlg8
-yAiKPeAiHc
ESII8-fse-k
Uuw8bqDljCg
7xNGbzPnlHQ
LSaPDs2Olmk
BM-HiNfmCqY
0eKv99j1TV0
kDuO2GP5Sjw
XjHAZWYv0I4
iWzTFNvkpDA
boXw1RBImXM
JBIObUOtTEo
OdRJc1KSj1A
OZkwSZRj__k
XnWxFb9FA58
-P8UUoqxjzc
zEQnigTsQMM
-oiUwTJLnms
saYCYmRF2tU
stzBJfWApUA
SLvbC6296AY
Ibmj-Pd2t6U
IylN2H2zIn4
R3jekOzKnmo
zIdp--mBdi0
khpBu-isnMc
MjMPuMJ0urQ
2x6vb7-Fqms
cXppk2ZfKg8
vpZ7C0jU8n8
lSli3Sh_VkY
olv0HF7wgZ8
pJD1y2EPd-M
rLzoZXz3kV8
5zA01parQNs
L0FKJPyO8Ps
KuvNy7amVmo
X2am3dKyKZk
Wg_5UYggefU
ERU_IOtGxfg
cu8cd-oQqIE
tIo0nbnyA10
N4Z6EvLbBDY
lrbKuOaVF3k
RQL7rnhQjfM
N0qtic9FFF4
qzW6XUkZTNQ
Zx5FoDSc-0U
FuFC27-ymEc
ha2fD9sZLHI
rcXSXvHYUVI
eH7GlaXpt3g
ez3LT9POAzo
_ZgcqcEvzyE
Hu60qikT0ks
N7R_xwnpu0k
IiGhALxbtK4
-Y4OThKlJSU
nv7MDyWVwcw
GOjmRGox0uI
qIBsLuVJQCc
W4LlRNSd1ic
cGIM8EPsaaI
VYrKylvONR4
92QoU1iX7Bg
a9XN_E5bRFk
W6VnC_iMUPw
trJITQq6vEk
KiLQmFUkuhM
fsp8nzEtFzc
utIl6b5-KPE
Sm1lKj9kIUQ
j-9L84gthSE
O3FcRqUuzFU
xJvDs_qrihE
_ByHQ5QA1S4
oUCrGEw3KOE
0ZRbIF1PUec
-Sl855JAO1M
Khj74Ah225s
JT05mByzByQ
lTMEMi0s9rM
_8LbotyfMZw
_35SblGhoGA
3EcCgQkca28
jKmq0RiPUJA
5oJqGOorZlM
KRU5uu2FtdM
QqrkX09x84o
2k29CBPbZho
JLOaKknzWVU
651BiId8wSQ
o345bqNmq_w
6EYTXzbNDWs
y08u0obRBuI
i8l4ZFIxB2I
MrsfB13V-eU
IqpRHOqKKrA
bYm1GQBgHNk
1wFubUdBtGU
4WEG9YNlT68
y_K6It4Sljw
H4Dwal_A0Qo
WyzE6ltKzik
zvLpXIYLrec
OLtcgwL69Lo
xRyjy1UgtmA
KQ4IKfrkpVE
9yU9gLP7FcU
PljemWQYgfg
qr_EidSE3cA
Yr41LqOqvwQ
KNE7TD3bK1E
u0J0aQJyAys
OBUxIu7IGCA
_rFKJMcXrBk
Zg6j5nXftDQ
e5FWC8FiKZo
ff04LytlUCk
RP8ZbGMjwOE
znVN_evtZ1c
xql3EjEduEY
7hyIlrfGR5g
jwA1VeYpvaM
ISay-Wb5wjo
DYXecy66D8k
Xhcqqy6CVnI
WtXfIQjxySY
fnYwZAPFwBs
s5b734YY_QA
hGGK26Hkn8k
9jnBhp0ZKXU
cs_YuodGJ5c
T35TbLHNHzg
yfrmm_Fey_I
nI4FbvDDuSg
5m8SdMf_hH0
zJ2byAj1n-g
V9bLaKIN4kA
R8RFjE0Bc-k
tyr4YVbVsCY
fVjrigAIzno
6rLpXV67Y-0
Oa9h6XgT4x8
t0BW_ac7xkQ
vJKJbU1Ha0o
a0TA4BaCrVM
H9egLkUxgAU
gKWN-JeRxwM
E0LI9m5xjN8
hJ33YwjOzo4
3zXJQ-3fmyU
vAGXixGRx60
qIZiG4f0D8M
F2Z-6HHtw5w
Zwwv3lTKuqc
iUzQeg3Jkqo
D97eeIrnsmc
OK-0D931lf8
UhVOglFYXUc
8JP6IR4Y2Gg
efAMpLjEfy8
sGSH0Yw_3co
OjcfkcPWGUk
ysZYHOhAXbQ
n8FY-2Pt7_U
kSPyhhNp23s
vVw1aPUybB8
TZRvzQMIhRk
rcj5DJVvvTk
qq0FW-k9Nzs
Qyj7gI2kMW4
_sGut_Qu-cQ
buyUoGJVZFM
6mzqahILpAs
RRqijEemkxQ
WKCiDSEKBJw
dIruZCoFSGg
SbtclliJY2k
wnSsknXxEis
eMsp9O0E_jE
Xs1Tac6o8FM
5rHZ4add0oc
aTLb1_m-cGg
HJXyYoPrwd4
A46uYfs04Zk
9uRofx03wKs
UQUbCjeDBvk
-WvD1K2JF2I
16igeLK2slw
_hGIKiVizt4
vqkgKhqZipk
2G5-9tsvfd4
G1dO462ufLc
iUuJN2X6T3E
XprexMnWuBc
upmtHLSdpxk
wyFNS9nY_V0
UUb6LngRZ-8
EJy1uBkjd4k
a_FkkwbPokw
Vb687ErA7_I
UPRIUDPumIk
WPqxxSpW0cw
jUbny1sBsCk
Uhcfr08_Kq8
fkdIIh_QC_0
r-WFoN3ya1I
7BGouwvMbsw
khUgClJOqAw
31UisPMIMko
veIVcMZc8S8
5muQ8QH3ffg
LMVtNEZUqFY
TcL7wr9kIx8
0nPgeNk1FUg
raIrRERM9OU
XISihICHxqU
S63IwmDYyZo
bzh9oitg9-k
c-xu_RqjAh0
8kVYZseEraU
fhh5OpZ2EDw
nInMkLDJA5c
fVptNL_iIvw
1b-TrrQ6uoI
WC7PEUZa3II
xlPVANF-cgM
3aipwDzC2hw
pYqaYJp7K90
vlKHL8s6IVY
anXmPK5a5C4
b4u_FJHWkTo
gt18LHhmuqs
RGN-90S2fUg
30wMUhK66Y8
Vo7E1QpK-uc
cihXfGTKNJs
fVPEQd2qGBg
UHWM2r-UWzs
67Bw1R8X20c
nMEhNiQqZfE
sC0nkTdh5UI
un56JUEJ5lw
bT1DvYD-L24
JokEYAmkz1A
SeQzW0MaAL4
XXDrBNmaNJk
pgkGFog2sGE
BCGD3UjLFA4
jIZdz_99QyM
HXkU_9VWQ0g
eIo5vzqeMMM
EwLi-_wRBVA
LPXomZFWj3Q
CJILCAv5agU
SupNaQeJrq0
uKeUpFb_-ss
e5Nla7osDew
3ajRI8h1bxs
m193J1vAk1c
2muV3NO7K1w
VT3fg-gU02E
CSY4vBcRR8E
j4S-SVGd3pI
WufXGMee6Ig
QFKOL_gsl28
rZgljiUCeNY
edhFknyvLRY
GZ1Fbr02fXQ
yqz4JETekYM
oVDhTa-qIMc
rVp_pXTCRU4
s2d5QVq3aKM
yTcqesSBz1s
JXZzNaFwF4M
fOgIljJK_lE
uAR1fp1tbds
rrYD4avzSWk
8vEiYwT4rek
syYge8MJTN0
XhDpSxRKa8g
PkQuVRdLdQs
O5lXdDEkbts
1NPhg0d_lrk
K5YWTFW5WMw
G6-rDd63Ims
w7z_WeCjHw0
ZBdJrVk5CEk
4_gbGw5EHRc
dudN6GqhaYw
QBsophcCkuw
QCMqkkiAKeI
iKMS3PsZ83M
r1Kju_-1sYM
46QP8mRL89A
n93ukJkq9M4
XjuPRtMH72A
a2PxMnePoNE
mLWHE_hFi-s
HBGhWYGVp8Q
m6VexvA4CEk
185xezCPk4I
chzi380-wdU
9A_k_uTf3Xk
rAJYbv930qE
xGSS2SsacJo
xypyGNDod0Q
HYT_sGJ6DwQ
ll12aEGS1II
dTZMaj1G6G4
Ah5HE5R65P0
v0KKzff0mtg
RBXSe3GTcNk
DUtc_pcmU3E
mdt6ahWAtBg
cwbTekCv5cs
o5TRfOC57uQ
g99EF4DHoVE
ds4-FmWX8jM
K4Rx91N7BUs
HD5FEObrNfs
LMx0OeBe6iU
2BicnqotXXM
9c13H3HUGlA
yAZFO_-wghw
LCvk2osVf6U
AIobFLnXFuM
nzcxBWlfkII
WYHlxqQkXFg
tPB7gOtedow
6Yi2W_tsL3M
shWNO8rlB0U
pWq8j0yXkMI
eBgJl-GeTFg
RJMVQtZOszw
DIOcmfkhk84
asDjcgiwIiY
xdoYxd8BnS0
PxzLZRs-6G4
L2ktpyXJ0ME
oFuJ0-TD_Os
YSe9j4w9m1w
LbGiOhMjAcc
Hbttk-3UAHM
_CzBh9vMh_Y
1N4G8qpgROU
knHZTvdgbTs
2JB1bKe-XgA
iJndIbxeuMU
MhXREhdLjlk
dNbeyRwT8Uo
larJr4YdLn8
VW_A47SPRsE
soWRAqNPT7Q
wK3JaGlSYQg
80H56sYTGNQ
W7bwRU30pUQ
Cd1sIwCLtIc
S9UDBdOjS2o
dReeCb6ntM8
1M7Ob1RugBw
XwV6Pu36Aic
yduPgkZUXpQ
cI2rDdKWiOo
8cKcKV3cxZg
xMPAOB-VBf0
iLjumr5vJg8
SI6Uv_TSGdg
qkdbfC_2BCI
xJCsrIYITyA
nvANSPBT4wc
JvaZySdlaTw
nHpwL5a00yU
aBZwJ6kogJg
V2uNKqcsAeg
ZL3gGode4pA
CJjFo3gz9rE
fp3V2Vf2KKk
W_QMQV06138
oo9UyvLwCX4
Yj8ztx7zi6A
4Z5GS_mtg2s
ClD6Smti9Xw
bM9fOzwDRlo
OKmXwyVODbk
aB13qroJqAo
KEsdv-vvip8
dtsmluPK7Ug
56BYMZfM6KU
LO2bHcbyKyY
qDgk8RAckCE
OBjM9cBPZ-M
4mElrONH0uM
zOWKYYXtpV4
sWTU9lfY1xk
xwYJeP4VsGs
YlC8n7kJEwk
Gp0RzvbC8Nk
7eaG5SRuWjU
67RaP7EXAH8
BaI4Ospc3KY
0WeT2wwVwSY
bklKkqNEX5k
z-NEZC2uH-Q
u3gmmbl9C1k
EwmVAFRpT6w
m7QcxwF_-70
a8WYLYIh2Cc
Z_Y2j_vEUeU
miWA5Ky4xF4
GLlnh5aoEJI
uwechBl2S5w
fksQOWKuNDE
99nPlwJYw94
VXk1qqWfF7g
17IikZaFlVo
7UCSaZ8OWTQ
liQ26WKcnXs
sxChr1OlqIw
uJhHo3sh1Ek
rDdcthgg_r4
1h9k1y86UA8
M1EDnkRY5EU
OLLAMXNHcT8
1mi2bmdQnjY
KoyNnRxegl8
gwwM6l41Yyg
CV5UdIf428A
rbhrz1-4hN4
Qn8j5KruazI
s9VWxyzpEHE
YmzDAdMwLh4
UPFPmjnPsBw
1smsTNCTomk
OxCjvPEjV-Q
xnL3bErsvDE
QuBMb8S5ksU
bzwTjfEwl40
awDK3tkkNzM
MS6NMqb_8JM
oufYT2x1fJI
Z5Yd4WiBFGk
gs_ijtiuriw
TYPFdDhrUBw
p2RjrEopknc
bD37jPAjEFs
-9ykIwC21ms
bSglOOkrbec
-VjImrRzxQg
903lQ1Uasms
6AAs5ruNWlc
uMTfMOSDG6w
FB8hQiO_JuA
-3_QOgh1vU0
yUKygxNwkso
z-NA94Buchw
llKlUBkEQAE
kjQoal-eD4I
uuYorp9xTts
SRhBa3qbues
H6l87xnJSZM
nVJUNxL6u1M
GWnT3I2zDrA
iHq7kE4-YbU
OeXWh3Q4QVc
OlO7MhsKgdo
S7AnMQtVZ9A
tHtdywWHvUU
fpRnJx2d3e8
klmfFA1SiXE
U_JIMjQV9OY
D3GNOHQuTI0
Q1IAHbgYzTs
tr0NuCZ2NBE
buDuxjE-aTU
W05ZobGJye8
lIhKWTcKKSE
jPOxeBT5xUI
V0L7oAKcAVc
URoTWFHRD-I
x2LC05R6kEo
wHsejT1VIvQ
AQCozb0MQ2k
my-g6XdV8xU
qIOOYRq-mB0
8UH3YRZ-Ci4
egx1hP0fMmQ
eaUxugH2LgI
90ImDc8d4vg
bvEIvGF4Pr8
xqN2JzKH7VI
YnHgkmvP_P0
Mvxoz5DSQp8
atM4gNrHLi4
B9ctFUzOyrk
7uN-uq9HdN0
Br5WPzy4HHk
tqv6wCekQB0
Pg2TYT2hDOs
FdGyadWCsl0
tduoX9RoOas
WNkxJIRpVLg
TawDiBMcUaI
jv8MdoPo0qI
MFjnK-XlG98
rCsjFwNl0UQ
6_8ZsIArybk
9gv5lt9WKew
Lg1OrnvVa1A
_WpINaNK9ps
GXPGqmUySo8
HjTFaVR8x9I
XPJsatL6dMQ
M-llNzEuejI
Yn3lysQXIfc
33Abj0Na0fQ
5pJtSPlNmjs
A_kMvM0hWho
YbezVLdWTqY
U3qF3tnjF34
IWZWdAW6oNc
NK3fvKWT-tI
OgB-OxzUuI0
7bAU1AIKe38
6mcLlOxQUoA
45QlYGSfngw
jpNZe6CuSQU
js-hGrnc4qM
PpeLBQ4QduA
FZhpK1qiYN0
jT2VGj7hsTg
apE4-60ugVY
rgjDXw43nEM
ZTzZxPcsET8
hwN_tYfpkQM
y-3U5-isaHg
22jwD2PGLJk
qZ_jZZu9x-I
Vcie7vYjk1E
QtbIiqokGnw
GeND2SwFfEI
bKhUUu2OTho
VgQMTLKmwrA
T0bNxVudMKk
KmuDH4hQAr8
tFpb74XlJ7E
W0d-N1sxqF8
VkUcwN28Clw
Et-PPjvlp_g
YF4acXaAumg
_eC436Ta0eQ
THu0dRMQ4_w
wPmzogCx_Oo
DrxNHhT6SFs
oCXVhOQ6sNY
dbpevauJp7U
DqnoA3LpnIY
tup17WJHWu8
n7YgPoQk74c
CU_EnuUsLMU
o1u86FjLmj4
VQ2kcnEAG2s
iYmDmSgxOk8
GiWTdtovt6E
SEeo0kmBH98
s2ZXzGE0hQ4
1j9cQ0Lck5E
EzzbBqeSnm0
5CKtsVPdQsw
GZ-cVbGwXK8
KUlYiMzKe-M
0aQ8pWAVeZU
8QE71okwHAY
PxytIdlAo0U
ulh3FxjG7TE
kvA4kxty2l4
ABQjuql9pUs
1Uo18heUnrk
6SIRtOkUgww
o_bHNzjpWt8
QPPHjpC33uw
D56I38zUlAA
0U15jwe9vrs
3LaR7dwSvzo
trpXOowObDI
