xy_M4pDjafo
gOHoSuDEO4M
mU2dhPlJWyY
fRj7Am63wVc
PbBDP1Elbbg
vLxjUNINfnY
0eO0pPrGi6o
2Si7ah_h32s
AcphphFoijY
LQ5Uj1nryBc
wOclF9eP5uM
Fzq_yuj-oZM
FTrxX0b4I4o
EhBhP-zk0_I
EuzAbE-kPkM
77xMVKOEZ5g
UTsK8LdDqbU
LsFdROZ2OdA
tecocKSclwc
ke5jUHe4fII
BssdOyLB2GU
JlfFcPYaJIc
rNCw2MOfnLQ
J9A55q7AR6E
T_4JBbeGsSE
ur9aGqcmq8M
VjuFaPAIOHw
sjdxUiAJ0UQ
TUvquCOGs3U
WhtuC9dp0Hk
erYf6NNw8Ec
8E-oqahDnb8
RZvvZslgEWk
aS2NB8CFwZc
Qo9gcZ0r8k8
5mkeoVpTaMA
EFeEAtXdzFU
M5YKW6fhlss
MH4GgKsf7-U
8UnfCkFVQ9E
5tw44SkkXQg
b51G5sB2_hM
4kxzD4ASioI
FY_ZUEKWhBc
OiND50qfCek
KrwtWKPAcRs
kn-ER4bL7f8
EyYdZYqTLFU
p7uvqb8fcdA
QhULJr-LKbg
9sSLz5t7a5M
gIkMNn-A_Y4
hxhbOvR2TGk
3xdmEwTIsd0
ovSW1G7wrCg
04ht0kSJ0I4
ih4dY9i9JKE
aax12eYKd4s
qgajQD7PJp0
UvtYn2j78gw
o93pM-b97HI
eJ7w2I83ba4
uNfUAJBuZ0s
GoQG6Tin-1E
gQGWqA22s5s
c7fqMPDcKXM
A5GgBTFSUu4
EZsaA0w_0z0
w4q1fG1vh5I
DK_vZuLYHcw
v6uRuNboy4A
uJFdLKkuYc4
pLlv2o6UfTU
NgVSHXOz3jI
vGLZDFHnnwk
4k5gyYAAEEU
5l60dMUhY5o
fDzVtXbtEow
uHUO6PrsOzg
rRhHY7Mh5T0
L4aNmdL3Hr0
7qlRjqUMX4E
sYJosVHkwgo
WavEcAsI2AY
JBlm4wnjNMY
u_JmkmPYpec
5KZx81crb48
1Q5cPfbmSD8
bmsTvIJamIs
B99H6Ygnzgw
xOkJFrXg8V0
HqH-6yw60m0
go3AwYghhdI
Fx0Z6y2HmlM
Im3GkAYUivE
BT_JUbpZ1lQ
vku2Bw7Vkfs
UPvwpYeOJnI
K3SzObknn8I
-jw8osY5QJM
IUn8k5zSI6g
JoscDcbAjbY
jUM4RkZ1tuI
IkYimZBzguw
jmLid2x9eKg
VpiLucwH-AQ
ivWXuOd5SrI
QdmG6uUtB4o
QmiwQ0Kosa8
uMzuxuA1POU
uTWHMchUlws
wo1xlefg5KI
2JdBH2tys6M
xiiaed3puhY
oOuu8IBd-yo
JeCKftkNKJ0
sDIvfEJ59XY
XjDDHnByfuo
WWqE7YHR4Jc
d5CIm7hJXbU
dfsUz2O2jww
KMVnscTctqI
NOK1nMiiTWU
vBzEGSm23y8
FCpqN7GmLYk
M3K9uKIMob0
GpiBSFMFe-w
DA16n8ilUp8
YjuZs8PFIEU
V2381lUhqc0
wxzz31ww4M4
-YTC3A6dEGM
Gx0fAjNHb1M
B0CwRyBlt1s
7_cs1YlZoug
K4CKmYSMT_0
zMO258I-7uc
YK7G6l_K6sA
Cm0vFoGVMB8
_M694ED8GtI
DenEXMVt0gU
bRrfsv9hiX4
AGh66ZPpOSQ
9UKGPOwR-iw
yzAdZDK4XKA
ouTJkNLepF0
QZ7kgmhdIwA
UC5km6-o2oM
5lp-HBv-3bA
iZOXW5aaCZg
51bLRF02b4w
oc3dWwbctw4
9TDjifpGj-k
3FX07HzYyqI
5gxHbYI0uy4
2B81W6nNds0
WWagtGT1zH4
UdQreBq6MOY
mdvfXzCoqvA
fSEFfWf2au0
PPD8lER8ju4
-FYvy3_egHw
fXRpTLvPdT0
RKOPoJzqH94
vzo8vnxSARg
pDFiY81TLIM
VxCORJ8dN3Y
bf3egy7TQ2Q
0wDlLwLIFeI
O6lENrRANxY
1xrcHQB5EEU
aRKyJRAxjpM
yDEvXB6ApWc
gxiLuz9kHi0
2_ktCNGYbrU
3nB1Ntku06w
rBjft49MAO8
iGiZXQVGpbY
ZjAqfh9aY9Y
A1V-QQ5wFU4
uAxyI_XfqXk
9m5I-HO3w8w
-xbtnz4wdaA
jL9en6NvQfk
F6Su3rBxea8
FS2ndY5WJXA
btGYcizV0iI
5VMTeBoEcQg
Q_aXzpeam0s
bkVsus8Ehxs
snJpYLV7bYA
ToC8rFFp88Y
WR0nMTr6uOo
Be-A-sCIMpg
GcReek3z_38
U96m8inKt24
oZCskBpHWyk
rR7j11Wpjiw
dCBDUDwaeCA
J1IyUPMXwS0
KEEnap_h8cs
OyddY7DlV58
bDQkpNbsly4
TVaZnxYKKdM
5VI3qcSuUlk
1xURt0maugI
CzNANZnoiRs
DvSTlxJsKzE
rh0fxJkvL44
XdvIsJF9d9s
Nlz9CCZSJ5I
ZwqOoD17_LU
cmRcoJZRXEY
epCOGAa7tRQ
kX0jHv05FYM
if36bqHypqk
VXhLmkrN0-I
GVNy3x_PwFk
Rf-fIpB4D50
QpYrSLiIoKo
YvtCLceNf30
b3mj4QQH8TM
Uxeqt6dIziQ
kkBDa-ICvyY
TAdkzxB4WFo
-hjGgFgnYIA
jQpvph777Pg
NqDLB3JWfds
GtV-VYdNt_g
9iUjvNtgWAs
P05G89hgrPI
bVMGyXnnoRM
bPFNxD3Yg6U
oXf0F4GYzWQ
RokCkouFFtg
xLKUXI0enbg
2wRcDM_5rjs
HMkllhBI91Y
AD7N-1Mj-DU
nGlQkaoIfBI
bZBmOd83Fds
hEWY6kkBdpo
sPwJ0obJya0
VeTeK9kvxyo
98QmnyyIXsY
R4yfNi_8Kqw
dhgEpr87Yac
KriEIJ0ubh0
sNWrOuwzax8
gOp7tYFk-38
kn83BA7cRNM
5xTh44G6RYs
D9SWRByzDSo
LEN8FZEKaNU
tN9Xl1AcSv8
4zdkun4xzOs
8NGlENS1qgo
qmpDK-8ib2Y
tk4dIgIG5Qs
sxQaBpKfDRk
VPYOs0EGgJk
hYMk3Bk08NA
PgsWcqATeLQ
VoZMOmjXENU
zouPoc49xbk
mtHilmUa69M
S294zRodS_4
0OCPQG4bMFs
qk0-m_LARCY
rtepIKeNHPU
pIgb-3e8CWA
wF1bYBrmLCk
SWXNSkE3YEk
5TNAz1HYg18
6iVGuMyKFgA
eWTz3KBCxfg
klXMVUR-Y7Q
02mqlmcZzVs
zTi3_l5h5PQ
XJc9iprkVzg
yaeiCEro0iU
rIrLuqTRqr0
DEHsvQ3Ylwg
zj05QxebnC4
kJ18whKduFo
r0T3gpfH_-w
04C3B1Ztwf0
3XkL0qQ21Oo
PubyDwbNqYA
gSddUPkVD24
fOvTtapxa9c
JBYqV2sK918
7myLgdZhzjo
9EbZBJZruAc
esa0NeQI8oc
-4E2-0sxVUM
CquRz_cceH8
iNw7RIOY7SA
UFkVWnk26rA
H9ipRaLa4Jw
Yb1_4FPtzrI
SZN-JbiEtvg
jBoOpXpJhro
z-EtmaFJieY
3c8YoB-cyY4
Kqt-_ILgv5c
XEjvhTHNx3s
Q3BcS8Uwl9U
jhXCTbFnK8o
TCs_hyI15R8
eBB3RKazIj8
vR_l1vTfaNk
_GzE99AmAQU
JeOimlgs5tQ
wslCc0Di978
R0qkSTvRQa8
7lIpcJVbbSA
bPVaOlJ6ln0
SQONLdb1gow
b350ljkYWrU
Kcfww2-y2K8
zU_1ClPIOAg
guvsH5OFizE
KlgR1q3UQZE
6rts_PWIVTU
Ik3Y4Oq6TwU
sgiZb8jJgF8
t-9cqaRJMP4
GjuV-XdYHhA
qsuqbPda5uo
ivCBfJ1v_Qw
AEaKrq3SpW8
mLhwdITTrfE
0a21mndoORE
3QhU9jd03a0
x2y_SLOvOvw
c8PEv5SV4sU
sWppk7-Mti4
TpAHZJc5In0
TEAtmCYYKZA
L_2JaFnkZ4o
XevCvCLdKCU
JE53JL60ihc
XIGSJshYb90
0AKAuRby7n8
4jHwOavsT7A
yBG10jlo9X0
TARsoxST0tQ
M5BZou6C01w
SZbdK9e9bxs
DeiHz5tzlws
FyZFoa7Vu1o
wZrpxf2ebDM
m8i38Yq1wX4
WAIUkjsZ5xQ
RtxtI5IGrfw
eAKHGe6x8n8
f-nuAvmWaq4
7Jr0SFMQ4Rs
E7CwqNHn_Ns
SlkIKCMt-Fs
udj1FReC2TI
cCY-4NxXCU8
4RPtJ9UyHS0
IhuwS5ZLwKY
zBodqwAlW3A
AVFrgncE7CI
qfu0lbsIGSs
OtDxDvCpPL4
06IS_X7hWWI
RW1ChiWyiZQ
mpQrcxfNl-o
hry3g8i1d0E
BGq9zW9w3Fw
iW7H1KfSJ8s
VfJ-6nQAmtk
KN8YgJnShPM
1esRyRV8H2M
YDuBh7VbGgU
GrTXHeSHGSE
opQC45irmN8
TQCr9RV7twk
_wFZ5Dbj8DA
A90jB9WlvYY
6KfBNrHU_SY
26QPDBe-NB8
atDL_KDHJ-c
UUukBV82P9A
6-tKOHICqrI
AHz74SD0Nc0
K-RvJQxqVQc
VA3j5_vKQfc
lY_AilCb6gk
O753uuutqH8
WbBm_YLwowc
ue2PPZnaaNc
ROOV9tucra0
7TycxwFmdB0
IiP2y20e8Xc
X8_uTpbrHQE
BsRSL3duSko
-RtBAa4YCgo
DuDz6B4cqVc
Vyq3YYFlzpQ
cpM-pfh-WWo
K6XDyth0qxc
rL8X2mlNHPM
L-T2SSsMREM
RV50AV7-Iwc
blFaiB5kj6I
HaBmjhmKWTs
l26oaHV7D40
kGrVhM_Gi8k
J2se_zimj40
V7ZHd1xU2w8
RU1u-js7db8
69VF7mT4nRU
VydYtsPjo1E
L8is28gAOTc
nwDq4adJwzM
Wg9FWxpZeJ8
CyU54gV_PWM
aFkSjdaqbyE
rtAlC5J1U40
-wny0OAz3g8
XNCQ9w59I7M
pKSmcmueTbA
zMXuP0B1GZI
gR3igiwaeyc
V_NJAJGCKD8
vsnB4iBb78o
zltgXvg6r3k
4R7R-vmCHKQ
IZfGGF-YYzY
EcQ-6Zd1638
avAALYc7jw8
FZGugFqdr60
QwhK-iEyXYA
T6f1-nEjDdM
o-pucUekSq4
fpnE6UAfbtU
ZIwyNIdgJBE
PBbTkzakiM8
VYxYuaDvdM0
1I5ZMmrOfnA
DbTt_ySTjaY
lUhJL7o6_cA
TlFVFRkEfwo
1GSjbWt0c9M
YnCJU6PaCio
7fHDIiqLz9w
qO_W70VegbQ
gI-qXk7XojA
4eVFgfQ2694
7kb1VT0J3DE
LN0ucKNX0hc
ylXVn-wh9eQ
HeX6CX5LEj0
AInCqm5nCzw
O5nskjZ_GoI
H7bjqRYSIPo
iRCVcuA6yZQ
SddBPTcmqOk
tpIctyqH29Q
Ra1Dmz-5HjU
3IsloHmKvWA
-ob7foUzXaY
D5sknLy7Smo
IRBfpBPELmE
p7cOwQQDI7o
Oh4m8Ees-3Q
y3-BX-jN_Ac
K40lNL3KsJ4
RsldtV4jWA0
Jveer7vhjGo
RfcqcrkbvsU
wWRcBHL_Wc4
9kgzA0Vd8S8
H0CTHVCkm90
bMQprYPlK54
pQp6bmJPU_0
DpDSPVv8lUE
5fqwJyt4Lus
x4lPCUGxx5o
PrvtOWEXDIQ
s94suB5uLWw
2Co6pNvd9mc
-a739VjqdSI
DOhJX7SqJS8
vuCJP_5KOlI
8bIys6JoEDw
SUYb29YV47w
ulkM5f1fxRM
r_UfYY7aWKo
-w-VTw0tQlE
wRHBwxC8b8I
yvFStAP7Uko
7EcjYQj23QE
g-wjP1otQWI
FOoffXFpAlU
rR_mmsfIzzs
HXOok3mfMLM
gDL4Zf2yEa4
ZrMltpK6iAw
dD1-Qcl8fSk
ZEwbHWspFWY
mdulzEfQXDE
NZ5duzln2wI
0f6K1bzXCcs
TFlVWf8JX4A
Y7v2kESrqDQ
BfcBjJ3c9lg
p1woKh2mdVQ
drtZJvTC9dk
1ESU5ONMMxs
ezn5ALJUlYc
4i1MUWJoI0U
G30m6XDBTh4
ADTTXRxVUcY
tuSC0ObB-qY
eAHYT5gIPZg
TOQTZ6N_eVg
WOEvvHbc240
zmwgmt7wcv8
8vApHy0CDE4
hvfs4jIYHrI
KETTtiprINU
qqOQPv2rv_I
6BHbJ_gBOk0
Hlpv7nKt81A
vCGtkDzELAI
XDsk6tZX55g
YWNcCs__vQg
39EdqUbj92U
wWZIhgluQvw
qV4lR9EWGlY
WfNiQBXmPw8
3SJROTXnmus
MYJBRWT7JGU
TfYCnOvNnFU
bDpW1sHrBaU
GxM9BZeRrUI
ORSUg0C8qR8
jxstE6A_CYQ
ak8gydUl9gM
W6mQd4bnDEo
TVm4ckokD84
fJefjG3xhW0
WXKgBIiP8IA
17WiQ_tNld4
FfC4LPYxTrs
b5SqYuWT4-4
4kF0U8kIMp4
DutGd0f81K8
UsZboqOPLUo
zMTERytCNAU
trqDnLNRuSc
YZ5j5fy-LiQ
9cbF9A6eQNA
-TFCMK4i2lo
fa-TFvPKpog
b-HZ1SZPaQw
GvFqifSJHZQ
mjQwedC1WzI
eE8Jac43RBo
fmXFWi-WfyU
O-t8-Vq0HO0
YaDvRdLMkHs
yq2n11aPvog
Y-QOfc2XqOk
MjWdhGRGL5E
tAvA_cOeeOI
w4QFJb9a8vo
S93jMOqF-oE
34zvOgLZOY4
7gf6YpdvtE0
4XQXiCLzyAw
AYkhlXronNk
x4F_sZiAl7s
bpFK2VCRHUs
9AzNEG1GB-k
joG6-QZc-fw
npOPGrAcFLg
fo_pmp5rtzo
gs_gY1K1AMU
kKKM8Y-u7ds
7Qtr_vA3Prw
7e9v_fsZB6A
r8gHnuv7U_o
w3BhzYI6zXU
VVPly3Ts074
AecowUb79Xk
IGLdlkZozpI
jLJLXka2wEM
TgisehuGOyY
H1lv3cOmlzM
ObHJJYvu3RE
cbBKoyjFLUY
FmTsS5xFA6k
QPqR2wOs8WI
ZM8ECpBuQYE
-X8Xfl0JdTQ
mWwXmH-n5Bo
FVTNtlq3-44
kXhJ3hHK9hQ
5C-s4JrymKM
3km7--BDx9s
dqxQ3E1bubI
MLKrmw906TM
PCcVODWm-oY
PMhIQNkO_Y0
IV-8YsyghbU
mlxLX8Fto_A
Sb_-wfmJnHA
-wrCpLJ1XAw
OoO5d5P0Jn4
UWImfFax8Ew
NKEhdsnKKHs
_tULRch1PRQ
0ytyMKa8aps
8lPbkHVxenU
1A_CAkYt3GY
sDqGzMdhL1M
6yLY06tTQ1A
hvTg0LZUAeY
BlAfFgKQ5r8
f6LKl4RKIew
13JOGWzY8kE
mgdq6DOTU3M
BNYJQaZUDrI
6F0g4N415uw
jDF-N3A60DE
01lKDkYSFDg
UChiDqgUGRw
BGo9Asfwric
IGCVTSQw7WU
eNxk5-EJFrY
szzAVwSidPs
rd2cf5hValM
bOvBA7oIIgc
gzLM6ltw3l0
2DFN4IBZ3rI
3midaQqm7NM
PkltAl_cO5Y
9B7Ix2VQEGo
GIJK3dwCWCw
0xMCWr0O3Hs
VEmOUHxessE
9W3RsaWuCuE
I7orwMgTQ5I
9MpVjxxpExM
O15R3n6iQ6w
BtsSbZ85yiQ
2A5QlpAyKSQ
geoe-6NBy10
3njU20j7chE
SUdAEGXLO-8
eermkiaFoWc
Z2zA9nPFN5A
-XQcnO4iX_U
tZvjh1dxz08
_O2sg-PGhEg
jEaSMhBlKGI
MnhFm5QVVTo
BHw4NStQsT8
I82ADyJC7wE
RFDatCchpus
48EZKXweGDo
tj_QPnO8vpQ
GPOv72Awo68
DlqyyyvTI3k
j_k_k-bHigM
W8UI7F43_Yk
Dugn51K_6WA
l128tW1H5a8
NflULVECAFQ
an4rgJ3O21A
1dq7mMort9o
kb146Y1igTQ
WJLDgb8m3K0
pIFiCLhJmig
fR3NxCR9z2U
gJgQR6xiZGs
qZWPBKULkdQ
3sUCSGVYzI0
jGme7BRkpuQ
P-yviKu8Odo
RrMvUL8HFlM
otmgFQHbaDo
pqgcEIaXGME
T8-85cZRI9o
7KJEHzr74BI
PWx9DurgPn8
yIoTRGfcMqM
1uFh4GTZH-U
spS_XkG5i2I
Cqt4LjHnMEA
qKK5KVI9_Q8
UHiUYj5EA0w
Mj06h8BeeOA
bHZsvBdUC2I
d8uTB5XorBw
UyHWRXAAgmQ
jfvMtCHv1q4
jM3CYsqVZRI
_4O1OlGyTuU
g9aDizJpd_s
4zKVx29_A1w
9-XoM2144tk
Vtpd0EbaFoQ
7ATtD8x7vV0
HQWlcSp9Sls
Zeeq0qaEaLw
B43YEW2FvDs
ZVklPwGALpI
Y8dI1GTWCk4
ld75W1dz-h0
v43ej5lCeBo
kbwsF-A2sTg
CWMh61yutjU
NI9TLDIPVcs
FLBMwcvOaEo
QjLcLguoKC4
jjy-eqWM38g
3ez10ADR_gM
X9ZZ6tcxArI
TuDfZ2Md5x8
9I_-ADGrKQo
SCV_m91mN-Q
mWYFwl93uCM
ZJscxTyI__s
MCodRWoavoc
eWHH9je2zG4
KZwLncHDXOM
yB9HHyPpKds
I80Xx7pA9hQ
7sualy8OiKk
X7XoUMl6TW4
bk6PDXGStjI
Ktv-CaOt6UQ
IGyx5UEwgtA
auxpcdQimCs
0pgEPKAKrtQ
RMluf6jQDeo
mXw-hEB263k
1hIwD17Crko
3gWaAJR5L18
DLxYDoN634c
12MCVhfo4j4
E8GNde5nCSg
rDGqkMHPDqE
tIvUo3bP4Eo
HaFaf7vbgpE
RrN7IxvAJto
o0DYP-u1rNM
I8EQAnKntLs
Xwn8fQSW7-8
Q_9O8J9skL0
Ie2j7GpC4JU
5vnuFJSMYkY
I-88YWx71gE
Tamoj84j64I
mFm3yA1nslE
UVboes68PkQ
ZFUgy3crCYY
RQOJgEA5e1k
qqU-VjqjczE
fnHb-zyWh14
P3GkZe3nRQ0
0IDgBlCHVsA
5l02sK5LovI
mCzchPx3yF8
71pCilo8k4M
k7dTDjRnBqU
WEZDcmEeig0
w-9gDALvMF4
QY9NTVh-Awo
ZT9ipQdYL-s
acNkMAywRN0
MuDf3BBGS8U
q8NtmDrb_qo
66f4-NKEYz4
b22HKFMIfWo
zPIhMJGWiM8
sac32vONnvI
VO_1VbQADW8
L8urcMLGFyU
eP-mv5IjFzY
TKM0P3XlMNA
VitFvNvRIIY
evLR90Dx79M
KlWpFLfLFBI
ZnZEoOJ-cxE
OZG8M_ldA1M
qxiD9AEX4Hc
TRAbZxQHlVw
8w4Ku6l7OEI
qPix_X-9t7E
kCCmuftyj8A
mYhy7eaazIk
1F0qH0EEBfo
EN-x-zXXVwQ
J0gosGXSgsI
PRgua7xceDA
v6xi8_7Fy6Y
Orumw-PyNjw
0bf3CwYCxXw
AQ5vty8f9Xc
Wc5zUK2MKNY
Jvtb0a2RXaY
n9defOwVWS8
01QWC-rZcfE
1wo2TLlMhiw
D-SzmURNBH0
lrk4oY7UxpQ
L-Wtlev6suc
rP54LFFSZ1Q
lUe_RI_m-Vg
4uArRzwKHvE
0rHUDWjR5gg
i5tR3csCWYo
kq1HUTLtNW4
uBGl2BujkPQ
ey0aOlTRwAI
pVkUCrgQCCc
H-2q-QMUIgY
3WpaLt_Blr4
oWC_AG7VwjY
MRYzW3BSj0I
Q4Zdmd4J7TI
J_poRAsCeuY
1o8oIELbNxE
Oy2XJMczUNc
XoTx7Rt4dig
nbuM0aJjVgE
7P0iP2Zm6a4
ka8csjsmX6I
UGxGDdQnC1Y
QAkW_i0bDpQ
UPggkvB9_dc
h6HLDV0T5Q8
GYAk5jCTQ3s
92oHNd8vFwo
w2efaHgJ93A
nxmWfbXS4Pw
6nEL44QkL9w
nosJVTuCHFk
4E1JiDFxFGk
1WS712DHfmg
eMVyZ6Ax-74
ErOitC7OyHk
By6CkTN4wkI
uxktavpRdzU
Fi30zjQhtWY
343ORgL3kIc
_pFCpKtwCkI
tq6be-CZJ3w
bdGDZrBsRyI
Cd2ch4XV84s
ZwMlHkWKDwM
Sgae8SA-rcI
aX7jnVXXG5o
EM1IyIyr-Zc
wuhJ-GkRRQc
YF8AAJSTJoM
Qymp_VaFo9M
4KbSRXP0wik
jdVLAG_ptQM
gAMbkJk6gnE
2NIgqS47m5k
75g4d5sF3xI
1PLBmUVYYeg
9xTz3QjcloI
94BtOtGVqLw
sUrV6oZ3zsk
wyzi9GNZFMU
mUELAiHbCxc
qdnJ02Phmhs
xeUUqPY7748
SKj4cr2C-3o
PzyXGUCngoU
KpS_AvbMs-k
YcQg1EshfIE
iJn0ZPd6mYo
8nz2dtv--ok
ir0URpI9nKQ
9hdSLiHaJz8
6lQyPgaakY4
s9shPouRWCs
HyKhIiGKq5M
R-sVnmmw6WY
F6g7S2W27Kc
HVWbrNls-Kw
mDS32LEe1Ss
bSycdIx-C48
3xM8hvEE2dI
128Ts5r9NRE
oyvDYZ6hJNA
qG2SwE_6uVM
w1Kw94qjdQA
SeEZKNmaVKw
Z8tqY8fX0Ec
9PW1fwKjo-Y
hRDjmyEvmBI
DVD2Wm4jxlI
rMHus-0wFSo
SyyrwoCec1k
jReX7qKU2yc
nDCohlKUufs
n46umYA_4dM
My14mZa-eq8
fxZWtc0mYpQ
Cj7R36s4dbM
unWnZvXJH2o
MS4jk5kavy4
vHrmiy4W9C0
uUNRIzEFjGI
W4N-7AlzK7s
0lMlJOCNpFw
hFV71QPvX2I
lUfh2ebjLOg
vo4pMVb0R6M
nlsnnhn3VWE
eal4-A89IWY
-rboN6F2g-k
icvR7FzzldM
L-K19rVDxoM
aLuSi_6Ol8M
2h4DkpFP_aw
rHxxLYzJ8Sw
U7wavimfNFE
7qgkoHoiRC8
hlXc_eEtBHA
pyN5LPHEQ_0
kXFEex-dABU
OCrxD19DHA8
CEH3O6l1pbw
lkXFb1sMa38
7aXoo-_7Pco
UloIw7dhnlQ
S64zRnnn4Po
FU6y1XIADdg
Y2IcmLkuhG0
KWAsz59F8gA
9C72ISMF_D0
thnDxFdkzZs
HofnGQwPgqs
IV4IUsholjg
Objoad6rG6U
kdy3RsZk7As
6bMq9Ek6jnA
b_SXwfHQ774
GCQfMWAikyU
bzr-byiSXlA
VfOR1XCMf7A
OnfJ0pUgPws
HGEMscZE5dY
7qOFtL3VEBc
y59wErqg4Xg
8Fdt5WnYn1k
F7flSW1PGsA
LS67vS10O5Y
QfsfoFqsFk4
DP-vWN1yXrY
i0Q4zPR4G7M
g5wNg_dKsYY
Spgdy3HkcSs
9h2f1Bjr0p4
RRhjqqe750A
BqQJPCdmIp8
Q16OZkgSXfM
cPDptc0wUYI
IIiZbXZktYk
a8LF7JEb0IA
r6tRp-zRUJs
PVL24HAesnc
nowsS7pMApI
QXT4OVM4vXI
GzTrKccmj_I
VRWRmIEHr3A
iIoYdC1Gkq8
ZsY4WcQOrfk
rY9zHNOjGrs
JuWtBR-rDQk
25HHVDOaGeE
SV7U4yAXL5I
roNmeOOJCDY
GqtUWyDR1fg
tkdF8pOFUfI
TLRZAFU_9Kg
1yyRPI7Mu3M
JbqtqCunYzA
fM1czS_VYDI
GIPrsWuSkQc
t62fUZJvjOs
8SRAkXMu3d0
beN4qE-e5O8
BxUS1K7xu30
Ajn9g5Gsv98
mlRhLicNo8Q
RNftCCwAol0
lQ6FBA1HM3s
qMXqg2PKJZU
IIu16dy3ThI
_3Ox6vGteek
ANi709MYnWg
r161cLYzuDI
eIsdRczNHFU
AN4KifV12DA
bO7FQsCcbD8
UL1jmJaUkaQ
3EiSymRrKI4
rcKilE9CdaA
Eytc9ZaNWyc
0RRVV4Diomg
5vKGU3aEGss
QiiyvzZBKT8
p47tZLJbdag
hQpQ0hxVNTg
TTYOQ05oDOI
FSyAehMdpyI
o69TvQqyGdg
uVFCOfSuPTo
6E9WU9TGrec
B-cVv9O0C9U
R4WwhOdk_Eg
Kaeyr5-O2eU
LI1CusL7Ceo
kdDSRRCKMiI
R66eQLLOins
5eTCZ9L834s
leHy-Y_8nRs
DjhXn7MdkFk
2D7hZpIYlCA
cn0WZ8-0Z1Y
v6ubvEJ3KGM
xw9Au9OoN88
jZKIHe2LDP8
9J4hoAatGRQ
mFDiiSqGB7M
I4kz-C7GryY
GxE1SSqbSn4
i6ECGNPYkWk
E8dkWQVFAoA
MSYw502dJNY
RBOsqmBQBQk
s_iwrt7D5OA
sjE-Pkjp3u4
5SnR-e0S6Ic
izRvPaAWgyw
T_sGTspaF4Y
m4DUZhnNo4s
y9HjvHZfCUI
ExaQ8shhkw8
Q78COTwT7nE
h9oDTMXM7M8
UUCEeC4f6ts
iWaX97p6y9U
_XPZQ0LAlR4
vAR47-g6tlA
alJaltUmrGo
_7rsH2loIY8
Nosq94oCl_M
WVrlHH14q3o
B3u4EFTwprM
CeVtPDjJBPU
zhL5DCizj5c
jqy0i1KXUO4
ZBw35Ze3bg8
RW46rQKWa-g
5A_o-nU5s2U
WtrYotjYvtU
lTTvKwCylFY
s06XzaKqELk
HlUiSBXQHCw
9fxm85Fy4sQ
2yXNrLTddME
x4PPZCLnVkA
j0qbzNHmfW0
EyyDq19Mi3A
rjhIzemLdos
kgZRZmEc9j4
dnV_MTFEGIY
YQb7Xq0enTI
HQPA5oNpfM4
tIfsHPpkSPs
Vufba_ZcoR0
7ABSjKS0hic
NjEGncridoQ
P3GagfbA2vo
etmRI2_9Q_A
F38BmgPcZ_I
UN-II_jBzzo
WhFKPaRnTdQ
a6XtBLDmPA0
9sjwlxQ_6LI
mPSOjViSeY0
szxPar0BcMo
k_9MTZgAhv0
jvnU0v6hcUo
G6Tf197elMs
CHFOiVRQB5s
2oKlKmrbLoU
X0zudTQelzI
aTftyFboC_M
QV7CanyzhZg
qCLmR9-YY7o
TpcbfxtdoI8
L0k-enzoeOM
3PszVWZNWVA
itsb2SqR-R0
TG55ErfdaeY
8kK2zwjRV0M
oPf27gAup9U
CBezq1fFUEA
vfe-eNq-Qyg
sQK3Yr4Sc_k
0LsrkWDCvxg
00jbG_cfGuQ
ylWORyToTo4
9UvlqAVCoqY
8Nn5uqE3C9w
dPKvHrD1eS4
Q-mkVSasZIM
cj8dDTHGJBY
Z3Wvw6BivVI
H8WJ2KENlK0
951TDVM9dT4
sohXPx_XZ6Y
HVT3Y3_gHGg
n7ndRwqJYDM
QnQe0xW_JY4
Yocja_N5s1I
FrlJl2UXRU0
