U1bIc6pFdw4
eMh5YqKopjE
JS12eb1cTLE
quoGRI-1l0A
vm2SI8AJY0s
y_-Gh3iARJM
Zqx_hbTmN6A
SysgYptB198
DejHQYAGb7Q
ZGUZwk7xIwk
gb__z7LlN_4
RLWuzLLSIgw
Er2ucMxjdHE
_i3aqgKVNQI
Cn8AtS-9Nwc
QgkLfjfGul8
b1I5X3UfEYI
xY-DMAJpIP4
ChoV5h7tw5A
R39tWYYKNcI
0NSLgoEtdnw
d2XB5-tuCWU
6jfw8MuKwpI
96b_weTZb2w
-FfMVnwXrZ0
6ykvU9WuIws
9s_FpMpdYW8
RTlwl2bv0Tg
VAo84c1hQX8
ANIzQ5G-XPE
XdsmlBGOK-k
5e5pjeojznk
rRB9iymNy1w
GSwYGkTfOKk
c3zw6KI6dLc
JI8saFjK84o
FQM13HkEfBk
cFFu__mcoIw
KfV8CJh7hE0
C86ZXvgpejM
c1RBQzKsDCk
RYth6EbBUqM
ZILIbUvp5lk
dZVkygnKh1M
-bvTzZCEOdM
ay3zYUeuyhU
bXJx7y51cl0
8oOgPUO-TBY
3PyJA9AfwSk
jPOAS7uCODQ
KTB_OFoAQcc
tQYZaDn_kSg
smHa2442Ah4
am36dePheDc
XuD4C8vJzEQ
ArPaAX_PhIs
NyG-7nRpsW8
6g0t3Phly2M
y1xoI7mBtOc
s2coXdufOzE
C1N_PDHuJ6Q
SjQyLhQIXSM
qhXZsFVxGKo
D8PJAL-MZv8
FDCfw-YqWTE
BOCLq2gpcGU
1waHlpKiNyY
VTE2KlfoO3Q
ARq74QuavAo
B7-iPbddhsw
S9ElPZupUsE
5dWp1mw_XNk
AK6r-llqogg
ueO_Ph0Pyqk
LLux1SW--oM
5qefnAek8OA
nUUqwaxLnWs
em6dfRxYkYU
JXQT_vxqwIs
_e-LFe_igno
tNIpEZLv_eg
wKkcBPp3F1Y
k8fTYJPd3_I
AXDByU3D1hA
lWzo8CajF5s
NxTFlzBjS-4
-_4Zi8fCZO4
fODpu1-lNTw
lAq96T8FkTw
4qJaSmvhxi8
QzulmoOg2JE
4Ct3Yujl1dk
QrzApibhohY
cSoK_6Rkbfg
xxu4IqwKw0w
LpAiPYNnxW0
dqwx-F7Eits
oJFShOfCZiA
OT91E6_Qm1A
dwFcodBz_2I
qzPQ8cEsVK8
sfk5h0yC67o
HfM8UIohGE0
jyjJ-RpQ5zQ
JoAxZsdw_3w
zg26t-BH7ao
dM0exrbVZ08
NUmbgp1h64E
CZf3oo0fuh0
J3HHOwcrkK8
DFUqMbWs5d8
_Fe5kKmFieg
M3qpIzy4MQk
BH9mlmdXzzI
sofffBNhVSo
UEtvV1D6B3s
dFX8k1kXhOw
2BkqApHKwn0
okpqeEUdEkY
GzphoJOVEcE
nJyUyKN-XBQ
k_S5fnKjO-4
uJryes5Vk1o
SHEPb1JHw5o
hCP1vGoCdYU
hjrYrynGWGA
0S9c7nHoDws
5H7M5Vd3-pk
pYWASRauTzs
eqEc66RFY0I
V2QlTmh6P2Y
tKcLaGdvabM
qsIrQi0fzbY
KKfZLXcF-aE
ysnIDax71yY
xflCLdJh0n0
z_xiwjEdAC4
BYGpKPY9pO0
n1l-9lIMW7E
CS4cs9xVecg
7AZjh2VXD6E
l_-CUyEx_x4
ImUoubi_t7s
UdXfsAr4Gjw
yofjFQddwHE
sn_QSB7T1xo
2BH49JG_sTs
a8i2eJin0lY
2zgon7XfN4I
2gw5tE2ziqA
P7_jFxTtJEo
xy5MOQpx3aQ
6by6Xas_Kho
NkOv_k7r6no
rMOdrD61IoU
yXcQ4B-YSjQ
yslMo3hSbqE
Xvg00QnyaIY
kkWRbIb42Ms
7bLEWDZng_M
CcRkHl75Z-Y
fXOsFF95ifk
