WRYmVzAgaA8
3iea6hJVJFU
4XebSqJapQw
OPaTgRq1Kn4
dKt4eoCDuF4
RDa7Y9HpkXU
VL2NJYGjC7Y
bHpYsgcwxEA
YTuyLuUreuY
bFxN1IQdYC8
YPZEtwamLDM
AeGd-EX_Xu4
EvOb53S2EMo
J0W3vasLk6M
Dxn5zO_7LIk
K4aDP4d-gdY
DhGzYBrYxqk
RCf3b46A4yc
owar0TsrkL4
BGhMpBeloZY
dK8ZWeVdCwo
CCqmzdsEsHE
W7wjwlzp_9s
1NovrKDrdO8
m_njCp5zShs
SsNmrByEBrY
37qTJJ7qikM
Cqes4q-CZRc
LvU7tI3ZleM
W317fjQ8GQM
WyIS8vhnPPE
csqVtx64wpk
EEJACZzbMVM
WDh2ieouuRc
49uYeZeJHns
aT1Pj4Mhwmg
xeUWvnHXikQ
nRTUT5xAp_A
Fy1BDIDVXVA
EOOiq9VPRmk
xAzATO_Hupw
1h8AfuV2nOY
MSOmlo1EZdY
MCp_pNzdbj4
7KCX7ba9dOY
R_e0EaweA-M
GGuow4yRtn8
-suWPUieAqY
f6hbvmLYlRw
1qLkOcrbIqM
pU6tvKdB-a8
JKhFaJhydY4
KtRG7FkNeAI
3s9jEgXY8uw
GlD0vmLdKz8
x0S_F5-yk4I
y7a-5_oDkAc
aKTU_TrzKLY
sSnPf_4d-bc
KXg2LL2LsQM
XRa9xMR2SBc
_G7JZ6F-2UQ
JtjX0RYGciA
W-FLkPaQCUA
HAKmQEQlMKM
XllFnSn2KAQ
CpKWuxoeSL4
0heV2kA-v8w
DPwBHDTZ0KY
nqVXDZpTekM
ZBw_juccPuU
LZJEn6CEpBw
M1CAWbKUIkA
DrHwY8uan8A
0OOZFnmp0M4
H2yxxyfLlgc
SvrnCrGOwW4
yagATpz1lv8
-CI8d5U_WfE
3ZOfaL6cqtk
v6Xj3rhhmow
9AeJc2Kp0ys
GjaCeAapIVQ
qH1U9k0dwzI
mZufBtcgshw
vxFvcF9y1dc
nYfeA2ZQm30
LURYt-DFZcY
On2KXVCOmkg
AVPIIQA0nhs
WRqUwAP_W0c
fO0cfDax3Nk
mtoEeh0hA1Y
HoUwGqn9N3E
R3RMquHlPRM
dOOhYxpyDCU
nGI6sRQXrnY
YDjHjTExPEM
XzFHD1GGRxo
G5laiqlnzwM
btzemX23me0
5plZ7Hcw_q4
20R_YkmSTig
bgirWchFvTs
N73UcxoTL-4
tzN1TO0IVn4
9ZaSXW9fgmU
allljj7yRgQ
inzsI_aBh7M
85VQrH-r39o
YbhEf5oQxfQ
vGEph0jU0lw
dX8chjAJ2Fw
FWKy3cmJUQY
7GuAkJXClSo
LxydvbN5UWI
1V8irw_a_dc
Ol2s7rgWfuE
pU9CmwSAl40
-4ZuQA3JvK0
uqoV2R3m7J8
9J7PWL2dSfs
9rfS7IAv7uU
Ycedf_mT45E
C54x7XKS6gs
_GF6y79O1yE
1VXmsigo0Ks
P_YGUSeUb1k
a71iuynL7B8
jb6GLUlCueA
5thl-A6zXY8
PyUS2irt2ak
4H0MrVKyZPo
Xl1pBsBX4Eo
TM4FwVwNeww
K7oVVOA_ohU
ZCVlZvztu5g
zquRHoiDRDQ
TJ9q8yfB2Dg
-LB2KD6Uc0M
u5E7yPjdtDU
IvvdkTzhW9E
v6E4E7iYUcM
7sxa0YKJr_I
vKjtAYfBwj4
dTyPJPP7W_w
suRnW5vQhFI
gJgX5XbE6Ok
m6khFQwPm8Y
G-CA754NGqQ
An0gvSXXuzU
Ut-N9QjpiVU
XS1RsaMH-Cg
Yq3iJoIg0qk
u070OCgQzx0
pnquzdzwnyk
Aoa9AO6IkpE
kUhP8XFFOCc
UdWi6y71pnk
liKNXvEEvnk
KkKuqhd9ojY
bCjpvTCHZ3g
OyOnKZZ87mE
7MooXi8r62A
S5FpeC1nJhU
h4aneVZjEog
W1Aq1KYb1QQ
c6ddsFTLCLk
e-I5u5hyoxY
1ye6vRmu_NU
ENoaY6fWN_E
MbcArPKDimY
_l3ZoBL8M3M
U1fcdUn_K4w
1cuAsCXRMG8
g_MXRTK2qDw
yA5cN-xSbAg
YaVyQq0JDOs
lb_KuKyfKww
yn60-8Ql_44
7p1BzkZ6rYs
yA1J764O6zc
G--dHnHtKi0
pQTQTevYG3k
myfi6gzrEOw
880pxwkZYx8
6dmEyCFr3i0
eCLhl9T0dYg
5AW81Lz73Ds
mYmMQ-xFP10
oiJeJdrmGcI
eH_ZDTkwWgQ
zNAZB9VhdNI
SbF_Ys1rhpU
3HKFiH4jhnw
Ugvq1uHYFe8
bt_gf4t3_B4
cqFtN3g6kqQ
4LICNDqmF2A
VXsTjux2W9k
VD6FHfPnuI8
6dmEyCFr3i0
FOQcUfsfr_A
Vmjv-1C86ZI
G7l4GjLv2Pc
TuDmkWwxqNA
IwFOGCJy4nU
EtgiXaGlHpA
FwtIpG9RzcM
yOei-_1cWbs
PFdsMKno-Pw
4lcBqFrg73w
f1XJ1bp3-tQ
3_SPCFiOAv4
JVzeNlLg79k
eeEucLMVP5k
MzAJh1ucqBc
Bq7PH5Va7uo
S0ZAQFNU7XM
0DbWU8KYjPM
pS5Yrpb7Mkg
9ZDdPMB3nlc
UEoWWh3aXs0
luS_ttSXtA0
Jlm46z-yebc
Rp7fCyeX2wI
zUg5jiZVChM
q04TmYQWqtI
rEUhv4E7-24
MniScZyM1L4
uOtBG1spJH4
86FJapcRq1c
xrqijNY3wwk
tAMKygwIYBw
cb26PwQwYJA
Zzx3GlArkcY
G50ZB1ZWbDI
f6Saz_9-Qlo
rUYsUmA84Gw
AJ0NnakzuZE
oW43QN_8cS4
gH8XPT8cLQU
AxlfmE2iuDM
1LEYD8z-B7c
YvpahPG_XVE
kfm81PG_dSc
VAVHzGBRjdE
QFI7bMe9xdg
ylTnAAtFBlw
mfmyl8I_bxU
iprkoV7Icz8
RmLuSPwJytY
5j5vSnR-azI
aBL_mpPSm1I
RhpbtU2rjtw
Lwp2b7eRgns
tlKifQ_KhNE
GkgAa9p6ZCk
uASPnL3hVy4
RnVIUOiqvmc
kar8lGiv3pQ
6U3grdiowMk
Av5Zwhc9aBU
EQt73w2o1z8
0R7Z30kcmPI
bnGObM48y8Y
ktyeq9mD754
cctGNbqrRME
Tl3F925UgBI
RKy85xmZiZg
Hoc-VMGKueY
HqVOcx3s_l8
URBQGEX4g-Q
a8AtUhwU7y4
VXsTjux2W9k
VV-ZBqyTOBY
lRqm64p1gkI
JQyT1yyBaco
JZ0Ayo1HcFU
Kj4y5SNgbtk
Er8JChe9Rlk
3vadK9DF_YY
B5Ir57-YSCE
d63UM_GYXWA
dY5Dlkrb8tU
Jp-H3yWD5h8
mzuazdarDHE
f70hae63YbI
b7D_3_l434o
S_k3sPGN2Gk
uL0uIJf3aN4
sf8zrO2z8tM
a7X9jdnTTeA
wSNFO7ZPMxA
9Zw6eXaXo7U
h_DVsXcJthc
yt7xQYEQvSU
e7uXDETDTGA
AYvrEJGwKWQ
9sKP8EtUJ5Q
42tTujy7Rmw
RWqQS4C5dw0
MadZjN2TZWo
URBQGEX4g-Q
VFf-vGc8G-s
p-MnqkYUxfw
ygqAqSvBqlw
_U7M_mXlTvM
fQAv0Bn96Gc
p1EqicP_XUI
4xC5B-bN9Eg
PGqGBTxnMYw
izJhLgPblts
2mQPOM2LdTg
wokn9PmEcVw
Q7H29ev2tnQ
zftJVMbiF44
JfBmSHLYZRA
IfG8BafkSTs
H7ySifv7xdA
3cNRzFKnLQc
ZOOWqzkohKE
C9xTOCqR0bc
dRKOcie4mD0
fXkbQw-qfRI
79Htih8Dz6M
2g9uPIJ_AFw
vDPn5DdzT0A
Iu4tF24X7bw
2P0rLrhjiDM
3-BbE_CLs98
CQ67dya8Ejk
Di4p6MnN1Eo
HMxyMqMy4MU
wVtj-lQsxV0
sBr-k2eqyag
tVN5ZJEwk0M
JEESNpAu1EU
E7Jh2l9Wi7s
uP0UjEb9PW0
QCPDByRb4no
Z4edn053jso
nk_GaFdWSME
el6TVEMnS3E
5Qqpq8HeB5g
O_aQSiJh9W4
MG_d1yY_hao
fJgxWgL1sWo
VJyxlgidaDw
Qb3UVwEB6oI
svIncsC5Bn0
U3dPkml_7gY
8WGVVXan_y4
lbqVEYHz8sk
rn6T7qTpJAk
6NL4mcq-Vhc
mVxm3cnU51o
8cURupZNLFQ
H-jvq6Hig0c
TRqrR07B2yo
34aNP4wyBJI
aCmIn8Kc-H4
wreDa1xarTM
Wu0Ga7XohcE
olEMIvO18wg
-dniOYjh_LE
n_V3qEYQQYU
VWg1wWsNCuM
ZjUX_wMs2QY
taF8yk7MRV8
USqcj297ZV4
SMZFb4UhmFU
LWnjBv5WNtU
shi6jmbAjtA
rs5SBgwZibk
2xmS74RlE98
TFEyHNqK4Nc
v2p2aNYC77Q
yRkHncnyurU
HgOG-SAqeiI
lyMeaBnsCAM
cP_ZCatOnFA
la4q6BjkHaw
EOlTNgHVndE
uMSmt6yp-E4
esccNKuPA4Q
BGdMdmyk8JE
bc5GjEVAk4o
0bGHACAsr6g
iYRjZutoSkQ
d6Po06sFRB8
Rh4sF39fV48
_EAkcTOtHOo
nDFdFjK4nFA
41P9ypVKX_s
NUTLjiosmB0
mvqhSTcwIOs
MloJr6aV8Pk
R8-rv3Dh-8w
OTV6usGzKzU
Ql2AkI3ED3U
41P9ypVKX_s
J1vkPG1dWRo
7iG7Z7X4Dio
5EMCOG5E9mk
rRs88O_Uv90
tk_2OSjKhkw
FodTSPWpWVk
kzp7LJayEOc
s8tqFqnrZww
MTojkSO59gA
MbVdTVSwysw
SUMwCrkWZoU
5FjsXxCnBvw
xf05gv2RlNU
1aCm3y7cwSk
kVc3Oz5LFLw
NXhSV3a1ksA
q2miRRmMusI
vIYTZ6DdKCY
_4PRkKpAzg4
AkSpCfUPVjs
7R5QVc-yU58
iZJtliKFMew
QLTt4JUz3jc
WpvKgt9xUuc
7cB8FcsmXUY
L6vx4HS6sog
A2yHHbu1fG8
NdNUigNGEi0
OHkSIA99g8M
1nALQe3L9Os
iPIRzjMJ_AA
AufLzkHQmIY
16x8vd2L4cw
IP4KCEfEsmA
BRX4q4ZNd3A
_2AIZE-r5Tw
VKPkPUdD8aU
CF8f4DrXoD4
84AyloyLunM
TO7xBtmSUZM
1jIKUuznJlc
gCIBUji6MTg
x5TvSRcbzCk
vjcfW4z9Jx0
fH2jWqtCmK4
iZl4Dv_lNGM
agkoQaw7uo4
MIcEv6b3j4Y
jdTi7lKMfB4
Au0Ssy97xEc
5xEHokV4U1s
PopRzt9jtao
GAT3xP7gNVE
MXPAzbxg8VQ
uCDDzGfxD5M
tj2KpN5AXGo
mSXltrLCXAo
lt4KiHaNczY
kz4u9UwP1m0
umrdSfP5CLg
VYWcN-Ibj8Y
7VGqPdpYACM
HfWMV2-6fb8
wtpC6PDbe38
xnOZ_t1_C2E
CZ4RX095Bfc
cjsDjTKjub8
M4cteIXyfdA
cxxD1Cnsoso
GWxZ8_E4SbA
5gDXfYDTgfI
AQYMfA76zXs
4Lhzp07cxug
PtaxUJL9eiM
5EV6jtwhlbQ
sP3x8isgjVo
rhAaLGo9aI8
fASivZtqKsA
CFmZA9C6YzA
h1TTSypWYOY
Ma0x8cUWBDY
gdZunzfaRsg
HtJHEY-3VZY
hnaASHwtXiU
-rGGCZfMrIQ
M07zF65eje8
O5hTpgNYs4I
VEhytaQANzo
lfE3CSk4Krg
RyadWJzBW_M
oFxyS6rqeoo
kBWgNuWiPE4
1FJ1TPkkksI
vq4v9xSrZTA
L6v8Dc2A4VA
axWqAj2ChLo
3uPi2Mtznqs
p6grB9bOVHU
qpY1r-nGWDk
JNDp74QLWOA
acXD-m_7kfo
9rTg9S_-pto
DMZNx1IPEGM
ACABwfHHCPw
vlYFE0sRfGs
XSV6uND5XyQ
nWpo1WzP_WY
2Hazgc9dSTA
A7c-uLKjbik
AsV1Vuq7-xw
eAJdgRrM76E
DE6Pr-R9rJE
ar8v90NpbA0
SBr0ljUcQ6c
Jw5UMJESFQM
fZ_D767qVKo
8eoVGeRPnHc
EkczIF_qg0w
nTPSNYZIYyQ
XwNCuiUbTB0
xI4dx0MOxqI
8M96g9-JdQA
bAm6EPie5ZU
bvIG1Hjf6fQ
CN-gwcmXKN8
KtRCaStxBYo
U_ptBs5oyio
cV-KFKywIjY
uHpmlajeZE8
zs4Mnyw89sA
83hyZq1p-f4
iWn3DOc0bHw
FZnM8FiRWtM
qrJr5e-EReg
GgpznHvxfeI
pMeJpGZLLzg
oZrcqvCTDL4
ygIkYoBXzyU
im_tfMXzrAs
ojYPigQ8UdA
M9sbsf0nal0
1Jriv6R9p5A
f_6nmAY2BzU
V4BENQ9tv-o
qSNJwg7ld_A
M5_UdhSsDiQ
5fqfyEd76YY
zVL73l4SuqY
-1YYbp9L1dg
hMeov01myDs
I8TpV1li5LE
FnrEvDp3l80
lleu-O6YcQc
lpWO_i0EwpQ
0VlyehiuVQU
kBHgMBi-Lik
iaL6MXxoEyc
GHq1px3S330
vg0HK3Mt0wk
ytIDRzO7g7Y
gt_-raAIUu0
QjQOkY06PgQ
15vDoB1fkAg
uDZWl53lgZQ
Ljq57IgubwA
ZPWNyC2htWw
1k7nqHVFZw8
OnsoDwxx0Bk
11f3vh5_gTE
Eg-NRB86xDk
I_vJA4w3o6Y
_NX-rloDW-U
oj62Uy25uBs
OnLvz2ktj9M
mY1r4UUUFpM
wt22VQTzdQI
MFn4SDj8h-Y
l5OGjmk55Sw
4Al2bRlrTLw
mghyXhqxfkE
BGtcO63X_-M
6wHR6HaB4oQ
ClKSvmWJEAk
7ODSZIJVFZ4
Z1JiI9SkGmQ
83_nykwgSrA
NNzDsmsdsig
vLeF0jmSqLE
AXdKC90YOZ0
isNXRvWmwlA
vkc13_0Y7Ws
Bk4-G6_J-Bg
JGKx94osfAs
wu40Ntd9QUs
l_s5aQsfnDk
lNkrplS6Iro
5foA0cHo3jo
ASfZTpwI9ZU
rp5mwyRtJKo
fB1XKeGfDQQ
RDN-kAqQSzg
QCgVemdoLhE
89Pz_2VZlBY
W-4ZPCIrodw
HzvrYNTdeSs
r2OYKFJi_3Y
549wYQ0Cxpo
zc1jxZvsXXQ
LiHsEoPk0SY
znPIUnzCF5U
Z_wQUlN3kWU
JJwxBfQLH0M
Nm8SJQP0zKY
UUPwU7jlNh4
Ovdrql_0FCc
w73kF4IitT4
7VfYLEj9bos
c5hMI00R7Wk
YsrYIjeu-2o
YUBx0siC68o
D0Twmzjo_Sw
EmNN6xrdO5M
Y_d7DdNzkLw
ai-lwPRi04w
njpynxxOc5Y
-tBXqs0pRVQ
mzM03zR9Hso
cC_iOqf1_XM
TcGsmiIgYyw
rdSZ-MsXUx8
WJO7Nv_2X5s
ENCy-nflBK0
EsCMcwfnm5A
YNMnniJo--I
ERNlorf_33A
IlxPCRWiANY
ZH458FmB69Y
lnXhtBuFcHg
lq3MJhkxQbo
3vDqLUJFEb0
QDfgHcCKlX4
c93MOTtqOCY
wRntNW3zOAg
0Nlry6b8mAo
azvH-yE9diE
MDLKbk7CPPE
u4p2B8Vzg8w
nLTBlb3rBPI
m9L5Upw2LHY
Vq1w4b2vQBs
JhjNF7NDpPk
EbOKjmH0fSw
7Iit-ixJ9Uo
5EyY7aALJFY
eMdcm4bafWs
M9D04q8KqJs
