COG_P1VnYcU
hntHGr8JR7o
FaZ0bwo6kB8
PhMkqjbiSaA
5cO3JjMxDzU
qmLEl4QjQ3w
zrR-KIoggf4
AivIGX6snfU
F3jQbyiov-k
8KrM4qotecw
Kv_6FwMBzD8
vfTUzIeWVOk
qf5UeDk1VT0
m4RhXN_e3dM
qoIh13VzwVc
esUawrdkxEo
vNV8baJGdWU
m-MOOuGDEL0
MLBVJfQHQoQ
pgxWbldQVkE
8ECNkewqeu0
2L7o-By9rYo
m0p3VztVa84
Q6niuYToam4
HM5dp50HWXQ
o1VoUImKYDE
T9ynlPs_NTM
eWIV3wWygS4
oRXYc4xmvwg
yp0QORzzvSs
qw0B_JmIuRI
kzvm1m8zq5g
GVAKBnXIGxA
9kGBdjv8V3k
OzZZewlt4AQ
37CTCDTesWA
g20xJkEv6QQ
UD9m5n-ZpB0
AhoXKhkQ6SE
Ju0GlA7wE3w
pCv0G4JEuJY
SsKLihqkcd0
b5qoVD7W358
bkKRn6Y65Qw
kpAXGbkKV_Y
kSI4imt0dXg
oQvcbLmNfok
e3IBLKYaK1E
eUTmSLJ85Pg
zR6rTKPkjgQ
XvBKOKIqZaY
VhjEpXW0Jzg
dhwuQU2-g5g
oOCI9JY3I3U
QJWsIJQHUxM
iH6SRBzlaHw
SaLgg8QrBCY
7zHogURJELk
Gk-C2aJN4IY
kfBa2AdjRB4
6Ri1vNQBk6I
yw2PTxH9eXs
CQw9wENGygc
qIel4r3uK9k
bKc2shFqLao
KYc6goFgTgI
TteyPrkP6E0
objXbeVCQWg
a0op1QVf2PM
rocyBiBzX_s
TtzajNXQtFE
JVCFGLVZA3w
JiQPPuLXWDw
y8Yz_fCTLLE
K8nhROmK4Iw
fuPWtw9ljk4
8KgewbfWQS8
_0cE7u3eQC8
HvtOLsmsYXo
0s1xl6zIQ9Y
ZZ4Oazst38Y
Gt4O00Rs9uk
Iuu8_Ga63J8
aUoxKaklLpQ
igqQ7GrcinE
wCQ5UrKPeTQ
6wSeOF4U2Rc
SbGxnQEPt5Q
B71CLOHabq0
bNe5Xx42meQ
AUTIIOfma90
MafcPHRJrR0
ZeaO-0_Kc3g
VkQSH1-r010
5fbJsKzqryk
qPtsP7pBobI
QjVI-1XDX_Y
iydalwamBtg
L6Kxd5Dp6K8
nFCU1ThXTGk
956br98qWbE
YxC_Q8zE0SU
KyoAFpEzXCY
xxTeO8T4Kag
dxBv1w4SQyw
hMHcf0Extm0
1-RZYSTJAAo
MyPUY38blZQ
fNlUQTqS208
tNra_OUkybA
Cy4HDGvD1uA
c0MlOuOPjfU
A97RBq32kIs
cFyaZtW2iAY
EEaRlcxEshg
xjZx0VdmgkE
Iq47-x2EYrE
IFQv6c2poAU
U6_pLkwaCeY
Kg38A1ggYiE
Pi-5Dw3Wxyk
juR87aAg4vM
OlhxpU5QdM8
ECqCFWw4sgU
1ZLNY83Bs58
kUKQ1pn94Zk
VnXdj0yqpzI
zgw7gY9fbz8
OKMUH81ElCs
eGWqBZSFgxE
2pEAXNzc5Fo
MTR4_2rJsWw
Cr_s3kzjX-g
omf9mPTHP9M
bSClGFQO7Is
zULwQUQDMuM
bXS5FnaWyDk
2K6194mhOds
yHxE5Ylmvzg
wwoLKM_ZJo8
dye7ZwUDa0E
IJD_IZOLfKU
gf5KcyHGhRA
IpVgjiCKK4s
l7-MVYjZYOE
Erm2Kokx8R0
T9j6rQ4rtQY
REQwjA8OyPM
G4-W01baS7I
Yz4NWtsQm1w
jQkL5efkViw
ZB8LHwqRcaU
8vDuGyToRoQ
a2UgtgyEDss
M8FKJPpvreY
IUsWCdu9Q_Q
G3IL0J3XMbA
t2At-v0raD8
Va66oMkWP_o
6sPYE-ihy_4
f1IteY-iJH0
2ADAY9AQm54
PeF4_RrAmSo
KfrwGZyk-bc
nralkrM43uQ
UCeM4lyvaAE
6MZRmIWoyMU
KF06hmf6XEA
cP-8OGwQRPI
STALnCMAyQo
ydTim51Jf7U
-Mb9-At2Ss0
9C3LQMW1oG4
OsIqpMLNW3M
30oAIh5y3gE
yCy4PSOvkL4
MQi2UWzba3g
Mmva9v4AB10
6BACoWFiRzE
-hSa5_tlNoA
mYfjdRWb7d0
7Hlx23fvxqs
3ftrUFNCTqY
4wwcYsgw374
ngLSlXavgbw
Aj7aB8u-E_A
H7LHsL0iB_w
oW6j0_Z65aE
cpPZjcFw7xc
bQiIBM6GvlY
mAYh4nWUkU0
unwSzbwHuBU
2Tr6ebntTbw
sD7CZL9PpF4
Q3ij_dFpZgw
kXn_ef9T1oE
XmVhO3nL2EM
_MDOB5-ocQc
G0IrZ5jrvCo
BlSYEiycot8
L_WBSInDc2E
85HUMHBXJf4
OdYev6MXTOA
BlSYEiycot8
BbqPaKTsDIU
iMctALPpLF4
yZPbhsQxzWY
4cscJcRKYxA
PWUxFSXEsC8
zvYSVEmcjHM
4l5JBUacW1w
KZomm-1BbYQ
B-BBsPl9GSo
QUeHyEgvtGA
KNR9pUgjFDA
QjpdWxD2IAw
99FxWH3ovlU
Q-2kwcK9NWc
H1MLIFoVeeU
L9ruxXt21Rc
PkI8OriBo0w
kL5lO8gMrR0
HFimMJL3Wz0
TA1e2kz_adc
Q7VBc5RqCmo
pI8msR4DTLE
7t30ZMX8uGw
PwFmRKrDFjc
O556HC72oY4
4PaNp94tV94
nzvZjMcL2dQ
u1cs_kKUlfM
n_m0XFCFsQY
FAWidtL7pKE
-_lqi7KYKTA
bwvXFlLQClU
BfsLbGgUMDU
HC78HQbnmgI
khzkNRjsPBE
oq4RBQFmh9E
Ylsh33GrPYE
RRwqutcy5B0
auzwH1mK2TY
xredxy6TlRA
K06wtMBdQfY
LOT-9J-iapU
DkjHCBo0TIU
ovbGNiGWeLM
UfKC5GAKCFw
_iDLH286eYg
e9lvW6ZY-Gs
JBK4C6agqAA
GExtTQytNNo
0WdTS9u0h10
ULCAkyKDV7c
hfIWQKVIhaA
qTr4v0eYigM
jvo1d2gjBrk
qKbQ26A6MXU
hnzCGNnU_WM
6bu_9sI7QTI
yVIe3HwCThI
2c2-kYxNyMc
YGXk76vLkeQ
R9xMTGjsZPo
F6BZ-boSKts
F0qrtsYg6kI
otsjLezgqSo
cuYy0rtC5uo
4bySCaKZssc
nMCCLB9gOag
n2EV8nLeBK4
eHwbt6YwKT0
lovNaojdXYY
SSimHPmZ0hA
fnIs8024Uuc
qJyNxx82vGQ
DFBqX0ivpSo
HF5pxnXwMBY
CZLwoNZGG2I
iaaOm0Gpk1o
w2-dU9vogIg
scqFHGI_nZE
I6PpRTWxKLo
quS2kK27U_4
TWuvkF5jNmo
MikBRguJq0g
sUlrzkpIgq8
V6lU1OtfBOc
JRrI0h4KYnk
ZtSy78xTf5M
bL-SrNJ0ZPg
Ml17ynz8FG4
lxHVX7gbk6s
4y2IaAC5vj4
Wk_OfUHpCbM
vQajME-6A04
qzATztkauGM
rBN4j4rZgrc
GEzS1jPfpUE
DqNn9qWoO1M
1gPm-c1wRsQ
3wMk8SqFoEk
-O8t__3Vu9I
qkAietIUKVU
Tlg-nsGi7V0
41pNX9-yNu4
z1GVX_jegxw
Aya43MnWTxQ
WRKCCNN1u04
bLA_hphhj5o
vwyOv7PiC40
C6anMRFCt4s
d59eG1_Tt-Q
rWEwv_qobpU
wAvWvP7jvRI
KzCQH58Bwpo
cPbKUF2zbyw
9UUPYedYGs4
2LAuHwwZhtI
O5sfuo3ojr4
XZ0BGXMf83U
Zy1AMt0EHog
mvQMfPZNre4
I90ZluYvHic
o6y49RXG7zg
A6MYXr2quMo
uP81GwbQ3VE
9l5m66Y607U
W3jD7LJ6AWw
58omxbtlINI
o_EX5qnvmd4
NrzdyCcVits
pbD7Dcmlmws
NbGx7RqBtus
rb8ZJ3QqRqU
-OWX6KZQDoE
GQWTBkCw-5s
XwuQTpN-_Uw
H7CKc0lmOic
JzW_Kl9G2NM
NpJz57IhyZI
aI_s-HrCTUQ
DCbrA85ipuo
h49ogKlJVvA
GwDXlA_6usI
6J9vfcW3e8Q
jsQqoTHZV2Y
UlzpDWDHJGE
M2hXocUKOqI
R4CeceFQAJ8
t8jaTy9b3vE
DazLm-VB-Ik
8HvVLJuUqp0
3lUH3xNmaKA
2JSQR13jKSc
hNcUngHhPIQ
ubBrCmoQTVU
bg3LXT02gFs
SDs4gr0pYrw
PXzIxuebJTw
dtL59C5lR_o
lJ_qLzEq_LI
HBJ5jcMpPuA
r_PrSD8fKm0
oGZKfKjDgVc
xCcwOmFF0HM
LRrLPCQTZwc
YvRqin3cgqQ
gYVWiYramJ0
5_cEcZeNxTY
RjufCz0j0PE
aB2AgF1xt5g
JnEN2Sm4IIQ
L71Gy3MKuSs
giYs1r9Lqwo
M_pIK7ghGw4
AXv5AkJ75Wc
X4ZkaNvKLjE
cY66NX1174s
spn1xGycar8
be1gaBe7TqY
U9-phWL8t08
gyhJpnvtRqU
HsdFi8zMrYI
_mTfzpOPp7A
sH0PlXMvb1E
1fWiKuok9vA
sCOYUhrxNyA
sceiCLQwano
rdhXVsO7_Fo
y0H5XsZ1gzA
7FtyoFwN17M
k5-ATqRxSIU
3_HEsMjiSbk
rJOUerANOMI
XWGPTjuZ75s
p5q4BiGcRqM
VmgdfmaXNyY
rKZIvUNPg0g
GHIoqdAQ-Fs
QFU231Innxs
H1yo0t6sLIU
U0tMDxhLRaA
RhF3WgFjT88
MG8q9vFbp9M
J8DQugVxHv0
vmtgz95ZBbE
t7kcFkRgiV4
OslNUnAAxmU
qZaZGL-vP5E
Gx3pDG-NVWM
PtYABBs6LLc
YkzVAqlYkc0
n2_UKHpHh78
dazO9o2aJU4
jHWwJocy1TE
WZ7zaChZayU
o5KLj0it1Gk
FATkr7PSRO4
E91gAjunqOM
K1RuJKXS_eE
F_p1PIJW_A0
YPaRmEzz-Gs
VKnGlqHUoPk
6IDPGUSQNes
qeTPaugDtP4
HfwGqH9w-64
T1vhn8w85GY
9hmafEm6BHQ
3RcEuYG9UNc
KO_kmdWbFO8
J6FqAiAbUFs
MsU_wtRAc7U
HCHHvkbI2mY
v_eOQbG7BzY
v0NmevLi4AY
SNUk9YTk6rM
G9P-HOmxzVQ
t_gTtOzn0do
mt03agX2U-4
mkYpeh_uHe0
phaatY_udck
ehEqI3wCStI
QXpruWdmwD8
QDggtxT4JAo
uu8gtkxdoJc
4wOWEGyO60o
n-MmBGPyOh8
Pp61o2x05Og
niPPQpBTWA0
jVdAZYvaEJs
ddd7gV0KVRs
KbIRQgg7m3E
gu8kfigkQt0
HCQ1t_a51p8
hxufdpcfpJY
p2vME6QePMg
OJlLEOj7n_0
gtCxbE7qHzM
X319XB7ScoU
qqqpgUqegF4
ftG6HfCJAko
DSd6Wc8AEhE
XhzIYo2e5kY
-6yGzjmVh7s
LsJR2X-j7s4
BL2RchtFpVs
qwlPFvyQqG8
HdIVCuBR_NY
7K2uSg-_KlI
Ijpq-l5FGh0
b9OBhKzh1BM
1Bbit65fO3k
DC3H0sxg4tY
rtNvR6D6a-c
4GmRCQzBLf0
taQJIF4nEQA
rXxdxck8Gic
O7QHj9F_kl8
tQGnNzuIxEM
CEDii2oNOjU
k0NvvKurVJQ
2HyFVEpZyEY
yiZpeW41Dug
_eyucHMifto
DQ-1zhFXiJU
BkIYArDbuCg
bPfjpTYBgSM
in_wHiw9hkY
gFXbuE-21I4
o9fVvsR-CqM
WzycmmoF1o8
u1Lnuw3_NPk
R_xKXFDGEyI
3YQZQGNFqkk
cFr9iLY7zdc
15gefJU7K0M
yPvNqJ0Ne60
ISTUqQeXPcM
iYgO8jZTFuQ
QhXJe8ANws8
2Ar6cmhwR5o
RZU_F3Eb4Q0
MlaoDAyFogc
bcSsrgPmajE
U-GVEANUEVo
0ukO7YUOYTM
AqepSNNjowU
_CjG9DEcMR0
FY_eHUnoS6A
qwNCzJVdLDo
2O8eCdkg0vE
duq1D2Ziz1s
D8eym-7jeo0
6v9Eev2KPgc
MX1ryMiULZM
va7SCSpcQVU
d0khRiMyQqg
v8I8Gw9EZpE
9DTnOd8D17o
WW0vmgQEb78
u0Y_VFvPjrA
snDOlfSI60g
4HCIdUfRJz8
zl8MT1mR76k
rBAduBgV0LI
9P9CYh3VP1k
ZVPV_ObZ5UU
_GrkvTs-Grw
H7CSsKciXDI
jT78kBx6mFw
Hhtn8oBO-ec
ptdF2hY0oTA
DvCE5dh3-6w
DobQJWdv4nQ
HoR3uZceNxs
AQNUqVYJofE
kZxNldBEU6o
XHB41l9J-c0
TvZpRCcOqSk
XfyC0o88zfM
-1tEKgQpdro
mq5ryyPUKHc
j30KPuYiKII
PJNdTyHS6wQ
dFySmS9_y_0
WusyF6hRMRs
zXy2V1JmJUs
18Z1Xf-TU9g
_KFefvhceII
u0gVJCwihdM
AgSUiNoA3n8
ZiuAFOv8wvw
srq_ycdMl78
mXlBVdPNmb0
LGWwRwWgWuM
r8H6DgEuDzI
mGvFnuUTukQ
90WqVv7WAZo
gywHzFwYG-c
derUjqnlEzs
L-dHflphT_0
HEqnkjpg740
43l_GNzyBEU
ZeT85IMuFQQ
Kn0IRusFdy0
W0iN-1wh7pg
puJIFgTNqrc
wDdC8_e3Aog
PG7wyTW74W0
LPsToU9uG_o
oN56Z6GZGUk
