VlwxsheO2yE
PMAfwccsBGk
HX-776ECozo
115EB0NizEQ
ythzyfJT3MM
fNrDUxQCUHc
qernvRxSmss
6KLxepoGNRk
gIaDfTxT0IY
61sc1pBxeic
OS3kUT3v9fo
GEqZgpLWuDE
i4triXuKUiE
PUFCWJnqAZ0
PNUjjJTrnT8
HNXEpVhs2Xg
9y4b8IDkUP8
sxpxgrCKGvU
acasBeXHpyk
888tqoxA1Uc
K0PXb19A280
f4pUPtfessc
2KfdGqZ7UBo
gcEEuTXEAP4
eY4fes8BdL4
dX5ZMcPSWcM
8JfgydzBzq8
-ZpzEt0ciLQ
axHGYhWkuXk
0h5vbZ2ZbWk
JdLWs7MYRKg
ogqy52M19og
bBPCemrGDBI
J9tD-_9pTyA
j4d_miMtJQc
xttvgiNM4uc
ylH-6ogsPd8
3ml2ABQhI2U
smvcQfCa0X4
zib9t9JyaL0
aEmWXRA1iyY
AXzq3vSOiEM
NXU2yn40FsA
si0Ct-1rWoA
V08LUKTiNaE
WVxNWvIu4tw
5BHe7v4iLkI
-YDwCEUq0ys
ijQNSJH4jBY
JB0sodkbqnw
CgRL4_yq5i0
1DLxDVbS0lI
eWfmrxUzMOw
qdbA6dUo6RU
-BKhVDRdx1o
hXpFDkqXqew
W4JUuwePDdA
RTlIUeDqhso
lvNsdKFAw94
sD4tNaqoSPM
FGSYBNqwCZk
d8hk8G2ayGw
OzAKdtR9f8A
cdbRPeMwF94
w0t-kdawEl8
98cbtpMSn7k
22-aDB4Muy4
sz7tC8Pc2Tc
hCPP9YKl-Wg
lmShs90PNwg
agmhxVs55z4
Wpl0_dFSTeA
__nKD2hX30U
DmiV4wAdePw
gznRxpPp0Z0
fmNxh3j5TVE
wjEtuXRnld4
xR_LT1w4bXg
I2HInAqrBSE
rb2YWRAN1nU
EOcCVjrVOmE
4Cu3qir85m0
DXaegVExL2A
Thir8Bq3rWw
1dHry0KZybo
xvgPey09aes
6eGfZIMXr9U
V6piG7j4CK0
jgK4kBuYDbU
7qMn_s0i4CQ
ewH2Qam031k
8EsnhoaSc0w
Y_3-nX4WUGk
rd7wRpUHAFw
hx6Eftn5tu4
d-MkXp4tkAk
vBW0kU0-WUE
4Kqb2b_Komc
5NeccdDpO5I
gEb-xLlmg4o
_URMyqasKhk
efiWFXrUKd0
p5XkIOoqfuA
BOuaIRoxs_k
xHOhtc81VTI
RiO7C-eXH-U
Lte8i_XqMZA
GXGfEB7FnJs
nyCCXNQDb6I
N1wm3sFxiGs
QiLwLCMCntk
tP24FDOZ3l0
_wZaeT4A_jA
RFpPzIUpvUE
0pbwOxbJhWg
Y4AfkZi-1tE
-JfCoY0ytiA
y226L5Bf-ck
F_wZ_q8TulM
-EFh1TKMmZ4
zEocorL5QyI
Ji6z2MN1_fM
fNthDtMw_ZA
jgz8rAhob30
24lM_KvOcB0
GlHuYIDD0z0
3RK3jAZvprU
H3EoOndIBtM
P2zZzlOI5QU
lApNxY8aIiY
b2vMeaS1OWM
0qr6niB9G4A
PR8ySNbeAgo
5up3mGf4mTA
dC7ZRXKDp_I
Tl2hkwF2Adw
AEHbjY2nMzs
Llpxvflu29E
osCKCygFmjw
SZJNgOW_nm4
KXlimvWeZEo
mks9RvaHmYc
UDGgGsKIJy0
HZL0GS75KvU
PRQ3cAxMMaM
4o8IstEADpU
shHQuwm8gJE
ED1lhF7Q9yk
_PZlM8PJfcY
I8Lt8hf_N9w
fvsSDV9Q7ps
WBS7QONNdFg
alFXbnwJId8
XKlNh18HMR8
y2ml9Hv9G-o
jLUTp5xKoa8
9Glr7Ih7DWY
BBGhyl8_t8I
wf5XM1VzMWA
4nKBQU9R2n4
8NM8TI-3hso
DYFn6todwxQ
lFh1TDSeXI8
Abg4249LxwI
4_tE6tTBjgc
aDxkDgDAlhY
urqsmB93Pe4
XA9Lr11GuPg
AvZ4rpU5Q3M
U-l28JvkmN8
1-CB3tpJPrM
_jBYnWcfit4
2fzpNoddSx8
J3HcNC_EYmo
sHmLE9kBoP4
7hCx75MN6MU
ZWoRvTpriAM
Bv8ghWJpYbo
jqtZmvdM_h4
J_fQZe3NmFw
_DJlhFuguzk
2Q_-5bUDSrw
h7GLeEdPzPw
rWr_IaSp9tk
ZXN2IuMGubk
BYqvz4VtLKM
0yD1yNUZLhA
ZYnioEM5FDU
ak4II_NCScU
r-ZYOuEROCk
faW57xzY6H4
Ost5kx-6VBM
VsKWJhvAlFc
mTY2aDSz1yk
_Q_UOyi0BUk
oxNzrGAeNnM
J7Oae43rQUc
QMwcWbvY2rk
-tn3E4ah1-E
1LTHGts1EaE
EpTERhaM4cg
kNQSq-D7roE
0rWO0vKz48k
0dzYA1t4K68
dgXVsh2CQ0s
fWjx8LKSeWM
orG0ErIFzu8
ZMiZ0ZqKBKo
hvkh8Td8K9c
C87mGRajaWo
hJozTezV2ps
2VRqP-sHBgM
J0byAa-woEY
cakLwX_xyZg
Q5C-rjrOkmM
r8hTRFLOJZ8
XDQEIqKZYC8
0kXWtx5iL-Y
fDFcDdzf7Hc
sJgYA3OFNpo
YyXhI-7ghns
4i8pISzD39w
V9hdeR7wrpQ
f_Pc2fGqUfU
FJSoDMjFLFM
yaRe5WWtB6g
icmemvoaiY0
c1UlQQx_PtY
EgT8QFg1XhA
qFLYEUrF9rI
G1FhcR8xyd4
GyxeU1D_blQ
4u2xIqOBOY8
UROfpGFcAsE
P5RlQLrtfRg
kDJTaXGvIxI
zoeKKwcYjsw
9M4CdQVov-k
dhQXA8-1hPY
gJ49qGfFBqo
Erl2TGyvchI
b2EIsd3Iayk
VhfPseKeP9Y
f8MSDbnMGdw
HTNHGg71Ueg
GrW_JJXHoyc
jrBw-ozCmpo
hHDjaqw_-nI
lgHpsYlL3dI
7g1cLECf7JY
8RHjPLuiUOs
fGOM4GtBJuU
rJ6ubvYgUdg
nQw2OFfBtjc
8a0wSdYjcGQ
_wL6g1OPIHs
pf-okhLVZOs
Dnt1RPCRJa4
B-MtxPvvWzg
8Lpqp32lDqU
N95zxLFpFaw
zHswcqSEQ7I
T3iQH8FHH-E
rKFbYX2D7lM
xTH5X6ErPvc
xSlsSPj5J-Q
m3wIdxZVQHY
LXugBAj4CR0
hmQCwEIMz74
nIwR9S-_kUs
ZEwYX5hsZbo
EZ1jbi2ZyI4
GyKf6KNcaVM
-qlw_Ir5NUw
L8ssia-zKII
7OKRCKpiRzA
DRdDNnus6rE
b1reIuVPD1w
I47Gisb_iKI
CcTL0VHL3GQ
b1uEyrAm3So
8OxUwv_BAkU
BcvkUJ4JJmQ
5Xnr_1qmEOM
WRAAMv_u6iE
PTwFJuVQuFI
LeJSctOelA4
RoO60bSLAkw
NYGOwu5rvhA
E9fM1vvJXXk
mAXzQSnye-4
BiSMcR6Ddn4
CAsoEJFZ1n0
hFDdSrVIfjE
7NJREnHhFCw
bt6spUd2MHw
AsA2B3Iajpo
Xspha9l-ngQ
yy80mHgp7cc
AeJNpzetvNQ
3Uh4-WxjVLU
ccjsd-c9_68
aFOLG2S2t9k
AeJNpzetvNQ
W9QvKzvt5jc
LBIbS30ItAs
CpXpExlkFTo
-XGykavQR5U
qVT3Wj5pynY
ncvDCeuw920
tAPr6Pzzvuk
V9KX_LV9q10
qiWNSoHXZ4k
ipadXf3xDMA
NFhXXpMGMrY
oO0zlp75Tzk
H3jyx1zVFQo
Tv3igT5EcFI
aNwewdQkVY8
uMAurqFpXRo
I6A16npuhW8
LeCr0T9jn4E
lZnAHMNnAmQ
FFh-FlnD4Mk
eg44XNpRhi0
WbwH6nYpiuw
mrALqUalAX0
ymPhFSD5lAE
ohGIo-ETUDI
TIPD4X9FOkA
f5Uw1izy6-c
uqI7efBngpY
hxl4ggfl0VI
tPak9S_Y5vw
B4dr5MyLflc
iXPBE_eUJpQ
soBMo-5Mtas
YYbQ_kxb1NQ
3ybbOibfyU4
iAFWR-HhZyM
IGBUZYLqmTc
-pKrbPWxEPk
VU3eekO1gp0
G1CVsBDP3nU
Ph3-VVNR4hc
r2-08g8GMu4
iFwKV6GYjdE
QyzGoyzgVLM
pwSA3TM1BSw
AE7HdQm0s_s
hl3kb24GZJM
ECoFsc8Dj8Y
okSDxZ6cMeU
a-2Tt52zXGw
5qUf3ej6Lwg
Yw-5Yyi00Bk
JT-3GvT4VRM
I2iWcTfWwYI
7YFKc9n7fXY
fK1EZl2PRDI
ijg7yyPKhLQ
3jUwtdFJ9g0
EWU8Lmu0tkM
oSrFzNHb_mc
63o88x2Cd_c
oK3oXZWf2ak
A8ZRYzTUllg
NdlGXpdqljo
0wa5maCV7M8
eVm3t6LpGUI
SkuvwcobSpo
JxxFogZc_U4
1ObK3crxrZg
0TBiFnVc6nM
gWdt9xuqOoc
mLUWchWzVng
fYEVrAtllfU
RBr8c_djOuQ
FEPq_1-n9bM
K8FUJWu5qbA
wLtUXfazGAU
804NXQap6LM
ABwQKyMASHk
mWnmLsr7qrY
VIOsqiKJvc4
fpVG1X_uF4w
hW7630_5T7s
LSEnULgO7IE
_ON0DOenkvk
QK7qo5a-WNQ
j4Qf6nq3nZw
durqaOJW560
M-OOBvFje4g
OMhvB9s4wOY
R9iqI1AWhWw
0UJTMWlg0vM
LKKDbo6INxo
7Y6VsPB0j8s
rt0OEhzWJuk
bWMFzuCd44I
S4Wxrn8ymUE
-1_ZsEMEZf0
_wggEWKglBw
bnwYNuMYBSI
pYYjalHylvI
1ZNcLtX34hU
XdLBtXKCsig
aLxQg7w7fYs
dTlI4r3L7M4
cKaCgSZngZ8
Q0PykSSuCuU
1s2EtgDLtg4
8o4aGa9Okz0
QHj9QFqjW_s
_nm4ml7QVpw
d85qjRslbiU
L_9Owh4UZ3c
5CTpX1M9tX8
n9E5BInLDSQ
4AtHdgvwUXA
HJJsWEEXt5c
BiLaM9P5vRs
8xD_T2eyU90
JUOAG9oh22Y
CZEm9HmUb8s
9y2TDPETqk4
Fmu2FSMh8-U
PquyxkFG4sA
O8GwSaluAjw
2QHha5rbLeU
69cKpRqihD0
_aHWz5DFpfM
54VoCKOxVJ8
Wi0uMAziKlY
Y_RvPCimZ74
9OBhkW6p4Bc
ViObdu2ic8s
P_Z40hC60uM
evtURdVv62Y
MXhKJj2MsLU
1X4jiGpZruU
aOveS4vzCZ8
QUbkK_JyP6M
HQajC2aEg9U
JR-sdFPlVlk
XsW2W_RItwc
QwXX5CkwKvY
ZXqLMiI27sE
rDRZYL3iUQQ
Sq3kI8rkzhs
0V2CLlc66m8
hjOst-yt0lE
fEQ1BTgTc4c
lIoPpucECag
gvuVcWs6C_4
Ka1mfbCeK1Q
YBYUET24K1c
LhcnM7ev3ZY
SDXrHk6ByY0
dnCVdeQwbtc
XuVEyw2nW_U
Igu1i9R3640
TJUrOHwp5OY
_39kEzsICik
EVKP4KaEU8c
Ds3GrQ8EQD8
e5pfUoCPbD4
V24bunh2zPI
AOl9mIeV5s8
6Ohg1suP96Q
4ewC16d83h4
Cxs5jTT5Mic
u--XzMh4eUE
_QfXfibcs08
S8o-KHcF5XU
8pTYUMIdqE8
0wRDUhOyOlE
MY43NBHa4YM
e-kqA2LRz6c
pC_3XrPT3ls
q0O5D-YPxqk
_lf8LSSqDQY
ojz7-fSyktE
3-JeJVEbGoY
wjFMgQllm4E
N02XzFXn6J0
Zw3t2LxGWIg
QtkiZvzfG34
4IfisAkfTf4
0VovockqRVo
Xtt1cE5f1Pc
NaYdCEimejg
u2cmg_dfNOM
cXHGQCA3a7g
_FhwmUq1ge0
YTTzLh5tmB4
9P_e7yyWZZs
P1AJwulWPxA
jCpkWsqnOcw
UYJm58vXK1U
P1AJwulWPxA
PC2FP4BSgPM
I4rwIOZR45c
zcadqaZ5qAo
AQZ12-8DbMY
O-_6aEP9NLA
3bxhi7NXuOw
qmI_OLChRF4
kbGR2QpeZcI
d5ggVdQnr7Q
7_OwOIrX5Zo
-RyHcasW9Yk
Z0bEALaGFkA
vEbiHgOQZ3o
sFFsEfDEAvs
7AT_dFcg9rM
UH3veNbePOk
B0-_uhF1Rak
1hykAxS_Ey4
YHYFkrHv0uQ
HsYB4l63Ekw
nlzcYTyM_T0
p3rQTGvvbrw
8pCHq2WMOI0
MtgxiArw1ZE
9LatAY3Chyg
BHVTJCc3iHY
pboN2psdPxk
0IIgcd5tOmg
2DMUpFjHMdY
BA_5betfSno
PuTNiNjtURY
7bAdoxBcFN8
phk8YvWudDQ
Zenz22DWoyQ
spkvWMPwrcg
Org4GkSPLRM
akadTicQ8ro
VNR5YjkpOyA
-bxmOi9bYUk
BVF7yU97mGc
Qz3TpSKZQT8
l1I-LWH9ZcU
qD95-5Wcpo0
k_eSkis2iR4
zJgtlQSEnhI
EQwDRtpm8ac
L3RnoWCFQEU
yeXevDDL0GA
O7cECqjb650
5eEc_Yyq9iY
289ozj8Z0Vg
MXEj9WCfjKI
LFvNIxIO8Ck
hHGREOp3Xdw
L7idthwhwGg
ZwRo_jDs56Q
aZErIhgp2i0
s6DMxMzq4Gw
3nV8F7kNNTQ
bZ6oLFcVWPU
_NiReGsGWpg
K1IQu8CRRwA
WoES0iIRLAo
tbxGnalhWuM
alpfXhcOIcw
J45byrhJdLY
GvQS7yu6DUw
UHzxOk5Y_o8
pfpEXJAPmJ8
wbTPghDQJyU
e4SsiY6mNPk
Z5Y1zycW6jA
5prKwAR1mnc
B5-XNeA53w8
xKeJxDBfWa4
rImMR-wB-pU
4yxl_3v2nxs
NAC5hkQeh1c
U595uz5r0Ew
kQtaJxdl6dM
GEl0M3XtqA4
MgHrVlTXEPY
Kn4WG9GsFlY
gqv6AGMjMEM
ij-daA_0jgI
PMRjg1QqcFo
-lL83qd3tG8
mWsvx-ZakBQ
D-uJdfsL6fk
EtWqqOtIHNA
_sE-LIUjxog
C5TSp4ym-zI
8-WGCeNSdjc
r3Uubg7G9oQ
sXgjoQz7i9E
Bm3XTRtup78
4WQDb2KkSw0
ItW-z3gKBsM
XvTyqYVnAyw
GEl0M3XtqA4
ikYdk0HzsqA
1LhsZmJzIQ8
L1WgA8JqMGc
m3z7HdFVf14
G-SxveXtPWM
at_emymPk84
ZipMtxav31w
wbxHQGbZai0
_vW5IYLZnFQ
lBv-GW0m6LM
gPyigS44_LQ
cPpRmgN1XJE
5M3H0SEL_uo
OLbrs3hb__w
lTkqrZct_Dc
I1bo4LZ44g8
yzcz0O7SFOY
orKeJp18Fgw
tTZt30jTBDM
2YNQt2u6m8w
7ujHBDgYhzk
0GFlEjHyilE
sJ-sstQqFSE
ikYlZenIYsc
VX0czO0YGF4
WCr18h-N1RU
Ow893mt7ccI
2-UM3Hbs4ZI
FcZ_QOF24JI
CJfZXHGP7N4
NAnqGSK_E6A
aYszru1Kzsg
5vdQxS0Vc_o
d6RivajHw9k
QAguLBM-7bA
XxgmPbijtdk
GDEUWzbmP7c
i7X4jgro--4
UMSTFV1nk7E
4fL9grxOWbY
SgqJqRflrco
M80i5UeyPuY
nCf3M4nXWzg
NwqklalfZQI
PnUZsnCm53Q
-QOvQpeiEfU
Dka1i5xbc-0
Rxv6FC2VvfQ
GdviXmojmbY
_8ZBOHX_4BE
8vtCMBlvrKE
KSlUAFEsYZo
bqV-ni3V95g
VmkFHpARydA
V8wB4XG06sY
yNzhxX0xM5E
zGM0v1Y4fn0
Z-WgKl3YPTk
6-ALeWsEM_c
CPQvrBKiUCs
2ftDwsSWmRA
zdpXKBYXtUI
nWA99nYbUPM
D5RXWdyh7VU
3KmLaKTJMOA
qI4PozcRLKo
DW-_w44eEKM
FTTuOqtMoX8
TGCL5g2ojf0
AXDuXIhu0zA
Hd7Y_JPJnqk
hmmjz3lWz6s
eFVYqMN4X0M
K5xvO1DdB1M
lUdtjzAnVec
DYbgDYk5L6s
JX8sCMWJYA8
pkTRzzMz_Es
EoSo3haBSY0
joWhNvn2-PE
fM3RidCfdBo
Ss2I-d3nhhk
wAWcK6q9WeQ
mK_XPiIMMxc
XuMizlk_ERA
UXu45WfTcOE
G71k4P6G8hk
guimGSqnIc4
qzHUxZg4sTo
0BsArZyZXlg
AVpRQBrKuKk
D4d-S8-NQ_Y
w6FJCyMfLW4
JQAdDDlr3Ck
JPWwpO95oQc
svwhCOUfm9I
WdcYQx1OzHE
iP4LCAQ5xVc
L6hfhiPdTmA
Opll1BzdFi0
aS4svFmSS-E
pqTIBtcfNcE
j8p64zgdf4A
A8kPzpSwJ2c
umOIJL0U6yk
hVwlvj43qok
bYPbud0dFu0
sJ8BRWNYEOo
LMedOgpuiA8
GUp8IKev0sM
IuFp8T3r_R8
65gBAsk-IUQ
tsAaGn8_8Yw
VD5Wd_Obd6w
vheZ7F3AQ1w
QFCZqEf6S_k
zn1zlFcBONk
fhUf0wvKXVg
O-WPF-k2osA
ysDFdjgmrDg
npKMRp14DWw
humaN2Jikfg
gWqJtD362ds
62sJTsCL8Oc
91sdnZxcUdg
M8hNpamcQfs
CJEb1BnXlKs
R_4HgwuxW-g
Rp7KDNXBs-0
yMn7lXAzGp4
f1rnwgcPtuQ
bbklQrtka_g
KrKFrQJ2niM
FQcvima_TC8
0Iz7YQ3xET4
2HKRrnLEoJM
W0gV6nYQV-k
GalaaF3VZDE
vH0nNorZ4pk
uy7850M_-r8
pkPoCQ_-z7k
jEJfcBR-zU4
T6VsZisQr7s
A_abuWX3Yz0
5nL19P2YLy8
mDC3OOdIrPI
OQY3QY6Z_B4
M9Hw1ZPv1yk
WHXFxf-tK4U
v-ofvqAVX7s
mow45ndO6JU
UD6ld9SQ4Eo
81Kq3mrv2wk
_tBsMacmxuA
0Mhho8czJpw
kwo9WtDmryM
8RbH1TSrbIk
mprmR8nCot8
TPk1ebTuj-I
8DOJN7uJoX0
-mOUB9sSo4I
Nr8U1CSE7Vs
rO6s3Cqs1ts
gK7oGvWuIDM
eW7B3RwuxIo
ViybfyJjhIE
bWU0Ao93pE0
s2sdF9zP9pg
DNhekRtAWMk
KbGeC8WjMW0
oT6bJWrbXx4
d1O7xLkVZhU
-MK3hXWkiNw
dkJ7PVMG6sk
lVJ8tQixOCw
tYtXzCxTHH4
ZUzYTikVtBI
_SbUugNsJBE
V_02kzRPSdw
XcEWfiQgXdM
TMCPnhi_feY
hPBqQmK871w
vqCGshH8l9Y
YJIph6B8Hk4
DaHdIp5__As
z0xgcQp-GM8
rU0AudngxZw
rW_DUR9ds5M
_GaXFVnYJZk
lURm-0wKPDw
J2Qf26VX6ew
t8CHyUFKI3Y
B1rpdEYLFOM
aleTUidryx8
vklS-0w3XmY
SoGtyIzXPac
ker56kANVo8
vJILvK_nLZQ
8KTfxsCG5rY
5-g1ekUWwtE
VePn4TOFFug
FDnilq37Rq8
Z0FPw_qRNdc
Jd2zlayB2lA
eouckBPQTFI
x3KwJqLMcPM
SE8-JAc1egc
wioASRdTfaw
8z4q-da9jU4
c5VSMdfaMMo
nixmLlMlsEY
g6bgPY7isiI
ueVmeM8nwuE
nbo-bU2OQ-4
65FYDoKFNlQ
_-fHj-yWhew
NkngNaJFcyA
NNBYSwVuwLY
M0g5Qynvq8M
JORMljaxjRg
RVwG3uS4yxQ
1ghQj1jrmSc
LSZLj2x_tHw
J0O6a-ZuxuU
0gEpGQ4bUtc
A4IQVuqtl-w
QtfcdMipS4U
9NzaaAdxaPw
3WZOAoe-h10
iI2ohAPxZKQ
C-l-fMTebMs
rXktxMVr76Y
dp9d4-uRHl4
fuwS_jUc6qg
qmCH5V4empY
9vkPSjHTQnc
GOqs8AyJBaA
YpnZAl6sKzI
PoUp5xuafkU
JKQxjgsm4Eg
PtksBHT4gBU
D__FICz4L4Q
8aTze_N-06k
ejkFe0tTKjo
8WuLOqlA4ik
2l1sWlN4kPY
lggZuHj_otY
D2KQMA9PAeA
KRX_6iEdCJs
JF5RySZwmAs
tePjh5FGEPE
yPhiYWoEmJc
9Le_73LZeJ0
f70hTAL6ivY
GIc08TMAmnM
hEwA4V_Jy-I
2Kn8KKZuhws
mo8UI3QZ4F8
vz4wiWzqqww
ku3Mr-DIlvA
FM6J9IJ1gKo
hNRMroG8Sd0
xRAR-8EWCN8
A5PREFWXTgI
70ezjehQAHQ
y8iLZUH4YTw
yHDZf0J7JSU
J-0czl4EK9w
mNIPix7W_ho
A6qxuYmn87U
ZvFRy2tTPnk
JpL-GoGlxQM
Rkxlxm26G_s
pQG4_0DIvvo
nsAJp8AlQWw
53yw7S-kfSQ
bDB02F_uvvk
AVh5iSrmmCc
3m1h8Rwp_HU
OgUvBnRwGcM
E6zsL30pVek
gxg5_C7KnD8
bKCDc0i9E4I
8vG9SbRbwkE
eO4vIr-YLEs
w7CKjZlo2OA
p7TCxboK9v8
r1JDcQbUrw4
hH6gZF15vQo
QmeP7j7-R3U
g5wAUxyBWSA
Wx18VfVKDIk
Q0sfDhSbgwg
tAISyj36MD0
H_BXCs83H0c
5ZXtEvIOm5c
69XJixn0cFY
IZi7QvYSTAU
1xf479gklHg
8Veb6espdpw
fGbFmRNyvPQ
MJK_-oP7Y-g
cxodnSxF9A4
mu6ExDnmUDk
lQ1nZ-TiebQ
ZqCXbPQXWbE
i_JGh6JTWOc
8HORaCJ5d34
P_OzQCcw51g
tWLPGyrKR_k
qlW--o3JJik
-JtKAtDQOpQ
oUk2oNGONeI
wlhm2csgIlQ
OwzdKjryOq0
Yf0Hpn4BcSA
nVTpomvbbmo
FhI2NCJrMfg
hjR8DQzrEPY
wKCn-sxlxKg
5H_IER9SOqQ
CDKuyAlWzRc
n-qX-MKLcUI
fXOHXx33zc8
qEhBJSluFGQ
ATBogcOSBZI
CZuhqpJtEpA
-Q3JIzIH144
hCvtakHj85s
phZVLkHNIQ8
DuNLyDgR5tY
VYDzcKCzkIU
0EyLLj8PVNY
nLnvL-4VLlc
l9PSDKGqYEw
wMjh7yOFbUk
w3Av4Wsuk6A
_KyQ4qvtHF4
ut6kt86r03Y
DWnAtRHRlr8
EKr8xPt6fD4
XWtPqBWRP8I
q7yX8ybO1OY
Utnf9S7dH9M
Gx2Cw0yBJQQ
6iHiSXKdIoo
FR1_5XtemW8
u6DNe8S6u0k
XU2WVhef2NQ
CPbeCBnV7zs
9iWevjcIFY4
g0lPU4T-4aQ
WjC2lZouZeI
vYH_Ljy0p6E
od55Q-uDevc
_lRBS8TT1w8
X1b3N5j_mTE
PZE6kIfCgLY
h7SCkIOIz70
SN27olMdqVs
bMaDE6N-D2M
s5D-_GjeYw8
-7qcJSTkgVA
yM-FDOo1D-Q
fu5FQMi9KpI
-7qiliB3Y-M
MZg9TYTyONg
iwoZXYMHWB8
wSSAvHKOSI4
OgNOBBgc3A4
aNF8l9LpNzQ
fn3ccrUUADk
dGYs-16opDA
TS2KstjXW6g
SJ0g9tmiXpA
Tr8jyHniO9M
Rkax6puekpQ
Rnt8ohSyVKc
ndhm6GY4_sk
UqIzcY16JTc
Nb37qscPbgQ
nIOPunbwevc
uVF1qRanSGY
fDTcserI4rM
1SWte55iDwk
-ohBVtgZ3f4
XswOMwgty4E
06r612w_dsU
h4bcpJBjjWw
lbXqLZgehKA
EnT-3h_e0e8
ji8JdUl38nE
-rP0t26rzI4
iVBAkV-TG4Y
6W3anzuppgs
pkXQsUBW4d8
LF5r6-NxpaI
9HhDaR5y-b0
V1rqGw9EJtQ
pvxRzScfJTw
F2T2hjxrbVU
lZHiNOVri80
0cTo4mPxyL4
vPGYYNWQVH8
Do452Amu538
GtnzN1sZD5Q
VrliHVFathE
b94owVEDSlk
Sk_hhuLMlqU
50Pmqqnnydw
vEoZeJYPmIg
8VoDr6NJvgQ
MV6bFRBll98
E1S_vHnd-B0
JF5oi6MbMuY
6FEWeSPPk8Q
edfCxQNkglc
7wtbq2YgLSU
iGVaxTcj1XE
YIQIPuT7bkw
Lxf_-zvOWjA
fDJTM92aDVc
zX3Ok1ODpH8
_ZlQo4JzmrA
ltxvq3WufMA
--AytMJQWXQ
VQRg0QrN8X8
amO2JOM0tfc
cjU0HgLqw6Q
dQ5icCEbkNw
aA9p95P9J-Q
MMqThyNxbOw
UTogLKIyNBw
Ql69CHvV3vY
8PgFuzKCEnk
QuRUi6JvQJw
HO209pcjK7M
2wS3AOEKcdI
vagOjTKIzlA
oe7VEI167cg
QdTI_55FWNI
QqRwlPOyV3U
BcYCqt5dDV4
PKTGjKAUZZo
6G9Td0tQ72I
3UPOURMBF4A
R82nogRo7L0
lzGsStLI_0U
U1Jk4IryX6U
LKZ4mly-z5M
9LLCfErqzTs
toyjv27q17E
GtGFcgYDj0c
-AAXR6VM3r0
mR1y--BYKBU
5hZDQe0a71g
sKibtzrro7M
hz18AVjq7Ao
Eaw1hj-n5XY
9_tHH7MRd4c
-rQFxbf_CbE
SPkAV_Vps4E
bQzICdpR_dg
RYoozLfcl_w
GpjHEGYX4oQ
CmEGjbMedrc
y4mSOVMwTUc
8Adx0jhVjKo
PsVvv6XYiGY
0YSFypiZFLQ
LQhFO3HHC0E
tkkJ3DS8-Jg
ovOq2psxs14
jOzuRCulhUw
puLoMgi2DKc
bMJ2Ifr_zHQ
OnoaK3rmrn0
Z6NG3DvcZGI
t2RL59j2WMw
4XTwyLHiK-8
PCHYabTuvxA
BTwbhGkPEbQ
xnFLrWbTcvc
9TafnQKV9zE
_6483t2LP7U
csXnXIcdQWA
o6LK1RxKwxo
Dxjb0sENAhE
NVwcsZNdxPU
N94yH6fhby0
E631yHX3vTM
1MZY27iP7aA
JvBRZCYgtQM
_-HGqoCy6Gg
qaylREuv75Y
xTlC6OzIIHw
KIT4kKRt67w
XoxDmCFqhY0
6ag-VTCToac
6ltyH8c6EtQ
sR6nfqPw20U
NM784y5Twc8
wK7lGO9vrmk
1uLAfAQfIDQ
I_fZR6nwcPU
44k1DiMHd78
8stXGUpJcjQ
1vQK55nGJt8
ad2zao6NGXM
tfkUXDhnAi0
YhmrdRESwUE
hEgOUftwlXM
kmf8QyhK8-Q
h9e3e123jyU
MJgkEBKR5zA
1nHVIeYHF18
F-upagZcV7k
cq_mYRyYh7o
tqatW7xFUNU
WiJLKdNTTnI
i19RCSuqKcc
R3a2LQ91tWY
hddaMQ5_LmQ
w5aIdG4oh1M
QtwCFwElJec
mmkGSSGQin8
1fdEQqhslz0
-DWuiIqRwUg
x2S8MSCvAOI
_-tAWXfbNE0
3JlGa96GdKc
qcYcecYzS-A
vzU7URavvnc
S0A-GPPI_5s
bTSKrxrlFpo
-3xteI6mmTQ
P7btQH3oAIw
KTYRBMkyn-M
n6MTq2OeOB0
WHC_X78dstw
wJ3Xg26aiwg
emOMIlsdcWo
IwwJX8G-6Qs
37UQQJ9h7Bc
cyFFpXwoWXE
VKOyhulxbvs
muX5hvk1FPw
IBTksSkLRWE
GsH2rgfDvWE
4K7dJqwaOf0
-GmPY4I-58E
MiPI8OGtTy0
sy6qFMlVcpw
871ojFqpqCc
GiyupKjZJFc
qFMvhyDZp_o
BgdyQiY6hEc
vcx_JleR858
Fds5ZTC4EIo
S6wfb7iREXY
9qeYqyHXBYo
tRBFv9cNKD0
0v8con3_Klc
vnjBgMgR2F8
oKMkrevmlgk
NkY86ogbVBk
pE1OBOk3zcM
M9P_nlQTWR0
l69GZMChsw0
snvVN0xG6KU
LR4wZJ_c-Us
5rAJ05ANkDA
q_C0AhZaJ2g
WdUmjvoPp2M
m8DGnBfHAoM
XLy3d04dYLo
uHJ4m_18dio
PCEgAlKEY_Q
O0E9klSp5M4
U-kahueExxQ
O5vxZsWDig0
evMiKiO3kLc
izQMncSgseQ
T5nWpe_z5gs
cVPXUnF4CP4
Jl1zwM1GDlU
CQOZgv6_YsE
ccIAEFqw8fQ
CIWF6cv1oRA
YTImvRB3Ojc
89z2ne1LE0I
VQfLske2HNI
v8navCqKqXM
mVlN6tDTG7Y
25FvER3gvBM
-RNni6WCNRE
fejonEkXZMI
Hn2e-K1vuOI
fCYbQ7278P8
J3RP_e7PjZM
8pt-fmshX8c
bE5TDnD03kY
IDqGbS05S44
Nsel-oat184
tsy9bv74mnc
kLEyxQv3l0U
Dxb0ma6cdyw
rAQ8AqtCcww
DiZjr_v3iNA
FWOZXIqOcHM
DQDKHkI-SPo
TL7xqueSodg
eIWpX56K2Ro
XhKxM8uS6DY
-eZ8W-TyKz4
PpivicacxVU
EP8MjFiUSbM
1jEPI5nIB8U
BUwFRWsIO6Q
mEfVpWaNAGI
Up9uwZXixA4
oEKp6ge_RcU
5UAv96Qkagk
wJ-XgRibwvo
C4S8n9xNyfw
-0GwPPaAUH8
YEOMPXmQFl8
thmj9jI7XX8
tI1osH5qPCc
-S28lgNCZbQ
CcABczWa1B4
oQvE35NBUqk
l9DeR61MvJc
cfzJ15q5gO0
fhf7ydYgjrY
lx1QcIIBTfI
SWqoBM0U1lo
AQFfvm8ZDYw
jkMatJ0dTcU
hFJc8pZjgck
ghZlKmvtt24
kfKnmJFfMYo
LkhWeLfMCAU
gpfZ8LOrUKE
D0MD4S0EjXY
UKJrUF37uyk
QYYZWm4V-zo
gmngE4o_4Qs
wd1BQhZROVc
Vgn_cKFvX_E
x5EO2A4Ckg0
kYch7lI-ySA
6NaF8hlL4Lw
KSIo_xItCYc
xo6H9FEX33A
cdH0VFiFHcU
GzJcluTB378
AhOtjBMMvns
DjCkGoIilFU
UQaWywqVm3k
oqa1-9XyVPQ
Og0kL_dddv0
SPN6H1PAOpU
A2EMHDy1QTA
J91JS4KT5S0
zIYGPvU_Z20
8IeKOQGHrdE
ZVm27FEkTAo
MORBMTC0Lbk
1mhTy4NWtRw
pGTtNlwyxIU
1SobQFH66Tc
jiWe9FmC_bs
8V_-wIlQt20
TZ3mClIB1vI
C7UN3D-3T8U
2xIwivnvpfs
foBKl4hCwIE
Nr4NdH9Bc9M
BgB0R5m-nD0
7XVoJpdRCOs
J5UxLMUx8wU
X47RlPlS4MA
rd7Wfj_GwIQ
8h_IWtDrJ7c
h-nadk-HCow
u6hxf5JuEVM
MiswEoAvxBk
ldWpn8XVrUI
WBoUvGnaf2U
1H_iM0Y6GjE
5wjKj1RzTEI
uoTM_nGSyQc
9i8V3_hDAdo
YafXQcLUpTk
8A6c-kTGIm4
kHKeD4Fa4wA
H9cCRDNo_24
ko8qctIp250
OXD71DeWijw
BRda6JS7ySk
5wjKj1RzTEI
EVdvOPXp4Bk
LvYYFLrdxDI
ODx9AU1EaJk
0gSVVzaOvQs
GwtAW6RpU3w
Faqz_w9LWOo
J9x8gBay8ls
uMcIlyEMeRs
ORQKe7tTyFo
T1Jrx25qG_8
thuwUSowknk
POYFBaJ6n4s
Dklh6CgdEB4
3PM5ozXtF84
BBFLDbu8LiI
3aBXftabUno
gNHg6LfaaMs
kyiH1xtmN_w
JNCk7-111es
GFiGW9CNnsM
phKvTJCSrMo
x_RSaOget4I
evNem1jVptE
YCwHKZ4J1yc
lXsCHFL9Y6c
5LhEVEra_v0
U0A96F38DCA
R7KbdHImCPQ
TDxvyJO4uA0
DDfqfn_EH7U
ZCxSKs0DBbY
IBj0ayqwTe4
Kh6y4FDcjpA
UFuHtqngWkw
z-Dd6mtZA5k
kbsvsCS-_M8
Po8whNbo5zo
G6Sqb3ONUz4
_Z50y8u3_eY
G0cU6S6_uR0
xo5zFVkZXfo
xOZzeW7MNpw
TfwsXM625Ho
CLh8Q5OX-Sg
2cFyZBJx_V4
HVm5eCgLusw
fFOq87fpWYc
_kLDue6b3HA
Eg5m1e95ino
bv52D8GZcJ4
dGeSwNkBpdA
QNfp3lV5jtw
2j4ZBvMzrJ8
4VdMqgnsCAA
i8dO8o_f4qM
Mfk4JU10m8E
iXhXGShzD24
CQcCPeAebDc
J4rtBzYajjg
-Tc3d5oSD_Q
C95TVKHwmoM
pm20FJZgTuE
E70Fosqq_5U
fkBsGXInEvI
OQOXVhng2kk
moqWyHiqEug
dBbTS5K2wAk
UFJ8P-D43B4
40TUGR-zEeo
3oqk4Lbq-j0
s1kdQ_udxFg
-NgMp6_SfeI
QPPMtBcFb2s
UFsN_XFx1SY
e_6UA3_Qnks
HTVF1KElEZk
kX0MQ5civqo
Szb05z3Sp0s
vwMV2VSyIAU
KJl6mdYIcqc
hgT1A5KqCik
ykppsoLfRJI
dYwCkzm47CA
MOGR9Mx2St8
jQT7W0RdL1w
GOTrly8kAXM
BFY3t1Tokx0
NyKQ0ihH0uM
bVPw-VTYa3o
FnC7BBYfDco
oSVziekGPTw
gTBioSNCsPI
E8axCAojF8c
HibHJdFmZJk
p0Pp4F3zEzM
IuBp9bbaWfE
CZfgnPQf5gM
FM_zE9f-aaY
A3HKNdStB6E
Pk5IQkch9W8
vp8ruAmtkLY
LePkk6MHaR4
hunNqja0TwQ
_XaZkZhiWhQ
uaI2DkpYl_U
5RbWIPv9glg
b8ZuPC7tYk4
Sl2dstCtZOs
QfMfIWmV9GY
wk7HKOyAduA
p0Pp4F3zEzM
i2s3ceVLGAQ
kUtl9EKb4Ho
i8y_8-Wv3vE
cnhcW5BsWbs
i1Nd7C6560Y
o8hKxGFX-Vs
D4DISrtHEog
X7yGEVZqUc0
J7iBApGVAFU
h48acVNSphg
Enqqk7v0LDo
p5fS_AWJxUA
ryCflShlTPQ
Y8GYqaVD-Tw
9J_mKvfMA4Y
gQFqShUWoss
u8Qlg8r-pO8
v_PicMyjz2Q
mrbiNsZaNcg
DWBrs-Xcvo0
MpTQzhohGUo
CDx-BIiAjsE
0OmhVusjP7Y
fUKalaJAVNg
nkpcB_Yh75M
7hPhzreSYgc
VadYbN1IWtM
UjaC05U3xUQ
O8c55082Kd4
S7ZH-nxqJZg
lSR-6DyJuyI
pE7DfrCjimw
2HWrNmi3ifI
1FNv_dY7h6A
h54lrBiaRls
jFEiPfiAtak
20Sn0qz8L_M
g48nExyOW9M
3zl8vLP9PpY
OcjkspuPQcU
6ugkqd_0wb8
Vfu26dHsINo
uqytdwLj2k4
P2l0p-ypwOw
C_cbtnVJUMc
C47qffyxX_4
rtzJS9_XtwQ
F3epI7kzsrY
qkLlKxZacC4
-acSP6WEx24
ocifp7pzPd0
3r4_yuIyUuE
Sy7LT81edI0
v8mF2_TAqdw
rGgdhQwhStQ
Gzh0lYndFMs
OfY8B-eEIyY
d7P5C7t2-uY
vVZLtyG3AkY
00OEGKdPmq0
ljWJHc3JF8k
cASWurQD2hw
WTuXPTVNGmw
wNuCdTCPj9g
zoRXbGPHNH0
-qpLpeh1vJ0
JILuooZyeGQ
zqy_0USrGHI
JGtPuMSYbpM
cbAsz1_LtW0
RRMCCIeyH-k
5Cxu1cShcQg
0S2litAnIho
mzqhL9QndL8
_qiBiVWTttA
I8r8XwUgL3w
s4aTHqCWxcc
EEuXiL_yr60
_B38lJIdbCs
x1eZIh7rrio
BMBzTRlKi60
1UIDija2jN0
jKza9pkX404
UYoOQDoCLhw
rGJqk8yv5R8
VEe36Kz_t50
go_TKtzmMNs
pEJhB7TsTNM
VEe36Kz_t50
PNjIhWNTceE
ClGbRjkk4TI
PjugUWTNnfw
3opOCCB-KK4
6DM-LbDA3pE
Xju_-j4UujM
UoFgI17UgD8
YEKDlig6uiY
Vau0oHwrfuY
cmlO2SMU_cw
vBqjIxhqmH4
ALQk4av2-io
tVeVP7VWEaA
JwratsdxrH8
rR0zqW3doR0
maN8mRdk9Hc
qyWcpfGWUWw
QlzqZi0MtBw
puy8qc_-Kbk
0kJ6nk7I2zg
KokjoiBa1-Y
oabvTHxueD0
c-qfZA1V7Yo
fSjvqLp6-U0
kLM50HI_q24
d0XFn7JolHs
pwYB5lgPx2Y
JL_ZWimbtJE
Mc4Sc-_TFbc
ogDKWXYuWT0
xfyZ6qo-64Y
i4HFIBlqhHQ
OFoDxib7L-4
6PpM3xEUvhU
48IKc-yLKOA
BsB7qmAdP74
4sIMoSLWALQ
-IYNJ4TBVmo
2zlJHKcG5gI
ZQRmJ5kfGvE
I2VhnKgoCFo
0aUGtSiocyc
FrXrGQFLcgw
0FIXFxZ-NaA
CWJZq9gsxh0
i50N91-18vQ
sPjCy40fw8w
RkGGXjI0EAk
OER61zAYYpk
2gg-BC_hsnc
PcPbS5Sxchg
XFKmZestWOg
IUpupIBhYoA
kt6vaTYNmIE
7nmy2Zw1TYs
7IvJfFo7wNM
z_V2ykZaia0
UZ8cCbNqVfk
zR2s0NlfQgQ
9Xqcnw47ETY
lAob9q1_MhY
63cTXQxntbw
quy0Z9Jvg1c
tm4frQHdygM
IrVqleZuKks
fpgA4LcZlBY
kRPNX_vZxv4
JY5tzlTLtdI
ukDJsbE2-80
7d8OZrngs00
l7RUe2b2r4c
QkESUtq1sNM
u5jLU9pYu80
Oxg7jkFc3F4
UEhsTI9bsPc
zdywa0421_s
ZsFWmSJgnho
gtTcoyLkJ3s
StV-Rb5GM14
-OBNRMv4v0w
k8vRubFxmwA
22q1tFk75lo
qp6WoCpeFn8
Q9VGx-r1wBw
9Rsv27EdUMM
qeibF2I38aI
7uPADGxLEJQ
vSPqBp30_Oc
BQ0rLuZ7BkM
bv5sLT0GXIU
m7TQVI1c2CQ
xJNnI3ksGZ4
nkCGgkbExqM
NKJN-THxRx4
NzS16J2OKIk
LhlZNXCyLcc
MSIqHUDd87Y
f5b60_hHN-g
-u1WFhDAk0E
SA33EK_eJPg
S-WAwiIVbfA
r5onBN1OBn8
C7_k6-ZYJEY
uokg_3Z4J0A
6FkBU5msufg
AGlvaWvn_o4
IUvL9v9e_9Q
gBsJVBjUDPw
i16j9GiqWSI
T50gyPDa5sM
ybCEq_3wiFo
Tt2dEep9vHA
Ury1acU1tdU
Ckis2TGTcrg
1KRMDuU0Eec
fmc1WL2hqsQ
sJz54AWq5F8
18ZRSOSpgIo
CuDZputwoXI
QfK4DUTNAL4
dYvrzGgayB0
Arn9cm2fdhE
zo5P9RTyiR8
34JuntXDGLc
k3NDVdKs1f0
dlNMWiL88VU
5fjuTxG_m9U
GBFhn9ROR8g
b2nnYnq2uYw
NVZS5TqhREA
x1l8_bfPSdc
cR5Gzd6UmPg
dHaD6YBVogA
lCveZpu3FO4
EDc_ThZpUPQ
o5ivr48aqOQ
EMIW_K4xKMo
7FSZG8CQNl0
X2sG0InuAmE
arPzJUJdyXg
cw5zK1TXHWU
maJdBdqSm9s
_qZIrddzo28
kKjnOEzIfzU
r5rnd57P4xw
-1UX4qxM9Og
8D2xhq7X5aQ
ddt5uik4jw8
Bi9nbxpTQXs
BjFlkwpUUxU
X_A-DAvR4RI
Y-0cv_ke3CQ
cE6TRbPMlng
ZAkUM9dgvpo
7oyOHz_xa0k
p4egwbJjUc0
xhT1b2w5PM0
hUTZ2Ah8Zn4
YmCiCF0a6bM
EvD6Zfvih3g
vax1tABKzvg
S7M4_S5IgEg
eVC4ZOeQqCI
GtX_JsKoxnM
qqrcJCIfB40
MXiOjZA9Aak
uqru0uNSzXI
AVSLTc9d0wg
hTkdrDlUcMs
6gXQFUzJW9U
g0KRNL4JNJw
p_dRzQ_wKcc
nL13yaElNZU
TfktCBFOnlU
JU6zVJ8OgHw
BmN-hplEqZk
z9xfkOtJ_rs
jWpQrfCCfYA
WDs_6k8C9CY
sJMg9Sw5dBI
lLV7qCtGtdo
c35ALwd4r4E
hBiI9XRcGWM
AwfWwBW0IJI
e161mK-rLBQ
b4en5YkXyuc
3j8AQHnirB0
v1N7REU9u9E
ExO4MmOG7lE
273VY1FLMWw
6_IkrDGIga4
r9TBldvf0Co
vul_LZaZF_U
yoRd1uKCIKY
fXzhcOj_22o
6hdzkBNdtyo
8QU7fShs_rI
PBVD_mnZqzw
3YqcuZ69VFo
UV1zj1WThzY
qqbVZ4BO34s
vtyNbKk-upU
imxGBWZ8HmY
shNXnT2cRDQ
AGHDQ7ak_-I
ZvOAkEQ31ao
950zE39uMlM
JS92bIoy4o4
kY6SzGHKsVw
gS6vmGTyfNU
f4eCHLqqsv8
_ZADRRdaUG8
odWmhAPFyZY
6vQ6ICu7N2Q
krEeX5G9AYM
6MRX9f3eBYE
MXljSsWl2lY
yilCkah2atE
wjiRZyUPzLY
VQHPn2zx-Y8
Xpy9OodDOUY
v-MEJfimV7Q
RwOD28myHF0
E8iAQsJV5HQ
LjPFo-LJY_Y
Ri8nmgDwZwA
PWsfUlQu464
UC2HPWnDJ0k
67MxifaG8UA
3pbnCDfUrXE
-GmfX253GS4
Ws67nUZI7mo
Sl7C5XGVS2E
u9VhzHZEBFc
vrKo3YkcRAw
DKqt2jzAUuY
zuMHQidjIsE
zjSN__UM-8U
Q3XOZ4LzXBQ
Gv_s4wHdino
lymjT96lSDI
kPtD6Z7AOVE
m_iWcVh7res
HmrkffRDsnA
uZxfeA8thjc
Xy5dyePrQDQ
uhPb4OWM3B0
3zbB2ytUhl0
6NuyCso63V8
8NAJ30XjaXI
BfKsQwGoAX8
bK_y1Su7iwA
kY2TnCGkZTw
EDH00DdaI00
UJWrAcKEtRg
qrNoQUu3LC4
BBI0QwAks-I
gQYatAiOtZQ
j7dcq62BFoc
wjqunfyngcM
zMYQibqX7iU
o-AMqgNI2Jg
QE_m5ffKUlU
I0RJiwCl4AU
qwWh09wIP28
bkdV-xU1y8Q
O80GhbQL-ds
Ll366D6-1oY
4Ya4UVBDeHw
olVxqnzrMWM
ydpX2sPHe6k
oFG8uV1n5E0
yReATc6zhPU
55wu8ygPvP8
6meo8iokZkY
N7vUt5MTGP8
-cFe31v1TUo
Ng36NuH2GQc
VqVw8FquFnk
Wey9l5HbIOA
ktDxLrfltPg
FVKYVNfIWp8
Li_770R7PMA
C-Q5vXbcoqg
jSwWF7NczFM
3wy-2cvE9NI
fTELqXExbSo
iVfsbR9BSOs
hwhqSZwWG0A
gCyDcsRTR9Y
0KTWAQ6ZMsg
9dMWt9Lbu0g
bXt6ylE0EAw
WF953tzi6ws
AAKN9GoC70U
0J8q9uAxjjw
orFF10eFb4E
J5u30wXz_GA
jzDYt2hUZBM
OL5xJ0tfC2w
wL5PfbWjXgE
ZVp-M19jO1I
poPVzoQrft8
7wAwwbN2sho
s9hlP0weizs
K_nPaf_Kycs
86GO6UOkSdQ
cU1AKw5Rq1o
oE5pWe77BiM
2f9ZFtHnTAo
1Wz1wldzgzI
5DIgXcU1YaA
MiIvocyaEQ0
NVy8ykI8L-E
VKjft79_LSs
jy-h431_2-s
ZSBik_F-bFE
xWowsYzPwsA
xca4AJDRi6M
h1p0V-4lEuk
7NzDh4rtcOI
Q5Jw01mWWTQ
NW076ks2oEA
fF3V3X0hSU4
CO7OWQUXOmk
5Tgq5_5ivUE
PsyVELnntNM
bQSuEuWqcQo
3s7ii3ff1cM
1Ez0160WaRg
IHcChrBAOOM
Y3N1Dx7aqps
rc7erbVNxqU
B6u3WMWvg6c
DmBrWmmj5zc
VSC40H82DQM
zK8m0Czh2GY
X31J9gm1KXM
6Y1bpwsyLVw
RRQGViAy56s
0EDXFVTJFGw
DQbd_8krZXM
bJ7E28sKsro
RDlJ99GShuM
oV_ebOzX8OA
UoPhzCparEU
M3WmOEgsFx4
RNR9aXZRAqo
KWq0s5hgWws
fbJmqUT6hNc
1OcbD_0NUsE
jYARLAlqNnQ
PeSc6NBZRfg
LtjXb_gmtm0
Gyteco3WG4s
hk-DFPJkmjU
PZQSs4-vAkg
tVHgOZmMIXA
xYtFcL4J9yo
qdY3GU6iG6k
3sd2zWtPs70
km-DWtvGTZQ
l9gUWd89Xj4
kcge5g2juIc
795u8zl82GI
rJ-szPiefTw
no-NOGHASMc
ZLC9-4jgrts
NSrm2PXU74Q
0HceU9NPpYQ
aRtY3YrYeeg
KigoT8zrWBw
5Z6D8mev8-Q
-yMSmPD2Jyc
L1-cL2nlj4U
eVw1zs2X3iA
iVGBe8i1LMw
j-_lHrUvcX8
f_JEXMroM_U
OZzxuKtLzY4
2gy3N2ejp7I
cIC8HkprNgU
nASRoUvA99A
lX7M_1c-7jo
x1fYhqfOg-k
u0L-Cs5PxjA
8vcUTCX43sc
pUkK48pa988
WaqMtF-JT0I
xV19_C6x30g
oDfracadWwg
64sERSFXwfU
FSvbI4BaAZc
uF9WvmQzwDE
H3iZlIC4UTI
Ho5uz6Z7b_k
qJrlALJIva0
gL5v3NmzTAE
lX7M_1c-7jo
EkJUi9vUbio
nFQ0RU9tXS8
uDXqK7a8o_I
NarMn_hadwg
bNc5O6rIrMA
BJj1_6HCTP0
pgfeWaHLc2o
zcjYYX_GS38
P3ywZpY0tBs
xRz83mc2JGU
uUSOpUr9k0k
eXk79vh-gIE
1Dn-WSyQ5QA
r1vPCN2m6Mk
zmSkRR7n4FM
8HJYzM08IhM
qmVWGf3KIOE
FWe4wmuvpcg
lymVrvTcT1M
P1q8l9nsqgg
l-PxhSM2gR4
xAP0tMNdAiY
42EoZQxpn14
yNP9lRTeQ-8
ALz4UJEzKsQ
s7PZj7L5G_g
wC7sij9zW44
WFbrA2EhQnk
3Nk199vaWzg
aHIgZg8nibE
YZ4lndLOzDo
SXuDYMn1cgc
rYoey57kvUQ
Uh70E4hKTog
1UTE_HyXvxU
g7i6xAXmUOU
uHnJhwBNzVc
7fJorGHHbrQ
ycMGDAWJv64
9L1OD4KcoE8
3z23z1QhROI
PNWoTAlNMkw
lslbBnxzuLs
nH1cYGJhsXU
W2UbAjf0H9s
KRGlGhYbtYk
8qABZ2nDVIs
ptzT2w24e4M
m4J2x9jLEqc
x-bTd2_6DUY
oKtTKoSCQcE
5OupHTLc4XY
itZ0_ckZHQc
Dvg_Yr4kYQY
q4OIx2nTJnk
QLjulW7dqx0
Zt03o6Dgil8
1pIdZkHXymk
EcZZn7CmzaQ
qG5dXJiODzg
i-K9Cl0qQME
g__JZ_LKkRw
H1JZA4DDAYU
mKHTgf4LClc
yQ9u3xERC6g
mtQBRvqpj-Q
_LDq3Fz5CsQ
uc8P7AsYnwc
W5sKL-I48PE
KvJxDjhJcrY
lKKi5yyAZLg
Un2H22MOUb8
alXVZAgudwY
snxwtwWlEXs
lN7MMOwvoHo
7eACXXlQFq0
KQw5Vi8SNUs
HEZwkUlsQyk
sONix2H3inw
SbcqVzRmnEU
Rhlx7VyYKYE
wXeNWaJ09o0
WuxswhVs_jA
uKh8aFHvLHY
I44Yvk4UhxU
PqS7E_cDydU
bAe7zcZOy1I
K0teFEnkflE
uDpzs4IhADo
Ad5_BLsrxKw
Aqw5zcoa2Z4
aKZVQN0KRpI
ODfYu3-4H_0
zmr6-skE64Y
r_Y5CD0BNeo
mG60pSTZx3k
c8EOdlnuPm0
-NCukJ0BvKI
u5PvAlIznRo
d6W5pQ-JIc8
uwVTZow7UcA
Jh5JvJKfGRo
gBypPuWtY_c
t5dL3eI0SRU
VmMS6rX11T8
QjKqj5Ac3Fk
u7J2Fk1zfmo
P4MSdIPxRLo
GMzymkOXM28
2ob38acqzTs
fx5DNKTw0RM
Rxxmwqt9fm8
5uQxGcQI3rA
84iTtGF7lfc
pZKO9VFb0gU
tHbLRhjql4o
dR6XszsRoY8
AGizLcvbm_E
74GaGT48iNg
mId34ZoOilA
i0ug90swgds
fSxcm-dg2ZY
1C_9lWYeRMY
6HczaPh6ct0
gbQxBX_fPXc
9h_om3JQsIg
5w1tCYEwC18
fHKb5All6tA
y6KTgUBAgfI
Z7JKi3ZKMc0
77SVq4c4A4I
KQx5ZcR7l-c
e91wBBVX2yo
Y_dUEFhr9UA
3JBu1jccg0g
ifRZ47BItts
7yJrWIc_42o
eL541CsR6UE
KbmyFys1pHQ
gf_cFCzIMoo
RiDdMIAbIHs
vBGBemDpbAo
yJbaAcNkOIg
GVoSecn_tnQ
7LppIWE9YEk
T7K8Z7Yj94E
PwtflNoleDY
JSKDTK8EQ2g
eOFrpKavKQY
67kwYkwuCE4
9Y2Ag1T3d8I
FC5cy4z9LSk
wrJxm5wXDhY
5qHYVqSJAR4
gwFX0VLWg6w
FVdDwS0ijU4
M8mYuOvNRYQ
2HgC6AA1o9A
TDH8kuEWW0w
tvnno-G_FSc
PKKQFNX3gi4
xbQ2iAW33SA
rEjsYpuMyF8
mucppqrA7_I
fpME7BQqKyM
IbQ1bJj5kjU
GnwJIhFHoho
1d8Z9_XGL-4
0W6xTNsrWUY
SJZVm0cNWbc
xtkNz-GKeWk
QwMAk3OP1UA
GxHn3O2fflk
aw_X0fSOYu8
_iZCWfYZ9IU
jsIi7gyCVAU
P2apKuxI0RM
jE_xvsF0gdw
7F1OkTDiZR8
SzuCr2-HJgk
AzLTT-1_Gys
fyd3FhnpbCs
GCmI5LxVc10
4CnvpkmOtM0
m8MYRaukotQ
GloY9_J1fhI
qcioKn2BamM
HzkfuAl6rB0
7pDApY_mN9o
Fu4exk3BU1s
lKisBoMPzf8
a44FUH7oLiI
s_aN3rW867Y
pJ9MgBNh7aU
pqM6crtGawk
5r02m3OgG3s
O3oiNXWz-GY
j6eXH1hor-g
xJPTY3VRasw
q-x-A5r2QGM
dUJ1LE_vtdc
j6eXH1hor-g
se7GF5118TY
ISWszVPoW9I
RvTgU8GHKDg
PeFgqSyqHBA
WbLFs14Kfa4
SvMK3DR49mA
9ER_wIycBlM
wp5V0rjJvVM
rHpxsVO0ztE
sD4YRJ_BENQ
4Csxp3RLBmU
XjDDq6D6JL8
t37n6N2NUj8
XIxbvK9uZz0
Z_DLdJ9uaGc
02UoMQCYRwI
LEoB51ITmoc
5rzin9vGbXc
RauBAZYLJ2A
yD4sBWWHb7M
_O35z41p2zk
d3h_LWJr3mY
_6NwVq5wydM
9PrpmWBv2jQ
8f_ZU1yyfug
Cq-OD1OE7dc
4h-mUjrBBpI
CpkYmXNXNAE
SC9-jPgC7EY
yBC7pjxaaic
Oxe0d-NLAZY
BhLcpjL5ops
jIG6UMNmqoM
5JTiC55WjjE
LoC2Pkn06oQ
iuP7L-y_vo0
r_aPzdP3eOY
fAp_hcqKVRE
OVCsCfIdSfo
sN9rsVWu3AU
J8ly1HNR51A
Rtz4-dImGGo
b0BGWRYQn3c
58l97yl0MkQ
n2AV_oHqHio
x1XI4LfSt7Q
xRn8XIkVLwE
Mkn3ek6xYis
628W62ZoOBk
yOoA2AsRsCE
pI2Jj87zEpE
A4vvXAvubJM
OUasdpBlk-Y
fa1dZpO0fFM
zHKytywwTYM
9pl5d4JNXxE
x9TFTCIty7s
h8aQJJCV4AA
eD686-RXQWQ
GfrJ8iaS1TI
I_5LFTCdyMs
NxngcBKzv9Y
YiMEmQZCiW8
Y5npMLzlRVs
Es0yEfj2yyk
9w6XD2vdheE
eoTUlDCOUew
0KJpE5MMZZQ
cSIHeXPdpVY
1WF9yNpkSkA
VovLQjUZBXE
qo3xRy19Kos
wRdp7nIafvE
wsN04FjPrwM
T5ieT1lCOF0
bTWowpmJS9g
TGy6cqCI-Nc
9d2PLpYKeLg
Cga6Bpuljio
KvLgEnOq1YI
rtsyFrzlhPU
phVc4stvbl8
NQn3F8RJ_vw
UGzRWFIhhcI
mb-_ddE23BY
F_vQSS6iiqI
5ScP3T5ie18
H6d6NmKriA4
IsLslUG7tQ8
okp90M8pVIw
mOVvyQQRiGU
m-9-DxJADP4
6Fth4D3_3gc
rRQ5L_sulP8
fH6QupnBYuo
UX2OHIzVe1g
mgcp0Qq-vEo
a2VbdO9uMh8
YYz1X8X0Hfc
6dyKhKGFPlY
UX2OHIzVe1g
HZTCiTJ4LkY
toFWSBKbPHM
hgLTJE2acbI
qvhfizOMyzg
Ttk3vhuWDLo
vpkl_opL3fU
IA7kLCSGscY
qR4oVsZwVtw
X3DIcuNdNE8
nR7OfNKTuUI
m121C03XJj8
FLsIvZ77LUU
M7NSsOyXTpw
cXxE5cqSMKA
NPCnN9He93Q
KLe5yrBYCx4
RVAkZpbreTQ
OghkaFuRH6s
5-tpN1J7wu4
Jbl26UnnypA
PuqYxcuDhXI
h8gCLVIMGkA
ySOdbd4HJy8
WdVkB-RR9yk
0mq7KCqYGkc
pv_Ia1L1DBc
I9qsn25Lr0Y
tMmLkBG6T90
FNnLA6GDGxw
angn01gOjmE
LWkMCNrjidY
Oabu-vx0Yno
tiQ_WkPmQH4
VSLyNVbSuS8
ui8YZhHHbnE
v2PTh_mhHDg
P2FyLzpnqkA
V1QfHO6Kvho
e3UXJ8eSEao
P8-SkfyjTDg
QgTc22KCkeE
udrzJOy0L6I
H3hvIM4onvw
VnwfxGKL148
KiUOQxNzAXY
y216lMy26KQ
LGwfkpK2TSQ
nfEC1_SjCxA
Dl-Fzvfh5dQ
2GfUqaynn_Q
V9gnvWtta4M
BFFVYFsaXgc
9Rc8cdzKdeg
w6j5L6hh5NU
NrIQkeicYjM
YWJkZY_xRxQ
gDYI4jG4wek
95R6AQImYH4
4Rn6Oclz5W4
40hNrpFSsWE
8JU1KlVo12Y
6572PNb99C4
avUdzm2mCZU
dZss9Ma154E
GA2XlgX26c8
Ps9oirYv6TA
UxNenfRk56Q
rcVz9wi7jRc
O8Y8NN_aGD0
_qo-AdkXe14
v4Wth_8mRYc
-CB8tVD0w0w
F13m2x83X3E
PYGfN9weFHA
sTjFhAdG95M
ZDQP0_XivyY
rKlebXCZrb8
aUsuAutBs20
Fw1XXsn-SIY
0kFy6miWMdY
UDwtRhaccTQ
RGHLDUYACr0
MDFQmDtdYFg
vkhrAaH5sfk
HJK3K1FoMFU
TxSJwhxvTl4
0OiyVKAkVWE
7TDgN0SmJbc
A4REDIUAltk
J3tBd4V8bE0
DklXJu8Nbk0
NyLu1hOr3y4
tpvkKyViYzc
xvaSKQAtz-M
lY2qvH8g0vo
2qiCFs7-IfM
p2bRR-7TnAE
5RgoAS_Llos
aKOaM0sNDPs
AbtxAaWCr8c
cdkyf3o9j_Q
f34d87voiPA
SCGHGKfb5jI
-dbLod2yqKc
GqQ_umy1lYQ
viBkEHs4n7o
yR4Ee9lHQds
01GqEaPr5Ok
KrR9o69vdh0
xVjoYi8nnp4
X8zYULyRlvY
0rxHiA0pv8Q
KdyMNCRytgE
nbzE2PHMSEU
6TCnpf7zJoY
Dl124BUFO1k
KMH0-oUsyTU
yt1I1vGnysM
_4xYMprRk0A
uLHfo9Y5aU8
ZFdKTtzygAw
paajMI8liVg
w2bMZATESOE
a5_BtC-p-00
RhZiUBVCRvk
b3RsCFemjVk
DpUoYFgZwmo
S8KCwYi0NG8
hPVEuXA1e5w
1et2BrkbRNU
U0Zoc8x_km0
HGkdMseUOTM
y46-wXToSck
f1SHk83ZXGE
yy8pQylHM0c
Dgl2RLC4wBc
49Hq_-_KcJo
D1HJmHv9rOw
eehf-QM2X54
TCTOU8hTeQw
TDyhwSPj2KI
2O0j55ou150
MKl-4E6WrqE
sl87q79NtLw
86dyAtTAe0Q
xnG2BcPHio0
IhkuOyD6zFY
n9RqnFX5xXI
YFqGKAoBdow
_d7B41Re3SM
54w1n6-v8pQ
kzFh5VEy9qw
U4-7UZk21wk
mVTA_OK7Cl0
vh4tRwjfTsA
mGN7SsZ8MsE
2hcZcHKKZx0
dF-A4p5XFaM
4826OUT-jis
26ciAEKZrzo
-1iP-ym7h4o
-ND6hVFvL_s
_m21ej0yHOg
iM_qwntrzjY
uWAQZkbpU6U
dq2ny2lDamc
Xa-Q6yi8mR4
JFlPjBNgeXQ
9taIwi2SoDA
van5F6Q1EmQ
DmSCAGaOcO4
3qr5NHMcz0I
etuMYetwpUE
nagAieKPtAc
nfLm1Y8FLnQ
MmESiDUSZ4E
3k7ixIBTVqY
RFz_z3KvblU
cIYEZb20fXc
OmlA0VWVdNA
3xKze-9YSaU
tQjHtTZ6hck
SiDzm7dxmdM
U90X9K73GvI
hJ29vLJ_2P8
zCmxXpw_Y1E
ZubIN7E859k
HS3LURieb3k
DCdbj11m7bo
6W7twawxKh8
eRlbV8tNILg
uwL6BFeOkfM
WI7dMwB1zds
yRKV_QRmshA
9D0MCChcczs
sXDD_YhpMTw
iTrKYWBJJ9w
nBRG6rmwGPE
qW6L1YySM50
UwDFUxVxzwY
HKO-0ZEzp3I
ViiMYZbUdks
fyiARFoZias
317EyCYqgLM
lom21j8eCco
_QH_aAGgRRo
cqwFR3VAdis
b4RO55vhyBs
2krmMsb9nYc
PpDbuU5HT1s
BWOQItYSwO0
Az-bMNJcFT8
PKygZjcItSs
cur-Ly10_dc
t_I2VpS2JMY
OLwt1D2ixIs
1RV-ifLn4d4
TruXu3WvroY
xNr3kb7bDWY
db-CWEtnv9I
I8Rf8zfYZYU
S5EdR2-TaPw
__1JujQsxIw
-pMgr4cLmIU
b6ujFbcpw_o
h2r0LJgDgc4
LQHpzhOEIu8
QoNkz6UZWdQ
Avn_U1gtf54
2k0HI3rxoeg
RFqdEiagcaY
l1pR0Kd9TGM
XWDLNGD50uw
YQfTWfCNQo4
VQ0gwoIaK-o
jfp6RVuOqRM
SUYuNBuscZo
jawycrpKsBw
tTCnVD95pmU
ilY_zSNln3Y
dHtAP9r9LXM
xmkaEmO1pFI
CgDcy0YOaVM
vyP2ujoi4NM
0hraG5Ny-_Y
7dkdVT5Ii9s
5mzF6l-p704
TIM_gYxaBOo
yOhgipCNSv4
bRLp-TV6a6Q
LhzmU8JOYo0
BsXwwOuDxJ0
5Wh93F39PwQ
QXK9OloIOFk
W2P6V0adURs
hSEP5KaAe-M
l4_XbJ9y2MU
k5K9S8kVc_Y
3jJmFU_iCjM
wGveEzSTkzM
wbM0onAfO9w
Bqt6Rj64kzM
vju06U9d5vo
6Y5rybra_b8
aFhAWSBZhHo
0vZSH2UklE0
OEONX0DKMF0
UrEGdWQomkw
PBBsh8VwmkI
NDx74QG5db0
yMzWWb7AI8Q
me1TPGC5FLg
fsSkdbEWfoA
9V6U-MZYmYo
HAog_BstxrQ
ig8loaHYo0Q
RteuQVqAwXI
I41hpH-flfU
7mrTTP9ht_o
nMgqQtwCPyg
yLLxbDLcXl4
auKwiaow-jc
uYceuRvY7-4
HfvyaQSUMkI
D1uHNYN-uDM
ugUMddA3qxs
cSuF47rd5Fo
JCvtgL5o4fI
WnaK2Ijn0N4
0tZUYqmdd1o
xTkK5km-j0o
XqPIMIswnbc
-3-veSwIWhw
6qozNaWduVU
kEl9clJX2oM
Mc72X2PCzlc
nj9XEKoS9TI
Cw-b5E_YZ2A
vTnaii07VpA
YCdk7MLN8No
6j0s0hYE9Rk
kb6fPV_VIMc
wn8XhoErWGg
GH1ylJe1Qb4
LETZU2xPrbQ
8m0XceLWuV4
q8F4JV1gGh8
-__-SEMmOsI
BAbisb8gAz4
xaTrjzmlD6Y
ofqbk8mRDoo
y21j5SQaP0s
vhU5_uGRQE8
OLM_gH9ZfLA
qal1-btnfvU
UsJf9NwTFhw
vV0Etr4RQYo
RUpXz_UXn6Q
eHkFJ7Z0BKE
4dYGCdL5Jg0
pwRvKZ1GItY
QrFdLKkgBUk
sgAdQuD3xhQ
rlOlOEP3KNY
Ca_TyTPhcdM
CI5RmkupTEs
z5LGCCjZcCo
o7qsLhsbFI0
WSYpzeC1sao
f3b7yPONDpk
fat4lYx_v5Q
TaZn8O7-oV8
GIhQdRa6mDc
0ObCujXorDw
4uFlemV6aSQ
78aYIUF0bck
1IXr7y1lTeY
Dw93RGv2nm0
9ss6hDVGFZA
X88Zr-Idw_A
q9HSILs4bt4
bpxo8LxqJxc
v61XG0aTTak
wsTCchDD8VE
8g6MSsmoqYs
L9ncvvDPP_A
FJe4lZwEPJA
ejrWtzkUSiU
lVmS2rn3CCE
I38Y_MHZoTM
5-6Eyt4AYBU
0CqYXLVvtQg
9zZarx5ll_A
h7CeYjZQkyw
e5sQMoX-X5w
42cZTQHersQ
vWtmSPWhfhg
3EN4NAP1mjo
qEdSNffW96U
KR8XWlPFSDU
HlI41i7mJJM
6-1XJ9wFVqc
JA8rJWS1xpc
5NhlgLxNryw
PbNi-taNXwU
OOyFpzwCfHc
vG8JVe703zM
7ysOIILHbm8
eU_mxOXziDc
Wculi9cnb34
soVxp1nepAA
6FkLEBKpkKw
7PuzN6vCsHs
vRtJx1jL1bA
XKogmwD6TvE
6Nrsik-1dCM
J236UyClrwM
Vb7e_0Mw4ps
kQzIHcNssoM
8hmNnZs5W-A
-vIK0jI1Tig
z3eRJ8JGZSc
dG9ZzPaqbYk
Fgjr-BBZUqA
0_HZCp1ehxk
Kofb_Rz7yfo
voznHHlJIa8
ebYpK3tbHMs
jqHjH1UuyXo
rg9M1T9bZNA
EqaHZwi6yck
npjUcYt8Jdk
lCZLi737UMk
8QsUombVdMA
Jfy32QF4Eow
aIAHDWSVs5g
czbFtly0upI
bpq4p7urMSg
7PuzN6vCsHs
-3Ohco75Q0g
zocoOMBELiw
MDALzKDNS14
RZg9IVXdSOw
pPu4mTTb0rg
KoSmcLx3gbo
vku0aBwnglg
mFhGX0uHVQs
HDCshBN-srE
mSphfWpySPI
rE9NyBtCowA
5hgadyISDes
BineZ1qMCeE
LgB9Rvp-WMs
ePNtU33y1cU
w1WDXxqa3bw
xSJ57JxUTUY
RipT-6c_cIo
QmkG6OHj95o
EEXyTgLGdvY
_YqPe9jUtwc
ipw7zPRa_TI
J_xtgvXHZbQ
TQuFlsnOxkE
2CdotYYHyBM
pE1A6swmksY
WhcK5AMFxZU
fPTZWmfU2Js
2BJBTSk_8-U
4IKeLy4tO3w
AEVKpnirR_g
JYtrHOTkg9U
MTEALiQER94
PR8hui1AH4c
gmwAxiSOTQ4
MmTlmFisItQ
p_C4mqpw4Ns
agqQduOGCwE
rtumaEZAjlo
KuM-eyFl5Cs
rNifGw90alw
WakKHwpIqgA
9FpDooEfKMw
5EKcxF0XfPg
lwLGWO37w4c
o27rAAOMzMA
c4jfzxwpJ6w
TKaH84sRo2s
ofBalt21pZA
XEvuTQArdUA
ypK1CwPVz1c
VWgtakAzoq8
Rb4DQnvGqPk
zZKzb6pIaE8
7x-3l5Ywm6w
baBXWD_L8dA
3BuZa2f3r0g
KFk4ZHzRExY
Ec22c0OmGKE
sPGVns2cOqs
PM5tYjWxUNI
YBaGnQ3ZJjg
YFC68UqWsAw
leiNfV8cKCI
MxpEc3f9n3k
raLL7HVH1HE
6Ne2Jbcl8TM
qeCjvqFKxMo
pHIhmkGCYQI
UGg8TQ9Tr6A
9hRXwWyVqgo
Zc-WMxdEPRs
FLgA_6Wt2wc
c7IxsSvHdAc
L-SCPul101E
M662juOFvbo
dCETdIFQO14
X_GTltGMwos
ErtqIFcqldk
5cl1pIrzBxY
HI_9yDtrsGk
uJ2SfhtluAo
MVYo40LvZso
jS2EENPgca4
_UvWZ2lYI8k
kmb1oQcRmkM
bRlftnvHO2A
SqyPsE44EIM
LhbbZ3r6l6o
2VvE1jyFvMs
ArQ7bLPaGqw
BAkg1s2Y3So
2O18bMDsxv8
_sjKB2W0a1s
iguWBRtATQE
u-qhqmqW53g
eCM1sIrmvvo
quRC-fxXI_M
wLodVQXLp4Y
YngUBlzHJqw
2wkFyNkdunE
_NpVhdbTZ5I
CAQNzoiMI7s
NuWI1qsqeA4
RnimbqBx0Y4
EADhvebhPS8
SLR4Xk4X7lI
c-jq36RKVa8
Z_IFjTAlQJA
uBbNz6F2sZA
ymgEk6nMoqU
ray-uuWD9LQ
PauzL0gaDs0
ZgAmoVKETSE
wf4x2ugmoAE
ln0LS07ZhrA
9nm0_sOLKuM
UCV8QfPeQ-Y
9YkFSAe8r6g
JU58xVIfaq4
38xfhYR2Ngo
v1LZEajc6dk
2az1vtuwVTs
gXUljfOj8LQ
zGZjDSsyZp4
sppwkLXm8DA
te0gIEtI0WQ
TmsYLmqx3wg
IRhTfKuEKj0
C_Kdz0mVnAI
oj6qK3s7gbs
jyFg1E3-NDM
wn15tjY_Bj0
-cioNH_DgT0
8kTO91RoKWk
OOr8SRvn7WA
0GO3L_diYno
9CH4uWzTnvM
3YKeLdk2KT0
PXZbWPXKsNE
yNYG69MmVhw
kWouMZYtVbE
yjrhyXlznJA
Qcrh0rTa2BU
pQ-vFlEZU6s
a5_8S3Ik2oM
yxzVWzSdqPQ
te6ShRnByw4
tjNmIf0XwI4
R_mwV3aMszk
2z3oIpc9nmA
Ug1LSgiLlbk
LWrxuA7KX3o
gdqLHLSKToE
U9BBNCLHwBE
37mKmq3w-0I
V_BnTa73wyU
_C2gRcD_VVg
51fpvvWHwUI
cSNJeXorxmI
EFcLgKrqIl8
eGKNOwQjR64
Fu7x-ukHiBg
sbPi_QAss0s
m1yy7GhflB4
UfRsWPa_q4Y
HNrFhKlnXRY
8uqnlRed8bQ
wdVYRYXYIu8
wEKOMfxpEUU
oV1pGcU7rbE
axFXhxk1Z7A
x7KUTtiZSm0
zPqWSdLISnw
_3g7pB2f7UU
D0QJAxFCR9M
5Fl2hxwgul8
VWgrnFpsytA
gIYj0CotstI
LdopCd6FpGE
inac8zPM_GQ
bCK1UyVfo9I
9--zgd6L_zc
3dmlofYRjsk
ePqauKP6eiI
H0n60qC0qTY
Wv8Y9exemis
mXHWLFRLxgk
ZExvqYZpVBw
k_mZToh1R-A
3CebbfqY2oY
3uCCKsYDYY8
f01KYmr0eEo
J-cbHCbjWNM
Yvs7X9F-XCY
ez-fQDvTWsI
GUTScMAkSzw
NqPaQt7SrBc
cEXmCWJ_UbM
LtamUU9wdQU
tdipqesOBVg
dxn_Ki5g1YQ
5dS5KXlSry4
1r92EVYaY-A
kS58UO39bFw
hfvzmjskhHA
G77SIOUSVL4
3hhIQeJWQFM
-OXoikicNG0
nZwaCwJ1-_s
TiiE5rcw79k
w4-7PIEWx2Q
GDbprxM2RSQ
-gtovTjs6fA
RR8BbShyupw
xpAUez-qUeQ
ncT62WdJ5Do
OOeYazLb0YA
yANIfjow8SE
ukTTJTOw59Y
HhTMQn1inqc
G1hUSiXISYs
LUQ1mWMP4Xk
iSoO49DIvf4
lwzpWpWfIcQ
BObb0Rcq7rk
jrIsBBa8kXE
xqg_bFmHYeY
VfRrrvZeFAM
xFOL-sCBRLc
PTBOajb-z_Q
fzG5e7LLJeo
TUPVCRYyesg
v-r6pteyq5c
nA5cYHiceC0
Ztu8ku3zXNQ
j1r353Y7ehM
SDvBcV-y2eU
dnbNAPk7tpY
K1Bo_hHey64
4Z5j9HQaAY0
LeOqWvBi8xk
29xmLH9P_pA
mu1n54-h5Xw
QFS4127kcyY
Pe_ePNqV0us
9CmK2Oc-gVM
j6RGv-qTtes
SU6IgIcA9tc
ShC7X3bDRGg
coI5UVlH-kE
4zhufvZii6U
kgA5KQvXhIc
McO9usPf1GM
2fLzPAjOLKc
RCVpVAeMm1s
nZuJFoxlWYk
9aNGD8aiaJI
1gtXjZQ33uk
FBIODR0ABkQ
XPzwhhECWt0
uLgB6koYcAU
HpqKePV_Gps
4tawkpwAPSE
uun00U_QKzU
ihro_26gDAM
30b-2U_LdF8
Q7gwtuIipSY
BuvzLNIn7lM
ZnzShFKqX_8
P3yro3ufLOI
CEECqogqmjU
0QOBQDjEpMo
F68z_2Huflo
Uq3t3V1AfmM
sb3WVLwf78E
9gSgTfXYyDE
UUoKT6n2mFA
O1z8oOuPXaA
ctCuLQq5zgM
79JEHvmB2RQ
EzyQ5xyrhNU
GFUEtMUcQXI
y5wBv-SY05s
prRTrUMj_Sw
RZV-KyEXQHI
umJ3qPOPGJ8
PLDk2YD-CmA
kVFDWBVpJMs
8hAYPJhEHRA
tZ9i6XaOdlc
LsIn70PAB3U
DU1C9dz9EAE
r7W3J9DCe30
nEvXMqyD7pc
C7MAg1O2dCg
1pJz4UYbwto
NYoi5kiRG1c
PDFVkh_K2xs
zkfs0dfY7dI
734ER1t5GD0
HtgpDPDwKCI
c0nSqSDJljo
T-ZA3Nfy-d8
OCSnCblkYrY
ofH1QLtK9gQ
Vm2LwCMlMrA
wQvtM6xNV_E
ulcCnJcVSpE
p_LdIM2_6l4
JNBdJ1d2HrU
vUQ_IztlhlM
ZUyiYEwold8
hWx8ewr9dd0
wbPXYE8J0VY
xB5QM2MxkGM
SwsEFQrEknI
L5WJUEtb7GQ
hd0s-Y29HLg
7v_5YX8NWdk
1gQA5inlY84
guRLBTRoEx4
XuhTYob-hz8
y7Fntlxlw5A
FQVBo0xtfv4
cGeXQlMaPSo
s2Mewe2fpfM
M8a4AAzs9B8
1HyeiR5vvHQ
exh1Q8IMVI8
GVYoN6rWItY
2RYSPnlYYjA
6yzu0331CE4
lbHgMpSQPBw
15S1z0ZDZZs
cgWTPKGZq-c
C_6iGx_sk3w
FUwyYHhdcP8
0OYE5PzHyTM
pbxdVo5jNBI
Fbu1VAgW6ag
1WqeVsYqMlQ
zzqMzyoZ9wM
UJJubUMb-oY
aLSOARUt5eg
Lpnj8Ltg9y0
cMkg7xcJnjw
jPOKHk4Fc00
tHImAprC_vk
Wbj9NMnrXNg
H1usrSFnUJw
eA5xvdhhATw
XHOa0k4GYjo
raoRlouGSfA
vlUlmNAsGbM
NRKIyKsARE4
--j8KDmaEoQ
Ca7mnKuFn8g
rz113zSpZV4
FRMwdTqBJxc
H3a2e9bdKK8
WOyjzvePCdE
DRTBcgD5Jmw
DHp0PH1Tt_c
GtNJIZx-XSM
wPkeF9rmdZQ
Az7Dg92x2yQ
ECDq9Lb5HvU
KJlnF-8tFUc
UwZqlpHJ_D0
WMmfTo8ILs8
42tBpI6MU80
I4Zhkdld2Vo
lV6-rFfAp-8
U6uhfZ9MVV8
b9HiF1yRTNQ
EGovSgxQIgI
IiUoJs3nCMs
aAB8YN9RB9g
tGTFECJqhBA
TehaKHBw8IQ
bLIGbUr0C_w
YmVQu6Mvagc
V6kfX33ftpQ
mIbNYd_lTlU
gP8tWY8OWww
J5n4CuEPfH0
iMEKabrD6oA
jaQD6V-j4wA
AsQknlAYVfA
idI6vJIlktk
3YxB621bpzQ
ErYVpDQn4qw
EzsJLcvnhlk
I5MrAaQdEXQ
mKzKbzHuiXg
KDHdP50imc8
YG4GvJVSlQc
DQUrS30VIsw
8J2CS6WcOco
dma-7Gd4xcQ
KqierBM7UNQ
KtEHKND-RB4
tUCGwFfP14k
soz14UYKjBw
_ljjoWtWe70
qInNl8YZ9qE
qwyZ6eB0P4U
Rtd1-ICPZcE
T2GKFuT_vaE
3OqWCOQre6g
o-htzRcj8MM
sJUV9Niev08
_Z7CGxVt11o
fw7ApnNElEk
9tMbVB-SGtM
TZ8HUlSkDZI
vFXc_Erv4Gc
arM_NdP52mo
uRBiK-gDi_8
CpoqBhOCVsM
ycTzI-AhTNU
THQztzT1FXs
o3IN4DkpVKY
VcvkiQpVJfc
rvudSE8SAvM
3hrqrqZmt9w
77y9mGTEOzw
KT8nEP05y08
NxK55N0t81A
08umsBFXoow
2IYlLJeJRcM
3k4KdZXSibM
f6ezUp0estU
cESvPYcIE9o
p0bBnmZrXiI
fuNsUSS-joY
JgcUL2I2beo
6jeIzO7NrFY
9O9djRGbAT4
V0XtgiNYfnU
5_85jmUhfws
UT3uTNnCO9s
xUQctuEL8SI
UkTukjBFJAg
MX7LECqGNDQ
kJS8Qk8WWHo
GHBdkGH22gs
4cX72BXp--8
r-dureJ1Fqg
inial8GeeSY
oiqHv_SofNo
iAIEEDJ4H2s
j30R-YNdZwg
v2-vHf8oisg
7s0CeUIjj7s
awdwCbStxGo
W3JMQWctSas
9UKcCrXWhUI
XZWOQ6PGWTg
nAHBSVp0rLk
oQ-3HABiJ5A
Ke-cLdkaa-g
qmO1EAViNfE
Buu-x5h2cko
XKMLgDTDvRI
ZPMVs8tu_ZY
-F-LxTWlwG4
EzC8yvCVyqs
5hmVYP8307k
DrHrnEwj_Rs
y5ONoE0cveg
UarmNTFkoQE
qCbrDJfKyNM
X3Q5QicI1jc
tVttw_VxQUw
G-CCGzkvJdE
w6GWyMxtrb8
Mer6uRY131A
TpddZpwjBIA
u2tsZspCEcU
O7cZnbheZXw
9ppdq8TNko8
Inzd3XvRVPQ
_KWie8688vg
4NKsoMSfXR4
a37NK05cz7s
GE2qbjHRvJw
OH9_hZ9uomk
kpgposDBcJY
7FpOms7wXu8
zJ_FWgnNoCQ
xjc4OPM-C2c
gcmoWqrTJ6k
pWNlk3x_rgk
1sNIdvdR6_w
le2dufJbJ_E
mpnPuM0tSwQ
-NvRBIAHFE8
0wdMZKzTXmc
UZ84jv7IaxQ
th9NBlBI4io
Y3ifkmtZOUQ
Um0_2BPSNGo
GZLtEYd9kOE
BasVmKyMlic
wnC48GJsC-w
qAftgZ49IKM
cBiwb3NQMFE
odxK-XCwJWo
E8sD9Qos9CU
hEY3fSUnTnI
EAzr2Uazu8E
lAbEG-4NKcs
BB1RRXApK5M
4EtNk_9lJLw
qwUFUXoPjAc
gJ--8UO1gng
-XBW4MBvrTI
xcsQ_imQoKQ
jek23TarkKE
W9H549ez2PA
e8Dke_4cLls
gpWNwThXk8w
JdDedY5di4k
2fBXLwXXcMU
NVawrhK14Qk
NAGT18XLceU
COCD6QfbA4k
KoLqobp0Xbg
6FD9BbdVLM8
bEPyXhHJx84
vgG4SQdBBIo
h4tcfoRM_CM
I8VIomuxS1k
N7TcetpUDyk
1tg907W3WFI
q2dgk_EN3qg
Qcndj3rIGxI
A2e5tkC6jj0
VPLGLKoX7YE
ZLxV9U5z_28
vCWjK07cArk
TPeiumYJ3Q4
fb7hFemDJ10
S9zgRPevQeg
JLmTcoQao9I
crmgIR-9zt0
6fS-rcCGcKg
ol40LCZ7Xfg
sZWJAVeacP8
eaVvSQPiZGo
F_f6-_zM1QI
pfOEI9dHvmk
NNKSmK4-PpM
OvCUrqmUo_o
UPjA2nC905w
xQF3gOi6OVg
YMou8OLO4YI
AmVgsP0g5hQ
4x0pGA0Xmnk
iCAcBtF0AV8
_jX5AcfV8i8
zZ_Zs6q5b28
u_YcyuKeMpE
QsgUdrz_vQE
L_RtN2VKIlg
kEB5UpmMDfE
18X7Lmp2EiU
aICCv0VLIf8
Br7guN6WITk
V2tlFvYXIsw
NKpLc450rZk
o9whTE1he1Y
34NyW7i-QBg
wcnpp86G7Pc
AajU83ZkP4o
YwRt0pe6B_c
qqISnrLja6c
p7rV0l8i9wo
HW70fvAimXM
K3p28BYkGtQ
tQJRbM9z_xQ
1SiJ9G1cqeE
6G0qHz3dxSY
txzqTmJxNNM
Td62ZeKrU0o
K3rDhI66MtU
3qapMMz-qdY
_KVD40bvfAo
3ec9msD8UXI
2LWEMKjOmKo
lk3dHxCx8AU
x1rLyNxvG_M
w9zPOQTQr8o
O8awrtlQ_Ws
3CaGU-D6SJ0
q8zfsQ--vpQ
3fF5hf5f4DY
iEm_e1KPkKk
ctbQECZOvC4
u188ycpVVlQ
-0H7C3WOtYY
Swfq4K0Soo8
zYcLn3QPGVk
wgz62p41vFU
2muxZ-5ZD2A
cnQgZXZO29M
q4-zZxVSYkU
Vgk8bEN7b60
7uTreUEfTao
qdX9oEajIFk
r3STxmFcUqw
Oi41sB2-goY
4pzNLFlvVFw
dtYkKsbdTxc
mgFyEF8QF-M
0oPPrmx25yo
jsd87mo1EfQ
aeTwVkw1tT4
clvIKdJUnns
J34TQXn3wEQ
5n5a9eSIsQQ
0kd90qvD0lc
c4Bmjg-gl1k
y4Mr4_WbCbQ
y5Wh-RtXa9Y
DvDoOQRDE7U
aA78Flyl4jI
Azx-F10mQ2I
efQBmlmk2Zs
jhNXsRCBDC0
wGF9fz26vbM
1Vgx3pdLZpk
J0cnr6vGuqM
rmCbfWlKie4
XNuL8ukJEA0
D8MrwGHHvGw
rCpam6aTH0g
kAkYyamVjBc
3tojisXZgYA
Wl5ZLqBctwk
Sh30K_kMyCU
tL__PixBDbk
KrofRTCNlvQ
1YHvXdDqtmA
opUWZ83nWSI
8BhHC1-uW_Q
DwP1BpmPrck
08bJ_VhxPQA
rNUbSICiKCI
xteEuij3RwA
Y5OhjgfWC3s
Q3y72EWQJ7o
08WIDanukdg
wm2DAlyNEYA
MWmGz_fYQGE
UgATiG7clnM
W0sEbkr-0Sk
L6AazIy-U0o
8VZyPTui86w
Zgj_xc4grRo
g_aXOOnmr1c
4wrs3Oaq_rE
YrTZZ-HS7CM
vEVP97Z2X0A
D4zyQC2xVIA
Spq-vhNBBsc
lDh5eVYHHRE
4NF-uzGfHUw
iqsm4x3bzaI
pO3xODSNc_o
GDTGAF7aqGs
P4CclQIiLD8
G-clZWc1q_A
9LVgGKcEGCE
Jk4sF0igCOY
VoBg0WcBa28
NwVJ7Q4nx0s
fMVMkdRuaaU
csS-2yVf5zc
8y-jTsqIIx0
szjfpELLSCA
AzDqvluzmvE
hVf_psZrmsA
I-v9Kx0_dBk
43RJZ-3YGCs
PpIxW-ft2-c
omi_8EWf72s
0zS47X74tgQ
4hVfnniOQHc
DXzRND6vi3c
U0JR8WHPqz4
XVH5ZP9xO6Y
ubr1wIgewdw
V__OnFkAR3w
fT53gUMOL90
t_E-l1PJ0JM
woR6JBQCgko
ij057El1K5U
WxBhFPtIGvo
RIW45MnzskA
yu2hk7MdGOc
h3uGX4NHYdM
YfSuOtoawG0
9dSJE70gslY
lD0TBoKol6Q
yKFeRZQ4hpk
oqivtgcR9SE
FB_nOsLUH7k
nccCapb_Enk
2yJqAdfO2wk
iUjJ5XX71co
JTKLaNwLh9s
rEhoCj8SAdw
12MXlJwFtUw
8Yr4aSBeDHw
aAU-a3QN89Q
Xc6sick_Oxk
8jvFSod6hXg
kfSWY6qKCx0
DHb4EAKCEZU
8uJoWaqOCgw
8eaFUtUJjpQ
Rs2rRy1c-Ys
JNW05j2_NZs
-v5NKMq1ZNo
RxW_mROXs_Y
HJRL6oTAwWo
yd9h9GZylO8
5fZBWrz6df8
sPqLwRO5Anc
-6ba4q4fIu4
xuQxR4uvOEE
SfG6LEOmq9A
0nJ0-b-4F5k
iauGPEbTyv8
P-d_axjKU9Q
JTm2kAITWrE
U1faFSUAF1w
-L9AMSksl0Y
NzQ1L6fwbKY
WccJ30Jf5vw
Im605MUvPI8
XFJtH94AwS4
-tUs6jUAUS0
8Ya9oaO927g
3xnHZm1Wf9s
C0xBaZ_OdoU
ad4I_fGaTqM
J59fQ3ujjLA
9xIobJXZ-cg
Gn29h-7077I
yGh3Os7hnHg
9X2XNz8tIyQ
GMAzw_1VYQA
pTkb3h6VPRo
62h9R_TWnLk
fG2I9Hfcp5o
YirLM14ovj0
_vj6E_mo0z4
I0zLOT8iGyI
tjPdp-KCvbg
uwEApkcUP0c
zXRSc4_R_78
D25Ol1qK5gg
9qBmt7V2V6A
t3yOCLOVPAQ
vKW3vQsHLyw
cByWEk0UbK0
fv-vNlQ8sdY
mbBHQRuX2kI
osYMi-k0Coc
2gi26_rNcOA
gNV382h5ShQ
bl1BEGrwmPs
KyQfGap3Vzc
_hoj7mYFkCU
UBWE0Bl3-a0
qNXOvssEKUg
5T9qa4gwlpw
pspCv0cDscs
9weC1GkwxNU
x292hQHmW3M
BVvRA2hwBZ0
uqHsGZM-z2M
g6oBHXEwvos
OQ1eXf4XC04
yW1Oeh5xpK8
oWjI9WmuIk4
BKEfOXNYzr8
SPxBHoWKHf8
VzOCjT_Vb1w
JNRhdVK4W9A
FwK4wM-_gx0
4nBdikM1vqw
NadEQBnVTZ4
m7AFXFR5Y_c
iYMO3RBW080
n0vpE21k0L8
jX3q_IuvWHE
3R_m3Qf2KD8
2Z2gDg-WzyA
p6xt21ANtVY
VkGqbnGoRLI
KW8pFIRPwR8
2nxbwADUIiA
g-87mvzvfFs
59hGHYVHb_E
WQT-0fvsQnI
LMFL0isGN5M
s6h2ux4q61E
zi3PDapFCoY
sQtGxZg7Ok0
xCeQVFNrtTs
A6V2veNJaCA
za9bu46bBlM
hh_d6p_Z44k
vLDmXMlw0qQ
Hpel4rdL2nQ
aw3OBDSeMo0
-Uvo12YAI64
JJFWqkqj1aU
rUrhoulacOg
DIl4VUDBtlo
bscXccgxn9Y
4eEMpBFtdCw
lxDPCu08jGs
1oMSmbH5roA
SUmhw3FSDoc
qj1THx8Awbw
0-kW-V26qR8
-CjOA5aPB4w
9AQK0dJe1-A
V7xgROuRV6s
ElrC0DigTMA
7sK_6jFokxI
MB_FjMBl9RM
g3JBRyAj4W8
zAJSO9ES4jc
XXmdtlbqiuY
q6u_zKHyuEw
HKIYGRiqSyw
eLIRAy9xBpI
nvLYxI4obgE
5MTZcwPpljU
59rJ3JMjrMs
MXukPG8EBYY
8RH2OSxWRtw
lV_L3582IFc
d37tG7LYzmY
QE7lN7--Wx0
srJ8183Gq_k
LPPy_swP0MQ
lF6BKd5ybSU
r3hk6Kviq4I
SM8A8g3Cvtk
zqUTb1fzY2M
y6FuB7RF61k
wEKhTb72C18
HeEhbfixS9c
1cgthf-BLg8
3e6XuQejSe0
TR9_rpbc7eQ
99ksnIUqUJM
VMy2Hn1sZDA
bvSF1lZN-YM
aj4FozCSg8g
FOOuwuLjuwA
WevmslUw3gc
uoHEcZrWxH4
V6DAhF1GIeM
l7QHVxDheHU
RF6c2t7uMwk
ZwC5yIhod-s
nZ_K4f4tvsU
calz2-EZQzI
l-tV1H0wVuM
jL22usPEMgU
J7DcsW_YYMU
427qfoGhP-Y
WTdxWllihQk
LTKef0QHYEw
hM-EaP-ZXEE
2vh0JjE9LQA
_Rb9OeobbT0
rp_M2nJmQMI
5Xr7svBJ5Rg
sLcNikh8I_U
ZB9d1grGEfk
n3ddXDwSsE8
MGGfnMF6AK4
zkkyhpXbzMg
jSQGQ8M2RlA
zP41ob6y9Y4
kAW_wK6iJJ8
-kIJ30Ip1L4
83TE9rMnTC4
4h-7r-ThCZI
p4JyLfgtkRs
ravodylAgdA
hdgjxr92l5w
77HeK3RHBDc
H8BigPa0J4I
j6eJjOKXi3o
nr26eBvDKcY
GrpIjiOcoPo
tVY9iIY_6mE
9ERdJjcwc24
exon_Y4btpE
OS_UhSESuZo
IWVourjphj4
dxnFNpzfMuI
Yyml_fkpS-A
OiD4qlM7ygE
ufFTvcyxqZk
iN7ydtyojsI
7DdE2GomC3g
C7nvAv4ZsEU
18TiZpg93xg
kwccdbm0vkA
obEOyWhNRnw
9IvpSNiXL7g
IU-2mKJ3ay4
h6yX7m_wgag
Qfl6p4U_8Mw
yZmRCbQHMw8
3YPXWX1h5nA
Lbf1COddno0
ukeVcJLgsAo
dPy6YWbaCTY
gLxidDpvi8Y
81OG97lW36E
j_A_9YfPcCA
n5h8iES7k1w
YvJPxuvsuFc
V4yw23pH0EI
jFvV7VgDwaM
YLH_eDQYg7c
Z3wPpv1kakY
ZzhL55CJrxI
WrKkg2g9_jE
1JrviSFmUZo
hSDaSwUUS1I
1gPOA90e88w
532oWEw8G-A
4B5S2eDUwUY
zk49N--BOLc
NejG0IcbYy8
vIEKfa99N0A
uyvo-G2G_YM
gquAHiqDpDw
TcdzIdwVlHE
SiEpuCeNERg
YJB3idUaBo0
510GQlxlPyU
739od6PVGgs
0xv2JCs9jhw
SsmRwro5GwQ
tVes5vao2a8
vmanlBDFfw0
C5A8gmApk8k
zlbZ7atvENY
VFDfyJcItWs
UHpGnyopiCM
vGkVp1FuuuY
-xfEcC2RXro
nqVHNDKXFUE
05gbvGqYSMg
XZKRhYvqJMo
aKeEhBo1LHg
lAGalwExVdg
fiNMFnrb5lo
2uLnW9oXrw4
XenWLDvp6dc
NBx1DcObUM4
TolTaMagf9s
8dOUjPbVdG4
mkYAz6CW-ZY
inAfh2FipK0
R_uqO8vZL6A
O9rQtILGNeI
eQ0jHgwg_pg
-Y5w2SGk9e4
L4CuSzm6nU4
FemlGgbCo74
uBsjqHG1xNk
DXCjsF0zs7g
FbFxNpOoJWs
PV-MYHij294
eTO61GWIrDo
QtkuR9QvCMw
pF5b1-YdF7Q
LwCMJ4_WGCs
ezruz81Dz7o
MRoeDLbaojs
bZKgN1UqwsQ
sFecXN6QA5k
bzaiPspxExc
vK-bH1wDiDU
vSjWTLlecAs
iB6-12Pe3Lg
bqASQrvKmws
v7XtqhWHEGs
N2H_RQ4xygs
HSjfUPSd6Ws
tP35jvz1ylA
-4NNYDhv2RQ
qQihW3YxceY
U6hVhTy75zU
wTJeZmEzANE
aLHIsxjxAv8
SqQjYiFL6mA
BUvb7fANHXg
qixeWLT3Ers
7sPjygf36dc
EQWDwP08gwM
p0GdmdR70PQ
-lbsH6HZETY
GYKcGLWB6sI
tVlsJ5S5NSs
9PxThHyL2OI
fle4kAkk-AM
-M-obcw60LU
5aMywPhNGFs
2cVMXm2ZzAI
kJtpkHbgwno
xST2P9YYYJ8
C3PtOV8u2WU
jxFrUyF05ZA
rPlUJ65hkg4
puTTC6L9OsM
kRNbGbX7pHY
8G85Ogtb5uw
rQ_zIEFHz3I
6Mjs39mF17I
4ZqNMoXo63g
oioLnbcPzvc
rhROsMZPtiU
4bqEicma2l4
rYwXnl8DAy0
A_fs-pNEB8s
wn82_RNyoxM
U2ttYCCm9kk
XhCnY2rkIKU
KZhg8OBPIwE
2tADIybFc-4
bv5NbeIs4rM
V0fkfsk3mCk
LCv9NRsuW4I
LfBD5fwY7ro
3jy3-h6NXHk
xy6oI0Qu8tM
i2e8hQOzX0c
TAe1IHCcHtY
XT8I0FpDa90
eG1By-CEXrw
t4-4em4yR3A
hxXLrx6CnVw
NYVOmm5V17k
f9QYAsX7pRk
nv_nXwz8ET0
nmaCRvMLnkI
TXBj23E_eI0
4KnPIzWu11I
ePg3vX6PKHo
arwByFjwmMU
520e4nl5BlM
3hp0VTqk0_o
yx5-QbCMQd0
2glUND-PUaA
seO8jOFxzRs
_mxE4MMa9BI
ACwoms6VkCM
N43-nAMNzJ8
PmhYkngcJQQ
-32aDGZClVo
mrTX2RW7ZUA
qN5EG_DLCec
qpYX43BmHig
HXj58rzxa0Y
MmBN86blr9Y
hMq5zyUnldY
1K-cr6mw_dI
-bCgAqBTnZU
zYXlVOOnsSs
7iwXiEwikyk
0sSSbdrfj3c
h6sGIbm5xkg
uxJRWrsPH0o
CsiTviM8VOk
0fEpqcecS78
-8jBFyBsqnk
U4h4IoGoZEU
11qFWVs7hQQ
TXnKLdnQAks
U4h4IoGoZEU
DBv7vNZLyls
ZgTd546LAzI
szUsGjLG3SI
Z4AQgK8_5As
d5dUzhOWJAw
f0ofX4AheTU
sQvdMqgLQf8
qJEIyuEBmJI
a4zYQZeCTNg
_6ETl33K0LQ
ohq4fZaIsv8
jdaI2btXwkk
o7eRszbZyMM
YawH-zznI1M
Tgc5R7MBPsY
n78iky93Q6Y
p3KNJG52Amw
4KT5qMGAg3M
a-ZdWJo1118
Db889FhJF-w
RgwkhxalmKQ
tsz8d80zkCI
nFJaN5WwLIM
xIZwkYNmbUw
h1fUC62xrYU
r6dCJhhGtJo
hj3jdZq8RuE
O_JRu1k1Lfo
7MjBMg7NDU4
uPMeAOBtfpw
LIqOUhH1QT8
okb3vrwRzOM
Z2Z1P9Qjr3k
4Ey8t1V54WM
6tqAqxrAT98
s_2Kcn-CTw4
B0i7NXSwX48
Squi0r1tbmE
sn5XI49cCsM
vnoL8hiN65A
yiBGsQCVq4A
qgoCuEmj8h8
S7r5eDltFfw
x15O34T_VGA
ZQ1uBNlJE0Y
iSPdx4ChIgk
scEf4ss02q0
iNY7ew_cqKk
kmxTTldM8Ts
adBTOTeFUjI
DjRAHH_okbE
WlG3fOdvPmw
cIzLz4Adaeg
OU90-kagDsE
CbBR_CXxZjY
FSb8dj1zBSc
v1tVaW79yqg
WhFl7dGy3Jo
1_hmwwPai3o
89KnHRLz7EQ
cmLp0cbX1Jw
YXPU_MEd5vg
gOhoQ-8jSuM
9SJYdkvrs90
f-QipPaU1oo
oVQkYAhmd3Q
w60AOnEqko0
zRlgL-f7doQ
zNYokQ6Bs_Y
vPj9gWvS4JM
v83ahBX5NZA
8PplUcfk3_k
SRBu3Xgck7E
KyrHIYuiBFg
b8RCE5SY9bI
HcehMS_oECU
Vd_nLf-Kz4Q
-wLjMQ51V6M
a1HuEBbFp2w
IQbjsx8R7ew
pVlg9DVJwvU
J1CFc1L3yi8
kJPZ6jOELr4
7IyvJts2BBU
6V0tQ-jM64I
kHs-NH5i3xc
QRBLuDqqfLI
w-_MLBhmJSs
D6Gth2CFqVA
N7xN3HoFKK4
CHwzz1-kWXE
n2s_IODu0dg
rYH2viBFLm4
0oR9PHfXl88
Y5dvnbJ8ZSU
lEjREvwlbJI
IvdRK6MEz7k
WLOz1jKIv1I
v9IpkSzcix4
223jCVeXE44
W75DT7YvapE
ya3choSsGKE
JfpCiWXnPAg
YMQlL9eL-Ak
EoxXi-VT8CI
rxY9k9fOK_c
5MB_kbuWzE4
7ISV1O9t3SM
hmQ0o52ODtU
ezjc7JFUBLg
Vg-D0vVs6bg
FgCY5iaWjdM
fSKCM2NTPw0
lR_9uj5maUs
8uJ74_ycTtI
pu0yPrH3bd4
sl8own-KqGk
hWgbgisgVNk
_ryhpSFQHQU
4T7A74bvEB8
eG2NNs4wbFk
Ucwmk5yoios
h_i5pmyVxb8
-ptQe1FKUvM
0IzFkzpKzhs
mQHi0ycLD_0
hxeYFmf38M0
sDaglpMOhCE
UMnK0y3qaNo
YUp2VnNDUCM
7kMm84rv9no
HHbe3Nj-XbA
yEwPF3XE1qQ
gc8iv9q1RCQ
sKrdNThQ0YA
rZ1bKG3-Qic
VMMOuHz9X-A
hqSK68XKw3o
5tln2i19wUs
Hq5RSM68sAg
NsfjGPGY0I4
dyadBv2S8WA
WUdgqWjjhhg
Mx89Xt_8igk
YPkxsZz5rAw
a490bQT-l0g
Dl0OqSB8l5g
AHc3xQd0WmQ
8ad5gJmnnT4
IbWnXwMwQLY
UPf1FBVEek0
UNZRCM7hntU
wzTJrHDyJFM
9R2Uq5WzYTQ
R8k7O2xhsXg
zhHnoCRITz4
pr9wCwNL7F8
qdzZ8ofjNRU
Fyyu2mwBuwM
14Xrv170UtY
0qGJBhgNcyk
oLAbU_tK49M
MPTTsltWfX8
sanXGhB3fzA
U7mICiZUfPk
x6JhNzs2ABY
K7ZWvqu9Br4
f_wuYjV1RZs
vlWm8sbxfok
9krHuGrk_LM
zOVoKFaXUcQ
WFOsCtgkq8I
jsebxlOGQSs
zdgvMJVHEu8
jVcc16Pxuxs
xrKQi5NYa28
t-MLUgFHbrA
j-iDeSyBzj4
7p5cS28El_4
GE0hIIlHSeI
NC_bhkQNo-0
mKOEsdDLaBU
ZxE9dXtgC8U
OT9jwJxaMus
Cm_h9AAcmuc
nMGr8AubsaM
iZVcQPYwfz8
z5jdtWce_8g
w7fGDjHBHO0
Vo7edyPOgPU
LI2Cu3anPww
tm4MOL6OY8c
Q1-LL7KuLwQ
VIeMO4TEYs8
Lm3ZbzHRYcw
r-JMzE7W4Wk
98DcE8G6TBQ
zvLS9V6mUDU
kpgHGkdiinM
uE6sWx17rJU
pMYiTYwbOto
lK4V5dZC5bA
JeZYPrEA8d0
m7LCDOqx3OU
2q5TKan2mYA
xfp9_cUxs6s
VBs1DuVrw6k
rIL2qRYIlRI
s8vbyjTyoow
CxMrfP8spf4
pR_CKdA8JqI
_qR1VZz8QWU
cUoN_qhQ-M0
8eny1-13hTE
7Pn2Uzsguio
N-NCftWNk4Q
TVSm5-k8ukw
W0bgBdAIyFY
XgURqPFsv6o
i6b0m0GxgBA
EwMnJnHieEc
2jks7kTvDrQ
_V7sk5P5MoA
O_6nHYSgHxs
jOjXy9TjboI
nqvQKiV-XWA
qJtq7959-NY
pSu70nTOxJk
nom-_EYjIrg
owerxb8rSPo
ShgE1mBbf3c
T8NG02Ix8Wg
JEzB1NxrA44
8BK3FrV1WOo
dgdoJSDf4zI
WgR-FbnARdg
wFg2P5EULFo
oZfCpyXkKms
ABsd5WssVS0
1u_ZZPDHBa4
wpSivlVsIbo
WvrhGgHtHEg
C3mjtY-Nd5A
4GdlH4KKmFk
7UksssU-6-M
02b_bbOXPUQ
oP88D0UC6d0
UPYgTY_1XKs
4zu3rXqvYM8
Sy0A2QYAE4Y
SYijvFHLZco
ISHt-CDJGvY
KyITrAQkH28
5Ty7DGfNP-k
-M6NyLVemE0
RCi3gRLrCTs
3luAWids54E
0HVsmJsgIYU
gVfNEFG6vhw
VS7-3tmq8bM
FGxYVvVikB0
RyZqEOZlrIg
Vi8o9wZ3deM
0zfzs6zqDsw
Bqhb8MzVPHs
oO-kwL6tuxk
r-LZkd5jUnM
9udnl5Wd7Pg
da4Pff-vSeQ
d7X85NB2RVc
mYVRn-hBOwg
2GhifRC3KjU
6BCnbzqbrsg
oJrgD7Cln4I
FPtuW_h7YDo
VvnWtBBPZqU
We2BSwF-YJI
h4oTs5Jv0_8
eIvm7QnLIHE
JZsckkdFyPM
qkncVLoMlYA
dUgJ0UjlSJA
p6WpJ1CBZfs
jALsDVW63wo
10U_05c9VDk
D7cxmYSa_mU
Uy9sqLWwR-0
kvnxqZxV300
9SOkVpB0NFM
-1Jhqxcv4Z4
GThf-ub2XW8
moXIJbw-348
6w_Tib2ikd0
fWXy8U-yr9U
3IuA3o-XKgo
SnjVpNVaj04
D0GpjSK1uRM
kVmX6MJZc9w
9RGNgoYiVxw
kVmX6MJZc9w
RqekH185I8s
FP1FnB6i2Sk
p4HTUrrcaOw
6TszFnjqKLc
3kQ0MgaWwxc
WTWhc6rwL2s
cCcLxBG9e-s
x0IlQdmaJKE
QbCREah43bc
SNewdsxk4PU
pIDVEAFyD1c
rQdBSSKhFuw
L71Nyp-KODA
PmXsdvIy60Y
Y5LdK5UzvUs
mItmn0SwHjk
tiaiDN7O2Vg
jEqG5sDq8FM
4XXEoVkiXSQ
Ly2cR2FSMFA
zYSlFOgEQ-w
Q90VnZ_okn4
6oQchPltnIE
jciO6plutfM
jWMgKfdoWck
FWp4Ad314kU
GGcolPBP1sU
PkYDy70mL4c
fi3JmjjeabI
af93-fqFiqg
xuVtoyWMob0
oJikdhYF-qU
vdqeqIP8EBE
1FsJtoOzCH4
qjWCEX9wr6Y
ioES_8HY2Ak
Yj1-p2_e59I
BgZ61TxnxKo
WXez_OyNBQA
aimg72hAyME
Ut5Q4XnZtnE
lshurCNmS-Q
TQ7NBx7eyiI
dAdy0RI-Ryk
pEGLK3qrc-c
DUijtD3QwGg
pgq4NVffTY8
B9GgIMpLM4s
Y8oHc0dsZ1Y
TGQgZbAJnAI
eVMpXiaL_Ok
OGDVxRd_giY
BwT8hlLJ0kU
Fotjn-gZ-7E
jBZoFzP3qRs
6FUSQWlaMTg
rKkx5_P3nSc
XAnCj0n-Zag
qeSHhORIJAE
4b-jZKQ5zDU
_YBa9StsPgc
VLrG6d9rKrg
BEAKgQCdf10
jjmLh4gFqSU
bHiLqgtE5tE
oBWgKohUSzE
xJHsP3UUaHM
s_tEA4Shc_Y
4EuY_IBzTyg
y7qpGFHnu_w
V5mDOCtBtz0
RQ6zDg3E-rI
dHBfwMqElzo
BxpoVjOF_N0
RSEVkUCOJqI
lMQAAZlTd8A
oplHqCOUEVc
00QgsFYyBsE
8xxiLvjY40E
6Im9qk8rIf8
fhh_02VpoBQ
HsgEI3EAQzA
_LUyBGmbDiY
jQ75kkwOA8U
WFo1TR0Tq50
kLioy1XxObg
u12Iii5bAQk
MYrwNcp2dQY
bFcYHrV1Eao
Sdq-yNxL5Hg
uxeWNYjcbYI
LMYuyGqeFcg
PNTvxjeghnk
MsauKw2S2sg
4aJUJVIK2fQ
sMSdCTvtZQI
a7AVCP0igjE
Y5j6GnrqzXY
koGOe27UvJY
M-DfXtfMo3Q
UXTKiWpkhr4
CqQbKHNPDbo
n5BVBt9KTjs
nhjHsmZTg2A
iB_8ZDxMaig
g7dPAL8Wdt0
kCuR1QoxYaI
5_N3cFFcJ5Q
yPRHVUnX05A
JfeTU1GYkF8
exrloGCVxMI
6t3-aMPy2vw
L7TXJXOAL7M
CHV3NcNRgYU
vGzL8EQIuuY
Uyiy5UuBqD0
Ku48IS-2iMI
zWCxOf2cRZA
Hor1dlHLaLo
Glg-KbmV1Gw
VGQUH--ar8g
S2pHTJU2Oek
yUM0C69a2Eo
Q4IObk4lKXU
6Nl-5kAXu7A
lb8-EZexSn0
v4PvzlCcYuk
SzmiZAdjjck
FrZljZLuEYg
6AP7JfYeCxc
Rdcu3nRk3lc
iNifbIf9TKM
ms3ZlGscBjU
xvVEUViXk-8
Qw_IwQmgpyY
6kCstnvMaos
3sYNxCAv_xQ
jDTwVpmITTo
wgsBxoJ9z3Q
HT6gB9VLRRk
x3UYXF_K99I
Q7TuSuKzgEw
bIUgKia8JZQ
309qi98rRHw
krWBRRapOuA
Vtg3RyLEzJs
PrktNB40u2Q
EQCJ6OPbS1E
ilA3qF5lYxs
V94Bo4leS-E
6XBDQy_K-To
IO0JqkKFG5o
h5K1Vh90Q6Y
izEomAqchu8
ECKpVQ88BRc
BIUtNHcrb98
KGduBClpDjM
CPuDtlzMjDk
vpkjw_HS6B8
SVX36YXPXsE
M0IKnxx6iOE
ZWOQUsWqlFk
NTCDC7-DHxs
EnJ-2eWF55w
dAehuUTJlDQ
Ycr9freP6eA
OX0TszjucKQ
sXLrshWNsco
Pxol6YNwW7g
Mm7DJ9nGgpg
eU_wobgsXvE
7MQEgrkA4lE
jUSEsT7_OwU
IPX4BmCtfKo
rDFiK7i6-FA
tNnb3x409mc
UPEyJgRuLRY
RkJ9yvMnsDo
So4rJqvhGEc
F2G_duXhsKE
yNs0rNi1Ndc
BuEocyDovio
CmESEHbdtPw
qdzHu9uVREU
xqa1yLncXcE
saUrJro5y6s
J9RnCVQsEBU
5LGCh5gifyc
x2qIAjtrNdY
2F61iac_S78
iMxrnOc0_cI
cRZip5QFrEc
ANtX8Nrazg8
QslFH2HTF-w
RdnYBL7MC5s
dwldWz0jsgw
Hghe99y0GCw
RYmIj2XfS-k
Az7W1S1oiwY
Az7W1S1oiwY
5ycMXhvWpxY
NVCgKEMmYi8
sHP_QXW8ygk
RkZH7NgwzIQ
zKjOjhquEX0
_tKuwokBurA
cwPgWOtkvB4
WCBDGtpwDIw
aRVlc_G17lE
KwwqYu_zYAs
rh0PHh2cmxE
1kvXHvB89sI
4WWvHxraDzs
pm4PBwlX0zw
iiTOkMRYx-k
-phMkpXGACw
UWoqxeStU1c
AUpqDbvoNOo
vkpGp1OBcHw
Vi3Puzbd4uA
soM6WtL6d7U
7A_rfCrEmQ0
0RhqWtirAIU
-us4zmznJNU
qIxz9mP-RG8
Y-3aK8mkkU4
aDlxxPlSv4o
cDam8yaRZrY
s2sCKrXPsrs
SWG4njmvEMA
Q1hx-FHZJbU
wRCaJMAR8nY
KRUhK56JcyA
pdkJFn353p0
BnQ3QY-cqIE
s_hwvceFAPQ
qbw6BB_RimY
z5E27JIDDaA
EKNT_1R3POs
zSmwmxydQPU
YSFaSo-Sfqw
vE6MAjV_VG8
0kG7hf1O0bA
quNwFCQK0dk
S8gahKh1l9A
_yOhtycOU-I
ktrWwHtuzyE
7zDtWXB4NQU
EIyGzp79SpE
8ydXBQb8mfI
sXQZ0XgmcVg
VniTdtsPvrQ
CCiwH-yqBsE
yt_T5-N18jQ
s2iWjSNe6YU
R8ti_sVk0bI
qUTOZOy80xY
hUB1FDoFRcQ
WQxWzVGKymU
wrZwCyDi9JE
FpfD2WCBDI0
1sGhQopx7wk
yOmq7C9XAmc
1HxaVoRDAIY
mxLAfDTvEeo
TDZskD1W0Ic
657WS7FKzY0
Zci9u-PG5ys
9qfMLzdNbNI
T9vB29FOHlE
FmkyYGIXAwI
082zFWdhf88
m6g0od_TRD8
9dFszlmmjHk
AuvKU7B5_ag
4tf3cnSOIqk
Wg3RQuJt36I
F10SEpBeXSE
4Qvjk2OVDlM
taWozlexEgo
kchM4T3qZRQ
H2I715wdLmo
2Kmqd--kkZ4
EO1om9GvmnE
258vwWo4Vjg
dhqksAxO2yA
uYilY7HSr2Q
eU42cIJm1m4
C0MaIh_-qLc
Ap2cf3RSiVY
S57gpywdM1g
e0-OkOmO4wI
-QLEPMjbH3E
AcTVDeLUVek
UZztXVOGx1k
kfAC7nUF-IU
31CtEDlbtLE
WDiNK7gEnag
CCPHnuCY0gE
fvJWpcVsVVM
sxjinY8bqwk
g9j0Mq0knDo
k-kOKM1e9LA
KD64nmYZM04
qkUatOOMHFg
Oh8x9KDkYTc
fv2d4V6y-X0
9uV1M65Oo8w
eHkf9h-FNwk
JvtZPOcsKS4
eSYzQ2BsXIQ
GZwfNd3IE1w
R9XpTYVsZQk
ilisNexo9uo
_Gf4jN1xoSo
qt7ztdrjN3s
ge_FI-dRmjs
mTh0p_l0rHw
gbM96CpCsk8
J8zJ9Dd8FlU
IYoJbDRD9ps
iHq-daM8fAs
qtSRdO3nQCs
NRze0Djby9Y
ipL_b6s809A
TWr7tXrHyjA
G3-o-6GwnWQ
N9nfwyNrNB0
9YANMWketmw
jwlpx2dznZ4
S2T4PDkZrqM
eXRctWaepqs
Y6vzNSFZDYg
3sy5UyNpmOc
LRWaLkl7auA
Y2_WV8JswOs
LpuWoQTS6vM
WAwPrIqGFD8
f9FWdMVey1c
xipJuTuuA_U
hhOJoHWHYOQ
AT7O1u7l_9k
5scYxBIseIs
bZwnMP8yfhE
3oiVysQe0pY
-s_N4YreMXY
nRwVjIeg2-8
lw6kbH40Rg8
xcHhaQo-9vw
YeNVZSmAMFQ
QnJvo6WlxXs
stJFwxVH2_s
YESotpfB8Oc
nC0LzU3cTj0
s8YOIJYrrbE
JvK4rE5roCs
vXn-FhUzA0I
MP_Uz7S13Us
I9HvZNyuOCM
zYSKpoTfRcc
sBgXqFnbOqw
zCWJzio_pck
hKMqqdhqRK4
aQHlZ_rdtCw
P3263ZPfpT8
Jh6Xr8ll11c
rVBq246eXH4
aP4UbldngaM
hl4lL_-Prd8
VewQenoYA5Y
T5qghBzvsmA
rWDiyGAOKk4
pgSpYZ-XS4E
s1j0OHDLOHo
zwMroixPpl4
xST6aBYSXdU
KczVmZtmn7o
ICuNKNQBuWU
qe_-WrgmiTc
qixSeGFvmCk
kDpjEJcY9HQ
tYubKJDDkrY
rX37gfOiSAY
F8kEY20YYKY
b52CaxdEG2Y
wp9tBcAkfVE
Ge0WuXqZlSs
aRQzqVuqobo
MyUEVgGa0J4
b0HnWl3IjOM
i_wcMYT7nrA
Zlr4NQMJj3M
liw2loYbpJo
BxC7mPBFb0g
H1Uyko9eJuY
f1yIwaZjdiY
Gn2UiijzfxU
IJB8A7Byz9g
4mBYJf6RXEg
WbfptXw5yXs
v-HapnIvQ_Q
OEXAc5bluxU
QZnDSsW5DDo
3_xKPH_EukU
FPJetlS7wyU
KRR6lmJCzeQ
W6ezdrBzi04
IWmlHJP8aOM
Y7GDPz2oR9E
dmVbdYFC3Qk
M_4K_wq1mAo
rKFucCYDncs
lJnNH21BZdw
uE-MPKShdGA
jHaRm9A_huo
GsflFSaBFp8
nbBsdGZutXU
x16J4K0AMv8
sDDKsZ-GZ84
WmWy5lWHLJQ
xrPRyWJOHks
-SGfvPDPCjo
KwcGDpcwDsM
JYheZPioKT0
RKgl_SPUCx4
TLeB420k3zs
ESIYtj_I1m8
4xi9l79OZ1w
1Tne6z54rXc
jOeksNkhC1w
ITZwM5Ys-Ao
EU7EjTJ8WDQ
WGZmDFF3h_o
LgT3B9zWhgU
baFCat0avXI
gyKuT20Y59k
oliqVW0yyHE
JgUGpHCkjY8
Rx2Nh7tSiFw
E_JDV4JXAcE
RyZQIFP9Kwk
qkv9CSgPpNc
iXsYGPuTSfM
Kpc5ECb2Tzo
1YwVvIHHCw0
by9bSmAuGE8
HQMXh1Qgt48
GrwOZFKezgg
T9nCeCQc96M
9Xf-2tDZW48
MWCJk7hbdY8
qbLWP5QWN3I
oIHxPc7EpP8
XqSry_qUm90
JmavJ8pQjW4
IhcsjnlsiiA
GWM4UehpmOg
dc5bKkxbtyY
C_HfxOx69Ac
88kUd2y0Xmk
Kysn-Byomeo
QiMuZLPRcH8
Gm_Lglmzzhw
juUd9oAy16I
FTXGyoFXgQU
n-X8vQ7zlL0
47MMB9QTn8g
7ZwJI3CkzuU
q2X9vUrlbDM
nJSLHUD8eak
EITqP4Ie3YM
4ljJAOKqRwA
