GDiv2BahbMQ
Dp45meLpI_I
SR2PRKGwrlg
leSeRMy6sbA
wZfm2avqEeM
FizJQnhbfMQ
RN3JuVDL3J4
CnbMukFicaw
ZfCMUVgi9Mk
mwzRKJPd9H4
sebwoP_Mq6A
QidPpE3ey7Q
yws3oCPP0Ik
U_PvqE9PD8I
gI_mxDZ3pfE
WKpQRXdvAqM
yCDgLC1DV3o
1LKgWC02TR4
rF_V41lyqsY
9iFLZP-Mxpo
0ZR9B2KIJBI
tQVkgsqwC0E
uuX0n7VMZ9I
vFoxstHK-Kg
fbJKanTrf8c
dPt1XhxLo6k
yjX_Y86OmB4
b7ydnwoBefY
smCGBH5Bc3Q
zenTnxJRHgc
INGdeCpfBeY
U76iUnWN0q4
RL6zPn1sjhE
jWEJU4F62a8
nUfnqqr1oGk
TyPAjTER1ZY
nAClgLvTqNo
9Xh5T-wFy0g
YehYo7iAPKM
PVWppYU2fXo
dM1TruqA81o
DMbtZ7woeY4
kxaVxz-cmhA
K9k8v6nX_l0
E1CUf4CfTNI
Ug7G7CVjNGY
tHZjUYIGWfg
FBVnZE5ulhI
LhzPnuDv2E4
H2eWhncOzak
zBXmQBnEalw
vg27BOmVbR4
s5PHIiCco_4
M7wTs_8sOwA
6pg60DL95P0
lpJfrg1ffDY
x5qWuVOJCug
nZArOStWNVM
fAIQB7I3HYw
Rxd7rsnU9RU
jgvN5XErjdw
joErUdT-bD0
2nwEpv6LLLA
vOZLDuuKp7Y
LhTqoxomnaE
9b_ZeXRw89w
ErPEKWjss2M
jhfAYkqXiJU
PymCWSiG81E
gxQj_0xd1dA
08TXCyfs8Fk
xMCqONSJqoo
rACJSLrJ_nE
7cucwrz6HkQ
FoX5SH3ecgw
KYLEBjyEPs0
53etSKLNQek
HOo2aafKrvU
4QGQVHHHXgs
oBoieXdjXz0
l3cK-HpA0q4
uo4PhJVYUdA
8xT-2-pGVsI
mGKrlWVfPhA
VqYt6lE6b-o
Xo_7ISb9wU0
Tz9ndsGV0Hg
yOPv1nnEkEc
adBK4oSpliY
o7F6ojDs5TM
PpFBPT9wgS4
BWY0garE0QU
JMFa2L9cpvU
