j-xQGHEbWH0
SPGxg74Qpks
eHnS6WsGkEE
1Wh_MBdSGPM
QsRro57_SxU
CFLWDaJ5Usc
0rDzsQh5m9U
otgIqIiLSzI
AMSKIDEbjLY
c8-OeGYRFpI
IU9cQ1JdC7Y
J_X--IkOeAg
hgryE69oESg
3xSZ2q8OpiU
PBs6BoKVGIo
funu_qgpVWk
xLYE11yW-hQ
VtLiS_emVZM
-W-eTwnxLw4
txI6kLdcdPQ
2IpJ8TIKKtI
Tqu4cwne1vA
LVwD-IZosJE
Kw_1N9Nfir0
CgqBHzrcyA8
K74l3o7ful4
Ddgh7F2msFc
HZjqLY_AVgM
HipTO_7mUOw
OFBwz4R6Fi0
OMnf6Wj1evo
xMgvbxmGplo
Gi-b1aGXKz0
8VL7wmiwrnE
tBv2e-2JUKI
gA-i33SIWyo
t1mjiHi3Kgg
d4vmIXUVVV4
GCru4E9lh-E
7qIoVghjfNw
xqJRNSItpk0
ElShwfI6fII
Psk_VfHEjow
Se7STKYdvKc
He_hVyYWing
BgUix2rg8zo
5Pz6zJU6U18
cd1v-vGqEpI
Y2lVHQBUm6A
6aENZrAl5qQ
otJKzpNWZT4
-Mi7ggw59EY
Ti9ct9kJ9kg
m9l90FMIWkY
V0aXMTpZTfc
UMq4BcRf-bY
OTBjXq_9JtI
pARXQnX6QS8
h0962biiZa4
d6pIk-JxfGw
cVSNwBYsgo8
d8tlyFOq2tU
xBvPv27iRRQ
GG0PtWn-_nw
KVp33Dwe7qA
CyfI_8ucZPA
EIx3BbwPl_g
_H-uxRq2w-c
z1N96In7GUc
juxQKwTmGyo
bub58oYJTm0
ZHYXp3gJCaI
oPyCHwPS04E
GyHULv6mSYA
b_cO-kXbW8A
Bu2cTXBZLac
ZM3nMMBrRSU
owSRLlRFiPY
9SxhkygpOsI
b6niwQFxDHA
oKwq-SzJfk4
oTwpLqYkVqg
kTtVz-UXPqw
-7pCzrZ6fBo
jVriM9MVegg
XFvE_P9Xj88
WL95SaqzyKg
amaEZ03qUg4
