kP8ho4WL0mU
J4JJ8RUpRhk
mPxQxw-gZEk
iT-d2t3ptqE
hCeaYuEzbvs
_w6cw_OlUmM
DsWSC9Sa3PI
PdRHWOp-aq4
T72kZUx18Yo
t3pI3JLsdpA
X89jKnxlqwU
PafIrG4WJHU
qejmBpzCXOE
q73TtQLC-W4
-WGeIEK1yY4
FStiNMo4-Jk
utjYy8pabQU
hWauSy4epQM
B29sPyBo3_I
HU1_KTNSj7k
s0Wrup6Hxak
nTaI_mX7L2Q
0oLt5qfxtxQ
oVxQdMh5FEw
e_fMuWm5vVA
MI6nQh7rwYo
EQpmkVZQhqg
oO95NQb-DcU
M6NpaiiHiaQ
NRxciudxGOI
El-AR39Wwr8
xGO-1E0LwhA
a2DrjY_YdZI
LqtzYKm9k7I
ExiLfQ_RyAA
1t4h0XWRnC4
4NyRkDfORlc
HJAIRO53zOs
dpxirs9L8Cw
-k4NQJx2b24
SrpzwHCsNIA
mSmhbFr9zO8
ywo26KHMYwQ
fA8eOB91-fY
VQQ1hb8ABzM
pKENOdgWWUY
2MJLPgGbyY0
NV7IN4HzvCI
bk3dD0hECOk
ecLCI0JhyW4
C00igZTktfc
O2P5WuxppOA
m04abAVI3Vk
Vx85Bx5tpVw
kDI8dD4vReE
YCYSWUeA8W8
OcQl2ra57ME
s12qaVEyW14
RkKajp0H1Fc
pY6NGsmzIUg
gTV5B1lBG_M
WEMAvnkHA9U
ecrM2MqNlAM
D4JrLoUhHPA
CU8q0rX0Y-Y
RUQ-ePEqeTs
tgeZfmSeqXk
sUyR_nz-JsA
VXvblzAs6vM
ZxLex9d5Rek
yVeGBT7X-pY
S5Q-s-C-q6I
YFANYt52m1g
fj-KlZIyZ_k
3wV4TxJ8dA8
hOLCEvGO-SU
5pnni35Rmag
hS4XXstzocY
ex_sBZXU6iU
irVe0wQkMXg
0c0878tn4aw
tr1Loa7r7sY
cTBnDJ77kr0
vx4ltQhdlhg
I9hL4zQy0UI
ZhhXku2Pj5E
Ozb2r7c0hxA
ph5FR-RFhbg
xdrWU77ugqg
GUdGWhfpuoY
HE_NhKiCZpI
CBBX14zotuI
ey7zaPv00fo
_UZbgH3pOBA
st9FW7BaEV8
jnwzb6DkCLM
0cLxCjjJbnY
wEk71tfz_wI
4Ol18tycCU8
Ek5crC9HvQY
t9Yrlsw6J5c
q_faWNnWhcw
MBZC4FxMQ_E
rq8HL3jVy-M
AYWcC1fcMQw
qbIPL8ll3sg
W555pdLeI_I
N4k1gEC0800
GSZYeL84t90
7PZSOFsjJRo
eX1vs8Zt8Ss
mtDOr9UY-yk
nEP_YdWei0Y
Z9U9TJ4W26k
IHL6HazIfQ0
hrEFpGiETu8
l65hR94nfqY
sImnKoiMEiI
8CYAwhTI5vs
7khgBDQR-WQ
xnm7VO8Fsh4
Lq2H2Dne5Wc
SRmlVgbspvM
