OFYV6ssydO8
dEiC_GjS3fY
AvjU4w0qNow
75C8eyDodu0
lAR-mPJKixk
o0mEINWkpag
9ofED6BInFs
tbfk9RJ9-ts
hxct-t0etIA
lxEPQiFUiiY
ewZZl_qyNWU
JKoB3L6pMjQ
eayQi1O84ZA
2alB61pW_Rk
ZBKPWrrbchM
D-7Xgp4Pxs4
tznLbp0Ngy8
3j7BYyR93WQ
N-CC9pynGQk
XQyLomMqoiQ
Co4eY4rWyz0
24fb_lL1T4o
LWl1J-92C5Q
W33aK-rPRGE
K--BC7ApMfo
FLxY1GEy1z4
1xsTKKHHSNU
prG6og0oy2U
nLnU8f3Bc8Q
p7a-x2PPwiM
bm5qn5SF81g
DxAqxnbGc8c
Fk4owLHXFYQ
o4zqP3ZD_Sc
05bHtYZewG0
iKPXKPxzwzc
PjzeWp5bZok
IOV-RH6iN3U
r00hbOg7pus
Y6fUc5_whX8
HZxV9w2o0FM
hHpyXWUfoxY
fboDtuA_Iwk
7MYtrqSfnz0
8xJypZzi9iY
JqYv4mAb2BU
RqCsVKtKrqQ
0HP7D24X_1o
Yar7v2O4sRk
ftnXI4BGrsI
s0O9daplkB8
PdcJh0Qm_u0
T_8lPIEmttw
1AsKgHS0QgQ
t7qjPSroMew
XIoXifzf6aw
zNi0RNNzuv4
g1BYo5iOKHU
KuGoxpIkniE
nxSf4gjbO24
vaol4GxHsA0
eeKnCuyxeWI
G4Ucdavf5k4
6hfUGedlCvs
9R4whGlL-EA
evF2erGlVfM
P1NccHbg8cM
2ytZtM8Jsro
n-IZFjgSFLg
nlO9fULvd-Q
gPTDHW1HVLQ
KlXQim_H9vg
l6XNiJXXwwI
071rPJWqUpo
Eigr4YHzh4s
xVibTl-mrdw
FFL1hTUVjcA
VF6y7BPEw90
DP526LLlnGQ
8dYWRs9HxQM
734-wk9dz30
ELKZNotsZcY
Iop4Lynz3-w
0RrViL4CXLw
yGaKdX27KKA
O7XIS8rtyoU
_FfGC5fxddI
vdZNdSMKp7g
ABQa5MF3CDU
HGp-SicjNhI
LWE9OQWQbfU
kd-2eY4kV10
jo1wl2FZBGw
M-mqAKfJipY
k-FKL-xhUNs
W_X2yBhrrVc
qAaMvxBfmRU
AOiBoEyi74E
L0G6C7OTubo
DEZl0e0J9rs
DzVEL2Kj2AU
0AwdWYp0TcU
u7xUzsIxMv8
cZhAxFFbAvY
onGgTuPzsSE
e4JXj5tkab4
byWDZqFJlBU
kQZVN7ZBwvA
K2tkSC4jJnw
OKva7dVgzGg
IVAjNSi01rY
W0Ixzu3Xg9s
lvAy_WLoslg
JRyOqokiciU
w8bayasA0PU
pX1Skr5eAm4
v6UVf6CXegg
vdp_PH4K_R4
L5GAK79RLUU
RohbZIr4kIE
L9oL8K4JRhY
G3TREo-N-jg
DYDa87nGpQE
dj8zXHWNQCU
wzdXpanuHtQ
rawbVzrlnBA
lG6qTBoIIXU
tjuUh6XeT20
EhX9qN49LW8
bjSTkXsacQc
ZHOV1qJLfdY
j3LsaIYTD24
b3sLnUcovSQ
Ml3Nhk7sPxU
eEFlUkHSUG4
AGVXYzaAZ3M
8xqHKfx0TFU
SLItHM-JJ6I
YGgBQlurSK8
z2_Tt07pqMA
pQ0ShwLyjL8
w85yD5phn60
oDgbiKMm3Zs
nljyodrVHwA
ucBmKI3aZ7w
BGVi-WOKFFA
UFICP2ZXw7o
RAnhJm2jYTo
CGDMOGpBGrA
1AK2JG3su1U
tojcV8Hg7ng
H2WJ79q77W4
BD_gn0MTV8g
cuVPVPqxauU
HmSo5DpsxsQ
cjbUnsuAs8o
9p-SJ--OFSA
CIws3dZEHMU
H2MHWeBWW24
xsM_7L9KXsc
oYSINDEn21Y
B0CNyTjvSd0
-1GbSmiOt70
3f2DmvhR1XI
-B94_NirOgw
mh65upNaAqM
Oi0gSCn7sts
apeXVkxn6rY
ytIfCLgv6bg
py2dPXLKE58
D73DGW8Lqe0
2P61UtPqpfA
df2nttxy394
vnA93-QggAk
eOWjsV4GNjY
qYA6gjs-76Q
DdRFquuC910
nRw7oAwH5zU
jhlQKIsw8NA
DVz0W6vaxF4
PRaW4GDhBy0
Z7Jbmw43w2Y
5OZRcyyYj4k
J-UkQJbAEIY
i_avLd49f8I
pi_i3ZMvtTo
UdxvefMzlr8
8ldjWmoeRno
l2Ezjhzl-8g
S5ZwBqCTa8w
MHH-u9zaLbU
mznvxLxMGOY
kCZamGrC_Kc
gfDbpi-8UJI
kNVCFx7GrpE
Jjjd1DT2THI
Qd5AUBDh2L8
BUlfWQU7IsU
5quPyzGQjhY
luWOyB0P1BM
epCyggxHZo4
cM-e87EMHoI
ne4D2zRlFbM
T_SjqApR-cs
044MART1uOM
plRXX5dZnFc
HkfxUA4C6EE
eMHZIhbtTwg
jdAHu4ozQKc
9XlDUyfTHj4
3UpzoFXBozk
InOYYY7eG6g
759FoKBBGL8
ATXtqTsDq0o
2tDsYqrbNzA
ExrF410UnbM
spOk0v4B3-Y
L6zgLvtxxfo
aoG8jGmHYmE
83DIe42r7-w
dadJ_XEKrVE
C17DNJzxnC8
HHQ1Esrrbf0
N28bttqLoZE
eYzHi0sl3i0
ClgkCOrlQLo
KGgHhVbrkmc
XO176S1zVLk
sNT5FVrqG7A
7TXFc2P5Dx4
aFXfLPiTwd8
yqcuQXWgP2s
Qi68z88UC_E
bkO4hU1QMJA
bogYSiFDH5o
lnkHg1zKNtQ
6xUPbYGHWRQ
Ia08_nj5D-g
VZT-sgVIYUs
mK_gUXTL3R4
0cte6rowhao
-JemGjy7ZxI
MDeOMAvQh68
AKTPBWXhIhU
zZfg25ErXDM
LInE-juVikw
0Mpf_PyDdws
mffpZE9fiAw
C6zmAPxHfGI
gI2pouVFFzQ
p5f-OIYWkjU
pQDrUWJTmoc
ojxpwic8u2E
YpUh8mBr24Q
iT-7f8Q1KxU
Ezot459oJk0
mKNRXQemxWQ
DwHIpA6YfpI
AjVc49HXaf8
Hr6kBmAUic4
ZuEsVOIda9w
5dIL2ar506A
gH3vgL4lDCQ
bSX_JCjRJjE
MoBSLEgWnFU
PV0qWprjaTw
HEN9Fy4HkP8
4FMOLVNo6YM
lzjkyz_amU4
XRjAzepG-bA
ureY1zcO5_0
q2Hy2eUhyz0
qHMHK4i_oLg
hNpirGVI8ao
BrhcYBvKEVQ
TlWgdLzTPbc
P8Ez7FQEeDY
hrAAEMFAG9E
2tp1Uio6RNI
DwaN6sBNQuc
feFAs3GDbM0
H2iiHiK-hJ0
PrLQ3VcHAw4
RgvoAomnv-o
m2c1Nu_G1oc
R1HLygnUFEY
edKAv2gJnAY
Ayq9ILIVZ2Y
jhRDtQTo2sc
cs7_l2WUOJM
QN4rSpFSq_0
0q3BMF6UcUc
75EkbBQzCSc
jY_j_IlhH0I
03OVNEQ2KAQ
w02fdecc5BY
wksXjfAIvK0
n100sHxhoEo
pK4E97U8oUU
5SF-x3jVX20
2zlafiH-Nvs
LInE-juVikw
KYH0l5pVtD0
ff_GyW9xFtw
U3lWzSEbqmY
yi4PgEfpva4
WgK-uEwn7BM
03lINEFxxmI
5UZQi-F-xL4
h8KoClIaZrg
KpP97oZV1fs
H4KFuRPO6fo
rmxSlsXY8W0
UCObiwlr0to
Bylg_pgZmaU
UJzABG8dbqA
jhCeorOUFmk
ofQMbC2e_as
1fv6k8PIhE0
5_-IjVun_e8
cwoacPuydKA
WLFkgozSjU4
3D3UOJKSYnA
OFZN-hW3OQI
o3tZsV97GBs
zOYVY4Pyqwo
l5C2LmZ_8xQ
o4_gQAk64xI
YvaLkLEaWkQ
uL1joLLSzKw
bUs09dhAxuY
kxXJUMe2DoY
H--H18dT8QQ
IFpb9RfwZEg
OTJpeNBHl9k
OxDez4Olt7w
novD-mSjwfw
XwZwVIMP8Fs
Aoh7tYBjeGc
epuwd0Jm2b0
4CLET6wTcp0
ngSLWpckhks
YbqA7z_bzkM
nCpvSiaz_Ps
ejtgWh1DAyQ
U6se70IUCn8
P7VQ1g1IuXU
Xb_TMI1Hy3I
9RBHQm4OmY8
IUgkxcOsGq4
jDTMZZ10Y2w
6mqhM9SnLqc
y2-aIH2LhHI
Q-I1JaqpOOw
CD-k-Lp4I0U
QssB-3fHr5A
kK6b2tMK9fw
u9LZ9ujP0Ek
4KNzf2rM_9E
f4eoJEsPOVM
Uqm9C9bXDfk
kqtUfz6vIaw
TyG4yFfCwj8
7f68_MmAYEs
JnIS2PLqUU8
WeoXwJ2lius
s66LvWQ5Qso
SIQma9gyw4E
aiIKTkGFK7s
QTAY0BzwstE
uyBcFMQwX9A
0rE2cEleOGE
duHpW62ziqM
_szs7jbIw1I
jaD92v4jMDs
N988Kltkk0M
Lr-bXzvgQBw
zBwzOjPMfVM
dNEhG5PMx4Q
IYdOp-5ewF8
EWGMk4ZzW10
4y1-gt7IXlU
JqZWZoLuyog
382iBb5nwy8
hFWxqIa5o1s
rHUnqYDgUFY
enHaMJ4D9N0
SAFFThxfJKE
6Cy3Ul4PkRY
VWA0jqAgB9Y
Ngu_4L45C1E
4IHyUEyvDrM
UUs9pne5oco
3rcPELqmFkI
c6LWuwKvFTE
wA1CnciMZQM
VcfDnhBHm0Q
k3EuqaoskJY
Yb5XeXmb2KA
nxL7GdE3-Rk
ThYcDN32rhw
KZm8x5BghxQ
Oq-rqbkZo0s
zeIR4AIYizc
h2BmzZZHOng
dZyNnvGAz44
Ms1pydSA9i0
ZasjLph9l2E
sXifJNavX6c
kr2T1ODVF0o
7S-LDWl_eOs
UqdpREilYWk
djqbR9oNPFU
ZrHyQnCPL8I
L2bTfCu-x-M
xx2CIq3xscY
w8oD36d5vB0
oTQ6B1gFy7U
Oi9LBSYZgEk
oyGwYvzv5wE
QsIpHssHycM
PZHBsJBGdao
8hpiK7gUf_c
Ir69MXyOvFs
ny9wkkhFOGs
0AkeDupcTYc
Dl66XvVWCdM
FOoiGsiVes0
CVAQmlNooIs
uPyWjkfkmUU
tper6b5ql4c
8wyG7oBNlPY
QKBgII_uQ7c
3BSKpjGA8u8
sJlE5BoqVus
E1YwhM25TCE
WOH63ge8Ibo
hSUlnjWAlE8
QJ7c_AWSu90
C1p5vAAmxeM
_3ANcRShq38
_YU0uDlaxh0
arZ7wDMQwaU
NFW7lu_zJzI
G2LvuFseB18
AReuWvfKewM
RrcvJqdymx8
6cMrTgpcGsU
AYt4e5Sqkd4
yn4KbJ1Xtsc
mpt3HWf5Lds
Wa23fu7qYgk
NygTf06BQQM
_mLvytV2GrA
Xi27zn7YNFo
s5nypbqoqNU
bkyOFkBAMDg
WkHmnUbUmIw
GCofbgXTXYc
QNhYcRGW0kw
jFQ6KxZVKU8
bot83OS-Mbc
JN-Zs3DeyoU
1gAaWFnZsvM
KO2MmfAZ_mw
dd5zuY4VHeM
8zX9CsxZh08
j3V4svIu4Sg
O4Gm62x6NWg
srrk-jCJvio
_0z8q-TnF9Q
MeK40LXEIO4
x-3377oD9_w
Fa5SlHQOgE4
SrgQ65UsbZ0
3ZprvZ6_D3A
-Rh4_44fICs
LSrIkdXNJ0M
0mYmmqoNIYE
ieYdgon-wT4
ptcBmEHDWds
VawgYL_hSQE
rEwrfqoMnvQ
mD6CFCItCRw
Vt-l7eG7fqo
5TFlGmxlYBU
gZI9DFRSrXs
pNOZbj0pa98
MTfJxqI3ETk
i43qMJeELqQ
jke2nAYXfsc
v6ZXr69I16g
yG7rV1UvNhs
IzYJd8C8VOM
ok5RucH09Sw
Tgdx99-_rAo
FGpaJwo_5yk
dKFuExOg7yk
i8761dAsGag
bMTsJaPZAT0
ac63n9Bt4ag
SzAii4VXfe4
iX8HgH9Qv8s
qfIViBAHtU4
qA_50IRFAJM
yftPunpugio
21P9Sn8WpZw
GGlqzQoBpAE
t024rVseJhI
YuksGLVhrZY
UTVGyFeXQXI
FdWymeUOC2k
RJvap9DCGWY
o8ONjPHLr6s
GV6nepqzrFc
QL2RDI_ucxA
voy8Dd4bqIg
Yc3OeICLFGU
EtYOSkDiz3Y
j9r9L6JEioA
nrTiHCLkyNE
u2p5sDJAg4Q
TAgGluTFvs8
42gFu9ayKKA
XxUj_HfNEVc
CH-Glqny2QE
pjjoypRpVZk
-LiFROV9KI8
HNfwhaYXKEc
f6Rt5IcNkCM
XWMoYT-V9cs
UMS9C0ywcmk
S6ydrG2g-D8
OjkUwrKrydA
vhii-nnq9ew
X8GtNm0PiMk
zwcFtWLRIxk
4IeJft7CW7Y
Vr82OBgQiTU
R_TS9VusEZg
XpGkT9jPTlg
FDgJKOzLfMo
RRNaFAa_uRU
BmYv8XGl-YU
anZrIGqFAw4
nvB_eo2Xev4
j20a3c371mM
yQEURgszdmQ
RG4O2Cbk_lg
Q_nlbNjkrvc
AhLHg8yztdQ
Odq2p2P-_rM
m-UOK6glyN0
mK0MltvFFdE
u-e08RuHEJc
GPEBoRquQ9I
xa_a10OMljo
gBkcFjS9asc
qsZw6aygMS0
5CI4qXY_AaQ
eeqrMhEdmAE
RU5ZCdsQd4E
5US8Rcn5ID0
jEJp7B6u_dY
mGkvEh_D6rQ
uxJSUwgioWI
U5hfeOD7Mzs
KVpfudHHsVI
E-baupbCOeM
C9iyciub8DI
Sc0J8phCD0s
EzjWqMueuaM
TjpePmDscbc
T_sq7pzLc-Y
EDunVvFPQBU
ibumickryk0
svoYFVDiw0I
DWQu5gCTjgs
v6ATOHdJkWk
q4azdzD8nWU
tf3Iyqxg-GM
URdq6S5vLtU
_UBd5a5ztKw
kScNdcI6BHU
sj9DJUVMnT0
WLbjTH3aLuA
qjX-pWkfig8
VTo0KB1Kw6U
-f4oiLCQHRs
SxR8EtQeHKo
iUDagNFruRY
48lUL51vD8g
q51v80mg0VE
xN9sCS2gHVk
cEYNvZrEd-U
1JvWn3Wl4uY
sCFJ2y8UxyE
XoO8_CVEDyc
NnFgnEwN1FU
6-v5ZPRPI4I
pCUXb2s8G4w
qSen8-ctrFE
8n03nMPg4uk
I6L41gKKgC0
4rc8LoyMtAk
eMZactV2Xuo
8xHCmjsN5ac
NsgvM9VTUxo
ggiLXrrJPFg
A2qKYotZQso
1n_ZeBPRnbA
HEGRTWJL3T0
6En3ToxHWiA
hVTgQFPok8I
sX6WJFldhoQ
6wdzv1yTT5o
vc1EPZwIGNw
H5QQ5UyjVgA
3I6NVy4U00o
oja4yXzOJns
HvRf_3Bil0A
xQwbsAywZrI
ji6Z4aecY0c
SQtDDhlZw1Q
v3RCBeg3tic
TwJKWmtaHZ0
U7E-QFoDsh8
AIX_EhnE3gQ
LEX1eO3okiQ
6EhZtbjUAsc
sRDqS1XQV2Y
zw5BxHLrkvk
aLh91sI_Dyo
ucK2yYFQlII
Ev5zJdqmrik
na1uWtKW4MA
WM-vZLTzx2E
R3z4143mA9s
gENf0DG9Xm0
y8xZygLUMW0
vQOIIAYAW5A
OwjaqRxEJg0
yqr6yLyuHQA
79ysnjckjkE
V5iAgK4QPBo
PaAR0CUIp_w
ITB0AeFrxoY
VyCZkt4zxhE
pBnsk9tRId4
kwdYZ93HixI
tjXN-EMW-jQ
v-wlEIDjm7A
0fbKNHRmmaQ
Nkgak_o0Zb0
DKv8nTIm57Y
qmCTdCLxJRM
3m-K2Y7wu60
6RayYh1oe2M
_IIoC1k80QY
emp8kNvmlSI
SbNvixs3LS8
rUkklVzLcf4
emuj7Sp24dw
1qitm5fteL0
nx7yEAellRQ
_w86sTc9hMM
P9XuxHtfOxQ
XIXJJ-85H-s
F9VXLK1uJRs
WGaGDfkkro8
5mlbFbjPqSQ
XcqAxv3r_KY
hmqbtxetpJY
lnjE1MJL7RM
KMeXNiFAtlA
Zf2Hpo49DJ0
MzQwmHe_5ts
Wbh6YuFVvoE
iTaQCCPOlqk
D0pIUaPOjpk
DxVpRwmm6pk
FoT-8YKvCBo
3sGPV15mD7k
QvbvLC7tIxQ
mauFJvh0ppA
ZLreBQJtZAs
oi_LyWtGgpo
RYtaq2KfKRs
vz8fvD-royc
IYC3haB5-qM
I6fmOvMeLlE
ycHtOM0qdKw
Pv0OISpkJM0
HyUjU4twb88
QOtyIyObZEw
Vbs9g8iLr-Y
kkJ8e9KFmgs
75ncPZn-pbI
-3y1E32gUZ8
bf-2tr8rsxs
3vdHXS9mdMQ
SsEOgI_55K8
753lS22zayA
5aNB7JcTlXw
3shKyjtvFaA
4g__5Pce-Hc
O5Fh-Qcczq4
nGKvelwfnmg
weeA4AJU5-Y
eLCnYYOACEI
l6cjAyneeY4
f_Pw02g2hv8
jmM1MjOZGL8
adpVu5p524U
L7EA16GAdKY
s1IPwIDZlMI
nONHAoqBBzw
dWk-5nxUnuM
vw9Frn-4VQg
1sdBFqIsX1Q
sACeN-pHi7Q
3gcadeKHdWA
LozSSje2tpc
NhShjOkAt2E
BRoFCQTPzyQ
PV5E-dsC2f8
-_3RQDcautU
Ms1UnY1Y4SE
FA4ZRZxdFx0
IPAY5VsDbHw
NbCyHY9BH7I
wTvbK10ABPI
q8LzH62iODU
VM5oS-w7BKE
uD7Wx1XXqzM
mswVA7fKwoM
kUmYDvNziMo
gH51b5Ke-JU
QZ2RcozR46M
DBUWhSHe7OE
Ac0TmDf5Feo
onDQBAfOYlk
U-1uNTXnmb0
9_hJOcQu0hU
qH5ZKlE8OcA
vnYSivMGheQ
kAycAcne5aQ
6sJPA7Rl8OY
re_9hAxbhbI
JeMYUuh1VtE
GefmcNcr2Ys
GhC_xuN_WuQ
33Vnn9R6fGA
VTh_2HI4eOE
H6Er2TN5EKs
hexEplIDWJs
howywiEgJFU
sKC80btruBs
sLCRJvE9-zo
6cl3UvFXF-8
KdKLBSC35Cs
LimsIZ2ay-g
VewOqUnwXG0
rnNv46L0DSA
XxkFMUHp2_g
1KMIwHfDCxo
Y3_bCekmIHE
sSZa4hQUqx0
KQBK4_byRvc
DOr1DAuviKg
7K0Lx4yZdHc
lf16DdUJ2TU
QEOl8voZk_Y
LHB98VcB7So
pSEE-0gHPJ4
b789vtgDYhc
EeBjshshx3I
IlFZrHQwtew
S-mE7Z8l8fg
87w92dMVlrE
LXiOlrzgUvo
qMEobhN5X4c
f1EnD2ZPmWg
M-HZrByAdv8
o-zpxQxPT7s
TmPW9nGlGtc
NkZ2DOy_-8E
_x5SYh9x2tM
bhPC6Us29eA
dq8njuInnzk
WAt0-TzFJsk
Fwor6odOMJs
iNm_7Na710Y
-waaqJcp2NU
m2qGVUkoTXg
2TiHINIYGLA
-qfYoYilMuE
2vxAI267btE
jo2f36DeuF4
le80A45hq0o
ObI18hOdAZQ
biPbDl7rRq0
uLr8OMEmNUM
T1NnNhMD7Gs
7Wyg0Qmt_AY
Sry17B8SYGk
zJyqRxkDtpM
tQryy09zJ2I
1Y7h0TlSaR8
SSaj_5NXnQ0
RrA7KvTLDrc
Y8GGTtq2_NU
1vkQ3SBwuU4
VgNXNjxZj3g
gLri0UrGRis
pUHDBBuX07Q
JSuNZY6LcbM
osljGRWEEDA
wd6MH3umm7Q
j4QmGHWLpf8
43k9CABFaOg
snrHrh5f5yc
FLP8nga6aiw
tC5DyTpan0E
QvtWfvDxawQ
dWgTPvvgO3Y
5fTc8oAry_0
AW_hQgbrTH8
CwSbDshioQY
7dC_J0wL0L0
N0BQe1WpBYo
TNhV5Z0DlXI
waXjwYGsHYk
szbGlaysOd8
k9XG5Mv7t_g
aubLouNXyA0
8XA1uEFtR3s
T9NNL6Dotnc
smKQB7uG7eI
F46U5IG5lN8
sIwmtGpNjl4
-ZDm0JhNN40
5RMNXQurh60
c8bIaCevKo8
dtEvIva4N2s
aa2l9vTuFZo
JgWWK-8DCes
t4y5uAe5nb4
VGrM8fbo3tM
vpSJYYhbeQg
l-0WSRNQ2ag
fvZ_6pvP4jc
s9xSfIw83tk
PPCnYiTpbCo
DpxNW0T8CWg
M42rQM0vC4g
GAKpnKLnJtc
nDLe6_sPSfs
HFqO_8Eoc1U
rfTt7k6Nv-I
TdTFYVjzs1I
R9mT5CtdHLg
kqt1YV9dEoE
4A5LiJpPDRw
U7158Q-2rJc
VuM1WnwEMRQ
2Gl-yNso0_0
vnS9_NKoEKI
Jsg9TwLRTbM
KBVkri8k3Ao
FYNt5KjGgS8
rLMikQTOVnI
aHW6HKVC-SY
LbX51mey3vo
gxp_FrgTkQI
edOWKZE1t84
WqBc0ZCU4Uw
3_o0-zPRQqw
0JUN9aDxVmI
01k_evEtM_w
iLyTEb4qYz8
IDPjJwsy5Pw
5ChCYOEQwTc
TD-xYXXthnQ
gtMWUXXx2XY
n2oHB_itap0
brB8QaTLQcs
gKjiVV-MFUQ
0dVZcpEAovM
wSTlPWj533c
Ae4XD8WSaBg
Q2m78yFczAs
BKm26WtYXgI
ppOpQikClnQ
UgAPFoaKy9M
rjNUZ9bVcoY
8LdEGfs2qAU
GxI0TY_ZOBc
m1K01T_4Xa8
przYbDlLXeY
8Ot8O4JYuEk
avpTbhoUKtM
HRAMSVN3zts
2KRlRhNbxKg
xxRuoQ3b9U8
EKxTV3iR2tc
linh7-xAjV8
aDScR2_dxlM
-Pid0oo7dZo
4p8xbeXfXZA
nazktfVf3tM
FsejQ9-GsyI
jIaayUHMiK4
rLqHoLcZkuo
TJzZ6r-NGbs
rr1gJ8WByXU
TYtoDunfu00
o8pA7SYM4C8
BM2HMoK5aIU
t9Zhevd-sc4
oJ8n_Y6bJ_s
L3gEd2JQtRo
w8mzsSSoUsQ
aOr3rwyy5tk
dptVsJNqwTk
9GaVB4OZgRI
kHUQQB0dsFs
aHTZXKx2Akk
9vpZ-tJEdTo
hfjnIzvq7SU
IRy_uUWyrEw
nBWfMavs37k
J8zfjKRcmBc
ayM7BwegXzc
UBIK1_Jn8vQ
18o1qnb3l_w
GLbI-Qr59EQ
1NsJosuVBfU
5FLZZcDK4VA
-kfhB67zZoo
k6T1xMiWxWk
jJHryEVj55U
54Wt9CZUa9Q
GEeuZqAW9vE
tjdMQmXyP2Q
ZYogFTqvHf0
ClXC_CHuRPA
ysWxaYVHqgM
HW1fABKg91Y
dYesCbvyr18
_7lSZWOJwPA
L972lpJa3CY
TlgP4TKEX1A
NQYZ9-whaEs
lYex-rmmDDo
8yByo05biAE
ijSkAys5mzA
KnTI_fJ1ros
_8--EEA3X_w
6tyHJ7idqKE
2s21LB4uYiI
KrRDjxSubZQ
XNdqD3Zswug
SFIVh8QvJyw
i95jT47xphg
RJYWMfnZcg8
kz07qLq6XZc
DOy2UxI6FSw
Si0TIHATGtM
p1bwqQHni7Q
u1xD7QjZSBc
66QhZPQ7E1M
7gA_iL9mKzQ
5XwKwQVkdJc
KeBrSgb2pJU
RECBvEd0cvk
_hsw8kFqCE4
hmhX3Nt-xYI
A1oUEAyLq4Q
HSYCB2HQ8gM
EPtFr16WuiQ
Nychm8M7uyM
yYgocmmsx_k
mSBHVZk_iO0
_2_c_Aqjec4
vynUmK8jYoA
ISbmPp7tSys
FLoEKmJ9Qvw
xtbxY7EqXRU
7JqLHGB3pJE
ouLAEP2QhcY
6kbTt-FEsqM
KESziWNm2WU
ZWrSK3Pjmj4
1s1xJgEUX-o
iGpcZ3Dua4k
lg-O6jyHss4
i72ixr7rdhY
qjovfbehzzY
KxVhzM2sfCg
3js8LYglt9E
qImzurO1Re8
i3h5_JlnYy8
smglPxhtl64
q2Fv5IR-pT8
Zzz-7s9xWUU
2zdZul-IQsc
53cNqZsJQX4
NrpyH31ATG0
pXG-9La0R4Y
oOEsvwxlpVs
QEh8S7A4Cuc
br0ZYTGuW9M
pEJiE3-9zH0
EFhRP7rjhMM
IvwocHHH_CQ
4TFnDG95xbs
33wUlmlz-Bc
fDKF6a-pKUI
XUFb5ia8lnw
wMxwdrbXEHc
ysD-z6fvd7o
DaXxxwjsLvI
niH9wfKsUIc
Fkpq_uoQ2-4
V9pgU6kb1Qs
-Ohi4b5fGys
E0ny5HDfEZc
YfKTHejQ17s
fD63R-ilhuk
fS7T7hXvZF4
7bSpvJp3ss0
J-d7B_egZkM
mZc7X4bSqAw
dIswY4BL5uc
Tc4Ol-Lwfnw
pDBkPGARgR4
FzFtOiwCWTY
VD_m6v2sSvE
9lsDJnlJqoY
gCVZIpxUEhg
osEbhD5Fq7M
sMmK9AeCWj0
82SfSOgcqE8
vUEprfZhO9Q
EzmmgWSyeRw
bKRyCfDBoT8
46AHLCgXXgE
M9ZZbHVKl94
yV4FdnBfsjA
CjlSggiFkWA
eh8RwbivdbU
WBWJBFRnqwY
y0v7jnwggOw
f2MIQh8dlkU
kMB2nXK-Nfs
oYAWy6OjbLI
nAladkyGQkM
dg5Y3YH_YZM
7Q_Fu1KlVac
O6Pz19xmcwk
XFn475-617Y
bbxd-JtwupE
iFxwFVXqVyc
JXDshv7USRc
40htUQHniBA
3YKlbuUvPrE
cTsMmLN-EVY
PBm9MbwvN60
__v6OJ6Syv4
HYIeFPcpN2A
xCBmf7i_wGY
7qcaVScfiUI
IJ1DMvNIj5g
qUsq25FEJJ8
Y8XqWAjwwAs
YhTqY7PAZ0I
1ndMXtufX4o
HVWgghOJQWQ
Vc1zI7NDvNI
oJOLJaiPhx4
wSB-h4hgF-k
mZRVtudpwsE
FGugpmN_S8w
ID4zzP_noeE
INf0dIT3RVQ
y4NLh1ZyEM0
MZW0G9ygdx0
opPLMbzYuY4
EipInMrirXQ
ascj7Ye0kog
iZcu7oJ4_cI
3E3DmJcRqKM
hhBv3zr5P2U
2vjZEDcqS2M
AcEWJJulmMk
EK7N3XEix1U
fxvNsBAWQ1A
7GirSDsy0rE
ipnse8fWMoY
rR8tzV8948I
7LE_BizRWes
PRXSI6DDg5o
ojKObbnEfQ4
GgYwsFsFmM4
9MpD2RN1E5o
mxU1Emc9hUA
4g5TFqkNvkI
475IS5hRWVg
Gbtw3xvj9cM
HWUGAmfQ2-A
akOZRqvL3Lc
RMisLU79x7o
rdKJ0Cnq1cY
CP7eKpf8qQU
Zq9AAwW-mHk
caC6zVBB01k
0cQFP1HBIZo
dGi4cDxCp6k
cwedxSM0puY
3ohhYqE_Wg0
dDHa4OEqaeo
xShzBANKVHM
MXEAk0x1K0U
BI4g7paCPNw
4MZAOwcYfYg
JwkvAfBET_w
yXbAMHzYGJ0
1VhXKqfIJvk
KNg0iJkasEc
0lb6h4kVTpM
oBelDx_WHcU
uh4eImPI-OY
0_2egBy1MhQ
pRQogoZaPcM
WV8pVFPgwUg
pOj170kogg0
Lm0tb7YzuG8
lJQdZ7bW76Q
QTJD3Py3Yec
4xuIErOk2h0
3Quy6q70rOA
LeunLblkJqY
w6dyqP0hKEg
LrsqPQqK_vI
K-jGRZen-4c
Zn-ACChqpJo
RPf2e5kKWC8
jQNPu36CT_E
bIaSini2qUY
nQ2oKyhuhpo
Ie-bErPckzw
Uqr39UjNBwM
F_R5YjgIS20
gtOrsT9wZ_c
M0PebveRcYs
5d6LRUOsYbU
KH3rtYMx7VU
2Z2qVuKbYQI
21rxI9lzngI
UGuO6SKAPGs
JClKXw88kg8
O7aOU3BpVNs
XHFqmtt45cw
REHyDU4RPu4
gI8NIQXpmNY
XpTmQMtGBKA
nEnzI31kNy4
HBS-3MJPUOM
_XjgRwMs7cs
RuLAn3XpYAU
A3hcBLf-BmQ
IhDhYX5yc_U
Vz5u547Kpi4
njwulsoLLNo
NtmQYGXX05c
YtQ-TI3lJvI
72bT1h7-f9E
44TIrRMxGo4
-ZrtpNsmmLk
tIfNu6EvR5g
ZfRCHgNmesw
hE7hoTYtQTo
08QDIB-aTn8
hJUnso_XiBo
P-QNT8R9-NE
LnpG5pzmpkc
MEgM5LB8FeA
pnNTpErlpN0
ml7nZCNa2GQ
uKJ2c0qxdNQ
NgwIZ-qWIxY
s-_fG9pgg1Q
CnFBXM5641k
3EpJ8EOabdg
c7KkXcOYH7A
fgOwcSXdSho
wcykkHLlI7M
eywTQBLChz4
2PN_EVBs6Ig
8PX4Y03Zxbg
1aCigPBKl2k
0F77Yp6IuBE
zFKF12cXycY
dgHQ15zjkhY
RyFRfFPV9xI
7zfp5iZsqJU
k6aXqgu8NOI
e7BdlMp9amA
reJYOgHlkm0
LocKBEri4zE
VF7delN0oB0
E_LdhI-UXPU
uBHuGz5fdIo
NP92YL5ydlY
79g-AVvaQVQ
h23sxfIIAvg
_GzhWFhOJV4
UCDOxJ04sZg
x9uE9ebD_I8
HgtbwMU4siM
u00F2WPkCCM
S0RcyM8GpYA
wlKDBUToPzc
u7PF-jsU-cs
VgI8e21XjlE
AYFcdal0a8o
131FAH3OOH0
FLcLHyk-18k
-KKr1EXncLs
OWEQahCDVno
BfjP6qFTpFM
zIC5mL7xESg
EIlx5Vxnlxk
-flgIKTSIas
wzmQfd7PfEg
sQZIArm6V3E
NAcNdDSEO4c
oy2FG5-p7EM
Ib03RuLqsck
yFWllCiX3DA
pRRGN7jf81w
2JH-j7ivXEk
__mpFyOVruk
WuMBliZmoVA
4pOXuSntO2o
jDaZu_KEMCY
0JKd5nks7MQ
LslRNTifMsw
9wU683lci64
tb7Hym7u2hk
8C0qB4w_fk8
Rs_OZihNtxg
1BRuHvZl8Z4
veV5uO1SW0Q
KC9CRBvIAsQ
mN3l-T0mS1M
3A7R2S6GgTQ
5gPdKLSqwCk
E_yD53wb_Kc
ldZmY5wAEn0
fDChj_EnwEg
PgDLo2lBs2I
3Fxn6HEVZHQ
mlLIRoRCd4g
iY4DemBapNE
1F0ae1iXm6U
yERxnNEy5k8
A7XjrFluZTE
hdT6KuODJpo
jT0KxRTljtQ
6SegylGUUwQ
07eJcNm7rkc
HKmDquZ2kBk
KB9_IsPR6z0
NV4cWol9ZCA
E4u4cFBlWy4
BJLEJAQzCzs
JyyvdnzeR60
eHyB9UC09Bk
l9oHSrfooXI
NehPxs46MVU
KRhVKHkQFp4
kcqIRhVbozw
yjsB3E-7Oyw
8RylFX9OG54
9JqLqWlF_mQ
E3VaeSYrLvg
lMovpbOPEQI
4jRKbhBuYIs
WooDgQ_4Zoc
5g6SdZdTLBA
NBWgvkRJ75c
DhozHtG0eTk
DGnVzi0Z8-0
KhMExIR8zAQ
5Hn-rX6rrwA
TgTvjJnf8Tc
RX4a9SEghKE
KsnEgLQiJx8
RX4a9SEghKE
OZ0OYJC1kis
BPrBWP4EV-Y
EdifNl5grLI
afJCDSrJl3Y
6gNuYWzROc0
2ak7rzoO-yk
dCD3g47a6vk
8pDb0mPyedk
tlt5vMG1xAY
OBDiXuq0HHg
kSGVQh1b-TE
RuEzgNXqkAs
AYAHkql75qM
qzgfRQkdaTk
r402yeFtsZE
Zx7KGBGivLg
3WNRTfg23IU
rl4-aUT9Znk
VbWY_qXuSng
8v-wAKvJOVo
GaiqpVsF4rM
tfxTrjRkOH0
YMaUzNlDnSY
bVkLqC3p0Og
Z1IBMr5JJ-U
gyhciN3Gbx4
xsWvxIE649U
WZmb-F1q8ZY
N0Bh05pqP0c
1jIYxsm47r8
jJayRGC0ynk
Fk0RU5uUsQs
CoydTc-l4a4
EdGOzGHx1pY
6rWEWhSdhMY
T4xKH68aIN8
rkSfFCsCAug
pIwdHvaalWY
BFcTX1kDHl0
QmL0iDYnVhE
aMKTNOQvCgM
zhFvKtTcRnI
o9qzKu_Vfao
uDUDAhTPPCc
9X6vSJo1hm8
UJ_skb0TDts
FhxpEr76hiw
IfemcyUw5tM
Ep4Zr2iGohk
dNfx-zZBFlM
huSVaScE6gg
lurirnzsTww
uXrjIYb9Pw4
z8Q7nvjZvDM
YoCdsHR6JCo
jPebBGs5Q0Y
BVDDReUeAKc
dZezi9CP9zM
h2aF8qPOAX8
sNEFKRcXTTk
cU77SES9jI8
E8hStIRskMM
VXeupv7E0PQ
70r4cfd5Kx4
m_V8louJvLk
0DjdOCXOP_I
dCfYcT5Bpnk
BoePx6J2ifE
Ss-UQfMueKo
tDb9SrCbQu0
tueI8vjoG-8
DOabtB-P-lk
fPIKmPn9GbI
CF9S0qSbV-s
oqRRZD9OT0E
BWGFs8D2DSY
tfCWCILX3Ko
rT-TIxxCufI
fWJEy-OF59Y
fWrPifsAHMU
74lxbot6NTQ
41HoFHWURkE
TlDkK166K_Q
awRXFVQdy6Y
SRt-tDR2gH8
hHvushnhVtU
yhFLCvdyH1g
aBWyjZ1-mdo
6jzBGmkLD2M
k_-ToePrr8U
SbLutezIBCA
wejE9j-TeZE
QO_E1EuBtOI
1L9IxjVPUMc
H1mMg91YJHc
AxeBtcBwCcQ
ixoOAUZmKbY
WOCHwXK2H7A
srpA5UeurRs
v_JIjnyUvBQ
BkdMtaxheHg
TP4Mx-iV_7A
iYjySWjUOkU
qPAHJLiuX24
0U8J7CebFHs
mDI5H9r4YhY
rqxZE0dPeKE
d3dkH1_8_Bs
I3lYWrHP5Uc
Zoo98Es8_bw
SF7z2UM_mMc
Y4m-Gj_Gv4E
tNpzFVqFQP4
-hJqM-s-LPk
R2-7x7TEJas
Y3cLuxrvGzY
hG0M-Fi7mrU
BZSNRkA9IPQ
VNmldIsqcHc
KJUZ0Hzr3Hs
2p-nWRABMWA
Dzbl-9P4WYo
GUCy75CA3Aw
YOBK-xBOFcc
KFcBDoXKlD4
yyGHaP6XVpI
GbpjvANTbLE
IY4rz_ga5nM
TLnpgb6Gb-Y
ekHxjY2Eb2Y
F0-JFyjQCIs
POvtLMPOqZs
NjVMCMa7Akc
cYhjo5O-nfg
YtIF-CP5ycc
2U6GwHsXlU0
5UEYzzmsX2I
kgkX2FHMbcE
MiFQmYBxCu0
ymzaMaxnFy0
eofIZRYkHlk
nXxrj0opm4A
Nz7kEUMg2F8
DvjaN6QxorU
D3Ab0ND7cGs
0TnE0P304LI
Z-3pTTiNwx0
UmUDRwQIfJ8
8OixZiMb8hk
jiDUo24R7lI
iz_GjYkM34c
fgfaDSKAqHY
HDi-YFJA5Ks
bTTTErMtgeA
rEGTvgaPQhg
zUfONl7Hpqc
3QEqZ40G2js
1cxRWmHAp2A
xxNB9E2Xyxw
An4L3seT6Ss
NaxNF-efLjs
zuA59AxSYb4
6v4Yom2Z8Ak
834gO3BYU2E
VDtZIdld1Fw
tNkS4KTyHOk
lqX6wkCYsiY
q_7f50WUbW4
RsjK5e47mIs
NHW-jb6mSvg
tCMCaUpOpH0
hE1B6JOu2R8
2YcX7t6yZgA
kzgPH0ivMoo
UibfDUPJAEU
9IkqYxYHMg8
aLdH_yyTOJ4
4yoFXRM2tyk
3R3sRJvAlM8
rPSGKgoZmik
0X6wN9LMy2w
cwteFOCBalg
NgeiFwsDGMg
4zSQa4QJZjI
OL7AdKkuu98
l1loCX8eAn0
w1tZYlIenOs
MyeC1oAyj4s
f5DTqcBigkE
v2slJ05AmHE
uMvc5C3xkx8
mhLea2ywuVQ
r5x9r_kwhmE
wLzugg5FtM0
MXvfNiyI8C8
RQTADrhSPDw
cbFXaDloxaY
jNZD9UUXO9E
esxYVz2mPTQ
VBFtXvtPMmw
igb0NMG3ZUo
pEG8oPtg0uA
jfASPjMEJHE
WkXfAkk6hzw
EN4ETQR-0kU
yVKTpeTZIvY
icRSnknRwfY
7-VrVZQ6eeo
p9jHu3JXxfo
Z8c-M5Te6YA
xs_fM7LozGM
8aGFj1U4fxk
WmYRtqR6ihI
HcIkCoPQIJY
oZgpv1Z6P7A
Qn-v5QLi9rc
ac7hlVxqJEs
A4ZIGQpQcLc
lE3B4MXHFz8
cFyabB5mgOc
jcHxDUX88-U
u6veDveANC4
CyEQCls5ME4
BS3qmYoFnhw
nKdVZ_z6SS0
hJW8P4QGKww
s4MUTY2Sy-k
KcSa1OIujt4
lKP5hI2MhBI
XJBbklKp0Lg
XJbX1kOrfD0
grCYYrFFGnc
RRFbP_aMtMo
1Ek5--EQNdU
D9OtVw64U_Y
KauldutZ5UM
Kc0f-fdZXQM
xdrTdmMZpZo
AJuSMdbFVvs
vnbWupBz-jI
_AUllZ4nuMI
-irF2dl_IaE
Xr9jyd3Ot6Y
ThMqaQqGm3w
W7Rd3ktZm-I
bL3ocZZBdDU
ZTGPbiUm-3o
KDcql1HIzmQ
LzU22CaPP3o
0zFZi0FSIpc
C_Y7Xh6mpGI
yg_MDOiR7D8
zKaqUhejDtE
WKYCdn_t1K8
i5xqOg-v1VI
03XO0CkF47c
D8Rfk9i8J2E
uS7PMxCKExE
7Ah86t49DI4
xTaSNlUbX3U
aSS6787fv5g
kn-Rgj2OeIc
RgAbTlre_8M
HTrjHic28xw
dcKVCtg5dxM
_qb6ejcOEM4
Unu_nhkVLew
Tx4PAe_m7NA
5YSIw8y-JkA
xr_ffpwbaN8
aGO1GqcvvNg
0Ll7z5ghUSU
_OJrwCP24cI
_ljXqG4QD74
A6E5iE5KfX0
t66f1s-aRhg
1LXqkoJiLSw
NtG2oOAm6zs
4_TQILdrpAg
gpzRSmduoT0
9EYFlJhga24
ZlpVAdu_VII
XJXavxuGcxE
tgl0N0qg3g8
PowKNp9_e_U
g4e6Ep89I-A
Tg_QBWiT-N4
azSpdF8CGPw
uvCDYvHVK4Y
99yaaK-0f64
jf4gxCvQ6VU
ghl9JXxgiWk
aW_-p1u-gRc
fnUv1afmYeA
lTgiGO8wvIw
uZUBtc0iTXs
zhkcrQ09YdU
_89_zPIQJko
HAljEB-1a8Y
qfwKUmNL5FM
3rSsU7nY5B8
xK54Bu9HFRw
A7Gl_oECfPs
HHdbRT5eh1I
6G0HoU49wYA
9M1zNIVGrjM
bZDnsa8Dkgg
1jInfCgDR2o
XTwixX4yFGA
bddD5slfMOM
imm0L_AXCiI
76CZX6CzCOI
AJ3wSf-ccXo
MPy8GS4O5PM
26xqra6_LyM
jAf23jP7Yq0
opj3HjKNx2E
Cq7Hhk4awzA
AgiNX77aIdw
zutaQF9fIqE
JeR0XEUpbRo
Sb3BwGthMCY
JXu7BFyrE8Q
pnGPYwNM4rE
iMjaIkMxUqQ
AhhYlyJZIdI
7QuzrF5BYcI
3XFWgsXcCK8
oMIcXGRBPRU
DIijk9k7rV4
wdlTw5TOiho
NZy83SHp_RQ
EWDIb20_1AQ
NwFtUhi3D7M
gadBTOhSOqA
b-8D7hxdFu8
AGgnRHbHYvg
cSj3Dy0G1mQ
WUBSiVIRwCw
afOR4P-HJuw
WnK6peYy0XE
oM0yscloBRw
si_IJiJ65Co
ifQ0nhByvRI
LTZa57i0gEM
fbbV_kOPhcA
Px8seXxvQNA
5FZk8LLT8Xg
V9jT3uswI5M
JEgkJwSFvDo
Vivf9crEb8E
gGof6CALpIw
OuTRzsN23gk
pzO2dMfpTfo
OSfskTbU6TI
Qj423Dl6ZW0
t0onDHSYNRc
AfxkfXHxrXk
G5ARhxgODI4
W8OY4a21kDs
AiGdwqdpPKE
Zhfn2zgFFJ8
Awd_rEH0tcA
pqjtWj4bC1I
Ad4bhdurySY
-kC59qNwt3A
5ps025h6HYg
F0tLAscw48c
AzGebo9qV3U
WQeiJSZnOkk
5OyZ_qvn8vk
ZKII4AwLKkU
7tOhB6D14x4
5mr6aerhxGM
dYWpEBWHVFs
PnDnfR-DiBo
q-fblZPy7pI
P3mHLpZg1CA
i1Qm0_N5egI
CN78P3YLGhI
yo80uiqQvyE
6n-Jx2FLL54
AYQXQEIzez4
Ccd3DaIKIJ0
xxQcAG6p9FI
n3k3nCD1DkQ
BGLvyO72LVo
xKxQGz481Sg
pdwsVMHm9dM
TdubHY1KQZY
IFf-zGvvRXg
thCVng5ZiNY
lwnxPSOVa_o
h5RZjMse0so
S2srN-PwksI
OYIPC0eBvpU
Krfz97aOHhM
QQo70umFly4
rzGx3K-ebT4
OYIPC0eBvpU
YklpE69HUzY
AdHfDXxfLsw
NzizbQcX3ok
sRtZZQQY4O8
gP8YbOG0vg4
PQtjmu1zvL8
ZX44bRWtuoc
9EtKcH7lfCo
0yrFUXGxGYk
2DvbysGw9M8
rUUVaOkUcS0
1-9tEoiy8m4
G7JVk1JEHDc
QrcM24NNeY8
XiKYU07QqPI
RFtcV_UdtU4
lPzU3IcPlaI
aPIsWEN6Fdw
QZsWLWwNh4o
6n4JhNdFW9U
Ak54fRc7bBk
N3xU_ma6WIM
9XXHJM7gqrk
GTGPDmuQbgM
Io3SEaoaP8w
i84tT_aAFFc
S7Ai3jZsM2c
U_-homCWYYg
CRDIfzR_Ch0
mmoJFLHmPz4
eQrcsPJyK7k
LsYCl62kq2Q
QvtvuhuDXcQ
bZDD6yA6O_c
g2v5gi5mJYU
kMXJW2bRzLE
LUfHvbCQqPg
SlmJZu2BxpA
qVEItkorYqA
F-m5GfrxjGA
AS59_YzSt9o
7zMXEMozG58
XzdzO0vHzY8
EsUqT7GfAWc
rwmCQ2kFLQQ
MPL68uxiNaU
JvHXqj_eLlo
7YUzkARKtVE
v79tL7uYTrA
YgrWIZVhnAM
fdeoU0aJLX8
okspoBCzSfQ
fwsXP_BYONU
398kfSdOdt8
fFSlVBiXDNM
QjMJ6qU2x1o
j2Cu2Gm2Jsg
f776bEI6024
nUV8jJRXOGw
l0vzoa5LTeY
FlYHjAEBhiQ
WbzSsmvD8E8
WEylUY8W0pw
ukI00tDhbIk
zFvxHpCXexw
pU1-hcPb0ZQ
V6UQZcjF6fI
qyR0Wy3hO3M
xSFMkJQKigk
qz6KnZZWuaM
PLhG8qgI2WI
Ht26q7zHXWc
1U2FMLytDwE
RfRuKWgak5w
J0-6TA4dDMU
ovrHeQ6GLvg
X9tV2lRedwo
YwdNhZTdBCs
sCuWlKs0j5Q
W5VoLZUofBY
LIpzg6XsO-c
A4FYjkKMJlU
5FuzcikA6NA
17beiPLCcnQ
Ot2UWDcj_-w
WVBh48LOT_Y
ZJiYMHdr3p8
XBI6xJt1W5w
o85GUoG8Cao
bUkGS2HolpY
Igg-N1jUIYg
8qM1uRXNOWU
vZHCkoSVQYY
sMv5IIbIhH4
XWFX3dIeFYQ
j8_vQI9DH6I
Gmpi51Jbpr0
bBuR47_WwFQ
F0pfodUfwmg
6D2YSOGpen0
92RkW5vlgk8
267QDgBF5Jc
Hl165Cv1brE
sfFK3IeB9Ww
k7HqC_hyTfI
zPaF_vQykqc
jqBhXXiQp3I
G5LxRSu1RA4
jiSRQ2_7PkI
eV1zIkVnRjU
Nkg6IaOAd8M
4DzxMR1AKuM
2GegmNt92BY
ezN857yORVI
5M0d3xolrDU
sOl5o3npe3o
5xLFf_SwaK4
bTPGLoi6akY
EPFXC3q1tTg
dKeFEgyIHfU
8t3PjviOl_I
HQrrXeCYDas
xVxpvXlvhbs
lcmTCP2xqf4
eZQkCSuXZ0U
_3XfIaqV6Bs
8bqY-ayd8qo
LFwk303p0zY
jHOocK-oMiQ
xCqFQXl3W3w
V6SOzbsXGCg
e_sYJ1XWGCc
MEU6PwwuYnM
GN6qVOZissQ
Qv-iluydZOo
fZb1mjvmKcM
2jrV30za_3Q
PwnNAJOq86w
VZ7kXwkhWy8
IuXz0El70dk
6bQAzF_gtgA
n-LusnuRcLw
4i1yn3947Eg
gfCWTNDic6o
czTXfsvVpoo
AFzcAhExrxo
ZtY5bSa6oRw
6Vs4wP1WrMs
_w4rcbilk0s
NtF2toOXUL8
cTElgiAC5GQ
5HWRHmvBaB0
l3mTbZj2c6E
MEuAdkpoBkU
jX_du5-lLas
q6xv2uJkuFU
T1siBE74VMY
aDPaQULGgpg
Dm1uQQDsGO0
aq18K9VUI1I
Mr_fG5SiAzE
yBRdxePuvVw
c74kuDH6tKQ
qpSb1rJxsh0
dFf8H3e-X0E
f7YolhBQ44o
qUaYctv0Nfk
jDItqmUBwjw
Xb5gIIhHv6c
rhLFLh4cJA8
6GCMR3oCXBc
wqoWVBOqKik
weyQjPBZn5Y
WbH9sY8FsF4
X6SJC6a3vac
_ecx9qZPMio
Mj1aH7CkNCw
KcZ9mrJr8O4
MUvHig9E7YQ
x3G0SlQsqfI
wLp2BGSI_uI
w8LepYR8v9A
P2Awswb-cgI
Qy0WUtnW79o
XaAxNBUB2-4
7TisTJT7ScA
vcjl056QqOw
xFbJmWJ0gT0
yLKPpnfDcPE
M-2m75o414c
z1Ei7-gftr0
i7u5cNIoPt0
NVBIJdhGcpY
IRuoyxgg2po
HAe8OXpSBNk
abTZDRfWvG8
mIYGH3tgAOY
fI6VU5drptk
PuICewuqSVo
s7ILjh60qPw
SxjnU72fccs
mRGyOUheSJs
EQCPy1vxV5Y
wmGcPJh5HyQ
s6-lLzhdc-c
cv75iXJMkfc
GFzafGXroiI
ACk6EEQUFM0
CfpUoZcK5Qk
boCzgKgA5_8
gTfOKSmJ_uk
qE80bAw_Y-8
4Kuc-Uon7jw
o2YlQo4CPww
0WfvKzyDMIk
4z2Ju647duE
bnFq5uv5ZtI
3ItNbE6MCCA
-xYHGAqrx7I
oTjNICTguA4
eku3DhVECLU
cM9fJUntRAQ
vnkVSHyILME
5qDnIRi3BTs
hEZ7rHRifVc
xoSo9OzEPHA
MHe19w7ysXg
e_4lsq62cP4
E0_tsHj-JlQ
f07KzjnL2eE
L4oa8F4R91g
xS593_2GHw0
rHlSnWGNhT4
ppYVF1HmuR8
7qBhZ1wsS9A
Zt_ZSYOw5LM
UsKrL4Hz__E
F6bj2scwWCc
NRCDkTIGNso
EoWxBzYc2MQ
utQWiTSysZk
Kxb3ZQXiS98
Go6qiRcgHAc
MIONjFs0znk
C5pKtnmHTxg
v24PjCTgOU8
uOi7wsFnvdo
uB7S5l5TFoo
rhcxV45Oggc
6-sciPVxf8c
zvMgWSJgwFY
fLbyXPceVj0
mLZRflTfN6w
_Fz5BsxHIrM
fJDIedxF24Y
iMK33cGjBIg
L6Xo3Ie2XcE
227__gQc8s4
5Q8wZm8Na_c
o_PoCW12WDU
5wttT7jziTY
ujwT9gDhkgc
QJS_OTllfXY
hQCrHnSx0nM
i0EJqnC0M0Q
E1iBb3Jf1SA
q_UEyYB_kb8
v4hvi3ABHC0
dxI_Reo8LZY
Cq60JJ-vp2E
fIft1hexyXk
nOjA07Hw2us
MD0wEil2dEA
lR6lFOTuhvs
6mlfeKA2WV0
Chf2J5cMxmY
da4jgfuSjxg
3yLBiFwelQ0
JKVKFLQSzgU
bQrgzYT04OI
JnRSxZYycV0
gnBiuOM0AR8
8f6geiVdwpk
tOq5X3igSN8
9uHXUe8VsBg
agOSowgbSVY
VZhOh5n6Tfk
Ik_tFrmbMBU
-Qv8r-mS7eA
ZR9G-qIoiro
V5dXJAw9g6w
cBHJ-8Bch4E
ta_8OikUPmk
thRoxXXQjnY
KMZJVVTI3jA
p6CN8CbE0HI
b5AEXEso8zA
qeGK3-d3WAo
wY7zLgAFcTs
6DrY4Zur7cs
AUElTq-3EEo
CW8Oqb7CbKU
zR8QjQxosEs
0CzNMy5DOM4
jlXx7aX7rf8
Wzs2zXl_aZc
K95bVRug0Sc
5K5KSDL1gXE
9VbWMQ3S60k
UdMcWcGPiPg
fxAUXoc-7XI
-Hb3oe7-PJ8
c_nEoe33bp8
qsNPayIpsAU
jAaHkHCXl5g
z0v-1WhMA0c
EizLO7e724I
rBX779acPws
AnQVT_p6pxg
eME83oWFGZc
DvOt2dRJ9Kg
4MkCTa5sur0
p2mu5kQ09DU
hQ0EJnesfFc
a166v-DEEmk
Vr8uhODji7k
KVOxQ_yFETY
BmkBZNgFzQ0
jhw1VsRQyEU
a7g8IbkHHWY
V5rwhpu5ecs
Zn4ov_W4_l0
pvbqtZEpQv4
ePo_EdgV764
IfI_6LI6aUE
82tQ4ID-xNg
vwzbU0bGOdc
xK7kM9IpWb4
luXCFKjeAbA
-Mn2qJdQiUs
CbUVBCHM0mI
Un28hwa3Eb4
St5l-gUXKi4
WPYOxNmMUyo
o28r3ltn-V4
mOEz7gpPwIg
I_bYlY6AHew
wJKjsb_A8M4
olQn2iklQmw
2hsA84m2xE8
oqX_sV5GbxQ
nXNuejQGWeI
cY629ZHM6m0
g0rN1-msynY
PtrxxRkg8bo
zcbt3zgrxcI
7FZqgmgCLeI
iDEzkO-sWhA
JCrQwfpOVhU
IxTxIZKzHPY
TygGLEIH-U0
v2ZEubTJa-U
2sdIZhPVMEQ
5UI8GNOJZnY
IJQ0wl68_Cw
o-HKn5-Rw1E
YVPA_BgPKFY
pjkCxnovoYE
S29WlaH9coU
4IijldFwV4o
ueaVsfqBx9A
OjwmUkzQuMc
KBUgxamPg2s
xXrU6iWW09o
fLY-Zv8Xgfs
r5cNwNqfXYY
ZpUCAQ9g_8I
jaubNt7zvvk
tgudx4jn3tI
E9teCkpapjk
GMWFieBGR7c
D_RpoDnx7tw
oedGXthvpYo
allaLgsft58
vPUnljS7OZo
bdwTBesf2zE
VKIBTcWs5ig
Adw2JfRigmI
4BWdqlZKdCI
MDKeH8NI6sc
7me7PCROc7Y
qlKfRz9y0FY
HK_XgPV7uzo
DoUlY5X8LKw
pnAqDTbmrAg
Qaa0mACCQ1E
mxTRBNXyoV4
QKsR4VLUMJU
wP6uL46j3rI
4VCXn60qTXI
4ElHALdQalk
98TLEZcXg3I
VP_6RdR2_wI
LRsnozrVBLQ
4pnxzrbB-eU
Ko4BmkTTFMQ
z_9fe73W5as
PTGCMjhU_Zo
51r1jx4__Mw
8WWrdpJNldk
vl1onQQ1Ygo
44TsJwNbPoo
fY8L2zJIVYU
L2rxYUtuTSE
UQ3WZ9nv7vQ
xnJMyhzMStg
agDwv5XV6Ug
nNuXk3F2eD0
zPx5N6Lh3sw
IE-TTz13P7w
RXcgruA9KR0
nQsRvAVSVeM
jje-6SD1B64
G6hG8dLov3k
0q5kcFl27ic
RW3tOz3LZNA
iDQA5l_1DeI
7ltdykbkZZc
UlyTPFIO9v8
eOW6f1Pd7ms
Q1IEeZU0O1k
SX-_Yz0zi0c
JBmx95P1f_8
P74PtbEfGQg
7jyQJje6m80
8QGoJ1wcTH4
qwnK8fmbJ04
ZVIHGRjncv0
q_xpjiOdASo
TDaNohLE1lM
NWSKMRhrkKw
Wgvn6ctaYoI
9yUBsSeshMk
_FoB0bif-3Q
gI69eeVMxr0
RCCH8thNvO8
XB3EbVpiPeY
tL8yM2A7o2U
qcg4BqJsyVI
zbNGqBuVRaY
UY7gCOnoMY8
WGTWXkcGI60
cyjKOJhIiuU
0QtJZ9LoLP4
OuIpaSpVUhs
3tjo0rAjiRA
8D0fxPupD78
TfVkkOadGf4
ZgdC1FnoiRA
w90qy536mto
DKmxmAE3c-4
no1fwNCth1w
3EITHN4BUOA
j57WZqPa56U
l5aqzHzBB68
HrwvKmf4Org
HAZ2JbAASyY
yvOOQOagbAs
DTnMnH3cQ7M
ReA_hqSSC2g
_0ehJKLCSd8
MHvKeNxPA1w
YFRzIF0IBww
r84TOYdkg_k
p7xRBJPLADM
XjFRgA1WziU
DcSk0Un3yiA
j98k0I029O0
XKhgD2JYLMw
xiVWNkQUqKk
J70dP_AECzQ
tVDdx6xUOcs
N8O6zd6vTZ8
bM6nFDjvEns
ChS3K2O-h7o
Q-pCzTpwPBU
aBGOyZv2pZE
8AJPs3gvNlY
MF-XSJOsGqw
OprNqnHsVIA
UtXK_EQ3Pow
gjBvCiRt8QA
PgawcWisb0I
2LR5JYbhyjg
Qjeswpm0cWY
UZjlBQbV1KU
yXwPUAIvFyg
IujCYxtpszU
-s0tAlhstQE
P7NE4WF8j-Q
LZ5Wergp_PA
FJd_1H3rZGg
KbB0FjPg0mw
PNrqCdslGi4
fDcjhAKuhqQ
JzDvVgNDxo8
bM6nFDjvEns
yFRZf81sB5k
9vp1Ll2NpRw
72QjzHnYvL0
Tci---bVs60
TD1N4hxqMzY
P1fSFvhPf7Q
LX2q356N2rU
k2BB0p8byGA
Ma1yk19yYGY
_EuvMTzKCmw
eMLOhGBZ8zg
lXBKSQtJGkM
l0cwFpHPT0Y
59XJ1SGyKdQ
V-5O_DdAUgM
5DmTCV0OYkk
o8jdqpnpfXM
8GoY7MKiqQ8
7FCqxV_1Ceo
h_ekp5GNkG8
YIfrqjTbQ-M
yYJYH9dejVE
TLwGZfx4ibg
bOYhjvxreAQ
zJSYb-rOvA8
aROsl_2JtTI
QIW6Nu3TVAA
CXgvoyB0ym4
poAc2VGSlX4
D1kHIiyZy-s
pyEwvWF1wLc
xJQ99NAB2zA
iJg8sFTeaCU
e2m6Y2TvpS8
tmqnOjj4sy8
wHZaCN-beQU
aZXz7nBhaSs
96aL8Vn296o
wTO3X-CPyiU
6WxisWtlQpc
_fkTGFng_lQ
e1IAA0wglgM
Q3yVIxzwoI4
DDanGNZ3jWM
OTsO7zAlJIE
bhIRC_fohtc
VR1TYkMNaoI
twxsO84_ldU
tCO2zaPvFso
a4E90oz0Shs
vHscFwTMWLA
vlJ1pAHQDpk
THD8IqHHhcc
cjYMktV8iqw
eOfC8agc-1o
Plkd8WHVsBo
qD9m9ze3VwU
bTpA5gMNG7Q
Wku_6BhjfCY
lBSE7IALkQ0
QhO_fmzU_EI
B79GMYchKW8
vIxWSSQggbc
gbNGjTwdktQ
v3DlZIhq8rc
iT-YNIc5rfQ
tiMJSQQ8BnM
vG2jAtlaG7U
iC1VkxhY3DY
_8NkVprd_50
AfBz19XvjBE
R9nHrRGUkFU
6uYj2V7JF7s
fKmcno1n3qA
PggAx4TIyX0
Yvz75l7Kipo
rtdbHEzw_Ng
OopN2xM-fjE
nFQRRZ0Cmpc
0WMrw1a0MAI
9042xFA7fq4
LprXbjUXQiY
rVYpNEJr2ac
6RRMReDnbNc
LJtrhn85Vwc
5OEj057iI1k
B16OlBqYtnw
iRBG3gfRjRA
dyU2bF5DAyU
a_Od42HK6ec
W_zskmVKI4E
-jkiisti3gk
XzobFAKMdOA
dzFf3r1yph8
aFsdMHbGWEY
CLSAak1GafE
HUc_vzJ18AQ
q8jNDXC_hhU
N8n5ZL5PwiA
WQXlarkvG0c
FyOZIXq1PFg
MwzRmWdgBzM
RgOOqzpdr1Q
1oBf6g15bZ0
yA6qXYzyQI0
A0YsycKWyuU
Hzt24RCCRhU
FV9VqwhLYb0
q06LswiXZ_E
ht0Ki4Ulij8
FLE3iQXc4Wk
JR_TLQGg3ic
ed7gyAngqpU
UUKbL0qJHM8
T2WPjh8NyQg
8d-Mc9N01DI
WE6eSGUq3WU
wFbyCFoHTcU
tLsH-Z2C1yM
9bjpyYy_gDA
WBQKgdaBJls
3hIsxNlzNec
mGPFGQJYwVk
MYzXNyfXWAk
2Bo2tYJTJck
u_dnn6-_7J8
GmI84ruGcqA
IcfqIZ8KouE
YuGuJhMynH0
AA_wew9wUxs
FxwRlEkt51o
x58vQBLYWEs
wkSyZorJFwE
MLPsln-7SOw
-Pubsf1Bn9w
GRzMwA1UmHU
lCKtDE5ofUw
gaerjrmoqfc
o-Y8-SM7aUA
M4oZSf3LI8E
ER6WiLBURbs
5BaWKrxBYNU
H1vSHGAgImE
ehrMUoZP-V8
q25ocjQcyQc
gY4FRkCHTaw
rb7JGUdk9_8
v7iFvJtmWoM
xckXMlOnMwg
As6IW2X5dag
WkGiDjrs5YY
uLkPmu_BLFQ
8kkwG3mLUc4
OVXVIaXcTMA
CWooPXGI0OI
6s6aoyN4hbI
ZibwGOWHVIA
RBhJ-FdrCu4
ODNLPRUC7z4
VcMfbB0qsXE
2sSqFSMez_8
mifnVqBRYPA
md-HXIEnPHs
V64ngJx--xs
9D-hRKbDinU
vRS7dOQ3VVY
fE8HPAX0VKk
aGR28cAm3nY
qHOPmFIW0jI
k3hc4G6EETM
E8xk0-psWoU
o0lS2fljH-U
IqH7ssKI97Y
I8WRNVTnIJA
0dQNMKjSQIg
ojk6k_DAOeE
DEVvVxrVyB4
vIf5hStAQus
QsbKT50ud04
yu5iC64aam8
UtAtta94RQQ
PvwNLIN_1HA
Mx0ZyYGqtjM
QmC6llOGgVg
GDlWo7N5SwY
GPjvs7b87FU
o9aboYBZyic
8RsjU-SM43w
H3Svg0lUmYo
RvL-FTBe9f0
uSBbM1i4vM4
Rol-VbSawFg
FcqDkrUvf5k
6oUFLW7e3Fo
i7kumZqJSLw
JBY1FlzItE8
fwvQElcho_g
30iPMSs8K4c
IPlCtuB3B68
jYjfsnVzEJI
IeBfGkDd5lo
Wge5DB9XZF4
caOBKTniLrU
IIoyGQbE_ME
KpoimMcLyvE
wjuKvgQv51Y
v7trUuc9KBM
afH1ryZ3FFU
TJ64ZWy6B-I
Ty_fnPVvgoU
VAvpomn7cTE
kfXvEq6S1-I
MQ7YOYrkdUY
-6einbhmqlE
HNqeSzH6qY8
jz_7_Z0iYt8
pRjcyo6pr1w
0mRK-q1V3H4
tsEgbo1o70g
xDhhUjYIKwU
esacn71B2iE
zgjLhhWxUoE
BpwnjYqbqDI
jYApiOB39pw
pHmoLytPn_Q
Xle0m_EdvVI
8-PXIYw9qMY
QnKzU6ASFXc
whRwUkiA2Mg
1VfUdxXcR_8
inzPJ4t-Ejs
PACu5QwL6T4
wYS8btz80xc
g7TJY9UrR6Q
y18Xmor7Z30
l6rMU9vb7jg
L_5ndnuXiWY
xubLgWPMmwc
vaFDn5vTBy4
pYWRivLgNSA
8lOKEGkrv4A
SyHycq5GZaY
HIP_U23elCc
ypKIvLU0eME
cjFbdKyqDTA
bSghXBWuFcE
QkQ-CL1cm9w
fXlKFmJlGXQ
EtmS2ZtVbbc
OSGKlCsQngI
VfsVIHn6biQ
EfY3U7snLDs
UJK2EtL59CY
nWqEAZ5y5bg
dp_ye3sTE_c
VZ5MmEhIt3g
m560XL6D3Fs
DrURvOFTdcE
YyTH2KtpCQg
Taffk0dGMFI
mOsw4G74AzA
4anWzkQylvs
k5lXDcCdM8E
AD5xwLoOZws
bQ8_UZpbtz8
9XeBF5To8io
z3wcHkr3U3Q
x53RVsbbtLI
5hqhL5nvxnU
i6jg8PwpAH4
vm2W3ESgLn0
jx_95TZmnWg
Tt9g2se1LcM
Z-7CkHoFg4A
8dHaqVFzDj8
pN82d3LwSI8
-QnBE5Xsx74
N9LY4qhXEXs
P232xezhRZg
ucWgpv4sPiM
KMUtciwnLzY
Pbf-YfaMU60
7YpaGTER2YY
L03bZwJpbPQ
wVBGnIZLT3Y
yD-DvnoPOzc
QY9SgCyQ8vc
qRIW_0oRUZY
qV16q2PMZG4
0xbPLIuDs-Q
vlmoILJmH4M
cvbcOA2ZVog
55zmUXzEfOQ
_3jIA8CU46Y
bHz_ApUCx2Y
_Ft0cwxjBKE
mzZXNfTutdw
k9zoDwMkx9M
w9RsQe3fqCg
NJR_A_h2Ob8
YH_s5Vz-fyc
7J6qzBk1YUY
YlDNzE0xJ1w
nPbis0Hggsg
vmfEJZ0awoc
F0KrgzqjtpI
zeADvdPFTZM
E7M2MMm6iv8
bC1WFU4G-WU
lJtJU1HV2Do
kHZYl38vmew
xPRHSylqPbM
UMe3OTCCL74
tx4Ii5tueDo
hDAewfSZLoo
pZfcEf_c7Wk
g_z-4yBJJp0
5ZwnHv59bs4
sfVR7nW7te4
NcSpwNVF6o8
D0l-uvpRngQ
mt6Ig2Ao8TE
aDdZnRPSepg
y24hSWHnJCo
gxAIrSzDmgU
KejGSgiiX_A
-qCzqn6td2A
pfoLQqWO2us
V2aW26VWLeU
oGQGzISeqgU
WY9uA6xowT8
CD6CW4fPQfs
_DRYaJulmNs
-zetpqKG3-4
RQvbK_02iiM
CGx96tGW2bU
hVOppUYsO98
0EE8zFP59vA
BpyVuSTdz-w
iKy5_psVT6M
UatES9mhdiM
h82BfY7ru2I
H7zdI6SyZp8
al635_MWDRU
GaqIXrpVZBU
pnqdqg-z6Pg
QmWj9U4MnlU
hydADmuBO9E
C0a1FjniJKY
UkyTvv_Ojpg
agdV1fdV77g
dSSNgcW6JTM
O-zu9c7WLRc
ukwv3uNNdsw
ZWjUyfc2O-8
Mt1EXG08G9w
MV7UFkH8gTs
LWMCzS5DgyI
BQekLRwNpjc
Wp5Erl4Pd3k
mi3yiO82neE
0cUuQebWuQ0
oIw_9fCskl4
3c0EsQjnJ-4
1SUFojUTQZ0
pQJYYe9ilhY
T25t8sVj194
qgSu3ts9iV4
vB2tFosxHX4
UN_K-UIREYA
pVSXvRSNYtg
eMM-gnV62i0
FvlfVbGDSxU
FtoTDGOuH5A
5Xs8LElU7m4
_qDKkCOn5qc
sYtOxET0wkQ
F0wVhHar5W0
RPqxISYxjcI
Ft7e4j-_PT4
O6FlWKyqUyM
Hiif_7gFn7I
5wNEeqmUmU0
ISO5AzEdY7c
Ha8gWFhxYlE
Cl9jY-8JOIc
PqvU57ZLEn0
9YppPZ4SQMk
Uc_0-Mk_6O0
i0kDWAoVNS8
9OL7I9EoCyU
kQQcNkWyXms
8JxS3VBmvoA
D3Kxqr24VnY
HI202lF_Z4g
aBqYK_GfqJE
O-k3IaI4SvA
Y7Nh8SeqE60
A4RCHzjXZ5s
4x0UAoVOvnc
QHG_XMM445I
jGB0XwOdWsg
7yn0hSJ7rK0
kua_r90-prk
P8UrSqqCd4E
KEyc2pt_UJo
82xrCToQi6o
nViIDu07_4k
QZX5s_xCPOc
Zjg3NzvhEFg
qpjbgd9iYlA
OCzLo711t_I
sxMHcGHjJZ8
-BMx7t8ocY8
J3KVOecnJUc
qKKpu3GMl0g
fQgv0Ithu-8
wncwgHGsA9Q
enS1EWHxoG0
tB4dGmskk7M
v0isDs6EAU0
xunoLTJerr8
RAVhe9ObkhA
_YOfZkso2-k
z4wDreZnajM
MFpHAofxooQ
FiCNLZMhScI
1uj72uaSfEU
nJV-SOwzWws
Y75NdQ4rhg4
Pa9J2l2vf1E
UFMV9Nm72M4
qvL0PLSR-JE
288ffR5bUC8
0hmNnpaGiBw
9kGaGu2H7R0
Tqd2BuPwTEU
Kk1T7P3axH8
MHGxszX9WVc
plLG6wG1dFM
pmuwTAG2wzM
LX_j7ZBjkKo
MJfORvPSRV0
Ensqw8E5xt8
tqGx-mCjeGg
ORdqoXSH10s
oCcOkH1-xFQ
BMdLDghUSuo
WhMQ9MUrTTQ
yNgWpAsUA8U
zLe5i1OByHs
AMLcVOn6BKU
BJN-FtrvkxA
MAdFLHBWia4
bItCztlHkpk
pHZgu1AhPGo
uKqc7QDzPuA
AV3NPeuJ4oU
p-7Lyw22z4A
EeNFN4p5CNY
17cvzjEqzso
Qx92mk7e9Bg
zeuXF2UvLKI
iNEB45GxFYo
mnkexvN8f_0
KJ4m_fpYMx0
LcWSVk2H8vo
UxeP-z7W1oQ
IN9DcF7ayhc
DucRj1wvD04
ka0lD1Wd0TA
ACj17ZVTlzY
CDbZ5jsBplg
pjI24DY1Nwc
qi-y4gy2ErA
XkCzQ8Hop2o
3Ojpj1-kytI
-e6ZxMBEkB8
hG3PHYDdIoc
dqalRNOmxS0
8dRkJArn2Ko
1GFRlcebydM
syCAleR9SSU
deKC0P3xqTE
EBE-SDyez80
m2y7_kP6pEk
gbYSn5LDYtU
pwn2XOZCmCk
VpAApnq-TKo
JHvr_ZYiI5s
fMHFbmkQ8zU
PeL_Z4ho7d8
9GuX_65roEA
YspXDn7z_6s
Ewzw62-g1qA
A8oxE3mp7MM
zpy0dMkS6mI
I1OaAS99TqE
GODjlzo0vxc
uVA4wlRfJQw
_aAfhj3nrMc
if7sRCRFsx8
qHkDS7XrvSM
0kU4AcLnBcI
lWevISU06fc
JknjwclGkMg
_-ARpPTt1rQ
XxcObUsqxTo
1YpTp8531_c
wmfB9jQY9co
tTAMxMV87yE
1yA1S6PAYzs
rzQZlFN2EVU
v-WX3t37Yvk
dqecPVwELVo
wa0oK-ox4lQ
LDH6gNSYcGA
OnIiWqu4ad8
01DMbrhndYA
UDFov6yqTKc
vkrmSexO5qo
c7RX8BRiuks
PfGc3Za0UcQ
0-sHeK2ulPM
KLsLeP7hf8g
j6XzJ_xtz1I
C9Y1-HSKCGk
D5GNTn53hWU
z2EVN-B--YI
ynDd3HAAoVU
zVzfC_uZkTw
yaiv1NCXwx8
rfognjLw1Uk
Pe03dDpDykU
j6YE02B_IiU
e4-W4p_Ppok
_I6RA28CYX0
3qHcxRsFqWA
tw-rxtwhzcY
2ui754mmRzE
f3fUTuwZj6E
xF0frMqojms
jrCqPcmk9cw
TVA8vahsMcQ
fyNMlWKQhe8
jAkeNUd9XXY
RsneqC2EBxQ
KZWvyBuvKX0
S2D0KSARstA
hkgSuuUWdPE
BPbXSxLettI
BslF1X4euso
tapgyCeJeFg
xR6cfDFTL8Q
wR5a2xSB310
oacw2wX5nac
Nex84PAjHU4
rZat0Skisew
z6XTHQ_ueVc
sJJrSSDEzC4
Fl48-mU94qI
tIFj6DUsURg
vh22HBZMHvM
XskY_h8DLrs
9ocLurkw1qc
mhuWjR_qgQM
v1h4bnau9pY
kOCWUYeWICQ
ecXJu0DSPos
tgQ_I7rIaZk
8Cyg1tvRhk4
40vw_p4uyts
Smxb_ji2piw
PT3OIAkLvDE
iSOoSoG4Fc8
lbpWsUxqReY
Q9nsh5qCCJQ
yr_P2vCRVMQ
OkmYD1iTEgY
sniKXVeJQEg
VmCdH8Vh7g0
cxxfBd8-0yk
Bf1Psus5-Rk
yWXLmblUGN8
UW7ZETl06HQ
cbNyiYJDXuY
gaaFXBi-OKA
6mDrPA4Exzk
NXmA3RXp-z4
4BUEGBabIM0
dIY2iRkJBL4
eeimVUtzsHs
X6nvoJ5jkm0
NH8zzzapz20
fq8wlbKCV8c
4xCV8K9Vsjo
EZ6XHuOnDPU
qIvvPy3MjV0
XYtMf0yJCQ0
gSNkQubN09c
t8a39kaYdT0
pQ7nlJAoxZg
DNgy6KXEoKM
dr1O3xQY8VA
bdhHrI77Ftg
VGgz-H_4MVU
W3aPzpaPWMk
SjfpeeO2_A8
2gdcM5JXk9M
Rks2ELcpW84
PqcFJdzkhKY
KcnW49luEGQ
Rcpe2vc6MiI
foQJgNBAxhU
SjE49UnJiwE
yw_0cDrKEiU
5SJRly9c_qc
jhmRFy4GXXg
HAWG4PWpqxQ
MmEYyrUHQ7E
quE372aIz3g
Lt0MEOf4wZw
9cQJhXo0nOU
H2M6tscb7bw
AIIvKAWj-qA
ujU3OYz8XuQ
cwQgMtf8_LY
YglhyeW7O94
_FLhLl_2m2E
Q_RrHyJnH9E
0hrvt1uuEyA
wgAOFOYCnTc
mMza_aZuze8
GKbRXHxhSuU
RT_737fuxOk
pCLc7r5-Hv4
DBVEXKAbSpY
McjrzC6KNSo
Gsde9K1aDE8
JqK1MhxhvsQ
28FVCTSSwuA
NCYQR7xCXkY
WTSuVLtCU0U
lR_gwzF0wqM
z9YTsf0L7HU
PQDI3WHwj1w
AWTgTlD6AXo
L7gLSkVQ8Gg
knz8z8BS_0g
qoDrHX65WBI
GEhuWC0awMQ
a6VX_A09N_w
qCmWUfiDJmg
hnjZBW5TgAw
U0nWEYdyXK0
k2ZzhFEvn5o
zDg7nEDTUDQ
2x1hIMcp0c0
bX0YBo4v8Dk
tcfGtAdqnnw
_Td3JKf_XZ0
RDp1FBQ3GaM
a4AT97NQKto
xdcazPf_YM0
ah1VYlwZa6s
m-KY9SlPMQE
vSwwVIIJawU
JiIEEkCmXAU
FngqEwiJQYw
vb0etxTQ434
_pVC7tGcNmc
VgLIEpNfW-o
eMyuNoQZS-s
MoReNulMpeo
mrUVuoRVYNw
FT1A-BEC4yc
5cOqIJGGD10
vHlzSSNb75A
7RGaWWq3RAw
8oDrnoALnck
LFXUbi2fCuo
YIEt6TrjJXw
4bz_DgA-9Y8
mWcM2nSUYLY
LsczmGq0ezw
bHX71S9lxaI
WuhIJz8Gh_o
J8a1BfKRry0
SF3hGLnYDvs
TiCR_7bNQRE
AeoyzqmyWug
EwPOVyvGvo8
FLjYpUu2BWY
zma4N9eweRQ
wN6LCODsl5M
OnYiS19iD2M
uGeomU9wIlU
TH9R0J36n7w
PV0WwYXZSTY
3BKcMQ7tVx8
dVkLLN8EeSE
1gPnjGpEc0w
XD2ukm1-IUc
IuKZjVlkXRQ
KrQpcgW1owE
_3D5upGq24U
K-zD9vuOndc
5ygpAnK02uk
47skqQNP25M
QR6SxMoUQZI
97cPgqpDo2Q
FtrHxhCIRBg
0gq_ah_5EYc
TTDDB_68kyc
HS263kcm8Jc
ByvjAy9Mj3g
pGY0HO61Vzo
l2S3CBV-PME
g2Pscvxg3RA
8dO6Wwh_tiU
KTXA7q4M8fc
wkYdBZK-MSI
FD-QL37LgY0
AOpyYuFEYSc
dfYRzmDu9XI
R4Ig_YZuFhM
wkJB-qDVDF0
iVmS4auTKEg
8ntbVGQq_cQ
-sZ1lvAuXkM
9Hi9xZ9X4JY
Ek0B8eE3gBY
57s60mlapCc
F4UdHy6hZGs
bqDkzh9Rkzo
GCUDerlTHLc
PlufgrpTomo
2NhyrTqGknA
-f0omY4IhHs
nyV2jA-lheY
nmr8FttE8J4
NzuPi468ZSQ
K1mdHs-ST3w
UzzC60AOOtQ
1x3RMMK9c-M
Ax7DraQVCQM
JPomc2loxeA
wGkARvG15PA
SL3CWbrgyTI
HQGbj5bJIJ0
F9Yz9jNMptM
OIPj41jm8Is
d29zeYCLo1s
VyAEzNDsmZY
MErNnzhHPWg
gW9l6XFDMGY
Mglm0xnNFSU
NzguFYelMGI
qs4vi7DudGc
arujT6JCpUQ
8nuTnyxxlSY
kb6EIL1UXlA
vOayOVt_EOI
edBbKbExIuo
RNbBq-mMadY
SdJvQYlHDXk
GxDJBArdKs4
q0pquc7gxZg
Y_xSCQgEPfI
ugGqh3Qh45c
NRlUwcqImg0
GXIf_N0Dv18
5ZxmMqrTHb0
L9Sm-t-uHHc
edWy0nAiuS4
QLZB6fkVecQ
0xAoBDoCS6k
P0hBrGAraGM
D19MQ4oOB7k
z195swJU0os
XzwIeak7e4w
Wunj1kaDTOc
E7QwrZwol8g
Z-xKOS3m_Qw
-8Nj2uTZc10
Z5d25_iq6tA
0M8CkuyTVY4
77iAe7fHb5M
Q8CHWFRAJME
ReArQXtRoeY
KdwRZF-tCEk
_VfNujC9TNY
KdwRZF-tCEk
Zj14GE3N67o
kgileFTcf_Q
xHSm1kAK0ew
owqZ81F9BcA
idduSzUAItI
2jTQB_DvxrI
0acHqswoiU8
aU5ZuYw6P7s
b-CAJ_6dmss
7PPU_AQaXkQ
iKtPI8IMuOM
YfdIAr6Zl5c
aFcfygkMM0I
7FR-FuhN2HM
xKxta8FLTVY
mXjBJUwO660
BvWKMd1ZwqA
uJepHrrdX6M
IIlveoVAXdM
bw1XoNDkz9M
IcIXKr3ykqM
4y8kuOF6ZZA
7WvdxgGpNVU
7aJarp7liU0
A6QmQM_1nxM
NNGHi3IuPss
Pn4rI6JqSI4
nm1UbrJO1kE
gek0mAPBgg0
GXq16wQiVfA
Re_wS6xhWnk
fKwzpi9e1Mk
jn9dYXbpt8Q
dDrLoXUzorY
XzgPYxqe4z8
p3v8eFwDWnk
9Es2AvTSldU
eCxaDwOCXD8
wsucgAFzcoA
ulFcn1E6HFI
Wn7cZClOu5I
q8CPyGIaaSQ
Z9R_1DrKdnY
VmWuYQWL3oQ
XryQ6zsEt8Q
Pl9s_25X2V0
Os1f7GdJ89A
-j5vWx4tHHs
fl4Z57eTvFo
cjyOCPfRtLc
X2Gp2j24Ndo
vM1f2cfYBYc
_y7mkgshO90
DtsU4zmsE5I
rMF6vBA3atI
tJe0peEHp0w
VofKh0EdSJg
c6c9K9vW2fU
KPoNifVosTo
sMTjO2J7GCE
mM-bebbopLU
R0dUQ9m6xjI
G2iJUwYacjc
a8Ips9jm-JQ
eeMNyqSIFiE
rzAFJ925_RU
2zjZxKkt7l4
Qnn8sbC1WHU
S9h7cfWKEaw
WjqL858wrVI
P_ZVA-AMOyk
HyPNQZnjmaI
ltr-QZtmsow
4jcjknLmJbg
9qRXDzlcvpE
Muep4PjJmNk
JBs34dhvxxY
JYwLI6AmtHM
u6GTBUt1Ceg
KNDNZzBYGGs
VcDM_OBpsTE
TdQPHChst78
FyS--vVjTeo
ScTEJbFcKVM
_0_DV3qqT4Q
sChdbsbTNxI
OHxc1mCiaN8
9cESaKSs6uw
GN1-e81bwVE
wHWXVY8QzUM
8-9I0p5wovY
iJsjeL5KQ5M
MDgV8Q-Ug6s
zcvsWribjRY
e2AdXlLm5ys
4UNGFWohH_s
PgPwdvxkfnI
5A5V43ctEg0
UqWuLQJC5dY
RXjWlBvYkjA
RbL9fgH4fEA
2Yc_106JATM
Ly6_SnyYA98
hp64EgO9DOc
EvipH-ouR_k
QMQC-HjReus
eH15G9gzn5s
MQraLbvBukQ
iZTv08YQta8
Xmvj_HOlQg8
6bpS-ZR0ZIg
6UaZbq973f4
tfRTeTCRoU0
943976wq_v4
e_u-um_kcOM
ucbHNZWUTSo
0tZON-gVB30
aWk5-L6zD4g
hdOcjKsUqOI
GULQPHs9vko
JHDhgdW7wZY
oUb1f_KbU2c
LqpfUTIyXsw
BOWUP82gPT8
qCo8BavKxco
eOcRc008EDE
KDqJkJShbY4
tOjxzSF6h8s
PIYSmvxWNe8
OUeQBMxRMnU
kQ-OmyZp-DA
ilxtJod5Jtk
aEwdNqZxv58
NHSJmVj21Zs
zpR8k2siFe0
Zic3b8w4-Kc
cWDh65ff8ss
4mDn9nTTqms
WzUz3sjRQww
2SR7F-c6GBY
wbWlOZ3KWuw
hpFCFNFPzvA
fE4kXCgcQHg
os8No9XHjh8
Sa_EQhKCa4A
wFJ3SpyWtvc
nVTMGcKUB7M
werfGky2PNc
COQGO2iptDU
uXW6Z5yykTc
Gg57NspPAlw
VO5Pxky2ToU
xd1SOFIG154
Zw5FooohE0Y
umi5hjW7iig
SAyfpYoGGjA
rjPAccBNm5o
K_4emZiLILE
VHOdA-FyTEI
1PcEEKeBtzA
hFbzI24pudI
a6Iq4_hOE2I
b2TOZ384We4
z0A5CfCze1A
Cub_E75sxxA
7QZ8BLESihM
ITHXtHINuQY
sP44OrjfGn4
srA3SozCNLI
M0xIS7Ib7K4
T8fipglrz0g
D3RsMQKGZm8
m-8PBW9ngD0
upUtXNH5Dv0
SHyuDu-q6lE
pw4Og3OR2Os
kMJCqmXqVb0
m8rX1uLAXtc
E92Ls8SxWTM
M-9PXUS4Axw
thkTl2sxgtI
xm0WfQ2NRNQ
plqCHytD8NQ
OhcOj0V7qkE
YwadaySyZfM
YqQuLvQ1NMM
kyTZOn_Ekio
AJHIO-gsUTc
zsJeZbLkT7M
RosNX2VQMSk
TgQMM7dyJ0s
diPsNwJKxng
4kXcYo6Fh1g
robJ_chKpfE
nWuQIRglo5Q
JRXcUf_pRjI
wKAv5aTOvn0
goP7xlyiJEw
fU4sbFgTicg
0mtZshXN8dY
dYDe3RASpa0
l_zY5k2sj90
PbEw_ubIlqY
jw13buzZKOQ
MB0zHcXyLX4
4XadR4bXmBI
d9av8-lhJS8
1bzzJNM_wAg
8cAwh7bBe1w
yRxtSOYd-Ns
ras3rjMK6Gw
DRjfe6gsU14
iiEWNPyQExM
GFosQtEqzSE
mVo38jrCry0
hFwUczx0doU
fgn6dmfsZ_M
U-b8JASaz_Y
YWFByWXoEJs
tIgTfG-AFaE
1lj6ywZpzTw
EAz2kR1hPzI
gvt3kM5pUZY
reME-PZpWck
_R8bI4ZzSZ8
1GAVXoRF8MI
ITuw1a-i_Qs
luWntQA8NGc
k8mhA050Hxw
sKh8crJw4Wg
FWLeB436j1o
frZFAxAKvog
3mTkkscK_Pc
hXDv56qSmIo
fXQGKG0F598
t78KelyhBhQ
YhDh0l4nNpo
0WpevffBhR0
uArYe4mN1Ko
W4lMM8cfyNY
zu3dzoe_-Gk
45guqe27E6c
XtqPUERcbq0
G5j3OZOq94E
GfmTa0wNBng
c6MdR6cqMwA
Fg64rI7pk4c
6xBGMJ30TDo
A-YOVTY4AGU
Z6kkmQOB8jM
mcvJuicIh88
EI9K2mhCq7M
79i1iu7iyAc
h6VHiva1gmk
gh0567Lh8qg
UQx96rJQnk4
t30ma2rYdTI
qaSqhIMtSVQ
MwFMs9GQMGY
Tel7_02C8YY
HFgn-OHkHbM
T5-W_YVvuyw
h4SM1Yp8yVU
sFfU-8Zv9L8
XVg_MxngLfo
5eV1pw8MQyQ
KyPhvYH73XQ
4P8mJPqqs3I
ulPewyuy2rk
RYJ5fpU7Vas
rvNllnIRsrI
r1FHZF8XFDs
hUl9XLzTmQI
cMtFkfcQqec
heNPONPG85s
2jqGsVyNnTI
lXGf1b4y2SU
0crMR0kv0Is
EzD9P-9sj4M
MuiazbyOSqQ
VcL66zx_6No
Qw4l1w0rkjs
8yT4RZy1t3s
8rv-4aUbZxQ
MGyygiXMzRk
iOotE9_OGGs
0O2Rq4HJBxw
AUhReMT5uqA
KqzW0eHzDSQ
kBdfcR-8hEY
rIcuKKiSKzo
oVucvVZdyBY
fWre20T1_V0
_vgsT-It688
_1KDiuB7_HQ
k49ieP4BEMk
ycEswC1_MbY
UdtSej78fF8
knLdKcx6VXk
wusnlieISY8
kDasFJLJBbI
MNlRCxYeXtY
VWVghcOqecU
hZLemYHOpPY
Uzm_79tx2HE
m40IKRMN73Q
qxREesDGGto
e52c7YiELuk
VDKeZ7mFcVc
l-5jSh-pCCM
BNN1i5nCSvM
rAmM55TRW2I
rz_d0qvIO0Y
xHSt42QWuGM
LJA7kFerIpQ
is6OvAaK-5Q
bxYfkEwQjho
