JNhgJL_etBU
zEjsF51jhWk
SpqyLXAqMXI
rF-5a-yn6uc
f60uSexoKCk
PEs0qil--L8
tyndlMIgbnU
VWpk4kdgQAM
uQYy3Yml5r4
RFWdV8f521E
7TLtXfZth5w
rEDPJg2ViD8
eO38qwOGjEA
uYAM7gMEd1g
cxsd86ojnDA
97Yjk1tAGo0
TCQ3e4wR5e8
Yk5Bh5tFFmg
RliBg4OFyb4
_UJrSc4PXVM
qYYf2qcSOXg
q0t1RaYTuiQ
_qUm3ploCOE
4SykPSmbEE8
dqBjCXYtgj4
BjDkXnOjnfM
ZLi08sq6qtM
jvaRp9zxGho
vT50ftE1CXc
tQjxxW8H8x8
N9X1hD1aGsQ
Kl8wNKxXVJ8
DGScSoK1nIg
V1gT2f3Fe44
eLmk9IceqJQ
EFz1Q7cG5QY
W_0MyvJz9Hk
VyhBZCfIatk
0qz4m6AVONE
RZzD0DpTL2A
1tWwU15FPBs
YBzCwzvudv0
PJzVHdSVATE
1z_A1ediUWY
DW2gVNex2hs
0baL36n2plE
6GQiSPt1voo
R2oh_U8eNJQ
WvrWAtxdNlE
SY5LVpR3Scw
AoD-cjduM40
fY-Z5b5z3H0
2dRz0i_7Bu8
cpNB5eDm4xA
cNLhbHhvdIQ
0v7t_tm_kkI
w_7nDwCfNuE
9QIAbKa4USs
yFVmMFCLH5g
TaVKZLn9A6A
gtg8_Cnj4gs
pI5KwzsDPkE
5LbpYP1x2N8
Quq-9tCQGk0
x0NMWTF0N74
HkLoHtvwLIA
eb7oLzSsogY
EqHUUBUV4lk
59dAxeqp4Z4
0ZWWIdVl89Y
TqZbJIUmSnY
