ePEeX0J-SpA
jLfZx5ZBDtU
N6XZqMQTXGA
-AU4eCjs3L0
UbYpBk5CLbE
UQyjdhz9T_M
Zu6-BUXggNo
gr3IxKubOYY
Uwhy1Hmxnzo
dZasl3C7z3E
WlqMB2q4SoY
tQE4J79m0bM
J1QShSiZJWk
FZqmUkRck-g
waTZl_IbDdo
pf-R8PMMH4I
duRDjebofNQ
N7mIQX1LkXo
8LsYnCmGamU
ZOyCPGTv-Ag
YlByYM_WmqY
t4eJyuPq1Eo
xibXvxpX8W0
anaSJZt57Pw
Fdg4sPzzXUY
x-4D1Ht2wlE
P12Rdynjbvo
ujLzwEzHlNQ
_KajBvRChWI
t-TZ0YrrIDA
RFcoZUkWw_s
vFGWJfnOkBY
gNgtRZpC3AI
dQdF8jEQy6Q
zZsoMBwaEj4
M9hTP2Wsvcg
kldcxZM8dzQ
XwKvXzyVsO0
-nr1WLvNAJk
Yde9mIsx2fY
2gL9K4Q8dAg
9bAxBUoCDJQ
6IOZWuSLwus
3bnmRnZSpEQ
cxgC3Zi3Sqw
azZBxpT69GM
UtWV0b3R7mk
dq1JN7Dcceo
GWSajBBs4hY
13Z6IMFF72Q
VR44jf32Rf0
w0BrZWbC34o
twE1IMewh1w
BOGTJgLWzMs
z1QGAaHMHTA
T0AMDZxDVkw
2TJwhjaSY0s
DnbFUSKaA-s
nnS-TdDAhdA
EhwVXQB_FKc
9UFXF5EJ4Ek
VYNjg0YstmA
QQ5E90OPEJ4
mPpHcDDlrvo
geAeCtjlEUM
V19xvvjWPmE
HXzQQaSoSjQ
fgrQmV9TYR4
SDrYSJUZhm0
m3QmU320qu8
xt6tod6WnfU
IqQ4zDbm91k
shz5N1P_Izk
ZToM4AM_dPM
WKcpQGaWkJ8
u6VjylY9qgM
2V92B9rmd3Y
IQJtpFGkOo0
ouugMWQtERQ
_bxCOrWPI4E
PjVs2J3_hvM
tNTH3pIcjso
oUWr_vdopFU
HD-cFPshbT0
g3n_Ybc5WxM
30CMP340PyM
3k36iwIOw0c
RI2VsOUsqr4
p3JXi4W0Y0w
gzqnwM-6WFY
jNJdN-A9OBs
wvrkgfCTKyU
Kljo55W_lsM
IGhsjfPelmc
A6l7QQtFmaQ
JWGJeI0aNuo
4XF-5Pvotcs
5ssN5vjAw-k
UfO_c4NDPhk
6fPAP3ARvJg
5VpzhjFd24w
ZI3r8aizB_c
3FMcJVnnRcw
MB7O6e9W6bo
Z3hblmSD8BI
H8oB-X6vsBI
8GRaTTkulvA
KUfdIxHsDe8
6oh-ZTl_OYk
Ma2-NZsTa2s
z7_nvHzIDik
2GlotNzDdO0
zWjNk2iS8ao
xjr-2Po93rk
xdBDsjX-464
svMCpEnLKrM
mABPCbFOWFc
Vi0sSUVLPb0
WkS1JtH4OOU
Q7SaLDSYQjM
KXt69ngquss
kNGTKO8kvTI
Q-wL466wvVg
4EvNjHyepRY
GROvIr2GGcc
De5SMqx4zu4
9roht8QwjOM
m83XTEB8lDQ
TEK1EH2PbcM
lxFJeoIApTo
mKLKXaWOVaQ
vAtkcuIgVek
shvVtXhZ1Dc
flY58QH9USA
apQYncwqLuo
h6E5d5-W9G8
cfBEXb8WX48
uMtB9E2AVWE
LYMTYQR4RD4
2XULB82wCbg
cFrmZ3Eb_oo
bzHZo85I6WQ
pxsFAVFdNQk
xv3_tHB-hY4
ni_WopvT8T8
b7tpZ6-XUVQ
HXuLN7EbWn8
M9KoeZmhCII
uEYTmuv3UMY
lAgdydNs_1U
hBVJ4J_CaKU
IJQWnnpQwnc
I59q2Tb9PGs
_Z-OniBilIY
s4e6xsPboDo
kiNFEGIM6iU
KpSdj1566A0
SlQl5RbWTMA
I5YPHQz2E1Q
TR7L33hG21c
TVzhT4bibaM
cUyK5z7gsxA
xyZAxFvDI0M
2s7r3zjzLsU
ywobk6d_J7E
SGZ6BttHMPw
Oq38pINmddk
YoiUlN_77LU
vXMpKYRhpmI
79sYlJ8Cvlc
t2NQ_c5BFOc
UcKPdAM8cnI
SXnG-lQ7RJo
iGmHnICXDss
PKszi8iogak
iZ3e_cifP7Y
jcrhYEYwO9k
OzZIOiMVUyM
y0SISi_T6s8
Km1Q5VcSKAg
Gk8VvSL3IMk
eU83LSM3xnk
cDdpwAIsuD8
I-JKxcpbRT4
Y7TMwqAWEdo
aAT1t9p7ShM
vLf3KVe2Z1k
rxKrCa4bg1I
35MUlYCColk
pStDscJh2Wo
vkb6AWYXZ5I
z5ZYm_wJ37c
oRxgRHJztPI
NJozqoejJnA
gPNPINa7PaM
AqEF2HIMjYA
ciNBQupWsAc
6jCDUQ-e-fY
pCLIo4Z-PsM
B95LTf2rVWM
tCHIkgWZLOQ
uXV2an9TdJY
hjkwp-eDwt8
fGdXkVv1qNQ
G4lnHc2M1CA
PGBlyKtfB74
GF3iSJkgPbA
MdomgSiL86Q
FL81zSjAEEg
eUiwhV1QcQ4
IePxTepLvQc
PzNMff7cYjM
UMdNfhgPKTc
bhqNSjJ_A20
L6qhzWWtqQs
7a0_iEruGoM
Fs-raHUnF2M
sLfogkzFNfc
Bver7Ttgb9M
JfkbyODyujw
_KoWTD8T45Q
p5tL2JqCRDo
tf9p1xQbWNM
xFhM_Kwqw48
1N837i4s1T8
PpFTODTztsU
5adNQvSlF50
cuJ4IC5_pGs
O4I7dQC4VtU
apPiZd-qnZ8
iT5P4z6Fzj8
79sYlJ8Cvlc
t2NQ_c5BFOc
5rLgoM2Pkso
xq-I0Rl8mt0
6DO_jVbDP3I
xTU79Zs4XKY
FzS3tMl4Nsc
jdlJfM707MM
iPuqoQih9xk
n26NdEtma8U
S0kFFiHzR8M
wMb7cads0go
e0Ts_7Y6hZU
p4Vh_zMw-HQ
pQJvX9U-MyE
QY9k7tJistU
aMi2xnYEwbc
1W2lkcGV2Zo
-z5lKPHcumo
Q5GTCHVsHXY
ZYUnyyVgtyA
MD8qXWucJBY
lekCh_i32iE
6dpGB60Q1Ts
ltRT1m7vaBU
MD4mY3Zj5E4
fU2W7KRoS2U
dGh1lBQsUT4
mj_e3BPWhaA
IN4UY1CBqto
0XT1PQm26T4
xTrlSYU_yEM
G3slg71mGuY
GsLz4_xXKt0
TG5JA__l5K0
r-Q0wgJzD98
9XDrr6MeQf0
wsX5IvQw1h4
lDNUB7ywaWc
QqHBFTRcLUo
9fZ0B6FTWiU
1QyGL9u5BxA
B9OjPEZ4yuA
0jh-jlWfKwo
NgwvhX0xBs0
ngTF9NxEx7c
af1j0ogiUak
diiP1ydlyss
HniO8Apx95A
tdouYphUi-w
AFVn-J9gV8E
nZjg8DjrWVo
L7WNYvbvGBc
BJvg5o7MSSI
bybQvF0VJrI
m1GRBCCJprE
QLwhFEHtHXg
EBoiC2sc5LY
9DZPeyR98jw
iiUVbKn1XZs
x10PqzjDVdM
mxHhrP4fVmM
KXrGs5T9fwU
IA_bLvZBm2g
xBkjehSDJx8
m19ya57qCbo
tfPUl2Hv1Kg
usJwQGwZflU
Xk-GQU0hQrI
EBoiC2sc5LY
Ie81iPCDHA0
hEczL504Eqg
SGmMIEMJYwg
KM1S2P6SO0s
4M0pznWvFhg
qY9_eTYPjbg
i7rQjR1sbLo
0Th7WqxGDC0
_K-IyzhHydQ
ApHFWV7iin0
v0Emj4LeQug
yhH6gT3olnM
zyGP8ix5opE
1PfuTidp-Qk
TQ5F4mf_HPU
fvMm17s00HY
vPXXMrMtmpQ
EeEs0hABG0c
TTMeGpaio_M
Ry_7z67xEpU
gYVpFLEluXg
M7dFPkdwAB8
bXyTTtEeVTs
oRS7OndJ_m0
T3EsJRtDNt0
pbRmvSG6_fU
R3c6evPDhdY
YgSw8_memRg
JUfEyiPKSa8
mUwkilyUOSk
fME09p3XMWY
Dc6TdcbWris
hpzb2UpafHs
Rfc6A5S8tx8
wIHv5ylN9ZY
mtpHNFC11oM
j4bFdwkAll0
KS2QkHe-hpE
QTw8VJzRW6g
8XL2ebvEOOg
9tCySY6TLk8
yxtbuK3dM7Y
2DnYUh8UXAY
kBzcpuCyK48
2Ej8ZufX-w8
5RcAYMzT6jY
8_dGurEKXDk
ooOrlgM0L8Q
LBEkOoICj20
BngSOcOaR1E
TUHAVbaBLlg
p4Xg4dlIpS0
kol5g04vAUo
stuU2TK3t0Q
BSvzs8aARag
