z-a2dmosOKs
wpGd5DZ_K5w
R0rInJgwup0
w49JRWJJQbc
IgIlqUiFYPI
qi0T0owgW3M
eDq-Zhv6WqM
BlVifCNDp4k
vuOJ884yyOE
ibaTlMxt5Q0
gLXpYJDdEUI
YGN15Ibx7ok
XMmYvOaehx8
ZFz2jQpkS-E
yFXemYyA4JU
FSs8L34pZ5c
TdXGLIzBV40
SoC2ioaQUQU
7QRQjrsFnR4
JojH0xVmHC8
NjX8d4WeLSk
WKoVNqjNqtY
xBPWQdMHSAA
iKv1ZUlcURY
xegAFhfIbHU
7XPbZBYWaRU
31CcclqEiZw
ay4bKauK-UU
FwbmlBzLXDk
nbblhD8K4WA
GDFGVuJGu74
4cADSlk5CHU
fBAiOMrvVwQ
y_doAHdL3v4
h6Hrxy5SOpg
IBo15qIR-Wo
tMJobh2pbpE
yPHBgj1p44c
vbFwvZxJZM8
Foi1FPvJ54g
Rvr2JbX2AdE
65N5Hm9uio8
16HOImXIQYk
NSqAHiKWYpM
aKTyWXVvp_0
o86W0DgrmRc
LddoEv8BDrc
SJToVD-ihNE
AhyD-fPS0vs
zWZH1a5tKvM
_QOyKeEEU3Q
5snsXCYTbFk
N5in18Qkdyw
1koPn8pf3oA
ioqWgtRB3Tw
dySSUiq3xd0
mi7v_GPLVdI
0W9lhDdTd4Y
W_fZlKOq5N8
F-5fJ7sVd4c
ETpaLdi1aeA
6gZ5UD1hFM4
n7sRLDAXkzo
F4IIhwEck5A
_kcPSmxaCzs
DWLRwPRq75c
r-f8-rODv50
iWxvd3tBljg
p4Ckp02LYpw
2_b97NvnXPM
lvxgy32acBM
JJ1yS9JIJKs
aWIQ5nWKyNc
Akd99ym56PQ
illbDGlXP2k
i-UdS0h4-gs
WSZ-FLhGSBg
V6D-OvgCCWg
2XxJC4B5hss
5-FYAuitEBY
_FrO-lJ0Km0
zF_balgw0PY
6Ytd4n8Mbe0
YpGU0Hmzi8o
GACzRsMcwlg
hgk44RF6jeg
Qck0d_zIPoc
MZpFPf9cPRg
Dje0Dm7LLS4
2k448JqQyj8
1K-OBNsNGN4
di5UN5BpW-o
Auuk2oXK8tE
uSDW7HP1VL8
mVFKo4KMK0c
U0qchnptckA
l6phcDK6pn8
Qslo4-DpzPs
5zzfMH2wd90
sRhtOJ3_SdI
TY74K7BfYBQ
EGxxw6sqeVg
4fjmyXwDhxQ
fR1nR3o3-t4
OmbIw-uMh90
T4NBC7vprjI
blDqClz4mXU
e-_3xh2UA5w
UZ43p7bpjNU
0DR89CEJjMA
rQHGZTFpTEw
pyT7p40Oifs
9jcecRXaEKU
98KmmDXBkiE
NP5AAshs20Q
RfOSeMa0tmU
KqiXae9eLPY
XPxkrjZhRrw
UTchioiHM0U
HptFv5PchOs
_iGewxH3dgY
UT44srmx_yk
w6Cr02Q0kv0
jlgei3gnNqs
JZRcYaAYWg4
3vt9ob9_mJI
O3U644a8Lmg
7LXPN_HUN6Y
WCW1cJE73rU
YZalFWqfdVk
cCQZnXz2Uss
Mot0LMPc4eo
zVdVcZzhDF4
XYmxcwGZklk
VPJTE640ogg
vWsqCqvTPls
lzVZ-ajrFpM
_YNlxxpBC54
EPt2Ubezhz0
u0R6pV_aeLc
Ai-Zga8rJm0
Np6EQKig9G4
fTq0mUXfLY8
jm1FrTO2aOg
GlFbuqunb1I
AF8_J-M5Ahs
zFx5kq0pB0Y
gbr9arNMPnU
n6I-V3iNeFo
gJb0LV8pZQ8
bxQ4TcTcPbI
UlbLB6IRCDU
b6aJmKQUqEI
9GubdYZPYPg
55LNwkH61AM
lxf3thHV4nc
gDpaecpO2b0
IskEx0tgoo4
DOJniGDAwhM
bOY02wzzAQM
QWQdrX1JKVc
ZNM41Scbqlw
X9sXlz-72Q0
BqO5CnnKLtA
el_Y2PfiNDY
5uM1Srw5vwM
2vsvKtHUDxM
vSaW24cjeQs
hIMVGsnwKf8
w06x8Q_hdMU
MMcSOCuszkw
mP8dllTkpEg
F1Xx3XGCZsY
uEqosTISCpY
OcCv7-VFkKY
1UesrrHVLa0
LheJNXeOVyQ
24DN9LtSccM
VcQhRgho2ys
HE4-Rc9HXfo
kRton1smoSU
I-C9PDOSp7g
sXaRzAwqUeA
nrlrw2tqgZM
uNMpeGxST_I
dXp3wQoC9M4
9g4cLtSqWIw
HTfYv3IEOqM
unHa-JucdCY
JSmmhOqWYhA
ciZEUGor-p4
GEWKbxUjxoY
73TH_MZ6c_c
9gexlpxqzCU
mY8tf-ZpU2k
d6RhD_R0jeA
n3wcjwY4mz8
o4fW8nLkHPk
wsdSE5PGUow
zyr5kk-oLFo
fcIDQ8fXyqE
0wTgzl0X33s
C9thrGPyN-k
fmyecSXOla8
etmarYifipE
CjDTtgAkCSo
EJsD-3jtXz0
eE4qCJBgfIk
8XRMmbzK7lY
ysoI-xaLTdo
zq8wGnDZ3u4
iPFtil3rcAI
v9-bom4k2i0
FWc2eFYKh4I
wmNzvSymm0I
Q0hvr8GPV_I
AASzf68w1JU
QUaVeixiVLc
kfeBReJA-0g
TyVaT9iO5ko
dRWJ4LCWq84
p4TpLbxsJtU
FMqAmdAugdY
MpJGJYXU2w4
1dAsIDJDI_c
L5hPfoEBE-k
pYI_8TnEhn8
jEJdcL8RSoY
cOWrqVIkfGU
GzwtfNLmPCM
eRnjy4MJdZs
kwP4C5hjo4Y
JJSRjq2QuH0
y0DEInqwOCY
NAAxNgSzOBc
SxfWZqfVEys
6Rk60vNUJ9Y
ZC_xIqB_Sgs
7jJgGbE9OlY
ONopjDxqZLw
gHr0M7C_o3E
f1N_Bcxmq_c
TKW4_UGVGBw
EwM9CuGcBgI
L4ZSK5xm3CY
ipxXsmlP3jU
lPQoj9t_AW8
UwkXI45GWWg
TwQx3n29QtY
yv3AtV33oS8
JzxMWgvXsMc
_jxnjkwf_4A
vUvKmXtA5bo
KQnEiGWM-Ng
2CDJ0n0Z1Kc
hhZZ2moOyPo
o5V83YsLjFM
WdxFtUCoiIY
dKFzNT335kE
mkFCPNRJdr4
zqNgVTG7obU
Vexv4E1mAno
RHjQLYzK4k8
Sa-6pR5S5YY
cxPfAKyEnlo
o1l1CMmxkUE
5GcjgYpKr-Q
TSZJ7OJohAo
wrYQeJe6Pyo
kSnSIhgY9ZE
znjPo7A65Ck
xZm1IUc17oU
vQ4szDPnyZ4
qOdMBDOj4ec
gfT7nz19GUs
KMui1QZB5yw
ys_lHb-zLFk
ncNvT5Gv730
XpRu9AmSKGg
Nzc3ZNNqRXo
fK4hNgLNrw8
e9w5TMPDPB4
XUfF2WVTJs8
7jm0iW62rlE
6Myag0x7NvM
uljkQ23URH8
fFNaWtrodXw
loDXSs60djM
3CkGqFOlv3w
wRVyhg7B_qc
SGcxlWri5Is
o1oP_XmIazA
YE7DpRjDd-U
sbxXgirbkng
5q1IK-O5Ypg
KD38Egsi9j4
oASsQm8NQxQ
8GxjDbJHiYw
kvPNS4577MA
kO9n_99Fw9A
kO9n_99Fw9A
M-8PB6ZJgOM
7KsAFALdp2w
TDjWryXdVd0
SiXhZdO7AHM
KXeJQ2YSLMo
GIWeZQpZ5QE
LEUhhrueOu8
VqaRIkBfA1o
ulnuaiZvALo
8oHxiCzxuGU
VApgy0YJLoY
ES0Z8obP4JY
kdpu5S4BbS8
kaXi6YQS_PM
X5ldApmCe-U
u-hstksuAx0
QbuuaTsSbI4
S4I4l-jAFd8
dQrVZLXoakU
c60Uhpcq12s
HsjQNtr8Zjo
dHL6ihmzzss
jCVj8lpObYQ
JLjxT2P-KbA
ymmdsBQOuC4
kEzmqj4m0to
u1ndjWar0aQ
Ep9nWwqZ_Os
Qy6LNSOu5bo
MT_BLJY6j34
P1KZckBix-A
oPQAeeg-m0U
cMvv-ZoCfgA
FglPPWCIjyE
ZcORCcWjmQY
rDgZEcXMNW8
OwihtRFQO9I
Kbh9twt_AMU
I4UsWPBdGgY
Ax12GjN3JlQ
6v4MIJUHUnI
XEKumDlWYo4
YPE5Y1Jdwfk
Xw7k1BTS474
pzFifybzGrA
7-CATfCwy-Q
pYeCNdwsGjE
3G6jU38CMp0
HMiuxRBfz1Y
Q0rVAEnySxk
1CrEzCCjZHU
smWjsz0EaNw
5YP7KP985ME
ctyMdJiTQjg
aoRVXloACqo
cLk0oDIY8lc
cSWmmhPeytc
ckajFy9PFUo
p2vlS5PMwUo
S7UaUsWsy0g
rIFfmuBNPTY
nPuyBTw6osQ
LAz9YRhPgUY
hSjJrHM3FxY
WpKmje75kZo
npYX8CJflZU
VX2yuXmBvIM
aUK0HIMW55s
LXW8lDnktuM
QxSbKkDe-Xs
9Dpp6n2QGsQ
39KJMLd6_3Q
qHEpsXmmD48
5QEVZGuh988
FXck9BS3Hfw
DuGpw0-B9-s
taOBFURZvcA
221eZ0VXNUI
ihDZFsH8sUQ
F1cCjmDuRtM
vyWtPxWhCWM
_KvR0pTZvGQ
jV5MTydkq34
jNT3sQiPEPo
7D3iHEF4PDU
ZhCmGbVDDKE
b5sPCRQX-k8
w2MTFyxss9U
IR6tRCkOkY0
oU5AWmndnHQ
a-pDZ-b1VCw
Hb-emwGnXb0
c53Udp-cDgc
0WrEB3Amh6E
iOLdmBd8OuA
T1GMvKc7rY0
IOz-v-Xzhq0
gt_gxwUoAxg
keuTnWQkTiI
Yp14HtcmG9U
t3r58RGlzCE
fRTiXzYEpq8
sBrOK7R2BxY
6uvu36I0y5A
SVOCifopDEg
22p_f3zJ_DY
1LdaMIRI2As
cmuw4XAdml8
4E8UODofZDg
GiAAGiblsdM
S_8K1NLMhmQ
xFlJ-Qgs2Ec
5ukqfqIPFhw
U-YJEDxJE8g
mL66rqZKfhk
vgJdUoD6HtM
CH0k-ZNinxQ
zuoXhXofOBU
vgWBIYUqHrU
cktBkRlAHwg
eSX8aNEr0e4
GBhJImg1G2Q
fw7xF4JeDF4
HALRhPxjQs4
B4xHJkd3V7U
KpgDOylDgac
uN3sBaBuuxg
u9OhIxTCRaE
VDgXgNDz0Bw
RXkO2v2VkuM
Mdx26U_A9Hs
O2FmSpM8oHo
z0-ksuqrhvc
HDbJnfF9KIQ
4XhzzbA3EPY
AfZrx_UIAKk
lW83MRV8QSs
nWw4Slah7AU
LnGgm8gjxFU
NnU3N77deqU
hEMHNWJYYAI
pPV7PBoVQ6w
HGG5ut45HPc
YUiN34NRYXg
3_wvatht3SU
9fN3zDtfivc
ndQf0SInB4k
_WHdAKfcNnA
cW1zUh94uMY
munfRbEZkQ0
rDbHXf9BLKg
VLbjyZQMEA0
tlrDCqosypA
oYE0vyW_2Ag
qOgJt518tDo
A0dyS1RYgiY
o2j4oCDBbts
p7WbgB49Vmk
WgPoxWb9J6Y
jVJL2gyb1XQ
x7BOETfEZbo
87ed1QhZddY
7XtCrCQYZuQ
gbtcOd2CmkY
h5nGCwbUHP4
nvg_V_Lv_oI
5BvqNmyHyio
gashXB1Z9k8
WTrwtfxzzVQ
HgOGER8DdN8
iwD_4l3dyy8
nITkGFoztJI
_X-5bmQ7RrE
YjvrNO6vSjk
ZHRu939yfLc
WrmfQJeWAAo
ruhOKKIxMTI
VP13yJu-h30
xexY4PRr0_g
Fp6DvZ7Mt_A
Xlmp-YypMJw
4FSBVrkPZog
MaHRMZtitl0
uli7-ysbJDw
nGnlxMvNQgE
Cmh_YMRtnW8
7Kl2dFGshro
fPiJS9Es9Lc
KQEHcospZlc
hEIGQffvC9E
MMFycUcei5w
_Ck2kb49DFo
UrNzo1nmtVY
W1GqwGd8uXo
hWSsd_W2TyY
VCDEEZ3DhqM
AmkmglO-qYM
YK4zqc3u4tg
BbCqRpxadyE
5p2vekFJhH4
u4hq4RTNCq0
2OjdjV1Ki6M
r3GCr9MUWhQ
nAeO5tJU7Gk
m2R_dBYTngg
Sde4QlyeyjM
lI3C0lcN6Kc
4yeKVWmjgCc
suZIBppx22o
3izOJRpmuWA
y1RfPtImuzQ
4nS5DrjZL30
4KJSW78FLcI
EmCg7_AC1EM
fAq1wwzuIX0
0zDX1MarMvE
L3KQ5G8ucKE
YMnJvDlek0I
tnx3idJ2aXo
Z1w8K5akfvY
2ZZjwxNdkJY
Z2pEI_Rna4A
n775HebQKMI
APwxQjzNGVQ
wHbJ41i0f58
nZ-eA9svmnI
ipaTE4LTRcA
crtV8h5yuZE
AERDwp4bBJM
nbTA5PivdUI
dbJz92o3ecg
jA0FUkJFNZM
uNq0xLwVVxE
V8S9UyUbwkY
LgtptzR1r7k
ia9YQu9geP0
zWZcTEL9q0o
osZkrCRLjIU
80mP1OD6_vE
NQuROnMCaWc
Th_1azZA2OY
7IgRioR3Plk
KbL4EYpYRMU
zhfRgIEyL5o
nDVa5GmchAM
fpNU2YDh544
Lm3UMj67BS8
S3tMlPETnl4
h7VKegusbIg
1FvT51uHi8I
Yw_VbL_P-gE
weH9QUd2VcQ
lP5v1Xjz1zY
_NPCVYxHMqc
LiSXRgnDhsA
aQjHxLWy9yE
L3ENWV9vzKM
2Z6fQZLcylU
_cGEbb5OUQE
ASALj3S9rxk
B4M-whjJs10
-GSMnr5jpIc
yoALh_I8V0E
QraBuDutzZU
2FVO_1zqtgI
U3rWfLEkFvg
GzkR2-ltmdQ
v7KfEqikeUQ
L7Dg-r25yeM
AA9tDJEXrdo
71v_5mRdcA0
c6ZjgCh4eXA
y8A-alPl2ts
q-x1-vrfjfI
pfO-o3z1SIY
IUmMADlZFeQ
U1ZuF3UhW04
4vPdKnKclBo
RDgvAC9CbDo
w0WXk8BF0QE
rLMs2JEYE3k
ZEfjD1Reu7E
lheDgyaItOA
kdhNScwIGqo
W_3d0q1LDa0
knlJYa_-n3A
U1prF0j0J2c
ZyrYKlOPIaw
