nbLyCKhyyZQ
hRCcQZEKVv4
2Y2dgvI8HUA
HfKINOdLEbo
jbSmCuVnsZ0
O4fKK5n51HQ
9efc8PYOhVo
T1l1IrQeN-A
fCQMZOgHv1c
f0DGN3eSAm0
rlTEYfm8auI
yFQ92U_c-BE
hoTbK8nYiuA
JJeHcuwimt8
KeRhjOIQTvY
QbuBg1KoLGc
8N_pb7jwhBU
zcmLHuiWgZ0
_RocWimgd_o
9H6wTtVWJoE
narR6QofhcI
dYrUGGQDDoY
JuRrKtQY_28
2fhSdCOKQRk
X4WDNlCDaV4
BfvaL20aAs0
rt-DpzOSAbw
o0s3HU9vMkU
23iF9z9yVFA
307-jYuhdOI
cqWgZ2LGYdM
0-17dUkWKM4
2DEZflXLwQg
FSmyqVprpxc
Z2g4hUfffrU
yClhkdjhO3I
ZsM5bHf88Cw
sWBtEZNdKiM
Pn6BigY8Ros
aXT8Ub1VK9U
EfXTqTA4qrk
WHIRlB6Axb4
s3FMA3mCBco
T1oG2kt_fmM
hm6cZ-7zEBE
h0qCyYYIQ_k
hUVNou07mDQ
PSRBMCNAt9s
2W6wJniitTU
sM_21I9gHc8
mz_0_n3h5Dc
63XyZlCnC9Q
81zTgXDnbj0
51MAsD3TLoc
FOQoyFPR__g
GvvBCoBoY_M
OGh4CEGv3cM
OCmSkPkkX3k
10FgbyvGGYY
cwKz3d3F7Cs
VCH4XxKZ8Zc
mJKxxaCmJLo
AFMKycX4Pyc
mgJNoQzpFkY
7xGCmGt-yTo
MfyV2rBF174
CdAQ64QTWLg
SLfwrMcNTys
N5dc58dvbKo
s2LnFOJe1_o
QN9UOkN-LWE
KsVzIQvZWpE
Ou_K2vZVmC0
_1WKa6UXJa0
bbT5dzhpHCY
p_WswR6Du0w
UjoVgxPvY_A
cVQFAcdAhZM
slWdnbInf3Q
Z6r80T13AIQ
1ub18kbITbA
ZglyLeNkTpA
pwPbGAFs4UI
krYMgg3LU-o
ZhbZVtxRLdg
YrBCuFQLSCU
KPQXLUpwNCA
tPr5SgbWuGI
B_Aa1h6QEis
XkUTIcbct-U
qOEP6vO8kdk
2yKZwQ_FcJw
1mn1K1A6mPI
SFqnZ-nh4XM
mz7c7mJESGE
nH9IPpDrVTs
Kg835286kvQ
mykdIUyLPD4
ktFiMjAv0ec
d2uLD7_Zsco
JlAh-jkJa0s
YdzZn_giE4w
6-75xQtXci0
aDDlAsu2j5g
1UOVuc61YPY
cF0ISsHf-T8
qX_LG0EyCMQ
HHrPpPs7_cA
6DDGPZdyqp8
yYGmB4y8f9U
-3YyaF09SMU
Ty9KCZwY4gg
7qJGDFyjeyY
p5CV4KZ5ups
2GNNp_Op7qU
UpBycmR3_lQ
UlvRn-4yXa8
svWst53R2UQ
873QIUSzNPM
NYdhk7wtz3o
z7g3IdyOjMU
HScOL_aOMrw
UeuV1ZQfj-k
V9RrWvo9ucw
cKxQMyBl22o
sRlwv1xtKLg
AEYQvKduCNY
2ctu8NYJLkk
PSZIkx2wIFA
rfE2C7isPMU
CWrHCCYgGSQ
ZhRROCQPG6M
ydXL_7Bjiqw
GswqsaJ4wlo
9spsx_QSQ9I
kM4ZHfBE-0g
1hSIq3goQJE
5SsgxjHoFTk
lrO61QoZUyQ
n9QmCafNPRA
7Ij0W5Jexdk
HqKHDz7OBjI
dAVf9P9hNMU
_cKb3F_4gv4
ioogpMQhK1o
JtUZOsghoV4
LZshegzVADM
qL4zMIzkWnI
9RTVrQARGhM
_t2xdJhlM8Y
EoWRdbETAOE
f55DSbUGhMU
YzAFCU4RCnM
uMUNe3Pnv04
FoiPApGgOjI
MbTVrki9lVM
v7cC1ak4GsE
MpLIM1UKnP8
WIR0nwhesGw
qfVe4cRtBZU
w3lLXskM1HY
7lp6Bxyp0Ek
H2bm4SFRTL8
tYbA_-mAtUY
KQIjH1xcJdM
V1l_RNJtiPc
lHB_G_zWTbc
WxmMKsdo7pE
Biv6eCt5lHg
Sb9KbVqW0zY
_rJKWh4ixA0
UHCsV0VzrqQ
tAvSlElpEDc
i5y9CU5RwZc
sQ0zS0NPBIo
zgd2qs7Iymk
rgTjKM4C9Dg
Pun6tbz8Rzw
ONjwDxdac-E
mm5xNEEWOZo
YexcmGRStfM
QGwKge-ivkU
4fB-48RCOdA
zAiivE30wF8
Ggmiljn8LH0
1GlKdGZcP1E
hWwSqSirnis
lHZ72NkBueU
8U1grDyD6_s
3V7DC5ywsU4
6_SRZiU9EuI
JGHEhybXvOs
CCsDiOy66FY
gcSfm5RL-24
KsSmFZNrpLc
8D3NCSVIWUQ
-oflLvqnKqM
BOJvlWi0_yQ
aigR2UU4R20
IgsHuaS8G84
tRFt_bO8mIs
fXB5-iwNah0
hHCo9U4jxzE
teVxpgm74Uw
bWnCzI0kA7M
wL34vK-On3o
Pl0A7Jl6_GU
h4jYxmUJJvI
YUOJFB6ZGQQ
4RWtkhfL1zg
dO4k2Rvs94I
VOVmVMJEhg8
QEUnYah1aRw
bPX11eeLvek
NzZJQrPPv0M
zxGtZXYcHx0
cQYroNcfXRQ
6iHwPfirtUg
VK-VEXPDKOA
fvi7VLbiMuk
ZJ272i1Bhqo
JW8dqT90BLs
1a-cHswkvMA
k19oI1LROAs
K_CsInWru-8
dDZSn-gVl_A
NA_tjY8osGE
XOlbMWUC-E0
ts4s9gjCT04
6ZMTdYmfBl4
Xnz_Uc5sWOI
FN57u7-x75w
po1I21YRJV0
fYwrkzNtlgI
ZMBJ87ZTuJY
sOlGw9VESiQ
fRFMl5CLx_g
SvELRHux66U
US18sczUnTk
e0AUHoX7i9A
1aHgutxxG0Y
FU4aQ51lIXA
OCSKj1LPfRc
kjflrXDDU-w
Gq3_G3_wylo
9sXomdv_5P8
YSpl3KEHVSk
kCCHn1cWhOg
hy8GzVLmV2Q
LJlfwbS0BFY
Yb-OYmHVchQ
YddWybgvszs
qfJVoM5vlHI
zLz9cxCeULM
K-g_sxCbhvs
jCMwk6Kybkw
AXwLsba2TOY
pTccWT2YOC8
JAY60dY-irY
vZeYCEBfWHM
NrYYqCfHJmA
xD7q2-F1B5c
AJBi-AHbLT8
cUzFtWNOOOU
odwW8XlTD1I
gU7jiTSkxKA
8QyVZrV3d3o
TfkRZWFHpss
cITA2ysR4z0
cF2VrefjIjk
VmJVcRoROKI
