ilY6lU5jZeY
d1AwVKENimQ
JnthsLXI5VM
qZtJsA7d6no
igkWxr9ybnE
kLXs-r6OQcI
HjonlIXSgGw
X8Xw9D8X8W0
KhDgsCIX_WQ
lYbBNuagBJM
2SCW-MRYxss
OdBC1lEVGDo
H5j0Ofob1Xs
be2-tcL4heE
86h2xAPemBI
JQzfKTvurnw
tSv1D7fDG1A
wEHc7-pdDmo
N8Q91nA9GUc
ABu1fQqa_VY
1lwpMyMps-g
xt3ObVX65dM
9Xb7N1S7Wyo
dbsGMZh3pRQ
2fUxhEqEfGI
mtZdiRKhgng
AGMVzQ_NeuM
8BQQkSmgGBo
YOj-8W3tvFE
3_ZSwppz2ak
GvEb-W0dNF4
XsunIgsApEk
Q1DFVEGnA7I
NAhMdx-g6Xo
AXrNImz_Dk8
jzYRn7T_YrY
pv3zY4i2dFE
brXgS6iQELk
dKKomnnrqfk
RxbgY75N7m4
4veE06KZ8N4
f74DMqcGTdg
mjOKKAUTlgo
xKsMIUtX6c8
PTx6d1Qt_xc
Rs6_KZb4nHY
UoVD7cqXHS0
GjgXVq0ZPfc
_ZH_9HgN1i4
rwiTXecpZIg
Tx1ucrWy_Oo
RwG5faOkhX0
rozSvPkYMbk
AeYPGMWldF8
S9YnbWh36g4
0yxMaYNvn64
uH_dDewO3ig
MVST6CZSIFg
Y_il7-CSRto
tUzvuGrTR_E
-6q3BevatzY
kx_6HTIr-UU
jP3q-BKnEyg
1M8XWR4P36M
X83qL1LJwWc
Zj0EkpVKc3k
O9W9yLKYPEE
Q4qN5P_RkpA
kjnasOtsQPc
Ydel8Ha0Pw8
Fx0WxVXOhEI
vu2-VPi2G4M
ijLt7FOqPV0
7fjlyDx9fNo
t4hbFghK6Gw
4UBbWXhJl2g
cw-YorzU8b4
9poivFFn5HU
lZ5uWtyuqv4
NmSgEnbOZBc
X8AOcOd9UZQ
aCSqzKM-5hQ
LkkxDjCjj4I
O-vNJMHrGUY
_TIuWdBA6qM
ydm2ByJDdaw
JBeUpvpu_Xw
ZJdMMjkgDXs
HBlGC10KX_k
1SQcjn6F8Ew
-b6jd-zhPdI
ja4OSzxlcmQ
yQVAc_o2-CU
RMnmddplxPo
i2tcTrU49WU
jclw43HyiNY
vyX7wzIoXPc
R3jiqrVU5GU
nk0NsR-lhPU
yUtB4Zg_ioc
b9da7l8LCko
Z0Cw2RNecH4
YmLDgQ15_m4
Rj4PiodNhR8
xJkAQVwbGso
N6kwYU_jYrE
3RvFKFPEgas
rMi-ZKSVAZs
kA48M38jMYM
SIY5zNR1zHk
pxN-txI-37Y
6aRoEDbQsTk
fENba3XhxUg
n9Opx4OoTBA
hF5E8dnFV8A
T1IANBFDd8I
fpbA0BSR5gM
omRGuV86BX0
fUQoftL5Udk
19OxgyyHQS0
uZVg9qXNCQE
0jKsqO-G_Ek
TXZWiSRrv88
h7CaBDPJtO8
jizL1g07C9w
U1ClxPdIbog
LqVdyAOBPgI
jDARZDbp0UQ
tbw3SiYSp0M
dgJcl_1y0sM
RLBu3zg-77Q
lmTzrT2Pj8M
6PRjv3bvIxA
68AJNFD7kmA
EjWUdCLfx1o
9edGPfZUapg
IkCp90QAcuY
MAeSvsRZ-YI
qUEFWgJblHE
q631Yy0zZGo
b39s49m9FnA
UU8hdAlBxSs
Dwl2HUlFGxQ
D3il2rcqIMA
RDR9vATt69w
3hhQEeGAedU
9FShJM6W9-8
O_HbftUZKWE
1bkZv6N2qBA
vLmDku_hXz4
vlAitBFaS1U
2yN64i9DDhQ
tkIXAWxiKXY
pkZS43MrHQQ
717O96Ic-IE
QDsmogMZdBk
B5DTtVVzapg
yy368Yr8MoI
BJcIbU0GqQI
Qou75s2__3c
FWANyFH3pBE
MWB83BAdPuo
4PXdOnIP4K4
35aEjj8C4Cg
jJ_qgJq5BI0
B6mGXVA5USs
M9KxyahllRg
pwj_SZHqiSc
z0Ntsk-i4ks
nZK6q6ta2xc
ruwBiFgxSFs
kFD-Trnlzm8
Cf4km_OF7bM
_RLJzmou8Mg
dHxT2hHPUsM
N5kSFvMrWmQ
C7lQ_jqSqKQ
vZvmlkxTpD0
oNrWuvTTTh8
nOyS2srbTZ0
mqD-BlcR0Hs
VKICd3q8qFA
21VD4sfxpP8
ISr_qBx6BTY
jl_GIbD2uYA
JLjMoW4c7Is
72x2xQjAdek
KtPsancFkcw
f7-d3dLAJao
FqGFO7R2dYs
zShNT-6cye4
RK5_B5msXS4
K6kE_dLw0C8
fKzyrgN-4Tg
jQVnmdgdUFI
Pa804Pp3mNU
GvhoKLkMJKI
FEWLteTaE1c
fdyJMLfqfpo
6UUw6kkPG64
01alV9ZDf7M
A_yiL6YB7LE
fUwhckyd5eI
714KoM99Utc
Kv_hFZsJbF4
SupisgoHcq4
9s6ljIjmKZM
ZsPVhLkIEz4
8ylc4yZ-J1M
Nb5mZXQDxUo
k8IJbsTWAfk
TLd-t-zpHxU
vqEZXS4CMmg
q8Nb5Sf3AyY
0c3U4UUEmOY
kMy_xCzGXvk
FTHr5PI5OZ0
VfequS5Xeek
ANDqRchWuMc
ajf2MPZNpVI
CSBN-xrrJLU
TfUvhNuYJRs
MeJf-MCXF-0
SuFMMvrf4ao
XvondF0gfro
oCUbzg9blwI
oH68gp0TmEU
2uNFOL4xmNQ
g1YjoZMld8o
Bx92csu2-d8
eIgMCbAlrO8
-A9rYcBmBFo
B4WBB8gAwTE
7Fwi-0DHYck
JXikO1ZZAKI
VrD03_VK3QE
rdJdJpwmcKU
KA6CXs1QVIw
t3C2Z8rz-PQ
_F_8HtIj-To
9CvMFEGAhek
j8glcc7I8ug
pgjRX9oGF7g
9xSx-5tmq44
ZeFEVCgMkak
q40PbJG0WDU
tIRL6xk2hNk
sg-NJgvRNt8
8UFFev0F5BE
FS8qegHWnzY
J93rW9t0f4c
7fEdZMLlfy4
igL2pdxWdI0
tzw4-r9RKQ0
lXuH1Yk1R7Y
B5771uJJ16A
UtFdfDm8gJI
yG-yfbDscbo
rVucD47KpSk
4kX7iBnoivA
J1mHuy73eeY
b9b_h5AGTKQ
6J3xFz0Iaa4
yHxvwbY-SXA
ZjhATAlaxCY
_MEFyG-IE_I
S_U0RR7rIpA
NdpBU1eovSE
a41k9oJN0FI
Djo_JIW3-8U
jehAZhrI7oA
WHxkEOtXe_s
mbAhGxxKfDw
6gRa1kaM41U
M4xJL_o-BOg
ejNus3MpMR8
D72XhSB-Xsc
rqGkZt3Bkmk
IHMBe4--s_s
dgoB4z4Y44c
w39JKH2kR6A
JjJXVHKokI0
VzOnzS4OqEk
GAJmZV5s58c
OmHlKYTw6gQ
Hl4fKvgsLrA
AR4kVO0INug
dGz8WrQPcfo
Y0zNRjFBn78
S8S5Yo1xRug
XazLq1u5kZw
IrOGJqOd46I
OGNmrijafLo
LkyY2OXVfOw
AZF0ZcNTxDg
OS0K_dwdZU0
dOXY2Vid3U8
bagtb9cwMEo
P-b1DSNQZx8
q4BUnjU9XnM
oCIfW8rybaI
_4OeyqXBkPQ
HyPAi2Y9-_w
rbJQ5uLqxqA
nXNGmJoLuZ8
lAnIIhMyibY
BGbJ1hMlBuo
5dt00cpvjpI
MOaOt5ydvDA
JxEZit8J_6c
T-RLcuVdsUs
rV0ruC2NL5w
d-Xi1ZByQC8
BFCcoHLAFE4
_K-Q6CwU5pY
YZtfIRsNsWw
bp-rYXAjRpY
sN09OyUhUxg
sj6omGMMw_M
0iXBz32cDo8
KFu4_9gGuRI
FyQG6FT1JbY
7FjSfqsevIA
SOz51CYJnNc
F6yGor5MCfU
mNNWCgwWlgQ
GaK7cAZ4trs
F99qapf4qtY
Sk77F9ra_Bg
PYK51KmM6SY
lwwYAZyURsk
2e55tY8Rouw
efsUhuKcrdk
DcmzLBnsYLk
s5PysNRxL0s
l68J-_NCL84
fCQgqXgNIpQ
HPiA4iJWInA
_CnXwqetqxw
6oAHcJvQFso
Y9vbJE8jv00
Z_R6eKDyAsk
_oW3aqIULHw
darleJCNLjE
NtB8ae5Wuv8
ldWe6J0r9ic
sbdYSrrn9po
Op2jb17HdEQ
8kQ_jxoXrNs
ms1eQxKh4FY
q-0ony3CrXg
EnaXh8D8mx8
ykYC9uKfAcg
10vWM4OAqqs
qVSKRTZUfNc
FLH_ewzcc6o
FH4zwrMQ0c8
I1B2g9-MJak
WhVqeYCaaSY
UU6ZgiX-KUM
vfPodTNKy1I
6mGsqfYBOn4
4iTpREMj8ZU
HuV_ohve4Qc
_TNCBsVTbZk
DIjbdsRItaE
Nz7Sq-fbpe0
lfZWpXklRpU
Ad7oKpTSTPU
KSxuV20AvaE
4p030yhgtwM
x0N2TNg1VNo
NMguCK83Occ
o_wLJIKeiBE
Rs0ayFngFx4
KXBCzgYXpVU
Us25y8vHIYc
YD6YfevtgyI
2zjzFhyaqrE
oD9_aYmUatY
soO9DNkIcFE
BuDDJhkDeXg
ubf_sukX0nY
oop0LThRfYM
ZCPYcdG3L2I
qqT2eeiA5n0
reuoNPBeAqo
0S4E74O2ut8
eZBx3UwqM1I
vDsO3pHH1Hw
zy0lAmpesag
6J7yfV0khzY
K9-qTXy0mNI
JaHuZR6KyBA
pmDfpGGZIdU
ja9Yffx0EEI
y2AEXOlfYnM
y5ywWhGfoD0
D-LhM6fLoEg
3v-W8kzExbo
fkyWxHbFOiM
RkzADaL48zI
7uZMDTRcUXs
wZXWqzoMViQ
PPQ_S67zLiw
Jebv776mq58
aBZHGmlSSA0
qvoX2FUD8QY
YYrxXw9dT0w
o-o9QtRm7NI
F1NB4n87Fz8
OaxzIjVbEbg
oiKxJbqKg7o
DTt7CDJqAa0
ti_HTSljWhQ
k5IbVUmbTIg
FcSI613_XqE
uYdURM5fqpI
RPYO10d6ueA
Wa-JC9uCxMY
CuvghYozgbk
Aow3B9vKwDM
TfFSSG4l2do
h42ulhC-ikQ
B-mjSOSzn8E
zw6HGZU4y2g
n0Mdc8gllR8
aLLJArg1V68
fcRlP8yKu08
PG4dCMasZJA
m_KSs8tw2KY
EiGtB3WQiFE
FKaLy54AbWs
WDrOTzLZwU8
LkmA-zGDq4E
yieQ91PdZ48
IPq-rrphPgw
UkYaes4L_Ow
fh6gZDySfAg
7XxmoptT5Yc
BLimpSVElCE
cJhC-4UeBUw
yjR4thtFQX0
ltINJNuRlTA
oPY8HulF7KI
EJAInVeHxvQ
y5lWX0m2j6Y
0Dbae8Z6aEU
m_E_xWUIthc
CE75gb_Ggbk
7ICVAXNru68
T1kFRVMp65k
PT2MVHEJwVY
C5xoKtRLIrI
wKLzOVjFZYo
SJxhtzkPOyc
otdWLnTCsag
71LOpylfe3o
8OiQwtpqZJc
5_BCOvIWwtc
bnjFNQmAwsg
MWe6DUwr6Xk
EKc8jHnp75g
PlZtFAFvzt8
aAmNbNlSNtw
PKlfu02SRLA
T3BmMdMnXXU
HespjkWMP3o
aHl97kkUnS4
gKUHHUyoWAM
Lwm9e8eAQK4
z6KrpwxLCB0
yVm8Kg6iwJo
YNKSXs97vG4
aL-J9wpbUls
ov649qGC4wg
J2UhKDmVz2Q
aNBCOZVrjVs
kN6KajUwRzI
yeM6N7wTP20
S5yEyAhg628
IjjGDXCWyuI
c3dkkPWR-dc
pS8h5CYVdRA
F1OzV0zCHvc
fPcWhb-tXG0
RxSSvTZjL40
oy_j-q8NfEU
uizaH-ApoiY
Ge1wwUTnSwE
aC4rt7K8fPY
J33Poy5NJww
8WTO6d4BaQ8
D_fwfDBvkNk
VPodIzIWkCI
rnlUUnebZsU
P04F-NqAdHg
fboWb0f6Eoc
zLvCjesLM0A
WOQSvlzUfts
Fllxu-sCjUE
8XvYvxaQuf4
zIL8be7pmX4
47LdIox8C2k
wBF5-4WsG-I
XfqU_Q-kAj0
sJEsIqjv-9Q
9GkRKx805Mg
mME_ZRvTmwA
1O4azYPYATA
kphfqMBByKo
lv2EKzl9ouo
PxbymUOPwIo
1zeRHCFcxU0
j1_wX_ansgU
Xt28LF4YsZw
-Gjv7oa4xN8
tuWUOCKwxUo
ulzQhdZtNIs
K_S8N_-xNbk
DlABarclIl0
mQTYaNbm8uc
iULTYvTlw0g
ZdIjoG5hIak
3QbHy_LCALQ
xtauAkLMZRc
ZRqq3VUpFRk
vk7izY8gmmg
a78eDs61XJg
mAPDJj61_cY
MR4zjsemRCI
RMZ1cThfB_k
kYxzI3IXmP8
WWbbzZa0vJ4
UNfqzpCgu9k
Mx7ho0okTks
OPAm850A-WU
oY3kcjkh6k8
ZTRbkIBn2j0
1wrYUHYrm70
NyQgi2m5_u8
VakHBeTEIGI
KcuNOjiCrTE
Aza5ZpPLZo8
C1AAmEAK-TM
GLG8GNX7x_c
fboyPgVxid0
Lzr3zFTMEz4
73Yh3q0dGrE
OT7eHT9yuGE
pxyl-h5uOcQ
vuNI7o6df_o
Xb0YqAhuCRc
lNK59c4b2TY
pt8MkVAoqaY
CkpHlOupKt0
QjgIa5sHf48
kpDNVEqgCDg
Dk357Um4Wpg
AUeGLNEWf_Q
7oSM4C02eIY
fu8ZkQJaPtE
WvnekEPijVw
Sbg0zRA5RtI
jXcEcPWIXlk
pR_qzNwX-p8
MtTNjbyTdxw
35wyIKt_6gc
i0qYwuD2BcM
75YiJ3n-tJA
qHQNcg6fvZo
npqN59tlPDg
qOlcAK0esiM
bQsqsJDjoE4
jvINBV_Ql1o
aJMGK2RLHLY
5V3ZSskYXa8
47o4EcA4ENE
omkAf1cogp8
iVhmSnU4dKw
sQiie2MRTzY
basW2lqNwyQ
yvZmCxLFvok
qCdrwQBNN2c
-P--zpH5Psk
XsAHgLS3i2g
z9kgDBDuUEY
XebD_HBtI_Q
kJ9s82eowAY
KRhCnagNrL8
XQZlA11B9aQ
VVtIY1vFAP8
1Z1o_UmkfeA
tnY40hcPPr8
NyYpDSl72m8
I5276XJIFQY
cZWZQnboS7I
BJei7-9yFDs
SRGJsJcbeJU
73k7pcOB_p8
mI-pA_bclas
uq8Z0ztatzg
A3zvZ9pViTc
FQ7nLfTNyzY
4VTkLCxf3Jk
1JuAeW7FCFo
IsMtN_xvSuU
WuRyddBoeZU
l_TU4fZyXjQ
f3d94AVloPo
7sqk_EnI01w
B2PnUrtesxo
obpxFVkpnL0
_mRWedgSZs0
WyEUNYZx-kU
8paUJtSrea4
Okqgclkb3NA
d-BS7NHfzF8
7QCkQMzSXS8
TLOsg9BqV-s
3fs3tPSWrKU
gBQwxbOfuMw
grLNK2xnq5E
ygakoNsbi2w
DrChpXyXtcE
bjaZ_Zd4pdk
pm5PEyvPfXc
h777HEv-ysQ
MkrP4WtvhgU
-Dp1yQQaua8
GIuk5zERC78
Rw_gC7tO28M
Ftw2L2CiRqI
6kR1Kav3qnA
1Qa-8tCEV0Y
puzTbEXkkJ0
yhuMieISO14
yQ3dRBAe06M
mpSJwBkrmn4
R_HhjYwSotE
GYm9TprRBUk
QUVaZEBbZIA
vE1KWLhEYtw
3KyzzlqW1PM
OSdkCj-SEuo
dGRF3eUJw80
HURcD8IF-g0
-8ejr4bboR4
hkwbJvgPdSY
UrJwQ6EAqp0
u6odJlZD4fA
YNgd3Fp6BOk
jl_oQicsCEU
plXAxkr_-DY
amDgQyqBVVM
TsTdiOrtcJg
9Ij8c1QQ4sY
10Borr-Ivuc
rKGIrqQ0z30
8pJ3ucsAFmI
PURUtNdoJyA
dVEOk9Nw9rg
C0qFPQppdU0
W-6EfMXCGYE
4khlDcpnk7U
qf84f8huBko
SQu2YtLqXWU
T36-nrgJakw
sE56K3qhKFo
kZXkoqfFhQw
BVZvgNWUm-A
SOQLtywFNqg
0DArVmWMokE
3l4935G29jI
3dd9DuvBnBc
aHM9u-x948s
x1_bLPx1yzg
-3jWCt_ETXA
BBtf0qumBbc
KxPNDTb7J9s
_18KQZq8woo
jom3D_SJIDU
jVvqVTWcWgc
TpuolJv1U7E
Rv1Jg68dM5Q
98wpd37rioY
36NnTrFNZ8A
7s_4-_pzOLs
7yhyoRu_uDQ
GuyUJ57TUxI
BUNRZN7gbCU
YIsF1Bm_4to
X32O3pb5ozM
tRuDkkftuyQ
iqK3if1XY6Y
KjflxsQvojM
Dk6kJGU_Qng
ZEVOy9sMK7s
DQzmc_QNMGM
7V8hEIAg23E
fhMB9jADnZk
8EYWIlmo2Kc
sKSg44-UQXY
bw5G-uYuVxE
nBeb5OAEwos
_zBXK1Zugj0
8T_WqjgJyrg
kMLL_YqAYm4
Dg-zLiSNPqQ
nJPBrgRfMCY
4V9_jF65ua8
psIr3aBU5ws
7K3Fc8tey64
xLbVnR-0Brg
tSGJ_UWPcJY
lZrGrzlxKx8
Ll5HKxKcSXY
rTWNndQOyx8
zBFfITLayeU
YsUK06AQQeo
ggvXzdq3arE
u7jZ8IW1xjM
Ckb2HBXQB8U
2I7bXPLKr3A
D9fFFJkqIsQ
TTKcbYCsLXE
4s_wJTlpE0o
OKweB24kARo
0PPXz99puJA
7Ne-zVtjjaE
DbCq8cOaXiM
NtSTf0NOVqA
cmCOR2g68dA
jtyZthXZhUg
9UDTXGNQiGM
6UdFKc8N8vw
hd01eeLNSpA
o0CsUUq36Rs
jrwwu9kFcYo
2hGFIU41d_o
J_XXoh26ezA
7wESAPVUdSI
34UtSAmy2rs
midLTl7dRaE
1DyqVikacV4
n8FWMfjKqw8
bGh93H-hvl0
gFnAA-P2Gok
ztlYZ5V_kGk
VseOltG30-0
vH31-sKWSB8
eVIfVnrgbyo
r5NzGNVxO8Q
yxJr--hPvj0
Kx6Visjg2Es
o6tL-vL7--U
WQx2e3iT3uc
bcIqdmQLnhw
A7CcNY5w4MU
y_BOc7DoaFA
GWeOvYJRgKI
qpxaspQJTYk
xG4fupAgBKA
SOsx-uN1Ppg
5vDJClTJy3o
tBpQ6zJ5rB0
YuQGzYVl_4s
doPSkJ3Jc5o
LxQ7G3fKK-A
2cmqbeP8KFo
8MnV5w-Wmq4
je55uSlPWcI
pUcZYeR8Qec
__H0EHGVSWA
RFZ3f6YDLaI
daXDh0naxNE
89wHtRLtL0M
se-5ali709I
wBPy0ylH6bk
gM914lpb6Rk
iBPlh-42bVU
9ysR1_Vp11k
nhIIxL36b_8
Z11BsNpng1k
YDuq2-fL1G8
xs6kQ0ydBUU
UMoQwk1kTa8
r_z-p2y51VA
YEi48WD-ccA
oFptzKnkPWw
BcX-tbTcp0M
QcY6f1VvC9E
VkOOcCu7lvQ
asF3ExDYEZs
G0KgNlJLq1U
iJNoOVk5RZg
Hlml3dPojas
p7tFe4FdlgA
2-SypTndG-s
BlyHQwGdcRQ
3MawHE_9Loc
WMCoItQbzWs
MjebwUpGT2k
DwIvKNLAhwU
HyRtJrYv1qo
eCFxIab68QM
0-55Q6OH3_M
lYzXLi63OjY
mJpOU5v7BHU
BTqD1spFx68
40Trld8Biuk
B-Cb_0xA1ys
Bm5FrRHVejo
MDWpSSgMgqc
LN_gMt-NNAk
ZznHY5LRGcU
7M-EauNmjXo
s8Zvgay-8mU
V3XYrFtu10A
5gm8BhOHqDA
jtTegrKO2M8
CNyIVFRubQ4
kQgwUpNs1JI
WUmmgAQBQzI
bMpwkFxml-U
NM6kyOGFTcg
9Y__6RQFk9M
RCZ73NQMnSI
a3MS9U2ti90
Ofj8NQ2Kp34
2jw4HLCn14s
afS6a7BaNs8
ef18ZgW_HiA
0hqxUG3jsqs
Dli-nk1PNBM
oQvmBoI25Tg
OSY2QUASLNU
wwkcC451lH0
A5X6DwQWl7E
ON6RVJIQWGY
SClwvwMKBLQ
bpyRwN4qOpQ
kPxaTIbP-c0
2QCSNybVuOI
TvZc82XDEZk
ZYxTQMeMnsw
e_GDSBrPALI
DUE5WCkgnFI
sC_tPzlAy5g
9PINLdVUJOM
jhlEoVkrKVQ
hJKc2kJ-650
zkj0dl2a7hk
vhGc0A2F9ck
kqEtnMeIFi8
pgsZ54j_yEo
cG1tsqWto-o
fpuk-OBaD2o
S6qeovHNUxs
8nVaoNq0RRk
kEJZPA_7vVg
3aJ3D5OaUTc
_ucbANZf_NI
08_zshgAb9w
Q0SdZZ-Cuqk
pha0Gvk-R7Y
u-x4bXZ1kVg
4Tu3iUx1NZ4
5-odosWvjs8
G0sngArXaYo
FXrISe1J9BE
WTKjoAiMMGA
Mnyjs_2pOw8
eMfkaNPUQk0
_0Kz8sbqdmM
WRncepZlqfE
rE6zLyLiZZg
cD_LRKacbDg
IgfIwD2LB0E
MJs9W47qjvo
lU6ApzdSnng
86WFKJ_OAiM
VBIk3bedMwI
wR3F_dNo2Kg
57qDCsriW6Y
4_3thwGi7Ks
0Hh3mK-FE70
KO_hjooj1e0
hYdHwwvPimU
aGmFjKxXxl4
uhqIl05RZIE
uLKJQYOQkoY
pMXc1nDSk9Y
zflFdeNfZSY
WXHsT-3dnKc
7QypzAgLb8A
Bq66QhWYdAY
bQ7F7236OYE
vM54E7oX4n8
AMIxaqsq5NQ
jv1RTULln4I
zrg5w6f-JEg
aD-3j_BnZAE
kwlJMHTAG6Q
rpa3TpjRFXQ
2OUpkNjwRGg
LOBgaA3OD9Y
na9QtXS6KDY
_H3iv8T9SfU
NCTnaMjVLUY
J01t-BUpiHU
bdMBfiNf2i4
hFqsEK3ydnY
61Rant7_oPI
SbqGVtk2xMI
lZquSnOBiFk
-UBEdaLp5Cs
uVR1ozVnUSM
6THJ91mp4JQ
702WAAiKSuc
MG4YE0w3UMs
dN3576jE0oU
nE0vyLM7rlM
Ys_wRXmdBng
Q55faoGsy6I
iSk-fwe2Shg
4r38f5fkbPk
UMIrjBWeus0
CpsEU_WYcNU
H-DguCjiS9U
Zz7Io-wYHeA
TMd1RBYTFLc
sNFDh83RwTk
S2JnNSa8kII
46Z4V1dNyVM
MP0hnnCNbkI
p3KeDPR5VKs
2GPFd_SLpnc
mY03ICOZN3g
BrxTReaduqY
fzGW96eDvTs
0lmULaauogw
S5cRb7S00jI
IvHJejBgdT8
Lb2kua1a9u8
zjZmVC6KXNY
S336R_oYvz4
Xp_KHhCIsA0
sSdzPSAobdI
zrc5mzSj0AY
suYzpZVSwwU
06TjD7qzJBg
dRtGXSUa_Q4
UJ3iZ2zqLPw
1IwPAaJBD08
T_-g_eoXnRg
Ow7G9wWX9cg
ZwCwtuvriEc
ErkQK6eEGfk
MPxMkUSAs44
X8nsjNUcigU
MOyeKHM5T90
SDslK-Sc6XE
a0SanoemqvE
KtXIQu5G2Xg
CbnZANXrCAk
18JPfbsarFU
XVeqtguRlxQ
gLoOQvdk-t4
PZYsQ8rzZkA
KXzVkgLHU6A
2VOZXfDtUBI
ned0_kEwfh4
y1ANnfQgrEQ
qBZSgIX7huw
LFF5K6XOou0
UjERbzdtypM
9wOagTIvfW8
YCLWw4BEyJw
DwAZa-EZsMQ
ZQwFjevU9Rs
iJRRnySCO20
UHNuwlW85kY
vwxUSj7SKhk
PbTg9ziq9Ig
9AOpjlJ8aAk
mFSvxq-m4R4
9RyJClZkizY
oO_Po2ALczk
6w_Ae8w9-cM
OlJGljMhENU
i7ij689i78U
WhkqB2GpRbo
tAgr4WfAUgk
96exYB6hSjw
MAQz0RuoTZE
ivXOsy6XyZQ
siEYqym5PWg
WFCDOkFTWiY
kr568uGHOTc
6VsZ2djiHAo
_5lXcd87zYk
xJdwDpBbEcM
CsM-H_rMRxg
CI5bilU9JuI
W0eSZ_J2ZkQ
buHHPIljFbg
YJb0cjEAS90
hDzwDr_SdSg
iOP3MCYydZI
QSf5KrwTRvU
oJGUk2tRKZY
EtfgNE1gCrk
1YXNuBDRG5o
4ID40467dRo
-s45VBfAjqY
g-E1nojqj2A
N0nwdMVHEv4
lvXi_ga_2kY
YI01KKIfn68
BVNmm1j2M5E
tf8ssLrUMXY
w62gBjihDMA
w3i-QmgqGq0
Gqmg9tXGfzk
u5Hvoxw2n88
50A-nM8EjD0
PT4CLe0IGRM
emUymKv34oM
s-t6syc3oio
NUmRovnuFng
bTPHXxUyflk
wIYZn-0p0qI
xrxxp0fuTbo
J2QZcsuLe6M
zUvHYYPc9dQ
sLPVVOrWlI4
oZ4lPDQ5FDQ
r6A2eYAV4tQ
IOHSBewBqn8
XIykE9x9Vl4
VIF631UhOfE
uc_uOv8cJMo
VFsUxqQmwzw
HT0HoyEoFS0
QNXyZ9M_9Nk
qHI-1JFJtuI
20fyGBtr-XE
IqqTsW7DCt0
XmjuNE7hAjY
F2BEXtlvZa4
ncZ_jgSI2-8
FY3ZxXjuVlQ
u9dQTw9PIVo
INz_yF2sS-E
3pMkcu7F--U
YUMNRFHshXs
jxmtpCsa-5c
-SCb6jWXW-E
UoFOVkneNTE
ZYP-H3o4DfQ
zflj1oUu3Mw
xUSQs3UTe-o
-yafEuoGmu4
zhBlrgRS7X4
_kGgp5utrLE
GyRpY9wwusA
cjB5mANtObY
ERJwpBPxLsI
3nKwLSl83xY
rJY03CtiPF8
XmnyMPxsAUc
xV5Q8jIDDto
v4K8b9TRNp4
0LOwS0wx3XY
m9lXkOHheGo
ISR-9uBQ7QA
Zw4bQtCoIaU
M75W2Jx4cco
nPwFmUZ_kI8
b8aO46fHWOQ
ek9fUnnzAhk
hUdLpv4nG9c
ULj7nG2zphs
77cuS2BGL9A
5M1FODj4uNo
5VILtXIkqHM
mGis-bNjLH8
YYtGOeekpyk
e8Me7VTz3wE
JBqjNWWXjrQ
IqiHF9u45TM
QC8Wv6esVvE
c3v_vCBesp0
QV4vdSu--uo
I7d5FGYc0C8
IzWoeQ-GWAU
DSnX7kKjpbc
uwHwkENMllY
4OdEDTf8sTA
nvqnm2sPowM
avvIuqhob6I
_Z0wtZc76vA
G8wYBClAtek
CgU5yTiyuq0
0VEuJVv8eJU
ly-LxbiTi24
TS1QQb99Ju4
7enxDM-rzMA
Uz2CDwq4uwo
I8f-NTUBwUk
cWRMhFwqDNQ
GsgOPXQ-_Xk
5O7vgG6lSjE
5akt19_M3l4
icWislEw64c
xvF-HbCXJEI
ANsCKVIMmbQ
36CftNuJQgQ
XWkmIDHlwIA
CfCnc_uqjBM
qGKq2MK-PKs
bBF986ibn7k
zeBkTBLZiqw
r-B3wEh6c8w
OSpDh4mzfg4
iIAjayLq30Q
DtFMLR71lyI
iyBj-0-jFek
2EdY3fSfE44
HzkTNsb3tj8
r0bcM7qWCQY
iwa-B77xZAc
04y3bcd4ZAg
oUAeaBROaU4
uLMqpndTRlY
X0k7BvLfeZc
Gm4LnKL1RHc
DPK6crP7qTk
UJ9tPlwkSO4
xIjkaBrjRsM
NEX2qNNfnHY
0Spdi1bLBp8
6L3hKmlMAEU
mIkRVNcvQI0
4H_A7SeawU4
Af3v4cfDeJ0
BLhRyIfkc80
4i1JjGXI05E
YwHBLV3EsIg
rBKNKPFHsk4
e2_YRKgtJNY
HLZhHx41-yY
H_kUzi_WHTE
VTXU_rdQbz8
qT6iGkTAMCs
I50_hRjhY60
nzHkVQ3Lhcc
QeeOZdxJVp4
dDdJrlMp2HE
p7OOhyJpv9w
PyisFK6dHnk
f4owSd-bQOM
0zvks5KOR4M
NFE_2XXW2js
_n3pttpfFM8
WU6LjeL13gQ
12qsDlhGiGA
1pQYpZihX1M
legLkpUUaog
N-eR_lGw_l4
pB4zgzBygCQ
9BaUoFbf7F0
6pYxn3kTDNs
xKVyfCV6vw8
pZZvHJ8AHOk
HnnKKeWLeI4
rlT-6_KpV3A
to65KF9X_Hg
afQxGGJ6gF4
si9YuQOKf_k
P3J8ydIANAU
XIBY09b4XB0
LtAza4XHIow
6aXy1utR3cY
SLU13fBQdsM
V_JxYwnoTRE
Sj4KojNC5sQ
IquP9SBjuk0
7Ir7vX5ykIk
0bAPOUNmREQ
5Ke47AxhjEs
bi0tKaCniV4
UH8Sd7AJzos
kl5Z1wxPVrQ
1QdIrV-jyJg
E36OsgUsjfY
iU9ugqZsA7k
ftjAxSgoqyo
IgNgsa8RB00
6tzcc_MMJcU
u2qco6ccsRc
ITYW0R4OFcI
TZ1LvBHY_F4
XO7tsJ5bg-0
EtrWkSJx82Q
-a5HN7jR9AA
t74BzyM7iis
j6hX4MHXk5s
dzn3THEY97s
2zp1iBoRjkw
Shmi9ZL6c0Y
PvLnRrroKoo
N4RlNEGJLKo
rFko3JTY5N0
MHPnKHFbRbE
uEFWaXrcvv0
gf5dlddQ9yY
KR5tn6exKLM
SonZH5R3v5E
jthETiAVENc
V4x2wlsLark
BaIkcNmgj2w
LQLdApGwguc
wJECpuA6tzc
O6aTBwciF8I
i8VqUSmmfMw
f5hPYE3Vn3Q
bKaWdnA7Zp0
fl2Lh_E--do
58CxloTaCPA
iR-r_cV-0mg
9w5OS6MTm4Q
J9KzrJp1Opw
cK5aFXeXA_Y
h0wW2gKbPis
_LVCY0Pwn-c
mR1l97FK6fw
Bi4Ll-q3N_Q
WRfQVh5L7lc
0guq30tIfaI
qWWGgurnCT0
GHKj0dEXHn8
xztrD8Fhl44
JvCljul25wI
6dSU7X59zbQ
JkX5mNvGNgo
kF6lHEJJ2YU
OUsMn_ng3uk
t7HZYOTJQ64
BqU-DLU-xNE
hY8fGh4UnhE
PhcbW-onwx4
Eobwaw-npXo
wvLZrdBF2F4
WtvXS5I8rBE
Ta3A9HDGMfM
zZ08Olce8Ug
FDtcsjOtXb4
z83JrxAm46M
A0rV2gEe-F4
Y7TOlOuw5hw
AGaSQUs-qYQ
SCDHC8MHWoY
7ZM3UqKuLV0
4DjRcID2N6I
1CgyHTiLr0U
Aq4Te9PVGYI
Rh9hSO89HlM
IOHijwd-keI
qP84QipBYO4
gx9lB_uQlpg
VAgRlMQiCSo
WKFx0ye25UA
t8yBquTdoOc
nAG4QN6B5gQ
4u2N_YKdZ5c
Rn1-4DEhXWo
L0_r7NxaBjI
nyVBF02EusU
Af3R8QZfTfw
_LlEeDINVNE
tvLYIxTLml8
fS9qbVGt--I
HhPOgBP2XyM
IPMqBp5X2d4
OvxTyDYR3VQ
dWsr0XlzJVM
VMzD3zCIjxY
JDWF9cg3Vu0
PMH4vN-tQx0
2plVN5timxM
OZ9nIW2OlVU
g7_8NBy6yuk
oY63jtANsLI
NT9GVxJ3SoQ
gR6LRQHr1hY
An-W2dhz9N4
OxdwD_4TwuE
ROaxnzdwpsA
P0RF9RZ3wBI
0v4mcKZ5Nys
EdHptYqBbtk
b5Z4aX2ltX4
k1ndjtePlCQ
n2OQ1ayXYCo
77jQHWYsJuY
qfbIIF3-s54
G7L2TGfAy2Q
YdPzXkWxtAc
qcceIWQD8LU
-tzczqfNVWs
vW6U97QUjmw
Y8aqmRvlqno
yldMbbE5IRw
b6iQ-TwIJq0
XOJm-I16mpw
ckVRLuYjDcU
cfcIbw6PKJM
IS5NU5xCecA
KKBBJPXOlO0
E0fJfcK5_TQ
7IUrNEC0sOA
pJc0FxVHbt0
w7iVyfkzE-g
qyXnQAKhl4E
b5lWI5XYrnc
CGm5KjSy4Kg
jsVIqNBRLRw
zeaxHmsYXS4
7kziZKLM51M
ZCdJGZh7XKU
OgsgZW_HuEo
neHfqWBDY2w
KJTOV57CATE
Zdy656JLNQM
NlEs0aXVrCg
N9Er50wFdpA
ZBoqEPU08sU
dmPS6GQXYRg
_1Iv9W9ZWn4
8LEugHENXdQ
VeOMrxh0EMc
ZbK2POzV9RI
pOJOYxKomM4
fTkNmaa1V5E
sEpLm_oOZVA
yx0msL6FIJk
zug9IW1YhrM
7YPNLuSchPs
zP0w0P56oR8
Ua9de9IyW2U
uXuVW3R44sQ
HZrALtox0mw
MqRPD36N3Fk
773n4Hj4gWw
RBAqd73GAfA
auj35ZwKlmo
IHZpyax6pxA
-wdnd1e0UtE
rlAzbuUGLSQ
4DJL0IQfyzI
Rw7tSmcxkHM
N8Ccg_ozkdM
g6dCX-IcTcY
zp2aSpDHz8w
3yutDJktDBc
6Iy49mp-cTE
j6aZJWZQj_g
ByIvIqnhBts
FBWgwXfa-xE
1JwisoSaTrc
r7FZVzU74dk
HB2CK7bR_3w
YDl2sgDlM8s
Nb-fkbNFTlM
7Guhqh-FoPU
mh48_KAYvwo
6IlH3zZ3qRE
zNrUDVwB-jw
uWBLg6k-RaQ
3PvQ5h_7vEo
DrFOA-D0Fdc
X44Naf7X1_8
dO42JcMVTws
tJlU4mZ8jCk
e4x0goFQQ7E
Kflrt0d7gx4
UagC9v7HMVo
HVpl0RGwZdk
OG37srI2Qd4
a_EF_MOJBLU
q3aMFTI_aak
DPL_DkDfctY
9PAeGrVqd14
rJw3on6HTn0
Q5OPZI1kMp4
gc8yriDV-sM
KdE7wMLGLng
5-rEJYnHoKU
rvtF7Ap-ji8
jh8avVIpE8M
w0nsrZTHfYU
L6yIrrcyIwE
WxBgxPxwd0g
kJ6Rq1jxnRc
UJn4bIiMYag
fkgABRyP5WI
2_3mOZfY-zc
iXWKNrcREMs
ClNbEHgqsOA
HkxITg25uE4
4E6D_hfng2A
YFxkJAdkeLw
urkdhyCqAKQ
KY9B48v_5uM
Dy_7DWNrPJI
bTMIIqS6Fjg
7-lMCuxUFNE
wfLSbQodAsc
5G7vGfmQM0o
kbuCnTZvTvQ
KsJbHoSUITQ
uylGYh2XF1s
nybovP6W2Q4
iwMtfi3XLI4
X1mAmNDyYjc
fS8-2gGAx8I
EV1ISCKe-GA
Ph1rk76sHcw
VPddSu24V54
czvvzJ0Ftls
Nc8YtmaRi1M
HW2iPDUx9c4
vRdmuYppHB8
yXRVyw-zW-A
crctmu5Nc4Y
CJYV1dEs0a8
SQLZf9SN-AM
Yy69tc-8KEk
aWsRQFANpIM
EepuW_EMJR0
5LhIBif4QkU
Pbg4VGxPgHY
xb8nJF-5um4
DEkEtZJxGjk
Rq-kVCP6ko4
NV5-rbATHfc
x6MiuwA_LdM
TZLhDrNZdiI
8ZpHYBVyHBw
VMWd5gXY72w
yugrRMxbFf4
S5EHN3NdGWc
r8RpyhDH4JY
w_F78ZmVbpI
wOOG3Mja6gI
CTOMBwbnIgs
Fb1xr29GIB4
DPns6DvLVxc
5Ztl3uQmtsY
voLZai5VyCs
Jw0aWgD7lOs
KC3tjivus1I
u4aRXVTxtDc
zM8_VqgsreA
ovZiGjvjlws
F_uKRCnF__Q
lgtvw1dNTDo
oQRet2YXzQw
UcO9M-3h1hA
2aKHTco5psk
lnF77iXNKd4
L19McljFDAg
1WnJKwDjwd4
gG2UqiQSPcg
ltDRUiTcXPQ
pkL6u7h1RVE
c-dU1-EzPvM
6H9YSWp4QOk
QcYdslZb6t8
Hi6pkQTQ7a4
Z-F6Okdm9xE
65FqFknaYGE
sxxWv8AxleQ
_NkWRPuVy4s
Q-XepsEnN_A
n6_uGv_BmdU
N4DZ1lOcLoU
oIU6Gv3f6Oo
fbwJt3VcQn8
UiJlnoCuUcI
3GBey9rGe58
smDlEoFMwE0
FOBENH4TPIE
ZPWAtf1Jwk0
6dZUeYCjkt0
bawtF2PZpsI
8tDwMmTKlW0
Vz9T_EfmWpI
_Hp-_elVi9A
DNG0cOAjeS0
5UaDsFuOsIQ
yeHhe2MqwgM
_hjEJOAJIXM
8MGvn31k0bA
cd3ZbdKq2Ys
JDe3eOgh-cw
Te37vvLyRt0
KdX6p0kkLUI
CnbEj_loZaU
BX23T0YXLwk
L-Xrn05iHfk
yilxm1bYqEk
PW2Bj1LyEgc
RQ-bbTcLjiM
zgMJhHwSy94
lJRX7vI6Ft8
7mOJJDTd8Bk
6o5ekr70ukA
MNLYEQ-9Wao
6wTJf5OlSho
nWwDZvR9pgY
98hgMkSyZTE
873lqQpg284
uSCN7k14vzI
9xyPafdAa_A
o4-nGkmDayw
5AFX2YpXlJc
o-nj0Fy7xUU
wvpf-7jhQNs
jIJsPBVCwd4
Fl9m9g7fh7o
nhvHv0c9K3o
D0XoKtTcwvk
XTAqqi7bJGU
uklnIxcQihs
ELLKLdnVuHk
CltYc-CkIgQ
Nc1VOJp-y2k
95amDLElVk8
vs_umPDNQZw
k_A2ssjwpgs
uFfhgZP00OA
RQ_m6E5kLWQ
xD-KaIZoNAQ
JUy50rrOzfQ
GTlO7u2hjUE
eio_OwI2kUY
zH0wCHrYoTM
2myPQFiUscM
gL4ElsCVUMg
sYDvTz6CRKw
