XST7w0Kalpc
3UbPlCZ2NOQ
FBKuOA7vODc
DUtgaEF2_PU
lao1Z-QgL8E
gMrcBKydQFI
1PpZhG3E7FQ
kaIndfSLYlw
3e78BcEOs6o
CIXnIfAbjgg
hitv5PHBLHU
4zSVF5a07gU
TvXG1YSdMvM
_Dbwx_SMzbM
p3cApuvdiIs
COdjdzRLbn4
1xCAfH2VhAI
dIj2IYf-5wo
ci7F6wxcdxY
eTKHOtWUEGs
PUa_z5U7JhM
REfyEYZhE04
aOdMlc3_z9s
o5prfk9YIJU
TcdVZJQ4yhI
VLKoVA5wVjA
wSdPQBI3od0
XdrEuTgeC3M
BIZURAADjf8
fEsJTXbc3rM
10-pv2kTvEQ
1l6oXo8I8Dc
qGHNJUcmwvs
TTzWnJ-3T7Y
gzHais2xWnc
qp6gu95QByQ
7xTxeUeYYxE
B2XCTHCDDCQ
F5_PakTw9qU
xCT6xOwueMo
54jetG5oLcU
H_iFNY_b3R0
uxv1xnJC3Gg
cQBKhpFbx44
1PqTNnTYa0Y
jAQ6sVwnXyU
Z3cGckUwDzQ
7BQoN1yK42c
brRVpKOqyos
reyKLeUjwQA
8I3TrwBjmEA
f9W6Zrj7fb4
Hbek9vSahxA
ni5JDMDtpsI
IgJHj0zeNaM
Vhu50O5nA1Y
xITD1dUdhuY
iX-gPC9wXHE
tY6u3ql_TXc
E0N-ARvIRjI
Cv9Fsk_C56s
WyBuj5Y8zSs
spqL9sgOwe0
aVWUmMkrUKc
uMZZ6jFZn_g
98-EL36pdeI
Q0BNiu9hcWM
z2WeKJl3OhI
BWfzUYlr_Lc
KG08Qs6yiwo
MSQjqXrWLtk
c42rCf5SFFo
eh-GAZwEKBY
NknnxmIx1XU
1mCZ1AMWefw
ix-zD4nzva8
zmdbdUwlnq0
qmlBHxyqdcA
L8ftQCcSswc
3NUM_HVIEEc
_tWMjcs0G7A
kjAB_1RJ1fI
fAsriPJg7DM
fsD5yYpmc7Y
Ahtrvihf3Ig
iNwyA_8uld4
r0-SFnTAVQo
FCgHZQgRa_w
QFZ7RvhP5Jk
-1f1CP2kPK4
SCEaZk8uHVo
s7btII2cV8E
ZFNhkV6Pn9E
Gw5HL1N1ApY
6O5luxqmrEM
fwyjeJHrrEQ
5H6k795cAyE
J3mfxLw-zNE
8iBlJDqDa0w
qnWOBk788z8
nLgu5jcinsE
IxCKOevGcGU
OqvEiwze_e8
XNFzOIN7Qn8
xnfvKv6UovQ
28oLRxCsrPg
Bvo1KSSug5c
13fRkH18v5o
YcEricS_Wus
xFoOLLD6OqQ
YwlelfNvXoE
i67QdNr6AYY
4ER7nCtUOsA
5N9Ut4oEApI
4CegMJMXVB0
GBed2Lm0iHg
KZSwnvN0Joo
-LO8SXwqqoE
KRmOY3tyAX8
d-AhEcTveUA
NOKdTMZhiSs
h8qnM47Ledg
RrP6vzm-7mc
R3XNwdKm8d0
fwRF2ba-ogw
denF98YAN2c
tDaMbxZBHrQ
r5GKnZX-gfk
tzYg2uBWFLg
ESrfeHhMZ9c
z4_r4oy6CR4
jdeQLDDFiZ8
CIuhCQfVLV0
2HcL9s5lm6s
-aydaIFu8gg
FLF6tOTbpPE
Uhk_sS-bobM
62cU313zHA4
9jdv2k3WjjY
mrBQrvZNTww
vBq9qe56wOw
JQKXyEsUDLk
zqABrJEmnIc
Hu07_xMVSLE
3RoD_acKr5Q
ou6acfhbqu0
AdNEYTLIoWM
8nRMxZehvFI
glhPbJYnq2I
_nlR16RGlH8
OEkHBzA676c
x529I4GWd88
nQMHDiJ5d9Y
Bz8Qm_80FUI
1wXf08-42x4
cyipqMLMPT4
mhVHj8fvxCE
HKIMPCCPUoo
o0xULrXorQw
5zLOPzzqMog
AqlxHmeufew
4mHGRnc2TZY
V3L0A0iAtV4
NQrcMc3z6mE
5oU3wRHMVvQ
ptYnJIkHC1A
mBFbBiqUevo
iessIlZlqo0
52wlAQbKrHk
hKltoruIW6Q
rqlXfaDv0aQ
TdA8TRz2q9o
QPaRrAD6CFQ
lHUl6A-ZuPI
dKjItR_71Bk
uIT_tJRm8Qc
xnROhBdDOGY
z1ceaZ3Tcrk
obdFs-oLMY8
iOaOrZMLuuw
i9v_ScXklw0
GeAuV-_qEhc
xknUsad1MgM
NV9kd8bQdPw
X2X3oP4BKYY
xKsGk5CvQN0
ctDBH5roH74
QGIKPuoNA1o
ZYLX58ZtAuw
Q-hZ2APNa0k
J_1kZSMt29c
s4JSCXeGTI0
EYFvZK_AdN0
UvD3ZFwzl1Y
GVGLqXyIULw
dDV3xNjHRWA
GWwcgWQ4pRU
zqFR-ZW93sk
iA7-dlPRFTM
gFUOd34tXMM
ROxoVu3xvEo
0WGg1pqrGnM
c0wj2Uxy0os
3CVY9pvf4oE
Z7seuq7pD48
HXEAZ5XcwxA
VgoM3FYvyWY
kr5AfkGNADk
n5L48qUSr7w
tyhULSuS8-U
TXE3XU4UKy4
i5OKCoqra3w
Ivt93ZOIC5U
_iHQpcPQJy4
zKaf71CHfBk
JY5dkuZjkMw
6InwSg-30Vg
ex9nBp0ZaeQ
zo5SBD5hGQM
StgloPDWBnE
HwPxSqlejhE
aNrYZkehiSM
Xy_6mdL5nnM
9Cu9iLQuxq0
jqDxK1-K0XM
z1_KWsD1ZtE
iHCbxqQmEzw
D84h0Yf9ykY
7AJ13S8j6BI
5WXZj_xzhSc
SgIK1qKbaOQ
I3wEpJNmwq0
ruD9LTvLHzg
sHDHp6F9alM
9yP2dTTqlLc
VKShA69CGqU
l_VJC8z-wag
4S-T5WMHSgk
zpsVIZhO5KE
VPszWAjyTmo
SkBvuGViIWk
Nio99n3_ZiQ
3kxdUPScuu4
oyEZzaEa82Q
ByYmMdKGO_k
wWg1dVgjHwE
5kCcawoLIBU
LJwJg5BTZMI
F6FfMdPuYDA
TkDReNjaOVw
Qq1VQnwxmgE
YFbFWwNl1Ok
ipfwc_myOlY
s5IpGGNHz4Q
2uIkgFehyI8
J4SwPBLXMCQ
xmOx9PIhaAQ
8F08KPG7ScM
OoDAgyTYP5c
c-x2ct3JTMk
9vydWLjS_WI
QaaQCHdNKDc
8k-xaWK2-74
86irrCY8zqo
lO_Mi-V5z_s
ReOxUsJZX30
c-ARwMfbnBE
AxkHtapZJxM
k8tVVmkNdpw
eGMNIlFp3J0
uhcMke2eCtY
IyArUh8eqJ0
cBPPAbn2d34
HEKQwfnY7GI
HTL02Z0TzKE
E4blft_YLfY
5IBHP6_g4Bk
-wVJtAUBmSY
dDFNKkqQZyc
yxGaa3xDGAU
C21r3qfRk4Y
EHFug2CqBZA
CDFT9-3kzuU
APXkChFixfI
61UpJQISv00
UuV3Jxze_OU
HlhuC-5JMXU
gNi6CLtRKlQ
XoLXP46Aj2E
f9gwtlqmOmA
yLfeOxCIXSg
PRu09y2HiJU
UtqrO0FqVUM
A-XjaagYVKA
lFde6u-OPj8
oFk7dgS8V18
iJHrgw8-QEc
ACutj8qVTf4
PZ1eVDQKRPo
9nT_wa1_W5M
U_-GU89axyo
-ulynN6eGJk
qjJHKI33JNs
T6H3TtcSNFU
TrUNMqfGNfQ
WMPgRqYiLsk
mPVBJzx5fb8
2dSJGZ3h7Fs
2ii1-JkY3GQ
vNAaS2ePIeo
NTEWBa2YKew
qRKJpYCI03w
Zyd-kQsPhKg
lIxVtIkq-ug
Us_OodOFR9A
j_tTIfrquEU
mmeB8FKrbe4
KPmRNwjNZkc
m3IBfeWDQUA
6XzkydbRPis
MzlwlRrcojU
r7d2ND0KK1k
GHUaUnoT9a8
CIeOXxOrTxg
-T9VoJNpI_w
u2Tiiq9I-MM
6qEpoaruN5U
Fq7dk1WS_co
xLmGdUF2Uzw
2eRSjW2-f3A
KPLjif2gr4s
PjpQjIFpS3Q
GIXMf76Fpbg
M-zyYBWPZ5Y
e3dxdZeZUoU
Y0ps4h9ewNA
8LzYek700K8
wcC67DygSnM
mgiweGke_JM
rH2_tgN0e8o
taKB2hewkog
MlbLsb1ngm0
Sh-jxAoOIc4
4wMTEL4X-2w
uw6WSKkNK7g
11nRoXRgHnc
p7ou1CFCKSE
QRy4KxGFtQM
qLSEbg3dFkc
aoHOQUms45M
Z3O3jim_AEE
5n15zzDJUtE
5q7HJSMsq20
2JWVE_E9X-g
IwmJr73VDJY
FTMONW-m09I
bvBo3hzRrU0
pG7fJLa2pbw
PEz2_Y_VJXA
xGVelfKwQaM
ZAs50cAXE2Y
yo1oAxF7YO4
5ATwJRB0xrY
Y1_TJqa8kAA
tRoXRig1c5Q
ErsI3H2ggX4
6NuGje986GA
ZJZ_uluvbps
k-t5hN0C9Bk
SafgPvl7wvA
GqEaWgsB3o0
qRKeaES7YCA
8pP2zX4asKM
mkpEal3UvWw
pXLMWlG7DTc
tGhbvWRBr-g
zYUrzHhg4Io
3sMxpUJuLXM
TSynHq8rPyM
4TDrqn4U3OE
Z28--t89XEk
p4uoWr1h9D4
eAHZIche0OI
oysyjZqgBIQ
547okynkp1o
CvDyfOZAIrA
bTV139WYi0c
-c2xlhj7kw4
kXVxADXJCf8
-1of71YejkI
o6jUc_ela_8
jqK-LYDT8h8
W9LbgM7O-a4
_EW9fcmvHEs
wbrSh_JiYQc
PnttxCdlVDI
QaQHF9JBRXc
1pTzIvnx7rc
h8IgI_9m8Vc
F_mOR3MBm5o
XhNm0luwYfo
fmIGVDnPzmk
7UINl1-bD2c
TCvrmJFNeYw
KitONhvpFss
d8FEaQnYBl8
IlcPBJeWHU8
YOqpoF4wW7c
ZVZZTWCRSMQ
4tLpPqgvm0Y
XmhkvGOs6M4
E2Iy8cl7XOA
eUvHwoBDmWw
OjLeFIMC1FQ
mQX4cBV5Kfw
xZFnTBSRKcg
NtLTmg2vCzY
4atwuyf_sMY
KKMFNtvJwlc
r4BsH9Vzwn8
judzjVl9YrQ
RZX5Gf_d0f4
NRfcRerpbqE
SGTgTbpU4sw
EjQX9T4SlAM
-eki0BBTGYA
1GimMHp28Ac
eY4ZUDmQMKY
IWbzVxyArq4
oDHaeUaCHG8
bqWDwKpmHVE
APLVQpmHUho
uV4qMfeyQ5c
gVdH9g5YR2Q
8zfHzCMpKf4
ixQqsPEehto
y9gcZ_T2Kl8
3pBP-Jht-Z8
j3I_y3UvV24
ds-IzS3GaRw
vhfDAplS38U
a1SMqwPwkjQ
4pT1DZ2ctE4
3cbhi6vGipc
F0LcLbgepXQ
f-ZP7M5pHtQ
Lm-X4dTg5sY
f95rmnWHwl8
ysY9rGTMX_g
kwwANDsL3uc
JXoWB56educ
WQag6Ex95H0
isZL6FPStX4
o3RIhVK619o
U2seBQcPuHg
lKvtFv78zhQ
JRJtf-0t-zs
a89q17gWJ_w
NAbZ7muWa1w
NoZFdyafZBo
ZPB4Hl2AVhY
GUbHVxqCAX0
gbrcRKqLSRw
UQ9c1YY0XaU
UbUdlB0_rTc
7BSw7JgphFg
KoInnsrf4g8
2B5WmdWGJco
y49FJYbjA4I
8wYWUmOvqZc
JSx4axBqC1M
3xgj4TNkZeE
vDdeuKEvCmg
rrZdkQWYlew
Xu1BuGbq_i4
538zuQmdpGo
L9c0w7vRJXE
12QG-KY-ZTE
GZVnxoxmTGs
Dx94TOlySzI
2jDcPbSCluA
0hM7F0YjcKc
0dVcic7czQ8
Dh5ZeoDEZKI
Q5E47bo6f0Q
1mJrG_jUUhE
x5l0eQdZrWw
AsDcLuNXePY
rr0IWQORFVk
ThP6haGWagQ
mJx4cmLsq5Y
RZCtLUPcFuk
2Za0l1OJAK8
lMRRm3dC6ZU
6txwmsxfvFo
1j_qR2sghEQ
kDpIggIdu30
L9R08MwT5r8
GWrAUIwnS3c
5R87YhYbnkA
XhlWSdrOuys
OsdomV7giC0
0rpG2ZM1vi0
7LlaLK4Qjkk
sSYDYEsvXBM
LAvHHTt2czU
RWX_pjyIq-g
un0fx6LHA2I
Vx4QLE7QRz8
Vg4DOWJpWBI
nf4eQhrHbKA
FHxoZ-Vk_Jc
dlMwEiCG_yQ
qY9ApeTW4no
tryPYlX7O_s
DoH8qKRHrec
EoivKAVdiV8
EZy5-QFjTuA
tpaiy5jr9sk
M5lsxA49Emc
h_LkW3MMI1g
1rxuyRcAIc4
bGiURu1PkXI
SSZbwrYAXfg
6fD8PXIiD1A
