1785WTJqWQM
sNyo7DZ0QBY
qgfnIoh9ikY
btHaF638Mv0
MWrAfD4x7ss
ReZMTje9_UQ
DcVUwP0V3DE
ZthHB7rj-as
MSLq4WZT2AM
MFxPmXXSqoQ
ASN6eTSTt1w
bZM6hElxnGw
HL1LBA6D37E
FuMT22YPyO4
Gbvv4nC2cUk
Fj_mA4znl4o
ubmUNl-9VDE
Bmj19sK1yUY
ZCcY78BYOZ0
9MqR3eVtD54
8ahpo1xjRao
qyOSGlmBzUc
sNKpAqto04E
g2bcRbdqwOk
Z6orrigS6zg
__Mx0kpHN-I
UIR30TljMFA
ApgNm4Bu-Lw
AUCmoqBN8Ww
gaDNEElK2II
_nb1uYHtcJg
xXpqW6oFtvM
_SxaX_vnjZA
lUCh8htB8ZQ
m5CkAJu9t8E
eh2ba94KBdY
fB3IgyrG6bo
UG1fmSKw_Qg
-0lg7_WJ51k
iYsx06WJr2k
HtPgtuazC-w
WB15cc8xPF8
j5B77XYURUk
1kDoeaeS3no
-nyBBfyBgWM
lNzElklZgqI
1vNlCHHD4tg
5qL7_NpcoeU
hMS8LmdoZDw
FGgt0lI243o
huPbNO5NXJs
PcHXiStlZ3M
NTLbDmBzu4k
55uh3no7wc0
qN8k27cfNV4
Ls5yHTGVzgU
oOfni0BCDuQ
NC586PX23ZI
AwfnCi22mjA
W2aAxLP_F8M
L_srI3OYkSU
J1Uv68PIUho
aPj9q4r3wzw
ODjwHn8KN9U
0a-jP9Ngwl0
Iiyb2yBrbPA
tKUg9qIss5A
MAo0wz91lt8
MSatfp148pY
4PnERbOR0CQ
7HkB5iZPNCM
yNMT9n6MXA4
wwKuZr1oCXI
NoypkXzliQU
KACBktfik0I
Jkke1alTriQ
BuRoCl1J0YM
_ijRf5-1LOE
uZNUw8W14yk
hPiJEIMYbO0
t9eLu6uceB8
qkDT_fvl-OE
Av2pnTfLTls
zO5AZhYj6LE
__6WUZBofxA
maS0unS9YEA
wvg7PSMsZkg
ixV6staJlYc
pcxvv27CTVk
9_d2w3APYG0
zcTltaWtVZg
8q31tAPep-g
HzM5NKgd_YA
Vu-7wmHEmjE
vCHbRmzkN_4
yB0YmBsg5oc
DUPyu688Ag8
pILRCfi0LiU
LLujazj0bIA
WsNnSdruYCo
RSc61wUqGhI
DxgFajV84CU
IRIXPKf9Nwg
8V1sq65OTWA
FtYKlYXJrH0
w0oZbK3jwNE
swWMumjeNBg
FU8IwII8hhc
1-YoC8JUolE
MNtEO02-cww
g3iTNbunGlw
Nq5m1IXDkNY
WAiZqtxbvYQ
CHydmR0hL3s
nVwE66heoz4
FVRvIfTTsMc
QsUv8yjctUo
uvAlZ8YzPyY
B_ExqPea_6I
C-s4t9Jd1jo
kjF9uHZW_QE
gQJUFR8zEx4
D39w3ZbQaLc
MLcThlHiQpo
KW6kYKZ42TA
k2ylkNkYCpk
kfMUzF6M3hM
_K9ICXapatg
HujsR8viPbI
uIps2NvrX24
t5IAvUUQuHI
aID7WGpTHqM
-BPt2pqawHs
bkhKtGZHn2A
QhOqZVeaRZs
6GLpjSSPJZM
IGJrcuLkJQU
c6tNzy2RfVE
3maPV4NlzpU
Ce1d0igMyo4
HPZenkVh_nc
cIV5bgW-Ooc
T0An2gb6TKw
AAj7xIKjkgM
UY4qg1tNShw
SNfRtn8mCAU
8ZR_T5gW7QE
YMktUe8LSWE
zykkngRWy_A
FVkZ5exmO_8
9-hEh7thG1Y
46bpGQXcKSU
UKdRqKdHhjA
6fqvpLa8gVQ
7hT2CYFMMJs
wz7cF10folU
335CN095YbI
1sUz83tnSvI
N0CQsYDAYd8
vDWupT4tc8M
mizmXTWDf-4
l01fXRCvGjo
OoTW-Y6kLdY
6KsBXYmb0gk
HmQ-ujcdaAI
qRBldwRsSRE
PqqKA2AYCj4
wOmm4Wsyqtg
kpfP1udNOc0
XW0sLrI_pEc
f_-DAdZdQSU
8c_MxHNOUmE
erAqhsytrgI
gey6hdySOm0
pFn-A2_Mdq4
T67pkPGX4dY
2UAYoj4pelk
Ws2AmrpIK14
RcIiYEfsOjQ
DGO8mQT7eOs
qvuMr-S-BRU
8V64QwOt7ew
79EX2vGx-lE
gG_GH9LOHc4
y60Ikbs2vrU
iiPhsMiCB-A
AUo4g0nosxs
WzPyau4taT0
O9pJ8TpJ3wk
JmaYK0p9WAM
itIeJ_MgUOs
4z-f8e2Qrj8
T8yaPY3gj3k
cyln997Wi0s
ZpSa8FavSgM
MC2uiA4z32M
PJLbYHjJfZY
6SwAIm9vME4
hCtjDp4uPEw
s1HxCik42vw
SoVu2LmGtSU
iULh1jYED0E
UDRoPLIVj48
z1wai-07jUw
dSI5Sn5REyw
U-AlF7lpaN0
4FQ2MbH9NbY
2kACo56hTEM
f1owTXBclS4
7_Nny_mJCMA
71kbGdc1AIc
XqfimRiidqU
rLEqoJPHvgY
2upcK1UwsjI
X8L60bvFsls
_pvgUWFRfnk
K4AKtdGLmOk
tOYgiWEoJgs
pkie4WSDBCY
gzsFSKXw85E
E6LbwCKJ0lo
Q_Do_6DKDLY
-67hhIAaYA4
futHL4W4E4s
7j3Na1HI9Q0
iyUphacCtLc
hf7g0gCbGcI
q_LxM8rYhlc
zuDgRtSzOcw
DmWTcfdoQYU
1HhXDprzf5I
wb7QTZDs71E
oAHUI8eSaZE
gkGxjBSTfGw
jPLlAue9-30
WHZjcfgk4CI
q2hs2L4xB8Q
j6eguAnwlu8
QGoAB0dZZTo
kNrJiQ25fDU
klYZ2AI9Hmo
ESvrv79ZeIM
yl9zjEihuNg
lbThLSAk84w
ckJa8ErPDDs
y0iKtlUJeFM
SdbYpx-V2zM
6vTFX3SfpE4
PsOXdpirQx4
PsEq5IkmIR4
2AALh8juWJY
hp4hvVZFnfg
WaNUl6DiMOE
-rGvW6gS0OM
FrG_KP8Wxbk
MxtfVsxCt20
7GNRn3GtJ3g
1dWeQAMZq4I
vlfIbDF0tIQ
rQ6llbqpXKk
23dArPpXgCM
VyqD8-6sC2A
AL-89c1c-yE
HG7-MTyk3AU
Jg9ugotDurE
TyMEQMt6yAw
xaVM7A_VeXs
DG7lEweEx7U
sNkRxA0UXEs
6eYMbCKBLNY
rwJPBDBHXOo
XgDNwLTmvkQ
tYSLr72rm1A
_XsR60g8mOE
SWWCQ7zU_iE
9tk6At-YLbI
2H6oLEi87qg
CUbdyLDzoG0
qYrH5-gItiI
3_rXS3lRpI8
6m8caIRcpPM
9goV9RzxHhs
6YjAk_l71Vk
Ox4BXGhm1V0
m362RDYMF9c
Y9P9NqO0EI4
PXx3AsF0E5M
hqwJtqnhX7o
NeX-gfF2wqY
AlnRku47sNA
67Vp7fTgQ3g
OHHBJOfc_K4
tOjnzE_gP28
hn8qFGhIan0
uq0Skb529q8
PoUf4_qWolU
7n-GzMbls94
nKRwLDDiTdo
t0HA9RtxWa0
Ol38_HyvmRo
74JqZ2JgEPg
STtXeJYr1Ak
2XgwpDnalZE
RLk9aKjPd-k
JG3rDKPN_ZY
X0eXrDYbvI4
FOPRjupuCVw
xHdkygo5xnk
c709rGYW8v0
VC4PxhoCbYo
yErGvYFQAE8
P3Ui_6rnh6w
HL4JsK_JQiM
rgoLhFfjQKk
HzmgfwrUZyg
uy-zzrzGv-w
HYpVpvs08tw
t0zv03jCrRg
F22ZvJR2mss
coqjAeLIql8
uWUYcrbdu1o
3ZwErag67rE
0XWes9pW8AQ
fKcpxmtTDyU
uUC8Heiae9I
RHIxtd-oYTs
NeXYq-2XPtw
REIz7eCHBho
aLyiCAkTvVA
CgKAFyZNApM
IqXqQReU0vg
6pDaiwqSTgY
uylTcj5yDOM
lGXToK3Lix4
pq4LhMmZZms
fWVT0FPpOcE
ZgCzEzr6NFE
JMJkcdXOk-U
lnDTEi9hDdI
18PDWLV0zrE
rvPEn54PHsE
Sp2dy_wTiVE
gKladiXxOi0
MGtWolTgIEI
ZFS7jBQFOcU
RFTLhfwwwtk
uKkpro655Zg
by8yqWVWkfI
7qNGWjDzxpQ
jBjyVc2_GR0
2CScjQUw9bk
-1oCcXvhujs
t_gEFspOqHk
mXqRnDB5rI8
GsxydhFqXug
TkuGW6GRSKA
ZbQh1ZPG5pc
mF2lUnKRo0g
hsqqFp9Vg1Q
xVZpA8ZWulY
qGQ57B5RmZI
sKNgj-Xqje8
LFjApwKyKt8
aCPc-hsj2sA
fC56OMhOMYk
gDYZqysjm-k
px8Wrk8MHsI
KJK0RF6ULMI
7xB1_cLksTU
3procNRNSyo
Nd9psNlR0cU
tSkP7rJccGM
bHdur0fmxis
GaZ-RrNeRYg
t5AeHHYXUw8
NLe3CqpAGDk
W3qVDQFT57g
NCLWC4pp-0M
r4Kss4q3_7w
zyYhWm3nNws
rTeha2qMHR0
QCLekHOpO24
zm0ru-3claA
vMzPmN09sfg
WdTAfsqU-L8
WbceeWI1gOs
O7fAhH_Zfa8
2JKwtK8o9jI
cDhikAvewEY
6uFS3J4Hqyo
ZDP1lr-91Q8
2tsKzLao50w
vkB91_zbHzg
IZ3N7DoVvy4
a-e_H6Skifc
q9IZaj-v33o
yNN0dnB6ivY
9crGfO6OuBw
jcZk4zuIGF0
z5jLHpBcumg
f-6ISTjlNQs
QorFNL9CRrU
f_4Vyv5h3yE
lIJwG0nKL4Y
Xqy3Sh7BlaY
WhYOoh-bNOI
uF03-CO0O70
qqwmrvwon-k
BCHkbr4Fr7k
_tE8kE8IfiY
u1Jlhg-4iCI
B3yjSCMOMxI
GZrgVExV41A
S-EnTCoQPsI
IdTMDpizis8
53AnXOAcL9Y
qZkvWATBwbs
X-kXl-e1stI
XdntJrOJ4rs
02tq9USODe4
dv-OqLsV2T8
