7X8UMzTjZpU
VIlI-Se-pk8
-oexK5maDVY
3qHkcs3kG44
5PxPOz_SZC8
Cveyk3dnX0M
ILVqgOlntLM
IL0ufqBeoBA
fTAPaHcLAhw
3AzPmYxJwdY
lFqqHszPSMY
tIcwY_BMU4c
01Uj1eNnZ8o
4rHLLmQPqLY
llhb2ymtsw8
FYsvhzhAK2g
PY5PgLBTkbk
71vG_1CAbqk
5VoVIpIzj_c
oOpQnnGyDfQ
QmfFbwZcVx4
uRjOsCftRJ0
kR8UcnwLH24
z7rOg9vEIBw
VBPnjte2UV8
3Dp4RrpbWqo
ikMmkHzlTpk
Q7ctD2TBcmg
5wYOvEY2LWE
hgdJnpVccWg
3KngXMPhxzg
UYU-Jdmypmc
qAfWYD7HK9M
OU6E31jA1Cc
Gkpr7S63RPY
9aiJ1HaDsx0
OOSFef1lIAQ
Jo61b3Ex6Ag
Rxmw9eizOAo
r-HnZzTOa6M
ZYlxZtgqt60
rY5jCvRHEFk
JHmktXPdOrQ
yTDScKcwEKk
Fo_ymT8NJwY
mgLAhLzw2s8
enKqc-Fnw_w
_TiGMStO5G4
aFlAD18qltw
JM-GwDh73Wc
UJb__qn2o8A
XW_KhFq4LQo
zTHahHrdaZw
sCD9zjf_YRU
Gdb4DFq_7x4
x2j5JH8Lcuo
6O8L-d0sZIA
4PnkZx3kwTM
YBS0tQn15cM
uT48whuAaCw
mDm5YXIal48
YDQxXKwOA7Q
PVc6kEs92O0
jlOJL4mUP38
DAkV6EwDXN4
1K1KYIU6Eoc
vA3QavPp1Ho
KOilZ69NwIc
rwiGxmYJTEI
xzYVsgQBNoo
8m_RhpT6xCg
wfJUdYp-TPg
UAGZcGi1OP8
RMw8u0VrELs
dodsGp37M50
zyOH3m3wD9Q
TaIZmgrPCkg
qdKgBatTe_E
RoWXvMQ3xqg
DZCBRHOg3PQ
CLgPhMUOmDw
qZHzO_x_bYY
tGwRyd_Ek3Q
Y5ZFKYtHdsM
-5yh2HcIlkU
65epASHLblo
edZR_nPp1l8
KmkEZKgeQQg
dFsYMl5QMEE
WNlqsuTJu2Q
CDpjvFn4wgM
E4dcvItSGPc
mJowz_-pj4U
bz1Masw5QDs
lUJ4YaiERnw
hWugDUjm2WU
n96-scSyoOQ
YHwSmwEwmV4
cTsEzmFamZ8
1Gtrg6R7b3w
bRsueTsNifI
jqrBuzHy5vY
02ux1dKNPXo
ZA106wrMUe4
OT0ZIq-yWEM
Hf8aG4sK4XE
O00gaA5u6BI
uBkFF_inHgE
TwUC5ET9sSQ
_mP9OmOFxc4
nIVWyuC2AB8
8ylL8YIs7C0
HOTS0HS7aq4
wieRZoJSVtw
HkRE0UU1x9E
5-uDhcnL07A
q_CeQlkMC_g
Otbe3J1YcLU
w7HMOsRUFS8
p7DZhL85Neg
QA9DbqEvnPg
T77uFdw9HJA
m6AHNrExgKE
7MNv4_rTkfU
bce29LIRKiU
HvNJaZuzDDE
qwogNykaAH8
YgzGWS28I2k
wqNcqlsIErU
XBJu_cri2f4
-p5D-pN8tQw
LJdcAIfoh_A
iTLbaarXoW8
FG6HbWw2RF4
RQ1RAd2A-rs
x9o2dpEuKT0
so3qOEMZXDQ
ll4E3-kP_54
mfu302T4JKQ
cS1KWv0das8
NAalq9lrjQA
1cZYXScrJyU
GEw0ePZUMHA
L5Pk5VIbBsY
tAithqQBFdQ
TjeSqq5FQhQ
Igc_1TPfK9Y
WjYYdMNUXF8
MD-DaEa0Tpg
J2dKtzwqbzM
ZtqVcY6AK6o
BvWB7B8tXK8
wGODg5ByuVo
-qfB8clUIaY
lIUV5GBEo2M
8rrsROAp3WM
suSqW0qW6nU
vIeFt88Hm8s
okl266f1LBg
TLZgdmGN2JQ
yKJE2jlqwI8
d7eQcuBRnYA
69RKP3GBkco
QTW5cDxnjAg
9DxeMowxDTU
3e1D6o8YDFE
j7r7E0DNjaw
X9JLij1obHY
lzujdxJxLIQ
7Dtv8ibI1vk
68azjW5Hhok
tingHmTUNqI
Kv4fkc6KVjQ
MwLUCreNy5I
n_tpWrv76Q8
lTSsAXNKl7I
_BTNmNpoAro
3w0NFXwhnU4
KqX557kt3d4
5blSRUZpYrU
N8roQPPTe4Q
bg7wnzKTMO0
mq-MEgcv5Zs
SO-jiCZWfEw
AZZNvT1vaJg
NCkAC5OcJMI
Ee6Nga_BWAg
vNZtibrPo0g
2OhHkBmbb5Y
j5FOumrXyww
tbNjZDAM-tE
QSGaMUBC4Mc
H3qI3RWgNok
-WL2Ue7hGa0
aLRIQADKrak
RxP6sNObMFY
wTAfy_nzJiw
hsI3iUF3V38
IEKvPzZLq7A
ARAT9HQY6e4
4FX71oBDVvY
_dJ7cgsHLLg
tggOSyCXqn4
KJKL0fzlnYk
OYSk66YiFwQ
JyTGcgOYQxE
9M8X_bs_fzI
Z-XkTegWKPE
axlqxTPUFPQ
u93oh9kC-rU
ULtqCBimr6U
nokrWA2f7-Y
3MWvDgdRWQ4
BEwq64YTSO8
13g1ZXn47xI
IM3f2U3mSMM
HiMNwcnUDoc
BB7tpgwvg1g
AIc5XYpRc1M
oIb2lmHgd5s
teLrui-M9CU
ycPr5-27vSI
zkvUWvJdFWU
2Hn6wGOxohg
nSmggQZno6w
W0Bs56G9KAQ
Waqt3c0BbWQ
rXSCahR6az8
PF_7688Zk6s
Yvi7y10yNyg
j9M4DT8nieM
JVgsyGbREVY
EnMphznmKA8
5Q_jkO9V034
XBi1M3bcPfM
vGc4mg5pul4
v8ZCX0eywXw
6zXXj1mNoPQ
hajf7-PgCfs
mIVfHQp8ciE
k3YcGRCGEuY
XdV9SwVtG18
E3s6p2UP57Q
Oyb1xz7waY8
WAik24xe3HE
RmHhP8MER-o
WMIjI7aaRRo
FwlOPJzJGCg
_5dMj7iFfGM
ZtxzMb9CpTM
CexD7dZo_nc
gQzRcjRGFNg
Euop3pCTQbg
kQ2UGALEmFk
Zere8WRepGo
WW2fjwpdb9E
eaf9Zn6juts
rEAX-cRz-0M
3u7kDfEtKfs
4RyL6qqzp8o
Wnh7qsV6Jns
vY25O9TIY78
VUnRxNRsikk
XFuvnieExAo
tk1cQEBEWLg
9yfpXnJmdIk
_Z-RdKb1TPg
gh3E_zNN7jc
fXvgZF01OTk
_yTxzwSW6pk
9Xc7DN-noAc
aiwYoeysHFU
-Yp6ZdCIE3k
SIwSXODoJuU
HM8WDZIhs3M
p9ulSZyzRtg
3x3rjzkpxvU
ANeILT_kkDM
9OQ6wFocx9M
xDsoWp743gM
lA18kveydd4
TOEvuTr5mr4
7zik5-ebca8
Ev3-7HLcZ5o
lCR0Je9J4to
MfHk_93x8_0
vsiQffJA2h8
5YMzm5E30k0
VX4qn8syLn0
abT95p5iBkU
b0GIO4lYFls
WsoWyanP5qo
TFP67TWkZ1o
7Nnzpy5GRak
Vka2ZgzZTvo
aC7p0Upkh34
WnClnjjJHhg
kUa8UOkL4Mo
Iy-xEG3dmV8
zu5hilGmfzs
tz4CrWE_P0g
deVoaRTfVqs
v9A3Jy7s5qY
VoYLwjHSQAo
0V4i3uxEBS8
-8X32zNup1o
M50_EDI2S18
dnpVNfHMlY4
iaL3EEWspLo
0HqLk_ZbHmI
TXiG10Q00hE
ugNEkI5Pad8
V7iUoq9PZf8
EB9JHwzzyX4
QL8voe1u7Ys
6eF59X5auFo
-WLPRX5C2Vc
-XC790BYI1Y
EaeObBIUPZw
z9r4bmXCWiI
HCRefZ1_yNY
RsO61ZsihQM
pwaWilO_Pig
gP1NA5f4LfE
h4XkP10BQNo
U7-Hnu7h888
lGdPcC0zBIQ
T8eea1pgrBM
8EkIKtHQz5Q
bepFvVY9MuM
J145vnEZX6w
_QzDnLCPBr4
VAFUK1mR-vs
5NKTtKVZjZk
tP0KA2yI-QY
0JWjwJS_XZk
vA_Q6n2_Zdw
OHkujxty3wI
i9wqutwe-1w
SsR9ohalUp0
H_RLYuROOqY
qZ1vOS1cnME
L9YeIMBUcX4
fq8Fs8AhdVM
Hb1AqvYR0zI
2_acNtmiikY
Uui869yDoX0
z4zi_Gfof2Q
PXkiN5SCe9Y
5MVvslEdX94
3xbmnYHhIr0
GMd6Vc5PG7Q
83nnQuC5GH4
Vl8uClhAgNs
u3dzsfJ8TEQ
6Ga2h-qMD6g
y8sCWdR7Dyk
PU1-SRroGh4
pN41VwpDS20
9o_ZwmgXDHQ
wAAmtur_8m4
G8i9m8zWzqM
R0IqNaE513w
zxrBhKdK5As
yi9z3SFFq0U
Sq1rX54u69U
rBp4afbDeLk
-F9GutDda7g
vNc-9Y1057Y
PiVNd7gXczY
HYJFgyqs0sM
5tSTk1083VY
wWoDOk0Xhck
ZoLqPubyZp4
UnI2Lap4yJo
rgResrM_LoA
G-2_Bc_7Pos
DQUgd9GQtoQ
URqdD0sMN_o
fE3SOIKO9pg
qNAScKkzgtg
ogb-ix9uuHk
lQTQlGs6nBI
CZ5zdinEMtw
VUDAdOdF6Zg
rsFWbDl-ICw
PS_XL1tBnWw
6T7pUEZfgdI
ehfdd1eH4g4
rMeg6LWPtuY
x2qwRJT4WGY
FoyodyNJxhA
cn-Olrfv31U
Z4WvTCemyRo
Ec4OKbrCl3I
Ja6MW94RaIQ
OtL1fEEtLaA
iB_XgqdeU1o
gShvnz-LJfE
qkBXzkD6tis
WE-lvHDQX8o
kgMlVPS5v3c
BOSEE09BkFY
nznRgMaGna4
QtPs6Kuqjs0
kD-b_mpsPFQ
ZytId5OgFk4
PBTrYJ9UIGA
-xxfT301Ii8
e-8zbeH_kCg
F1tjuM5-6Y0
us5XX_Cx4Cw
du1FpaDZaZI
2_kEmYTiHtc
ft4m6u3rAJ4
taDN3xZ1KQM
9jN6eBH8CFc
fQjBxSQNA9k
Bn2KYZXMnqY
PTubxW2tz58
LzAgSp_O03I
A9Mj0Q9y084
3SgqFREZHLU
k1Iq_qPuybY
2YDKs9TdWGo
5czmY2tK07Y
7A8Q8aEfGJg
XSdWHeSf86U
3tgQ5_2OvaA
Yj_Bc9hdHa0
26JaoS-zbz8
tk2jKc2U2Z0
Z0LMYKsaUYs
kRo_9g0g9-k
fX95w5dTP6w
Fv7pry8P4AI
xNGjFN2ET0s
J-DdgS0zhjQ
_ERIRyhQ_34
D2HVKlqYwks
_T4JubS9c10
3Y85g9rpC8E
GezkCeOCoys
llx1Dy_saNw
ceItMiYZe9Y
PzNPk8iksls
xJdyXBjMQx4
xBVbkPxSV1c
1WPUjdhWLbQ
sb-mU6wgeF8
bYOIhmZ0Osg
vnNgAxHfFo8
mPqWstVnRjQ
MkRuJVq-9C4
iurXFfNriyg
Yd3KkNKaIzM
wyyoIgsPSz4
YFAOwr1lRTw
NeTHwruEjhM
_fa_ZA9k5t4
-0g2sdcHPXU
kRtwWV32f0k
5n_3mnJfHzY
1uvKczCPQok
V8DfjXnIk6c
cTdE-vlbm58
ca30mO_8NDY
ZyBsE7UyKkE
HGBOgSEk-SI
ELUCUFQp1_k
K1XrqZsV0-Y
lMzjEaNFbAk
546yHOU3dgo
Xr1yWJ0l-M8
iZPH6r_ZDvM
YKBbN4bxg0U
P2FCBIpKCdI
R5ddRZFtZTM
Dqfkh4XnajE
w3auXyjXJEc
9AwFGXHLCuI
zefq4BACQn4
B8oZV2CSsAY
Lgxu9Zetj10
0mBDcyX6WGk
u9V2uCLUe5Y
dpuLT-ldISs
1aVtVX1-j5E
k9PAuyB2IVQ
6NAcdkxM9cM
8mTld3rPkJQ
mAJyHE8RAFY
uQ1JeII0eGo
q5_9sLvLsEM
tjegWo2oPVg
KicXFuwYhbc
eSUbAroTW6s
6G59zsjM2UI
Z736qeg4Z1Y
6RzIwA7CVRQ
qs6e-3KsHi8
fULtYTDgZgA
G9rvaTTqbIg
hHMSvSqCDKc
by1OgqQQANg
FL_tzFPyVVk
LzP9Lk-WFtg
qStaxEpnj1M
BJzjJaDrf9o
Hkz2greEJuc
v1xePSUC3I4
dqcQu0yGAPA
5gd5q_Uw0FI
PXaEkaZHR9M
r-Gr3xm89-k
2Gc3ZftYmHg
shwRkoAkPyY
keSoSyu9m7c
rM7OsLeWZTA
UQTfyjhvfH8
VAgbfrRogHY
GJziBQ6OLoQ
78o7X2Y5-qI
A_7RmheFRz0
cu-7WSjaVyU
_uR1OASCg4U
2kL9I7sRwF8
KaPfC_QV4Ho
Ii0PKGLAdyE
Pa181ep2Yhk
zKsZQlDYq6w
J68gH5PiSZg
rks0RpzXhzI
J_Wxs1SSJBI
RS-uCW7Jrks
bPcY-JPEvAM
_f8jVhsXM5A
yq0TP6WpyBs
s_AbNiit_cg
f2U2FKHDEic
PHzIgui7ZKw
xrBCsLsSD2E
Zg5jHxu6h1Q
cOqHlD9zSJw
FYMXjYRDAjc
qFa6EiO3tcE
n839IbPGJ4U
JAqAr9ufmM0
A6dqFcOnFvk
W4KiOECVGLg
hOnefFVBEb0
7krasbTLmBE
MHKtVo6kskk
ht3UXqk-6CM
h3uEektfk50
riYgqo12jkU
xq4Y87idawk
7MRBsKInVDk
cunSB69gaec
k0uXPjSC4kU
miRLdnTc6fw
Tfj8mfbbTaw
_ga-FnSeHVU
Q7kWkyYP8oY
obmt_PkIfBE
F5oH2Asi5Y0
5B_idqiEoUE
HTKJNhQpY6o
nGpA_T_Eqc4
nFYvmTWHhnc
tFlAFo78xoQ
wGJGa53ViBE
F4HthqlmCao
yp_M4J7XiH8
kvitm0bMHyA
USg3NR76XpQ
Xg6MvPJhyr4
AF2tU3gBUNo
CMejeTP2edI
FyiT-z33gU8
1YSybjsqJc8
GwbxhZJDS6U
rizC0XXbHF8
2fBVlmZzh6c
XhoNnZm5IDQ
EADjBjYLoQk
0yp7a7f3VGw
rbFODj5L9bg
QGvET3i7ucc
McAGTNINJkE
FVVdCikBDQk
oKiKfAmysrI
FTnGWhS1He8
foTkLE0GNK0
f40GaoC_pNk
nNJ5p6sAn6I
-2zp_TZ5m3U
LH1RUk1w_xk
Ybmx9DoBCR4
vN2jAio0djg
S4utkb6vSyQ
A0yd5vAf3Gk
PZbKarcIJ7o
bDhHK8nk_V0
HlOAecJf1WQ
YGYx4l5yIBc
UcONcwP93Lw
fAmvCrObdoM
DrnGCExhsnM
4OjTuxC4K9c
LO_qImEBBOA
J8HeRcXtD7U
LquBMLBI9CY
g5754-P8Avs
SlxRS159rzc
buyBzK5yM-s
BZzUjCjk_xY
1E2-rhrz28o
ERpqu2GNC0M
WoqIRSZ818M
neVsniQdOnM
iFXW_5j0yac
fvUGnN4VF38
-mQjF-tPdiI
jYR4DrHWL6U
RSqO7Q_AK0M
bxjvW8CUgUQ
v_P55Bexc5s
lye1lzneSnQ
F4op1iLPns8
nckXqq4hE4E
1WlB_S6r3sQ
B8xtAJUt1Uk
l7L-KB__GxM
q1hnvEJwSa8
qm9lfWTGmDY
PhHtBqsGAoA
B54lfdqJwuM
5ZyyuoslUoA
JBUaH3JbL_E
LKSTg9CgQq8
-81h4-sYIbk
Rmkb6mmmvGg
cpd6M7MmSZA
ssx1Ev5SF9Y
Mo7EoL9OAxY
_vCN5cYf2q0
dkWZRDEvvpE
baSNHz4uiX4
SW-w9hkx8mg
30dLGkbbq88
G8lopnQFj5s
TOOoKKRKoNI
UZPCp8SPfOM
OLHdzLpMg-s
b9GWqfNlWHI
VzIWqEprIK8
98hydtila4I
UrSqbpV_mcc
AJ0-VeWMr-A
hJjPrYnYADU
MOqSQ4xuFdc
i2fFT_Eow2o
ybRjjSjG2mU
LUfe_p-cHqk
ruN9DY6Oaw4
4lAv_JQtF-8
q0ffswUVoxA
p6amtf1-UgY
4ByFZttvtcc
OYK84qCWz_M
uxM_CLsvieE
aKcoITPGui4
UlNvTTfUJ1A
lsQw_xe3Uig
mFm_yCKWaQY
eivykkYwkh0
oMfgRqri0J0
J7WOEm75mLI
3j3YZx1fb64
CxxS_vCSOfk
uquOf44BRRw
RiS4v4hMnmU
aZ3IVET8b_M
jhpD0Q-VNQg
FqqSrA4NM0g
rlaNNbBXzAM
EyPYLhAjh5Q
nZJwvRcaBaI
kXohaNL8qVY
lCDtfzWLNtA
4DTRsS4SnVk
PODN4osc_2c
tSPUJlkWZYI
JiWAtMEXQP8
HQ0Q-Wlo7IA
zRvTjDZJs6A
kZpVvVlmbfw
lDZY2-pIzYw
B_dVBa8S6tc
5r-vP3N2uAg
f3SZQADGqfQ
U6r3sbA9XH8
gw_jzesLHVw
l5rwIv41ACM
9h66SuO8nNk
NKsBZ52rOok
DZDx1Hdq0TE
80JBVhViBds
b_gAJduTYF8
VUXwEiFodms
M-qSKa6kH5k
XUAC47VTqQg
g5AKVbx2M38
AKp5ea8h-Jw
lA0atLQJ5Aw
qmSgl4mwZ4Q
9wWnpCSYnIU
MuOkgCkob6E
tka857PmVXg
CrFdI8U9Ri4
anDhvDOW8RE
ofGRgUNljGQ
najP3vESrp4
5O6QPTawR14
3-SGqRToXYE
vzIGGKJCdJI
ACokM8ybgnw
U6RoBrNUsRo
vEv-vSu78IY
zUGP-AYXeGA
EtuYvSXbhaM
frb0m6FOsL4
RUNNavAIZJg
FCL9n8mMqJw
ChAl0c5ipiY
QibyvFwkVC4
AJEsIBxxfdY
mvNP6blyg4E
EzSE47_Ddy0
rCrdj40N5_o
9eEf9Kn-Nyg
cBSwJnZpUI8
88KJ5rgCNmk
9KjHdnNdcjI
RoGdMpdZXzs
psEcI7s2MRA
e0yowztOGI4
2xplJOx3Vjw
MhJfNsOustk
yNyViE_8riM
04wyGK6k6HE
9gdmF80M574
Q-9J5-KCHCU
iNxq97ictVw
JK1eUSvxJSQ
X_yq-4remO0
haKyVcN0Zrg
NJCJpmUAy0s
KNobzrnSRMc
0H5LCLljJho
P4DKRkbWFEQ
UHAwm2VGXE4
1YXYwVP-qvA
xzrqw7MewVU
BBLt67Va21Y
6PrQCEAKYQ4
lwn8gv_rWWk
p3kdmOQlqfQ
ntPmBBwGwZ0
EIFZV89Zhp8
K4AhMlH80HA
-95-KKZqX1k
THEJ8jrxcDg
Nh9890JMuG4
l1DXJ3uDVkQ
qkPK9ylUcl0
FBIVQGX1DCU
iOi2BgMErqM
cEyazY5eALY
1OppNik5nSM
H2NtdOKn630
ANigdGqsAlE
5MtVF2Lf63w
Ah7BaXEp4yw
UajO69gNMCo
YOzR2Z91NU8
sh8xuequtdo
knWCsonQVG4
w0tG7a2nn8A
LSILESmMWm4
WRADEtBzQFc
Rn20VIz7kJk
o-dskj5QGS0
bGQxsgvOtqw
4YxQVPES1fw
d2P1L_7uHrY
RX5Iw-XsWu4
09XK9j7qeh4
86aXNi__oqE
86aXNi__oqE
k8Vubm3hprY
QLAUYeCl5Pg
4lqySrFOafQ
vbT2sQ1GmgY
BGs9yFwmxf0
xSloA0Sksjo
4Qv6m0TXZpQ
tbPwXCWc0B0
sywnldE9YIA
riYY_tWgcIY
_tkK7w_7flM
U_qkB5905FU
Xcq9BhnNa7w
bGu7MLp574A
JBSzuTvd7Kk
7TwCTYVPWO4
jEnHzCSTcgM
7j00MvAue_M
Wnb6jXg0VB4
19bAXOQ-BEA
oxGQ-1WOZhk
juTQPWVXKFk
cqsB4Jbt3m4
w3Blgwik2_0
_d3fmShgl4I
VgNq12jnj1s
V-hYHqnyhvI
H6EMwhXM8eM
HKQqouvf1Wk
vAm2Br6QUKU
c7cHV_35F6E
OVbiD3GT9bs
F-pgrCuAalw
1BUL78hbkLA
6FtO15N0iho
1sOxtBiBpE4
OyYtCwMct9M
gRkeaH1WmnE
v_2vNj8pshY
wakKyPKdBo4
ydNwvC8IrKg
AHGWAsSOstw
XUXtHzOFOqE
dIFjasurnb0
-elDJUd6Tqw
0CwrLaMgxqY
2gakDsVOEf0
RyTydkVb5k0
CF1YHEYU9ck
ZxcUCoI2gxA
qrdttfch9Q0
TjBgeuTvnnk
K0rPG8AkpDI
uXyS-74sRTE
V7xrmadtPfQ
z22axzm3ias
AnWi1qgKLvA
jm1kTvuWjeM
BbPY2aRmnXU
JGakNyTMyNY
DLH3C_EJE-w
zcIl0woE7nI
FfsUxrGmbdU
uA0LmP-Kfnc
8eDXRaOll-4
VhO1-ZEEZa4
WH7llf2vaKQ
T2Q7AUnB_G8
Y9Us4QH7JbY
_0OoG7OKnZY
UJd1Q6hFff8
9grShZHGjx4
iwcP6dAAffs
yA5PoLSRWeA
GBlXxfoGkpU
jUKV8xbXod8
oj4KIoaq8Cg
5CZPbcrZhOc
YBNEqzo7gOs
TW1qPP0snF4
8xk7A_aNalA
XMu33bKLdhw
rAnLPKGbytU
K-4RxJ5o98g
oVmiydHQE-w
Gg8TPNFrLCk
LnH67G7vAu4
Kh0hhkPcIEA
pVqdvbWsYVI
VW_mTW_p5yQ
Gp9UT5JMI4s
Xq1JIlVROF8
5SHzgTfvnGA
Bv7X8aW3raI
ujXxrgSwnYc
9ZDR6uTc3rE
BKIGb-5-O68
6tfV8fuewnw
E42xqCLG3XM
2nIKljWrTLQ
Bh29iFLjGdU
WsS7kE2ig-k
SJ3t-htSrdQ
GEc1qeD7UQc
29mVxHoX76g
OD5cy4I6d2s
IntJ33xvpn4
LGaayhaIIU4
Z-H7mdQeA1o
5kedW7tX2zY
PG_xHE9LLsc
vkjmUpx7WTY
lqcVueOX_2k
mdFW5Dob3G8
BtQzPS0kYno
2pbRNSMkDDc
BChxQHyFIOI
kdDo1A7EsyM
Nbx23mt6VVk
d8nuCGMNalw
cr6WRxNYRiI
RJ5_hAEsLkU
JKOjZLPXLhk
Z5appHMWLJU
UkpiU_q-9OY
63orQPOmRuM
Je7_byxCs7o
lg2WwILItFI
Ef0g-oJ67Ic
fhyxKDooLz8
nuTkKzu9zG0
F-EA8LEM5pM
SfD6tpUI0pk
O1xB_dsbPcI
pNkBtY2GRgc
fk4r6fEqoTo
wKnHmSLmnwA
RnvxVwhecJI
KQIuHGbKckY
yn5NjiE98tQ
4aYWcAaEPr4
_TdWzFVe7vM
w__Gbg7jDSI
EswYHJdD63E
9emNEgLP3Ds
CoeuH8B8t58
V05cbyPm01Q
kKmJd7FW6vI
SoXa3nAqtY4
zEgoztUtDqQ
Ueqgwuz0tAU
hemU9Cyruho
TylX6z-8egk
yoM1tFJZ3rE
yKXhrSpEQpg
eDgZnEO2lJ4
bS1OpC9xu48
CEuWo95DpTI
5owrDAmJl10
wltxTeZpzkw
9sN27m12s1s
GR0QJtfSsUA
T9dP3WgZIu4
4EHd-H5z3HM
UHIe_QRWHdI
WwBfIbF4g0M
zfmARkj0LeM
vW9Yf2Dc-5M
m4ZsVVunUeM
31phykl9D_E
UotV12Zd4W8
GtECvxqbz00
DqhkAZPU5CQ
JRli5x_pHWk
-ooLCn-bCgY
Prxam5Lp4S4
yKy-PYCn6mo
zwcAyE5lQd8
3Qn9LUxpR2E
27wyWSuhm9o
JpmyjdxGZzs
CSvTJGoa1q8
rH2SJQhoAQU
L_WaIhnUyQM
yd1f5Zp5g7M
s2bVEwP-PQU
7Vv4y0_TBa0
zxHmduVll7w
k5kZFFcmZcA
oNyGCJebh1o
dDJdk0j4xnM
O_mpUC9sZoo
ZKCA25VtY9c
7h2RY92XyDg
sXv2xRXKOUs
REyhiN5nRfk
bjGgTFw_3iw
2iNpECn_8WQ
LDHoQdz__6g
QT34Zqln-Fw
qe8U1kV8zRI
4xSeDCsl43Q
ONYJ2BoQDnw
OIk2FT___UY
SDhtTHP16aA
FqfMcayaGHw
GHyep0OROGA
MQPsiyB1RFU
FCLKoT6sDZE
ZeN_w927bhU
CkcRBzRLBPs
IA63U3_J944
oq2x8SC9RGo
mzXF2cwfG-Y
uMifGXEEAA4
TE_6tVp3tdE
pv18Kh4-vIg
VbezdN75RKE
G0DXmV56OI8
Gw-nx0AsHng
rWxAvq1DCDc
Omg6sITstr0
tM_COshDEMU
BPGxqivgLd8
CuzVlyEET3s
1WAYp2LxULk
bA5PDh-9hjk
Nwd6InD2nDk
wL9IXNw-lSE
NhkujrY3EGY
N3Af-R0VPFQ
JMyZjQlK7wM
s2-x_YOn7EA
6n8s3IqM_Ck
NHeecBsC2ik
AVQfJKg4EIY
SF6h9ZGkqnI
KZBmzitrAJg
DqmbYFUuhls
OCvjelzBBa0
k0maW69GF3Q
GCQqpp4LGVY
RQnK20hCfwU
6MNPgvdeDCQ
kwHYqeN97oc
eUDwTM4j3y0
ii2xTW1pT1E
i-CuQnbM3MM
hdFerqK9P8Y
anXNPuYdMDc
kn1BHVoumPU
rEfSdPz1WtA
nn2BVILWRT0
WZvucbACmZQ
xtlG9qPH8Ds
Xoe2Iju6DsI
UBLFhv54dUU
ZKiKVWDac7k
lWbJE068bf0
3euP8g3434A
QGp9bQzl1Wk
NnKcquMobHQ
NDgnODgoZCw
9quu4PrdQGE
yJj9q-67ivA
s2BU4d-G7c8
MxrHlhTXUPE
6aA50THi-VI
vACYwvQSHJc
aDejwCGdUV8
S_hS-JXoTMk
b_LL_H7L_Tg
QQ4klklA9Qc
UQfWgCR6dow
lFZcX158f9E
VFY45O6wXQw
GtD8oMMJK_k
Fk_i4Fnj3CA
WFDfWOIFKnQ
w1Y6uau7NRQ
16J-lCSSMVA
vq2DaDwaYOE
kDzNZyrDiWc
dkZv4AR56EI
NMR_-8RBWvQ
vBWv9yaf_w4
XvUX02iQGYw
A9zS94x2nd8
gBowgJcc7sI
Np0jGp6442A
_WmGqdrmDqQ
frVdO2E5x4Y
smeWxHWpbtI
Bkk11KSSVgY
v4IyBf0iPsY
TVt2CJewjFE
jEJgS_8XMfU
vA892WDF4xk
YfnQWBExTYg
lKsUXScjhgI
Ik6vu_ZmWqw
3bQf5R4bEwY
zi_vD1FdpoU
1CiYltg9H5Y
KVdYipxFa9M
dGL5eRw7rXU
yfYYhJaQTmU
BGBN_97XzkY
xxdXOGBewX0
AcAUUYxNzYg
RIQC3zHfVaI
aqM4E6LxMCM
SMsquUcea-E
WHu3IqgArJQ
5Os_QpXquA0
D3RRIv4tR_c
amB2kDXhpqs
8W4xkw2hRjY
mtCjZ06jIZo
wkC7HjRlDEU
5Qh20XWwxMY
G0Fzg5RB0e4
L5vmTsEOa3g
wvdM_u4NZQw
17s-zO5a-QI
ZYtZP0B5JIE
AL2ampi5uqs
5Kzye3El6KI
1xDGNdWU8rQ
OPackriEUow
TghK2L9wO4A
QGIxvN4PlV0
If5hIKxIO5k
qfrDmHnixCI
rR7IqzwgGeU
sddZCAGXYqY
TUCOUoMb3VU
lSNs0R8F-vU
rMSGMuumwu0
vXjbc0jh3pY
hpFCIq5mygQ
HYhvzbq9qmc
yuO3HKSlM1w
oQrsGjT0Sn4
izr3Jsjee0s
XR65yF73R0Y
FbuLWDZhDo4
5HPFzG3F1G0
2X5cQ3vSas8
rT6qjIc9_5M
LNw8cGy7R_s
PgWUobAhFIg
g7HAl-PerxA
FApCVOXoweU
BRWIeekvVw8
YGoQHnt0GfI
_qmRRGVLpE4
mgumau1KiRw
P2wDH68rvDU
Ndg-JGmYryA
rUuFMjhRkmU
hC5nKPHAojw
oWbXD22QNL8
hknnVPHRBWk
1GaviDYQvFA
fz28ZIfld58
MvD590UNu9I
X8m2wwMXx-M
cXXNPc3aVZI
AeeDKfq7OtQ
lDp0BCAOKHU
OXesE6KGd1k
QL3G5NNX3RY
3POk1WaIuEM
cGlGVXoK1yY
R0FdAxVwIdI
iU23iskG1Us
xouGf8Y2ew0
8A1D-f_meFY
h8E0HtQmgfA
TKGPaop7hog
vW8U8ZAhGW8
GEVhE_R6Dyw
7zWH_9AG4g0
3dqn9F5n1FY
mf2bhc0BGfM
9n4v9PBKXZg
rTt70azpVB8
qzB4SM_fP6E
gPPFhL_g5Mo
ZJmYFlvKloE
1_5_zDYceeM
PrMpaXZJFKE
yKairs4-bXs
iva_tp-QSAc
wdu2byloRXw
UR2wxWxGhr4
FEJ9dXJHrNU
V5vRbSuijgs
qCprCxunLsY
P2uW5mlq0Ug
_aZ6mcKQwRQ
xtwl-lu6goE
rwmP7upAKHM
PS3xIdFDMFs
Gm8xFaM-raY
KMVx1mwdtx8
3g13syFwFwY
-wQPvXHjZjg
LeCpHugyI80
yI6mHeDvOGI
7fnnZm_pQv8
HKZ4_yGpq6c
pcR4QxSqjn0
75LirHTjHzA
BJMjGLcdtOA
KgOaVqs_QdE
KwinucZ69jM
rcmrnJC8PNg
VmKN7MWrLJs
ciRHOJb1F20
K8px5yMi2Vk
jTqSMi80CDM
kbcfkYJ-zvM
06olLYiMvM4
zVoNWhpRWew
HXGUmKeCDQo
bWST-xFYCrU
XfR_fAa2Qtk
4LO0Uf1sqI8
ZGKqw9lu158
-LIn2KqkW-M
htXe20rk3as
d1SZAceBcTk
AnzjQcrB_IQ
gjUBJRb7p7Q
2beO5-bETJA
lAYYmfoyLCI
3uM_dwZizIA
FCVFCI9m-48
HNgSfKQHlrk
XH7MCpD1j-I
1MrhsUTAnU8
GofZQEWc6as
4kvUgZFAz5c
1SO6Gisp2hA
ie5IPWK26gg
MQAZTB1gkN0
j_3DW0He_VI
iwzw3dlR838
fBU44KZthsc
rCXWyZCJfS4
U1S_qDWxmYk
uOi9XP5MrpM
QZl3ohphHSE
KcJIzia56gs
h45YAb2Gv6U
9-L626DnAuM
y41bc_vzV-M
G0Cp7DrvNLQ
YmIBpAU4qwI
9i_4FCSj7Ms
Vb9HcOHXRzw
PD585_vWPLw
jDZN_L2H05Q
b0sn2a3cMjs
EDIntQy1268
5-lTjWrg4lo
VjeIzJmrZDQ
0ub5OLNnN-o
hXfNAiX9d_Y
xICbf4iCFMQ
By-zQN2g0DE
j8q4XXYQZK0
mNsJum3ilWs
K2fLwDpxZz0
KyCMYhRQjds
VWu9WyDHnGs
-huwxNgLRp4
osWoNru-1Oo
UhD960cX35M
kQeoFdQk_0w
W6tWNhTDuj0
QDrZgYta3Gg
qzzMuSx3-Pc
krDX0EoB3dE
pmTEa1TNAa8
B0iB16i5Ek4
lcFPOPB0MmE
oCy_CbQTY7A
3Uj80TBhdUQ
Fr8E_ALx4H0
2nC8cqfU_YY
teWae5Ar6ec
9grWo5ZofmA
iPbLYlL0YGc
gS2mGBjgnk4
s7ObSwWbvUQ
5wwbzwUXfgc
1MzsTcbZZs8
QuZwcG702Mk
nqkzqE_Fg6g
EjuVJ5-6C_M
F7OqZEGLY-g
3QH4bs0QdOM
sfHkeDwD6Y0
IHDt5tjQveI
mpOceWcvyBs
ofb9IXJBd4E
tbxPxFiOIKc
qKbe1-MFRsE
0swiKKUHIiU
CQtxTcnrROo
I6xD-1D-yk4
bYxKSB0JfCo
qvFz_gfisBw
0Mk-Uqd-Oo4
fBfZ6rJj2uU
K8t8axAOnFA
kKP1mq7qZRo
-TT_Qi2TwDg
a1AaM2y9IF0
6joR5T0QCAc
RTOhFUI5IDM
bnO1hXvAV2c
5p4FWbp38NY
yS3vXAAl7vw
CMPrxj2ldyo
WUBUFiBtgQg
PDMFutnJlLA
40UR9eT9j_I
RqjFR_Eyyo4
bRnQXElR0xE
g2KP8-zV9mc
YN189HU7OyM
2wuDi0i7_ug
EdXAN1g3r_Q
DBlVFA53gTc
2Xw5EgZdNvQ
NgwoHp5cfls
SSf2bVpibmw
qN8GevAI7xk
NTQLQmkjrfo
2LuMSNO8OAs
NXKq3fuiEJk
B0vfos5yMS4
CbCTYVP0mQo
pZd1W2YNfp8
RgRvvxOsLK8
TAP4jZLcKms
Av4Bhvs7DZ4
pz10SCrCTNw
3x-mO-wWYps
b4sB1uF8xb8
Zea2IFOHGBU
7eMv_tkgzcw
hxKR6gtkSYs
aaSgP1nIiLY
jFL6Spqt8RE
EZsDHWNtiBY
yM0YCuOhwdI
3iRrTdM9gYg
q5UC1k1LoEM
oeVVhWvDaDE
9HruqwjK_uA
AjMX4_4faX4
zwiZ0tLyNLU
5Ho19LcVdgo
Tg_g6o0aadQ
Daa3IkFW4c0
W7zfnNH1GD0
91IwIZwXcJQ
xMyhzJfAX-I
ZklRSn92ek4
gCIGXplxRi4
R_2G6dBeReM
LXjcN45ZVzo
uJICeNV76YQ
PiRmPua8MBs
tIh9BBb24SI
HZhos-kYy6Y
gU4_mW_HCUc
pcoWKxyM5vs
jTf3JnNzEyg
zn9rBC_J238
LTm3TMhanWo
JLgu1UngAwY
W7bql6oNBbo
w8Q6CWv7IXo
izHHCMylB7s
vtWzn9cRapQ
_wX40u3199M
7FZgheoc9RA
ASk-uFGou4U
mRnXxrELhag
NpN_AcIy3m4
gKkrJDmzgJI
mc1iqmT5ORc
Gad0gG7SABU
CCGCzfw46P0
zTRY7pUdENw
gpBLqm2nYf8
z0Wwijyye-w
a6uSY2QmaVI
k-dVwuUBF9s
v9kYak4BtWQ
DUaQTNWAyks
GgU019YhN3c
b4at4sbCOr4
t930gQuODIo
l7j5bSNTeao
bICR517qCKg
LDRATLiPoZc
YxZXQS-4URs
NqsH-DBfk0o
0EI-6l7SSkc
dLfi4lSFwg8
dVAQEJgyyDo
cbM0aCeNGl8
_K3EiRMB-t8
G_L3e3tTFlM
YHpbXtDtcoY
uhIRGGh_Iu0
fifFgeoq4Bg
5jqxL_dXWI0
ussg1ukW2AM
MVSdokvN6sA
jFx27PC8lco
oBiom1YzJ6Y
AVqtXh7T1HY
S8Ccl5jY9do
QH5dBdpIiJw
OVBlwZJIEts
p7DWhmzM24Q
SDKLOt7L3qY
tC28qX0r8Rg
1qMFgw8KC1Y
WJG61a8qwFU
ETEUC8AcjwU
0W4I4wbD2Bg
M8U-2kQ3sFA
3tJKWgnyjxU
SbGTvxw4EWc
TmESFGfOzCE
9fFn7pZQtlg
O4wc6kmgoD8
bSrmhPJ_8rs
JO5DQIlubHs
e09h9Z6Oo-g
EmW9sOQubQA
W0JyKvzs8KU
eO2V6PWTOCI
YfsNP-qgdZo
FnzBKQhhGvE
8XaHeqho9lk
4lGqqBEgXkk
tCwL_GXMjzo
LvHFF6UBn7c
xZ5fWlNi2xI
2TPyx-H1MVc
W9VLQqQ52Gk
aB7JKfDQ01Q
KWUPoO0uBME
2jFVhNYGnZ8
NPVNEQE4R3M
eVEBupwo51I
AkZwLQCBVeo
wF6AKIRnYoY
yhrazoRgea4
drenC7XfKLU
dIHNcX5Bx84
U5wRWGfvJNE
WJNlwT4gA-g
JnbyVP2F4ic
o1KCTcjSS5U
VetG5f6GJMk
6NKrfGdU9js
xnPcp6lVjPk
5OzGM88hXnk
XBhXzoZaGas
dNLiNny1me8
0lKs4yj6iks
DI0eficxckU
fNVqwdyMhE0
yxXoRtRr3WE
rx72my2DMro
xtbWsYplUt0
7hvQ0M997ks
J73SPMrQBos
PFaeyhiK3Go
m-CWurN5xcc
NI9-cKsXIiY
y_CC3a4bObs
KxrPM1Q-Xeg
L83QrftSqyU
axxd9N0w8H0
Rpq8W1NEKbQ
Li3IFMcfowI
iZcxStU0STQ
czB0QWCQND8
E7-GjzIUs14
lEDJWxjiAls
_gGka0EWlrQ
RpufW6nCy0E
XvwO1PJxjRU
Kd_oBd5DENk
LORocqLGljI
R8steL-9kVw
SbK20PjYckg
DgSLkakMDfE
R31SXuFeX0A
HBUoXxLscA4
u6snP_ZoaZo
x-cZehoKj5w
OZqraOZGMNo
k8XGRoECMOg
-Z5Jo2-tsAE
kjwBePXTP4c
Ou76pNQJUss
wP0gQLnsVfY
F2MoOM1ctiE
6VXdosvVpQ0
LYAI7c_6tfA
HLPAUDm9qw4
C8WOiLhwctE
_awG6L4GdKk
zpvI-JD2dSs
RictLTGVUwc
t8SNJsXRsrI
4YnvO597zKM
u9y5lgfCkVI
Yq2qs7JXiBA
X3A_mRekOyY
x2TPDwYTfh4
0s5U1rfDW2U
YmNxsBwTd6s
EnhGlgCm4MU
2SNRJzk4FNQ
imgP7bfWldE
eV10nVqIvk0
lDToIg6WxgY
DuCcjgTSLnw
DU_ItzAFICo
hkzOXQyXRSw
MhXA6x_pNcA
4Su050aZg2I
mrbfnT5-QbU
pHcF7iC984U
wqa7Yio0Ci4
Rt7Ja4RAssk
bM9caFYTnHs
iJO8tY3qKGg
PreO9uPeMw8
gdBVYDnImco
bWToVLYXr4Q
qIWsCU7d6Sc
_yujJFfoaNs
bLO95-sRaYE
TWsdERg_wlY
SyiNg4-kc1s
ywGTE_bobyA
qEtdp4B3BJA
dF8VCmxMy4A
rkuN_VaH8w8
oYb6UJ0XsSM
UiCS1pTVxf4
7ZVUoQd-P6o
iF0MpB89ELc
h8ARArQrow8
ZqyotYRs7io
mjpR_BJB1aY
72P_9jmrOVI
rng8ToHDjaY
C-UVwPqs8Go
irV0M5GNUbk
uJ8Y3zrQWnc
hkSWn0ZYGFY
1aFX_ypji88
no6yW49SmwU
1eIyKPCgHL0
l1YuUpg3RM0
WZ1Dm-dcl68
Ihw9yxrGrZg
T5jMC8j7ElI
BBIoOLH9eEc
5kSn6SEPg4Y
bM1YM-Ve7ko
rTVRG3OHrz4
fxXLEUqrIyo
_g-_vWe5mr4
EuzzWq0qzN8
SrPz5o2_z3U
bZ7uVvZsyQI
G8LtKdikuTE
_UvlnFENC1Y
Oar_yELHYpo
XjBAHRAz9QQ
3S4R-Vz0SRQ
lWz3_AZKBpw
with5ng8K2g
Wk23Nr1rUNQ
mIMnuftV5Qc
QfCqqMneXB4
HTCof5wVWA4
hC88FkmYPh4
JZIBO9GGx-E
jHUkutUoij0
XhUUsscJZ4U
R7iQydsqoew
nypesTZ_c_k
qIfQnw6J4OY
8UM1OSWvjQs
RnXxdIqtzqE
BtUVNYpbYh0
SNzyd8z2gQA
QF9gZSN8t-c
xpnv-F8_3H8
xPKPIGba_Fc
kmB8_DNeg5k
QjeV2_hKLao
JKnba0bP2us
KSvoXg5tjR8
ClX1lpQVqFo
dlkLphu7bm4
-T556S3XJro
v4wQRk3AnBw
XMrVWA7ycjI
KVRcd4QbrWw
X7u-D0TzbVM
9G7t5BuXzA0
m-pkBpwpJG8
PJ7-g2P-0DI
ZI7IuuXewiA
RanCTf_hj_k
PxliT56AJ84
qh0xB4OJdpQ
nFgGXeHWa5E
3Fhvsoh0Jws
3ZPMAT8CiZ4
nHxtfu2WDSk
e4BUF88CCek
Puw9I8PQKDs
H6JzU3kPljg
pOhPRmtGkLI
e6EdiMEfDAE
qqVFILZC5e4
j7l6SGEa32s
jdXs_SAlF4I
WYbL4m_rlgE
Zp8BeJM5nSQ
7XTtHSObaS0
HZMtlE_0rew
cHZa-B3uTuQ
wgnn0oNHG2U
kS9HjxXEeqY
sgyCgLdbzDM
Y6fm2JCrlMo
0qd25M806j0
mjD23OcVJvk
jb4bYYoWugQ
NIuZvdGTX-w
1cexawnOlR8
EhYd1W_uv6w
2Is2Np1j5iA
WGgBN1UBi-E
JjtKkywT-PI
8IHU42j3evQ
F5DD-PUBk6A
UuyxFw_GbuQ
uzNm2p13WDs
kOGLUlH39es
RqmJsKkloCc
EWOF2GJ_Smw
Oap5AjKPWQE
Ec_BcTJI9sE
qIgjR_IYla0
VoAz5s00gts
7yyKQoPF8-s
PSVogp2vN08
LBXCZHqsF3c
aJeGeclGDpQ
K5_cTGoEGgY
5Xq_ZYB8rew
wHqdUYAIEHY
P3y3YgjWJDQ
zvfy5Enz6-c
f9srqWvgvGQ
sNT2-RA_708
leI4IvhTVRI
MYLBnmiapcU
dbGZ5augiqw
wfINL6ZxWdU
zycTf2r02jM
H1fiuAQLpnU
_5Ej33-tBaU
l2Hw_EVQDkQ
BIcSXsPoC38
bIZlBXnvJwQ
pAm5l-XiKNk
pAm5l-XiKNk
6uykDAiT_aA
8nf4Py_vRFY
9-kgJg3OxPo
U1lpIRNiWyo
dyL7jQf-bwQ
t5YIJd5ByH0
ZMLE3Pd1bt8
82Okj3isNAQ
RE3NNS5qJ20
TCCqIiohaMs
q7RHe7aXbQk
9I1chzKLQUI
NFzSY_a785w
bfTgBI3eZDg
GjKKorUXoJ4
d5a1kgaIs5M
4jFmkSqaFlE
oV9Eb0WdW5Q
BgbS0ObVdJE
eEOloZrC984
uxTIlKx8HCM
HutAozItkD0
IRzQG1aEzLk
Dphcv_rQx7w
AsxaQ5cYY5c
Pev6Qu04StA
ah5Nxb9Of-0
1LHIp014P9g
jj-qBlUmfbY
ySQgAk7Df84
uN2D5zcve4k
FA3orUaXhD4
6y6kl5zoTJc
kXmr5W80BF0
JKNlhYCkuH8
H-AVgMQv5R8
0Z9wmqlypUk
62wXeZPEhao
jd5WZk3lpRE
7837IJcoEpQ
JUw71Ij7YqA
1cbnCrHwVSg
ntbFS2hzW0Q
Slzg6X53xo0
OS0laJvgVxo
Vj8XYqpUUEU
Yp5ZW6dGPCM
-umv7x1bsVg
hmLyPqGeuR8
ruY9Zvmef0Y
XoBPGwi9x3o
wYv9FhCpyDI
QsCmbtI6WcQ
LFbws0IIqqg
I02ddD3D96I
GCx5ipnCPuI
Jj95nuyhVJM
dIbCHBSlym8
DGLF5yr7AuA
flDkHvFmYb8
FHhTWCknDLs
5CfMCU2ZwEE
vWH-8v_x68Y
ZfGpbUq7F7o
m6mo3uoCB6w
3hiUybTxm9o
mzVErqgZn7Q
icZhxnE7rlM
7ofRCZboG30
uh22FB840U8
Ms-PdERCBLo
WhkgnD8JTI4
5SeRJe5MMbM
_sXnkY-T0t0
4p3tN_iFHY0
aIwgqIlXNIo
zB-Harp23Jw
MqBhM4xFm8Y
PijwOBg8yNA
0Ozl1vKlrz0
kMPYfcqd66w
xA9ldaZp7go
TjQcaK2Oa4w
9ff-ADTvGSY
2C6GDa4X9Hs
pHEhMAJvf9s
vFe1xEGtpjA
WyU67L5biCY
lYQirzcsiRo
IiUUuXeTtqA
PAAsiUs3Uwg
gT2eNlRRI_k
mFxU5veg0Cw
uATCGIzPRQc
0CcfmYnMlhM
gaU87EYRejA
ZvdW7Gf4YRg
va3mHhOsVY4
kiFM2QDPbw4
g-mqQ9X0xNM
zrC1LWkKfqw
i8cDwucTSbo
lD09FKGWSY4
RhFajR04G0c
69u4HL4Qcac
U_lUHyN-4ZA
g2fdfsghFkc
kDDQeGxQwOE
yyPNkYmdWK8
x9P8109ho8s
pongryYlH3Q
7eYY5pxaLJ0
YFZiXe9ZOyQ
k2bXaxbcjJY
SBgj3sdJJRk
i_HqR46dU_8
Xm27e0oc1lM
u2godOnik-w
O4sCjijkvqc
pmWj8XWr-T0
Lw-fTK5oP8M
DsXx5yB1zeU
hk8NfFhRKpw
bst7GJGTVgo
hlb7gUdwyyg
zgQW7LlidFs
a5mXPfYWPlA
zbjrwJG54XA
daQf2_BNKXs
ITEFUm6m3nc
wbPJUAHtOP8
7KmBME7etEw
kcVeCaE4K9A
yeFVuvGBJBs
goBlcIXwRTY
er0WIOVmxdY
7-IOCUCDL28
9tZq_n1_yXc
YeTD1PtAS2g
c832oIIbzQ0
Jx2dyhRBkHA
pYmuOQodT2Y
eRHrpMVFMBs
Mvd4JlDkOgQ
8CiguIt9Ir0
P7cB6Vik7xw
Ti3eR3kmauE
SaC-2lj6HNg
5DRQP2CiMHU
NbpoWTFi31c
8ZplWWVUyH8
ZW4rjRTemmA
J93vIQjp0xw
TyODZ4IjBVI
rlQgsslS7qI
y6xkxLKrDPw
OFzv_sNLAWQ
NY2q7R_2FGI
QzBuD9fcI7M
JHvScKXuR68
n-nBhFl4UxQ
nMN9usMys18
c_ZLgWqherc
ngrSL9XfE5M
sGFFPJDzN-4
ipEtAkxrm1w
RcStqzSfeMI
gq588KotVNI
fcVy7EEgqNM
ZBDTXnvR9r0
bDITI5KFKuU
ZSN-r6z_n6M
8Q_vOOMHu94
rwnH89S0fQE
dHv9DBkHFvE
ooJMGqZ6a9M
HAiVHhi3Bjw
3K7rhvXe0aE
jkcN-MRgpjc
VvovzTfYa7I
jehPP5TEBlg
qguKsY5dO58
Sglov6tOLsI
JPs2bma7j70
A0C1b-r59v0
heIHNShzWrw
vfLSu_c3UhY
pz6uMRfxZOk
URWgCkdwyao
bDmtMYMrVSs
J_MW6ZFA2NU
_nVZch7Yc8c
mMgXvqETQUg
O5bSOiuJSRY
owHtGidLOFI
xgekVV-5C1c
8jIiqIvqaiE
36R4uUICnQM
UPZkQD9Dt0M
ij1j0R4V0Cc
Ti6vrdNkw2Y
KcUW1oVLQnE
EGMQTVlNaHw
7NO4Hn52qqw
s_pLkf_Sjoc
YtCUQ3oWo6A
8Pib3EYT9yc
fhenEHRrLxQ
sZ2-AybDTYI
XZVsLYW0M9o
Loue1S0qoiE
x3e-qoH1_3g
b0cJqCVqa4Y
7uVMVSTciuI
rWtoPKPwTWU
Cvdaf0EMZyQ
Pc-ih-uYpNU
mmwOWZXjqWY
sn-YqhX941U
EVjpNnKJ61U
DicFHors_QI
M1fbg_4Geug
_JIH2fT336E
fZ3Gu4szudI
SY26mXMVDko
70l_pZKipCk
6Z6uU6KOT5g
tsu2-I2q6dg
OhxF3-ITX-g
Q01yjj-2NkI
NBH3UubHJeI
I5FjNkw-3WU
ElkD05_qDZU
ZkyaPebJEqI
oHAFGJckggU
yCJFTpEZjTQ
wgut6eQyGqs
9rMRDYnJh10
w9IX5L9iqPE
VOpirPKZI4U
jHywLO_A3lY
IkoT6-7drP0
Qcb_EDwQc_w
HWkLKU0KlDQ
v_lDUmJkpZk
idBLqF20FPU
dtewc68ut8o
7Mv_U_m0AOQ
QoL1LbkMkpM
G1hFBZfcZhQ
QuTKf7RGla0
zk0BTM4nu-M
P9Wc28j5_38
HFO6L4Z6aWM
0h7085QF6fI
oUKhqeSU2ew
CVAva4D0jyw
Hj8a6vs5lM8
C_UF2sw2Th4
g1H3TuNK-4g
LKk1jrLqpUU
PqXtffZqwow
2iEeWaIe-jE
aAhEvBIu23M
W7XwtwUWwmc
cc5MOp3SmYA
2lnTmFKNJMU
xZ1xDnuUM5Q
DGarUxOGbBE
PQK9vsR6azI
jO1HabI-Vuc
32oYg7SQSsc
rKf80WtsFjk
tx-iMiQ1CvM
qEGD3HJVBRs
MmGK_eQvJ2E
k-DlrgqcDX4
tO2TXneMdUQ
rmFsUV5ICKk
LHL9XtH3LuE
CFnWgtgqlS8
VXWCTCOYknQ
sY_5zs-47A0
2lY2ieQ7paA
L-POgaxl6vA
KzIz_eRcDZE
1Euby_x-fLo
D68x7V0iWrk
33VDAPxA1jo
TFMO_xknagc
VZ7FGp0_QBU
wzSwx0PCU0k
fnqsUUm7vww
AoYqzStWHsk
FWdu7JLNwFo
eg6wXH9QqJc
WHBfB7usIcU
gZ7Xdyl5mAo
rimjA-JbWno
K96ot8_1Zf0
aN39ZW4zNIE
uD6HuOqACww
b-7shLy5bsA
FjihaPY5zvQ
CZgcZxEq5y0
8IFYLXtfMeg
tjbEWvtsNcI
kKeKR2OaUSY
godAqRyWYk8
pWhvPoCkl9U
QHfOR-byUyU
k65aHBrDrYk
0s1Wp5ucnYU
V_k_AM2aljg
zA7KGyJO-g4
eaThqsV96Aw
cVtjPXr7ycc
Cvw9l4SJw0o
nqbRepVizzE
_AhelDPxnpk
sp6JkY3d0sw
ZJ8a6RUCDYw
fSYGiFP2RHg
YC5nu6hdOVM
fKIh_AH1vrg
q2iye5pK8Dw
fHOkNumKO70
JJGDkl5vKZc
stb0v6ZXu9o
ukeewwGXEc0
1-l7LBVgcdc
7Wf2MR5WJCE
_if5-OLoxCk
B6EE_j-H01s
_RaBGG_KNCE
kwJacno1OaY
c5cw3ldRrbU
FUYa5gigOok
i2RCpvil-fs
MWUDckvf2Lo
eGuwtdAcjOk
MhXiCpQoWDo
xzfSPK9eE_E
aiIHEyvjNdA
4BHAAD21K7M
hsjv_d8gUkM
-ni_bI8l4u8
PwojGVHP1n4
5AS_eOoeYg4
0gVLv5eg4Xg
5kW_BJ9d2d0
7wpixVId0b4
nvqwztjcSNg
C9e6cyv7lnw
dDe3aVRaobQ
E39Ez358jcM
zIgGFo5mctY
JCsWOgTsd8E
qKQAm5pMgq4
SRfsAp8WBJ0
eeT714q2edA
lHvhJ9zlh7Y
GF_-j9RDs2Q
vKuThiiD_WA
7ro5jUBgED4
80qaxo5iRn4
m_wMSgIzmVY
RkeOessITz8
FisrIcISldM
A9nVZL0BKRQ
gsbbecrgXvo
2eQvDFenVCE
17FGgWghDOE
pFEVhoENWAk
U-w1Jy9y1KE
Jx50h9CMo1w
drfpvqIomLM
1QP8isGwRbY
FbGVEXR1GQs
GS2luv4Kbmc
8fEN8g6cGCw
uDS51WxvT_c
gy0u9dxfVQM
_75pBkerC0Y
7oQ-iFYYOJw
Q6p59HpclqA
IxnB4rEL-pw
rAiRPBXaxtE
NjTvcv5ECZQ
i63Kq-oLDos
qdV-VEg6dwI
_jwssNoWsg8
IUVK9ZL6h_U
3a2BZdXJijY
sJkQuLLC0bQ
dJj4QtCr6Es
3ODaWxBJNPk
kzb7PdqOmaA
Y7KcIjmwJ5c
OusYaNWBy08
oBaiBni8Q-s
EcMRWjpVWDc
MKnqKTHZZUg
YT4iE0f0ZWg
w9SrS2BbDGo
15JLaeUUVVQ
6R89jdvJWso
4eURXT8pXg4
hLapHkLLANo
jnCGlObn_BU
FplOwu--GE4
w86KSFjrsw0
FVK0EJKAwKs
R8Um3CEzyH4
Jsm8pmqqkNs
28Qzxz5wsA0
VsaaYpqHFCQ
3RtlSCAKi2s
7NO7ABF6Xww
rzHVQBtPcDA
h2Ih2S5EYfc
A3HaH2Dxkdg
9DBIUNoj_b0
Qan_d3GyIY8
OfkKlekmIBo
pkhmOG9hx3c
RIXxK6YomTI
BiWKrXzt2G0
pdaZ5CfU3kg
FR6lEJMrp04
61Bu_AbRfeI
iGG_D2Zj81E
hbNyvLO3Qmg
ealQgXFCg0U
ILrLfoHUzj8
9-qkcs_aO7k
rt1aL58hxms
-bYwkXkDwFU
-4liI74MGAs
r4emzyJRcEY
dLph2yiFS4g
YtqnVoICmmM
r7wu8KWKDjw
As-udf1m-nE
vVcrR0wryYw
sJCKQhfa02o
65lqZoRn8QY
fE8H53UhiNI
ySO6-dq33SM
zWHnx5qfi9U
Wr63PnZatuE
mskyNpMvU7s
sX3ttrTtMBU
77vjwQJxNAg
3L7nsSNyDAQ
xmpJvM8WQBI
OeO1b_VMBNI
V6vkAaEHq84
rfzCp9Kj3k0
GBisN_-WaAs
dqMH6h2W8_Q
c6bjKNHVS8M
yIKBxugJLgA
o9aDj7vnM0g
zeKsMbXeLSI
6fXj6_szRTA
ChKKbwEf54I
e3YgJuXCo8o
8vKnX64g_Ys
6HV2fT5K4CY
3u6PNLYxk8g
4rWsL8NAzY4
zKuvDXYxPSk
LNh1upO_RhU
5-fT9OFXTLo
Pz_GreBFYTE
PtyGKGGzVpI
vLCVyQYi5bc
XIKoi1W_A8k
K_QO1plJ9hs
42OmQsfhB1E
L1M6RMW47vU
FB-kO-KNINs
NUvpab-aPTs
4jKOYIuLzfs
GcJ4eV0S484
ECrtPGTMoDM
68MHtNepvAU
NZn9m_G6pkI
j5fH-o-258Y
IBl5Wx6ufM0
XYqFMm-OAcg
Y0DCa7StZuI
4GGgNQxe_yE
oV7n4l4PggY
31LnBM4AKMc
d2VRwxQlZYg
2W1MNaV9nm4
-iSadAYwq58
p6H7WL-tXiI
KiGhBcu8-vk
DRKTF2iUHcs
k1jj0mUYJ_g
akXHa3NGE6s
Bs4QI3HRpeM
w-1LAv6stBs
QtZ7uat5ByU
EF6GrPaiOlk
M2AcNgV6-hk
ScQpmajQZmY
5mraPHh9LWk
LBvHTDPTpHU
hWwy3u0LyqE
7RPzSkueWyA
MP7i06sExdE
sNVzakm3iPU
fMqeDBjZ6C4
ocUSQ7cmbQQ
aTV17MjN3qg
IRyO_nd4aFY
0J7Zix1kAMU
vJZo3sJ2Kh4
pTkm9OvtV_0
OA9vex8TAVI
p7CtRO1gcxM
k6bE9flAaCo
DYgJVoFjBvQ
QvWfYopjTnw
-PKbk6aXKy8
rGsJgdxJ5t0
YudO26dxbW0
661W9MkXKxw
JCkSeN02EIg
uGUtNujSdBk
iH0IPm0bwOI
eE_ibbLtkck
r8hggGc_IvM
OL1VJGeCtGw
Zpk9XxkL4vI
_xjm4Bz-K9w
vmMkQkCh3SU
8lMKflYXWfM
Eq0ymM_QP6E
TpY4STa32yY
K1VZq949niU
NT9pV7I_5jQ
Cgigm6zfaF0
sVIHKnAc5OE
1s8-tu6bf2w
ZC2pCSmVEJU
apQb75I5Srs
rY_8-JVe9kE
KIxN8Bi9-Fw
9DV8QzZt784
M-CYCpjn_vE
XYUEHO77Io8
blZn38CF_ow
8udgf54TftQ
Dt1aPIk2qF8
r8bPaqxVj94
eYVq53f1aZI
tJyzTzXBM8I
Psu4JK_M7V8
ZWBCnvOuXK8
oMterDefEFU
zC4K9w6mReg
XsWMYSzngR8
hrtfbXcICwE
F_FfLpb_nmM
8U3lQJKgUFI
C4yypRQBRZA
KE7LCbnc6y8
MzMYysVQFao
4UXiWW0euNg
51PK6Hvaddg
frft2Gfd3Fg
8HrP0PcvILs
t4UJ8rMW_u0
Tr0acOVPzTg
1mojwYX3ddM
bGc1FMtn1UA
p0zNBUF-nR4
yWBo9UoWuTE
XQ7oQaPYGZM
3F7y0U6L6cI
89agJ0P2qac
ZpHh_TU2kcI
4HcliVPihbU
WPt2Ec1QJlk
