MnUfXYGtT5Q
BwW9QV5Ulmw
FHpvI8oGsuQ
lsWndfzuOc4
Zi9BZUBDV9U
pSB7EL8VTmU
AmLX7ZNLiLA
3p2vobGtS0M
rgivGzjZixM
RUo6Xz9asgw
qLfkAALbnWc
qtfdnwbadvk
o2bFzK2EdIo
CGNddfQ_K8A
WlckHEA-Ldk
CfQZcpaBqo4
q1y9_mHRGWI
TVYDdZWUWlE
_xjP4fMwdLY
LdtwgbHBTLs
nlgG8C1GydA
4XMdT2cF-ZM
QT_dxsTsHsg
_BkN3NbDElA
_v-NfZ1j918
WrZDcEix7uk
mXPmLZRAPSo
xWhuQOVTFGw
10QsBmawqxg
SYnCaCQe-sI
h8_OrrvaVVw
jPnhtzKPOPg
ZwGDnSWmqhM
hKUffHXOb8U
GWz1RDVoqw4
XvbtKAYdcZY
FUXcg9GWIIM
prrbooi9PNw
5zqh_6D1noc
2eIpi0rpVf8
XJwEBizQgYI
XKadDgpq5nU
A4MYJAV-yeo
la8gCrT7U7o
otsOXNidluo
q34q9HBW5M8
51IciCvDgBo
bf9jBtA_LhA
eqCNTopdBBs
S4pduDOdkVk
YfdaAGZvYsA
ZZI-FwSQRn8
Bf9Wen-j5Zw
BtkwF5qA6uE
d-Z9EZE8kpo
EFWrLx8b2mQ
EuNeqawPuuY
fBS537dKE9Q
nj9NEKisvB4
3VpxJg6jeMo
EM_QPCxCkws
RfQYUqXQOuY
t-lWMEZC_Uw
JyONgwyKEGA
6LLqWGn7e_k
0VZ5_h3togc
K5jgi7nlpo4
PkNv4LFpGf4
FLaqU9Lf39U
PLrV1G1ENlA
Sn9pc3jJPAk
r2S58rH0PAw
7kUuURByaXc
VIuX1pO70UA
ST6kj9OEYf0
vvSetcM-f3k
CqU7D_ONJQs
v5O_FLUWYmg
-JfIbRdUfSU
GW0Z6m8ztLo
4GcU9LjuVOo
V32WHDuy-Do
xPIanlF6IwM
U4NijLf3M-A
VoLEe7YEwWw
MwdYpMS8s28
OUs72-WqmwI
64MlP8mbJPo
B74WowudoFg
c-kWEDr6VS0
GYua-3JmnT4
64wOsTIhQuk
oJsDiJHdRAU
xtf4FDlpPZ8
zQCTeGKHsVc
wVbh1E2ICak
oRh9bqvmjS0
PWasTAtR6Ns
sDlS4WNQqVc
Mff2I8Jzjl0
P2cAmxV5OoY
rw24m1jnRgw
qtEdyuYfFU4
t-kfIb1dp1w
kteHW6t4G0g
s0EuQe6BOWo
1pNn91Ewzbc
YWVmDSMl30s
B7V8eZ1BLiI
KfxWi1MutJ0
q14VhGQIUxg
vhlL7IjaZNI
DRJKwDfDbco
Ka1mO2CTCLU
_vAat1HQU0M
VJMy_BWD3CI
4IBegL_V6AA
E5F4oOlAK8w
PfH8IG7Awk0
FS5sR1WytNQ
hW51iM0hW78
A9JtQN_GoVI
FPpPnGA8rkQ
RBl5PfA5HfU
YGC3y1BPzwA
4IdzC6mJzLA
JwkzFKDJzwo
v-hIVnmUdXM
q0k-BPI2IQA
sNaQUumEhv4
PY4sShDt9to
-yUP40gwht0
oyzSrtr6oJE
MeNxc6MqXuM
SKzpj0Ev8Xs
HxfFxhERMYY
SEDuVF7kiPU
agU-mHFcXdw
3Y6bCqT85Pc
GmuzUZTJ0GA
ojYmFNbUhek
UoQdp2prfmM
eVvS3L_aBV4
f3vqXCLhJLE
6gFjB9FTN58
vRVaVseN99I
s4c-jOdPTN8
1EmrMTRj5jc
wNjbasba-Qw
44f3mxcsI50
Nyw4rTywyY0
Ifi5KkXig3s
J9j-bVDrGdI
R_GPAl_q2QQ
Cf2nqmQIfxc
Q7GKmznaqsQ
1GSUG_B-new
hdrLQ7DpiWs
6V1eMvGGcXQ
Ne5VbOMsQJc
cGkQil14LPQ
Urd0IK0WEWU
f-wWBGo6a2w
KnIAAkSNtqo
T4fjSrVCDvA
R2iAECU7QV8
-asltUUvcGU
MBWyBdUYPgk
D9bS7BCKRk8
fjtBDa4aSGM
AKHuxVvA7T8
k-dYktgmNUg
7XtEZvLo-Sc
qR-479eUCkI
D7Kn5p7TP_Y
op4lhm6_28Y
VMMYFx47MPw
HzZ9h7bM6QE
Ixkzx0RSMxQ
V7HPbjsYYGg
fBsR7-SiLPY
gqVopVh8hWQ
yXZSeiAl4PI
G1eHJ9DdoEA
7K6sWYLpaVA
0p1UFiNiOek
-1P_1mLlJik
KVo5hq64B2M
_UL-SdOhwek
CwcVLETRBjg
31Ud7-EkZEI
Nb5cBkbQpGY
AqkFg1pvNDw
ewU7Vb9ToXg
pCceO_D4AlY
w84uRYq0Uc8
GJEb8HqfiFk
F3n5qtj89QE
hJ4JEypNH2s
aDRgMUoEvcg
OxslBI3hNFQ
8ABa4RdNPxU
i5qeouQwb1w
4qZ3EsrKPsc
11oBFCNeTAs
nsZ8XqHPjI4
wKOnJsxwTbI
1VwpwP_fIqY
RudKmwzDpNY
68tFnjkIZ1Q
kYYJlNbV1OM
bV16NEWld8Q
X6pbJTqv2hw
TAQlleqDgbI
YFWLwYyrMRE
HbAZ6cFxCeY
3iLiKMUiyTI
BQ4VSRg4e8w
Us979jCjHu8
wLc_MC7NQek
EN2lyN7rM4E
ZmZK9W4V1Rc
5pH-QZG9OpQ
w_X88-hoHmg
I8Xc2_FtpHI
Ixc9i1G7eew
YnEFt20qe0o
mbAKQrClN8A
e0b5mnuKQvs
68NHUV5me7Q
uHv5K1YLGqE
e_V9_j4dVuY
XbOeO_frzvg
BR8tVB7sNxc
19nihGC2NVc
WmNKPL1Y4g0
S31Jf2WFTNU
BcN3fJKtsuo
MeztM8k0YGI
W2u62u4entc
CGG-pfs6AV4
f-7YGGCE9es
fvPgjg201w0
5Q_GIHDpuZw
2fUY046brGM
MCOw0eJ84d8
u6CsGY8wpGw
dvmUTeZvl6I
lXY5saogwhg
AdAdf4watJQ
0BpUHDO4a_o
F7T5cg1a77A
q15eTySnWxc
qRFxulvRC7I
Gacjj2aCo7Q
nbzAynn80SU
AHnHMtk2FLc
cz2KRFzLQ1M
f511uRzsHhQ
PcYLzW1B6cY
RNxlEQSvh_w
vjDdFXwITXo
OunyV_HgGBc
sta4zLcTAII
HueFqvz1oDU
539UQF6eT6I
WjpV9mja3Wc
mJI0hVV-5Vs
3uJkd54p9dY
cFS6fPLQ024
ZHmklvx9oJ4
BSh37_x5RNY
DjYqkPrCvXQ
ux6TVYqdN-E
DmpUQEDRIKA
0j1XQoAwG2I
IO6NvcGKZ20
REjUkEj1O_0
DtiRzQMgBDM
G3fWuMQ5K8I
RcmWssTLFv0
PH67HpFD2Ew
ajtnhtEg76k
bjnvtRgpg6g
UGLsnu5RLe8
HeUjYzyh5v8
qa9u5t3C0AI
0v3x0ev1URY
G7U9el_yVhI
Q_2UYIuvDXI
5p5YEvi8CHQ
35e5i6FQuMw
jIDqaCjpjD8
P6rm0LrO9vU
sJVtAIIHxu0
Bj6HgQBNiZE
UgRaLmCOwYU
tIZb0YEcyNo
134BCxbMUlU
vt90JwDHh-Y
RdNJTP6tYMs
w1scgquS2mo
NOzjfqO6-K8
wZnqLvLbLV0
XY7a1RXMbHI
rnw4SXX7cGY
44dcUoh0oT4
SsoVhKo4UvQ
pzhsiOwZabM
xrbPaCIm4yw
dl0_mJrbPLQ
0EWelXuo2JM
0qz1ZKR4hkE
yOP4a7-EJPU
w2pNqIdY_T0
KtgThjIl1Ao
zFu9nNPMiUk
knEZN9U-9xc
lT8TeVvBkgA
GOcNihk09YM
L9bxcm7hVLU
V9Ql5V7-OQo
aI-pET9YD6A
r_ShAseOvNE
VJVMtUb-LEY
Ov5pYNPi358
A07DV3FXyPo
9Zji6xMkOgo
YCc-Rk1GPpQ
rlGqUfIgJfc
CFHZyse4VGw
DC0faZiBcG0
3nAIAPYuD7c
6NVY5KdSfQI
ED_TfmwjsEw
UFAyBEKKIBE
6Rd10PQVsGs
mO9LUWs5M60
t966lVrHEzo
9fKZPRAPT1w
ZKpqpBRVr8Y
rM8JsibkrI8
4tQOlQRp3gQ
N6KQpw945GY
IrtEH5BYpmE
wE29TM_YtR0
nqONu6wDYaE
qalR6Vx3Bpw
hzMWpfHNYf0
qH9-xsuPiUk
yOJR-nEhNMk
dYTAv7eQ-vg
_Jh8w6IVFs8
Om0YPe8c66Y
8u3aTURVEC8
UzdpzuEkL74
zooE5GE81TU
NUfvht7aJPQ
16WF1jLLyik
8r8ISkQ4exM
91jWsB7ZYHw
F9393El2Z1I
_0xBOMWJkgM
iEZVWWk6qHg
Owgc63KhcL8
AYhAz9k008Q
_SFnC78K6QE
WFMy8uGJLQA
2c3m0tt5KcE
idKO1h-AxwU
6TVibdokSM8
1wIUXfQ9Hoo
G_5_wSDKMGg
59p7ASzfVVw
dUR0Rvf8F6U
DKJb8PUfcr8
MFmgMHswH-M
QOG3I5RiUSo
k2uEllI48-c
E8snndiBY80
UdJBqCI4dpU
v3Bu7oCB8_k
dqDP62mYc3I
MLp7vWB0TeY
A5216ZJVbVs
