iqSyHt5la6o
Sc_7yFqrkyM
ThKZ67qPcBE
XIcvt43EeaM
4Lcvnchtt1A
UnpB49iP5uU
T_ijsSoNP2U
vfbk5q3Wsic
qV6mOFJlWfQ
BJYwWkQyf78
0HTnw55Ya_c
6f9M-Bjyl8A
11gh1mSI2t8
QG5rUaMuzdc
tAjlDaQxZCk
QR4aQBUIGqE
fSCxeWuOjW8
3d2yFLBr1us
F0Xvxd9HA7I
oRFVp4Xatho
UxR2FkKEjys
WL-I4YgXp8I
sPho0bpoKm8
zIsBbZzyfNU
-dN880pb-aM
mMkTava2JFo
l6zvhENsbi8
5tfjVAMuw24
YqLBD4T_nWY
Nxmet1Yg2Gg
kRz0i0gh2iE
ih4avuHRUUc
nZO51nghyIY
7_9yf5JYbDI
RZKGMwoFmuA
3vxdflVIKkg
7lGZjRFFuqE
iMEYMU4IkHs
Fn6VFbk2qbQ
B0c_E-X7POY
H-Uc23pMEhQ
Isp4ssqJQ_g
uB91rlwA80M
kCgWVaPyFYw
YWl1lq3VLNY
aFpf0w2VlbI
XaaPK9EBYYU
XOiAmZBCwN0
QlZ93-95QTI
ChtvGqJZXas
PQPz4YVSkyQ
fVVHVcFGIqk
sJQT5pQIGA8
cJt367qCHAg
e9pTz2_utU4
XqrYlEysBgs
2eATDp2e-3k
t_grwDqkFJY
RsLqRgboSb8
sQwUCRhWoYs
X9hcKUUFn5k
xwbZ4iZwMqI
pEoql5o6Vx8
idB1b3bz378
xg-BsLQvmt4
bQ4zG_PezjI
lxHglXh99SI
VNR6cbq7iyk
7t2U_K-ZKDo
NvUMU0V9CiA
E24_iqH9h1E
KebJiLxLS5Y
vU7Ty8DuyXA
iQ3NQAaOaOo
qGk9vfHdY_4
qb-mjjC3hHI
0OmjfQP2k-w
tXCRqOOEtho
D7_vx9pk-EA
6lIard9owSY
GH51mnNoua8
E9PxdJNIc6w
VUA6uqO9keY
Kyu0ip4RAn0
xIN-KyrU7aA
GIyAg7C-CyE
70PIOgJ1dD0
P6l3TgYMPN0
kE1XZEs6xQc
3A0pMX2r2LE
NAm8Q4Xy9Kk
73jEYApu6AY
zTHU5B2yOUg
RIB05YeMiW8
U4wQ1yiGUSk
KR1lAhXHiFk
lH4FNW0TqZE
xBcguRP3S4w
8_RjcO6q5x8
--pZaWVXdYI
RSVriw0rhyY
R5Q9gKmpVyU
TnKOo8hY_vY
jrOi2U_tZO4
UM1_yAqTHSc
gpdbB6Oi-tY
yQ5ObVRj1go
beSp3hBj8Ls
63NG7LbBRA4
3NBysuAK30g
l8dHpELBZSw
