uD6AJGcn39k
tviAfaMrAMs
SNXhfvDE1aQ
YG1njDDT0WE
V5ePvuDm5Is
OW86lyBnbCk
WKNjqc1uhqc
N3XIvhTVhqs
pSR94yqcRMc
7jQ53OrHQ_k
jLVP21913lU
CUS_aw5zTAs
XXCEuZut-k4
epxs1-IdZiM
J7We_PYASzc
hraChfSNQSM
1MQeR2sttBc
VKNfs1BuySs
s3GmJRa59aQ
w_5F4rWtemw
x6wzWHji_aw
_BhLIOHjiI8
o4eoUgvLtpM
DQHMB7V9LtE
w_4r-Udk_H8
IBAD2UuMPjs
rH2td_9ckUA
y5deuuSZbr0
dEGmhQ1aXtw
F2Z3nXfOwoQ
BmcWUOjOouc
X7C20hCDS80
XSCaLcjGUro
N7-DVm80-ss
cYVCBtvd6sQ
vmGeI7DBNFI
OW1BSzKqi7A
4OB8EfHMG4U
bx1UPL_q0Ls
cukT6xi-8Ro
bXj6S13WtZU
4vBe_OeEbH8
MAAm-AY8hfQ
WQptarOLSBU
E5yAROI4nWg
gKXfk-mADK0
tkL3QxK71Wc
0RdqsUUWaYk
SmkyMI8YWkM
zPow6NKJevE
Wx6IhpxPj6I
wI6OdiIeFPI
HVk7koqlu1U
tGL4G0Vkzx0
mzcNTtgDlg8
94zGX-5o1CY
NIFR06cR4UI
G3fBWRol7Fs
3LMu2ag0lUc
DxZVdAB5H8o
TSh4q5xv75s
hZMrkr5uWy4
EO_fJymTFpU
5pSyRJJeP5k
FouxYRtr3Ok
3dW4jozUosQ
BetEImuOk9o
bN1aN0pf8Jo
YUiSmEI_g1w
fNVV_PjeIRQ
xyqcqSqC6XQ
_Jj8vne0ca0
j4n5ZdpKiac
KCDxNyMtAfI
UIGXgWifPyI
WH0hKy735C4
qA8CocdtuJA
n2J2XCqmbZI
LY8tw-NRuZQ
m8rgIgD8MWE
tZorEXmcC7U
YEnxNgwF8a8
bjkt-gU5rXk
6X2t8WGS_7Y
sdwv9TIJ8kU
PBMOPT0DUac
UfqyODyS1wc
R-GYicjM9d4
YjJm1y_rmmY
wb4GVZp9OSE
_ZDQAsvNK3E
8--kO4gqmEQ
QQkKLY6Hb64
RKu6hTp2lHo
74lIIZA6E5M
EM164mg_ZGA
BT3t2GKqF-E
TNyCjQUnvQE
ceVYO03zcZU
BZsCsio9E18
L3VOCyYeK4s
6fSK6Yvd060
W6T9GA4lyBg
5nTIa_nhtV8
PLbo3m4rVQQ
sxL-_Ktd1JA
Jn32WTzOrUA
eVZJFULZVfA
AqCCkgwkBHk
f5jwTft6654
QsA3lESL0gI
r8tHeMHmkPY
jlNBRcNwy3E
dRIg2mgHkew
dxMbga0ILY0
X5TnZYOrY7Y
mDfS9cFNoDo
HJZv4RWVF9M
6Bz3vcx3oPw
f1dMxRGVGz8
DZwPsYu8_1I
vUdcjvVbsqo
-UUhRbI-7xs
TSL9GB1trRk
l5Oi-I-O2_4
Un0m8Xjy9vk
8yXG9qD5AZw
zlLH_ph74Es
2RJ28N0wRP4
Zee49viiscM
y6bd7jmcZ7Q
D1eB--DsKfI
LGm5tysm2Zk
S6rDvbQ-mz4
GeSzLqqyNgs
68His9iFV7E
E37swnRU2fs
B5xUcoAlTgA
gQB_p5V9bYY
Sbw8AFibZPU
D4zIkjcnNW8
IAE8uQUU4Pw
Rx0Scm7QTXY
Mco3zKzm_6Y
OWL7Rj2-Ync
bfPn15IEP3I
QAIHQSDPB8s
U-8nTabnSpc
t2lFdE0J37o
-sawOTDR5C4
dpUEnrhzIZQ
BORnQCvXJto
j6qpA8YoQi8
Po6arNswfn8
PP2peJxC_uw
JUnWk4s4_js
e8M7kKknyxU
G0SpzIIHEaE
0oJ3_DggDv8
lavllxWY7QM
lSFGzVOifrw
4_W_ev9EBLM
3svs-nHtlNg
uypdFVPOQ_0
KCzyQ2Rfj1c
ecgcL4Cu75I
mQY2fOERWzk
XIHblrUk030
6ql6lz1f_tQ
x-t6MopdFoE
ieEsCShC9PE
AujK1N526-Y
b3Rr-lZqaic
iE7DNDM4yj8
REJ8VEwCymI
C-XKidJmD4k
QeTgfqcXN7o
FCmI2WXVqL8
mdftkoGpOTA
vUlCunK0W2k
wmgEDFC2awo
-vjQyNjHamY
kbdJqkKQCzc
pC0VIPomB4Q
ZT6dde0Tz2c
_sX9LAAZOxo
8xbof4rqOKw
KtU7kSoDAtM
a-WwqwyGUlk
W1VPIel7blU
nGJF5j_vJ9Q
jw5CkFEj32c
QOJsel8t6wE
nfeMPBWdQhk
Lk6DQSTYdmA
cbh64LX6-HY
3SjuC0PYscU
SRPn3tWYabc
vhKTK5T6VMY
q3_j7cN1Nlw
wGFpi93yhCE
qDukATwo61I
CdSGiiZKH7k
yvPKnlwv3yg
etr2n0lTHdc
0TjNjTsov9g
t2ZTi5NIkc8
2S66OWbzXcI
W0Yjg0grWq0
z-US7cqcLlg
66VQu9NIhZ4
UsDiywh3tsE
khsORnPgigM
nzMZNZCmCUg
AQJiXSgDU8I
2kVgU57si4A
_5r2ZAV5CWI
Q3OKNyonzHI
_HxD6VOdFRQ
svffssdSnsU
mFRTVLStx90
O19HV8Yspr0
qNyikSjStZc
74pgM1Ddo-I
GF9ZoVWhBxY
m7Btde7e7Hs
AKtb6MORn8w
638ZHX2CA0g
DJfj-5fwikc
CJN-D6kdvws
SKRxvJY_nfg
-TBPsFt7w0k
Mkw1CetjWwI
V3vydfmTYps
WFv7-4HUl1A
G6_IWjHeiEE
o9ERUJQpdeU
lBGuw_eI_qc
_ncsYPPMU18
W01s-YsTiRc
Co9itIDDKnI
Oeu_bgSczLY
O-HYAnHCcUk
1Kmi8FheZLU
BfoCyvzkpQQ
S-r7Ki-bpXk
vimD-WdyRkM
IYEPbGC8wzw
Qh439pXJjeM
wcFKwD6iQ1A
rfz_le-J7YY
MAHwoSfVpRQ
AwfAgp9bbsk
JwtC1JzM4fM
RN3iLeq1828
Dyg7qelTlnc
1czDASTpH9M
_99ySDoC1fw
7TkteKQhXz0
NHozn1Xdpvw
95hi0wvMyEc
sZLQeRC0L_Q
TKs34WPaLm8
f0tEcxLDDd4
V_mR6j_Zk5M
Lb3eQauyfMQ
WPucDLSzKJQ
pgyyrQr6XlE
SJk3BQc07oE
6c3JI6LMwvY
raaFygpxmTE
nAJuehwmmRs
nujHcLzqlIo
rLggQK08Txg
YmjS8Ztx_3k
WyuiyLmdIMU
3QzyV2GWcT4
4fBOrNxrxw8
ZbdBEBHG1rY
SUXklmQmoEA
NBtLYhzMLAo
RMtPnmP_JIE
cTJ7A0qiIE0
tj6eAn9vTWQ
AgCPTVr6vFg
nUY3H741eKE
tn20Fh7jayE
G5bpQS_XHoU
2-zyNju3Rd4
2vDEYx-euSo
5C1a-SO101A
qd44Tjv0UEI
R5DoLeRuyKk
Wn4Ep89htU4
4tbQJR8Ku44
IhSro8Kpyfs
ZWUvE55fIco
IJugu1SIi-k
-InZUb9CISs
mkJB9SR0Tp4
UZGIWnzxDXo
QwWW_XFTtw0
4MWsY595m08
TIFU6tsWkKM
FlriAJnXQ6A
uGvFA7Mg0LA
jbX6RaC6z_M
Fa5mkQiCBgQ
O-NTwHZe4jU
865KvDZv9Vo
34Hs6wZ9g9Q
pY6jnb1eu8s
e-J3u7tCWpg
fivggysaoNs
DVCr-9qReE8
iYaOiD3ISk4
6_YIWkgbqnE
FYT6XSv1lF4
RBCvS1rFak8
8rSMRM9_TZo
EF3vv1I_q7w
WuRPDX107vo
tisPsBWktFE
FTPqsV_hXpY
QXROKLbeZmI
qqo-DvOBFSg
qKALg_VE_UY
ZS-H259zqgQ
1d_mCmMdLIY
HU3G8OsW8NA
7hMIp_N3t4E
yrGFVG8qbZ4
Eo26_JZazZU
b36pindHl7s
DvpVnY2xgjE
xybYsNZn_vg
ZAr0_rfn9ps
JmkCEHhsUwQ
OQfSlARxR48
SYCd7vDdITI
-_NMGgu_Fd0
oBxC0KQm7LM
grbgVPPYbJo
n_ksaZNQfpg
DUfyDrsLNn0
iuEa-kVW4ag
dolhXJaavXg
MUJf35r3spU
5ygTTdZpECI
hCDhYqlnfE0
h63dUhG4QUM
Ln0RhO-C-yM
JIm-0HqLb4w
uJ-x82USNWk
jMWrEPZmiB8
VDmaf4EbE94
wGjvyuznykY
cp4ad_R-OoY
rwnXTFva7bk
Xs-9NcGqQ_U
m1SwHwyImlw
3Jw3B_0vYLE
kEJ3yk93gU8
l9267Bcq_kM
iIIsxjqTYNM
AeTi1FOVIgE
3D6s36W1Ngk
PpVbXrJbOiM
1-XQcFoC3TM
1kn20X5bcEg
p-HV_zU_hik
oNLmDIZbemo
BNkCeGNnHq4
bxCLnJVklJM
XgYbPIngM7M
X5xXf524bwo
Vc_Lsq1o6vg
6R7X_TcFntQ
7vVWvJQjGJs
LGnHSXvNgYA
DUBBFu-g3_U
q0yQ23l_U0w
TU2ltauyGbg
RshXGWhBf5I
_IwoA-XpWgA
GLJu5TnzyTs
n95bv53bpjI
72Qz0WsQOAo
ym5cehNweoc
yTZ6WJxY0sI
QyB_U9vn6Wk
6wkqCRzkuhI
npKj7OflqHs
V0Yb81yuprI
36GeI3--9cI
0B0T614gR6A
f1stzNEVwNk
JIeFoI03uFY
6t4gb0zFuuw
W_hMAhTUy9M
72h_Vzo68Pg
O1KpaF6Lznk
ZWaEGQTePUs
5B-Ibh9Eqek
RYcrIbMoyY0
Hv7SF3EebZY
rI647UBplCk
O8Djht5VMJs
XX6wQ6_t7nM
