RSx20wLxctc
KcKOM7Degu0
O2ifHv-3dZA
U5L_aaQ6pYQ
g805f4HlV1Y
Dese7hoWZMM
eXJb76JUvko
FCFYGpY-MM0
eaGBLBB375U
gcq9KFpEuLc
iI5DShNjUlQ
I9PiXAbjnMQ
sVocg1vMriU
1Hdz_1_c_CY
sG2FX1ikNKQ
skDNVst7Glw
ZIUE3m5xqX4
sQP5VRnCCUY
HkSBTdSzPb8
vdJn_ncXpv8
zwD1A9159F4
mGvunan-I-Q
zRgnVbh6psI
bfN7CzSa1MM
vBWuQnmiY3k
qIAszZBV84s
lKpPyvRRvKs
dBOpC_-PDTA
dRvLVdQ8cw4
CDJGU9P_pGU
-veSAbfer7Q
XNw0FsIlebE
G2VBRwXq1q4
QTZ5Dn0t6M4
AkY3DGzrvk8
NlzK79p3QDQ
7y_2jQlnKag
9jxd1EUfQnc
9COoRE8pc5k
NVhA7avdTAw
qUAeDpmqWDQ
PLDfl6daajo
1tjJDdszcZg
yVg6LyNgIT8
HeiYNlVM-TY
6fLNcGSa_L4
Xvsqv2oO2ac
jBN69fm8_T0
vZmR_21Dwrg
U3w9ppDv_MU
e_KEaTPcPKg
RmHmtLQ-pqU
_tk3nWC5OAA
ABHQJFWZGsk
wtrrr15mbvQ
68mrr430De0
eLRMI2ZX5Qw
ek0zu14IP7g
5TwOaUrniaI
de2aad2y03g
2njG0S_GuVA
BdsURIUQ04k
IfybCoVN9G8
EvNKKyhLSpQ
evPP1FDePOY
vuC_4Y1zgZw
2MEyuKGw6-A
OcavJJA8Uyg
js5cP-rq0FI
AUBX_aHStQY
hw5DE8HSZk0
neZeuTgEoMA
Kze7cw30F60
uNweU6I4Icw
fu9Xl9OIcBw
PfSsLjnnS60
5jgSW5Jb-Y8
Ddw8u7nNmKs
pL4PXSXH-R8
HftghcUXaEg
_hW1OzRlx50
LdbrNNheFg8
4ZWbeESjv4M
FIiVE-mzmqY
tGuvxZkmvP4
pJU028t-7mg
y8y-gaNbe4U
iB-r7Kl3vok
vAaW15vwKUU
NSCqNsAiHOM
jiycJ9M2L1o
CuTNp-6FI0k
16c66XCdSBo
Cm69zTuUzMI
KPZ40sEoLRs
QRN2QKHe-tM
PgDrR2wj_Jc
PEFEnss--mU
BmxuzqDEBpM
sN-bhe6UfRs
Hzw6_vUPvgg
VVBWn43woUY
Xx5-O8kDMvU
jfIPQ5_71Mc
B_qsI4Q1nNk
R2yPeLJsPOo
cVQ9mAN4jF0
wELXzETjRM0
sV-KQ91Fnck
BwwElHbjTGo
hFjGQXcwYIk
B_49lQxwMaM
zYfcBj26d1U
pgRknobBvr0
gTRa6OYhi1g
kr6zA_78nys
mtBqK9dB-EA
dLokWU0JiAs
id4e3FQDPzk
t1ShvSU63LE
Yn81qh73wZ0
5siktaX0Ih0
-IvwoqPh1_I
g98OfN5cWy4
Z65mz__8DQ0
w6R8rywmgek
hBpI9IfmMKg
m19E4fFcUx8
GYDGRAgp7cA
g4_8VAWLR80
c9WZchczdXY
kiFTOP3X3Ds
tEt-B8v4Wtk
CZuYBGBClG0
4TcA1l01s9c
W3zji0qh658
_H64VpzpxR4
ZIiZkmaehsU
He4cjB2ectc
0Chsg4ns_FI
cOD1TVBMzpw
qV1ga8A9ots
899A7cHuc4M
Jj4hQK-GuXo
A-uVHlqEiyE
lFb_lFD19WM
WUJwZYTfroI
FZBc1wM8a8M
aPiZloqtlnc
SON0BtLMUHw
kq0O3pxTYCY
_12_k6ciacU
Qq5-909rWgw
3pSysspeCxY
6I7PgFdsA0o
LZCE-4q5f9c
lqAKI6remoQ
4bJs6bKjPPA
aKpnaKROoYA
dbedc5rrwhQ
A1_PT1aHVLY
mW6Cwpfb5CI
vh7SjS-t1wA
zRuiDvz8p5o
lDNqdhoxGIs
sPd-SmL2Ui8
8fm9FjDV0iA
RDcf5L6o0mI
4kFLOoA5l4s
7adFZOA7Qfg
kBUC6iPijtw
wi1x3sYHU6I
lR5Z0OnzE0g
KEhy6SwW__I
H4CkAid4_J4
FBWJYH8DZ1g
dGjPguqHBXE
xGL5mbOvTmQ
PEG9OQCo2Ls
cTHqWtIz4lI
uaef1AR4xP4
bGXSvj-clXo
L83jiEPYnAs
YxiSd6HW75M
Mh3QXbVU6Eo
kofT_ctT-JY
6Vf_mmb0ED4
Of8A37PGgpE
lSSFMVeFc2Q
oYQvxRrknZE
zYX5a65LrXs
EnwqpenGGcE
rq3ZswJXWqE
5DbDqxUfIXw
4GQOgcI3x_Q
HWGW7MMxS2o
-KAp6sQcXBA
8KrFLUkauxE
Iw9fEYIpPMA
Xo49w4DDEfQ
WaWuLLuBaVo
zGhsN9NmJh8
UsMom3yNsX8
3KMqU5j7irw
BH7URONYaHU
BsnJDe4Tl-4
RYz3d1meQQc
rg8gpzFLQ-E
RnHCOBDSSfA
6GfVdrfM3-g
H-EDcke6n9E
LtGCHzKAf8w
EoUpiipuP2M
AJy7pWK0W8g
UnX8RPB5vFM
kQRFfAlj9CE
5-03899n678
fP6X2TzQdjA
CxAXc9vL2rI
uVA1-m8SVvA
MFrpe4Wm8-g
nxOi0EbNPtY
cZSsAKaklBM
3axHf16S0Us
yK90u3DQIK0
pp08hpkTN-o
VQ-xQ9B-0ss
SFhd8kcjaOw
PNBJQ2OtS_4
lsufpQEVHZ8
b4w0xmuOiQo
_y6zKNoWiKI
aYT0Gm-v5T8
RxKZOhS72Cw
eCWwKrJyKxA
4V-49LxkJJA
O_eFNOz5WtY
crNShYTL0Ss
7PlTwiRM9ig
lGaQWIV8PZ4
uf41Qj_1HQo
xQAhN0qEbhU
41ofb4qIjww
uu9eHX6Tu8Q
vnsrBHkYTq4
fxlMABxU7zU
AGiWyQRZqpo
lTNwCTDokrU
sWuXMjrv4aA
80jDOAgBDcQ
H8HxEC67BrM
R13q7uHlwmY
AhnJtTI_DMM
Sp322oNOQLA
ncW-JilPxjA
Fw8qsuZNzH4
yWva9DtV0Rk
xSvvjdZjgl8
Fi3JtlGkzCI
2FXwGI_debU
xx0Y2NPpoTk
eh_ATp0hbB0
WS-76fFFICY
56qtGRCd8bE
L-dXNWlRZDw
_bBzcwnrLgs
eoxbgUIYhHo
kR9rO-6Y2Zk
Wauch76Oxz8
bfwKeMf2vgI
SSnC00qwD1g
E8G_gF409XU
45jzZCMdXaE
cSf9Tnk19Iw
gLWWXZTSoq4
deXi6xMGrcU
yZjydd_VR4U
U4IU-y9-J8Q
rf8FX2sI3gU
JV2sKtbOKsg
lbQCx-AwPsY
sQcwHXgmR8M
auOcNZFKfo0
hFRQBhHdINM
oZxbLuJ1U5w
ApstXGJtRrE
7IU-TOOSxPM
vEon1weoA3o
-iCMQoCJFBY
rb-T5ppxJk0
xTwDmnEEb9E
n_UHN9t3cNg
DZaNZ1vFx18
gCNvBqTJTUA
vyIMg4F5axw
AX988fq3cXY
2Etffnqb1qE
DVKY9alKYtc
85NM1-FQrn0
GoAiLiPWB1U
rj7DweP8e58
sJyHYuPxG0Y
1wWbXeTM8ys
kCRMHGtDd9Y
jxkluy6a-EM
LnTrciBI-Hs
0QTs_SOCV_E
GByZ0fYBd3k
0dXmzDprnO4
AquwEh-HALc
I_5Yjpi3eDM
7v_EKen6TWY
4Nl47fKLj_Q
kyf_8_-rvQg
v9qWq-8rDkQ
jV30SdcyMVM
dTQdaX4V0cI
8Yl_yNNXKnY
yrPrzY3rmQM
8FzOm1-xcJA
0F6lRMI_rHQ
11s5Biyi9q4
63eKZySl8m4
mHH0sSm2cK8
AOntr8OksEY
I5qa8gkz7BM
xQUERO-_bT0
H1xpE6i8-sk
qKdOD23LYOw
9013Imlt0ZI
tpSxReO1JlA
pbQJqmYdjbk
ezN-CACtWG0
kOlfa11Pdgk
bZEAkO9OSco
vqYlKvQhoWw
ZotsK7MQOZk
hSP_rmNHU_U
VltFqtzwS6o
3NXg44WBZ14
VqD-nf1YUks
_vK5KPycEvA
OFwskHrtYQ4
Qwtz-QSDyOM
oeGC4-aQd_Q
B0Ard8jDiHM
Y53_8WRrPzg
8m8hFcFJ-JM
ZoEnj-2McBs
6riBTnlI4fw
wdQRY3Er7PE
-5x6j_P1OSI
Mt92Ozs7aJg
w00eCt3i9KM
qJMbAfbb_Ek
18B5S96H9CU
5S-Zfa-vOXs
ILAK1bSqccY
UyiDxjN8kcI
7n96N2gnlu0
Y4k2c-Y7UkQ
MRFrQXDZim0
rzDQ_ZIpi84
l-HtxhClZ-0
b9B2FZ5cqbM
TASA6V5fGT8
XUOPGqKGbjk
KikKyl5n5y4
o07enwTfSpU
ZeY1mgog2YQ
Rgi1z9r5hOk
0T0QrHO56qg
IeWvK1daXTA
kMCSbnqWFK8
CwiVwRzqCmA
oT6LclcJ-I8
tpMsBi47k8Q
Fnf1lNU7C-A
OSipkz8vDjE
sFFDgW5ublQ
5-Nm6pBHJPI
2iZXFd_ZImA
9geXUOXTJJQ
DmANu5lkTl8
0a799xooy-w
yb5DH9y-rB8
Qh8hO9j76R4
IJ-obdnR_j8
PE8NNZG9IYw
cSw5R-jdMiI
B0A2lDzn3yw
ZhOojHeslhs
-jcVn0yCJ6E
4vLy5VoUcQE
1nXSO3POyZ8
IElkjzC9YhQ
komjMq5jm9k
oPijG5Bfemg
1co7bMQplwQ
JNgONZ8Dq9I
ceWyayKg3QY
TtRAY6Eyp4w
KZqg4L--YC0
7R_DTzVHw5Y
2xdh0yKopB8
H-v4oraDjuM
xL96QwxwbG0
DzP7XO0Qg_Y
I_DjmWS_9cg
g59s153t_6Q
wyU1zIKO97M
7WWsGtOIF_4
bXu5QiE6Knc
Ffhvwg2YXVA
lCK77MI7cT4
fxvsb373URw
dEVGfxHF1yo
A1H4j97paI4
uETL47DhlUo
kOQx3LtWHEQ
Pzglbt9_xCI
rL9MPL3wqsk
EH4g3qbc_vo
4_ss4WEN3ZI
Mpd83AuDTrU
7MAuojBTF-g
x7Tj2vtkUCc
8w6EPyEqE9M
zOvUQWOzTlc
t_jfTOE44YQ
VjO9hWVlOBo
jABsbNBPXIk
K_K5AQeVGzM
YZGSEcLlIH0
MaabUHLIIXA
Lqy4DVE1tik
ZQj0b949rDY
khDAji7dXw0
4lBmOfNtYLE
Ye5hH6ku1L8
eN20tOlnyb8
wT_ApV1s_io
fToDs5nd_rE
mFI58RRCDbs
iaGjqkRIUSk
lPfNgTrWKyE
hScx0e9qyMw
bP1pDUwV5hE
9Me8VGbA9dA
ReahyukN0qg
nh78-VKSBUY
2EjEUoeIccc
ck_L-TD1t2Y
_VuMqbtphr0
-rr81Uf10pc
chfz7QiwdOc
n5_1jFIiPgM
i0sUJVxSXlk
7R1B4QFd668
VKq7wUoIIK8
re2d80cqhYw
zJtCmpH--70
9Pp_LtKgTQg
vfmLI150g4w
iJr9PpY3PjM
ogFLbvKru8A
NkGvw18zlGQ
X0gIJUXz6jc
8CJ-RsoYbg0
pVPPDbZGd04
Lh1TPIFH7iI
Yadshgsx6FQ
Y650kaYNlJU
-VZUijm02h0
HOyNEU94xJQ
NCENjXTMp9I
7iTWX8bfBv0
HR5iEX3Sy1k
KYz6HH9wZ8g
rn_C25fPOVw
YyXlrRMFUJw
Rk-EtuESRm4
08zHioOVTd4
C5titprQAc4
3WVVbCUNPHY
C8Eb4-Wz27A
-hK1p6Ymbhw
vA3o-lTreKM
You0q4JJzS4
alqGXue7Ca8
Zt1Esq-qOZM
NMb3bguJ7wY
h_ZIMHgKTP0
DR5ZytN7Pj0
hcUxFwUjCxM
VmFX6AIzllE
uIjSx1c1HKQ
OoaKKd7T7Os
wHihAqfXvJ0
Dzw2nLd7DFw
J92qYl6m_MI
n5_1jFIiPgM
jAjU3cR99p0
M4Q0kl5sH7I
sYuUQHa2I88
wqclfPKJEbA
CrnyDEwYNxE
ceZoaInLVpY
wL76BRa1EQ0
Dnf4M3PU6Qc
TYrxaQ5m7m0
HGg_WiaSr4U
hI4v7v8AdfI
6o4WL5jlpn0
78QUeXVKiJ4
qgxapLrA_NM
f5o5LpUcxVk
eic0CC-1d9E
dD_9KBz3pN0
V41_kZuOE0w
_qpgzgkrB6A
DQCF4kTXf9Q
8nCsnsD8Fnw
I5WSC_iRtwE
z-HSsVARNnk
M2P96TJMEaM
5JlJ4Qfk8g4
BJl9WA787-Q
-bhfcBvyWoc
GtokpL4f32s
89Dp9Xq4eaA
NNpv-n_Hbvc
RcjZwZJO5qo
sqRQSPwNE-4
DfpFfIdwcIo
a6E5Sr9Ypcw
DARUu2sJfqI
hKRada3AWII
8MJvK26PwSo
WfxBuwMGTts
j54aGQStW6I
UsJmBBtwzYY
W9MuBVpEc78
SXMhCO2vYcE
COVELT85zto
H2vGXCVo-K0
CIFBjZU55so
V3tTnqznYwk
s4W7LKK22_Q
1Dk0_-fyyDI
hz4J5Wzxv_A
S5GLCJZaV1s
XnYUFgfbvm4
6_Cuz0QqRWc
JNOWWJeZBTc
Hdbbx7DIweQ
hNDlqAYRDyg
KS6KEWaoOOE
_3_6wjycJdk
TnhoIJIGnLs
JdNlpY7ImOg
F_vLWkkOETI
xmrhZ5ySaD0
lXkfZYlnwl4
X2jbBgxKvwk
-OsBdrZglMU
TG63zz1AFjc
soNO1iflers
bvmezdvui9Y
zedtd7XCiMI
B45S0K_tQKA
ipm5Bk10Fio
FSVDJoHZ3rM
gWaA8mVBZQk
6G3jMjAqNqM
WPxnNjD_yoU
KIs7-Fw03dM
gLE6y_NwmhQ
a2rd4Qy8yNI
VyFs7fsWE6w
sjG9Ns_8x6c
SRwMfEmKx3A
VILsYH84HJE
PwMqupyG4D0
XZAGtQt-lQo
8E8YQY5qE3s
hlM7zdf7zwU
bGALoCckICI
VVcTxxT3IJU
9zZY6RfN6iA
6arI8XhLZ9o
HVvCbnrUxek
nCwRX7seya0
-7WKUNG9v-w
hDk9Qx8Po3M
i5qQM7Mc2ho
Gvp_2CL-uR8
QvrD-BmMU4A
eqEw_9_sLVk
y6tljCXVSdc
oXVAzyKswPw
S0Ru5MOvfCU
APcKEHAPYEg
2sFjcn9sMsc
E0D1H74PMmI
bWPQvxElpLY
5KfHxF6Vhps
TsoAA7zOyj8
oda2K4IFBaE
TBNCqRCsSvY
BkRJJsHoRdw
L7AX2RcbqCg
z0Ry_3_qhDw
Br067hrasc8
ftYKMNfFcI8
PK8aeeVx3io
Teo7hD0ADE0
5pU-PkFbBoU
elcLysy7exM
EqeVXI4WNHM
_QqhuLixNEk
vC07D-guWj0
_27P6HZzXJM
afRanGsRlOc
xVZA6NOQA7A
YQ74W9OKSdA
HbzvIrRdVY4
Y1CcSXmb1VY
QbuKqvFrjt8
wWy8ONwhdLQ
RkPrgZtwi3g
fI1t0dY5zoc
gFdh_rE2XgU
9G7ZWwlR_tQ
UQVwgC7MAHM
kl4n-EWwPyA
NrlF8mMHfLE
iC9hkhbIimA
Uqf5c6Xcjr4
Ob07lcFcx_A
C-xLUS5JGIM
FvsIDLrS2rI
G9zt6-fIq9I
6UPYPv3LXxk
e1l1NMLuUuY
OtaIhafsDFI
HgkjS_XL840
XWenUEW5MfE
xt9cwJ3bXjU
RygpFkLCSaM
QsDMlHW826U
0lsDqvH5mDs
b26JxSoZvic
1YWyTdtofdE
SPMoNUAbV48
tj5AtYoKqvs
9aD5Z_EMxos
D5yQESfE4Bw
K8p0F92gVUM
-aVZtzD44vI
oC8bU0Tc_v8
4g5ZEGoYtOA
FXpJQXzoXwI
e1Cd0XL5OEs
HEmwn5jmy2Y
jb_RwR_Eso4
z2E_GpucfeA
5Ilo0pw3iL8
wXtzBbU_cl8
jihKUWH4Hfc
YCjc3uRTq7I
h-qwno7n5F4
Z3SXp8jDbdU
QBiTspq2Wck
FeogTR_omiM
wwg052FC_Zw
fpjXtpg_isc
uikYPJw0tnE
yVYJRT5hTSo
0qtIHdda19s
-Dg9da1BGsM
suRIY3ULrQo
BvNKHUICHYw
9b15JaTtFAc
929zpx9XJaE
u5Irm0d7tJo
I_pG2SH_s88
tSAsSWTTnw8
pZSREG1y5cg
nV6bRozq5Po
46UhAtPyXw4
Ha3vPJOX1LQ
VWO1m0S-a9Y
IjMn7f6bbLA
eb-GHXCqkhQ
WoZ7-wOy-0w
4S3Mbl0JrdY
chdnDLbSbU8
-bWyP0fibfI
OfTTjQW0CBw
uikYPJw0tnE
cUKmbQjpu5A
Wqxfm7EPcjo
GWa48XRnLh0
buyK1y4rV3E
TVtdqRNJmiw
DqaHhReVpZI
XAPhD7EDQUk
dj3tcEbWBDQ
LQmAGFCJMqo
1serq4kmeZc
xGbrcOF8Z98
plzbnyvdaIQ
PssLxfFqHoA
T3BMIaDUvck
fQ1zZYWjvwc
9K54G5yeR74
kFElpYl7Te0
o_urKmMdGK0
4zvwNsou9vU
KFSBop9TZyI
eu4qSv9Vex0
rDj0WNzp-f8
b4ORXN7a0-w
N0_HfmxdbCg
4AxYt_Cjd1o
brccWoewXiI
7y4FGCvNgB8
lfBDOQddTD0
435Ipnmp7bA
F77xiSlCehI
6pH-7pciYU8
0NYbQPcdxg8
VkYiaFPnptI
SxxzfojT1Pw
K7QTjFdUIyk
Kv-lyVmQ5ps
RMf0F72I7dY
TeAzW_tY6m4
jHp4fnrEA6w
IngLJs6T1Qw
E_EmGO1XuHM
JlS5K1AxjT4
1-8O5AHIb6s
-T8lzuTwdbI
7br_-emGNec
nxUP4lJ_hbU
7TYMKKQK8s8
jKlgEvRFItE
IVlzp8g1McE
gro5b3PZ-Bw
fjjhAm5trSM
uudB5XiAYOw
yUDFir8oYl8
ITtFw5PH-hs
Av5azFCnULE
5tMPPp5VIME
wbWz5vFk-Gw
UAOJgqdsK9w
3VXhi_0Mclg
CTIzdbEBweI
QgpjYgAAW7o
XwEGKNPLQfQ
aaCRnT8o-Ng
ConsnUZGfmw
kDZlMFkKhWA
XmI80eJZAWM
ER5eoDkjsrc
mols6pMKrto
vYix-RPhT64
wQXYtsyfbqg
XLNAkLuokzY
lT3LRjtSbJc
EZbgMfuh9C8
1tn0vd2835k
M7IZClYqdEo
Ih-NVgXuTnQ
Sy_7PkoTCtA
U4dtruMdQ7Y
FWcXFU8Zj8U
5-qpfFTaY8c
51JgTZKnytA
paNqHnR3-aM
r5XXDSOh5Nk
rsBALP8QNns
dki2K3Z-1kI
TX69hjJpBFk
1lA1hWdw62Q
TaRPDFqEd-c
PvZaQZBJzGU
qLhZdSNDQ0M
UUyAoEQtToI
PnqPan7AyJE
__Uw1SXPW7s
elugjT_Np3M
G6ReTLn9vLc
XOs9vVmzE70
Qm1TDobNrns
2TA4y9BtzBw
pf-4JrX7CeM
Y4z2fS8FwfE
UGiNOeuQRnE
5L_6VfsfWms
uWj0GCvn_Oo
Ht0FW7RwRmc
Ve6K10-Yx_M
jfaSZhNFEOE
ulrAE8LJlKY
YtX6SGw7E3c
qJqGg3Xe4iE
ZQcf9xLABa0
t-RXwwBjxsc
2aqcjZsjeXk
RYSN1CARHtE
F3KyoI26fKI
DXHM7LYGcbI
8mS9eDHf0fQ
W_gNAjWWvBg
7n_Hf_UsW7I
iy-fhpbTH9E
-ihDprWkcY8
lGkjJSr8MLE
h1YFwjMp3Ag
vPYl4NM6DaM
zX49LocrXbg
fx3TtExi9e8
YwR_82jgJ_Q
AK9OVktYzwY
B5441_DREY0
6XqsLv0QDUE
UAcRCt9pEDI
vS3bpx5ubBI
816YzKynf6Y
hzSef_HVqz4
Himr2l8Rd18
eidemLqiPyQ
luSh3hz_b18
0DGrdJA5Mx4
OzhjlMnQ114
tMA17GzO0TY
kJ57S0Z4Vp8
0dDIPzqKgYk
Tx-AtZOJYfE
BW01z2hmBMY
YBQUw0NhqgU
DJkOeou9oWw
EHzKIR3RuxE
b1ZaBpRT5-8
Qgj2_4r3VBs
C3MI_mspN3o
Mj_2fVKWa0k
eY1LuoSfiys
QqAPCIIdx-E
WqzY3xibFL8
3LgfZ4bQ-yc
SFWN-TkVFyI
PszFmdiMUcs
UwFlrPNf5ZE
5xitzTutKqM
Ojtwh8XDF8M
h2lARdo7Xko
xuAiQOzIkWY
jvYZNp5myXg
0z_MDIWMBwU
N2PpRnFqnqY
5_zxtSyTfOY
_Pq547nYFaE
nb3m_Q7rfT4
Z6vANdo1L68
3E8BO7VRMEA
2egl_5c8i-g
qafPcWNUiM8
d2STHFVHGAg
uXtxKxYl1Iw
hxEdXUB_IdQ
pIfpHdGVwLU
vjGINFbV8Cs
2AVLfSRpmfg
Nos-xOCpQqg
TbS7S7lb9Es
sIJj7Q77SVI
zMFdb__sUpw
umYWWMfxUCI
VamMrPZ-8fc
FGesqq22TCM
u4ugaNo6v1Q
S5_5KyCVjrU
uwhV0TAPmWc
i9FzFfv1rQg
Fo4kitkFB3I
Tu3O9tC3Eh8
P5y83-ZnQeo
JFesFhraX2M
PUvUQMQ7xQk
az6i2qvI1E0
9XxzIoUQd78
w2mbvtpQKrM
vQCkYm3v3aA
s4GUt8G4Wd8
M0UTy_s01pw
qLYYHWYr8xI
NfFRNgyQebE
Ug8amZRFrZs
P58tMgZ4v0A
NVGBq_V-F6U
H_Nm3qGE65s
6BwDYdfw9NQ
ENIQiqxFpBc
BVqUmxb9NGI
tckDZCRgbJA
l6FX_r_Tkls
QE9TzvPQOXM
Ra5QQ2CmprQ
22G9ylLr_I0
PomqUoIpPD8
5m3_Kre_M4Y
SScIF54S1_8
Pb8ic8vk4CM
Fx4l41R5nxY
g39owvSlC-g
lIHJcTf31NM
gB7ya6386iA
OmFgyJRj66I
5CZ0oZ_lXSY
7vL4-Ophj5s
-p7_TQ84cpk
p5SkpVqjWmg
VlZpo580bA8
xjh0L2Km_cs
8xIA10NQakI
y6lIgVSvizk
fUDwPz9VmL0
PplggM0KtJ8
00YVR5TSZqw
mGnm89Rfi98
7IthGldHD9U
925fZ4WKISo
hNpcQEGw3S4
_DoO43_hihI
5SJFZQ4zwLw
-5rBQO0VpWo
SZUipvwNx3w
n-7xGKl2HX4
T9ACF4I4q0k
TWkYalFn8lo
yMgFHbjbAW8
50ezMTE_BuA
JFlI4Vxtzxo
_rtQGAX5wsQ
Ngyt8Q5tWkU
TwGYLQ-DNdc
qNKOi08NxHs
30LcZqRfPRY
8hvvhH7-aLE
SKe3ItfdzTY
8V-PdgS2GKc
_y17uHBwa_8
ODNCH3gSKdA
-jqWW22FMdI
7N5orPxUoGo
wTkH288r84s
tqxQSSzuXX0
IShaLZ8CMXY
YjWCDdNlXxc
TjOlZr_2uW4
yZ4CbopnVBg
apkT6rVE8qo
PiIJFRqrQYk
pLijVYVDKlc
VbKB4dRO2jc
83JI9i8DZbs
Wwk7__c7r50
QtOY8O_8LPg
ELNooV0ymYk
PqyS66_mE24
IcmAxkEImtI
Gg-GD5QfbB4
7LY2CMteGw8
bCiNvTNwAQk
NGyCpI1zE6k
zLHwRTNbcjI
HxIKVdvkFkA
4o6wnbgi6bg
20B94yLBGrg
_-96fKZGQVs
8-pxqeO24Ww
p3pYuY4buIk
H5ZJujqa0YQ
c30S6M8-Jvw
CBjLSRfqoAg
AUAT7zdD6Jc
9EEJU4Ox-TE
BgTpPM9BMuU
jqMC4RBE4A0
iql2eFZsV5Y
K5UbnilpzXA
pAlq9fFwtus
Pn9n-k1JIUo
2ujmYuSYzSk
FyW7CUl9KDc
aAB75bP7rdk
2ujmYuSYzSk
8JT-Xqs8_GQ
T8O4AcTyjHc
sDSTgKIQAzE
1l4mmTSIbvU
AntQBDFOjUw
DGJBaeDJ74g
zaUhcLRp-c8
UiLiMg_U7_I
3yaZ7lkQPUQ
dToPqCXHNDA
bRRtp9XdDrY
zlq_jQYD1mA
dejocl4sYfw
KzdbThwGNGI
ekDTjvF_CJw
xBseQOzMB7A
iFy0oH-3Pn4
IE0HQoLrbX4
URdTZ38JvOI
GUK9aup5HOs
N5xWYgeIWmU
7I_AILEWTL4
66_Sb1dP81E
fWi-i_mdUOI
6NBkb98nFOM
WVdPekbXSfE
MT1-bqKpal8
pzcEovb0GHU
ZaLw1cunN3s
_kCT_lcM9ow
HunTJkbVQ4s
4SqOXcywn7c
YLbMvvwYCcg
Y4-F3zk7pFc
lPcahMeUYcU
16-GZWi66CI
AMsbZLxd3lE
ZmVOR6n_fzY
eRbgHCaWQQE
lUA1LYCoIAg
EV57jv7JKCs
-lWVpoPaPBc
BGz3pkoGPag
2hHyY1eyHQs
ahPdiNQGXRA
JX5Zvh6swmo
HLNSouzygw0
Vm7H0VTlIco
v4IdaXvyE7U
cwnke_pjX90
6rX2VNybXEE
Pud5ygp6H38
Z3YVZzCEi_A
L70UJVjc-bc
8wrtyW1RwNk
tV0NNJ6ndgk
_vlXdx-CqM0
3MijXB91DVo
dC1ojsMi1yU
CZ5ne_mX5_I
v6Ct2OEmGNU
Yyfk0rwuZSE
GabN05XvXTg
Wri26sPEBoI
JeIwsn-EWZU
Pfi_chISQbg
dK_w1HzU3Ts
v1ucHH06AxM
J43CIbKpdWc
xZRRPOneU2c
qgsNNqmlLoA
G4r9PpYQiL8
9AHqFKc3mKY
pJQr77Vzwyk
hds9i_bYm48
5Zo0j7yj23E
lLeIclx2lAU
X-_cJU-pFwQ
aCA6ioTLw-Q
16S_XjHqcZM
lh2mp0aqSh8
UWTdCorvOWU
v8sj8pHSFuE
-N2cFuy0mGM
rmPqoWYlH-Q
INv2gdpfXPQ
649ZlWMp0LE
6WIBa32o63Q
WhTpJxlJi2I
Zc_l4cCLUqo
Gg6ju-lHCwU
3yb1jBTwMeI
HPRPaTqNnZk
od2ChzDRrBk
iPQ6GB822x4
AgcuSSiR5to
P0zrLZrlyko
FygpbbwsSGg
5pfZ3dyG1cg
ZkFihBrRMCM
t8RMj6xCJIQ
WnAzZWxiGs4
6dACXPirT3s
LY5EBvlRCP4
aIOYJ2Vlwy8
lrpB0kNvEs4
0D54pfccNUQ
joTuAvMQ9vE
dzSbmCxUyuo
iMbAu2Oh7PA
K5XKjk0-hCo
ojSkGvxFi4M
xoC1fRavjUU
4NT_btkLlho
_nsIQIpBsUA
5QFwaG5oM_A
ODJzxGj_zvU
iBWCZxyElIM
cP-fdixB1Zc
6L9jWmLkaS0
YLRypVr164g
8_fMpRUsnBk
ptAw20kem90
vVTwzjvWySs
zTUnjPALX_U
o2XjXFvruIM
kemwplAKWsY
xBIbflTfxm8
g9SGpnheXek
-j7N-XPi5Z0
SGSLyp8mmMc
mi9sMazNPxM
9GQdh2eGP-Y
ObGarwy5Jss
JvBHwVpBCwM
Z-Xzp-WMv4E
QSC86jWqGKc
p46QWyHQE6M
CGbBbH1e7Yw
KQ7Y31QgX_w
sPe6qoQFFD8
tgS5kgkZNGw
8EA5wv-kQPw
72xChzYjJdM
6vUjGgI8Dso
pRuwcphjJeg
H9h-Xg7zjPU
bohL918kXQk
Vnga_psnCAo
VmfTXVG9S0U
gUbsSL2OiBg
q3WJVOsqu7s
UZ3oEn5Q7U4
0BdZZCwDE-I
sF3Lh4XT4hg
Y33LnxG2L80
zc_p7Mw1A7U
7DUY9OxFc0E
PG3vxLHo1Ws
XHVty6_XTJY
vmay1kIOjdM
9IXn3xHhkgg
AQf3gKTCffs
TeIgljoLIxA
IeHlXGpfaeA
2KWifFPOy5s
0dWF35WPKfM
ixFgd1lFe9g
EXIUYib9d8M
uhfURKmAxWw
3ihRfwICTOU
eo9dra_yIbc
RRYh4cqv6ZQ
tWNxdsWoAd4
oXUJXsoCtDs
904esvqoJns
dEHZV7q5VV0
DPxf4-ta4PM
4WChwIGKdaA
vspcKkcLuuA
qmWJ3nLII1M
Ppuj5gw78Vc
y8W5aAsBXSQ
Rl-1snoSWpo
F2tqV9u9vzY
EqEEndY0sT8
su_LWo7wpYU
uLN8VIcvClo
I114S4KiOn8
m-G3K2GPmEQ
AgYVtucDPt8
Z_VpwQ-yTa4
DWyfS9kzalQ
Sa5eqaYwQ2Q
yCUs43CYMoI
5kT7oUB0q6Q
CNN2d7uG6IY
B736-QoSLh8
CQIne7QreIQ
H6i50d_bTuo
hQ4UNu1P2kw
ybcmd6yLH3c
pwwNxWXf1eU
CAXQvTKP8sg
5gCx5YCmXbI
BSKtQcLQLWU
aep6lwPqm6I
yuqB-d5MjZA
vwUV2IDLP8Q
UEFBGewP2ik
DaBq0naj0YY
FRlTh5HQORA
acfjqWTwee0
r1R00l8Z5lg
D9f7dCMxu2Y
SaP1O0i1bdc
PdXDLNNXPik
tHFyaoIrV14
28lzQ_OhBHY
QSHMOWQUZ54
VPM84_yfx5Q
Ih26fli0vAU
MVm3PKsXl78
bzL6w6sTwTM
FV5on4e9LeQ
GdlYMKScDj4
O8pAsJBvfcA
78_l5SSmbRM
wz2QnEl699I
xMrQuCZBijg
Advpf1WgMiQ
jZnJLEyJtBU
MjXOYLefass
g1lC2OIMipA
D9Y8Doh5a9c
ghLhtqtp3ZQ
p-n_YOtUnqU
9uvckgMLjTM
NPXTkj75-AM
5vP19zUIo4Q
P3jCdsWJa38
QA81QUt5Xjs
f0_8Umbbr2w
gwf5Xy5p_DI
koAFBScR41A
EPvd-3712U8
AxaWXWd2pw4
tm2LG5ScT1g
DsCMYyQ0NWU
_dYkByQ9Kmg
wT2cfxFnx_U
DZxG2miqgZI
yOP0R4GaoeY
MRxomlM091w
egCzfiaUYPA
UAhbwYBAoe0
2A_LKrLlhxE
mSzaJXR6MhA
GnOf2f68Sao
m_Z3dWw7mVw
o0K8bb9uJQ4
LHwqEqOtrBg
n_ZyBwiV-Vs
wnaLjLOAwkc
Qyi_J9jANlU
LRmEmbP-UOU
KwIQy8xBOsk
ccWUDlKC3dE
jFjI6y46QRk
smLN8WKJjas
779k4-oFjuc
TitrRpMUt0I
A495e31cDdE
23BJ6_iigUA
2yqjMiFUMlA
2l2FgUrln1A
kZkfZwTCed8
sAo6LbCUAQo
SjunMcrXgE0
Hnmm57B0JgQ
CsrM_RpqXek
Fh45mhVsZrU
fm7QEiEk83o
xpoZBnXHg3E
j9kIACViG60
49EsnvxVQec
ld8r6NGXRts
qXykcBGNvbk
OSE3OiRGlgE
4fMipjAnlRk
3DGKY3eM9PY
TeiuG81mbII
Woh4gwIFpic
ONsI-yIbsBg
CIQmq1wOjnc
IMZ2D8Nz6sA
d7xbyNSxxrI
Hixy7TX-Nwo
D3vHhXMQPmE
35HD5UTScN0
i7lqWXKuhhQ
ccS5Fy5yLjk
UzXoxglkr98
nrOA1U5jH6Q
uHHnwafYivk
tHQOAvbyRL0
SG4gX-VGzog
Ehd3cgRBvl0
bVi7_6tqiQo
TXaWqy52dZY
zVhQY173Yyo
59s_CQjTD6w
xO4n3LfmVag
_jRXtJz3CYc
Ttji2_wBSEo
uMj46crbLaw
7lcCdMr0Cek
aEy6xua3gl8
_uCmDXKsWUM
0EwwoDVJVPQ
hp-HJvqNAfA
jPofntFycKc
jaizoayO9yU
T8U7hCmUdpo
1tSrRYU6LKM
I21hginkKk0
zGTzWgSDFR0
a_zReGTxdlQ
R3en76G8_W0
q2zdiLn3gSE
NYq2078_xqc
6IS_M6CX7FE
KOntbZIna1E
KyAKEisg2PQ
gNFDONSjB7Q
mAdUjImDx58
OfV3VNgjpvw
6_XMKmFQ_w8
2NRBn6ZLmDc
WmTlioVfS78
PLxHkjrVBgE
WTD8jg8fXoE
kwqNDIacqt0
ki4VK_dQlPs
6AWZT8owvO8
EDhYig0bEpA
59RIABaGTcs
khDD_9g5YTM
aalANrz7bi8
LE2uwd9V5vw
UKHBWzoOKsY
SvFfVtRT1UI
UjiLH7RE8_Y
4-gVIRgZi2U
XxP6auFa44M
HyThzLRuqXo
9ZYoIliBXYE
S6BHQMk8C_A
3AxyrK2jYc8
Gk1mWXIpasE
Sify7Bp7BmI
bT_0pn1lHiY
XArCfFaOhoo
Q-aGAX27SIo
AXP5PGSaaYk
DY9Q3qNmZnw
Q618DALi2eo
vkIBypq8MTE
51UHJnjUOSs
p-b6k9jyIkE
giO5ACdU2LA
rMuj2MGeIAc
aSTvToHuG3I
wbEEWmJFDVg
gIEQ32s35ZE
As-YfI9xVB0
DIxU2l204HU
FuuR_SqwXm4
vvf-qiN9SWA
LmxGmUOiP2A
G0h9Sa_s18A
6hjr4n4MCPA
NuAgmNaX58M
7UJi2GQCi00
gnku5AksWvU
IRTn0iNkAHI
o7_zmuBweHI
1CTdrWFNkGo
kZO-XQdBwqk
OIkD1viOMWk
QKXeZFwFPS0
0r_JWUkXEkY
Ca91iOVGd9A
EEnzhdQJUYA
qdmYAXjhWiw
KFrhclyEpVM
VfpKzwrhmqQ
8bHPj3ll0vs
waWYIKAfkWw
oAQnDsmu41E
aHlOp5nYs28
UrfLAlk2b_8
PWcwhA2BwVk
f5qr1lH6ViU
4WJUEXIksH0
pRZzfoM-9lc
9FLYqh697xI
bjdOWH43-9s
T8rbpI4OZCc
TqMxlzZiKg4
nopnFjMy3rQ
Kq5hqFg17bg
JMqKtEC2bbY
ldLdWj6DLTw
5UWdzPq8_Qs
XVWiAArXYpE
nC5UgHDjbcg
Xg24JhQHVCM
Sv3Y0F0ASZ0
72L_N7AtCRE
-cW5hCsc9Yc
RoxefQ_Qgm8
HFdeHX_wA4k
ZCnsO65rWX0
iWgW2nD4wGQ
5P1O6tBiTlQ
vRw4ovZK1CQ
KblYjo1Ijws
sOluh1zX5tE
x09FpMmGB4A
Xhc7Hens0f8
RNwD4z3EVDc
iHNa1fhV7IA
-vv63FS__bY
WC5VYKI807Q
aD6l5bNnJgE
jlwcIRKCqek
pxKLeIjzxAk
U1KbM4ffiLg
ua4eMZTxpQ0
_Ut-nQ535iE
lJDjWZqhpVc
-_7td0mDbQs
6QRtLh_THmo
fqYds-feWcw
WZPpbkVESVk
9Eg97Rtg-pE
UBctoCirje0
fUWn_SJSLBk
BSrJi9uEJp0
AXasQLqazWU
TI-j-fr6c4A
2XB4K6T-yKo
hJtaY-iZRvU
aqef1Wx4D6w
JmRMfFVw6NE
OfxiZdsqGeA
CgpExkmY6Y0
tLmDYzhv6Z0
wiXhK7aEuGY
gHzLHknEk1M
bLKTkM-w5ps
G2ZXpbMukEQ
yAFphxolU5w
Rr_1GQyiRYs
TDJ5nXWEkWM
wjm5ZYZ4hj8
ZAElYVh5DXU
xioPD_ldZNY
SQUSh1LNjIo
WxTrxxW0qeM
Iur13MNO0Ro
JFBdnJzBgcg
HWFtcIRhr5c
W233qRK6HPs
j9FDoYNxZlw
-CTaxKTzbEI
4l_IvxXD9o8
uCLZyTliZj0
OsPNBYmqxLo
BpPHve1cCCs
_DkttKctXFY
pwh1dK3vTkM
4b8YnmUUIfI
T3nVKbxEQdo
l1xdKkIGxOc
fqQ6sslzyhY
RaNeCD8t01I
S-dcMvJlMJs
Rd4a1X3B61w
O_yeKo6-qIg
uPksX_O9ARo
AI3aOkafYFw
_ZGHGDKWpp8
TlWvQvMB9eI
TrQTK-B4bzM
xOoMotHFOKk
YKKd5p4a5Lo
41XNKfR56OY
xWJ3HoQTpgY
0yZ0ehTLxoo
3Eis7atPUKU
w1NR5sjsChI
9xgO-EJ3sr0
LVqv8PBR1is
TdVDqWOR3dU
0FbeUMPZFjU
gbIgkcIfg0E
7T7PxQMLTt8
ggggPEuFzOM
lXShNH1G6Pk
d8qtbGMB2gI
yVWxxQ7SMOw
JlOyb_RTejo
cfOcOgr0E7U
X51CaI4tfQg
DCWeH62w-NA
RgfKNIkpFWc
jzn4rTPajT0
5f1-Rg3MmKs
olrXr3J5xq4
hWJLd6bRthI
Y9sP4V3bKh0
Y1O9UNJ8MIU
MDFI8lWq33c
GiuuoYkQJXk
Z08N7pqr_cw
6PMQdHCtUtA
gWz08PB7b6E
4LvGU1a9Z5Q
bFjaZ_8pi3c
SrL8abwGKyA
qb0QSP7Sfz4
7oUBK0cNxV8
ZjPs0V6tiR0
iHnzLETGz2I
-fKh6SNEPr4
EhiOjcRzKlg
4qgLz0TF8-M
A_1N561qdSw
A4aoLMC1-5Y
k6KH4WmcgaU
KzpRivhr6HI
vEsAtC9d_MQ
Wt5EMpUt-_g
8YAJbAcRnsk
6nTCnN-OzI4
r8YAnRo7VDo
ZE_M0_k4mG4
aXm8y90pQ8Q
4441EyWBPt8
DnNqe8o0ehc
To7qmiTRZQ8
LuOaEe89_HE
DtZOaOHROvg
k4uSZ6sonCU
EvLy_1_Y3tk
m1FhUjMMv30
TqslX-bUTD8
shWXeUn5BHk
sJo7D74PAak
nRJM4mY-Pq0
8aAU4r_pUUU
ux7EQ3ip2DU
0qjbgGQy8uM
fs12fX407GU
cIvcxHVUUi8
O2jO5AwTkT0
N7_K0yl0Egk
qSE1Z5F_vrU
UowW7ua4TK8
Ll3QzXftlS0
PZM6acXvsoQ
zfqJRZyeGRE
JxOMm24lSR4
EqlsSqET1kk
17EhKw2tsu4
szHMvVXxp-g
UV5yj5A3QIM
80bJA_tSbo4
ClFrIg0PpnM
0yEiCV-xEWQ
LbBcuZukCAw
fW3snxnCPEY
o7_zS7Bx2VA
-82UNytyrCQ
xRGjQdHToNA
Yhaa214UKvA
BjIPqJ0paXI
u-FSLjbuv_s
2M4EDrD3aBQ
_GiPxFvUUxs
2M9cVwj3AtI
o6zzLAhEyqo
q5sG_CkkAs8
_JdgDBzQ0Us
cYyfwJSvT-k
JX_ZgrFf2j8
ok2vtKnSZzY
cHNT7_F8m1Y
QL6qb1h65hg
H2hOwKszKRo
aGdO1Y6ciwc
nH6dfMMlcfI
st-rVFChzHA
uftnBXB98l8
T57pEhuo3Us
gZzsYhyjIXA
KGSwhRXMa3M
2BxsmPo-zXI
_Esc4JPE_FY
eBzQdDgBB_8
dNBNepJ_Ut8
Wz8grvnFDHM
tmt5fXhU7Rs
_sQ3dqhLsIw
YA7ZrKcbteA
mu3HHCdYYtY
qS4stB9LfJA
JTg8gyQ37pM
oL9iF9Se6lc
JQSC0lCPG24
5gujU2QcGcY
gEE6yIObbmg
7I3-HAW8rmM
j8LHrm3_brk
kxE7wipiMps
4XHMqvVByFQ
eUJya1CJe8c
VhNouf_RdXs
82Lhe3ipD90
bOVQYIGtqXk
ocAAkB32Hqs
Wk0k2FLjM1c
7dYePWVTTTI
09-t-giMcNk
uYoX_Qyknao
B9bJaoIHRp4
W2tiu8_ReGM
NvGBug8iORE
_i8TVzaMZ8Q
DBMQOK64VQY
QFcaUTd8DgY
VqKIDyLhYJ4
1RoJcfnZYCQ
ShxyPUl7asE
JQIwwJqF5D0
CBlfcuUXzUY
nHi-3jP6Mvc
5ffl-0OYVQU
PSl6IXUCNuw
_EYsykjsfiY
eM7arWJJ3zk
EW08rD-GFh0
6cMn1F6bNPU
XbCvGRjjzgg
erMopRd-MXg
cAAEMza4GvQ
qF9Kz37Ksq0
eEwZeY51mT0
GRuEOLcdWjo
0k4tWeI3R0Y
a_49iMi10kg
h5BmWo5_sc8
szLkF7isbI0
4yzV8m8X3Kk
xE1gdQZcR-o
r8KHIxscCkg
IKrRuDWEP68
R74Ly00UygU
imwtcmvk668
LMC3jcNomNc
uOX7SijjH9w
Yeie-aJT2eU
c0MR-vWiUPU
TyYlBXNETZE
AlXVrAOls-8
TKlpZ0UUJTQ
2lY757QaaKs
ln43wOC3iC4
lz8L-0SoMo0
e7Nel0UoXR8
ar9SeJpbPI8
VhtFSSq3lXo
uXQqefD6sPA
dC7BtsV-ddc
tIpKfDc295M
l-h72j2-X0o
1VaKLjvbWZ0
8aHUrjgF6s0
AE8NVTyESd8
biK6_fWLDRc
ugtUGhBSeE0
m2mW2FQJgEE
5mMLaK1ByZc
kjNgXVZ1aZ4
qZlBjnC3iro
NO3AqAaAE6o
2PM1yc_z4Bk
TwqMtO2FLYk
FTO0lS1Q9QI
gspjhwSNMWs
8aHUrjgF6s0
WmdN_iPhxAI
8V4_4M90RfA
Q-BxnC-uWQo
Bt6V7D5av9A
8HpDX3ZYsnM
qOXkZfxAV90
g5-X-v9dcA4
OYerdzZPSI0
t_hPrz7rs34
1OjRJX0PNJE
RPiAT-Nm3JY
D3wQ5dgFPms
NhGQYjXMgsY
dNwf-DoSsF0
7dOBMUESkqk
TzUO8du5Lrg
fLL8xxjhDPI
pnW1PNJlmWg
l9-Qkl42-Tc
1Oopq5U0b08
4frpZ4Q0q58
dqvoAwA9nUQ
ZRLXDiiUv8Q
k9SwNST1eW0
tnYQ_tQmYrM
ZTbTYEMvo10
4RBkIJPG6Yo
4tdyIGIEtNU
dfvnCHqzK54
_-02ze7tf08
AXqhWeUEtQU
TEB2z7ZlRAw
J08-L2buigM
N_ZRcLheNv0
kdMep5GUOBw
U2SQXHMqclc
Rkm0dLTYUuw
TrcCbdWwCBc
roRR6A3TozM
ZiMYRBtDB2M
Go3UvzbsSGo
VJ2ZDLQk3IQ
5FWAVmwMXWg
345SnWfahhY
bb4bSCjlFAw
WsZj5Rb6do8
E9bAwP7iK80
2DRmfxkH_VI
iBgOoaeLUcM
f21t7DRKlg8
UQHT5RktlVk
z7FQ5qGaA50
b3RaBB7IDZc
pt-cjNaErxI
jROzZfJbplU
Mxblg8xKBoc
7sHbB9VQBgo
5Ub0Qu4uxpc
TSd0uByBoTo
4EsDY2VbIXs
_2htRrOPiDE
KEdI0-xIUFc
VINe0McmnYg
1RGnb-QvQzU
kWQzA37MqAk
DYCwLAtNsjQ
wwc5yi3c4gY
AZ6B7J8K1VU
59Jop9bZ-mw
IAJHoGeevSQ
_3VKtPGbSzk
ZFBwkvVa6NE
eU7MCBQTvoY
zhNP1LM479g
UmU0L6j-48s
LQlnISYU5kI
risbXl12QIk
Cy-v0XB7_YE
s3jvXHQlO-c
RwqqRBGIYHI
QUpWZu1fR2o
vPnKHpi8cYE
4rs8IC7TGpU
a4dML9Rf0k8
4ThUMRAvUkY
qSb78ptLZU0
ZsxMPW083mI
uvNkvT6XgBo
9Fqy_stBdFk
5QY8yvZViO0
xmVBv7vk3Gg
Ncv6gt2Luew
sdFT_8AJsy0
8OpvFcwKK7w
wN6LPqhnO6M
JRxFsmvsmHY
RoEZkrDWqmc
C06ELfztA9g
n3BtxJkEuUU
j_kI7OcaLKI
bba11I93w8o
ol4bW-3qs_s
a601bUPEYUs
W47YbukmGuU
XC1eb_uFlCU
hAeC68RvwT4
JbLRFt_Z8nI
YakL8PYQw58
5Qr-0-Vgxyk
55yE4qwjHbE
jzcB3faNdq0
euyhg6APq1k
N8bTEEgskss
SHL_3JvfhXM
XcbobQqv4j4
S0AJZjt0sEg
0IeWoAiHbAY
MHADYILlW1E
P_SELh0dPW0
12lYK1U4dyY
5dvIBOsITTA
6uojNiKFymc
ImTwySWxA4U
5c9hXhJ_o5w
vgRhK16wC8Y
JqyxSUHgem0
LvlpEPHPhpI
zS6N5EqXpCY
gRlrZrDL5QI
gD2mjdGVIus
zZv70LK8TIw
eJgtqs_Rwts
rPim-9WSg6g
fYUwEAPejbY
Gf7UgGyvDCA
gaMFyEravAs
dFFRD7GAEUA
iqldLGr2aug
ADfyReSt2L0
nkjKPhleQ5E
6Js8tBCfbWk
q5HmV3Czl6g
ZHzKQkX3IxI
Zoh8XpfcF-c
bhzh8VDykc4
bPqMLKXoEac
hnEcvv1xhhk
BT2ZPUPyL5g
UNT8uh9io2o
NEm1AupTkto
JVbdSwK5i1c
nfqYCmt6RAc
yjU49bK1gkA
dktGVfUWIv8
Tbpj-dNGrhc
LpryknYN2xg
PdTRPJlp2Xk
8DmmUjnyMJI
KH60uz5LNWk
qQM-IGnxi6g
z_KX8Xpxa-c
x7UHl3Umeeg
T1p_tQZsPLg
OpbYvr8yhqQ
XLAA6ic_AmI
Q4kxgMH46mY
18HrvnXsgNs
ff6SNrgUFt0
NrNG6OPijeY
hCUce36Ganc
bNsSaxCsIIg
9X12OVvOznU
po33g3yIRXA
faUvT7zfsyk
0T9xMqvjdLk
UORrFsnRCr8
-PhyqbvnoCg
858npSa0rgc
_JXcMl8Hqjo
r7Psg-4vvsA
zPQftyPqEDs
rDb0G066k5w
ZKr--3HpP_A
4dPbciiZSbo
bVLql3nVt5M
hp9T-7on2Ow
1iDCV5NbbzM
B8131VDv0e8
vIdMgO-tfyE
L6pH8O3B4ak
O-6q-siuMik
huDDaj0PjLU
rV6O3rGulaY
cMUWA7ZSPCU
N6IAzlugWw0
pUzHSQa6lko
7ZLjzp7thNI
PAz3qwVxDKY
owA2rUggKoA
pnPWdDOR9XE
dQCsA2cCdvA
ja4WRZ4DrAw
vlSEpdWf2hQ
x9a73iHv06U
FRW7SINSYco
kaxfCiP9d0w
83gM3ufe1Nw
TX_mx3qULpw
YElHmwdbkzQ
qAfETdORmcw
-jXk1gl_sEo
oO3nWnJppqg
hnVFThmLW5Q
X8B4Fi7wadc
qoMimDT7D8w
Vtcmyr5IGYY
CBlSsy1eslw
McOMtxI_Jzs
Ws03IbNrjfM
j8cKFzj5V6g
XFwQV-KCudw
yPZ7In2tdOQ
e7vA_S7abSY
54ZFp4CwWEg
DrE_iiw1Mvk
evmDZkDvlNw
ibeyn2QGjCM
wt6XqG59t5U
pIMfRbznxKA
VzWxvDe8TUQ
JBqYTuA_WgE
Upw1b0EohIM
4H5JZnytOfE
MDav5OMpCto
UgLfAb_aFt4
RVv0Jgi3Pbw
NC6HXlrH53Y
lxtlwnCV-HM
5DLkB-g8Rr8
1BRXCIvt9e0
suwJmCrSDI8
74iuGIaBgRc
gH4IsIEYof0
7fYDCUIvZnM
UdLYAqN0gNY
V-BAdpvejTw
KouDAzYl_bc
sh-MP-dVhD4
KbFwLvCOBUI
VTlvg4wJ1X0
yZ-GufE_uyA
RkJBZALhXRA
HODIXLzIMIk
lBtb30SjU2Q
8eSUbi_aYL4
d4Sbl2GRmlQ
EU0c6qrrevA
CSNeYAV95UU
VbgYvbtiirQ
adPgapI-h3g
_JrQF8Rkaio
h5dIVNjVjXg
LDjMDIuTWtM
SLyM_-sQwMM
thDrJvWNI8M
iX5UgArMyiI
zHS9ZVXw_Z0
kmzBGnniH2w
LyVqwJkI5jg
R446VpTeOU8
HnHCQ2X_meg
IpXL9HIkqUQ
qtsMgdZ98Yg
721RrH6auoU
edwZDu94wNs
SM6XZj5dPQQ
q20v5ZBsTk8
zFksanIexHI
uoN_Ax3dfQo
mGSn-qR6k-g
etl9KKf6se0
bOsNS3FsCPs
rmYlCuiC5uY
6nALFmvvgds
HRVrbJzXxdM
m4eiYHL3PP8
b0MWwhxpIeU
9zreFD3T0qY
x9lb_frpkH0
HJgjAZ7JkHQ
dqCTAHHza10
PJIL0kRHND0
8GEGnSEJA2s
oORnGaJp1pk
FR8JH6IldsE
5k24We8pED8
MwxMsaFFycg
6-JjHa-qLPk
aD_yi5VjF78
1K64fWX5z4U
iV-YqG70wbQ
v9aJBeNLBXQ
yo-Gu-ELecg
DF5MkPVjnCc
ZYn8MhrwHr4
No1LKevjF6U
fe1Hsqyetzk
yOqhKOicqhU
G2WybA4Hf7Y
95KX0dNZXAA
0z-yIFzpunM
KGSvigZQKZY
s9ppnjgmiyk
ZIqW_sXymrM
2BVGig1LXLs
VdLOP9teko4
c3FoTqLB9zg
UnJmPywSSvg
3AF_rN-yN-Y
bGz1acC3Wew
Biua3BgRf54
iTyBlnTK2ac
F9BW57exRn8
0XkyAPXq55k
1F1tFouUGTU
BlFjNf4f0mE
2bx7yjLC01M
n9poHOKkF28
ETzngG8N3AU
UejW-WQpujs
xb8nBY4MDC8
_qiFIMviIeM
Lm_Yn_MZU6k
Z9DuKef9jkw
G-aTU0RXJww
HIQ5hnm61LQ
qzNokxFaAAg
nEqexIckVCM
ii-KBKSODek
OIwp8m3S30c
PRx_R9iIWk4
F7BU1sXtul4
-Y-M9aD_ccQ
I5eTOBsvUK8
MkFbisCyjFc
A3OuFLHum6w
EX0Ha42WQ24
TdhbEonaHrc
VgqsM-XdBD0
BsBH8nAv5l4
kLLsJXc1E1E
JuTvjQgpUMQ
qMZnsj4ZO9g
-U53eHKCLcg
v_W-aaB1irs
BmDph4uNfPI
v7ZZ1ctT1k0
Cf0-6ngH2gs
pIO34mrW_Ro
0-wa7voc0uM
RM644gFKo_g
a2L27dTOyHk
yWGeFDXgQvg
8vFhNhL-zm8
pJABplruJIU
8poW-IcyU48
St3MU5i3chc
tlSJCG5DqzI
LGnL17ESs3Q
Y9cznjBl0Hk
h-_BDon5oes
pCLGpRaJfJ8
bsDu8VQKwxA
GOA9XWEo7QI
_H4jllna_ec
aNi1-zeEps8
tcQjJssEMgo
j-iR7puLj6M
v_htr780t2Y
5WLjj7Z0AP0
3G_Q6AggQF8
88hs5LcCoX4
bVlwH1kfDeg
iAPYsOaq-VY
DJfNr8WoXW4
i7z7f-wnews
RmFDLCwePAo
FQFBygnIONU
Gq8_WC7y9iA
mqIkaCXbjCw
rqq11Id_x5E
9q-T8o1HUcw
xxZenoBs2Pg
vcStzn55MG0
m1PPujngqAw
kr-L5V0U1Lk
6EhxI7L5_A4
o9NZu-lIQHM
oIslHyWJHEY
6jZZ6EeE-j0
BFW2lHobO4E
4STGvuoBi5U
xYQR2LNZLeU
TK-U1p9O6Nc
IRmv-Z--3LA
fYXqj_UPsXg
01crUV4VSkk
tYknkDjp-bQ
D3a8NnpQ2vU
L87VpmRLAPg
Dl0RRDiG6O8
tDlzWNtRzS8
_MCPV8CQzf8
iTn3TTF0IXk
kkrF9X6Fycg
UYh7Sj_yR8c
SjN3_xCJamA
JfuisfEdnjk
xH_GllPuymc
Xy8NKUoyy98
qCVTAyjZ24w
TuMV-Zb6A9s
C9m5VEEyno8
ieC5LgoGJVg
oOTFGdjhqqM
NADPP4wlo1Q
bkZYILrmFRU
mzULbezO6iA
G9C7uz3XOh0
Jqd76-epuNo
xgoqcc2-RS4
ZBDiMLAQU-8
ULN_6DXynCg
BXg3cAbmDjM
DoQkjWPpgyU
09YsW2U-7kw
d9hQk2Mmpcw
UmSe4rh__iU
-oP8_U1To34
C3RPDVGZdFw
XHZOfk6xC-0
QDvKqUc7Mj4
I01O0r8b-po
r3M68V9Joac
poGjjX_VNbM
fvtv2uYjo_E
OPpmp-kAuE4
HSf9O1Domms
2DPivVFCdqA
bcCLKACsYJ0
xTcwnhyPN5E
WkiPVButdeg
fEpINE1fjgc
s2wmcnZi6kE
yZw8z5BIwuQ
vl1uMOYFyf4
1iSBNSYhvIU
mtMNvnm71Z0
rRTXKQpblEc
hm17lVaor0Q
C_7Tqk9fw4k
ZTKAn9YNbNY
jRnkxSfwIpU
DhiiGFuUE9I
ysdY1iX_XCs
MHgi8ZQCG0I
TTYDbGXgcCk
a5YZ7-JRSUE
BGyrSuW3GCg
Q0tTfe2lKIc
njb6xYF0GZ0
SRn3WhhS6vs
ogEddosP1G8
PSDQdwL1T0M
XstL_x4ucm4
o4pbAQgJYjI
yYGf7xn7TyM
O23i38B2EmA
4xOsAuj0QZg
J30zpvbmw7s
9zoS5WGsmpc
3Iu1Z0h1i1Y
D6mRPgvAEOc
lfeXuK8pbFw
ArmlWtDnuys
Kjli0Gunkds
ViLt2WI0XSg
GA_yxxeFYBU
8a1a5A3CfdQ
jYR0RlMft8Y
-u3xaicPnA0
A90HKrgUOg0
-KE7jTXwNYs
L8ifD4I1o38
J2L-X2sUigs
WevZMyikGV4
Nq88IHw4Y9E
jAfJcgPGqgI
Hc9mcx739js
i8r7ZTUqB9w
d3109sV6izY
zTK6XUF0HAs
I5xcZgyY4ag
kMHFY6ZrKbU
zvetEuVJ0bE
RzEFGpe0rv4
8YR1E7XWPz8
G1cNKc3PD74
UjfmOmPARyk
EV38zfiY6Vs
mKsKU0BAiRM
5ZMHdtGySvI
bJb4n19sFrs
-YYTUTrxl28
Hzz5p0qlObs
9nH3A4riVxs
CHHu-iTwHjg
cKAF1v5hJoE
axG9HuqViDY
Vc8mmZTrNtI
Svvr5uF_FZ8
vny1qUaToHw
qzvatDIDXwo
KwNe9x0eChs
jOZ98FDyl2E
qGTYSAeLTOE
6q8mk7z72AU
BOIA9wsM4ok
rtNuo7R3scY
Xtcylk5r0g8
pJ3Z04Vwf2Y
s_w3EJ2Jzw0
4PXkzcK-b4Y
-2OOBEBq9-4
K1y6Tz_E7oA
VOzV4d0HKis
-aGYytZ7K7M
wbWL2wfvsM8
vh166DKxYiM
QspmZf_yWyU
8HlVy__J8XA
jQN07Hvq6WI
afWnU10ZNfg
rCNlG_j_gSM
CNP-dCQ-Cmg
a_Y9wBQ610o
cP8iQu57dQo
24YMQ9GvLss
zdvKhaQxvag
cMNx17H3dRU
uIojjqSm0m4
4BAGI6LbHeo
i1dAnpSFbyI
vC-cEWJxDRY
hDP6egLrsdM
6f553BGaufI
PA-T6lMxCBI
8GQvMt-ow4w
xQ9D4Jz95-A
xTnNv7YplSo
6xx5v3PKZZM
zk3vlhz1b6k
xKJ3txXIuQk
7udSVZ7bDb8
MODnIkQvyz0
Pk4d9lY48GI
nv2kfBFkv4s
jUUJSOM1ihU
0CQ5ls3Uc2Q
L677-Fl0joY
Ezp8F7XJHWE
O9lL2KStW9s
OpyTJbzA7Fk
662koqcIXSk
SOQyiM6V3RQ
FEAXI5XeJ4M
-Aj5BTnz-v0
m5oQzyO51q0
iuaYuCreEPk
zlpURhgEGDk
FbP9nUrtKto
oPqq3Ex6viM
z8M4EciPpYI
wNOxlmgU9jk
JgYlogdtJDo
J7-GewgqWUQ
gjKmQ501sAg
Y4HzGldIAss
XVOU9c3crbc
NUyYlRxMtcs
eQXGpturk3A
_RTF0DAHBBM
bVHuI_QpYIM
_eEONOJHnEs
h-31O7CaF2o
3xpZprWSn_0
WDcqGygKH44
0uGPdsF4ZmE
yl02C7dii7s
lxSRKg5ytZo
E4zUMO24RVg
FEKVfWuNOYY
hhbWHP44StA
YqsATg2r4MI
yRmpV35y5HY
yqoljfiOYKY
B5wT4_JJMAI
GSy4XwV67iM
Voj0uzomNPQ
7HBDLYdyJnc
9TXArCzLTuc
KLnlPpVWi8Q
XlipVSubHms
QWJprYEoIFE
bPi1aurgNZg
CQxPpe17qyw
MfWGyjU32Xs
-zNVjW42cyk
mYUE-gH9IyQ
XLuXNYV8s68
VRNDGeq_hlE
1XnYL5xKk2M
smh3WblMpeY
ldqb2Snn-6s
eUQPJB07btE
ERRR8cY7iQ4
Wv-yAXU_azM
fpt4WW3EUxY
x3nTl9-xf58
drUJH-qN-as
-hQiIxfoPP0
mLOj11nMxDk
ZZdLl8v2VVY
YM4lE4q0fSk
ftEVCrKfIVM
EX9CdUAMpgE
-BYomxn8Rss
NfU7cmajLAY
gWqYXa7r_V0
s9PvbFG2yJA
qSPwUDmpnJ4
k4bqucu56Ig
kAm9x3uWF9I
zEd67cLFnuQ
uCtXyhepAmQ
7vWzd-ZV6-Q
ory05j2jgBM
8VjhtS3KlOY
h8kt1knmmrM
xKhU3iMKRiw
2REbsY4-S70
XD-FDGdWnR8
Jp25LHI9wII
t7OkENcBrxs
C_KffdI34ZU
lq-2gX3NKCM
640-86yn2wM
UvDcEvDC4vg
GmD7Czmol0k
TWv6f7rwjF4
a3acutLstF8
rHNY01R2VSQ
2DnQEaNTd08
lCvBp73ZJ-A
Y3ATc9he254
6G1evL7ELwE
VJuBX1p0Gys
TStjgUmL1RQ
7JPIX3odZrY
x48CYVaD0xE
96uHMcHWD2E
muZmOiiukQE
TYke_R9_ar8
d1O54EQ1DSE
qcz1Cm_-l50
s8_14yxp1lQ
UJQkqV2zGv0
C7CY4l99S7M
qYjiVWwefto
2DBBKArGfus
-6EqUILZ1yw
wmQdFLdxLYc
rxJRhbS_21c
qYD5iwhLzm8
DhqHyHhibJw
FBWGRbHf7rU
VtBRkjRua0I
KxOp3s9ottg
rpI-X9Gn5a4
4n7TIvRHuDs
BItpeFXC4vA
hg2HR9zJFq4
AiW7syKXfJM
n17q8CBiMtQ
-DTMakGDZAw
OgTpVth-aUk
xeoVPSBP9WI
8VjhtS3KlOY
Xl724v0CU7E
tV8cMNYi4q4
PuRsXST9EZU
94Gnto5G1PU
HERb3x0aw6c
OOim0QPsJ9o
tJBQZ3PUkPo
qSktOkaW6EA
Rq56-OJR964
W3flX500w5g
5c9N_1PEfHw
W7H-VcaSSu8
zSVrr8K_CiI
AAmVITyDXbc
AY8ldIEi3fU
deKCm28TkRo
XOIhNVeLfWs
SPZsJN_Wsdc
EQoNfxToez0
EHR-YDwrrhM
d3VMo1VWFvc
qk69pR91R00
AOxMJRtoR2A
KuSQHz9vAD8
kj3ZfOQGKdE
63mWxNXQQAk
uuDQkhx6TAI
6nUMiJfHLSA
UFRAHIvCtzg
g_ijRF_NMLk
BrYEuO7fwMw
RLyXTj2j_c4
UKM8BnpZr94
oxSzkIftog8
XiAoUDfrar0
CIRZaJ4Vboo
Jo94CnblKcA
fwBqEfjCyL8
6fQipZcvNFg
UgWxvqIZLU4
1irO3YeZcU4
7CXN56zbqBM
hJrJJQ6myYA
WOU_jV8d5VU
zIfQFH79Kkg
rgvwd6iFni0
skAptImhx1Y
VouATo5Cg04
DDkn5AMXoAU
0Rmmynff5Yc
zRjLZROI7wc
U6RFAUmYU5o
0UgQ0B_0hAg
x9g82IA-IEU
-6XBnjFrWBg
FqGLqdk9Sr0
CBHfoQsF2Y4
X3bqQI7-sCg
Toss6Hzf5n0
-kKCjwNvNkQ
EDKaRM7jyKA
3Gcwxb1WTNg
pxX07gUbIQQ
HqnARLhv-hM
zm3TXDZrifU
5gbHbUVxoyM
kK8tB7UHJa4
ZK5xa3M9EHo
UVbjMIRZW3A
mMCcBsSAlF4
XGWL9jfPHJ8
04gQ0bQu6xk
IQJ4DBkCnco
MAtQe5zpNsw
x7HPG3nqv7U
TKGcfbyFXsw
VXLSTd_dlKg
kCWDf4jRKS8
ZmUiwCWVhpA
DwdPr27P5YY
TY0fkXOD3qU
Wu-dbmnwudk
-2K-vDHc53Q
KibTbfkoPTs
-QHff5pRdM8
Lh7NMBPFVZw
GpOxsRF1Cjc
tRHLEWSUjrQ
87_qIofPwhg
mbc3_e5lWw0
6CFE60iP2Ug
LtpXvUCrgrM
IL3UCuXrUzE
LNSB0N6esPU
MeU-KzdCBps
9slylqZ1MOk
ios3QL9t9LQ
9-PYxR59H_g
sz4DpNzB5Wo
hmtJV49AWio
Pms4cBWwPSU
XHHYA2Ug9lk
K2b8iMPY11I
9eSPhvhuInw
mPLCXCscqI8
DtWovvMnPrk
gm87omItizk
wRBPzExOH2A
XkRD9lv_y44
fa__960kzVE
rCGHUXSd15s
K759mIqpvOU
t4xOkpP8FgE
ioH0PUdUW3M
t4jDcc8IIBM
ahib7LGDysQ
Ddvw2wEBfpc
3CKpidALDEg
KNGa11O2uLE
CIRZaJ4Vboo
JEZaUvH2Eq8
RTAHBQ6fuHA
sy3_PGIuiXs
Vb_XE2mtE1Y
ocINfFUHQT0
BqXS0liFvDc
Z_Cjg3Gla_0
Dg9zqpBUcZ4
2-yaOVXG6rQ
mduivIHoS7Q
wbO4sKeyXYI
HtylaWKBT_I
w3NwqsQuWZE
cbZEsg56mdo
5JuDBwB28_w
2CrXoLt74iI
GAaQ9O-NCoc
p34OOHjoyH4
f_yKNFyUZMs
TpQln9_i5t4
aZl9csOSvQU
bXxkxJnqt3s
68MakfeY8z8
kZZGwa7ITt0
RXKr2fOYfLM
5WEX0J8hEHM
MpZEjEO_Sbg
Qd2wJCrFsT8
b_dDoAbqp1M
SZ6WuRkummY
fdGNOb3T2_8
cdMF0cyuWfw
a1EbpU4oQCg
7SnmUoVhYqw
heYyUTL5jiM
DXpZth7iBaQ
utmUAjvl4kc
bhSnU9zmai4
vJdqX2EQML4
nGjXhxjnlDQ
sg7drNK_vZ0
LqNogu68JQQ
ST-KdV7aVrE
ajZzavtog9I
w9TmwjUZA6Q
a_0Sav-Ue90
M_1WJIzLb8k
stYBg9zqgLs
1q3axPjwLrE
l4265qSL914
FjRyBJME0Qw
rLIM8iRmsOI
Tk2bxgNI8LY
CAnqu40RSbs
DataCxJ5qcM
XexVwvfOkrQ
VTcPBF9dtKc
AqzpkyiL4s4
J6-w7njIpgA
WcpvoJAT_as
EkBUTZe_SiM
cnhSTcjanLc
yKgp0BYKXlo
ibcyx9vaYFk
duyYnXIhg4w
ELgQQjRhkic
LxnX9-xUMvs
1jLELrXiIxA
14kScZR2iI4
-zLGiG9cILU
-dVl4WRZs-0
-B-i-g6cjic
-4bTgmmWI9k
S5LEdJfCsHM
V-_H-6bXw8E
pB9HZsAFXpw
sqG9r4rSwFA
l-6uEtTBH7g
SFRTTUtAjg4
lf4BBZK1Vzs
4HnyNMhkBs0
zqduFg0s5Q4
Oc1XmBVyXMk
IjcLW7Y7Ndk
DvV0e5F98NQ
R48KimqkYTA
DA2w8lRelIc
qcMJ1pN36r4
CIoPn6BnLNM
feNWZEln6Nc
gm87omItizk
oajrmwCALmc
m6xURMj2ztk
KXwYPD090Tg
HJg_7bjGbX0
y2-uaPiyoxc
wZtNRT_-p7E
ruAXk6RnkG8
s6NOa1KTCxQ
rfZokAnD7QM
qSkpZswoZTc
pJ8KwRztfF0
o-D-8B_5ibU
muC7HMIEYDU
leDYnoNSvD4
kpEJwpemL2Q
j5c6pqAP2IA
_irJM-um6HE
Z0B1IyDeNLI
YwNX9uWszQY
UwWn84u6i8s
UA975j_qsTQ
SQmyTmO8OKw
PEeUTQ0Gri8
OmLl6pkvV-I
K3GV13uokbk
JCdbCdwqXbc
I9S5CvSqb5A
HN6FNS7lRhw
Ei5mgFtUGns
EUqhLxFccbM
1AqkBdCBm9o
0lSTXtwPuOU
0B91xPrwcPE
0ZKtsUkrgFQ
mLRYCaYVWFc
0uHhk7P9SNo
-0qEDcZZS9E
AXG1OEbqV3Q
n5cKWjZqpIE
g_dStt4st2I
2SOK_IrpHeQ
uYXhga17q1g
aSokFEpoJFM
iDQ1foxYf0o
-6qiO49Q180
cJnNMT-F-BI
67YpFYOmmQo
KPeS2gdizhQ
KzaPBzFFLRM
L5ErlC0COxI
PQiXRrT_14o
tedzsRH0Jas
c6ACItS5Byc
wmw91D-0gVA
vSijVSL3ChU
Y6wNiYcuCoE
fW1u-OFbA1M
ukPjc3Oyad4
ypxHVqE26gI
NWJinKmWzx8
FKJjqEdfB9Y
xUjRwepN7dk
EV5dhv0A2wU
ORTI4kk1okM
bh1UrCGWz1k
k9MEOgcc5KY
eytyVWA5ZQs
FKraGDm2fUY
l6T4RhlgkG0
6zWPgvEMVlE
PR-A3UAO7_0
BIpsQIJUCC8
tXlcE_K_C-Y
8bK-xfh8-rY
KFgvOQtH0Z0
RdehfQJ8i_0
2oJldeE4JcU
oBREri10ZHk
DPuK6ZgBGmE
GdIkEngwGNU
0cHCpgQD_8k
qpbaglogObM
c02vjunQsJM
gSEYtAjuZ-Y
OjzfQDFf7Uk
gdE46YSedvE
3rs7sFPoiZ4
H-ykHosJW9c
zVLjWIftX_o
ycBxbgjQns4
wyWy4PouQxQ
wwO6DjL_wFw
w49ddHSDGUA
rm3NjcSmFFo
qyvwN-2PoXA
pvyqucC-0NU
osIFa9zcI-w
jDIj0CUjGvM
gEGKvx1wlFg
fGok2nHOjnI
ZJ39gHgz_Dk
Utm875JRi-o
SfgD7Sm08ns
SCBp0d6zR2I
QYOieJuzDr4
Q35CH9B3tvc
K5rmfHlHy20
EQrCdEF3vNE
DzJvR56Suss
An46SYAxhtc
4BNIGTHUTTM
1dZsuE0vxEI
10dTx1Zy_4w
-3DFzxbP9Fk
fii9QEVJPas
29P6bar7nHc
MFoXK57sw9k
faUh3bAxomM
i1i2_9wg6N8
kQkeayQke8A
G2JdRB3bdFM
3-aryZYsoxU
vRa6XxykfbY
2Zk6u7Uk5ow
dpGmVV0-4jc
w56Vuf9tHfA
pe8Dm_FUpdU
okXVhDMuGFg
AtiOjlyOQf4
y-1Gh4ewklY
8mcTsyV56jI
AxwkJtvVaZk
slIX9EDcHgE
egjDLFX9VHg
5CBs36jtZxY
UXOcWAfBdZg
hopq0lq-qu4
2GQTfpDE9DQ
IDQYakHRAG8
P0nMnPPdW_k
6gUY5NoX1Lk
AmOO4j0E408
CbeCE1HoGfA
nFSMu3bxXVA
5GOhM3jq9Fc
QXNg_u5Tv8Q
iqpDFKIREBo
TqAtt3g6Tkc
6QZCj4O9sk0
qW-Ce44ll0Q
f3YoxZKd130
eL965_Lscb8
y2G03Lumhe0
efE8xuvUjAo
Ctytn4a6zjw
WWv0RUxDfbs
NF0lrkqXIkQ
JAdNNJynWM4
e0lBUViss8E
MHtTP6vc4RU
NIazpCER9oM
MwG6QD352yc
4Y2cY5YGxI4
bmjg7lq4m4o
_WXndBGQnyI
NG-rrorZcM8
UPoXG1Z3sI8
p8vIcmr_Pqo
HGoZfzz6dU0
VYbqG2NuOo8
boH4l1SgJbM
Z1zdkcwosD4
DROZVHObeko
iKy-d5_erhI
B_vAlneziHo
i_Cs4eKfec0
TUuABq95BBM
xqpYeiefZl8
cmi8EnJQA84
8KXWJCmshEE
HbIdp5DURJA
I6TBBzIvgB8
_BFaxpf35sY
w7NhLkQynS8
Jd53tcOqndI
haS083Zbib4
Gn3mJOC1wK8
NZINmtuTSu0
G4VxHxwi6DY
oGAVi4xb7Sg
bNNrlzel4Gw
FWEqB0J6mgA
Dy5uDkOoMNc
7_QPAdHILzw
FDJ4D78pcbg
JVcbDb3e-6w
ji4ilvfmTEw
ZGIPntpFCOc
Qt-CWv6HEII
wluZFFkJ2io
S-mTwg73jCY
3V2FPMpypoU
7FQWBCeVIJM
X36GTLhw3Gw
gflKYcGG6hc
n34jx1FIN8M
xSeYS3V5di8
rElAJA9GyL4
hTTDI49LhjE
W3C07uH-b9o
2EwTHdg-xgw
fYQ3GRSu4JU
XFI7GK4Nv-s
vdpyWeiHXmU
2IWhknVzeJM
jTbIw2iR8WU
Ot0FxL8Vl7I
CDf_aE5yg3A
U9OfQd8poTQ
Yh4TXMVq9eg
l5MrtV7ZN88
_ETPMszULXc
MarqSlyz-lU
1UQ5IbihJNI
BAFOOQxiwkU
aMIyUsF75Pw
kXULrUxGzmU
NgYrsqoKXpM
SJVhtIGAkKs
_-a-yNubpk8
q87L9R9v274
IYFkXWlgC_w
jH5qflAe3C8
IICR-w1jYcA
6jqx5uEBs5U
DL-ozRGDlkY
E444KhRcWSk
sU5MCM3npXU
LoaagZPWvpM
8Amgakx5aII
6o7b9yyhH7k
zid7J4EhZN8
vTYxY4IpmF8
gs9O255gdEY
av947KCWf2U
8I_KtODUekU
4L9dSZN5Nvg
mUfp0KaXSj4
AtbZZiSLemQ
tKDET9t8VTI
1yInzfzDDKY
xRyXz_UZ14Q
u1UKIljUWuc
XoBlfbrdBpQ
4yyLfrsSXQQ
0tXxFPHzFFI
CEPuNmVKnZM
sFlH7V7QDbQ
WtKJrB5rOKs
LUtcigWSBsw
wh0OS4MrN3E
JC82Il2cjqA
KwR_ysrv3sg
-cR6FzM1zNE
4tWFdI7DkJ4
qVn_Lfec-Ac
7IkufOBIw5g
5j81gyHn9i0
kkpVr5eoyVE
GWSZ1DKjNzY
tf4C8x8e7HQ
S-agS4YaxxU
MtRXjXdXDow
8Y-snjheI9M
OhISsmqv4_8
dX0JyJRTXm4
BE1FK7vDVq0
09VLUSkaZU8
JUouea9XoF8
L5eBJjx2FP8
JyArK4jw3XU
q3qvkZxhchE
6FTiHeius1c
wCBlTX3quzs
Ugwg2dHUB90
-fIsaqN-aaQ
Qu7aVEUc-2w
w6O2Rxub6VE
--VYlmbkzNY
o5-T52bh-eQ
r5L-riaIJjI
GQBRWjHdir0
scgd0gh6BFs
gplD1LV-lAA
i78cyClvaeg
ir-ISPDjGno
mkyPZjkdU2Q
iPROoc_o0p8
mqsIJucBn6c
tJrSILRXOUc
fsTD_jqseBA
__nkbr6DeTg
AO9bHbUdg-M
A-ykhY_IoaU
9FC0WT186aY
-epr8lPIZYE
j_Taf2Tgggo
NU1v-8VRirU
oiDvNs15tkE
_JpS8k1a9yE
8T4F7WboWPQ
xHWKYFhhtJQ
RgklPQ8rbkg
NFmDz1dQyPU
bvcXEJbEzSs
H4BstqvgBow
4EJay-6Bioo
ku4KOFQ-bB4
ecD2zPOInf0
59UeshgSuEE
wdAgEzdkFZI
0rzL08BHr5c
NCF4m8BDs7w
gIQgnSfUB6E
ZN48Ub3k8uE
WeVWv_OEJsY
0Jgow5x09qw
FK6-tZ5D7xM
sZMezOCZr40
3ZhUdleD1lQ
okjt-OZY1JU
v13fraCiLEg
YdBXHm3edL8
oc9fJCAIRJs
D5NVlAaT-OA
Bc9bhLk_AhI
NM0WycKCCDU
NYtPw0WiUCo
PvoigrzODdE
dNp7vErqlaA
q--2WP8wXtk
Rr7LhdSKMxY
pAjluTxSYgY
M-aktLHDZEA
PK6HmIe2EAg
L-0FkEPPdXE
qkLzAXUP_K0
eB5NVPzBCzM
W20SoZiJOHU
h6mZLTpTHcU
nZrxs-U9d8o
sLw902V40L0
P0ZgqB44Do4
5LMzbgfZ8cA
CDmJL-VNlaM
u7dhn-hBHzQ
765X_PAxhAw
G7WyEp8gHs0
v_OfFmMRvOc
yIQUhXa-n-M
1ct7LUx23io
EC2mgUZyzoA
0_DYEFtlCiM
z-SU7P-gIoQ
8Ryfe82DTcM
OjF765iVuF8
z-_cqpkacWY
3tyM_M3FQNM
Kh8HKAxdEyw
RKBSX-6pKgY
PPOIlLhsT6s
BveA7JiRGS8
86nb02Bx_5w
6vlBOHckmzU
gHpl5UcgRkI
od0pjs3gsto
vst006REeTQ
6xPkG2pA-TU
8iKsY8C5VW8
R-NeYKSEqns
JfjkpZFMU_8
6--4MxDXf14
TXGhMDbbnzQ
TQJQeTpH_lw
YpnGVDAEZ9c
pPnxPrhf6Ww
RDgF0F_9PwM
AK0NZITv5Ns
-Zlq5tNl94M
8xbIS2UkQxI
LicLl3epJqg
Khzs4k2a-mw
coDfeoi2zcQ
E0d3b7uoxCA
9McJ3GobPaY
ie0waMJxnTs
9XZypM2Z3Ro
wx2gI8iwMCA
zqwVKhQV_2w
2IfWIGby7K0
0VIi4kxbbqw
n8Ic2Oj-zvA
-2HwisGonfc
xljS9fFv3EU
quBogKF8atM
ZgzpTx-s9Zo
X_PnRFAKbkg
ourH3ueWNmA
pdleRJd9YNY
Yp0EhcVBxNU
1K5uvvz9c3M
-ZS6FI24roY
v5Oz9kVptCY
4C5CdwsUnLw
eLyLbaXfJXo
jLFeqQxGtOc
ZViHTo2dXOQ
RQPC_rUvHas
z-Qi4w6Xkuc
MJBjGnR6vlk
KNklNvGof8o
9A8wM1UMLyo
cf1-CwrDwrA
znT4W6n3WkI
0VBQnR2h8XM
R0EQg9vgbQw
2RbKfRfzD-M
XGpEHj43kcc
sI789G6FBb4
yV4Xa8Xtmrc
QGfdhqbilY8
tCV9VyIIaw0
MABWdzmZFIQ
3yBYXNW1Nls
KoYZErFpZ5Q
wUNWjd4bMmw
_b-2rZpX5z4
LG6g7gxupHg
Wu6T4MVfZYI
dHqwANL9IF4
R443Db-wJ5o
Iz6IVf8frjw
DhW9pz5Vfwo
Obch1OP5QyA
mPQCHmOxGlY
fvC0dm2wzIo
onmNaDrxwmo
ojFuf9RYmzI
_hrN4rVCOfI
x-N76NrMDNE
2IFItASxDVo
v9Evg2tBdRk
iPwrDWQ7hPc
C3QPTCwpIZo
_HFTRQRpzFM
zNxEVaRbdus
8TPofjGXDR4
d8-LO6FCna0
dl_9NC_J6yo
xOa-l_tXgWA
8RasCV_Lggg
bIKmw0aTmYc
UK-_qEDtvYo
JXVGPEOQCb8
MUQfl385Yug
R2JsjJyr0ck
rOftmuhGLjY
Efoeqb6tC88
ikadoCpDNT8
LOf8bfjiLow
l7p1X5pdDoc
3cnIa0fYJkY
kT4Mp9EdVqs
C3HFAyigqoY
h-TPSylHrvE
tzQ7arA917E
k_wJsio68D4
Ei54NnQ0FKs
IJySBMtFlnQ
6kGi1dvGZNY
VjmFKle7xIw
6Kw2nIwWYL0
SjY5UytlTTs
0t8W4JFpP2M
OFBI_rNDZE0
mzQQ9n-eoLs
yKrp0sO3PJg
RXgj09NXNWo
LzYJVsvqS50
1hihcoJPzz0
1Y39f7MAL5I
1-AaLq7VS0s
0mWq45973ok
0boZOi9-U-k
0Z63Mv8hGnU
-qP2831i9Rc
-dADFDGte6g
-ScrE9jd4Do
-MYh3s__qlA
zOrkcZ1dlHk
rrUW4z5IVcQ
mx_JUo_s-Ok
nFmH5iiPuDY
1h-EUy0Bybg
PK4mJ2F9lvA
EgtB1aF3MIU
pMZSDCm9tko
Gst4ys6eusM
Nwh4MUie74E
o8fYEZdTpEE
SyFpQbnkg_c
7pqZj-83BuI
kgsiYzcosDY
KcFpkpHouPw
AOOKe2ODlWM
HSWheVsykiA
fd1eLcFCxlE
tNZrKDq9Iqc
EKLGgTwyNfU
KURufM070oI
v5Oz9kVptCY
TNACKWquyys
PpJMTpTukzE
Sbgha6LQLlY
UV6mzD2Yc98
wgnJevkTEdw
Kwk62Xw6YHU
pWSq7CGh9tg
l5xbFna_j0Q
Aa0l_P0K5fs
1_ymCFwbGGY
sCHiJVnyo4g
Bv_3hBUTOk4
CGOIJdBXQno
p3fdeXgErns
awGM1UAok_8
iRMLQC_4pqw
QnWQezGy1Tc
oapNz_NNGh4
gh_3hch2YNM
IHEPNJJlGT4
DTF2qg2McwY
5OYIXxNz6Xk
hIAdCTNi1S8
MOoGlIpNLkM
arWBWBfNMB8
FBn1RlGfdzg
rai9hJOGJLE
Jts_mdQmbUg
HNP0USRtkIw
-T0OKK-R3lA
7nKXXKn6jL8
SP-YJe7Vldo
0QlJrnRRfW8
5D1gV37bKXY
cqK3uRoPtk0
RX0DY9eRp8g
WffVdYETdng
8jV1SwpZ-W4
e23FYcmAG5k
yA-NYmO8dDk
uGjR338bHPs
Ewithks6nD4
h05d7Mbd3UI
vbAbCp9elFU
NC7iWEQ9Kug
2pwnr_soZEU
mVlCXkht6hg
Xu1lBwJw1OU
K_PiPfYxtao
LqyA96oYtwE
EwEbZI57P1o
8OHEgD6YMBw
7Ig6kVZaWoU
EuwKjpUpkhs
bZYTDst1MOo
Hoyv3-BMAGc
LSIgi9krswU
InrLtU3k3Y8
S_YIUXy-WFM
EXLVMGSDQbI
6hri9k_2R8o
m0SFJt_0v28
9Xncz_mMc5g
wVMe8ZmCZo0
n30yILpUitw
QWX39H9kKvE
vEZea0EThus
MufbvU4tGh8
tVDslyeLefU
EJTPGyWqhqc
_jiI0AV8Vr4
Hrjr5f5pZ84
lDXaju6JoQ0
iYVi_YVOyvs
YZD5ifHZILE
E3OfSGjpDoI
XHLgY7Z3cb8
o31cLUkS23E
BINElq3DFkg
JJawhaMqaXg
jtPvDycHVQw
naVFTNWVlQU
oa1SEjP9KAQ
LyIZEnGYCI8
HEiO1n_zMLk
d5lcGCbV5cM
ALaBkdJYXqs
eSjbEWb4Qp4
lmm767eIsGU
Yu4eqwGFJK8
gWMTTP58_J0
gS6s3MGZlRc
hC6zx9WAiC4
W-itq-SYw0I
6p1lweGactg
vO1Ur38PGCY
3aDV3L8aZtY
EDlZAyhWxhk
Tn9U8hLu9aI
j5xis6Hlnds
6dyWKD_JPhI
2yjSAarzWF8
jq6WFvMikBQ
qlWZJ21O63s
_eAWDuLYVfg
sQfsql8BPy0
BaYuvxbrCds
nV8taxEW8-0
GZ1ogxruLJM
2XQH-J5KeHI
0VARkb_n-Bs
-gWtl6mdpeY
OE0MMIyMTNU
R2EtXOoIU-E
M7PnxSQedkM
CCsNJFsYSGs
DvYs1HILq1g
Ogxpuq-qIW0
6UqtgH_Zy1Y
jVSUQmtTk7Y
SE1ltVuE5yM
WbyODj_OiZU
Wkjz1LlX1CQ
iVAYOeGmNqo
JNL6f1xkie4
ikFUv-gdNLQ
kY8FEq0teOs
pSSqUF_mmtM
HDntI7zfBNs
wKPyzrEVqaQ
h_naqJLvL6I
WvxKwRcHGHg
m-pRnFIeoNA
D5fmcpNygQk
4IWfJ7-CYfE
STyoP3rCmb0
_DKe8gHlnEQ
SwqOrUWzDY8
5L2a6cuP_4s
P3zyEtO6viY
Tx7Cwn5pgQo
PYd99ItlLEc
p9hl-Spzk_Y
aIjzkiijGnA
cLP7INqs3JM
hxqo_DiL3pw
HKUJkMQsGkM
W-Nio466Ek4
mX91_3GQqLY
hTJgK-wZMcE
KT32CsdEZEY
Jn5XIY8eqME
pPM72fPwIjw
Uteoh0PtWwI
9UBZchwb2KI
t5ry2rasWvI
6TxlqANDjKM
1OtzfP8fCNU
Yd2YBLQUCEc
FZXSc26Sajo
03Y76Q7tlSw
tZKzaF28sOk
soIt2TwV6Xk
n0DLSIOYBsQ
HnDvUaVjQ1I
O9RPGJcAfJk
LIFHYUGrYqw
Xw1CMTXQGPY
q_Q9C1Ooofc
ygXkdSKXQoA
t96N4zaP-s8
HiY5UElqfhs
a_Wi-6SRBTc
4smVBLi3DxU
1oFv56vSvvA
9UVgO8zS474
9iulv2QvKwo
eqKnx5Yk508
Dj1rbIP8PHM
M9bisHkXbKc
TD1zuENbEdk
LhMEqsL_M5o
LohXZt7QzCM
uCBm8iDyg1s
KXDOOmquZag
YbNVUhW-HJM
ANnuQZyEKVo
P35LyN9g0oI
IlFD0LzAZeo
IJWDyPFXGyM
iQk1M3-WvZM
wUb7tWgv49U
mXsn-YYUN4Y
aKAw-DyZa6g
-z2yk8yxv08
-nufZ41Kg5c
polop-89aIA
Qst1UVtq8pE
A_ESfuN1Pkg
YS_3XRj74oo
OP91XWBRI1w
4Bc5-HRop5Y
Ht-YXje4R2g
6OFwfxmhtE8
GDppV18XDCs
jQ15tkoXZoA
WqNc6My1aNU
ub5b_AcA28Y
mekBhhFWC9c
uFZvWYPfOmw
8suweCJRkoc
yHo0CcDVHsk
LplRIAd66pc
9wXdONpguLw
s4cLM0l1gd4
dtQyiDMoub4
MiyFReTAdCA
v5SAMuRanGM
cnCQGKx6LhE
lEGS5ECgFxE
0rlNHYHhrWs
e6sh8AXz41E
vsgrWDLEzcQ
9ASWQi14FlE
QuZMXVJNLCo
BLQNL_UGONg
yiH6GoscimY
aHzd-u35LuA
Z5EnuVJawmY
TugWqiUjOU4
EBKNtjZAjXg
ogg_ZxSeNQ0
GQXUpB2NHvQ
T971zHhZ3S4
KjQ1KN5GgoE
ZiqHJwzv_HI
4YhIUkS9uu4
8CJ6Qdcoxsc
DlBQcj_zQk0
aiwy2fNF_ZQ
6ynr9N-NQ8E
FJ7AMaR9miI
C5G2Js2_Ep4
GH8-URjRQpQ
WDWV8aBgBAg
kHfwtSGtB8I
LwhJVURumAA
KvvFTPsZxU4
MkGXR8umLco
i7iKLZQ-vCk
qUNGPqCPzMg
yvddTWa9ptU
0DBDuNYsciY
muqyereWEh4
2jH_z9ra9L0
WrsROtPSeuA
yc6w21xiKpo
kiaU0jX-kk0
iiGYwCGNrl8
8U8egQjcPaI
UvAOynxGfIU
3JmnxR8nEi8
o5QRdHH8aeQ
oQhp3ndj28Y
BKGx8GMVu88
SUrlTlI-oxI
nDXFgexOM5c
78tnNYNISOc
t7NvlTgMsO8
qyYSQDcSNlY
PiQxA9O7Rd8
NRS2ZJVVzOI
D5lZ3thuEeA
M7NVKImDqGg
2mzuFKCuDg4
4ZyTVTGVPgE
B0R3MJOrST0
QmfoIvgIVlE
6vRgqB0PSXE
XcRX-mkjeiM
_YXF7WDpWpg
kul2ZmVIQZk
OuaBg3Hjqoc
M9bisHkXbKc
I3kQJvR7ZIg
ZlhrXO1-osA
XaJQse2u5TQ
yZqVJtDO7gc
N1X0vf5PUz4
HY-8ydAbiik
KFzcwWTEDDI
ZS157czfx4E
UKYjhM_c_7s
DaQlieZH1kk
1pHhMX0_4Bw
_QKR8I5VE-w
g8yk6zQDAek
c-_yrA-GUow
lJdb4_Fuxvw
hr_mTd-oJ-M
HiNrFT280_Y
zxy4KAiSPIc
8ToCxaB7EOE
CCysGY2cXUo
loAA3TCNAvU
MamrTJ7V_Vg
gkifo46--JA
9_VCk9tWT0Y
S_OX3ByvBSc
Zxvc6iPKdec
E78ji1uBtSA
lohMwoq3WFA
3u9Ux29MSXE
TOobWKx1xe0
AxHAQ5l45FE
ViFLPsLTO1k
GB9Rqsah2gs
gbGghzo7yEM
Rcb7ZUTOQ1I
f-gCYOCFMYc
EgOyJJxuuP8
byjmR7JBXKc
ahyWUV7AwKw
mfX_yUvwJho
d4WE4SnhBDU
f3ySpxX9oeM
wbAxarp_Ug4
6_9xNMtwnfs
D-EIh7NJvtQ
V0xounKGEXs
hoa1RBk4dTo
m1ZTnl4CNQg
ZACf9EecFrY
aT2UN7y1rhc
sHbX58y5D4U
F5uiFXECnVY
Jpbm5YgciqI
eJxSDYO82c4
Zr72qWNMk7E
rU222pVq520
rccqylTloMs
XIsPC-f2e2c
9ylUcCOTH8Y
ZN7YaSbY3-w
8QihetGj3pg
lCsjJbZHhHU
br7tS1t2SFE
XtJwkIacpi8
mNgW6SAQLhk
gR8-vRg6Yp0
i8THsl3AYFI
5jwXThH6fg4
W2NnNKtquaE
CecgFWTg9pQ
wqnpSzEzq1w
2BgWWsypzLA
b-7kCymoUpg
tqTJZEglrvc
KNrEAJeRIdo
Rk8dCnKIfP4
_NB5-Z0pOyc
-7kSDHFXwZ4
S7SnU8ujfwM
uhXLW4bU-pI
er1L9BB6UoE
um2nlNVM_YM
VXrn5HOQmHQ
xRzZuhWSlb8
HL1wuw_k984
lhLVC1QB_kQ
Wu1KO07WPkk
XAW9d3XU3qI
zsI4g5XSlbw
OuaBg3Hjqoc
YJdCw2fK-Og
QI6x0KNxiCs
vfMx9-rJXuo
cDpBtkU2cf8
RNxwasijbAo
nLY2bzRfQyo
5xe-6GPR_qQ
NQSN00zL5gg
DkZnevdbf0A
0ebp800ws0o
-r7JwuSdj5M
8OKTrN0uT-Q
3OFH8OhpN08
jgWqSjgMAtw
Su4DKLbK8mA
U44my48zgFE
Z0WsfO-RI8Y
-YpEkExjq2E
Kt7Dwr7BftE
dviyBH3pOk8
iivtjjdSu9I
9T3AAn-Cw3g
9hM32lsQ4aI
3lHBgFvr3yE
LSaaKau63Gg
QOtam19NQcQ
O9zSHs1TWMM
Wm0zq-NqEFs
19yOv4P2ccw
w2M5CzTFYfI
jvp0mtr1kFM
Sfhj2OU1b3Q
IPxQQNyCxas
Qh-M3_L4xYk
Rm6UdfRs3gw
bIgFmeHQvL0
OGVJfcSckUs
RuPMsK0mQC8
2zfdtmlMNDs
zqRxV9ICn4I
H3tg4bH5JuY
I7FDx4DPapw
th06SCNNZ60
mec-QpjQMXY
UV8kgqk_DAY
C9onjpQGpSg
98qfFzqDKR8
YM2G4ATOcpw
9uwLgf84p5w
xo4VpX2IIMk
Q3wfb0CPhIY
ArvnBba_ogI
DRg2VCo8lP0
O1R4H3Ca82E
A7zPgMV4eTM
6SSr7FZflAk
4fBXIcO0It4
9mU3MVtsqic
4pTAEIlZjRM
WqnXhCEgW20
-J-6VGxld54
AIb5x7fmtvE
D2Ks5SKU6GM
3Sp-7U5AIX4
V1LloSp4PV4
3J-7QEJ-ioQ
ZS1OZj_oWao
PdHSs5_kx24
UhMM68fq9FA
6bQ6HJsAv4A
mI84WDfhuYA
DLno3b-Xsmo
wPZIa3SjPF0
inlMrf2d-k4
oUgDaEwMbiU
P1DJxuG7U9A
_bBAiZhfH_4
a9QtIfPIQl4
8AtM1R9NmwM
6s1CI3uuhko
6n0yxfWNFR4
FSpSrZQzzVs
xEDnwEOOf7Y
9tmtDBpqq9s
9pcWAHujSZA
pj1VvscsV0s
P3IlneCNm8A
PF6_y4zYVec
NFzma7NsHtI
lR_kUUPL8YY
OanPzjf2EYY
PvSx8oJ7PrM
dZPOCU10TqY
arY-EUZDNfk
Muba9-W2FOQ
HXg_a9oJ5nA
ayRpoJgph0E
mFftY8Y_pyY
KSrnZMAfwTM
cfr-yZxTH8Y
5DlzmolR8Cg
99v51U3HSCU
Qv2pgv8ea-k
Iq7a2vEsT-o
ftndEjAg6qs
NjJFJ7ge_qk
-rxUip6Ulnw
I9efKVtLCf4
daCT_24RnIY
xMz9WFvox9g
7WloKabLhII
yUYDhmQsiXY
xKH1Evwu150
AEKztz8ubSM
497oIjqRPco
EbmgLiSVACU
0lOpqmTdtzk
X3JqIZR1XcY
h_fBMnB1i-0
G_mUcQeXak8
fNzM0lQHZsk
3szFVS5p_7A
dNnItWLuHH4
yvzyC4VBpUU
S7CLLRHe8ik
jQQjbq0gMmE
KNr52iFk7n4
nM-O8llUdwg
WR2R_wrdEVY
JvDpYlyKkNU
kGzXIbauGQk
Hur3v1hrX3U
ZhROXmbUVKE
u9B-dV6r6rU
XyDMsotfJhE
LrTn4cvsewk
ENFNyNPYfZU
u8JFdwmBvvQ
1BH2TNzAAik
tVcasOt55Lc
b8q6i_XPyhk
j3-XYLnxJDY
Q5gk9ljVuTE
DIKkujAIeTY
5FnwYwqIh7U
15s6B7K9paA
UvtWf4TVawE
g-SfwjbpA4U
x6xtezhuCZ4
pi3WWQ0q6Lc
4PlkCiEXBQI
Z_NHrwK6ALE
m8yC7kR5Fuk
ePh8iCbcXfA
Df2escG-Vu0
fI6w2kL295Y
H5eIE7zdnvI
nGCW5teACC0
2oHUkHYtQoM
hoRISaqp1Po
cw3mp8oNASk
8y7xP4zz0UY
H0q9Fqb8YT4
Y2-tz27nKoQ
gAV9kwvoD6s
f8B2dBQn3_U
w23DzA68KPE
YyjpeoxdUXc
C9Rzb_OFuhk
CGZZINHT0I8
xiIQQNufFuU
RvS5VTV8O88
eLUmpX_h9sw
qo5jU_V6JVo
gAAzv_cvsG8
qnvgI8co7BI
Uc2Tm4Lr7uI
gRntusF_tVI
bzseeIVEslA
grmmM_KhQ4U
1F7LAJEVp-U
LoKEPEPaNm4
R32xBmxXj2E
edVnqL2Z59A
ao9cx8JlJIU
HB52UTcAv0g
V-5q6tKaRuM
yb7lVnY_VCY
xoXYirs2Mzw
5fK8HEYNRuQ
PKh5B9xyzSc
V8C15AfL6Gk
Mcm0Q3wGhMo
G7QiIkYfeME
he4kcTujy30
tfjQVtOyoaQ
KCehC_3CBBY
Yq9W6B7XnmU
GvgJ2_7P9SA
XDjbNykJ28E
0njioQqIxKY
gPbN26bYyN8
5r2FYszC_sU
_E9fG8BYcBo
erZe85NrsK0
l_Qj6aC6RV8
2nZsIeaiJUo
i-sAB-Z2_bE
Bt60JVZRVCI
dCQbfaQZtaY
XGckntP3ynw
p0jCw2sqZgs
vbGwcvXgDlg
a_mzIWvHx_Y
3Xcae0OGavk
k3qZCxL5TeE
KV_XLL4K2Fw
3Ayt7mOd_To
Ld7Vxb5XV6A
2WjGD3LZEWo
2CZrkdtgeNU
FICRd7Lp67s
zNtbi4OJs9I
XDOH9Ul2OOM
IbI-l7mbKO4
4OEeVLo5V1o
D_smr0GBPvA
h0SNEO25vIw
O1-9f1g0OsI
Awcj447pYuk
OMA2Mwo0aZg
7QMoNY6FzvM
MQtsRYPx3v0
ZElOxG7_m3c
YZRzt_AsuVs
XwtyQsCLnEE
mbb3msmX2xs
jmbg-DKWuc4
0xrvRKHoO2g
DRpdoZQtvOM
K_OI9LA54AA
DtPhV8q2D2E
sXP7VhU1gYE
WU9g4CvZyR0
QVxqgxVtKbs
xeLeYS7GRvY
ouAFk0Jy6TY
Es8yvgc5kvY
S34NM0Po0eA
nOnd3SiYZqM
CpDfay5NeCg
ulyyusmpc9w
vAlazPPFlyY
sJmLjUj_h68
7ZwSd9gtnwI
xUDlKV8lJbM
lZfXc4nHooo
tn53EdOr6Rw
bIFdW0NZ9W4
H6ZNLD1AeM8
JnpqlXN9Whw
8r8Vp_1iB4k
0zExhHh7_Ic
XdsifNBa9kk
PwDnpb_ZJvc
oEgeUk_Ix2c
jYOfMszfzAQ
kZzoVCmUyKg
dXHqO955HxE
dAvosUEUH6I
XZRQhkii0h0
ioieTr41L24
u2hLYcmI5y4
fVsxYtXOIXg
-oFlAhtear4
Z96vkuybvjE
VIHldsSmASU
pr-u4LCFYEY
VDnIdNM4tWI
TINBeqCzLVk
Gt7adTCc8qw
24WMbh1BBKc
4cxjvAPs92o
b-w0S0EBsfQ
dBGeri4eFv4
jNUz0P5MG9M
svUt84Touyc
4iUdgr_ccxk
c4fUaD4g4mc
oLh_sIESQnY
ErHFQUhZ94I
_ghnnjzwCTc
qzsR7cChujg
xG_XJ2ywi6M
XxmS_7I6c7Y
4QX-tMRR0TE
y-O_B-wWivQ
b9H22F0Qbgw
d8vvVjfTbYY
E0TNh9uWesw
YFqeMzfcyg4
F6rtQczAYco
kHQCDrWTDv8
l7h8A6SX5kY
cTveNRjWQYo
anlOhNHlqwg
BIGX05Mp5nw
twMdew4Zs8Q
TqRReFvbpXA
SfxULALs_u8
4BtXvopHXI8
k68CPfcehTE
jb8mFpA1YI8
9CZfG3r5JBE
Z3qRkxzmYnU
fZtUn_THXnk
OCwLwaAQlMA
ez1MIB8_2O0
vOVPusp5-tg
62NoiGwZmd4
xC-fQ0KEzsM
V758Lz_MuEg
jyKMEANFNi0
RXuipbyW2Wk
DaoJmvqU3FI
cK1egPBjJXE
pYaIjA4CsKo
aINeMQH77jg
3HD-Ak_a6VE
DGZNaKnbQo0
gnyHsgTFXIY
woUQ9LLaees
9YjXGLWMvCM
PXKHyT__B2k
dmcVzFbXMCU
kfySynqWWos
MaMk6-f3T9k
N21Wh4Jqftc
FaDtge_vkbg
Ig7RSc-93Bs
uQs100shv-A
Dq0xFgQB9qo
qsL_5Y8uWPU
xpzt0wqMT6Y
F0LLR7bs7Qo
3ACF7L-7Vsg
i9j_VUMq5yg
zaGUlwslGGg
o_Vt7J08PE4
IEKU6tubTEw
S9pTSmXmXH8
I9eLKDbc8og
0eWm-LY23W0
-lUEWEEpmIo
-RT52vs9tBI
1Vb8t7Y-pI0
bLTfBvkrfsM
QUem_2dkB9I
znmPfDfsir8
XWq8bplP-_E
KiVGac1aBt8
oqAgaGeBOAU
MZpULgKhaEU
FogJFEEYuO0
iATjsfAX8yc
xXIG8ouHcsc
MbpmP1esh-Q
Oo2vGhVkvDo
4vNloi-zNjU
PC_FoyewoIs
Jeh5vudjmLI
INqaHHZGt8w
0UIrs9BgCS8
ilWDSYnTEFs
nFsQA2Zvy1o
tOd2T72eJME
Vx5uoZAkxng
J2Qz-7ZWDAE
OJ-wajo6oa4
RRk5qLd__Ro
8_fT1BsTmt4
zTLxxezKUT8
0_VaUYoNV7Y
glEP04Pzap8
mpHMuaVW0DI
6Qr99-l1Oos
d4UQFgAdxUs
708-KVUh7_0
xohcKRvDDQY
d9pO2z2qvXU
AjYil74WrVo
cvjTBFs1Wqc
d9pO2z2qvXU
eDv7dk9uNmM
jlID_mIJXi4
uaPm3Tpuxbc
kvGsIo1TmsM
QfsK8ZyC_bE
-sSDb_wZqKQ
GwycEivqYYI
kJIqoTw_Og8
MKErxh58RME
QYoNHOjr7Rg
NOsnG2DkGKM
fZO-JylMFqY
cdY0b4ziR5U
swFohliPgmQ
GQf1vjfxuo8
wl2iQAuQl7Y
TEXSW-o8674
4Bx06GFyhUA
lK5nCBCr9-A
Id6UovYjd-M
U1lQbh21y1k
kzYtx_AqzjM
OWPVZoxNe-U
IXRMVcoqRRQ
HUnF0mZmMKc
Pt-Tn6L60-o
H1H0xmjZMPA
w2BN2AJ4fOI
hpBBuaiIkrg
_npwsLh0vws
lEhf75ma7Ww
z45UEiPaE8c
tBRW-CyJE6k
QWLcNxQ3KvQ
uglmkcGWmx4
zltgXTlUVLw
ynIq9IxbVso
M3PTPN7NH8M
Kjlqcz5RiTw
6uNYe9UB3K4
pT6tFia8eaY
wxtltXz4zs0
AoRpWU6hHJ8
VTdV9JaHiIA
ZrbbKMnPDUk
t55cc2UVmXo
Pm9hS2US8k4
8zgvzmKZ5vo
1ZKz2KW87Y4
EA0LkCkvUeU
JuWYLAtz3Y4
QzDO44oZWtE
9V1bipPkCTU
9-9_v1wSPBQ
Aq3a-_O2NcI
0WiTaBI82Mc
Y-w7SnQWwVA
5qWI2pEv0wg
QCkn5bu8GgM
TmFET3F64pE
YelG0QcdDq0
GLshJ3gnGgA
EtZnPoYbRyA
TWRxsw9LElI
wtoydboI9G4
vDwzmJpI4io
UNgx_YSygyU
NTUjMpfYWwE
W4JfDtfwOug
Nm87hIuihjw
hoyF8zn7Qlg
zbQFQ_nzbhI
o1IFePaNENQ
eIfQ4GfSz3U
g8sxNa-E-H0
XMElagkUBmY
4bmPvB15aYU
dpnFYrz2fCE
WX4T9NjYG94
kOf8fU9iduA
L3Ka3oRD8G8
hUC5LPU_NMc
v7NGPg9fcPs
gaMEzd_Vh80
mQyM-4YqHMM
ay1QGPg2R98
G4j4is5Z2Yw
xFBK9534NI8
jR_XZyhLSA8
ATuMxyoVh_8
qPoLL0E2W8A
8IGREqSL_CE
dHXzusNSF60
Gedy8LwQTaw
B_P48TakY3Y
7AOOlxbZN3E
heKuwogLwnk
huOnuYAyv6w
EasTAsGWzVg
6RKMRBxDm20
KMMAL3v0lA0
IyoUWRAharQ
OCNXS_m1HWU
1wsF9GpGd00
GVZUpOm3XUg
2B4EBvVvf9w
jAfNg3ylZAI
MR9CrsF3D00
SX_DzTb95mM
5YfO4CshL7Y
iIBQm3me8cs
DtCfOMl3qo0
LiPQuOFVHl4
pnoShVR_XEc
fzCnQwyoU5A
WR9qCSXJlyY
0oGJTQCy4cQ
TbaltFbJ3wE
TZrKrNVhbjI
IFU7Go6Qg6E
eS-_ZFzHjYA
Uy_L8tnihDM
cYw4MFWsB6c
rcRg_gO7-7E
Naf6_lRRdyM
SIB4WDYF5DQ
-XRQovTI04Q
wzw9ll80Zbc
lfZGtjSWcQs
dIGLhLMsy2U
_cooC3yG_p0
KRFiAlo7t1E
oXCD265cP3o
9VqL6POWIoc
iw5eLJV0Sj4
9JX2s90_RNQ
qv7DM5Ph0vU
gZbJQm8pumk
sbbajrCSEeg
8Yl_u_Otcjg
CYjAgOTVfZk
WAoaBTWKLoI
nMrJ6nbOQhQ
9rf2vnRNvrs
JbfVrwxuPxM
0z52CLjC2C0
TqGCNNlx6pU
FcLeaD3UII4
pWtt0AvU0KA
C7ducZoLKgw
cPOjnyjii-4
wV59XWLmv0c
_kbd6troMgA
kBVDSu7v8os
kQF9pOqmS0U
Xe6YlrCgkIo
1TK8V_qmqrk
lMhAOS4MFFE
d6U6dwnHRWM
tSMuKcN-RKM
dam16G6cZ8k
MC0tq6fNRwU
cRboY08YG8g
UK2shgCXALo
LcEqOzNov4E
pInFesXIfg8
lFQ4kMcODzU
lDY9JcFaRd4
ZtI94pI4Uzc
KyYC8XzKsHU
1DcsREjyoiM
-EG10aI0rt0
9uxvm-USEYE
2CsQ_l1S2_Y
mSVrqKZDRF4
Mci8Cuik_Gw
UXQGzgPf1LE
1reblXFlM6I
Bkkk0RLSEy8
ssz6TElXEOM
ho87DN9wO70
eJUGoAtF-7A
1015d63VKh4
IiBC4ngwH6E
79ngr0Bur38
TDHI-aieyfk
LbTH7MGMNjk
4bZyfvKazzQ
LJqNdG6Y2cM
n-iEqLhGfd4
g-Uxw0eKuJo
dh__n9FVKA0
bZ8YAHDTFJ8
hXg-6YgAARk
sPPjk4aXzmQ
cBi4a1iSaPk
QxbJsg-Vdms
MMv-027KEqU
7G4BUm7M6MY
A_lV-XArVeE
7siSvYs84fg
roHvNNFXr4k
uBVhtGL9y88
axGgnXyuiTg
Q7htxHDN8LE
MM0FTzvedH4
xR4AnXDBnsw
CXCtqBlEZ7g
Cz_GWNdf_68
1p0NHR5w0Lc
naRUWPvsQbQ
dEAk0BHBYCM
ViqrHGae7FA
kdEQGfeC0SE
U9dUybjsvNY
61ecnr8m04U
eVme7kuGyuo
xks4cETlN58
a2Ia_ZlUCaQ
gv9ogppphso
KcqO1fX9b_I
EAa3J_nDkoI
Y7sqB1e4RBI
_WOr9-_HbAM
lSwsAFgWqR8
EeIXVN1zUeM
AhgR3X--bbY
_ZJary7yZyU
36cmQrqa_fM
X3u1nAuIYEg
Udwmq4s_5M4
g55YZj39D4A
0OtQY-gDuJA
0sCttufU-jQ
w70af5Ou70M
ljzn4SADuZc
5i8HLmVTcRQ
mzOBlH32qdk
BYTfCnR9Sl0
bRZmfc1YFsQ
i-Rb4_n929k
zg3-miF4qeg
OelluIKIkCY
16aKF_eDGdw
SfWrVNyP9E8
R-Qu3QWOEiA
5ZGCqKAl_CA
6Ozz3J-LRrY
WAPZihVUmzE
eLdhifUUMmk
jxf7XqvZWWg
LKzpw_HUKNQ
OFNGpKGg9IQ
XdzcU5JbVcA
Thvc2s9aUP4
vhMl755vR5Q
43AS7bPUORc
vmS3cTaxKdA
btGaOTXxXs8
I4iwhvDhvKE
7hCsQOKOYS8
J-NC1M6obKo
ShpI3gPgLBA
oqCfqIcbE10
OLO64d4Y1qI
Zp5z0wa0kgo
b76wePnIBdU
KlKYvbigBqs
eTWCARmrzJ0
Z5myJ8dg_rM
PPvd4X3Wv5I
Z7C69xP08d8
CLQRZ2UbQ4Q
TIwGXn4NalM
RGbA2IyJILY
KyHvVJWjW6Y
W-5liMGKgHA
h20xr3E5jMs
gekeKya7Tv4
j8XLYFzTJzE
cyIEhL92wiw
hD4ySbQYYyA
mrCxwEZ_22o
dOr0NKyD31Q
3v9w79NhsfI
6ewi9jpu26M
VjLEoo3hIoM
QwvJ6z49m-c
lV3LBiivTxw
VFt4OGOWK44
DNAnQBhGpRw
PWiWkqHmum0
rcBaqkGp7CA
1ul8g55dYA4
EINpkcphsPQ
PNUBDh-64ZM
F2mfEldxsPI
0QS4VHPV4JA
ZyOhRgnFmIY
nh3_IGxHA5A
jroamh6SIo0
1kfq0aR3ASs
TGgOCc5hoHA
fp9DZYmiSC4
SdHwokUU8xI
sjUhr0HkLUg
SBqnRja4CW4
4M62l7m1FJ4
z0-1gBy1ykE
O3jvUZ8wvZs
rufFQZDDXCE
l5VbdqRjTXc
I3jyBUyjg48
O4Qnsubo2tg
ArcrdMkEmKo
xZBbfLLfVV4
u00I3MCrspU
v4MenooI1J0
OU9sWHk_dlw
0zCcFSO8ouE
09Cx7xuIXig
01c12NaUQDw
Cn0skMJ2F3c
uo4WZ4vbrqA
CI7_WKmW4N0
Tczu_dvVuuk
qBYa_QOWuaE
KkaU2ur3Ymw
iHXdzfF7UEs
dvoHB9djouc
k5EbijWu-Ss
1m9p9iubMLU
z8vj8tUCkxY
EnwWxMZVBeg
h8EYEJ32oQ8
bOvSOSk8MBI
SuB1gkto9LU
MpRUEGD2-_c
NJRyxmommqQ
GWZKz4F9hWM
2EwPpga_XPw
u5dPUHjagSI
-t3MaJzV5Ok
LldS1Z6Zih8
00y85YDqmtA
-BHdJBwmdCU
E8Yt7SuJ558
VuJEidLhY1E
QrHsibKBVwI
xCIHAjsZCE0
VhH2nEDCd68
-1zR6pFof5c
l-QFT7XNeb4
H-HfmyUzPw8
OcNt-36QKu8
ufymsKi9S3U
gi2TVpGUV6M
TLSYwkWCIzA
-fCVxTTAtFQ
hDB3qG5aXcc
Y1yo382vvMw
jWpiMu5LNdg
kZoFI_fcC74
T9QKj89ajko
Lf-ClYC767k
KkzUhuX7ZP0
7Qxdx8_plaA
R-aOMbm_hPg
XWlbx1WIWsk
aZnRrYvG6ew
3Cc4CbRFm10
IQJav8cGDLo
tM1W4BfvdEQ
h3VyfjLqRY8
RTcDi64pRhY
4lXnrckRKPA
kqx3tLe8_kU
rDPGYH3bjUU
ptT9BqtUtYY
VdTX7iqgVuQ
U-fQxbUQuWM
LsaUT-suCBg
o1A7zKu_zlE
R07V4NOwfsk
J8Va0T-_ptk
2TBiCKKsMxY
3NHSwiv_pSE
CLWpkv6ccpA
KdfSUbEFums
vDaIKB19TvY
tHYis-DP0oU
13E90TAtZ30
R8qygu1RUOI
9qEaVwIXqR4
Jgliqx42_BA
jgnNhL2jSXY
WC7XExMNvF0
RcLy8Cyxw2k
-974C_VeIL8
SdbOrNLcC0I
Bem-jjMv8aE
U6_8oIPFREY
tygZ2A8rytQ
Jni7E2RH43s
n6xCyzOP900
4kA-IOFwUN4
gLYLGT-VrxE
UTQ6z7_dlSk
3RYME7HTJ8c
e4CGX2LXMX0
NDeDnfuoDQM
gHMPEkoFVko
a6kwIBI3j98
8XoQH1MVLew
dawGZs4TaTU
Ke8k8CNxwog
hq1bUM2tyg0
3tRc6mUumFk
3Ee_huKclEQ
-nlMXVrgtjw
1byR9UEQJN0
h9ZgZimXn2Q
vkhYFml0w6c
kbqO0YTUyAY
_y_Q3_B2Vh8
Ye13MIPv6n0
XN48Ba9Ncr8
5FBDqY41GjU
Tm98lnrlbMA
l3iXON1xEC4
TNaQJjLAhkI
mt6Nq0dzFjo
FNnmseBlvaY
1DgDt6gCUKs
IQlblcRgucY
nzWKdLmk-hk
P6_sK8hRWCA
kS4H-DOIhAE
9bfyDdMeJmc
0CFibxYvE8c
hIMYdNPIjZw
fFFgWl6t-6c
CDteaTWYvKM
MoInimE5DuA
Ugx3udhJDZE
P5OSVfL_BtA
D1NubiWCpQg
5-ZFOhHQS68
IgYUR7aFY-c
oNgo9bbDi7Q
hJ18CrKU3Zc
CEdXvoAv_oM
6dIMIBO_2mc
UNsf1X5I_n0
8nW9L7cSop4
Df9h5t64NlQ
4Ql6o932ZFU
soUmhhuF08Y
R8YKuGJ0plI
NehkLV77ITk
XAzFGx3Ruig
uzvopM4PZLw
AHRh3EpJQH0
Wfpb-fniSSk
cR-P-mvDPcw
zd3RyRk6wYI
8JYP_wU1JTU
DrRsXhln4S8
lUD7ti47IQc
3_W6bGuTfzU
OM3e-J3euXo
vCAFlt4pQSQ
bxGnbVOtRYo
pZ_2bATPi2I
A11AfJ2-3rE
Xp6V_lO1ZKA
iFpyKTuC7jY
asyIsn59Lnc
XyiQ2dwJHXE
lHdlHTsXbZg
PDReqvXfkBA
SQzjzStU1RQ
lBscLuttQq0
YT6XwkcPcsw
02gVmoObrjM
a29qZSRDBdE
1og25U-d3_8
pzQY-9Nmtws
rK4sXm_MPWo
4o4P7KrkzXg
apWQoMKVmW4
qIBqvr5_QqQ
Jhu1M53AF0E
A57_63yP1UU
clL2jLXtX4I
VPz4bCQDGgk
9bwy85M1Zxg
E2MRMdaPKcc
yDB-191sa2M
U6U4HhR3Fqc
bQ-KR3clFgs
47wjId9k2Hs
84NkvxfMPtM
TPov_v9mLWc
9iaYNaENVH4
Pn24jP0YbTI
NCwwfvPEVn8
usH9VUi2-Xg
ivg3dLTarbs
QRrTMZkqn2w
bhrmEy0wvD0
wiVWafc3JBM
xGiILI906C4
EOpzN8ZHqpU
ItW5CxLsLSo
PpUWpxAb39w
uzOXGgAgmPs
tyVCA_8MUV4
E_Hwhp74Rhc
qs0hRHfnzTQ
eoJGBr-tJXo
_9x2cqO7-Ig
PddbEVNMgTY
xc-TSAQkqJ0
jkmwAJMERrY
CkNArgNPI2Y
9p10aMu1Glo
9p3HNMe-oAI
lA3sjWwu5-s
P2IWGlR1SHs
TZ7d5kjAlQw
HiphWQfB6J0
tYmMEqro8D4
AimYG1jYD0A
dirBYVjDk7A
iMqCSgqzmiQ
pzQnc_0eZA8
yro2jLBfyDQ
FlIG3TvQCBQ
BgFJD7oCmDE
blbR5f2dq_g
AW3bPaErUWU
72p6uw5y-Rw
aSY8XPGChAU
xF_Z4QK0tsA
sTw0e-hwYAQ
wHPGFPIcILM
N44RZtJ4jj4
o5iot_ZsoV0
czfJKPN-HEo
O_Oozju3RRI
gyqodNhM3EU
sMOZf4GN3oc
1dPMsJ7I6BY
8CluknrLeys
Kf9KjCKmDcU
PASajlCGBTw
VJgVdzicv_I
j7NxD8x3TOQ
hc_s3U1HDjQ
_LPh72gx6GE
RGMcswR8DnY
1HYSMxu-Dns
3mUi9IZb4T4
EVSkf7l7EuI
hPkh8kOldU4
ZxtlcZ-d90o
1YYy0DEOpoU
BRXBCxKjiK8
ntxMOKXHlfo
2onEj_Y9JHc
3A-nAw2tY_4
XsD7mqFDJs0
HdqbCvqTb20
3nbalsyibKU
8W0iZk8Yxhs
scN-1B6plos
oLhohwfwf_U
TXrOpjG4dUs
vItRHYu-A88
Lru0vKmkzR8
LeeqlXUHNuU
RTtHES2VY1c
WqzK3UAXaHs
il0EJrY64qE
vDqOoI-4Z6M
EKvHQc3QEow
N4nrdf0yYfM
v7ZWTZ9NgU4
-JTw7gNwT6Y
AaR1mPrdbTc
v5YT8GlSxoU
L-0LuSw2bTM
lBDT2w5Wl84
UG9hjtAXufg
FGQIniksGlo
v0kGEP-0Ttw
3m7j-JCW8wU
ZOYRb2sYrL0
_LDR1_Prveo
kpCJyQ2usJ4
TCHYxfobGkg
d59M7zZvvYs
4wo6S2NyFh8
Q1vMNyIP4Us
xLYVo_k0_us
VtI_wDEVVeY
z-Kpw6-p8tk
wTuMU2B6MF4
BMNj7-Okclk
Rgr1vRjxzFg
Z9b8nnvpim0
N9VIsauE0RA
NM8qTo361ic
sCVyvfOLI6U
OS1g4PDdNdM
DR2DYe7PI74
9P80OLC6wKY
qbMe4f2yvKs
5z568fLBQyQ
EGr3KC55sfU
3_caioiRu5I
MkpbtCRwcCE
gqHMd77FUGw
T4JKO0OGjpQ
nyf6mEKit2c
mhE652KeyAA
xWfWfekidjs
W6cabLzQyeU
Tp6CNr9X74A
EGy1W24EPEI
q19UnHEofOA
8Eb5MWwcMMY
_btQus9HV_I
gIIOKMSKZ9s
apCS_vP-ccg
pxznZKskjyE
VwzPJY5Zv7s
OOiFJ2FxtDA
TuId1spuyoc
jZUgNoj-oHY
n3cKK0xBK64
NO8r40tJQ1o
qpCoiTcRxAE
zGk6exFyQl0
vVXbgbMp0oY
C1pHvEAKmLA
zh8XASZxo1Q
Hfz1bwK5C4o
gHs3zuRek7o
p8PSIpMkEvA
cwClnv9Y1Y0
z0wg9ZPyL38
0b2Tl0x-niw
TSTLLFJbaA4
UYShebe44Xs
nBw6KvU51BE
XTMbRDRaviM
S6TvRDwgQag
RUVsEovktGU
jJip-WyQtpk
ewu_7Dmj_18
UkXI-zPcDIM
N0L00FZnhtg
PzDthFTzEa0
atI4QH2acuw
daxL1ZLrUzg
s1UQQELPyrc
cczABrLd_uA
77CApfQlTuE
_NznT4Cn8As
CWiHA5XtqgU
ni0TL4pXG5w
xGkE0oHyNhk
7t8gdc3YogM
k1iHDu9GrJE
bBQVaRnHqLs
ckBKDrKVIMU
06j_zPdPWOY
tzqMoOk9NWc
kJ43GdU5Uzc
nhSSu0Nzs30
Uq5Wzs96tiw
4-_-wQc3EGE
KbW6OiuRa1Y
Kf9KhwryQNE
z1yJPpGC3-o
lsn16U5DWD4
xwOTlMaerEQ
NuLlNAdrom4
j0c2vmFGbtk
ZrNKHCCVfB8
d6vdkYP2qz0
-V-Y5klejSg
RBUBIRtn0xQ
_6kwhF6hoqQ
KrkbbRxdDZ8
fUxSB3yYIbs
Ngv0Be9NxAw
AAWsuFXojgo
Udltkvm9HLc
KgrLUQYgIJE
m7qXvQvWlY4
6udRtn5jSWk
eWuAYoHysIo
YOT8ryWzwbY
slP8XZ6Nq40
NgPqyM3I_8o
PEMkfgrifDw
0isM0GF-rMI
3xCzhdVtdMI
TAhRoJB34nw
wYuAwm-5-Bk
do1HDIdfQkU
-oClpRv7msg
ShzPtU7IOXs
xN3UV5FsBkU
xx9xNJlPOJo
a9aUMpGs6c8
MT4akJsAmb0
00fgAG6VrRQ
pkEiHZAtoro
_7VHfuWV-Qg
2DVDI-HF4Eg
r1ywppAJ1xs
E4rbS0oxg30
CiKrFcgVSIU
5I9dH5im24U
xM8szz4VB28
1E3Z_R5AHdg
NqR_dtZu4Mo
zcnnZz2pCSg
4SQDybFjhRE
wjZb3zPuoeA
9BNkmfHYYYI
R5CRZONOHCU
XjCEumlJBno
zAx61CO5mDw
NH1_sO8QY3o
vZOk8NnjILg
JUGmviJC_pk
fFdOr8U4mnI
FvS7v6KM1ig
CxcP4ylUP5w
lRMV6I_TM4U
8jEaFV5PY2s
145zOBT0LD4
SSNA9gaAOVc
ndPq7gbin7A
dHVLkFQCsmY
KGukNWo_j88
czXPYCWUmvc
AmIeRC8qy5k
67jn5Zv-myg
oUV_yL7FjYc
k8EfLFvUI5U
-M0Fi0ijnJs
zlqvSLvhIXE
3UlE8gyKbkU
gs-OPF3KEGU
yUaI0JriZtY
F6zcGSY15Vw
b2C9I8HuCe4
k3aKKasOmIw
7DtWXEPB_AI
LEFE1km5ROY
36v2EXZRzUE
4JqH55rLGKY
kiQ6MUQZHSs
qrVvpYt3Vl0
Q9vYvyvDzI8
qdYx4qk2UHU
IelS2vg7JO8
7S1MLJOG-5A
qAs50nzzrP4
w9jEq6dmqPg
z8BoVhTkaBw
5ZCKr4wTQvI
o-TWOYoxjUo
aq_XL6FrmGs
WlGuG_VZl5c
xR9r38mZjK4
lDKjX5ouoic
Cn3QiGlklRI
5CeBlu260Rw
WgW_KwtBvro
04N79tItPEA
l43fgfJ376c
UJHONfWW9T0
UgiRvl6iJzc
ST2P6Sn3cuo
0mKmYxuMirE
JfqLblHox3o
uMcEgALdvgk
_WIfQbcY4x4
OKO41aLl8l8
Kv2iHde7Xgw
zHJpqliPTpc
6ZGQkGZf6sw
r0eFSS8CN-Q
qRmlIfsbWQA
2TtPbVobfh4
OkFdDqW9xxM
xmjy-0TxgI8
Dpo_-GrMpNE
RhzXX5PbsuQ
Pb9V374iOas
m9xVp6p7MTU
pkGrXzakRFs
DuYgVVU_BwY
oqAYqT70EBQ
vtStuLV-HvQ
fyshrv6YDVY
Ofnvrti6gh4
9SOSfRNCQZQ
u9v_bakOIcU
JKvmAexeMgY
n34dqyVCXs4
4h54s7BBPpA
za0QJRZ-yQ4
Mi6OJ4TAufY
3a7UbMJpeIM
2-dUHLHeyTY
E9YEUQR9NAU
Uz0MtFlLD-k
qGmJ4F3b5W8
g3LrOw1JMi8
LrxZMdQ6tiw
3n0LvI99-KM
oHvLlS_Sc54
Tmt4zrDK3dA
Ihws0d-WLzU
tFhBAeZVTMw
FPNhCVZlbJs
3FManXv4mZM
GDcVdBAnBdU
VpLKdKkpg68
oIV1zM8qlpk
TErJ-Yr67BI
LhrGS4-Dd9I
Ka82QC4QvGA
pDZIvyeqX1o
t_EgAi574sM
5mNTvtjDnP8
iLFcSfzrlMk
NMZ5kJEviD0
1Hoo7MASKq0
tUqyJgmGY7k
KUhdMbx5ges
HtvikVD9aa0
aGwT2-RERXY
k45QTFCHSVs
i0VS3eEGjiQ
Rsi5mzEaCPw
pQcnLGBi7WE
Xt4sT0fV9Pw
PlY3e_-9JUA
5NjgcPri07E
TpIBLnRAslI
21vbBiCVijE
yj4oS-27Q3k
4_xhiP6g2ow
VejCw2NlE60
KXZ6w91DioU
q7eF5Ci944U
vBlR2xNAGmo
64bH_27Ehoc
UKQ65tiIQ6o
dgHksfBFbjk
5zosU6XTgSY
McINBOFCGH8
SFL4stapeUs
m5Gojo9hkCg
LrS5_l-gk94
EqNzr56h1Ic
Ly86lwq_2gc
6YU9HVS2GT0
8t-Un7yH99g
S9xdJgPWO-w
GZ6I3T1RAnQ
Mp9II8MmuoA
7zk0ubr_lzo
Tal_fgREll0
7aGEvpHaNJ8
YtIHBa54ce0
R-6CAr_zEEk
7bO0TmJ6Ba4
pw9fPU4YqUA
da-9vUVr9tA
_4qoTgnx1oQ
9ThXDY9Y3oU
1uWZNW5PF-s
azBNsPa1WC4
vWXMDIazHjA
YOYQys52sPs
LoaBd-sPzkU
aDCXPdzyS0s
CVKAro3HUxQ
ceDV0QBpcMA
7FTNWE7RTfQ
CYNUwiUzlPk
7UISwx2Mr4c
Xc3oHzKXVh8
RFesGHsuFZw
f8svAm237xM
d5UCZ9hO8X4
W9B3VYdC5T8
qG3HnRccrQU
fSu1LKnhM5Q
8Ld8Csu4sEs
TgDk06Qayxw
CJrVOf_3dN0
ilsS0IDaQ5A
95logvV8nXY
iqeGTtyzQ1I
0gzSreH8nUI
9_3OxtdqmqE
eTwnt4G5xE4
hmj3_zbz2eg
OPG-9IFnJnI
H-E5rlpCVu4
wRBMmiNHQaE
_7aUxFzTG5w
BTnAlNSgNsY
92aLiyeQj0w
dw41PMWek6U
H-de6Tkxej8
U2W7HPyC0cM
OtnQ9YEQ_tU
XMwnJUprid8
bjVn4WGmNis
omFelSZvaJc
R486L0M5cWk
xE43JrjCpjE
PLjyj1FJqig
owcmu4XxrHM
PGr1rqZ_3xo
m6oMgtGsAa4
yUUPP70Fhpo
wgkRH5Uoavk
0MzIJfmSa5k
l1hJABkcuYI
NQazgcu8c7s
1BGlbx67B6s
lpXCvX6ZenM
_G9JwTwjulA
nxQ-5li9rbA
epQlOmZ0Kzs
w2QVg9mezcY
gF0aA-si89Y
XhYQYVQq6K0
CnXuSCaCNBo
v-4QScXlN0o
73eSiVcg4tQ
wtLTb_VaI-k
ppBJWf_Wdmc
ucghWyc2_qs
RuEJzPQ_N10
fr-8tjLoeDw
R-2Uw10QgIo
hAAIgNzBGg0
n9UvuzI2fq0
yX3JpmEgNHo
M_ADc9jkBig
OvMBNVi5bLY
tnoPnyvVjyc
QackTJWqOjA
v-H_7o7EMoU
9UhChwcVWq8
2axaRJQkfVk
Z3X6QqezqUg
2sTkub_aYt4
LMHxxvbzFqc
4J-dRA3MGc8
f_Z1zsR9lFM
RFn-IGlayAg
q7lttowsC0Y
RoGgxrCsCEQ
2DlxIXYEu4s
zscrs94_pFc
raP1ZWQSXjY
NV4_Xra0g8E
8In5PK1yUAA
sBhEi4L91Sg
mwUyaeWxJhA
4xfOq00BzJA
SZUDoEdjTzg
6KmeGpjeLZ0
JcqCf762y9w
VW6UrPKPInA
hKkBlcnU9pw
N8dIOmk_lHs
wJ37GJyViU8
96ZEmUbnuU8
FU5twilx7nw
kMCP4njGAMw
US9i6UpzDM8
YGIw-H0AtwU
4Zf_PFN-kbg
DJY89_jC_ZY
n68K_-ZzjuY
PV5u5xskBKM
cbkTTluHaTw
KyJs9H0vzTM
CGrbnripinU
fif5ghe8JM0
C0frzmxc5KU
ROpbdO-gRUo
Tz2H8dMMwi0
vJd_oHdMzEM
AOsWph2FNLw
8TIben0bJpU
udG9KhNMKJw
1wnIsgUivEQ
wblW_M_HVQ8
RI874OSJp1U
mkyZ45KQYi4
xSc4oLA9e8o
QE2uR6Z-NcU
sII5w9fmB70
obZzOq_wSCg
uzkc-qNVoOk
ND-Bbp_q46s
vYnreB1duro
IFKnq9QM6_A
o1Y0G8Z67iU
UP9xy2eVj7s
gLHUCUv1e5Y
w7k1YEcAaaE
LOiw5aBrm4Y
-05OfTp6ZEE
aW-TjPdJxCc
Ea3DGInR2m0
oTbvYGH_Hiw
z_QeYCg4yJ8
snX4Wf7PGts
AC_kjcuHpZw
t2AeULH_Ijw
stfSnPaaK04
FPh6EDv0Eew
ewSw9tF9Z0E
MNUVuZu6heA
DK1lCc9b7bg
yahEP620480
Z_DcXewHHA8
bTz_tx460EY
GiB9Mkgkrek
cNm196bVE5A
6ycEasF48zI
TEfyIsDRGCk
dwleadLC2Dw
ccaCl1GKdJ0
QiluvhVryI0
Y1V5mZaMfTk
VZOHWaw5dqM
FwMYoK1QKso
LpLnmuAyNWg
BXHNzUaIRR0
joZ3TOTfPkg
lxjmR4pYIVU
QD86addRZEw
sAw71J2kYJE
QY8vv7eVVJE
bS6EmYzpou4
D6yHKOYJiso
3h4UK62Qrbo
2dbasvm3iG0
-sA-vI2a2mM
2h8XiqSnzaU
mV0RxDZG05A
jFSenp9ueaI
W_VhVHRal6o
JaScdH47PYg
q9XCrpLPfGk
SgKBBUFaGb4
AcpIO62x2oo
Zjul_nJnh1c
Ksu1lo312BM
TlZVPfvTLXA
cvB8b4AACyE
4ywTWCaLmXE
NqbkvEK46xM
GO5ajwbFqVQ
m6lMGoZTJnc
nL6LMX8-bPY
2o-Sef6wllg
umvNQj-zmq4
ZD8THEz18gc
05qDIjKevJo
SJUd5du0T08
OZtqz_xw0SQ
dnjK4DPqh0k
1213qW5k55I
TV5kDqiJ1Os
_E3gx_yQhHQ
ty4Ohya4hdE
tYv-Pchyu0Y
Z8j5RDOibV4
Z8j5RDOibV4
cWn6g8Qqvs4
dbxJ6LD0344
s03qez-6JMA
tvXRaZbIjO8
SfbjqVyQljk
MEuPzvh0roM
rLNM8zI4Q_M
rYG1D5lUE4I
QiwfF83NWNA
ysVcAYo7UPI
omvNINaRdxg
hh3AkOGnnpE
1jDDfkKKgmc
6pyeMmJTefg
lEA31vHiry4
lCzQvQr8Utw
Qbl-RZS2-4g
zg-ddPbzcKM
iZAtkS0F-Zo
urPVT1lymzU
-BE7FEouGeI
D0Nb2Fs3Q8c
9LgyKiq_hU0
zEyEC34MY1A
husPzLE6sZc
94O_3QCvfqI
ZyYp1V84Xqc
Bdbc1ZC-vhw
kx6DfrYfWnQ
o920mj0NbhE
6qCQB8E5bkI
JwO_25S_eWE
WT-gS-8p7KA
EiR6cf8Towc
dn9XjHz33O8
j9In_uGFQpQ
CV64oTCzp3s
pFFoAGIEyJc
yAH3722GrP8
ENIUcjdPO54
Z3db5itCIiQ
qH4IQfDD1Nw
egNq4tSfi1I
GEeKOeGHddY
sBvRJUwXJPo
VGxGrEnWVsg
zlRKO21qEpQ
rco7DMcy-oE
NuccqpiUHrk
jO4wOQQiVZg
c-wtvEdEoVs
DKh16Th8x6o
qFFhdLlX220
uggD8mwglyc
EFVrAk61xjE
5SXN3gdF3CM
lkP-E2LUnjA
v-k5L0BPOmc
hAy_bavEVCQ
ZsjfUUJUq9s
c6-FJRda_Vc
y_DweTAEYWk
rX8ZBP3nXvI
fnuIT7EhAvs
ALO87_KDoTs
bml74_PsfwA
bRwJ-QCz9XU
tmpa8Q240XY
YO_SwIKGMqQ
MNeNHoCXoGU
jE0YCSo4qO8
Olntk2qhqGs
x6FFjiHPlSI
RXMSlFtJlEs
PnGZz-GuKfw
ZA_D4O6l1lo
J9BWNiOSGlc
iA7Thhnzc64
BukTc4q9BMc
v8ODIMqbQ44
Mz2nDXElcoM
TC23wD34C7k
hoRsHNSrMpc
1WOrgrIcQZU
2QjdcVTgTTA
AkSGR_oj0rg
DNoDJlB0ygU
jNESnky3RVg
sTp4cI9VyCU
UXORCpvKYiI
a5QnXi_lZII
_NWc3C3cTNA
ZZ39o1rAZWY
xp6ibuI8UuQ
2ZgBJxT9pbU
P7LKEkcNibo
IYS4Bd9F3LA
T0zpF_j7Mvo
wlB0x9W-qBU
36Rym2q4H94
IuBoeDihLUc
By-ggTfeuJU
ou9YMWlJgkE
CQYELiTtUs8
VYgSXBjEA8I
fQt69_Q2CTw
MAS6mBRZZXA
d-_eqgj5-K8
p4DTormtEG0
ITA1rW5UraU
FOkQszg1-j8
oIZV-ixRTcY
Xcel427Ezl0
lQ-dvt3V4yQ
awzOvyMKeMA
oRKxmXwLvUU
ihNZlp7iUHE
iU58AIjh3YA
vy_pvstdBhg
733mgqrzNKs
-Z5kkfrEc8I
ivy1QmWUtQI
mv5zucjq60k
eElHlE4j-vw
C3KlN5kTWAs
hYzN0w8FatU
Frpq_A7Ky_Q
1CxRVVGGNJU
rpPbt8EOf00
JZ-v4_3Zf4c
N06Jy-gQog8
7w3DHilPtI4
DvyAc6PNbVo
EKKe7DBZVhI
frE1rjhH77Y
a-R8qpea6lc
Lmd_CDwBXFs
T0CwhLHrE2k
TpLlJ8-AnQM
uMjyAp3cs3c
xL9ejqb53ms
7BkcNLOf56w
xPUm5SUVzTE
T5DGZIsfK-0
LRmwUsxNSL0
jN03g05TSWM
YYEgq1bweN4
ERKx3Oa2omo
riXcZT2ICjA
AFMXixBVP-0
1LxhXqD3_CE
8dMLK2Wueaw
mgNtPOgFje0
JYQqml4-4q4
LlKvubIqHc8
WWe7pZjc4s8
epgwuzzDHsQ
5FEjrStgcF8
rD25slnTqAE
h8GfMq4-K6g
LVMLs2z1JYg
CzDA0WCdWHQ
DMd9mTyzj6k
7zBqVOuEKYE
tjQzJ7GY0GY
mIStB5X4U8M
3qP8OOr7pfI
nTco9qQ2elM
5UUa0V-MAqI
ZrKw-SLzNrw
mS7t91U9Qqg
kc_HjPT4NKo
YdGZaqJZbGc
wDuCOxDxMzY
SwB9Fq5VRZY
2r1naFxn46w
SnkUkc23YC0
Um92GZLCQ_Q
aNkrawaaiZQ
J33nVRyTeyU
8NJEeEUUhaI
MmRgMAZyYN0
MEGyRgYJKEY
fJFKE8kyz7w
pRevFhvu8yc
XmkbAduMD_E
VO40SpSBjbc
9e9GWdT2pEQ
j2eKaxU-8kA
zmBV87XA52Q
ghgPq2wjQUQ
Ym5u5IlYWcg
xHgPtFUbAeU
iorZdz4dsBU
eMl2z3ezlrQ
eCJ76hz7jPM
t1F15l7UfqE
Fpm-E5v6ddc
_97OwCkjh3c
ry1hpm1GXVI
bLQBbA8yh7c
vD2WJTIEVv0
EX1eFeaTiYM
Qb7tbWuDc2U
SFdsY9Rdh6w
VpVu25KhozQ
nW1rxuQft1o
DzYwB3uSU-c
IiKKAw38ss0
VnTlKcIigyY
NSSoMafbBqQ
bAU1MLRwh7c
sKdYxymyvWw
8VgmBe3ulb8
jFazrvLodrA
3_DxJwDTbyQ
92U67CUy9Gc
mLE-SlOZToc
ALhv3Rlydig
gL3HxBQyeg0
ZqzAOZ9pP9Q
yrlLKwmb5dY
GypHy3gnG5E
s-5_H3z-Cv0
wBCowBiXV7A
xbyfeEW56Nc
zWcfVC-oCNw
3858MaULDdI
h0207xMD6b8
_wre2WRPiFI
MOH33-jFOwo
j37Mx24JHC4
JSFiOF7xGfE
rPLjSY00JlE
nhW3Ri4b_V8
5lmHzAHbtzg
YEZMReBbkP0
7MjHWw3p710
eKw3Aq0vvbo
uX2w0b8Qlss
iewvEGWARBY
0E3PuHiDU9U
57gz50uTPqM
Mioqyv_IW3E
hZvjH3Az87A
LU_6amWC6H8
NNhyZFHAzaA
FfdpupKByiU
FcRxdq7KGOQ
_uDb0ZdGb8w
UDe6zeabyQM
5YaSL-y46Hk
LDuJ1AD7n54
wSqkieBUuo8
AnATlMVA12E
1mnKCkmeaYs
1nIbQK3Gwfo
1t42z5U2uoc
5kFnAmmGXM4
0jk6uLZ1Tdc
AuCH7fHZsZ4
iyrOGvbSS2U
3g6P0lRXotI
H9UEZdAnnt8
OrRDNKNHtlg
oFGkYA_diDA
3o82OwR78wU
Sc6zc8KR_NU
Dfkq9SOWxY8
DtlFQ_nNaQM
4Azskeheo_g
a3NFAnHxpKw
iNemmT1hnzA
4aNoZjAhSr8
R_-V6usZJsc
vrGNXAGmfCM
K0GF4FT51qY
wNYFJsC8TZE
uTlh861MtYk
nnl3x1wo25g
jAOtWm_WZiE
6CUcgUeQS-w
N8h45mDI80s
MZQxeQYQCUg
_q25hz5xLdk
SCM4A0rBeOQ
MHWmBggmIU0
VST_U297pH0
2HIRaOQDRho
i65NIcnHS9Y
TdW3LdN5SJw
m4mrd7sHCPM
WFuLVSz6n8M
T4dk6woz4Do
uzyd_mIJaoc
v6L8--MlnKo
2VeqrZ_PMiY
0P0SCQf-hWQ
mKu0L46Qed4
pANZpI9sOYg
mKu0L46Qed4
f7cX-Ar2cEM
DxSmZ0MDSxM
TJaHNxJk5-4
K38zMmtjxEw
gM95HHI4gLk
MRAIgJmRmag
Ix8Nne-a-KQ
WSpF5uvApLA
SkMNREAMNvc
G0fH6blRMHI
3mimxluSVBo
CA4S7S-3Lg4
XzYNh2wpO0A
ljROszF_rqs
86NwKBcOlow
5ctsUsvIp8w
1op92ojA6q0
6m642-2D3V4
WkspBxrzuZo
HUn4XwV7o9I
CFSHq099Mx0
81SseQCpGws
AqFwKecNaTk
XMJ72mtMn4Y
-aTy1ED1m5I
MxiqyE2uMCo
2oGsLdAWxlk
4Cmv7dUgggU
h0SURLIImqk
Hlal9ME2Aig
G-T_6hCdMQc
Jsiy4TxgIME
hw5k98GV7po
axB6uhEx628
STcsaKuW-24
APJx1y78ovA
uktzcTg_N7U
ISPxJ6JXT8o
8Olab1Es-eA
Touv2APcBRw
liRNTieIU_k
GMoqg_s4Dl4
tvnOWIoeeaU
nOZTe8jU2g4
rR4FfB-FZJw
_sIuZHYrdWM
_01wqwsb66E
KL0i1RSnpfI
yAQSucmHrAk
UNZ171fDja4
BTWLwoaNeBA
NhioAAdYDJM
hHteUIS0OFY
D1eibbfAEVk
f8GK2oEN-uI
Y0eWnOZpSpQ
f2BWsPVN7c4
4AxZ-6MOznY
FK1s1-OJ5BE
6EdsBabSZ4g
Tksh1zHEkIM
Of8ezQj1hRk
X6zD3SoN3iY
BwmTemng9lc
4jhG7g5qgO0
IF-8VOiEOes
xxAFh-qHPPA
6phoVfGKKec
dD71fFNwVJw
vN0aL-_vIKM
REiDXCN0lGU
03yq7XsErqo
Oe1PKI_6-38
pb8vGcMlRmU
5ZdxnFspyP8
pD2-H15ucNE
ZMLFfTX615w
ssY1dFl7d30
yJzLYa-_Y1k
UquFdMg6Z_U
4Eax48gDg9g
h6HmHjkA034
xjkbR7Gjgjs
8Wxw9bpKEGQ
pLCmwHsDYqo
UH0HuxtBhEM
MjAcASWqZS4
AqMT_zB9rP8
Yu00YJ3tAlo
D6mivA_8L8U
U8kmaUXaPJY
NEaLgGi4Vh4
tvj42WdKlH4
0uCslW40VHQ
-TpiL4J_yUA
A6iQDBrFnKI
JmXYQj0_1Vk
DqeMQHomwAU
DqeMQHomwAU
dTwZ5N126gw
CGS0vihzSlc
CJyVct57-9s
hl7g82m_BgA
d2cnQ5ahHgE
zKotuhQWIRg
0YErxSShF0A
eTSVTTg_QZ4
iimpwYBiKNg
tC1SfxRvtmM
YKQLZOq4HTA
17a443nL7Qw
D1cKk48kz-E
XOAn5z8mkvI
2ocKyW1L_hQ
ZF_cZ-GX9PI
LRlVWC0FMQc
w5YltRetIQ0
3gUE_P9T-Wk
MS7x2hDEhrw
E1P79uFLCMc
nYFuxTXDj90
VbNXh0GaLYo
pc4r1Z2PwWo
NrVvu7cM8_o
uC09taczvOo
r6hS_8nm1jM
AJNDeVt9UOo
pu4tn_Yl4_k
zsnkK43UtfY
QS1LMomm0Gk
3O1wcDGXEgA
j3ty_c9Fulg
uXTRmzXlorI
5liQvZAC7-Q
yeiroTpHFmg
hrNeFsCBq_8
T2RQxi76aig
jvad-axh3ww
4ve7OaCnDLs
BdDkQJ0rolc
_86K0yQ8BQY
gjrGd9TjjnY
UeG_EYd-0xw
fUgkIcx82xY
uu0Cchc7T14
_sJXUM8W4LY
UkfppuS0Plg
JTpXK2mENH4
TljVBB7gxbE
2eLAEMRrR7Q
Ec-BKdC8vOo
smtrrefmC40
Hh3iY4tdkGI
ZSESJ8TeGSI
bbeWLtarzrE
9eWyvWq9CCs
KD46pC_KFWk
vKMNRcctwL4
ZFN63oTeYzc
jpKjXtywTlQ
_QTFeOvPcbY
x_aax6LSRtE
Vc09LURoMQ8
l9j26EOvTYc
yXg5CYuCcU4
GiGLhXFBtRg
EzE53aPGbrQ
tbQ_7zvRoN4
17st-s5gg10
gXnHodHNusg
wQ34EIfd-5A
JU67TL2L1CA
4sIuGOxB6hQ
JPQ8cfOsYxo
fqnPabGV6A4
Y2ed-g8Lpdc
A6fbDssPeac
E7OkUomRq1Q
CZdziIlYIfI
v8plb6V8BQo
7rIFO8hct9g
gw-4wltP5tY
4ES_vbSJ7LU
c_8QQbVQKU0
rndex9FCIdo
b7JTVLc_aMk
tzR9jUCSniQ
EjtjdJZ2x8w
rPoqpQcgNv4
eGo8C2Jshzs
RomnHMWSLoE
0imeUgSxR10
MhLfun2Vask
6g3DPg2HqGw
9vlsBN3pFE0
5S03uylNn-Q
G6OoxGmJzuc
1-5sTDLrcp4
FIt1RNiCO6U
FwA_UZkI-JM
pQwoBOpVoWw
_5ei_I02huY
BZxZ_eEuJBM
N0Y8ia57C24
FwuPXchH2rA
KVRpXvrsSKM
6t9ogglXNIM
dOxXl_6BDQc
pdXcf5ZWHf0
2E_DB5VuAoo
zs5LM7dxyTo
pnwrNnZGVEw
DI34LspKqNY
GDXyGy5TjnI
bV_HSZ_W0nk
S3KMyYYGuPE
66pQLO--Ghk
2u535-HVJ_o
X7GT9JKoAbo
acQYX4nwhCk
rse0I7rZ8jM
Vh70PyitQzo
xxF_mdoZom0
K0sjZ5nqQ7g
dWY25vb1ZB0
7m0u6dxA5Xo
8X1AS9qD5AQ
nrOg85VPQgw
WRuatAcd2WY
10LuSfZZa3E
HahjsBApxLE
jxptCXHLxKQ
y55tzg_jW9I
XR52dXLyz-M
sd0BOnN6aNY
4YUtnod-YuE
8wYvKeSK1IY
QXYbGZ3T3_k
PX_XSnVWlNc
4LmIyMyAuN0
DxkkAHnqlpY
RpOHZc6cDIw
X_3QAB3o4Vw
BWs-ONRDDG4
JoL2pO3O0rg
qOwCpnQsDLM
QMv4kxATfzs
UhIwMAhZpCo
RXeDxJfrqdw
aqsIWLqlDhE
gD7A1LA4jO8
c_N9G3N9Ubc
XChok8XlF90
huZBkYgGrKo
4fQeHtSdw80
HB48COey2O8
EvvxBdNIUeQ
drhoIgAhlQM
Ay0B6Kh9Y3Q
1V9wVmO0Tfg
6zV3JEjLoyE
6FP-hLuAlr4
lVadjWOjvV8
ETzUpoqZIHY
w3IKEa_GOYs
EdYyuUUY-nc
kJSOqlcFpJw
i-NNWI8Ccas
06z7Q8TWPyU
sxbPwl_KRuA
FEF6PxWOvsk
LO7-3MpWijU
DRtLXagrMHw
mx2M_ZKXM_c
0w9R_foNLrg
2-1Sb1fa1W4
VQf9aLWp3x4
b6VQv76BQDs
6nVysrZQnOQ
eUF59jCFcyQ
Wl4re38deh0
JiE_kNk3ucI
rcLnMe1ELPA
GZx3U0dbASg
jEeJkkMXt6c
GP53b__h4ew
Xg8_iSkJpAE
j9ZPMlVHJVs
EFdlFoHI_0I
hpWdDmgsIRE
2QeDRsxSF9M
dXB3cUGnaxQ
7J1Yr-cPtw8
ualmyZiPs9w
Fc5t_5r_7IU
ww_yT9ckPWw
lng4ZgConCM
GAmzwIkGFgE
8RSTQl0bQuw
u1HhUB3NP8g
f6OnoxctvUk
mIx2Oj5y9Q8
6OvhLPS7rj4
dvSa_tx04hw
MNbat1lrJW4
a1Ye5RcWOqg
N984XGLjQfs
yQsCMnz9wO8
hxZ6uooEJOk
TcIDXqmt74A
rLdoKZ7w0xI
1JT9oODsClE
hV4pdjHCKuA
D2sMsmL0ScQ
EowIec7Y8HM
5ABpqVSx33I
mvye6X_0upA
-FtlH4svqx4
K4KDLWENXm0
SeQeYVJZ2gE
YclQE2XtaLw
OwPSuHXmiPw
ry81_iSHt6E
O8vB1eInP_8
0ZstEh_8bYc
XBI7DqttyOQ
m5xu4r0szaA
MN4SWiEEqKo
Ysk1ySejuCQ
S-9iY1OgbDE
5HVCFrXQ9pw
itoNb1lb5hY
3XiHrsZNZko
UuMTSU9DcqQ
gMKtGulgGH8
NYI0bJK64MY
SRPQ62dR6b4
XKk9K5xTgDA
dbdVMThH1n8
z8h7QgevqjM
xheOq0XZ-so
SXbc4J1qWjE
vFfriC55fFw
0YD5xSvseIw
wD15pD5pCt4
oeyBfrx5RJY
tvO0358YUYM
pBAwbypjW9s
w8LS4fRQvMk
O4dvuimcVBA
-QpkmwIoMaY
8bCL8TQZFKo
VqAa_cmZ7OY
qbCZbP6_j48
XjFNmfLv9_Q
LJmFbcaxDPE
CJzuu_k9Nv0
Kpov3GS6tjM
K2tIixiXGOM
fpq0eICjuSI
A5r7wkwDID4
RaBI3lAACKg
Ordpoq2dHAk
hMguUHeYf0g
5d63YMUxcS4
roUGDG1rhPI
ngk8k04zKHY
QGxgAHer3Ow
6XOm3Km7r30
Aa1CMokCch4
nQ7QSV4JRSs
5HgzsltWwK8
MtwvLru62Qw
vinEPfrqfiU
12Rvts2NR7M
2jO--kC3aqk
U9dGHwsewNk
J0gXdEAaSiA
Mx7KM-k2MMo
Z9Jh-Q59xso
f15zA0PhSek
XoEn1LfVoTo
9Ek61w1LxSc
p7TtcisPQN4
uHaKyNplino
aASUZqJCHHA
y2RHWA7t0WM
CDvPPsB3nEM
SYkmadc2wOI
hShqXKpI6KA
gnCL_0uA6Ds
KgoXx_58QyQ
4uQtJDf7drU
AGFO-ROxH_I
gRAwbGqnEqk
IrvEHVn-fks
8C5kAIKLcZo
CAXqVVxn9zA
N4kDzoQOngY
TvSKeTFsaj4
DAikW24_O0A
Hkwfibux88s
-gB1y-PMWfs
MokI3Fi8jpc
Lvr2YsxG10o
8J0ys3z5wzo
QxIUeYAQRy0
Q4ZO05VQEqQ
Z_85KXnBSYc
X-VCk3WrGlM
Z_GWBW_GVGA
_H009sTvYE0
tR-hzV5Tkxo
9mJijsZZMsA
XcUul3e7buw
GFiizJ-jGVw
oYoQpDtBLac
p5nomPfUF9k
JWmCiZwoyMs
Zm0KaIw-35k
d7rAlcNHDUI
e_6lyl3Lq-c
V3FvaClh6LY
biL7ILa6P6A
hy_bDS3aHO4
Eq4mVCd-yyo
JEHejQphIYc
1fnzY3WypMA
D_E4Jws71rE
Nqts8zW8RxM
W7dImsrVa0Y
BkwI6Uu0vi4
HLGCq2h4ihY
HCC96awA-FM
x-Dqe5U1TXA
NzIoHQfStoM
AuD2TX-90Cc
w616LEmrHVE
_MIn3zFkEcc
AA6RfgP-AHU
gRKZaojKeP0
0eDwckZOffc
UbUdyE1_b9g
WF7L2waDwLw
4LYtLMmDuzw
tj9oLZYA-AQ
OVMceVL_CEQ
EJjnEau6aeI
CfBYGFm5gPA
4TBVB4hLQhY
o0arqcKC7QE
tnkPY4UqJ44
6YYiiixYz9A
aNeCGxJVG7w
51-U-Jkq79A
PQsgXNggV7Q
CTKMK1ZGLuk
p729tFmpOXg
RPhaidW0dmY
YJgIGwTysk0
2G_Jr_XpnY4
3XOt1fjWKi8
-a_w0_VAo6U
cLYa05dOy8E
xkg7370cpjs
vcn2ruTOwFo
8JyPzTeA_8w
ZKKDTfHcsG0
0JW9P_T4P_Y
WPimvspI0_c
EiXl9g3TRvw
Io9i1JkKgN4
mJ1P4A-KA8k
ROIfbUQrSY4
gl_-E6iVAg4
Badvask-UDU
GiSpzFKI5_w
5qfOViJda_g
_xuXwHhqNUg
4I9iibPLdBw
chWcaZSLmHE
qoDJwyyD_pg
4yp5v64XuRc
MS7k0BVR_uM
SQ523h4CTMM
6nZp2QGeQ9k
HhwqS_d7Qp8
HwSszh3L358
ENKH97PYssg
oTKVXJ7TcbA
5RzDVNob0-0
9Jg5S7F2SMQ
KMwzeYAtJDc
zVqLlUpCnd0
8TD6iDzt4oQ
b22tMEc6Kko
-HaI9U9w3CM
YB2ATNCMciY
0WUXQNjdRvM
XBarsXzUtuE
lNfZQNWZklI
j21X53Rwqt4
Yw3EoxC_GXU
CCPrxewq4bU
tx2Niw7aJJ8
_AP6rM49rOc
jxA8MffVmPs
wd4cRAoBOiE
_qzs1zozTBo
iK0y39rjBgQ
3jBfLaLrk6I
fh8gkPW_6g4
RhUdv0jjfcE
XtAB9GOfLiM
-h_x8TwC1ik
snw0BrCBQYQ
GvbrtnEYRpY
BUmLw5m6F9s
12w3qsF4xmE
FnrqBgot3jM
Li5XGPiLLAY
ZEml96_kyN4
457xnJv80O0
peQsBg9P4ms
DfO27juYly8
QQMZ1ljepWg
0XSSPow5oAc
tk-SNvCPLCE
I6LsWSXx8fg
YUEkOBvJSNg
ryJvNEHcuDg
IkmM4CPnqF0
lJX8DxoPRfk
u1eGSL6J6Fo
jiJdNWzETSk
25axjMBeMxE
KWv5PaoHwPA
6BR0Q5e74bs
Se-ekDNhCDk
CFBKfgGTP98
CJRQ8gOjq4E
96D7RHUQvMA
TJUm860AjNw
KKAD-OOOHxg
NRFPvLp3r3g
pMoA65Dj-zk
6A07Pj71TUA
YTRimTJ5nX4
wSiamij_i_k
Bq9cq9FZuNM
aeyFb2eVH1c
W84lObmOp8M
B5L8Eq1Yk1U
ye3rTjLCvAU
YQtXHp5wXLE
ccrYD6iX_SY
DIjlllgq3dc
l9ft9jpriNA
SbpoyXTpC84
oQpKtm5TtxU
v9NLtiVt3XY
2MYA8Ba2PvM
VWAfEbgf1Po
Za7G_eWKiF4
3_otNr9kRuY
vB4FuGmfEGY
lYLaaMObgkw
cdRLBOnLTDk
VMEV__2wW3E
GEId0GonOZM
pgfWkaySFGY
ZSsBh4Ybbj8
MnQ7Lizkpqk
okNqf2NGnpk
mLCD0ez-yO0
fs7fz3MLpC8
0Sx5aJoAkW8
I6hz8mhaRB0
qfQv8GzyjB4
psyWUUkI-aw
u0ygl-QU6Qw
o40Eeq3fEHs
B0Z4s38YIgQ
E1j8W64NQ0Y
zJcrMpm5Sug
5wUJLMWZ5Fw
RdYA8ZpqdJE
Yaeze9u6Cv8
IKsi-DQU2zo
-YDIJw_9CWQ
3tmFTHOP6Pc
gcnk8TnzsLc
f-wz_ZzSDdg
3GL69IA2q4s
ey_b3aPsRl8
dstNU7It-Ro
AWfP8d0rnic
XPf8LMu7QSw
XPf8LMu7QSw
Zoa485PqK_M
HtN86WyZ6zY
hjigR_rHKDI
AgvWWDzXCUo
XUvKjC21fYU
iulx0z1lz8M
CLrImGKeuEI
95tChNVzodY
02h9yhc7ruc
dfoXtodyiIA
6agzj3A9IgA
VvuuRpJbbHE
TgKBc3Igx1I
CuPgmA7ytWA
vl9o9XEfXtw
2ZzuZvz33X0
04RpkdaNzr8
YahJQvY396o
o-ZbdYVGehI
XuwldEyWjH0
d-2Lcp0QKfI
R-rhSQzFJL0
fVIZmOQBS5M
u1SAo2GiX8A
QQhkEGp-YQQ
HXIj16mjfgk
MZl6Mna0leQ
499MvHFrqUU
auQU-9KNG74
PhHWmehThg8
72wRgtH6eJ0
gg6vUnElXqo
npUtXLjTnxg
xjCnmPvcmOo
J1HAY8E3gms
ZGl2ExHwdak
DMyhUb1pZT0
bamcYQDzVTw
jYfWFy0yxB4
4GcNzvILqtM
ukcJ8I6fHnU
ahdKdxsTj8E
sDhVqIyp_y8
IGs7IB48Fvg
Rtje3kbC9lM
4F6cFLnAAFc
abuhkDhowyc
p_61XhXdlxI
YghRP8S2K-4
U3JxFFdKCKM
g6nGcnVB8BM
b6WtwQddAcY
y4C81qAa3pY
s9i2aVKyxTY
F5iMsjwFLX8
_Ao9_4chEX8
T0IOrRETWhI
O64YFlX1_aI
JVrkLIcA2qw
zwUnRQbWPJU
xnLcxdM8OD8
tdO4UOLW9d8
XJBwJjP2_hM
vDfd0bj3mo0
kSx873lOgIc
AbmQNC-iE84
6ND4nKwyCEc
kSYJxGqOcjA
UUwmo5qaTuI
YjT3QYfoy4Q
TqsRlc02rtc
JVlfQEhzLMM
OBVGQt1Eeug
5Dzdrb8MKBg
hTBQUibtnBk
H5w55UbIZTw
at4T4n4JYNc
Dqp6xOeR3Ls
Y6JsEja15Vk
z1hz8-Kri1E
0BgUKHTW37E
wB3QCk0MGuw
HJV_HY0Sh0s
F5Nb6cIRZLU
BNHLzEv6Mjg
1CiBuN6qraY
YBYu5aZPLeg
lxTQrsUip9g
EoCeL4SPIcA
pbLiN8D9gAk
cCMpin3Te4s
RHe9X2HDEjA
y9MGpOGQVqQ
x5EJG_rAtkY
TvUCe6Bomy4
FZ2APP6-grU
y7QLay8wrW8
wo7DSaPP8hQ
V6Xynlqc_tc
y5yNi08cr6I
jTCZfMMcHBo
-BuoPowT86M
TsEhZRT16LU
0671cRNjeKI
lOWXZFP8Vuc
T-aCweuimis
-6Fu2T_RSGM
uk7gS3cZVp4
405boztgZig
xGmef7lFc5w
R948Tsyq4vA
D-0E9weT_t0
AZroE4fJqtQ
qPx7i1jwXX4
YB1XuQ1Pc5s
7WXijfIZh64
rSadG6EtJmY
0lY4PcCYoyE
C6F33Ir-sY4
3SO1BQQ9_1E
5cK86VKoBPw
JtsyP0tnVRY
_3BnyEr5fG4
zIcxrhyJs6M
Zj-a_9cd5jc
GwjiR2_7A7Y
NvGTCzAfvr0
BR5yFOt0zao
p5e5mf_G3FI
1c5HY3z4k8M
YZBStgZGyDY
cNlwi6lUCEM
PL9UYj2awDc
d8De3xcVmnw
dsFQ9kM1qDs
zlJ20s5d9To
MeVFZjT-ABM
FJo18AwLfuI
BiVOC3WocXs
PdSzruR5OeE
VlaGxYjnoPY
4Xgk3vusxT8
KkJ0wL9f2VY
kGrk6V8tWDY
oPZQu5mIiRQ
dc7l7Qqa8xk
1C7FH7El35w
piIcRV2dx7E
ClYdw4d4OmA
s2_NTiISZl4
7sQCcGlK2bY
qQAhhithHa8
5UVpLPtgdF4
yTXKCzrFh3c
4jXv03sktik
_qrQKBB2jt8
EKZSwjVR594
66ziUq6vRko
FycJ8X67xEU
YNriRslOk9A
eQf_EAYGo-k
jFv6k2OV7IU
jaizi_1IB5c
frBJEYvyd-8
Aig1hkq3OsU
9k97m8oWnaY
c7ByaI3T7Dc
owKAHXf1y1A
bJ_09eoCmag
CH6FQhlZn6k
F_ySQvjtAxQ
ALJGz4r_VF0
O3HxPDH-s7w
nabw6v93Xns
u28w46QrE0Q
6eqgIZyXgK8
nWEso_M7By4
4VO-BgDgAHE
euyg3SwS2lU
x_5hDLe8UL0
7Uos1ED3KHI
FXgV9ySNusc
p7ycTWq6BFk
ReEMqdZEEX0
2N62v_63SBo
AQFZuih2odo
BXq5TFLvsVw
4eLJGG2Ad30
OaJXJduRiIE
E4HAYd0QnRc
GrynkZB3E7M
r382kfkqAF4
Ez_-RwV9WVo
nyZuite17Pc
AEIzy1kNRqo
5pqzmUxOw_E
dKuk8PybYs4
711pdW8TbbY
gY5TvlHg4Vk
VWlFMfPVmkU
outcfkh69U0
iX7ivCww2ws
z_hEVWSkQHo
s8PKFcrrbNQ
o1npPDCq-4M
CxEFOozrMSE
wRf6XiEZ_Y8
i7idZfS8t8w
JBSDQLZtjFo
r3SEkdtpobo
bNQY0z76M5A
55G8037gsKY
JHUju_Qkqbg
RjkTEyO5Zso
X7B_tH4O-_s
eF6zYNzlZKQ
BI_jmI4xRus
zxz0WNVnF38
bFtjG45-Udk
ZgFXL6SEUiI
fGThIRpWEE4
m5Tf6vgoJtQ
pXo0bG4iAyg
AXAMVxaxjDg
6WMZ7J0wwMI
i6lfVUp5RW8
tOuCdKqO6-s
AR1uqNbjM5s
zM_p7tfWvLU
5xQqwgS3O4U
5qkyuHIE2GM
wYrxKGt_bLg
vA-55wZtLeE
V7H1oUHXPkg
5a6zpfl50go
unSBFwK881s
iI_2Piwn_og
A3xPhzs-KBI
u6zDpUL5RkU
xOxvyeSl0uA
PNXozoJWsWc
UTs4uZhu5t8
Gjv25aOuD00
OhUkMQtBGmE
aVDiAGZmcPo
9hryH94KFJA
BaQXFstxCMo
zqCokP2vDGo
5fkh01mClLU
LRKMoqrMbGw
1LtBcfk1uHg
GfNB14D55gQ
WfqgFBGet7s
xMsG9hvqzbY
a5uNoOnEy_A
tuVd355R-OQ
9DxrF6Ttws4
5EdbPz1ZVn0
EmTvdKkAUtE
9M-B5qU7ezY
9wOalujeZf4
Iqws-qzyZwc
rgvysb9emcQ
6zixwWZ88tk
VhNkWdLGpmA
s1QN7sSfBM8
BpBh8gvMifs
I0b5-7UuwQ8
ewEorPD4kdA
lBi9bwz08EY
lLIo4kGRBEw
BKEtsv9MbyY
kyu-IQ-gBIg
SpDIXJ2I2D4
Xz6rT9k8ftg
jQ-fS2lsslU
O0uUVH8dRiU
3Po3nfITsok
hJ-_OoCHTks
rUT0pa87m7E
aoXUWSwiDzE
yogD_-Op4Wc
OzyH-1p9nAg
BHTMuHvmarU
i05-okb1EJg
gU-5bjpAPmA
Qz5zFzvbib4
KYoB2mjNdr0
BZmtnCqTWik
0t4MF9ZoppM
BDWqwcTtZa0
-qgdMTbTJlA
b0U1NxbRU4w
UmiZK6Hgm6c
MyzGVbCHh5M
nZu7IZLhJRI
AreOMvPCxv8
-YI6UC4qVEY
tJW_a6JeXD8
hypi8QPsFEk
c38H6UKt3_I
ScvuRb6vsz4
PY5VKiG_IXE
sSyPAAyL8nQ
gGXnILbrhsM
qdFD-0OWBRo
l5zJvZKfMYE
LpY8Qa3IP1w
Q9t1LghwdGc
I2dbzp0zHuw
K_fgnCJOI8I
fuSOY9r1R6w
99pD1-6ZpuM
eGRZKkmI_fo
d1oNF88SAgg
czY5nyvZ7cU
cc8sUv2SuaY
AFF8FXxt5os
t3cJYNdQLYg
vcwvzUVLPw0
FYMn61HLw1k
E9Q_Lc0g1xE
sBldw95xMD4
Qqanbd3gLhw
wyTjyQMVvc4
uXjQ8yc9Pdg
_60sKaoRmhU
FXSuEIMrPQk
1kly25zVbco
HycjWQcAymQ
uALqlsSf77A
xaz5ftvZCyI
oqI4skjr6lQ
uwMYpTYsNZM
j_kSmmEpvQk
Z36dUduOk1Y
rp7T4IItbtM
O1N2rENXq_Y
uY2ZOsCnXIA
SauhB2fYQkM
LiOfeSsjrB8
zopoN2i7ALQ
po3DAsr6mDE
Tbq-KZaXiL4
gkQtRec2464
C_H-ONQFjpQ
ob5U8zPbAX4
LWtXthfG9_M
QhiVnFvshZg
fLKOBQ6cZHA
SPGRkexI_cs
VsS7bo3JMqk
aubZU0iWtgI
Hmwvj9X4GNY
2RnS3fSHVV8
ZjeMdXV0QMg
xp6Zj24h8uA
7ynX_F-SwNY
EQvTEFCANTM
slm6D2VEXYs
yfR36PMWegg
GR2GA7chA_c
-rsYk4eCKnA
1uf_DeazfZg
FXZ2O1Lv-KE
JNm3M9cqWyc
J1twbrHel3o
NYd6wzYkQIM
NXMgvrS8Gr8
zC_dTaEY2AY
hIgnece9ins
dIE22eL6q90
NcADzGz3bSI
8Ft5iHhauJ0
MTzTqvzWzm8
GBtcGO44e-A
ZaqOUE3H1mE
incKJchBCLo
fOXo4p4WDKM
e_SpXIw_Qts
t2L3JFOqTEk
itQEwESWDKg
2fzYE-Emar0
OhRr26AfFBU
Wp2nVIzBsE8
79duxPXpyKQ
XBwvUa73B_0
ARLRq3vWUbg
JGeqb4VloPg
tIEGPkZVUj8
4bIqWXStPEI
I3yhRywRCaQ
mG94FpywnZw
RnJEqQdfkCM
BSVUG-F6W1Y
nIGAejpOaII
kE95P0oXXSw
fjPvQoShHYc
VSnaItss8Xc
S3z4XqC_YSc
gS6TfWUv97I
p6l8-1kHUsA
W_Q17tqw_7A
mfgCcFXUZRk
juM2ROSLWfw
FE2jfTXAJHg
_KyyVhlUDNU
orI2m6IarJg
2f7YwCtHcgk
YQfWiDlFEcA
ENg2ajvKYss
6Sy4E_8Psos
FdD0Wu032R4
_rof2ExUzOU
_qB9JCpr8Co
3A305Mhtkug
glumochcaw0
1k-jqxMuUaM
ceM2u6IABWU
ah39bUxYDEg
MwdwuDy0rRs
4PIn_9cxefI
i1CSuZdIu98
9xwAPXM0Flg
_yv3BrPt-cs
C2PC9185gIw
3Md5KCCQX-0
11dNghWC4HI
3-xfmbdzkqc
pZ6mMVEE89g
rfm0wQObxjk
PhfbEr2btGQ
ZRRG386v6DI
tu1GPtfsQ7M
rHonltF77zI
yDwIfYjKEeo
gfVY7cW7VLQ
we829K4NOq8
SUoqA9srY1Q
SWbis2zWIvo
7BFx8pt2aTQ
K_na_j1Msfg
EyORbCPUAd4
lCRGNykWqFI
PiuhTj0zCf4
meibWcbGqt4
1j5WnqwMdCk
uvgru6FcyxU
8mAZYv5wIcE
QkepM8Vv3kw
MC7l96tW8V8
b269qpILOpk
XhCSHu6dHb8
QTcSBB3uVP0
cTyNpXB92bQ
uWbZlJURkfA
5B8XluiqdHM
ESSMQH6Y5OA
qdf2CuMGdKs
czIYvs9zj2g
zlI8mx8Hc8o
LE_aQAur7nI
M6lFqkqvUgo
8sz1IPjBRS8
cL3f0EhKRn0
tCrDyJsSFok
jyLRpr2P0MQ
kqqmJiJez6o
pGhBfkBqok0
tqqVOWm9YsU
QOTjdgmNqlg
GW8ZPjGlk24
qBfc57x_RSg
-xyTz0WZ1W4
ItA_hhRtUuw
ITVQrzDSekU
HpdMJaKaXXc
lSoaMCNKfAg
Br_8t58mdeI
x-GV2v0dRNE
UdHgWK13x5I
2t0003_sxtU
g3MqSdO5Ubc
n-S63_goDFg
QV0jsTiobU4
VX7K8iqoiRc
kpG7xySkivg
gYv8sttBIqs
VrB3LaSD_uo
WY6QG0mZ7uQ
32rdijPB-rA
0Dd-y_apbRw
4xFIi0JF2AM
nu87kfmwNfU
H9BWRYJNIv4
0c7dt2SQfLw
trdbaV4TaAo
eEUK_ThrHuQ
ANyVpMS3HL4
HEH_oKNLgUU
IePCHjMeFkE
r9aTLTN16V4
6DpzCKJBsz0
mr9Tow8hpCg
Yz2OosyMTmY
M3FuL9qKTBs
1PsNIzUJPkc
sSqxVMbml_k
eR8vEdJTvd0
QIU1daMN8fw
xKNX8BUWR0g
7GEUgRcnfVE
-eAzhBZgq28
oMWTMj78cwc
Hhc96U_HvQE
x1z0hOyjapU
BuqcKpe5ZQs
f_DTiXZpb8M
8SAMey9Gl5I
otstXFxMkl4
ZyyaE3DIxhc
JK-8XNIoAkI
27vT-NWuw0M
lQn7fksaDq0
gkyuLPzfDV0
lPWfIq5DzqI
qkfODKmZ-x4
Z19-ObbmHJE
wHuY97vss18
6yrPU8rYOhs
zVsGtU8lIWs
C5Lbjbyr1t4
hZ827mfh1Jo
MIAmN5kgp3k
PErhLkQcpZ8
ondmopWLiEg
4PCktDZJH8E
gAbadNuQEjI
BQMyeQOLvpg
oMVbQLsDLiM
CkQOCnLWPUA
BfVjTOjvI30
JUgrBkPteTg
abYAUqs_n6I
Zn2K8UIT8r4
EGNlXtjYABw
_uTAdf_AsfQ
st6D5OdFV9M
vFctYRhK2M0
qvyboGryeA8
jCwRV1QL_Xs
7Mo4S2wyMg4
JVDrlTdzxiI
L0CmbneYETs
lP1DGtZ8Wys
sw2p2tUIFpc
fD7MbnXbTls
n4EK92CSuBE
viaPc8zDcRI
6xvwyE67CeM
tdwFdzVqito
7MKA2QlKvHc
pJzmiywagfY
UJxgcVaNTqY
5AWob_z74Ks
PsNidCBr5II
r2PogGDl8_U
rVQ3G9epCjw
WNuIhXo39_k
zntNi3-ybfQ
pMFv6liWK4M
9kW6zFK5E5c
Alhcv5d_XOs
CrV1xCWdY-g
Qm_OS-8COwU
hWhs2cIj7Cw
r4bH66vYjss
5cWB52I-SF0
rfyq32mHcYs
TJgBEI3drUc
IW4Reburjpc
a70-dYvDJZY
vhfjEpQWWeE
4qfdCwys2ew
R0JY8oWsuOY
BbqbvSig6Mc
4Mr7aEHQr8E
pZIaUx3UQoA
qhKJ1DG9kYY
nlUG4OKN1IY
0h5Jd7sgQWY
3nQejB-XPoY
TDoGrbpJJ14
N5kkwVoAtkc
-h3Oqhl8fPg
t8m0NalQtEk
eTDaJ4ebK28
Idxeo49szW0
JGU74wbZMLg
-ROhfKyxgCo
4Kbruik_LOo
D5ymMYcLtv0
eEUvRrhmcxM
-yCIMk1x0Pk
RZhL7LDPk8w
yYbzJs6vgv8
7aur5h44pV4
sG1ZAdYi13A
ViAmQivKif0
chXMpDwjBDk
PK_JXzYcme0
PFcGiMLwjeY
fucyI7Ouj2c
ijLc52LmFQg
LLKX_4DHE3I
nh1R-gyY7es
kaSIjIzAtYA
s9HPNwXd9fk
DuArVnT1i-E
_-vZ_g7K6P0
dR_BFmDMRaI
qxOEz9aPZNY
GcjgWov7mTM
pQWwP7YYH6o
LUoUb4hGMH8
M_5KYncYNyc
qihoczo1Ujk
dFFzAP2OZ3E
aKRDvSZ-igA
xO_1bYgoQvA
xJf6pHqLzs0
WLKEVfLFau4
sPz5RrFus1Q
ixRtSV3CXPA
aAfBSJObd6Y
iiFWoXQPOJc
qSFY7GKhSRs
M5uOIy-JTmo
obeGVTOZyfE
aOSlXuDO4UU
Xb05CaG7TsQ
lKq-10ysDb4
5EU-y1VF7g4
Hqzakjo_dYg
HTDop6eEsaA
H7nrVDV8ahc
9REPnibO4IQ
3koOwozY4oc
YPjtG5PA-iY
N4L3dDIixSU
yp60-oVxrT4
GA88JI4AymY
_fNNQfGGYr4
BBIGR0RAMtY
gbpc_JBG1F0
299o6c-Fkz4
HzmI7A578ss
3Gm4nAAc3zc
0LM6wPpypxM
psLX080RQR8
gDJtOIxDu78
dencuBNp_Ck
tS2YJPmKOFQ
vShCnTY1-T0
2q4vSKwaBtw
4-fEvpVNTlE
TsXlTWgyItw
ONBJo7dXJm8
HBi8xjMchZc
CGJjjm7-DJ4
__zy-oOLPug
z9LxdqYntlU
zjIVJh4JLNo
3ROWXs3jtQU
-OpCpHODz04
hA5jddDYcyg
Rw_pDVbnfQk
8qfzpJvsp04
Qp87Z4m8R-w
lsXcKgjg8Hs
zz4KbvF_X-0
WenwtcuqOj8
pKvo0XWZtjo
d4bqNf37mBY
Osl6HEDZZ-E
69V-60sga3M
GwoX_BemwHs
erjMiErRgSQ
WScwPIPqZa0
rESzyhPOJ7I
SjQG3rKSZUQ
RnGu3xO2h74
sXOIIEZh6qg
xatVrAh2U0E
AsqEkF7hcII
gfBcM3uvWfs
CGA8sRwqIFg
XMLd-O6PgVs
ywqg9PorTAw
1TZA171yxY4
LDHg7Vgzses
YURReI6OJsg
RJlEH5Jz80w
FmQoSenbtnU
yBrp8uvNAhI
1xSQlwWGT8M
Nx4Xk5S4HQA
P03ljxjy8Nw
qLLjD-g_9ms
LYWUHaWwY0c
uA3m8vbd2wc
IPJAi5zWu9U
v4Fq9LEspzw
pa92UdJCaos
VrFbXxkl9JU
XfR3JSkSkJM
a5sFUXkxyGc
V-rko8jgJ9o
R_5slDeVCQk
Oh4H3BJX1ZI
cppxO67e6eo
RouNXdkC0do
Z7C4cz2HkeY
fa-VZ-SDxgY
wRxzDOloS3o
9QduzzW10uA
WNhxkpmVQYw
IReD6c_njOY
57BiI_iD3-U
mvOkMYCygps
wToSIQJ2o_8
m6c6dlmUT1c
1Jm9rREA-uA
ZJf9shWlMz0
A52fEdPn9lg
6FrPLJY0rqM
mv3dMJfR-D0
S-XKGBesRzk
HPRFmu7JsKU
S0Fd2Tg2v7M
QR2vxfwiHAU
Dru0RHgfp2g
cvA4VN1dpuY
LSJuu4Qm2qQ
lGQw-W1PxBE
hl58vTCqVIY
pzSyOTkAsY4
lvAYFUIEpFI
6r1GQCxyMKI
0A7RR0oy2ho
r-cL-YwbLh4
hgtMWR3TFnY
yXNe2s2KWT8
yTGEMoaWDCQ
jqpQPxWj8gE
jGIcbNV0dJs
2uUZXj8ugCM
K4pocYXOmTQ
l3OkPYhDi9w
69rDtSpshAw
-xYkTJFbuM0
rBaCDC52NOY
woqq3Sls1d8
Fdu5-aNJTzU
-ejyeII0i5c
pRIELoITIHI
vUOiOi-XaoQ
zW2vRzO0678
xp_feHfbIZU
0FxRYePmogU
bJ4J6hxTcgI
sZRkERfzzn4
cugQ4z4cJF8
LXrPdFn7Gn4
kpqSeXpiM6k
ajl1UdtYUCA
_ka1HZS-Egc
n-arbfLTCtI
ervHbKa7R5g
8x1-TeDxblU
-LTXzYXaAuk
XDIBJyNnLOU
VpuN8vCQ--M
zAkMhEqWFF0
ucAUriWEFo8
-IDmLERenrU
aJc4_OFeqWk
Jkr4FSrNEVY
3z-M6sbGIZ0
SqcxYnNlI3Y
j__Kredt7vY
vKNpQ_KTXvE
FI8xtVaI068
H0ZgOGWUcJw
O12yTz_8EOw
Fvi9A_tEmXQ
IYdiKeQ9xEI
QWninXOAMXE
MILF-9GeMDQ
FxkTSjctXdk
IAbSeAk5RJU
mxVWyzzMOXM
-oW4M3vpuRM
9iqN12hCn10
zGpbSGj_vfE
jexMSlSDubM
rs1md3e4aYU
yQtUyBrRBx4
opEy6iN9kqc
ywOr4OYqXOs
m28RAgUySGQ
-hJj5NpWUXQ
8OCjwBkMJ_E
9G0w61pZPig
sRVGcYGjUk8
HvDqbzu0i0E
Qf3RMGXR-h8
6JFzI1DDyyk
uhxtUt_-GyM
hsPCte_PcVA
i0W4KcxE-mI
T9byZBGtGuw
Mp838qprwyY
FJIZPvE3O1A
MyvRxKM0xns
8YBQQ0GeusM
79lagkER9qY
6EY0E3z-hsU
_HJljJuVHLw
Ncg1HB5uVLc
BJSk1joCQsM
vaOXkt7uuac
h0FFEBHBufo
jRrRqMJbHKc
FVSgVMVZZ-4
bWTtHKSEcdI
4PPMnI8-Zsc
u6O0YHyarlI
GluohfOedQE
NRB6s77nx2g
ch5tDNaeuxc
PP23clmV9Hw
uA6mcx4FMN8
C5xQP8RmHxE
K4VyHxglUts
K5ggNnKTmNM
tSNtCg7o7bA
8M4c8TB3Cdc
1piZ8oYWh3E
ri-0v6vqcKM
31v-n2ND2VE
KZ8Vw_Nim8U
yIzF_XGX4qk
Hfihqi82M4A
ZouQdHSyelg
ZGJU7aqE3mY
EwKWzFv3Ul8
xTxv9Wukjiw
Y5BukhTmSHE
9Z1WpYN-tBE
BcjutHIUjxQ
QwOcCoHsZfM
74oju-0NExU
GHDrDdu6vrU
X9rTIwc1wRU
C-2Ln0pK3kY
e3W8o6M-7gg
WB7gPfsv6rQ
q9m5VZMYEyw
sMrmuoehZpY
UzvOjuJZVJ0
wzEVAd6ezZU
OvRAIlok3fA
AwKTZK8gqZI
cY-iPEtvJAE
tixLZtDnbTg
EiZJzWPTm0I
iwamZ7r2tTE
1-9n4Upditg
nZ90fsoVvmc
o0azgDKAFNI
rLI88bU7Fuo
IDkhHTjlg0M
xvyQP-oezXc
q0AkvTchhPI
4WOjZ9lQdHE
oug9h9-komI
1bj7FPzUiWc
-y9SELk3UNU
QcAr1552o84
x8pEjhCc5ug
FEYN0jK1-pI
OgxsswJEZ7k
wdINk29ZSMA
uG2VpBYd-Hk
wYGKRP0gD3I
zpnjkbJNp90
Lq-zp5_OgSY
4r6QHJzu8YQ
SEtkn9S-WHY
WBWV_uvgC6w
ucqaqTR6EK8
A6FP-2d3GnQ
QR9K8M4u8rk
Zplk5NcBt3c
Qod67l16LfQ
tcm-v12m7hU
-Jx6vyc_830
m44llkkWI0g
ITc5DeU1zaw
f3TQEpL7dk4
dA1u8RD49dU
M8TOJrI6cJc
BdSNiuJnZa8
9r8Wb7prWZA
YOlP6xmw7zU
VdBZSEF_FhU
E8HagppxzxY
HkBFunEh8iY
yZtpr_curdc
Q59w-ACX30M
HqiBo62O8bk
UlHo2cxKA84
G8s3SkAm-gM
jciijU8Mj_Y
fRTx45FJWto
X58FV7MwdbY
dmN_s286dHc
cMjJSUsaWvc
lqv9dXXjfWE
n1MbK-Qb7Mk
wPA2FrET_Ac
LDyMYyiAsQs
XuDGJ-LUnAU
K_uaUQY6MVQ
-uZt8MLeDrg
qVPtT8CX1eM
5BEaqN92vDk
dP6Op2jCcJc
OzTqWpAPnrw
o_eNoF1DnZs
vD1OROM3Lfo
BCEyKQQOl8E
NrIf451oN30
Lhop0mfeJMQ
kYWBbu-FXV0
CdF-6PJ2jTM
QOtyTZGWOmg
V7vCaxe3Rys
XFuFxgbnkaM
3ia-sGkAVf8
UR4Zr0hE-As
C-qg2Lcy6Ts
bcADF8WgLz4
iW3EP2FE5zc
ejIjaaocVvE
dgZy7Uj8cAI
qDsLxwmW_Ms
gpIJcqY0weE
Sx_KqnkcJVA
GviCdNfeXw8
nL-NSia0HiA
wIPriEEti6o
qHO1xH4ilZs
21680hPTfUc
eg4r1ev0xYs
fMTLSOTAzWs
8nod8JWaO1o
GZInN7p1D0M
NFDMXwwzyIM
yOgGhPIHnlA
rgqFXkLAc-4
IniG1KkPS2c
BTNarhvGX88
JBWdbzzYbtU
M-4GWomLbpc
_ZAlj2gu0eM
8fxilNdEQTo
DFPBdbx0vFc
VP3nKDUw1jA
On3c86V5A_E
IOzZVmgK3IM
cNFLqhU4MN0
F7r7l1VG-Tw
nH2-37rTA8U
h3lMANILkw0
E-HOz8T6tAo
-KrSxA9NCf0
BdmI14oSe4g
eRImmzuExyg
Q7HbtnOyKMg
R528WbVdC0I
eZZkhSl8lMA
RkIM0Mbc8YQ
gjVUGs75eVs
rEiLOB4FulY
xRjfRVXXFxU
neAFEvNsiqw
a1lVOO9Y080
roap32sTgPk
eBYbnYNl0rw
gX9aKDeAOz4
jDNalKBb3aA
MdIfefLcdoU
I8BLj7cRM7c
w_GZqhAR0I4
YJBqGM29_64
TUOQZjotyAQ
ZUEjRYe7MRk
_X_QwpXsdOs
6WCfVjUTTEY
3SgVUlEcOBU
4LSktB7Pk_c
ks33lMoxst0
EdQ7Q9VoF44
3uYb-RhM7lU
fyJkXBvcA2Q
E2VxbufzuWQ
gMcs6RF_LrQ
-cApVwKR1Ps
33TYoybjqPg
OiNh2DswFt4
vAepSNDLZRM
I3vIAzMcm4Y
hbJ2o9EUmJ0
znE4Nq9NJCQ
YezsgIlcb68
NW9JfMvIsxw
6xEO4BeawzA
rGaM6pwqhB0
jJyRrIZ595c
3uO_uPb9H8w
SPVqgkOZMAc
UFWAu8Ptth0
UyCwAFQt4v0
6YRGEsQWZzY
9Wfn-WWV1aY
j511hg7Hlbg
0NyeDUhKwBE
4u8_AMacu-Y
eu_GFuU7tLI
utQi1ZhF__Q
a7wYAtMjORQ
Pb04ntcDJcQ
iEpqcdaJNTQ
xVWCfMe97ws
C5-lz0hcqsE
-_POEWfygmU
ZN2PfqZ4ihM
vxQvL_WhBGU
vr0sTKbV7lI
twT-WZChfZ8
0pv0QtOi5l8
hrIPO8mQqtw
TdLD2Zh-nUQ
z8BM6cHifPA
85zGYB-34jQ
fYzoiWIBjP8
hTSyVgBa1T0
Mt4dpGFVsYc
tOX3RkH2guE
U6Re4xT0o4w
JAXyLhvZ-Vg
OB8b8aDGLgE
U7HQ_G_N6vo
-u0mqFqpMNY
1CMDS4-PKKQ
enr7JqvehJs
E34CftP455k
KDHuWxy53uM
KuUMUvwvML8
XMkUDyl1ZRo
cePkWyXRvIQ
pAgPfr7MkkU
4tctB1wZNiI
l3hw0twZSCc
Ri557hvwhcM
jQ2nD8ZGeEw
LTuGQy4rmmo
NnlAI4ZiUrQ
b1QFKLZC11U
8Y4JSp5U82I
s38l6nmTrvM
o_puKe_lTKk
zA0fvwtvgvA
XHBkQW_XuA4
S4oOSgTj9C8
xvvI_QRYxBY
o_vMb655dFk
sPTuCE5zd3s
_l0Mfsu__gU
xPb6HLM3xEQ
aNqG4ChKShI
upO6Mh862PI
SgKPw8v4ZI4
CbUx0S8BCtA
1KwW1v__T_0
5tB7y_piK6o
bGNMXfaNR5Q
hrg1hCzg3W0
8G9rSqFsM3Y
T8sG4Sb3g7Y
rkeU8_4nzKo
JWfTckls59k
igJdDN-DPgA
Ve99biD1KtA
Tqpcku0hrPU
8SsC5st4LnI
mDmRYfma9C0
gzm-uhj06q8
C8mudsCSmcU
i8Wtu-kdDC4
Ef22yTJDUZI
3GYv-BZYYdg
UqyN7-tRS00
oRLAJsbQYK8
gsNgdVdAT1o
AUqeb9Z3y3k
ojcp0GJKluM
XHgmx9xT2dE
gzmSKrwiG3g
WrEcQsa-1ME
FH8TpU9xqQg
tpHz0gZfVss
xjkSE9cPqzo
PUsMyhds5S4
obts_JDS6_Q
S4n-tQZnU6o
iUQR0enP7RQ
OAh573i_qn8
xyAuNHPsq-g
aKhhYguY0DQ
hD3U65CcZ0Q
sL6MC-lKOrw
cD-iQLCg-ss
8-4mIiNtV3k
C0avH_H2a5A
lbhM1ILFgF8
CcdhwzN4lzk
KffRJ3S3jHA
AJxHM7EDh4o
Awx6eoc_XYU
GVVOqaIdxp8
3ybPmFWZXwk
itpI12TeNIg
3NcIK0s3IwU
ZrMw7P6P2Gw
7vHh1sfZ5KE
peXbz0frV74
ESusD8HRLBI
ngOC4eUQl8Y
zqGvUbvVQXg
CqsYCIjSm9A
elJUghWSVh4
mtL_plJXv3c
K5xnULMbtH0
kNuBFpN7z18
e9MA-Dpt1_w
QNXy9NEKSzE
3phL9GRSY3g
2eSH9zCAA9Q
1TjtFhuMdU8
f1zhOtnCWM4
KdBbnMAuMqw
DjCdzM40LDM
TxwE4_dXo8s
prLfVucoxpw
0YOGrTNgGhE
Pu_u-bwfaeI
xF_hJaXUNfE
dZnc3PtNaN4
Cv4YhIMfbeM
-fFWWt1m9k0
xw6utjoyMi4
W7DmsJKLoxc
Xqfcy1rqMbI
bCxMhncR7PU
XqQTXW7XfYA
789aMeepbxI
VVr8snbaxZg
BLcgeLALLnc
xf3vfczoCho
2XToWi9j0Tk
W581OBM9rAY
wBDOCvHYckE
6E_NVnboMB8
3ER8OkqBdpE
9AoDucUmO20
bC5Lahh4Aus
-gRNRBCG3Ow
gcJeg4SdIpU
3JG3qn7-Sac
XZDGrbyz0v0
sy132cgqaiU
sSE6_fK3mu0
yUpDRpkUhf4
U_8GRLJplZg
VgVJrSJxkDk
4Flj9plmKGQ
IZ8W-h764Cc
F2psxMnGdUw
NIdqkwocNuE
OtmjNuiTHp0
tqfU9mC2yFU
iUzfsUOl3-A
R_aqSL-q6_8
UekR9J31a2o
5B1i26dUwME
HvYUKRMT0VI
x34OTtDE5q8
tQcB9BLUoVI
kpywdu1afas
bPqB9a1uk_8
t4zfiBw0hwM
GtaoP0skPWc
VAxHMTJRhmY
sQYpUJV8foY
qEB6y4DklNY
dzMvqJMLy9c
xlJYYM5TWoA
HnfBFeLunk4
NGpJPz44JYc
QX2YLR09Q78
uqyLOuAzbvo
G4CgOF4ccXk
wwjtuZ5vTvc
vzID7ds600c
5EWjlpc0S00
i6gz9VFyYks
lWDtFHDVqqk
Pn5YEMwQb4Y
oqBHBO8cqLI
xoUppFlif04
Nk2q-_jkJVs
P3QV9ktuYlQ
eVl5zs6Lqy0
ZzwuHS9ldbY
391txUI76gM
8i0j3j16yFk
YRBRarbMCyE
s_R8d3isJDA
X4UTe1fZUzI
TNX-Z6XR3gA
p3AGlD6g8X8
UmiotSKSRvw
GBGGh2Ie4d0
jl_gQ-eL3xo
595Tiga1gIg
FaF3v-ezbSk
b_cAxh44aNQ
s6UYa2nwaDw
aAfMps_VyOY
wYAhlTHIBT4
8IR5LefXVPY
QA2TBiIsdT0
YL10H_EcB-E
7rrSuhFC7I0
U2Nw5T44zvY
mxsYHiDVNlk
QhuJn8YBtmg
VrflZifKIuw
vSsK7Rfa3yA
DiBXxWBrV24
pfzJ-z5Ij48
YvacYWgygaA
kw_4Loo1HR4
2WS1sG9fhOk
3mier94pbnU
leudxqivIJI
CFygKiTB-4A
vPkkCOlGND4
XFhntPxow0U
52wxpYnS64U
zwDJ1wVr7Is
_UrfHFEBIpU
16StQAx83kA
x5Bz0ManOuc
wGKXIq-gdok
3FQ58lVtbCg
NfuKfbpkIrQ
D9y0RlF_DqA
_Kw4hLGMkm4
clXSqjs1wgQ
XTWZ_M8d-4g
APNkWrD-U1k
nwW5IMuRCaM
q2TqEsD1t4U
Ghy5jasP6Ek
yKiU7kzjTQw
4-JYxNfqp8g
lPLm4pM4KXU
Q5z0MSvTtRg
FyoZaqF2dsY
lumGHA9JGNY
hbsWxarO5d4
423zK3ev1vM
GZOp27tWARg
RHfnCQCqohk
Z7fM5fu7LAs
RHfnCQCqohk
va9qsz7Q6b0
R6byhBey7eY
RpCkWhPqTQM
U2FLQYvioeY
A-qer1ChzXk
k3Wd-9bZCgw
FhUj7sF00VM
lb3TmicdsCU
UDyFevRLKb8
pplnmRsNDuY
ewzoWPBLG3g
PMFJCEOWVmc
LeNa9s0rdj8
wXQrhgpMI0o
j9iKQnnAsgI
dkN6eSd2AIA
kmP97_diMVM
0CIn1_M-BoY
aEvm-V7A5s8
PH92iJRiUgg
Zee_TGgEBsg
QPKMZHYBcTc
gWq0WpgBthI
i1aNc26PsOI
7D3ErvtvOaU
NLBp-Tq3TS4
VUg5v5PzGKo
WV6gftyM3SU
KEyCBPe_T5I
XizVnQI2d9Q
1SC8pC5FKtM
1jwEEbr2fuU
1zHTzT4KP80
26apAl5onO4
zKIQYn1quh8
0mH04VZ_dOM
s_3msatl-NU
-c2LcmZaT_o
bOKhHf58978
8Jwy6seAdHY
Zkeq0j9CKcc
Oyiz3Td1KEI
cVEXO42UKd0
We1OgfMotaM
Nr-EB7BKKJM
xfEZKZDiXqc
eRzobkVm1Jg
0mMr7iKWAjQ
bKzw0C-Sh7A
yMc71el5Bic
jKg5oFQXdJU
qo2Omdf4UyA
KWBa0yxfi7U
HIzG0J7He2c
5yysruBGqEM
7FRFzf-MLnw
YFV6QFVxxPc
eUi6VS3qc9A
eS-XNHsh4TQ
7rt8X3bIhf4
eZuR5-Jng0o
-rH2wMlppjo
z01WJ-HgoCY
YsKgw5S7Plg
pCpLtKdMjSE
fRRc-3sJuwU
79ZwFMRWidQ
Eh0j5nHhS6I
n30T7Uc6IOg
nognGA0mtcU
oVkzin26KJk
u1FZjRUC9MY
MuhPEK5_kog
4mUAiRKIhj0
JqzTKxFpzco
uH5qmnegzcY
f4drCCsnOt8
EDEg7SY2-VU
FEEsj1puK9k
oRWMtRqR6yc
t9_by0bbp48
EWsVUf6ZFgw
x7RYmTE3X-Y
0QvGgONYDeA
jG_R8MyQ53U
rbt51hXmzig
QWtZ9jpN_3k
MFAuLptYXFE
D4UfrKzUVz8
fX0ZVflYqf0
5tptL-SjfHY
VUY_9-dl9Ro
j-G31l9tETk
qCFS9sM3U4w
zYltrrFpuRU
-UtUjx4nj-E
r_MPl6c23cc
I1CPivr1Rqs
281GDzKgNIw
Pj-dYWwdlDA
THu1yyU350A
BRX5mWU0pKo
uFfMl-wGOqA
tP9bocr_C2I
TMmxKZaCqe0
PupNgv49_WY
cKOtT4WnZb4
yEAxG_D1HDw
FP2arCfAfBY
BI-rtfZVXy0
qO2cTx6DwCA
ko-cYG3d6ec
kqU_ymV581c
NLg6hfoKKlE
zrqzG6xKa1A
2439OIVBgPg
Ij8AotZHfzU
8PXJ3hHPxlo
5GRlLD7M430
pGaDcOMdw48
4CNnPgabrLE
1vamogV81Y8
o2ZrX9MbIwU
cEOxZWGp-8E
RcSadoSQhdA
zbZyiyzMUQ8
uHwKV2NzDno
bl2DvFn8LjM
oDcPHWX2Nv0
-uAfg0t6NmM
dlpmllTx5MY
-W3RkgvLrGI
Y5cSGxdDHz4
emdHj6WodLw
15zliAL4llE
enmHaVxLfAE
OKXyKt40WFE
8wZugqi_uCg
JXCiFbEMTZ4
ZWSoyUxAQW0
V3-xCPDzQ1Q
zw0waJCEc-w
OLzXqIqZZz0
xmgk8_l3lig
Zyq6TmQVBxk
11Bt6OhIeqA
CmXmRNFrtFw
Pra6r20geXU
F-OsMq7QKEQ
ouYZiIh8Ctc
7wUHJ7JQ-gs
6PaFm_Je5A0
0RdI3-8G4Fs
VJ9VRUDQyK8
77-najNh4iY
mHvSYRUEWnE
xRspb-iev-g
aEP4C_kvcO4
E_1gEtiGPNI
h78GdGiRmpM
DYb-AN-lK94
6_lmiPDedsY
XIQ-KnsAsbg
z1lwai-lIzY
ay8838UZ4nM
rAof9Ld5sOg
gWSDDopD9sk
GGQngIp0YGI
YRw8udexH4o
W0VWO4asgmk
U-k5N1WPk4g
XjoJ9UF2hqg
q0oSKmC3Mfc
eYBlfxGIk28
oosYQHq2hwE
_ZD3OCliBuY
pEz_Wn35098
9T6ZPYYu_Dk
6Qv_bPlQS8E
yvW5l9W1hgE
NIG3l8oWKYE
vHYI93UV5Kg
QmxMPPkZpME
2zoiW4PdVKo
ZffZvSH285c
RoXmKYjpLGk
znR9tW4AiZI
9zspW8u6kQM
QS4r_mqs-rY
F21S9Wpi0y8
xdiBjypYFRQ
mQTWzLpCcW0
3mLUJSoh6i0
Qwet4cIpnCM
tSHitjFIjd8
nMhJLn5ives
s9t7rNhaBp8
4oeoIOan_h4
_SpE4hQ8D_o
_SpE4hQ8D_o
RvtdJnYFNhc
Llt-KkHugRQ
1xuf6ZKF1_I
Gn2pdkvdbGQ
XEblO51pF5I
5fcRSie63Hs
VhokQhjl5t0
W254ewkkMck
AuX7nPBqDts
27Kp7HJYj2c
ZNtzWpU80-0
VgDe_D8ojxw
fWan_T0enj4
PASSD2OcU0c
UsPmg_Ne1po
9VZsMY15xeU
IWigvJcCAJ0
y19jYxzY8Y8
rDLDGQMKT3M
6QJtWfIiyZo
rEtuPhl6930
kITJ6qH7jS0
m5z6pOsxF_8
SxZUFA2SGX8
S0uuK7SQcA8
gHTH6PKfpMc
omUfrXtHtN0
0mOH-qNGM7M
w0nqd_HXHPQ
8htcZca0JIA
aTjNDKlz8G4
zQMU-lsMb3U
Mnu16kCRW4U
52ZlXsFJULI
d8lP5tR2R3Q
C38B33ZywWs
nok99JOhcjo
8XffLj2zvf4
Kk9IDameJXk
hXP1Gv9IMBo
Nhn-anmubYU
2UrcUfBizyw
pPqPj8CAPvI
DplUpe3oyWo
bAUT_Pux73w
gvwKv6F69F0
aYE26a5E1iU
Sc0e6xrRJYY
1Nt-t9YJM8k
OeOMYx5-Kzg
N30tN9158Kc
bAerID24QJ0
DopnmxeMt-s
Zn-GbH2S0Dk
9IUEk9fn2Vs
U2ovEuEUxXQ
jFd-6EPfnec
_k3aWF6_b4w
