h4Uu5eyN6VU
zBkVCpbNnkU
p_8yK2kmxoo
JyECrGp-Sw8
H6u0VBqNBQ8
JtUAAXe_0VI
n3Xv_g3g-mA
uqKGREZs6-w
8PmM6SUn7Es
M7CkdB5z9PY
pP44EPBMb8A
yS1ibDImAYU
FaB41TtgS54
-O5kNPlUV7w
NxvQPzrg2Wg
NtQkz0aRDe8
9P6rdqiybaw
9tbxDgcv74c
RS7IzU2VJIQ
kP15q815Saw
YI3tsmFsrOg
ulCdoCfw-bY
5TbUxGZtwGI
rvskMHn0sqQ
Da-2h2B4faU
8HslUzw35mc
UjtOGPJ0URM
MUWUHf-rzks
kl39KHS07Xc
16W7c0mb-rE
MjdpR-TY6QU
GoJsr4IwCm4
4ClLMrfYmmw
VzPD009qTN4
tlTKTTt47WE
J0ldO87Pprc
yWO-cvGETRQ
f7KSfjv4Oq0
MBRqu0YOH14
WSKi8HfcxEk
qsN1LglrX9s
XxutY7ss1v4
7TmcXYp8xu4
DHyUYg8X31c
RVMZxH1TIIQ
QsBT5EQt348
czgOWmtGVGs
qNWWrDBRBqk
mZsaaturR6E
ijFm6DxNVyI
TnzcwTyr6cE
jAhjPd4uNFY
RLykC1VN7NY
dGiQaabX3_o
JQVmkDUkZT4
ZL4yYHdDSWs
V9_PjdU3Mpo
qPQQwqGWktE
xZbcwi7SfZE
wJUXLqNHCaI
LS-VPyLaJFM
X9otDixAtFw
e-P5IFTqB98
JhHMJCUmq28
t7tA3NNKF0Q
IXxZRZxafEQ
QAa2O_8wBUQ
8nHBGFKLHZQ
GqA42M4RtxE
1fQkVqno-uI
sNhhvQGsMEc
HEYbgyL5n1g
pVbLlnmxIbY
rcOFV4y5z8c
fTTGALaRZoc
y0opgc1WoS4
_lNF3_30lUE
Hug0rfFC_L8
QOCaacO8wus
sRv19gkZ4E0
NbuUW9i-mHs
ZW3aV7U-aik
JGXi_9A__Vc
zQGOcOUBi6s
AQPlREDW-Ro
PKMQzkIiB0Y
cR9uphgMZ8U
Pw0IZg7_4mo
Tqt9hZcWhJM
xRF7WIZV4lA
21eFwbb48sE
wNDGgL73ihY
4_aOIA-vyBo
2XkV6IpV2Y0
F3QpgXBtDeo
UuGrBhK2c7U
Uti2niW2BRA
KsF_hdjWJjo
hOfRN0KihOU
