LiFg-IHT34Q
EqLiRu34kWo
3kAbNdot4e0
OAAmwtdP1bE
-3QML3tfBNQ
MpPJ4Rr-5SQ
dYLxjL27Q5w
CDAU3TpunwM
LPMqoHPJzac
gLNY8JrVYFU
AWVKzdyWRps
Pik2R46xobA
Wh8PUImUMYo
cUojCUTKYlc
82FgZEOn89k
Tobv2lu2exI
NdJQdt3xkFQ
ASrI_Zlm5F8
lyGB4nDEVD4
A9rh3lqdtT0
AUhvSeqFB6w
v6x_6K0OR3w
FS7CqlRQm3Q
cJPQEVnr0fg
CuLmlHo7Wrk
LU6dL9FMeIU
t3qbYFvOHwk
E4y7tf3VJAM
FSeEPxLKHNM
Di_tr0q_G4k
La7Tg5e547g
s2km_z4-1T8
RHrYvShbKU8
SX3h9irApwg
dwjhfxFyhxk
9XqdvarsGMU
iqDFPU9YeQM
rIA4ikHFOVY
Tfxf4pV-zJg
4jjEawqaMkE
x9-e_3GHrzw
8X5zX3yVoiQ
5-QSGHZCQW8
e34M6P1NXYM
8IuQCyIdePE
nDg3yPSzsEg
EH3lD-L85Is
LWX3tts6NyI
OIB5SKG3no0
SqK7XXvfiXs
miZUE4oF9js
MSb24QW-sY4
QY0AMmLuiqk
7Na4UvRIhu4
KlXj28dXPAU
cnF1ycgelUY
ri1Vw3w1_10
IIo-17SIkws
1xVkRh7mEe0
uMzM-s1ng7k
ExST4W_MRJA
onduQjgAj8Y
749dhnXdYXQ
vGDb-fbvJmQ
70nxZpblKws
2OynrY8JCDM
uI49IqDCgg8
RiBdurVIo0Q
rBbQW1KzWQA
NG3r5N6ES3M
mrlycViTavE
UFbUp8916_o
RSR9eO_ilfI
Y4cXIyyc-L0
Q_9QfBSbw8g
aHC3i6N9Wvk
D-uWYvlyeBc
S1l9oDiSiEQ
C7VdeHdBn-g
vxSd7p1i_TA
KL9ku7c7UTs
K3IImGiiY1Q
9YeiV9jOs-U
os2K6pilr7k
lkubYrRQ1y8
eJRQRD6LAmY
_t8OfPvuvsE
PfpEPjfB12g
NSfCDdTtBn0
lQn84dgRC8E
Nur6WwpmyBo
a9ZdC6wZnks
tZtlDNcbeE8
7p8GgX_hWyA
JB2ZCa2arqA
qqJI7SdS9Gg
6dBREc8ePuk
BbmXSR_QiP8
GHdqoOW_0iw
SxpoDqSdQrs
6o140Ni6yiM
dvMex7KXLvM
asmTaB6RH7I
lVqKBVYuITg
KztctvSveEI
XxWhXyeFYjc
f9o_Qw4CkUU
ny6prI0U1Ds
RfThdgT6GSk
gca-C2GQsHA
_ddS3jqZksA
OS7gicR2yxM
KGGwZI9PCaY
LrHWKSI9OqY
AZnZjsQhAFk
ZILKRTX9ML0
FJbVQjX7ijQ
jIi-Ug7qo74
ttyRMwuVTes
K9zYvjqkxDk
jdSiFKo8Ny4
QaEZ5_hfEc4
kzwR3ddJ368
mBzRyTXPlyk
Aj6VCxsfpec
3PPveTB9Iik
oWXgCXjmk2M
gLSFsvKXD5g
Exc7GY7k7Y4
9YjRuTp-nD0
dfCPvfA3Fqs
ZPoIr_LFCsw
znXXad6fvh8
grUzLlTOHhw
8y45owm80MM
z_7JsBjIqoA
70jb2c8Qtsk
Gn6bi6VN8pc
qfZuVHOfXPc
