NERNE4UThHU
-HwZR4zapqM
yCd3CzGSte8
9pR6PjfyyfA
Kedt2or9xlo
bmjamLZ3v8A
Z6rxFNMGdn0
dEv99vxKjVI
bIrEM2FbOLU
2wq9x2QcZN0
Er7Dy8rvqOc
p5AtrKqQ3Fw
-j0tc0Y1CIE
Q0nGo2-y0xY
YUYagvESisE
sRxaMDDMWQQ
zR11FLZ-O9M
aSyZvBrPAyk
53YvP6gdD7U
O5xeyoRL95U
b7bStIQovcY
3FIo6evmweo
l-mYLq6eZPY
ll_jSXmCDDU
y1t5LyK8blo
KsZI5oXBC0k
hIC9FQpxVwQ
KZkYSSE8HHI
ghwaIiE3Nd8
STFcvzoxVw4
bCA54RIkpTo
fCLI6kxFFTE
azOmzumh0vQ
epQxfSp-rdU
OoC8oH0CLGc
YBvcKtLKNAw
Khf-N2f8T78
piHkfmeU7Wo
9EN_HoEk3KY
5nnSSjer4j0
Gi8LUnhP5yU
U6lJI-NSfBY
9HdmXFXp6yU
D6kNl5it9L4
HVx9bwiMWGQ
NPMuw95ux2g
UgvwxbGlb08
LiNSPRKHyvo
RFYvUJfnuPg
Zsbb1Ze4T_M
iMOD9TYRtr8
bzn7YEvoUaU
7ottuFZYflg
Gk3WsaQZ8pA
bLv9MGsUt6g
bfO4EkoGh40
YT3pTu6R7OY
z70WdSCdl4A
YofMOh6_WKo
j-jLkaGS-Jg
kL6J3y9ZCRQ
HKBhP9JISF0
yjOV3xgydXE
dWSbItd0HEA
P7kX7BuHSFI
qwsft6tmvBA
LSX3qdy0dFg
9Z06rY3uvGY
7ROelYvo8f0
-GV_A9Js2nM
Z2GfE8pLyxc
CLOAswsxudo
MQ6pP65o7OM
_OCjqIgxwHw
-6INDaLcuJY
s3MuSOl1Rog
0fLSf3NO0-s
LDprUza7yT4
ByZF8_-OJNI
nFTQ7kHQWtc
U1toUkZw6VI
QDzM8r3WgBw
1L0TKZQcUtA
11rsu_WwZTc
G5RY_SUJih4
L1sHcj3qDNc
g-sndkf7mCs
OU8I1oJ9HhI
PtAIh9KSnjo
F1ka6a13S9I
rK6bchqeaN8
Ejec3ID_h0w
oGk1v1jQITw
u6aEYuemt0M
zij_FTbJHsk
wiYMwmPPGto
ShxbqjnsB8c
a96PO823veM
7bO8rKtvDoE
_US4sEfQ6Rw
7XzAsx-aRC4
HGZ4E-qUd1A
qySBeiY8EqA
94MBVD_tZeU
o8nZaDw_mOs
