6HngwHe3QCA
b1Ys_IYpMsg
1xCTuod1gCk
itmmqytRhT4
s-LKI5Z8VBw
WUlCDLzoBcA
hIQxrMwkYaU
TlWDF3BfUdo
jcynlSSd1lc
wmuLrGGzX6I
3T6B0adUnJU
rL1s7ZRk85Q
oo-HbKpQ-Ek
7oCbazJmU6I
salEVVKMA_I
hB7yVBBYTUI
TX6sBaMFZ8k
KQb7xuI61XY
mjn9IYb1Pew
iQBGpocUDVA
l35cs9_Pb-M
Jtbrzrrvhrk
31f2E1aJG2Y
m4o7HGnFRJ0
SLLqlgHqW2I
4v9G2ArswUs
LxnVCdzM9B8
qu-vc5pmD5U
V3JiWEX81hU
xt4SsI6xcss
Qaee7Mzgqg4
57aCcQQqHL8
IQw5UOVvDj4
X3wgPwZYmHQ
Bq_AkbRC2Eg
Y4mjW4jpiPQ
u5LYl4DM5c4
FBNSW2b6Zog
ZBt9EjmFBEg
TErxSRC5Jiw
XxDTDCfXgEw
oov8NxBnH9I
1fxcu6NzmVw
rFKk8i-Cp_s
5MvxafAH34Y
aCx764uwC6c
cqzON6oWpOE
1ZulOhCCEj8
3GnsEcNDIs8
8FYrTzR_fNY
H5fiS6zFVIY
bg2II5DIJ0E
HkfL2DUPig8
3B5isXFid5E
mH227HILqII
9mn8MZF4JWI
CodtdeXZhJA
Rj9LXnVkHlg
FVynX7U1yvg
ZgYJXAVl7Rg
N7kvo94PKN4
-xb0gIhaWbM
Xdya8eym9nM
CEHayLnKvwY
cNDSX8RPw4w
7mIzRYh8jGA
jcofPUhFKDo
6ubXA6PbxU8
pWvAUXKL2rU
8LyTgVAzEOA
wDc31yi-AIU
A3xHJzNNM2A
b-ndioSZalE
RbPN0Z8I3fU
iD4nLXnJhs0
uEMd6tQQIp8
TvfePq94NUg
4JAPw2hnH8g
SmRm5udWbxc
AC9EfT-y9e4
FT7mNxMMoi0
LLPmBeMnWTE
aX2EnKHBKI0
4PwQgQafGjE
wrQSMcU_IRQ
PF2upGJu1Lo
IX0EJveRUSU
bAZ6co0MSCY
bjFJ0Pcgc8k
7Op3lumuj7Q
35yussxyr2w
WQP4IKGzGQk
JH3Yt8rcUQU
rIYeFvONSlE
L3_FqhyGdHE
wAoyJ-CkiYM
mzHfHHF6aSU
2scxlRTQViE
YIzVbJOUdEw
tVVjGFTYdFk
cAy_tsQfsr0
Sd8xxnwAcC8
Mmlmyr2JP-4
SV27UZbTtZ8
pBPXxO9E-fQ
V-n6K_iLil8
GZa2B-knFGw
YvlYjLPgrCE
URrWHWRb32k
DMlITdf3w-o
sfMTQhiVdzg
cgexTg6KRsQ
9jaJxPoytvI
B3VslyKgoRY
Lls7723KuSE
PtPKCIGBRNg
SaBefg-mRL4
hpJrQfODwF8
SvkE6DZz9Tg
rtarxm5EJRk
4eZbr5qDxio
ViWHw7dOPGc
2nrpZ2HgWGo
xduJEGpcwqc
ILdiXnx2wBI
VorMhAAW5qY
OKj4GAWzZZg
41jPlL9pUAw
thD7Ig01Jcs
wbYOHEJjtCg
NAXSljzuz7c
KsuKXPr1WSw
1FpeYCccCik
1zr_ZRPmVxI
KyNjWBtv_f8
OO9kSxcT9Rg
Z-tCeaeLm3E
ysiEyAQ27P4
cF7hnBuHlAI
LUCy6V1YE0w
BYhuCnJuUn4
9TFlxXSM_ks
zoWkgxKYWQ0
C5U3dMkYbog
AQIExuYef3Y
8KuDjfxCJhk
Ja0MbsLpYDk
SCxtdVwf6l8
LjVuOhTS0BM
oaJoZDJMQyU
XfH3kuLNq6A
T26ovNBq95g
vkhOnPaKZ8U
gNPUpnCcoWw
3w6UuOARJxs
u2--qfDNDy0
iR_VQJtwfmE
K69xU0cFES8
seByECDiyQo
vv8LUSqT3JQ
u1YtIwW6HGY
FonKlmYXUPo
kMVmGjCC8Eo
4sMejozB6XU
Cm2dczXpBG0
qX5dEzTOQ80
UrykleUEkpY
9_8mXKCBtm0
mHMZ0RLonn8
emyFVRLpGnY
9FbToIXfSBk
fmFitwFEgwE
5r-jxlwpHKs
wfdVDc4awuw
5rjFDPm2rF8
Zi2Myjoms0Y
rOAbYFdNQEo
ZFVcmJJCvtY
WzqrWIpJy1o
4Xzrmw2UrsE
0HOa53zT3TA
Kvg9kJ35jEY
rrz1wiSSe_8
eKieSenmIMs
GtVPOGbPSng
JTQtkrjZYuE
M243PCvVnJM
ZqZJ-nm9e9M
GOV_sN9e5LM
NZ1dPdRHxME
FLmNLrog6dQ
hJht8LYvHwk
f7HIc3B0BLI
KzZmPXGlMRI
iszTT9U4OA8
PfCqSTKhi0A
kYPus4Dq4V0
N26pjkM_z4A
BqdFvgaiynM
jrMsWztL1n8
2ZNEbSVksPg
nrf576J4Lg8
rt1UaOBvYN8
P-Xw3rr7rT4
5cNktdBfOv8
_NPbnBOGgz4
bO1dfN2XveY
N3gqIshKgxA
yUomplw4lQ0
Y1YN3f4yRW8
FlGiwUwMdEo
jqFVm3QUShA
b7xSUhljnY0
SSqbhcnJbKs
JAr19X4Pxx4
WErpgU9XS8Q
A2mY-DrGGWE
mVYc7Z_EtQ0
l0iqrBLLF4o
oCjN8zrUzFM
JZIEfgYvQio
qGwibq3JTdI
zb79c2x8JY4
VIBpeTBlF4c
AVRltPV1VQE
IiCfEzRvUIQ
C1EwhDGdv14
87If-Q2pJWQ
esddmLk4feI
L2I7qGweNLk
o8qGvgUmOxA
FwCg1AV9MN0
9HpWwWiBVOU
PNVh1f5fB-M
_z-yEblSEsE
TCsMbrEMx4k
P9mMN-1GeUs
Z4xQL1hAn4E
cA65ZaY2cR8
iLmU3P_uBcc
2pcbscUqgP4
BySbfDIP6XQ
yh1nRUe6UMI
Cs1VRhpcMOc
BWZ7Abm9z28
VivBf5JOWlA
CFZuFR2d3ko
5xUxK34M4FA
V39EAlaumCg
RoP3Zqfw3iw
qDgeaERmBH8
KExn4i5JErQ
Im_vgEBpi18
eyX1jjT0gYo
VMakfEhU_PY
EQ3ObA4dyAw
keZjgPiJJO8
ztjc7ZhgG-U
dbEH9GT86C0
fbSjWl8_ux8
FBHfFhOLLrs
UHvdmu2ocwE
uISPkMl8ho4
wjZM0FUMvh0
D6nixjzGM2M
5q6XOGXMrJA
pwReYDq04XM
YmpgxkIfXx4
hv7U0x0ZVCA
LeZTgDQXbGw
x-XMINuNCPk
DyBrDtoZqMk
qhPVJ6ChwDY
-AgFofyLlks
Qi19xRB6UQE
yd60ROYhd88
XSi9PFacbgA
S0ErpANGyq0
mLIGL28mTZk
8GdYJIanFz4
f2GuFCyfOhc
SkJaKAaRWnc
lZSLfCBYRsg
sLtuZEtCSLA
yNEGYdZIsbo
3mJ7YVF8tpw
1xB-MIOdKc8
vrNlFCwb2vg
k9XJaAMK-Bk
LQN_mL56IwA
F9XfTMm2CyM
zitIUrMz7Tc
rR8WwdZQMYk
bnZaVRNBIFU
x7GcWD1b7Cc
sgFKOiW02VI
xUK_cBHVEv0
1iKK2t-HlS8
vPVqo3MvfVo
5oj_tT6pOOg
vPVqo3MvfVo
9GiIjuu71dg
NgHnXl9P39c
v27ph2U1S4o
9R-8TvtW94c
9gunak9BjTE
en2-nTgwfW4
lNxAR_M1UUA
8ciYEuU2NM4
VfNqA2ukNrk
vLSqdRODai0
wOKLyMYxscQ
ssshx__9azA
fiVszbwAV10
h-h2ujpQ9ik
k9dr0k0CBwg
WDcydI16nVQ
t_OYT5vx1lw
65ks-4I7BBQ
HjMk1_jKT5U
Gv4MBQrO7ps
iMBVszULphc
s7wuosL8p1E
4gqP7JQ_IAk
oxxEfpDZ5A4
9YLiCOhlHQI
s6VSAgLf0l4
LFjL6ek6gY4
jVLGXDjrQ0Q
_ihNezZ1xF8
1N2loINKkTA
3qfLdficgRI
b38wnCBfbbU
QZcVXkkhVH0
yfRjP1nfynA
o7uVix3Cxpg
BmVYKRFHolk
hxItYOmoMXA
WnA476K9ez4
_AuXvnCLERA
PIbpZvQ29qA
qfiGV_aYg18
7RtO5E_jY6A
AxtTCSoOsek
jXD53vRZojw
e2RBRUFwmuw
0FFSYfxQzxY
jp8zYRsf-6I
3l6RUjLqllg
2fRm1E-7P_o
2vfgiTU9Nkc
aB3ofHrhaqo
l8hiaL2PXto
Go_B_L967PI
p2E9xSVTMyI
qmcczpn0Cdo
QHBFglGP6W4
cPgPKy2g4MU
ljfH_IiXozs
QdDhlRmFAzA
7O_njyl96dA
rz-_7z_HhWE
dqB3wFF8HTw
HPWmD-Uk0i4
PxPeoUUjiGY
gxk195KaIr0
Z6IQ7VTJInM
Xg7cU4-4u1A
88jGwCLqW9w
L5fo6C2Xw-o
3qtZb_owPxo
poOsW_mhDIM
VoHX7Hnf40o
Vz-_NgtDSsw
m0Dyh6UTRqw
ipE3LSJvJao
K196yBrArhw
H_R108b6ZQg
NT2WbzWIbd4
RFSUKLiP8bw
TFBzkRSpGJw
I2HT_7RqQvw
bxFIRbflQTk
ONdhOeUV3yg
G9R118srNAo
rowmjRe_hDI
nYSNK0IJM4Q
gyDQ0vHwJQg
soNQyTeAxsg
v2iVY7RCcTY
DymO6Fy4O6s
p_sltpIQjOY
exyVHe7S63g
rh_Awj2aUq0
ILchGqTWQ_8
5WKARc-Xad4
VdwkBFT8ha0
Byyui9ve2WM
afy6_YSfan0
XXymkzNu30Y
xjYqUZ96HYs
JRS3018R7J4
k_58g-z9VSk
U42o5WYCvTI
_d4xOBhS8Po
stIzBl9vQo4
5blkRfVL4JY
4gZW3QzZmk4
5ELWZAveyKA
iEqz7_oTnOg
HJGYVaTezH8
vHhKqFjCxw8
_dHbX8UNx4Q
udg9siaB_NY
T4I2c6iAW_0
znJuoKkQLYo
mkYs3jtMkoo
ugEZ3qkR01o
oOaw7rVV0AA
VKMRWqW0wHI
PDBg4s-wG1U
Yi5mrR4wX_Q
WntR0rbFm7w
6foYb9LLb3Y
jm8MeSj1gvw
Up6IbNnjzl8
HG34L5vmb-I
G7u_y0qO6ls
JECMG2IIDCA
BtqiiETwtZ4
BCC-_HuC8zQ
EH-SL7DGBnQ
NnaBeuTo4MY
U06T-TXrFYk
GysAQgOD9Y8
MrMmO5Wr2CU
kTyQEzN4SDc
lVJllPY6De0
_Fv5R6x6C2I
qO89T6DiXAM
2YiZfU1B8G8
uItEryhtwN0
kTio7cMoJIM
-z548fjk-XU
hXqWHNpMQ5o
isRvyqtYKKQ
sy7V3vPWSrc
hkUe7Ktzh8A
TC2kTwN6rBY
gpQmCk0Nl5E
ONodT1pbZAM
sBS7j4X49Ng
3_mqkjCXK8E
WiVaC25Gg0I
t7BA8U7UK24
pCF4WOGV9KA
fVR6oJSMcmw
JR6FyQfwynI
TJYEvl_ydDo
-p1EbMQRN-g
T44LU71EU2U
z1BchfZFgp4
OLRb20FEBu8
EXGmfIz6MRs
adVH4vhJALA
oEv7DudJ4tg
D2LoPbGpV5Y
ejyHBBJZTds
2ze3jMsymmI
OKK5Aov06lM
jFFI5yHefJE
Bl7m-3aq2Sc
BafZHX9tKMg
gV4TWLH1GAM
KKgp6pRrqeQ
D7EkCMVnPyw
iSBSb6M2DJ4
Ga0HrDtVh7M
sk4uOzPzztI
LqshT5QnB3s
itXphw7GGlg
xPcAfdYCj5k
oFbdbrAGXC8
JnpAlKxjz2o
7cZW2vtmRMc
oN6sg01R9wQ
bGHijY5KAD0
mSF6YeZchPg
czzn8ZLyzEU
lan5K1XyFkg
9ACitU18jws
rqoWNYgGeAw
lOYYSxwBHCE
a8-bGnBqtP0
ozhAMRKwXqM
03gN07mT280
TzLWN3lKEqY
hYFvN-eRisg
i6mEux3D_RM
uKWr14KES6Q
RBf7EewZ4tc
4mCAyNd7HYc
R-762Ta7aQM
bU1YBmg1KTc
rlljPsT6Zeg
e42_sIENDTU
b5o8Z2-S2dU
gl-729VkmNY
bmNru6Ng1X0
qboQLtsYIfg
RftarTmAhXM
0v7dYdLnbL0
CUDs9j_GVz8
raZ53GYag98
URC1xlyx8E0
5yXlKCQw4O4
4GPPjoJLAPQ
oPPFAyjNRAw
N0crXGYLYlg
KRN5bnkSl7w
6gKx8d2Hxlw
HWbdu_SK37g
jEHUQ8Y576Y
-mSmw1KVLP4
e2WpCRQrobM
ZpQUsr_LMHY
6Cs-3ZCyT3Y
JY_JSy7AcX0
SYGkGDr0gME
8Qsq3qtpBZk
KiEFHG2wpcA
9iLKWqgSyCg
AoBOjoPju54
paPWUxUUXSs
4K-_fqjuqKw
P5tPGqir3I8
TOZPFE12DzE
auk5kLC-hL0
X7jEV2jzBtk
lF4DHvTuync
I20jgQsGZQA
yJ6iXPqWpbA
el_DEU0KwcA
Kkq3YmtRXkc
qKzGILERZ7E
uv7r_lGmJzY
AsjpTp8_vR8
EFv5mlII3zA
qRFV5Xij7ec
uyvkvrp2IQQ
dXxbH_qoZzw
-M1RK7XwVe8
t0nGuV8XEMc
Rc2u5XMmbMU
ReBSS4x3z9w
nQF1ds11VEo
v7v6zSqe5ro
NXN687cqXoo
HQdcwM0VLWE
dhWOPEEayC0
PDqnueWObMI
0KHZQj4hvG0
DJg32IMw-p4
UXdrF--GwQs
AqIczTWTSCc
OioEl7aJL_g
BthN5rWhh6k
y4YKSgkWdTA
7kv5UfvLk5A
yZJ1J6TsHqM
pkMdNSEX9gM
QazB8VnjjzQ
bfcgRRy4q1k
IIcks-0Cvf8
82gsw6wo2so
crPVJ3CXs1g
e2BRYjIbuns
R2MxZebJSCI
l4KJ-ciCYk0
97bgOOfyfeA
wdzwYTJBvrM
O1f-cG_Ur4I
13zWgdi06h8
vglgFtQzBtw
8szUeopBjyw
L583pmA8zV0
Wfu0HEdHKVg
HN3laF7Z2iU
-VgxU81e2sc
Zqagaz2WHxU
AHb72MxAo_4
b5gD1c6RM2A
lYuSLpshx1k
76yd0UvE2Bw
wtTo_wzvqPY
UsU9kvJaa2I
p4piCCmMEZI
gd_YovtUCJQ
G6VhRn_mTrg
oQh8m6PLP_4
XJnqXauvd4c
kwOCJUF8CBc
KX5tQ1F-U10
kVldpua3uLA
PUqtV4ubBKQ
F0OwjlIDaFM
UsU9kvJaa2I
SLONtoYNZvA
-EuhpxhgSbg
6KQ0jxhO0GY
TVLuHi54FDM
2ntrnAJs9Go
ZDzVO36mm4I
JxoIFYQKmiQ
BOgEnTndFmk
4dPyv-YbtE0
w4a_6mepSxs
2qXGyAKcOEs
NR74br4VTAk
Al1lmhbKK0U
NpNpRpv_mB0
MCyvpoxzdK4
3r4x4tztZ7E
h9-7ssBnhoU
9k3PysRpF7o
dZaXItI5z-k
lCmAvdvRC3U
fGLTLMvGTY0
I8vE8mIIdPw
XRvC5yb74Cw
O4OX2ieEBLA
TdQfeZ2VRIE
kUhZehyJ4CY
ha38RLXg35o
n6OSZPYo2ow
YllUBe2_aZw
JlOE65f90bI
urUKCITRVLI
UXqhv60HYY0
dPnZP8_QjKE
fYEIYaRl2eg
zIQA9tBJp8o
smmV5wAvgAA
8QTOuWKOeVM
iC1qRWNPet8
eRohOlGchY0
8o6KqwnSpWE
r-mhe8_GnKo
S2AeZKgj3Yw
_wvU1olA5PU
nw1whY-8NbY
kmfstZEB0F8
G9ZMEilRPBY
CUjV4DG32ag
fydaWB_JcwY
hycqNOPY8mk
ltE9ufnrA-g
qg4G5y_0Bro
9ykW8TLFwTo
7MKYJZDLyGA
rg_HGGuCY2I
8tUhL3OijDY
8ND3a0rpfIw
mV3m2svj3XE
C-Ypi90JNDs
vDR-d6DSpw4
7KcFGjAUgcU
BHFYi88AgNE
m5RBtgpC9ZI
Q38JzZVYO14
Z9nJo5oZRx4
-MCg9mBVflc
PwY4fWJMSLc
u8eqDFFMbr0
lDoLLhswOwY
KKtV6I38C5s
LnCVq9te9FA
aD3R6uTxvPg
3l9omsiaO2M
fDTMcEmLpYc
cAqyhHiLkJ8
TuZ_0A97xRU
DIvn7n7cIeQ
fNzPwUreLCc
mNPdcRGZib8
6BoYfs2I0r8
n2_xc5SxHW8
WifiwOMSr1g
elcphgkyYLY
TCz4uqsFV3E
gn5Nfqe3eYo
b9bGSSsfaCw
OV5fQ6EHFyk
D3S6dl_nCmY
lIFIdUvOfCU
l9lR_x7DWDI
anx3mhLB8PI
m8U6pFIgzSI
ldDpqii6vEs
dgLcpZdC0p8
xyDaVnScJe4
AeL7GS_zrHU
7eVOxV4Xk2c
bgxI3D7H2eA
IDOxHhA-My8
Ulo6zgEFBbA
CMEcsOX_6wk
jrrzSKo7xwE
fbbagObk7t4
Lo_KycIyHAg
O_cpDK_IEBY
ecnC_XLeajE
7TpdBtasHhY
Apktti19nbs
_kOQCe6iJac
0Lu0n8GE0Ak
eReSfFDlFO8
Sm7pYWpZ4M8
MGtpk_jftEo
B5IPRXdK4p0
qu3waJ0gJso
Q4GGkWNCH_4
BKlEo7ErgOs
KTVteseRMU4
G0RDsFhBky8
GGOv7VR7cLQ
0a4fVWcV98c
lFaDjaox-8U
qTFl0EQ6oHs
qxtECHbGnjM
IQlWzIpZIFM
hDYY_mJOxp8
ByPcv7SSc2w
iV38J_Ili-Y
UlL_OZUMiHI
I91W2uBkLRE
X9X9QynDR5c
VzKo83u49tc
WPbZ8jwS7-w
eFJL-FYGdik
_xpQkHGyoqs
mzpiPtks_Lc
pBvs1ffHoFk
_wfFmfxtCCU
qUblqxi7QqU
UYvpoazTS-4
uwkwx8V5qWI
h0rXQI7xS5A
Gy8Vr_B_Mp0
Ii-oSFa491g
xKvVTACWr1w
GgEJJpbvBpk
tFELdiacKCA
hKLbSErFfrU
BkttGPASgJ8
c-nz-XVen48
pf493MCi5rA
a7s3ptvQ2dI
NiXlu_qyDkU
5PjBJfT6VN4
OrWQKGfE000
nffWaJB44_k
oFdHXA7Fs5g
fNaB2aQjV1k
FrgsKXJLHhA
h2FMbc4Mf5Q
hiLUdLa7_3g
REyKzHuoNH8
XZrlviPYzc4
FxP_0k2taBg
PvpLdqJ5co4
IT3BX7fbFcA
SeN-a9_s9pI
2Zo_jNhfxvU
7WjU3U939L8
tF-hgUb_XYk
ENbqxmM3on0
aE5M8kfYCVI
Gf13Scbc6_4
T79YxsA-1TQ
2ELfMTar4B0
LLeEK2YjC4Y
N1ge8MiSnlI
864sr1ib9Ec
OILEkd5_8rk
huipm50W2bw
UaOvTzlToh0
p-IKy_zCPPM
sEUUWhHMsvw
AvNdOJMDMyQ
L_qqzqe-V3s
W-2gSkAdrvA
wUbuhjAPFCw
24Yci74WGfo
3hxhRCVQyC0
zch9mCPFG14
QA_hPKyidJY
WYwhU-HAJGk
vF4p5Y8SX7k
X6hmnR6Xqb8
6IsE3Ml1jUk
7_4avZiKD2o
WYwhU-HAJGk
VMbxiSDZANM
57Wvxn5d0oU
FeD-HySBrZs
mDkV2uHR2e0
vz2T-wgCDAQ
uGsh3DulPY8
l1BDfokG6qY
ayBxRO-nGns
lJhvUDDgfVU
_6dDw6Oy4hY
ctprX5Q5f2Y
htkZfQLK514
206fyrVr6HY
GVogESODiIo
Iy-biN4pUg0
_qPqUfYlldA
e17RiGcdkVM
a2S-4rdAh1Y
lnwtm74ZhHs
-B9Pup4maRk
AZY1bYzN0lM
xNQSFCfjxuU
KYTRqA_-m94
VKedwRUFm70
4sNJXlYxq0Q
uEJdMCkRo00
o8ZVyPTYVEI
3UqlmarvU-U
UIza0JbOxA0
n6VQsOvNvyQ
ru9qYqD7yuI
jRJ1w-MFRBI
1riNHBUYANU
V2GIc9cBiSo
I-fyexj98rI
s9IVtPnUHBE
xD7KUpJ_eK0
J9yCS_muf50
UJSzHGtsoQc
TjslGAtVvRI
3Q5lUyBJRjQ
vcJeS-cEhoE
aiecTGrmNEU
igd3_5xeLk0
gjhrrF4xDRk
UyZqJh1zvDE
8sLRGzsAyl8
EdTq-Bznf0E
N-zrjBpKGiI
Z7xo-GJb10M
2n18RYOU7H4
aPc5-o3-Pho
bpof3QsnaAs
8r8qmUnt_cM
v3lIJLRibEM
S3nqhJ8vvro
Y635qSWsaG4
ueEHwyV_WZo
w6oisfv2Euc
t4zgoR_8UJY
E2VGTO-LWlY
JygdXwscdt0
sjhqt9NPFbI
1adfMcTV4V8
GOU6wABN-2o
BlaOCzzqZb4
z6okv3e6mZI
E1LyMpu0cO4
WgZstdvtUXU
mg65xLpYMOg
LHcjtEZEohA
9oJgHAXmk5g
XdHIwR5fIYQ
TpuEfrHeNGI
KtUN2Zi6f08
qf0aDiBR0WU
EICO7VDDC0U
79WpEo0INuk
ulyt-1YR7rk
2GpLzIbKAo4
fNZALmCzimA
oCM8GUc3aTo
k0Ksq9QtPUw
hwWIe6yLhM4
ylW94Ff_S0g
-lAS6jsk8QI
E7gnhQRGZZc
SHcpmndXf7U
CCw-TQeKLNw
28XREs8_RkY
3ROWPKXgRHw
MKkfh3ZfJPc
FXZwaY-4MQ8
TTuqIwRlAxY
bAB-SscpMBE
EXfUOgM2nvs
0srtyFpO3P0
w1pkXk6-OnM
WCJQfzLJx2g
xVF5XYWrZ34
jRaQorexCoQ
RkvxoGkxx8g
aPr7IOjhSs4
oGnuIC96nYs
TFtWszg1z1A
oOVzKcrYL0k
7ZUog2SfHH8
iA22pmqBBIo
Ij1qpzJWWNA
aowvX7BXqgE
h3XxoaYJ5HU
dj6ofxBwgks
iRGbu61CCVo
2PX3NNmtRyI
UivJLq-anyk
Mf2up8PFLJQ
7IZJBfHabp8
P_M_Xq-b_uM
b665dqBuZnM
gG938LiTo10
xMY6JNiBo_Y
t6MbetUHfoA
dkUjqUjzEcM
hf8RjIk-BxA
UHsrir7Ansk
UA1vBoYpSSg
JX6IxTp-tgs
U4LCIi6_UWI
8JQ3SoIKqxI
7KoclzARd1k
x8fHQEW8r6c
s4VSVAzcWdU
tzwX6Z-m2vk
t-O-rDRpbog
EUI0QWniS68
oF3YQfybBGU
9CptkQzuxog
6fjF2JzDiSw
5LvFyqN0leA
U_Kq5nRm4dU
M-iRIxLE67I
ng5G25mAhJI
Q0YQaVJGOHE
VLW2fY-8o6s
bHhSS9C6J1I
o2sMg26gr5s
kC_wywFC-ok
pCvKDZmjLiQ
XIINDtCa4ek
4XEoZ2KI3FM
tLDpCplHrN8
gR502zxMErc
2V2o__ly2Eg
42VEY_qzrxg
Z6zNxuGK9Vo
8ulOCAAyp3U
hUNwpet4h7g
LkvNYKh8QlA
bePAxFUWhTE
RlRMIi89Y64
BG6x-JQVxmw
