MHp96OQkOX8
ucyduome8yw
7rvqyverDWc
ozde0xdV_Xs
UZcdAZErPUY
P9H90JnF_28
Nfcxxn0NZTc
T5a6yL5pJ8g
Wt-hVvToG-4
aXrljS7wBic
0NLFItC-4dA
wx3nfcoDsKg
ofXvS95CzQQ
nTyIeMuUavo
K1C2f5kpi-E
9f2l1033lNo
Bq1y57pVya4
vCyZUiBr_ds
Sm7I4QjscVQ
XsGyLueFAGk
Qoghqz5MfNI
N8HdEbAVLP4
xNeZWP5Mx9s
Kc2WbkDpQQc
fyato3wXsN4
Du5rlleQyk8
Lb5bMw0AEGI
hoZGR3BEkoo
NFP2S2f3io4
WSYqytVVe2s
tliyKmxEsw8
TvfAKnyiPik
tutxIYnzQ6g
yA6sr7_x6hQ
sVYjtk4nRhg
Wxu6frD1V_s
UXr7dKagiAk
pziELAxLpo8
vHfKHFKBS4A
gTTXjHRG4HM
JIhyWyLNfx0
6VqSQxLNWCc
1NnuAb_f4RQ
9nVZwLqG6aI
0DaO-sz_bb8
5tPgOGK3huo
DqimU04S06s
5ck1oJcLMOA
hbvB_kC9JcU
jN5XiIIDveg
oVztM-gjujo
vis0sNTcZcM
OOozm3yA9Y0
C6P97__rJBQ
uYABw7h07tc
EGqadx4azgA
bZMBPtpdZGs
KPjvV1iywpk
t5SAnTPh8f4
w3BRm6SL8RQ
NgzJOkMz2LI
8vikez91czo
rHB3tscNUkU
I6gEWnn_3Ho
AMJbIullCrs
9cm0svKyzeI
2hRNx_0SWGw
TgxibgMO-Vg
nzt18BIAt3g
J1JhfGKb7j4
6QONZNNy3u4
QZ1DaQgg3lE
MUt1YKtn6kM
-QNLyGqWx0I
-kPFFRLgXO4
1pg7400xVxU
3u6ZNSaRhfg
8w1d1TWxwec
AdwPeNsMmGM
ktYViivw27A
0XfTtIvuWUg
Eemu8OMjZ-A
qKwLfvLj9OU
8CxJ9SS__6Q
uYN6gQ4dWZo
e7ihjf-fu2w
P36YiSb3XBE
CkR1UowJF0w
5CQezSboxSA
yrSHC81kqpw
zMmSgjrkX3s
KZP6cepILbw
aqMRrRS_0JY
Ym3AIyksVdc
9nJaDK7jKro
j_4mnuwhHJo
1H8WRlHe1wo
oDWmvzhZt4g
fCtlSJm_v2o
72CNg7SJBxs
cfojlUq0-Hw
Vem0Ilrbf3c
tWAC5oeC_gk
zByPOr8q9n8
KxOeRXlfXAg
_WCPnIhqjR4
KfB89Sp6-ck
va3Qqu1HRQo
zHVx1ACnehE
K5RNp1SoGOc
dTsSbz-sEfY
7aYKRkSUHTA
424zoKmpZvg
KHwHxqCBU78
eYuTMtZ2UD8
yiNS25kxQIE
L0BPTH_oerc
MVyoufHeZjA
st3Z61Uy0kA
hp-vqd8zJM4
F2TLco_FUyA
9VzgAsjhuqM
xyiWIBRGP0w
I0TtovcwWno
sgkDoSbHHVU
eJMOzmwYT8A
8XYLzM5x7g0
f5N0C4GaTkM
ROYn2rFjarg
qOW8GrAIvzY
AaZ4h-zKggg
UslwXC28Exw
ca0hpDXVRzE
0rUwgOZ4LUg
Rn3LFg_bmws
ckjkz8zuMMs
PJaryKnfPOQ
mEMBmllitbg
hceOKw-cjWo
u6tzMFvD9r8
H5e0XLuO1e4
ml7qM9S-OMA
8zt_3Gs1ksg
Al8swFTN82E
HsPEovBgWYo
F14j8x6eMiQ
r23peEGTk2c
Cm1DWG6szSQ
WCJK1U0kuEE
F6vSHmHw1gw
Sdz4XB-0Rf0
k3Lfe-pKg7k
VIcZdc42F0g
_kapdiAYhGA
9ExwBOc54Ts
O_p4QWkE2Ls
oqtq6TjV5RQ
Q3GG4JJQRQA
mfjwKUxenuA
weVk7GYzKtQ
q4WsCMLnfvo
gex2o-Yx700
bG6trItoRS8
fyG1QblJWvA
o4a6eSgKWhE
Dh0FzB6Jvo8
MYxlwtLza1I
qWCvZ_AOBKg
TxYNJINW82A
NStQ_MasrGs
9ULPT4vYOlg
IMjlZ-0Qm2Q
mrcNc5UT0BM
tRQdQWzzUbw
biwlfcljx9Q
HtnTlKzYeTI
O2k0Zomj8M4
Q9URtzACOxE
ioPT8oDoG_I
3kIJaN9MLJ4
3Waj08gk7v8
AkpT5BihMio
FHJIEpsFFDY
1ZZcgBmS5W4
vbl2pJLSoyU
kOJx8tYlbGo
aOCSDLHoQCc
SAH2pkRolqw
SA1Y4WNH7Uw
xgALuj6WUbk
cKfNVYCu6Us
B4XzLDM3Py8
VBmhgsPntXA
BWD4ezZl7CY
nyuskPP-xiE
RLI6QW2x4Lg
n5jp1UI2IwM
O7oW9xrEQ3A
P1J9N5ZxRqc
33lJ-eeKt5E
T3TqCrLUgC0
6AGT5AXPsxU
8zq8cfLv84Q
t0MVqBbOIss
DgSJhziz7ns
2nbNnU2bcII
Y8uLu1w53AU
5OlE41VOB94
XtekyM8awWc
W05c04Ge4-o
Z6BMYNXbwLU
a1KiRASnE24
91vhoxR1Lts
Rx7iBw086u8
LnM7gt-Gs4Q
PNs9U4qVOII
R6cdTxpNB6Y
kOOvAaQ94Gk
bEdU1urx8zY
XuEvH1F55cI
2-5n2IsdCqU
ZiqC9emBk00
bvxqCAkjDxs
yxyCLoYfexo
g2YnJVIoi6M
j80jsWFm8Lc
ZVYz7g-qLjs
i93peRheUSc
J4y8OG57meE
NIxAC7sJOUU
_luhn7TLfWU
B2mqGhT6OG4
rGnr2ipfY3o
UEWskDclsIc
TgqF-ND2XcY
MYp298fhlzk
iaGSe5DtxYw
bSRjSFyBW4c
pthM_gR6VbQ
2mIqg_ROp78
YpmP8OJJ7W4
_BEn17yi2vU
QyZsH-zvEOY
NvITE6AZGbE
9l--FdUEBRA
8c8SEemAXO0
hrD6xZ5lzYM
6MD2B4HzIvo
Waqmq_GTyjA
tCmNu9vNcyI
LP9HmTrUms0
n_-Gxtiqf7E
KHI0mFnaPdQ
K1Rn5gf-8ZE
utM9zOYXgUY
ds6RneLR-HI
KdHksgstcXY
7LdYJwPeVMY
PBCa5bM3zjg
SGTR81lZkLM
w1EBdbe4Nes
kM-e2j8Equg
XMKQbqnXXhQ
hJqyyDxmjeM
OWqCL2i05aY
hCv-HzdhILQ
wCIW4yeCf6Y
AOokGMre4AM
LNBzR1XMXW0
gq6SYIrbcrk
0LrZfVvmvRU
SNdapCs6vR8
A3OBbGojx_k
jxRTYOdR654
FTJW5YSRZhw
aozu2C9Kmlg
syvhj2iKCyY
gSVHaIWIgUE
_86mIMPbcDg
u3E2STwZZ4s
XxA-0pTaqDc
-e5Lo-7DS9Y
t1ZKV9oPsoI
hmHMLytMY6c
8Dotiqbtvoo
8Xi-NPDEWKc
Q3NWCqp7s1A
WfVSUWzUgMY
9qqHOKUXY5U
BSA_zb1ajes
FnroL1_-l2c
QigJaQ0qp4A
0aw58MUciWw
WYmRnSRsS7Y
krRTZqFFn6c
-qQirthIyh0
sdScQ1vqCjY
pUVrUIV4xu4
OAxluLtqfHI
u4E7TCnoek4
cckOICHO6Kg
vB0MncRMp8s
4Cam0uREgPI
Nb07TLkJ3Ww
E9poznjfOLA
kf4GP2-vSvQ
6aZbJS6LZbs
HnAXMhcPDiE
0T66p8ocA7w
Hvpp7Ado3nE
wmFtUe9HzdA
Z88wpekYrnw
md1we6_Kaks
p2invVwyC6k
f6GNY1c457o
fiThFp2HA6o
TkeUK-K2HYs
b5_asXAkSZw
FuGZ59NXL0A
QCS0Z78XfgU
6bONoGqSx2I
p9gDRcDXK7w
krdwB8bfXLQ
R4P9xx9ysTI
ayP_04cQseQ
OLwrmccEt50
QmOJGYbWpSw
ns4hgCKk3og
IC0J-boGils
giXyKNDlXP4
C-2Tt4g5Dw0
JtkTMLFFCUk
_TNLPVP0B6E
xJg9YcO1lfc
Rst8p_FFCc4
z-YTwlCUzWM
M6oyV5Gj3ng
tvjjFhyZZps
rW2TGIxKWmY
_ZeOU9ss-kM
cXujS-Nr7o0
_p9EdIezrMA
Qv1sUHnaGVI
Xl7ZpH4MrVo
FF57tHU9k2k
STVdCJaG0bY
EN_KkGdxqog
AQf0qsRTsoA
yijsJwoPyeI
5hyAe3uMwQY
Ce1INgtypWk
gEsmXLXM81Y
eWGPW1tS38U
WAFzfwdmhyo
ycBTdd8MWyU
SydbWRjOZVA
34Q1xP_5QzE
rLYn1O8nJ0U
bCHVmWETEQI
auSr_aO_gRo
fAFjfacIvfU
ZjTbz_RyENM
unGphe9hziA
kWTrZxt4j50
PjnmjJ1K6Dg
p-z8sFnfE4k
SY7rScDd5h8
HzUEJL5uh4I
fmxtVgZ3RWc
VUDH6RWiNnc
ZaP7XOjsCHQ
xqdzg-Rqv64
GdRjdDW5_a0
T-XY62nkfNc
BHVkc2JwAuI
eCYt8g8oYJU
kYs215TgI7c
EXkf62qGFII
Tnc6lqLSFR8
lgV40-PnE5s
rzhKyD19ZEY
Bx6kvL9Ia-I
sVlC_-e-4yg
ouQYfWxEmP8
VJWJMh1PmR4
k5Tjy_90WBU
j2NAZODSdwM
4nE6atAvoTY
7rWcUKAImMs
YPgXkWDgTFE
6ICkIgDRL-s
y-F2O8lPh4k
MYmgCQjgXQU
M09LyLqb5qw
VKH7em4IO30
SHsJFS-KALg
edi48h_HYj4
7pYwGpKMXuA
8he2oKAR8IE
TwKajOHVYwg
azldMtSJbfw
okciiW26A6c
pKdWa8aIqno
2z5RAZlv2UQ
QiOwxyRLPis
uWdKVpQ94Ns
95QUfea-e3o
VjVmLA8_uHY
OtnOgefsm0w
IDU-CM2k16c
HyWhOuAdbYM
wIWiR9anx04
U-aYV0DDuak
xG0NU97EO8k
NQAN3iJucc4
EeRSQUw4qp4
J9m_DB71RQ8
00HN7CAsvSk
h_mgBvZkba0
rnIlVOAspb8
cIJ-BB2eb3E
0p5uecZ_p5M
nnxFy8V1-e8
Onbn285lris
EtsXgODHMWk
SUfTsorZnHU
gNXJmlCCOZ8
idUimJpx5b4
tg1EEnA9udQ
6Ga_EJWLzHA
H5xmo7iJ7KA
lXaRPMDmoDs
LEEhxk-CiOQ
jCoPwTopGqA
NbF3PFrejqc
0nFyuxGEhzY
Guqt6p1R35c
nLG3-9oeMOQ
lOJAWOK1RTs
5wBVktT9X08
21O0tBe-Alk
0ZUoa9Wx7XQ
fbgxA3iY71A
P5M_C_P02DQ
I44aBO9hYUU
XSrxEgEJqjw
XfeyY5O7J0s
_EQY2x7avWo
ttYHJB6izu4
vZSPK1h3g2A
4LW8wgmfpTE
YlsGXk7jxDE
2iqSRgSwj2E
BlhaGk0i4Q8
NTCxZWYlWC0
68JxuP-EbPk
iXZy9MOagMk
CSVE_gMMcIs
sbLF2u2XBYc
V1a1tph0Ojw
gKbiX0kdpRA
UYnVUapi0qg
j2bVJxuFP4I
eHOA4ebgyp4
AS-CvJPPjvQ
7BAplHRIWRU
LyWnvAWEbWE
ocNg_19exzk
ahO7ZHNxY48
hzTNF-xjIPQ
Mn9s2rt7PBs
CbR6RaU5SX0
WzvOR4utFng
mPp9juefl2Y
nsPbD_6-jWE
93AOvoUXEW4
owI6Ya73ykI
RJLrkbBvK3Y
LFJal_DSK2g
LccnkYRmYgY
1oyp9AMmKpQ
CdUoFIZSuX0
HPCe68YGTq8
8dwt1pQVknE
y82ZIoa7KuU
l3MGY0URAXQ
SFatqqL4e6M
61VkuyZXMZM
8YsDqIs8M4I
jZbJvEzJxfc
LWlJTVAEpNM
p-Ay8syya6Q
olrkWpCqVCE
38Dt3uMmri8
DIU6p1Szpow
Q78Kb4uLAdA
4fHywHv-l24
Ohad9F2jaCI
9qglKkgvkcA
KE3CbwUEDsU
pCGwBSmhEn8
v0--o-mIP84
xd4gPZAdQJw
SudywR5aq40
PqqcnoDPu64
