pxzZalBla6U
YxMW0w7ojek
1WopZJ4WrX0
e9QVrkKj-dg
Gbul4Ykj8Eo
z3eN4ShSbsw
c2ZiYnFsKEM
-5E5Maznjv8
fzNRncQpsJw
ZnP9afs6-WU
_z0JIP7pYwE
nrIMRGkrMQg
4Bm17KNOOqs
4WL5EmYi_rA
Bk2Ale93htM
G9BBaybgfrU
Pc8Ma95YKHc
JvssZESVcjI
bW_-I2qYmEQ
eb89JQm53JY
i41VU0wl2SU
7H5iNKoGNns
kqcJztcYw3k
ZrgNalPlvSs
_F-h07uC7Ow
crag6bMM-0k
K7eXuDsVe94
o1HIkn8LEsw
xbWzoAbb8dM
JPIy50saEoA
T6-7ASpoUp4
3SWH8gen-Sw
Tc-XfiDPLf4
eEs-qXs_9Dc
XJnuEO59XfQ
DNABw31eL8E
CJkWRlJoDgA
KsacnrXPq8M
fVsrhWqlQAg
n_UlVuFAzbU
7aBNB-PRSnw
FTfkpCCaORI
_x9bXso3wo4
cXZ9YBqH3m0
FtcpZ3OSZXc
pgJwYyKFOXU
COgEuIAnhtk
Tu3FqCD7-BY
KMY2Knr4iAs
_bh3U9HB-kg
SPI5uGCnxlc
xVjX9293XkY
Ox4nCGqQoqM
BzTyEJvnyd8
2pP0Puj15Nc
lRBZzSWUkUI
6fB0McQFSHQ
1jkmNnHs18M
j3HmhO90jJA
V7ZcE6QpA80
oq6Z76Gl0ho
pbesUaJC_uU
ghtM-DILSj0
MtuADH7kVeQ
TvZCT-qHU4Q
4AAGZ_H5vMA
ugjjjtuVshY
teDuLk3cIeI
wBnpY-3Wc-Y
I-sMbGFNAUM
PwDPIVHn8T0
ocE-oeFVkmY
rMQMHA-uv_E
BhlOGGzC0Q0
ENVGHs3yw7k
u_Mdp_3RVRA
fMds8t_Gt-I
q7_TCtI2188
arnQjDZhfB8
VTweNS8GiWI
S0KakHcj_rs
wyQBfi6uOHk
PXWIaLE7_NU
bx5gJwD29p8
QcHoHljBxsk
QFRv_lOWeKI
GStjT6Ydpo0
64vebcBGiUU
kcLuHWrn-t0
nBE_ClJzYEM
kMkr8IJ1faE
IPrNIjA4AWE
i29ckCz1XTw
a6v4V8d2KSw
J75cQmL7amA
s9vygTVYegc
Q0hjK61uO_8
UMxvZ9qHwJs
Q66iNWiHt_U
FNqQ8BMN8jo
FdeHlC4QiqA
9JfGxKkmBc0
LMfLRF9VKrc
q2vb1R53qPQ
V60g_JM7nbo
6sJNiymB7Dk
