Tv5aobzM_hY
H3Yalxyk6XY
EGgN2-6b3xg
luC-cCxOf1s
VHcG0yXOrbE
agn_DFnTL9I
wmx0JQbSi9M
uKmd5YqGJmo
ORgCB-VT2iM
aDhZbfLbgbg
Da-v4--Qn0U
dJyz6iK8VXE
HLP7jEVIh8U
JNaQpoEQmDc
ENIwAZZw8J0
3L9mVfnPwbg
Pk5BrWFdv44
gFpPghvB_Fk
W8e_dvbXoCQ
xcXgtki3MlA
8rChgAzflac
I1nzleNgDc8
CfvYlWG1cA0
mU29qZOnmOM
di2FM8WZI5E
P9yQnwpVcsQ
dCPpaynC5Xc
R6MasOctLkY
RLTgnOuYb6o
APA7yHkt4Jc
Xm_2zmX6Akc
wqEsTPaUZF0
M99NCxR0a-Q
CEU_s0mkH_k
zSGoJk-D1LQ
RoVvnylOCfM
K33EXiSo3EM
Z7TjM0RCMZg
ETNEXSMzwtA
GIoO9zzHjjw
qbKOtGYoWIA
7DbRKM1N4V0
cxJVdj0stvw
CZx4DTglHJc
WBR29z50O-k
THjoqO-POao
e8QY0NDWqzk
jwkaHi93cSM
4l4xaDCXgNg
UC5M9U34FYA
JwgFSTTY3Vk
PX5-XyBNi00
RP_Kch5Ef-8
bxudNkeaaEg
bwwVZ7W3elQ
NervbTUK3qk
qSNhBZfsbIU
Zh6lZ5mTSAI
xy-3bzYm1cQ
HqSoxMOrVeE
lYGGpc2mMno
iDEEAFRv-DE
J9hFxnb5SNM
9TOX7aneJYg
ZQ3GE-qHH_w
ZJCt7y4lAjo
2HcBRpEC2ok
Z_lbbcTddUE
E7ri3xp5u7Q
SNB0rdSDEUU
SFjgXNLzsB4
auNRmuTWuhw
MqkoctuPsWA
m9w5iKSlHRw
LGySkJhnkcI
in6Pjo7lXy8
EdKG2OlWKVc
hQJwGtlPAHc
goGV7O1AeOE
PTFvQk0phAc
