G-GQRYA_yMw
I6rBEroQTEM
HEoi6CpaUWw
eI5DPt3Ge_s
WbaggvooEZU
E042GHlUgoQ
YOi2c2d3_Lk
ME8wzyR6pO8
wtzg5uEpiOI
akVBtIPOnNI
evJ_E7k1pvY
u6eXw0AAKZ8
r_AJbEoArkU
Klg1Wpy836g
87v_WHA5KQs
4CtWyh49Mms
WeW1eV7Oc5A
0nxD4GDJXCw
8-dQdASWkDU
-zB2TG9sVf8
ikODMvw76j4
YS-QNKYYSTw
4oXwlvjld_o
GWtQznfkDHU
J7vreUPCl9c
2DzeDU6QMZM
_enn7NIo-S0
TD7Lc4QBh5w
CF3MRMBjd20
bcdYKxHT8kY
btn0-Vce5ug
BwAYkYHmQ5k
Knv1OSMW2rU
PNXpLQPIg1E
2ac41CO7Nr0
5sLbWItc33I
nWJ6OPtnVc4
mc5CdsUadC4
CtYWSaqKGOY
mC0wsuowbRA
zO6r_Hqi0Ak
4rjn7yo3NJU
xCYcdVZ3JeM
PdO3IP0Pro8
mXw2rVENNv0
j9hzK0K1L4I
ckCMuSkauhU
0zZs6rchslY
gL18gFhRwq4
ZBiuJ40t4rk
lgsQndSyfHg
QvGPeezXDIg
Hzj7r3GCgdo
GUF_17XXJC8
Ke8kPHAPQBk
a0jqMO63SUg
ThQ5OH5oc-A
TcrFBhe_cY8
h3pDviuBRfo
nOE8r9pdXO0
u5E8f42Jr3M
_psyXPQv0MQ
J1TZukZ66Yk
99RGN4lsf7w
foImPuD_bKc
lZBQ6JdBziY
8q0kQZEOTUo
0ggthteQ1b4
pb1lRI-YePU
LEOPCEiigYQ
emX-DNtSXpI
3nMHtRaXN7U
GlPiNSeFBD0
42uqxYOmKWA
MV-yDD_L_Zw
zHnGvZi_jGc
HIrD5IMhHeA
Qr5seN-dCzo
M5LoMp0TXiI
-Fu44oJqDjI
vSdn0ucBkMw
lgLvH0jUl10
wnfhahhRupY
1KP9RYbbL8Y
SGHTtXil6kc
nfbceGBSSrY
NVE8CaKsPPo
bAVTLjhDjuw
Jt_uHE22cLA
GpLYMAtY8Fo
FWQ1sBFLlEw
aUFdUiJXS4E
yluppMCrSAM
o3jxC3zqkEE
h1u0a9_Qnss
va-kZjjzBnM
_2FmDDC6TsA
NWdyhL8co9I
0q1sXceedY8
BZij1XlN4wc
ZuhYmNMtxWY
eMSckn6yrkY
4dSPjg6jmvM
CAI6xn6SUQQ
Ph_sQYZxjN4
sU3kYJ61IAI
iPHC_rA3IWs
CTnOYuitZCc
Pc2493onqD0
5d_sCoiWaCM
MTCx2hCxvHQ
SWqABq-6fO8
cCehaHj8rAE
Df25r8pcuI8
eXGcyAxRs8c
-ccF6S9erWQ
QFQGkJLRRcY
_tJnXsku0sA
PViVazUd1Ss
4zCBhO74FGo
_yFsr7ERzB4
Fu94KGO1dkI
pYjF5oOWooI
uoDKORhrNag
6D9C5AHZKkk
ydjIOZPfGEA
xsMea6QhLoA
9ZDkp8dUWyw
iO29J3krsfs
oJiYIA_OZyw
qojxVEqIaSo
svAyLlMiZto
1LBKaVPGgHo
XhjhmesitUU
luYZnqmjWaI
2bCM9RnDBZw
cMwZdM0xe8s
pGFE3dWxxgI
0GdQEGbkHO0
4nBujYFflso
OiWtvCBF6H8
AcWBYJR6WPI
VAFki9X-4WQ
SKyvIaCutIw
EwiOLg4Vinw
C6gEDVV1YYc
GNeagdJd4rU
aCXVYz8JOe4
VwquqNIsv8s
luiUK4tMjy8
FTdCSUyfUx4
9Y_YumLrSYA
6UDhj7Y52xw
M8bgOW-G7LQ
olvo_qlasbM
3scef94Dhm4
MmBfnStGy8Q
L8TlPaFvyV0
GryhwMJAjoU
erxqLP3WKTw
VcFxxRsVAD0
A24NuGvK5cc
etSgnxpi6hI
VU_fhAGP6xM
2prU9W0sW2o
H7JusffZLGc
VZDWB61PLwc
6C-DiQOGtHs
BSk1cuoJK8k
UVJ8puWggiQ
IURpPDN8d3g
FfrFAh45uZU
18p2-m6rJ3I
kq2_tTiw7mg
pEPsGwR326w
t0FVNh1JEAw
z6ysJ1qoZAo
6b5DtbR_6CM
pDwQoMEpJF0
