S0Tm-7DvR2c
-xZFQjeZwaw
TzLXHViyW7I
nKNAZr0QJzs
DgZPQMyzKiE
55kqNg88JqI
PCWg6KJgjeI
bJvOqXdsEp8
4PcpGxihPac
5E8f64yj1Jk
A3nKAvIc8to
jvIzIAgRWV0
y5NhHBjyJe4
w876zZZIb10
ZjwLFZNCjDA
b-8zqZVQ5zY
3p-lyt78cyA
M7Qm_UJML54
3yaHBdhIsCo
tyjVu_IFKMc
kxkrdLI6e6M
i47zrx24dpY
g15-lvmIrcg
rXbKeHAoA84
uBUnmdd5-iA
kavxsXhzD48
3ToRIUoXmIw
CHp639vhUJg
1dQEfL2BfUM
gqlgf_q3nN4
GfqD5WqChUY
o5xxIciBSME
EbthMC6spAE
cY4aCnfrqss
hcfGViXv4YQ
v2soHxEN79c
7KlopLcNC1Y
t9e82bFWtYU
kqGKMaCAao4
Tva0xq-eDvI
pT75YHqlD9k
4T_sSSka9pA
eSXxAlcbMK4
6HN3G2lOAi0
Gksxu-yeWcU
1LGsCnyEp8c
wK7TiA9qmuU
nK4erl_dqJE
tn2-PUq1Z84
RIZLJMOhQCE
z18LY6NME1s
9wUePyAqPuk
keYYiuOJdrE
ufdvYrTeTuU
bfFgnJoLiQE
geEVwslL-YY
cA2-iMz479o
Ukk5TJL27pE
g0H8GeO3rl4
wkvvAQxxo_0
xf0WjeE6eyM
4kSGkGKwp9U
yd1T0kPeltg
pij5lihbC6k
qG_P_1JnfXI
ZllwNlyTfLs
hBweUnkfQ2E
LFpki7v4xiI
cLJAXu5OD-c
lncVHzsc_QA
GKiQs1dE0Tc
JbiJqTBCQuw
38Cy_Qlh7VM
exdR6lhN4bk
kOzJcb1BLvM
RKO3bbr8jvw
_F2tvJSz3CE
In6gCrGeZfA
Iu2L7oA9QRg
QeAKX_0wZWY
MvC6kwU3zgA
CXZK0Binfk4
_HGW1DQO1xQ
vSDD8rgUiNc
YgLYZPHXgXo
FPkANZ9HGWE
z-8yfX1fqfw
UgnNakO6JZw
7zxancgfDVg
lmJrvzyEwWc
kffo3pxNO7c
d46Azg3Pm4c
e7BkmF8CJpQ
ljbohB2_WnU
sp79Q8Scyi8
r_9mLu1kMA8
WKRKrpz09Fk
3hZ_ZyzCO24
783hwpJTjlo
_aFo_BV-UzI
VMLej6hFN30
8G3JBKgegGA
YhA0GVi_N4E
xXYhua4IwoE
D_bfkIY16y0
qgLoIasrz9Q
HF-wVFTR0fg
yV5Wf5VGVy8
7SY119Eib1g
3fQ5wOSLPvI
xbZNkMn3PvQ
7j5pUtRcNX4
9Tji1g0WrPw
gXTnl1FVFBw
-woNlmVcdjc
atHQpANmHCE
h2dHqdvXsys
3vDmWFTvzto
_st4diqjpis
ZAv5EKvRrco
j4CJ7h3mX4Q
pOO1AX7_jXw
01E5otZCpqw
z68CQkD7mz4
mA6MQHNM2yE
sy6TTHtpves
T2nVElYOHYw
rKhfFBbVtFg
-dqOM7sVec0
l3fzFUs-hYM
50MU4Cz62so
h2uOwtQbEHQ
6bwLtlA9eDM
OQouBWOU3mI
WYYVpbGdmaU
Z9dp9I_V3Hg
a_kErty6kug
GXRlGULqHxg
TkQnsKk7Yh4
bVCLiPYIqxo
i5dsUchgItc
cRzW0RlS5P8
9yVOd9TXNks
eQzmLrSjmhg
Bm9qKj1Q_OU
qRMP6rCT_bs
p6hnC6QLvfo
GL-XynwT8jw
dWcapC-kriY
BjCO_aFblHo
Zs57jh7kHcI
ZHs2n0XTxlo
au18tOjWs2s
lT55_u8URU0
_vGLo_VTVv8
wBFutw3IWpA
pDF3SXTJdNM
UJSvmMqK9ns
7QPc73ASBXY
eo__zgGzdmg
cygLzMjX140
-KyJFpbS6N8
Pe0SmaBUZT0
wfeRW_j2pcE
TWqcSSa-HK0
ivif214cQLE
TxeAxTV2XyE
iJguqh79aBo
wRRMgeY8kTk
BLEMy1B-rz8
FZGcEcTwdno
LSMo_Ns-FUc
bQpJShkaosc
GxY5fvjAbG0
LN-Fv4OlHj0
9DtKLNQoDH8
hvEkXJXQMbs
HFBXryZa9Ik
leVkYyhhMxI
T21v0zQDtUw
7aNktszr2rA
E7dq2KS97Lg
t4ZJ-UzLHf4
pG4wW5yPDck
Jnxw35e-K98
xlf-CS5W-WQ
oCAmWM50hv8
HD0pFv3onC4
yEEOuLMgM-M
87S7R53R5Eg
B7pM4T4AKEc
XNrmFlipU9w
xz-i35HrXL4
wj_qRo9tbOQ
XX_jd28swh8
ROmIrRtNdwQ
BpRHFhkHeVk
uURbtP6oga0
esWK3YF1-qc
mf-SJGPDQic
SneZwjkOYIc
pgeH-klR_SA
O3t2eB5J0Hg
Zr7Uys7FfmY
_Y18IvTtGv0
sn7_se5yVeU
xXirjnsJOlk
1rgsSQ27564
1ZMFWqXilTE
qTst1Lj8ufU
sa-41DBGHfw
mlQ6WESy-ro
Vg22IhSNWSQ
lGd_nAqyHAs
nsqX7ij7c94
iPblp2OAHJg
TUUKx-wVplM
6UuTd4pKHPo
XhkwT466ykc
MajtZgQySJ4
ZU05XZ4_jtk
gRwD6UJ9SKI
mJCWE2TG6vc
8LkTlZ_wEzU
ewFaGCLWmko
vvZbCh5DUMU
iIlnL6rnWW0
e_q-QCtYyoM
tuw8tPUpEN8
Y7uBIKnk8AM
Y7BOGuxrhNw
JPyy3fFXCS0
-okh0N4HebU
3FrqxC6OTAw
DlsxQrrmvuo
wEJA-Px-wsA
xebem60cdeo
cj1ydy3zg_Y
M0N13O_pSM0
ooAKkz_nLOw
wWOPAoPhBQc
I_Qin_OAWSU
kSY6oabKYmk
uMVcg_ZLSGk
ZZk0b7gwd3o
