718Tul1tGJ8
FR7X69Liw-s
Jf11ZjAXAzA
390Ar_KtlW0
P7KBILEOjGA
NBmUmLTGj1Q
1b_7AQOzeCQ
wNvYsbCvGrE
q9Oet8Mv9Vo
nfoVLqtTyfw
nsGOhzAr4dY
kzUzhJ39TSs
miBzWBaWbFA
csY_Pz1pBGA
MMhDrJGGMFk
ukdZEweNtfk
fMRJTve47Lw
wg-9oI4VqGQ
GOlbD_Gawis
hEqbN68ex7g
hzlFER3tqHE
66HoBx3RA00
lSIa3dgAWAE
whqx0aE_3QY
7iFq6KMppSw
dQDHcohbCZU
xF_S45e-Xw0
xsMuUUDR5CA
Rbxc1nHVwBA
xJ9G_jFqk2U
VCWB-bL7pTg
1jtGpTh6TFI
aewK7Kzf43A
OotsRHLJD7U
HL0s7vFYvIY
_8TxEUx9-vo
RgzzKFMqSQY
gjVEuzb4irU
Bi0yr4s6YeM
8qSgClSyDM4
jh_MjItgcuQ
SR24T5ePmXY
fjvHtr3jXI4
ovyAzHAVUHM
EWmYq7ovQGM
CE4dnkStwFQ
3P_oyyfRxI4
BZJDxotgFCI
vN1w3-9-_j8
AIB3E70QzEY
pnQ7cPPO0i0
tCeZxhHIbkU
MmG0ngiaf1U
iGwqTbGG230
L5Y5fNbrCiM
3tHiUD0IxGY
pRbVnq7HYB4
IYOiqbjrZYQ
CqB0cMvGnIk
yoQ17Rt-pFg
l2z7NPOERVk
5k_sISTkG4E
svtY_XKKMXM
6jQv2sf1NH0
EnLdBiu7ci8
4e41DIpjYZQ
NlMvTlJhXxQ
vzHE4TDYjsI
ydaqKWXA9Io
f3MaZJJc_uk
YlQugR7KSKg
xQnvvpHvbss
tHPnzhjSxoY
sI_e7c085LM
CPbXzYj7Zaw
s2U2YoAt0zw
h1RkSuAs03Q
vZmgZGIZtiM
QUzx-YKO_xM
6hOZ5e0g9Uo
BHAvBDkaEqk
kV8BXi3aRsI
RfznqckzYCs
W5Fz_BsWCjU
N2OoDdIi0EA
wAGOArzsEmQ
9gx05bZIMc8
slHiM-PBTJ8
0kuh7G9CP9Y
PMIfR41uTCU
Bq0IEgmJXsQ
ZG0Ykiwv1P4
1ils_pvAgIw
AjlgOj-Vkn8
svbFSyvIt3w
AfjgoOdxQak
sATkv1-YZ7o
vsENdmD07Uo
JAIgXIMFpsk
gP0em49-5Sg
o1tX9TOYJxM
MVr2uWMjoPk
uq75kdwHNRg
-TzfW4iB6gU
twves1Chggw
C_GCp8z3St8
8x8HrgG85Wg
6ecpiWFOCvU
lSrPOWgtkh4
b1jQCTh1hUs
yc97ATQvVow
k6tNUPzK1YY
_atdJmegjXc
y-zBw-cwxvc
tbbIJqKCm2E
VaLDsBS5jVE
dCm-Gp2qoaM
d5uqj_Gvf6s
o8byNsJseaE
gqwFR5AmpZ4
U_bXzc6hfGM
g9NWPos7VAk
gegGOlwcLRQ
Goh2SBShnIU
2isp1sb6P7U
hm1ZncCkjgE
EorDs5PPGm0
yI7vVyXhW0w
E6L7Yh_ySHo
jIkk4nCmLNY
yvKHxpX8KM8
yK14WN9mnpo
-_r-ydKI9bQ
2qrbO-dbnXs
AV5OzjcnNiE
O-RJ7HZRXRQ
8GV62t3apRk
Hpu0Tr9Dqfc
eEYIHDVaFX4
j_YYiVE6zt4
KAPyxPgi36o
_FU2P8xTm_8
vCQy7_HaaDo
rI339PuTaOQ
AW1Hxan0BF8
YqDUstHYx4Q
6mbq70YdRT4
C6avdFBBdik
-ckLJnclPiw
ZdGII-w6uLc
qRIYiCUPORA
Q8B8y93f8dk
FOrN6WJ9b94
D4xOCMQKw94
mOh85VHT_L8
jXeK3TiIA2I
yyN97aX2aoY
dTKAnkK7t7U
3bX5EG8H4d0
FdljxE-WPo4
5NLVPCoTO2o
s6cruZhEB0o
NRWMiHlhcew
MZCEEJ0lCvQ
KiKovEM1Cb4
CtuPA8uwqQo
klLvXpg_to8
2gw0OFImhcc
So6_Q9H5NvY
TioxFF03B8g
cNWwGQAKidA
tlQn8_I6pjY
P1daV8n6fTY
mtDt2HPiGLA
ej6cygeB2X0
XY4czaK4koA
zb0mDVrrs1U
9FOnGv38oqM
tD_5MgjIr00
yanao9UvpGc
TZLvEp_xjnY
BgICZnAo04A
p98JYaHaDC4
scVyxVnMYUc
GevgxcVL5HY
0X2jY8isna8
Blm3QwT-rRk
ZW_5Y6ekUEw
U1r6GyifrE8
kztL-8ILw2w
XeMoeyz7wQQ
SgcozJmVuyU
1cIz_dP21qU
G0UHjMxr4Gk
wF8AnsKRjHo
CUXejPfbHlQ
oCLxH90T8Gg
gavQN__kdqw
_MBc0GoOUno
Bafv5ibVeds
W2pWsyIRpkQ
x-f_6zhUOPQ
gpVaxEJc5kk
QZwziZh-dPk
Bafv5ibVeds
t2iT8e9eycc
Excci0_it3o
fuVu3elWRXc
2B_b0AW_97c
FNOFMDi1RPc
6MXXrBUG9vI
udd7lySXLoM
FrutdQ5YCvs
DdeOwXjA6xc
AWbxsTm9fgQ
vRPVHD94j5k
C6EGW-lLkJk
OAsDkCs6Td4
PPXlYz4jO7I
ScP9ZdR2U2g
uFTnsV5zRmw
2FRI20ygeQ4
UPqFwaxLvqg
3A3MytPOSuE
6MQ8R0OyvyQ
3Zf04vnVPfM
6TlcPRlau2Q
cJZEGv5ilrQ
zc_Uy-TqlOQ
3w7cwQ4XCDY
UqD7V73iJhg
SraJzifEotE
vI0DyPkz9JI
W60gPxM5jlo
YfRJogkOv0M
Fkfm83j3NcE
glQFT6ErP84
hZAfyP7Alho
HFkKFSynOhU
5qZjlPHTxrw
r8qP4-1Otyk
skFfbikO_Rs
f6uGMWw8RVw
ACl_pcHmp8E
zodJKJ-MHM8
Isnok_L9re8
fMCOCAKROd4
AJJuH1B3ivQ
JCs6hC3Qfyo
r4VDp8Yw4tI
epJJyskwcmE
TxIRzqRwXR0
X2awK_c4E0I
kxjeEGBZgxA
Qqu_uGZPf0o
Bi3Ws2Qm8ck
c_uZOKTVZ4k
161xkxuTGJI
iJQiiXkKqF0
qvK2lStCMkc
nn7PNoTobKs
kdXmUxsUbd0
7LypMLkurN4
pjqXkijC7xQ
zvp5K68Rlig
WnCh4oJ9GLw
6tv69uoTNcM
H7xJN1tbNMc
8QdE--Y-x7U
941PHEJHCwU
pqrpAue1TQc
vI6Dk8sWHzU
zNWCbJLt6Qc
V7DqCz0nQzU
3mqqIHblw00
4V6Vp2uVQxM
pM4eYEsGU38
8Uu9feq0fR0
47Ab1izxH9Y
7V1ZC7iIeIw
bCb_2hRyuNw
TvZmrygK3F0
P-uNKf0Go9Y
LBaZXnBjiLA
o6UbM3z40zY
RZDPKYuI6DQ
jl__QptYpL8
XlUBxV39Kkw
uR3g1MBsmb0
V5TaEcrJGo8
DfB4NHDI83Q
S_JS5dFBX4s
9qpoBG5hy-A
5AiFVch_fV8
nRJBVhDnv4s
4Up3tgAK4bI
jyw0-PqodfM
nVGoZURBFdQ
IOPGEWoA6Bw
cTYHKBouVLU
oIQ3aO1547Y
RUf-Vji8lU0
nVGoZURBFdQ
KUFGWBnJfuA
SOz2HIifTD0
LAqly1TzFNQ
V7fi9P3eG4s
0Z4lGriyHwQ
O6kR36bXOHA
vvE_oYtwyvA
kuEyo9CKnGw
e5kc2DzJq08
AasNPoabJYI
WsCswvs88XY
cj1AN-my8Z8
TcX_7SVI_hA
u71K76y7jf8
gRkooyPzZYg
LePClsn0hts
ESPA8CTFOSE
dfq96KjA80I
nLpGGdCr0jE
cWvg8IgktIM
1e2XNY1fE2s
Lx_JZyEjDqc
5ZuMO9ehIio
amHjoeqM-1M
1Q4CAyVyq8s
5Wc8IY2KeOQ
knLelJU-wRU
AKDiWAeevxA
kR-WTOEFhp4
2HJ6YVd_cx4
idoW6F72POM
u-JIQMLuJMs
UilSXwi95M0
9Sy3Vp7DNpE
4wv6veGSCqw
RKFT8Iym8Zs
ggIOSLL7ACw
t4MqUJcvGrY
ztsfBAyufW4
f39lNqFoS64
y7rJezyNK20
UPUOnI8GXwY
ZYuv2bFLTug
4Dh9lUbLTX0
YK0NcEm4TXg
fCFkN5ZAVzc
LCeZ7DeYkQw
V7nzv1tG5yg
bkBhQIKemPc
aQI2QPK-nQQ
QCmfknmFvBs
n41JbbnpAo0
jFzGhcQT-ek
m6-LPPRK0DI
cpobHvw4s0g
qxEj9j9R6lU
c_21IqULLEw
CeYaCvdM95g
5iDw4lfXAx8
G6IGfMvNjhk
v-d-nhIUtxc
kydx6jAAiFs
BapcRpyoaGk
rmyoboDkWjI
pgtS-XysUf0
d8n2egvpUHE
SNRMPPGXv_Y
IiaYkLKbElk
eQlNx1Q38DY
JNmK7W2Av8k
ZLFnJTfK33A
yW5T_-IUR1I
WzHSI-NlYUI
vFBwnJM5eX8
jdpYpF-LL24
hT0mrWtnwQ0
GMt3ra2Rr6E
kxBe5t3V2e0
oQLcpImzZis
eGKA0_odWg0
fksx5yoS93Q
Q--UFBWWf28
xjT6QuvlFWA
f4I0waCnblE
NqM1CY-fFd8
ucMLTP3slJs
nOnNFDizeDU
JqimcbbNzTI
eZQ5m7BOd_4
fN2WchxhS2c
uwZxY78vleE
hQpbDiUJVTY
FU8bto0bQoo
YWXk7HkB2X8
yNjkiwxqzUU
jE24tzle1m8
_SGF_V5IcOY
_SGF_V5IcOY
ZPw8u3JwfMs
O49pmiDY0Kk
aYDDAfU_PVQ
L-YvAu574F4
TblISmGJQX4
MzjxaQwRCwE
8qTdIUxbNSo
1ZdJVXmiRXg
_vrdBDlcvyw
qjKzlOo3cqQ
PgZbiHBqXsY
eLsPwZX3VD0
eWdWw9b8TlE
3URQOqqUNu0
oV6BGwcJzBI
bdKVjHsOds0
katytUucWa0
EhGRn9Dta9Y
spPs_v6-VNk
wfXeHRX7-s4
bY_FN1dCGw8
YcctnSMvyYk
iFCdD5kVwMU
cB0-o5yeAt8
Xs_fAASl-aY
40gabTtBKno
U0KAdXBQpKI
KKRnM_-Ej6c
ll9hQnytlGU
3RmYpkUKWQw
1SRK99LMdAk
el3_wTT3X3k
uZvrYIQQUyc
ZUrqQBVmLaw
Q71hmRB__hI
dNqfDb132Zk
kRn1hYSQPmw
gm7tvZZh07s
3I4yr-EitKQ
qPNTKj0l3dU
wk8q4frjIqk
qGZeFzJbv0I
X3ZdGbi9d1A
ItKQziQ_wZg
6g-50NFT8K0
VQeYK_AbPg4
Pd0oCwGhIhI
HvyRHXabolM
UMN5toe16Ko
G0lQPeAxaZA
_9KduaQVhS4
vm73MSWPfes
ztW3JSV_zlc
59w-kB4uxWg
sekJWnnVcfM
1CxUsr3MWEY
V6PzQXo1H5g
-bQ50BoM3Gc
Z2wma4XGwIc
dUwKZXN05aA
c-tiacvgpB8
R6VQpB4kGtQ
2iYU1Z8QzyA
Z9AgkmxdRDM
AYq0UygG_qs
favAUcplFKI
5MO2gOxAh_E
g6uijD-9qdA
xpyNzRvUfz4
l_E-j3G8N90
4i2CpKpbPJU
YQdF23RfX5w
CYSVd2qTfAk
dG2rV4HO1yg
p_FdmhuP0AQ
lVnHYSZ5no0
RArO0FbZPso
yhdPtMhlxlI
unoOXcaMTX0
p4BpdXSB7XQ
P0tXhEbvjjg
bY_9gjEECOo
sed5sagddMs
RxWhw9tolC4
tMf4XFRnK70
KoNTBy5RtO0
kEEF_F9Gz80
kJtvg8JUR04
GA8xzCA0sR4
efIRiZ5mFk8
E-_8KVXU5g8
aKYZBLLQJhE
wDxaL-zalmU
xZFle3oJXo4
OzSWEoIRUsQ
mcri1iGQAxg
1Bk5JsW4diw
yBQTwfdutJM
i0b_Y2IMeik
Hw09cmo2n4E
4xtJBxPhJh0
dmEzF5uPu_Y
gSteXP5qdqQ
An8ExbKXiW4
Duw7jblRe74
dg8iYaYQB6w
bGOhxE23Uac
g-ZroNi_rgY
Z8nLz5y4tC0
6nM7IXR2T2s
2ibYfD6XcZc
a305aohtbBc
vGmEf7GVimw
6v0zpLleqHg
i5OwAJUWSAM
4meZkaYUydA
kXua9_J2304
v67WEK0iqig
Grb_vbuQ2I8
eqWsQd6SNDw
aghy_pQYc2w
FbfwcroJqWM
VqvoEDa7F54
iFBpivrE4k8
v6qnXWbt2PE
aRn4_zDDxg4
NiLM518D3og
zU10Z1BNLrU
2N_HiTncHoM
GdWR6Oclrys
PfJ-PTTRPqA
uGkeOdPaOEU
Za6K_Am2Dlg
PbIzdQp2NzU
g848P8EjWfA
ljvjf9vxwvk
U9AaZjL0NV0
1xqV6Ml8xUI
kEPTOQujaP4
C1c229-I4kk
Vn5xk5SqPe4
WltNt1BDxpo
ZtycWnTFYO0
TNcqth_GYsc
qFyHtbr5I1E
IhzFQH5XA-Q
XLZwjf-C4fo
gz_n6hN4nOE
uCzNEshq0K4
AQ7GxTo3E14
VEDdZdKHMLg
saaB1el861Y
vQAlB13hx2s
2j-CqX52g4E
3EGT8EPVnJc
isro7R-q5VA
DrXLt3ovAG0
LE819J1WA80
1SdS0CvhlPI
R5bGWoyzG0U
nzVrFnNfdaY
mgAhyOloV9c
68D8RMic-io
uR27oQaFajo
ik174Icvq0U
35rSFPVULsQ
1Tl_rcZnqrE
2Qh8BebuQUo
FuWu1uD5Y4o
_074RIHE88w
b3HI5tjvoLc
rrneL6sq2F4
OB6hTqy0_dg
dR9Rd-y_BEM
nk9_1oww4FY
QcDQHxd4CjY
1IjpqVap7wE
S5FrlcCUj98
iJRrzj3gYDc
8zgcrZTH2hA
DbmMgL7TO8Y
GFwMiYacn48
8KuaoDybb8U
Q9CYDTK67Zw
WaAeCA1FoMA
4_oGicpYp7s
HwjZMzKRICU
5r98tT0j1a0
MDR0417ohsk
_BtrInmxd4U
C5mpmPZGChA
jdOAnuppW74
nOjdgJ54taU
QEFvq4HpVWM
29D-GN9TLlc
azY81QxuToY
EMLDwcVJq2Q
yrEeRN400VI
xxLRvww33cI
otA8XCuxjCw
8WoPI2qhUvI
s960xTW_MEA
WMY5E0O9Hz4
7T-nJVssaoo
5st5xqmYqn4
Vsx9SUsKyX8
xxLRvww33cI
_rOLWs1T33Y
SH_A50mvbjU
D--7z0Qgg9c
a0SOMR2ldhA
cNoWHx2rNSM
2v58yFTfVO8
vb2yIXvQSSY
g7IYI_AvIbo
BD1DttgpO4w
mpQyIXS44Lc
ZNNc2a0TCpA
1nm3MoMqFH0
LpjKZA90LsI
GddvfVNAZoI
pYttJ_v3sYg
bVTE8gRDxi0
QobxCES-YV0
6HP37O6ZJDw
-qGC4AMFNJc
aBBOTC0xg4s
cCiICqjgZ-k
qUjNdLRCRfs
HkNYfWJUqsc
lKARl968lwU
am1ISR8lEuI
RQQCxP4ZDQs
LSYCnkQBpJY
vuDuE-39afQ
-dK8cQCWrSU
fAUM6Kp9EhE
fTSknHJqOdQ
KWphsI4Xn7U
g4Qu-JXfwaA
PRu6-6FM-oE
9tcHX9y6_Gg
JRW2GZknOFY
oy5aogMamoE
kV_F0l1Q-1E
GNI2cGsBjYI
QSPbJb8m-I8
9osk9xlmr84
OfJdpuSLrZI
dt_QNvnqrew
zfGS-pjmq5s
HcN02yYerCg
9zM3dF5GYg0
GjUw_0YafjQ
tgiajnZX24s
kLrSp_cr9J4
DbZLpDRj_rs
amGuhIGNKjQ
eqH-oreeFRw
1PwswlB5Vtc
lV6q7ui8Y_I
offK9l6J4uU
uOcB-XjQc3M
QTCBrvrJov0
NTaeAb3fqGc
3ZZcD38YMyM
IlmzK-s4wq4
0jxRSM19Ys8
mDvdRD5F9nM
KpzD2iLJ88I
TsnmQlMvAMA
94sgVqa2E1c
lOBZzHPYRTQ
NJLqUon0IYw
P8ZWbdb3F1k
_QDVT2dTJsM
hciyMK6iW1A
r1-zJr-zVCo
mPXDrf5qRPw
VAZdbvGckxA
aitNUPrGQTU
WzxZGvrpFu4
EgKC_SDhOKk
dPNUoNX0STA
DIn6VaYTeQ4
Qsm1HHmbBSw
sfr_LfNoZcA
v9zavxRB_dk
59A4kbJ_JlA
20LcyIXivlE
BBJIKsuy4Ug
6MV3vqSRHWw
1uyuyOokt1g
pTt0Brz2_Os
oalYToOHoLE
fS6_1gqEpqw
c6s2Y6qi500
vpqCBLNlEWc
DQW0kqGcVZE
WzxZGvrpFu4
NuaeD9xYBtY
6cEbfP1IDMU
ijVcneiNlHA
xqSl7t0HkYw
8wwh1rL1X2Y
ALV6Usov6p0
uBEqidFVm5U
li9GxENqY_s
79_eZBZnAtM
swAcBjYiMlc
Yu0yUi5mjHk
WvQPqEafDA0
pwduTj9KpfA
0aQdnbEBmtM
FhBD99TJYcQ
BbyyQ1s_lmo
LrzzGQW9MXw
djHreNp-HvY
v5yGbn6TzdI
6BadNRy4VgM
XZahN6TtKgA
OA2IQxL6Quo
igfed5l66Qo
csxKNLm2bhM
px3Ww6rO7Bg
u9kk_41POxE
nBdLaX6mM0c
5c_mVYcGrxA
8MRqQQuvGzs
FTAJzXvI6Y4
X9qKTXnLzME
iuKgFKx4FM8
D_EPtQhtcmY
ybmN4jHxT58
P7KzfqtL5qY
lD6xnAVvPbQ
TuBdAQxvr0Y
V8CL2C2io04
tpcpXYG1hn8
2ZRXnGkuGYU
_25EW0c-NRw
EXS_Lg-foAE
lFXaD6AFsPE
_5uQs1KrD2Q
Qh5wab2mI98
byOg9cN3cXw
Crf2dcrEiHg
5sXWuwWEHbY
xrzKQIN12gs
Idrm-Gy5z6I
YSP5ALfWz7g
t2Zflu2ChKY
hWKvjde-Rs4
rzpQfMtqbsI
rJ4QZ90Izfw
dHR6LiNzBaw
mdLNWMT_MT8
i_NBpkforgE
FMVEZaJLNOg
7eiZrIgX7HQ
_3lUAgUk_aU
n3z7lbm3PLY
2H8Dqk93IUI
vDaNHtJLpHs
EZMtuCc1t20
Ef0wDKm6G-4
EMZvJSUcV0k
INOk7HKOfR8
_WbbLnnnlAs
7Nf16sRJ09U
mP_29jK9isI
9aqZR7u02r4
CUDB5KrPsiI
vLl0L3djIas
fUYH8yMxwAg
XAAeoBPQgKw
T7SeRHuyaWk
sf-7Q6exmtE
7sGjQ0JlkLw
HynahjeJQmE
i2lU4uiOPUQ
O499pTh0HlA
ZNoUUkSPrQY
KYMzkiw-1Yo
sF6bXXroLlM
6qsv8H2iKLg
vW3-QOXddtk
iEtoDeVcZC4
wmQiFLczsDs
NY-7IwZvdnI
NihXxEDFIBM
pFfGFfQi0T0
4HeIH8HqRs0
prsFpT6RBN8
--vRwQuDbro
HiGSIoguuIM
Zo-yJz20cjE
qsR2zItbHaY
Gu76wIMo1n4
Wmooil5vefM
3T558hMytIs
TeBGTmGV-dg
7RDs9qJ-kw0
i1evm-rCApY
jp5c9MV1CZE
6hWB5WBFNOs
Ggm5KFxkMrc
-wNJiU18Ac4
S_BytQ97rwU
XPAkgIEj9OE
2RVntjkb0RI
3058Tq66vNk
TbbplCn1yxY
T_Y0f58U4sM
UlI0O-AQyRc
z3oKhYhOVSk
JSoI0e_jH_k
DJNM0xEeamY
NG3dXEH7kbs
Ltp0ZLBl64w
74mGu9Uz1UA
z2GfhVOR3VU
HW8m3oMRK4I
Ai6NlNs7kHk
_2WEz2unuRU
5HEU-vBxPf0
68lqg5fibYY
ZXCKq_8ECvs
so-TcNxglYI
nks444T_0dw
s3N8qrdqzI8
BOm2VXmUv1s
DfvEBZESV-w
FOUhJ7uNNnI
oI5FbRmnL-0
8Ra4sUx_acY
uxGmKYEpW3w
tTsKdsKwNNU
sv52dB2O2bM
Kgf16VFH16o
4r5Z_Xxyo8U
VAb2ZO4tKoc
jchOQTrWRGw
vJEIfcPqAcQ
GbhHAiU0UiM
kUWgaDa-oIQ
1AoDErqcWEI
LbQpO4zC1yg
KnOaljMYBi4
5Z9UqB4cDV8
Cjrg_oqYof8
RQlcx-fd36c
ciWOvSMht80
F6AWOZp6zZM
2HPKiAz4-es
y0m74fV4GhY
D7xyqdapsWA
wcNUqtVbZbY
m00MPM4lAEQ
pRgZySKKkUg
IqCGSOan0yU
sDTiFVeFPk8
NWq63zSKdIo
n9MJygsW-Hg
kVAWh_ym0Ew
Gi7JkuRzNbU
Liye33ZOs5g
v1l9SnoKFvw
ErrN23FPELI
As243As1mrQ
SBtVUovOIVg
dZRzUpKedbs
6JQ4W0Sw2fo
2AZfwBxv3Lc
JvSzkmcrO2Q
sfTJN74Mf3U
-F0ubE5jLzY
gyCLPGqkfCU
A461jpfDtaE
3bXHbtUMNNw
VTSDufLVR7Y
W4FmATMcKf8
3INBCYch0qk
p5w-1scRLbA
IlQRvn7RVg0
h8QcFcpfdbE
z_xVMRdC3Xg
0Vh8PQXC9po
gF4kvYZNeKQ
d8Ji3veIihc
f7AF4-o-z84
kwI-nIXMa5M
7oqqRnnNylw
QpZqEuBB8IE
NoqN7YsDEoU
EgA56AFPl48
vBNzp36iT8U
Gui3RDjT18c
SvVT_Y65eDw
t7otOyKmr9Q
fHQoDdvCW2g
SvVT_Y65eDw
VnrZZAdOss4
eqwgDzJlkoY
JY-woKSpR5Y
3k1lBcO9NcE
4cmKaQF4ObQ
ZqSGWM9OTho
aGLSV_ViNS8
rAZVGVAUd3E
ZorRPAD32i4
c1HHFlfVIJs
qIBsBFsG0Eo
Ie-_erFVz5A
kEDu976bGEk
7nqfxvWhWq4
kj8_sCFd_YI
BqBcxbW_Iqo
x5t0mluRyS4
8y1byB9MyZE
BtupZRqqns8
Omib8encg_U
HMXlKAsCCB4
pQHcTuUbVEk
1VCTa7epaOE
QjKn6zKSH4M
xsQQVHOSTZE
9NSbrcoFhqM
qlNYK475Mzc
wpEAN0pleyI
uek8-TapUPs
GY2xIrHw-m8
E5Dra8q-zio
uWyu2gOZE6I
NVTPJSQs4tM
qqZvZ0Qv_wQ
3Z9g1ZloRII
AntuIKg7BC0
Z1F5MPUKggw
dnRjUGHj2kM
H5LsbMr5obM
ujaNWlZcs5I
m6_EVSzt99E
R7peEXbK3Jk
hm6DSn2r688
nSlX2I6BiNM
-7vYUJJSpaM
Iqlw643TG98
58FjLr7LDno
c1tULNeUHHQ
ayejEx54GPI
YRn_OBa8OHw
ekFrHfRYT9g
Eyuz-3E4prM
Oe_PMWY0mDo
C-LZ-mH4f-w
gNa0pvACalk
AORo-YEXxNQ
b1fQjWwce04
pwtYqBQk1CQ
H6nP8m4QRUA
GAOYll19XWw
a8tEBQNcgCU
tWGRfE1SrRg
r_GRrdQaS88
P3AiGvQwqvU
bTlaATxl3ow
NqiD1nFHriY
TffCoYcc_CY
0iRZrpcYLb4
jRLg8SX0oFI
dmuLhy5w4go
1Th0U-C3STY
0ITscmLp3Vs
KHjaji6XWRU
-uyWWrKq3kw
FktiSgOrV_k
bvbxrm4qdIg
jxXS4gC3JxE
cMvc5TBzn9w
sy2Ysv5gmL8
oYawYsDTZ4A
HD5T_CLoRfU
or3pTi5J9cI
KlYkIlPy-co
9uQh69rfP98
Qs0gC5L7TuQ
MG-YPR1jbNw
c7BfPoHK-_E
LaDfLpqdSpM
wHxswzGrB5U
uBn0C9yx7lY
_njRSuxikwk
Bs2PRIneMB8
AxLqGw7PWTw
u5mSPBZZn-Q
Jb--43lyJqw
TLb4JQWyuwk
M2DIqSzTxlA
lYSTMfzuL64
n3oj1YKIeag
cisr241GOx4
lJBNm4ZD69E
TZXxDF7DySg
Za3T2lukxz0
2w1VuDdLodo
7qLSV0ai9uk
y1UP96wU58k
tMamn4VbmBQ
PsFr5co62_U
P2cekQATw3A
6teICxH80ak
d_F2FqmJook
aN9uaAEXnbY
Mzk-dvfdxj4
D9kwr1HaWOc
-Es07hEj_vk
vg64Qv4g2rE
5Aham1X7B48
L1w4lrCuXOg
pRxxOVcGmW8
9WboOAXWkCw
B8msrIQkJM8
7DiLuM-H6co
eAJuLz8j-aA
21rR5Xt0aM4
xn8W3QzbUwI
rCFq382-apw
ClPKk0twzqI
cC5p3SKvbt8
gAMJmhq_2E0
LvE12y7Lg3Y
fc5iBVl6Wyw
qz4mHkKjTWA
B7FrNLf5rDE
WAJmI3al31o
FYnzctyFNtI
qu0tCnLLIj4
QpP5R_HTGjc
yzc-DBwGPfc
Pp41w9MWUjE
y5CU5Kt85NA
zk3F6-Z5plM
rH-TRqSGzcY
ZYtauO_IqIc
OCA8EtOpSSw
iNp3sIvb0oM
cqJqrWLLM5I
Bz7URVzXjJ8
k9Vs7ctZf8Q
ZFl-vFWLh48
14xiI2VJRYI
9-Odxlq9JAU
mwNEk_pqpok
JinrMKxvdGo
STdtGGZRwF4
BmFebDMc3kQ
RMT8zD4IKfk
tymYuBeJdjY
MaU-1reHesM
JkN_nZn8uo0
gCn34Qqy2G4
pMs4lTN7VqQ
XyE9HpgrrWg
QdecstopTbI
mfSy8zaE-Dg
2WnNMWwCets
xb_QVdvm9pg
939DVh6zPjg
Xu2tztq7HTI
DexaEW2apzE
_4t5iBC_HTs
HBIDXey4Klo
Yz6ALkbiXuA
8Avkh_LvI2k
0gM2R0eLjkc
jFNUhPtNt98
Qi2fysp8-2E
hMdHfijQlpc
bZH--Ggpiq4
AZnFHkZ8dek
WLKCAsRrNK4
kHS0EdqZBJw
klYs3KmLpB4
rfCXmnyUP7o
et8pQ0DlpbE
JuQQ4cCDLWU
m10Avu6jkaQ
dmtGsKgUeUc
GhB9Bc7SVAs
PiV12o9Frhw
T4cK6LDQYpg
sI-KAuX9yCU
ooqkvd8JPfU
HgfO_Iuj1Ls
SwDMhvbq2iA
jpY567SBAq4
XUqn6TXoCOA
sbr03G2Oj8E
qomjO_jy7cI
uPOd8oTDQLc
Mw2-ZLM6WHI
LdEfXTh-y4g
zz0ow-ERDjM
U9BMPxKke7w
8AToODcDuSE
3dMQv0xcxQc
G_8Ipe8iAvI
SXXz6ITmagc
Go18RLgQ0Bw
Ufx13Uy9RwQ
MAQswLNMW-I
5wKq9Ki22ms
SG_5yc8dwqQ
HhR-kp-7t0w
sm_pvr6Y0jA
FCCEHoMtfYI
kjgZQKU6_Ec
2zb4uESUMLk
X2-IBt7tY6c
IpAlIV4tWqE
CVCZKJ4xFk8
hboe02QElq0
zXV4Ma22ffo
AxQgJmRS3_g
ebEV4VNQ0Pc
gOtUCR4X5jc
k_bmgmOsbEo
oSmtY5-yfb4
T2HFtTDyiB0
qnLjKkb61io
1UvhcGBN7is
uNpK-XjnyQk
0P4978coe58
5ucv7viGu-s
18IwEBHz0Lo
iY8jWbPeI50
9hADnRfuttw
YtZsmWxJJgA
jW6pJwUSRT8
c8BPAtOSOr8
x2cBYRIXG5A
Rw8YnUOFMEs
4QhfSynctFU
olPnTrLSYn4
Uxdjlqiz4q4
blioWA1gIIk
rovjXPr3-MU
iAXUevj_14g
k8H01ZOqZcY
sWJ-iXr3cmI
vSs_l-1g5mI
X6WXzSySosE
Y3F59GV_GSg
YhsZIUJqgvQ
GIQzc8dIhis
IrCeVwwu0Xc
DvFyZsbVA_M
NLVzjO1N8QU
82RFIqcLDSQ
dVpi0-uqtDA
jkdogCxRwrk
s1MdWmO9WMc
j3FecuuZ_kg
U4cc2GQAREo
nBkPjc6RRBI
3empl8PpjHo
xd4De47ldYs
4cxPD-vM7D0
uqcfZZR7_v0
xGrR78CCpN0
Z51Q6ZKEENo
jY5Ik4XJ0Ls
_4BRXgPmzKg
M6RdE-5_iOA
VWcxSsd8N2M
7dc12iXd6ns
V8gLvv_mZv8
