UJqhdAQnAbs
ORHB9c8e7ok
O3433GJHzjc
5asVUCGmmEE
3rLbMVlOH_k
3Tg5iwK9dKQ
8Osr7YwocMw
h67AHvHMtxY
Y1U4YkNkoG0
l9qXqCaCRu4
-sLV-UzASMg
_ahqffbTc-g
ofBDXc749wE
09e-Sewe00Q
GA8BJiO2eXY
8JUXtUeWUTQ
jGiqc3HSxEg
YR8PDn6YvyQ
CuorsbghT5M
gRAmIaSlm80
u5JBlwlnJX0
7ancdfyShSM
pkXgSNm6Fes
1iwgrtFkZ0M
LppctxCYBzM
iKDtmV5xSv0
pAAsWGvkJ3g
xs6Y3oZwNf0
1sYHfYYiyYw
3hTKc9DAN88
lLQJiEpCLQE
lFM0j64itf0
jONiGqWGK4g
nXEF1lcW-oQ
EPRppNlfaX8
H5vaaqzgLAw
Zyv4jGWEzxY
QaBLRwTU7qY
WpK5dXw0WzI
dnoJ_qQqAwg
V-YfeU82uqY
X3FlrbaHN2o
Ys8-a0yD-MM
lzJgrmYQAao
mQgZjRf-xmY
F3QsUx0x_4w
5qcLLcuEzec
1K-vq936KjU
bCpYbSz1KqE
R26_F7pecqo
JLAaUvsKljc
HV5jcXT3USw
CZhFtd1QZWc
3ChlJ1pdWlQ
ZEeoRgqj0Vc
zHQm7lmVcuI
sLEdi49XEhA
r3SDLH6YD3o
1NDI3sOQRIQ
IprM5uCT_Ts
