fMJflV_GUpU
vF_-ob9vseM
IN1fPtY9jYg
z34XhE5oRwo
Fm0hOex4psA
kjSOSeRZVNg
FFftmWSzgmk
bRIL9kMJJSc
q6L06pyt9CA
Jwtn5_d2YCs
Wim9WJeDTHQ
PsGUEj4w9Cc
ASoz_NuIvP0
Vv9wpQIGZDw
5TkIe60y2GI
niaeV_NHh-o
6aFcgATW9Mw
IKwkX35bcdw
CCxs-tu8tOU
RGQe8waGJ4w
v5KWzOOhZrw
yi-s-TTpLxY
tP-Ipsat90c
0GzhWPj4-cw
_UtCli1SgjI
7DHE8RnsCQ8
OeGSQggDkxI
ZMkIiFs35HQ
D3tdW9l1690
cZkGeR9CWbk
zk_Q9y_LNzg
T46FTuHnbvY
LZ7X_YOfJqY
CROeIGfr3gs
OKhacWQ2fCs
c4pgWd8V8HU
cjx23aMeBkQ
U33dsEcKgeQ
FUD8h9JpEVQ
G2Blr0LycOI
n7GYYerlQWs
l9dXo5f3zDc
azL5ehbw_24
lubGnk0UZt0
2vnqSwWAn34
d7dg7gVDWyg
ffvojZONF_A
u_xQ_C5RUfo
DhPtIf-hpuU
6H6EP-AmMFM
FGC5TdIiT9U
hHG8io5qIU8
4445Mbw8pYg
1gBwexpG0IY
7lRgeTmxnlg
sj8Sg8qnjOg
_pP_C7HEy3g
wZ1E_CM7MqA
aKPkQCys86c
bPZFQ6i759g
BDEo5XpZcXo
3Bv-QMaYlmo
mthPiiCS24A
AZRD5UkAm2Y
AvFNCNOyZeE
FtNWzlfEQgY
Us-__MukH9I
wJGE4aEWc28
p-xa-3V5KO8
5SfXqTENV_Q
i3D7XYQExt0
G1m7goLCJDY
ZCVAGb1ee8A
YCXmUi56rao
A8Tiba3h9Fw
2BIx2x-Q2fE
un-pTKfC1dQ
fcVjitaM3LY
4kWuxfVbIaU
m3drS_8BpU0
3P6DWAwwViU
9yUZTTLpDtk
4LQvjSf6SSw
7dwgusHjA0Y
kaMKInkV7Vs
mceaM2_zQd8
EeuLDnOupCI
FlndIiQa20o
fQQ8IiTWHhg
G_uybVKBacI
HcqdqsQq-6M
aCq04N9it8U
pbXg5EI5t4c
co5sOgZ3XcM
BH1GMGDYndo
lpj0E0a0mlU
m6rfpQXzXu0
ezdeBrPnzyc
RhuaPhahHbU
3IMAUm2WY70
I0peG_kRE-4
NoRjwZomUK0
mccoBBf0VDM
O4ndIDcDSGc
PEMIxDjSRTQ
MxiTG96QOxw
WN58941sgtI
ur-iLy4z3QE
kbKtFN71Lfs
pasyRUj7UwM
-ruC5A9EzzE
QKHKD8bRAro
4dUK1JqTSgU
LqKpkdRRLZw
rXfKWIZQIo4
NgbK43jB4rQ
MXJ-zpJeY3E
0iMtlus-afo
Ku8BOBwD4hc
AGX0cLbHaog
xhj5er1k6GQ
X3HDnrehyDM
PQDvEJFdY1U
D046q2EbHGE
Noo4lN-vSvw
YQw124CtvO0
Gq4REVI30Qc
xopM9BFjcNo
ETrYE4MdoLQ
1MtEUErz7Gg
djmec-Bweeg
xgBGibfLD-U
AuA2EAgAegE
8dHMpnfFdtc
QvvkJT8myeI
xu-RSUGBgpA
5kC5k5QBqcc
49KvZrioFB0
BYRTvoZ3Rho
ZM-i8t4pMK0
W18FDEA1jRQ
uCsD3ZGzMgE
hP-DZMmQBng
tY69D3PSmIk
4k1jegU4Wb4
x-DgL49CFlM
zzKGnuvX6IQ
8UUPlImm0dM
G7zT9MljJ3Y
k8Rxep2Mkp8
MfzNJE4CK_s
6_j2X6fgkaA
eeLpkCZkWfc
63ILZ9cZ2d4
Y30VF3cSIYQ
QFeG9CeeH88
5mFpVDpKX70
MEyIppEOQTw
siawhQBRC8I
UTCScjoPymA
Sa9jLWKrX0c
SyJlRUBoVp0
AOMQxLrCI7A
2JM2oImb9Qg
ovsYv-b-wWI
mPn2AdMH7UQ
gi-TBlh44gY
5Mf0JpTI_gg
SDw2Pu0-H4g
4izjrtR8Ozg
_-M_3oV75Lw
TkGawXjsltc
Vp3sgYKULp0
Ra9I_-o2LHM
y12Tt3bOmKA
AEpQ8YxupfQ
VTveQ1ndH1c
YVvfY_lFUZ8
iObpxBfOLv4
NjCIq58rZ8I
wGkvyN6s9cY
aQxCnmhqZko
aOT_bG-vWyg
uAnCL3vhVIs
ua1K3Eo2PQc
eAjMvpRMVDw
M8xlOm2wPAA
2s4TqVAbfz4
WYsP1PhoAZc
wwh0KH-ICCw
8Nzi1h2m7pE
JuuYFt8bahE
lCjspXB5F4A
wVH4MS6v23U
lEvXcTYqtKU
tlpYjrbujG0
3BR8tK-LuB0
vgZhrEs4tuk
xRpR1rmPbJE
XPIgR89jv3Q
QAja2jp1VjE
HPfAnX5blO0
h09XU8t8eUM
ktPvjr1tiKk
CN8hK3YFqhM
mh3eMt09EAs
wKV0GYvR2X8
I3ZlhxaT_Ko
wymmCdLdPvM
UkmQNbvlK8s
AxxnziuL408
Lihh_lMmcDw
j-dce6QmVAQ
pKwsPBeSiOc
d0vY0CKYhPY
ZREp1mAPKTM
vA2cdHLKYB8
NWBToaXK5T0
WYijIV5JrKg
BBp0bEczCNg
PFkZGpN4wmM
bN8PE3eljdA
jPcBU0Z2Hj8
JnEBO3OHaiA
M-i9v9VfCrs
fjEB_wbemQA
aqyyhhnGraw
2PF52knCy40
Km024eldY1A
3WHBlPvK3Ek
4KHCuXN2F3I
vn-0zSuAWpI
y5ARAxW2k_4
99stb2mzspI
2g3sdzgSABM
t2ZoU0LEM6E
-k3mVnRlQLU
AAsICMPwGPY
LNS1fabDkeA
0hlvhQZIOQw
l7E-pBWuSIA
5qu3WETuf6c
zDJKFcZ0Kkg
ud_frfkt1t0
u6Got0X41pY
gjVDqfUhXOY
7c0CoXFApnM
U9qU20VmvaU
emiMj8cCL5E
_s5RFgd59ao
PnW5IRvgvLY
BkOIw7vAZCQ
Y2lXsxmBx7E
OfEv5ZdSrhY
AxJubaijQbI
AqcVsShxzw8
nUN4NDVIfVI
l4bmZ1gRqCc
_qvp9a1x2UM
9TAlEVDvXgw
ZbKYmfjMPVM
87uo2TPrsl8
GznQgTdEdI4
Obg7JPd6cmw
AYnJv68T3MM
Z8lv2vy5vco
rudzYPHuewc
yfr3BIk6KFc
KboGyIilP6k
q8n15q1v4Xo
T0xKHwQH-4I
v678Em6qyzk
SL2lYcggGpc
6Lm9EHhbJAY
IMItxzSZs0E
DpwUVExX27E
izdZPx89ph4
mX0NB9IyYpU
Yajonhixy4g
Lsu2dIr_c8k
99Welatppzk
0r3cEKZiLmg
n_FsAwvxBI8
PeUbRXnbmms
dTWKKvlZB08
D8ntDpBm6Ok
m5evLoL0xwg
I7v2wAXFQpc
OEMA6jhi5Qo
Qcv1IqHWAzg
HuKl3XuEmj4
ZkVSRwFWjy0
OuF-WB7mD6k
4UgZ5FqdYIQ
VDYzSzDaHuM
ea7lJkEhytA
eZUa5k_VIZg
txajrEOTkuY
NGMRB4O922I
GuigptwlVHo
E-d9mgo8FGk
HX8bihEe3nA
shEk8sz1oOw
xPk3SZiFEvQ
ZWib5olGbQ0
sxLdGjV-_yg
wBU9N35ZHIw
8l-La9HEUIU
xdiL-ADRTxQ
7u6kFlWZOWg
4Lb-6rxZxx0
Nyo3TjKyu_c
jsSeoGpiWsw
xOCe5HUObD4
ItiFO5y36kw
00Qu1kgsGpM
LBPj8E1JKaQ
CwIAfkuXc5A
hwOCqA9Xw6A
GItmC9lxeco
sG_6nlMZ8f4
iwo7JReFTeg
lNuPy-r1GuQ
3T7jMcstxY0
7dcDuVyzb8Y
09JslnY7W_k
0Oazb7IWzbA
TUErNWBOkUM
E36qMxXGo3A
d6c6uIyieoo
OAss481FfAQ
R9Plq-D1gEk
E8kUJL04ELA
vzV50goW_WM
y8acoaakvPM
HvMSRWTE2mI
jbiaz_aHHUQ
3_VydFQmtZ8
Yexc19j3TjE
ab_dY3dZFHM
w-I6XTVZXww
NPoj8lk9Fo4
wyl-V0mrEio
6aDBGTWsydY
1O69uBL22nY
ulg_AHBOIQU
qbkH_0TNdk0
lFQGSGsXbXE
kOClr_bew38
yDWPi1pZ0Po
bJDiZi9dqOg
cUCSSJwO3GU
K305Vu7hFg0
WUlaUalgxqI
_YysNM2JoFo
eaJtjJNrWf0
CfoKor05k1I
ReOQ300AcSU
qiNcEguuFSA
Nu-lW-Ifyec
8UqCyepX3AI
VRzH4xB0GdM
kCSzjExvbTQ
N7BABxMlOs0
l8ezziaEeNE
aIggWlKr41w
JmyLeESQWGw
YBbBbY4qvv4
VDD6FDhKCYA
6ltrPVPEwfo
dDl7g_2x74Q
3K-12i0jclM
iFuR97YcSLM
PCu_BNNI5x4
j7jfHM-mMC4
SbZCECvoaTA
dzerDfN2E7U
seUU2bZtfgM
Mfk_L4Nx2ZI
acTrvMlpuxA
nd_Z_jZdzP4
u17MdWjGA5I
D4_sNKoO-RA
vkMXdShDdtY
5JOAoiX1LHA
gaVMrqzb91w
Fmb3TCvlETk
JJQWtGm3eIs
wo19Y4tw0l8
XvDC-0aNw2k
ctC33JAV4FI
noDSyLzVz2g
SxP30euw3-0
u7Z9UnWOJNY
e4sF_Z5oJek
Waw11zhaKSk
CMP9a2J4Bqw
GyN-qpVfOWA
WM1FFhaWj9w
QzrRkhU248A
x4kyFKyCMv0
bFNjA9LOPsg
ZNiRzZ66YN0
SzjdcPbjaR4
iW_LkYiuTKE
NajQEiKFom4
dNy23tJMTzQ
FpyrF_Ci2TQ
8IOaoK2MMoI
aOJOfh2_4PE
a9P9Ej1b31s
YJuHC7xXsGA
QSEKzFGpCQs
wCyC-K_PnRY
-rwqnVsGFTU
QJQ691PTKsA
n3x8fIdsla4
VbtNy54ya9A
XXjlR2OK1kM
V4V2bpZlqx8
G2_Q9FoD-oQ
mlqAvhjxAjo
uak-wvXJAvE
ZPv1UV0rD8U
U6xJfP7-HCc
M7kEpw1tn50
8t1TC-5OLdM
VpBmt11czaI
l7lP9y7Bb5g
xYAU75IS40A
aiibxmqXV9M
Cn3ogzLzxuM
uuMwz47LV_w
83ofi_L6eAo
gVzu1_12FUc
ygqIfLHGTu4
3ZMnVd4ivKQ
BRRolKTlF6Q
2dzS_LXvYA0
boSEI50qUKM
fwD98HiQSJc
RkBl7WKzzRw
vNTSugyS038
ZDn_DDsBWws
kQZmZRE0cQY
4sUKyPYNEVA
tivvYl8ZRvA
BTyzE-NDga8
yF2J39Xny4Q
QV9k6dRQQe4
8542XmS98Yo
-Djj6pfR9KU
EDauz38xV9w
pT52hREAf18
dHzUQnRjbuM
Dd81F6-Ar_0
fHhnh-1Obyc
dXGhzY2p2ug
tflf05x-WVI
x6Ml4AEt0kk
f2Gne3UHKHs
M-yAgyrzGdo
A25pxcYstHM
rKI7JINZh5Q
fiTwar7mFws
p_Hqdqe84Uc
EJRXWNWJOrQ
1GCf29FPM4k
nBgQPSUTWVM
mqK63v2Jzks
euAHY9hqRN4
elvOZm0d4H0
KbxRDVCVzq4
oIkhgagvrjI
8d49sEAU5Ws
MmhNk-zRJcU
yu_aqA7mw7E
4mEk7d8oRho
1EGDCh75SpQ
kUBIJdGsD1A
C-52AI_ojyQ
R9m2jck1f90
RxxDD2LWAyY
ci3P5jf48cY
WJ12DYBuazY
CMUI6m8ZMwg
UkZqFtYtqaI
DRjFV_DETKQ
XTeJ64KD5cg
UfEiJJGv4CE
6R7cFk0Kihw
U7f8j3mVMbc
QTrM-UVcgBY
wPn4tgmU8ek
sJVivjuMfWA
abv4Fz7oNr0
yJ-HwrOpIps
D6tINlNluuY
daro6K6mym8
DRxAVA6gYMM
-O4mYiP2zPQ
LzjaDKVC4iY
_DpzAvb3Vk4
aTSYARnB-3Y
8GEebx72-qs
a2ey9a70yY0
kC6YObu61_w
bFfSfzjhfC8
IQofiPqhJ_s
hLGDJFGAmic
5sKah3pJnHI
MlyTq-xVkQE
hiOMtBrH8pc
9xbJ3enqLnA
mhJY74Bw8mw
PLL0mo5rHhk
4aMtJ-V26Z4
Oev332D0K0I
fUSZBVYZdKY
kw6l_uTakRA
d8TRcZklX_Q
ZfKTD5lvToE
mLQNvuZH3GU
umYvFdU54Po
sPFWfAxIiwg
Muc5HQonSEo
