uc6QxD2_yQw
mWqVJZMh6-w
t8xL7w1POZ0
ytMUSmS9kSs
rZ1MPc5HG_I
tUPD1w78D5I
Z1-vPQKwXbY
7L7NRONADJ4
X3-hOigoxHs
9Sq-EjKYp_Q
C4kuR1gyOeQ
0thpEyEwi80
wWoP8VpbpYI
7L1QSYq2pUQ
1r3FkR5rziY
Gvj9ebIePIM
N5xfBtD6rLY
mNMB1gVOZHA
Gha3kEECqUk
5Z5ICVEIRIk
mOV7_U3bBVw
omsTy1OsANw
85M3LnoHz6o
JRVoWa7j1io
NOxLBGz9WF8
56mOEdDzCjY
_mRF0rBXIeg
sDThHosFS_0
uzU1_CsOnJA
xwpI9yTnuBQ
5U-U2fm7B0E
B4noZRsVV30
VXYVLeoLHRQ
sEK2-8DgEo8
HfuwNU0jsk0
RZwM3GvaTRM
AaKPJcU0eYQ
C_dF9EjIvsA
nKIVJWMoraA
cbOXj3gRb8s
g3WlGj1kfsU
Pj1MHXBWq2A
8ic3yEfx93M
jFesRfyFrrY
pen1AR8AQe0
WW0KVmj35H0
koVUu8wTHuw
