ay9TNOwC-rE
itkRGx2zHVA
qZNA2SPjyEc
AeH0KaZa8vo
JUp_ns2ewAQ
i7ny1dAJlqE
5h-X5OOU6Hs
2cvnJJziHN8
qMKgP-zCiho
c6nug1lIPa4
kZp9bJ5iDsY
4fjbhBMHbgg
Rn8IBl6rEbY
cmtZhq67E-c
gwkhSJ7y9GM
ebf-epLOnFM
Orh6nQPQngk
x0dOSwbTZuI
eH_SgGrXbiA
uRuVwVjiFlQ
ZqQ6KyRxWjI
g7bYpIWPKHc
Bmi8a_Ia_EM
2QiYV8eklSE
B_dFj-e8LE0
h0p8IHfFs4g
JJlMUIGdqGY
MMfBre6s9ZI
YPoXROcqcb8
yeNAgK6TJ4I
52OcY5T4de4
MoMn3GFPbFU
zg4vyTN27Nc
0tAK2UyY6u0
4UdR73sIceA
VpdvYp3kZKE
pCGL3MManpA
ZPnxk1WVctI
CP2BOI-3lBU
4n1s_srz7t8
_j4m5anVsiU
vbjlMSGZFC0
eMnQq2d2i5o
HFLg2gGyYgI
zKn_3tRy-dY
2L57B5NBbl0
SSwWfwdPjkk
GwGlsOLGMtQ
ciYLYI0LToc
kOMBTrMMSUY
sDhKk2QiVro
xot8vh69upo
ysyvyUHTJfw
ybt6PELREqU
QQERDc35ETw
qPFIP6uSZI4
SpUWdptra7M
Eu3pcvfOMek
3QZQoJAO1BE
AnuqLMzE4O4
hfsOksq7KF4
ws28h0do9Ms
5cnuM6XuqkY
NjWRZ2Ua4N4
Qzk5U_fiwcY
6VEfhhixtDQ
WymtdXYeqKs
EXdhJig0A2I
HkUs255UJeQ
LIqyFZaoeUE
1cgaSU0ZNu8
1imK3ZmJRUg
20RCP5Ny1gM
HuCpwV9u0R8
qNEMbCTITbM
iiuJQpO3KLg
iCkOX-aVcK0
UPbPYoZ_jjQ
gMwSaLrgaU8
IEwBLJfetl0
ljRji7Qfm8k
0JGa6fvTNyg
r3oVR1fCtls
uPAsrxL9WQI
7EUqaIRzPkA
_R2u0GsBYCY
EKrsedMOZZU
t4pQqTakM-4
rueXcVSWrUk
imCZKmvxj7g
wR4ggTwMYQE
OLt2n8bvPd0
S7bcSJN4xlU
6sjKVCBeofU
VP5pMckMLiw
Z6zbEDby9z8
BwnoLP7pmBs
a1OOLIp4yRA
uTbkpOJDA20
TC8wPe4scX4
tRkFwJFwUPc
jQtGH3IWngk
hG03gY_dWwk
wNjh9YoNstc
CMssstFkYPA
O4P5f6NPmxs
0_4s2GQJ2FY
MH_vQAkxEtw
mthExfagkrI
DXm-LK4LZh0
HUjwP1I12NE
ZSPtikDyTzs
IpItEim5chY
hQEZQoacCMY
KWnV1Aa6VQ8
yTv9-LM-Y6g
HrNS_BV-L7k
dgx0CnABjew
DO20tYzQofc
x_PWkmz7Shw
YHUr3XMeqKY
GffSkZra-mc
JASI8XoBCBM
I8_6AJrI7vQ
JVpYKc_cHNI
bcAyeP1jRmw
FsZFp9Wjdv4
OqMCnTr3tnM
Czerh1BLmvs
61j2VfnDrkg
sT6-6wWQqks
jSQ_gfEtmLI
pwnc8jmOxm4
ZU7Q7Rj_wKk
iMXkH2qNrY8
laKM15QZXZw
egUasdUSl30
U1SJUcwkpAU
X7__gvxs1jM
BVWnKJJJ6jU
xARL8xIXOZw
rhKUwoEdDMw
J0TZ36XAhok
fPJ45KKOmNs
SUUVFBQJyC0
rDx989VgGpo
inSh_pmEQlM
3pBusBgq8fY
FeNaHuNAuqk
j-WkEULHREI
wvqJrUv2Gmo
75I7_ikhHmE
GdZtiSKDW7M
UeZL3bxJ30U
bStxu6PQ2IY
svYYktoSPDU
O-xGvarg1_o
UnTEpMOc7Ok
c478_qtbUkU
nWGRNrIg2DU
BlR9_RLB2Iw
3HugASnyb-M
rcGgamuNjz0
qZC6nh7nNqs
zhHfaYDANtw
jZ3EB6cbG0E
t3B_oF9iSG4
HOjm8-Nqd0w
ekANIrkz0sU
bRCAPETfAbA
Y60nQgAS1c4
ssZNE0enMlw
yn9jYNuyVkA
wPIoqIe416w
DufsmBI_NiA
jFUQgON3TnY
a4zzG9nt2KU
xkpY3uksEzQ
X4CJjIW_HLc
hOWOh8ST1R8
MJir7HwWTjw
HgcHfJMRMrU
4irRhZh0sLE
GoRL-hgCkjA
8JSy5-4w_g0
kv_p2HhsCdM
h6zvBaFkON0
c2qyPMC6QLM
mmYl608jPX4
ukDZW83UBY8
zv7epburNzI
CSs2jsf86c8
SFKW7IwHl2U
mW_Z_cPT9hI
VhWPipj4hro
PnXllKXyC_8
wdG20B8KFlE
jXKZZJYmlXo
UJ09x0_gcjs
mIibym8v9kI
Jb-d6hE0WyY
8MdotO2LHxc
v3JbK5QyzgU
IINfUQ8blgk
74ZvLzJ6zFc
kTM8pSQmhEU
6rgCaxJHeiU
dHxFZBGsd6k
ZXSCx8C2nYM
Ybxe7lTQ83s
_aWJaHYxk-E
GdiUVTfZyos
A6c7QFTU7aM
rVSWMBUtsu8
vetm60puS_o
B3UYMU18bIY
3JFq3-FmMUQ
MG4N7485wtE
HZ5Odqoqpps
3H8iX7trdFo
y1PZu6s6B5M
ZOcA60AiBJw
CI8mdQkaaBY
zDs4VBEXzR0
gKyF0AwsfZY
YBOFFeoooGc
eW93cOnjaFo
swkQ4xwF5Yk
VIouEZcrIuU
q1Bgk5Z_vxM
Mifm40ahjio
qeDj3ATRhks
AQE0HKodd6o
wpMsIOus_GQ
fS84663_Rwg
h3pcHIgo0B8
1HW8q7r8jlQ
SeDfnTxNnME
vRGqbcqWYB0
3k6EBWCblfY
6Sq8WLjSpDA
zciVImiNFu0
jQphcm1XsWA
9svRArQ748Q
_P3vEEw3Twg
0xN1s3FcEQw
ceQKv8FO3Nc
B1MjaRhjTWs
wEoQsxDib18
n2HneM9Ewoo
jKtq1cGEYoQ
wgkoibS5KDk
lvZ1_T0imyM
bQjpwjbYRUs
uLG5Coswx1Q
t3EpVZxmkJM
QWpEWlAMx-4
UBw0g01G214
HocKSmkNOgU
VrL0XewoHMI
qcBqzUJnU3c
OPICiTOutG8
KsbfPDgTc3g
tCdLuxPNQzk
UjudJBtiODk
L_qsqfpq-N0
2m5Zr8P4gwA
N-oF30IhmrI
DgZB61o-CIY
ruANX1E-Ts4
jQ6caXaztAs
WqwJcnaV1go
4XLZFnIkjrg
zLL1X0QhPbg
9Vqqgdifk1g
YmAAKQ7Abgo
MDPX1Ix_vgU
_kaP2d8xpaw
qucETjGXx04
J2JFY8aZXiM
x8ZzGQPe1X4
TT67rDkR4OU
Q4OcXp5hZQk
YX4hgiaU54g
Nn7luzmS1AA
_63ku8GQXRU
fCsGOV2LS98
BZlYgb6jGSQ
7hmaID5QnQI
HzYuDsW9tq8
R4sVbrP7iRM
N6WOKjFCFn4
bIFhyOzixNs
A9qmkErJ4i8
zZuysQ574Qk
t5ACngWuDeM
pIwTFrZiCSo
57Ywk-rjZZw
s8z-dekQo3c
qZ-3sQlOvFY
qZ-3sQlOvFY
D1yWLRZFIoM
DGsgOprmy40
Svj25QiPWxg
uAiJ5AXPFqY
-zrN0_HDjNg
rFp6fQiGDzY
T7L1i1K9uFo
1uFTG_yLMgQ
o7prfjnC5Ko
7jIm4iXkZsk
r0QPea9fbUc
KSzVQZ1xLSg
UB7tiIei6BQ
QETMJXat2fk
m9krDklQS7s
wht9jThXDDc
2cIvVc6FInE
9ivRmWfKIxU
HceG0IDhy40
Jf502oXHjOA
nboFnGtR-vs
hX01gAxillA
MQt-F2h9KN8
HKiF3RtFDOY
vd-8tIy1IBU
PixaVeVvIt8
BH9kvf85sCA
PQTDDzqdQ1k
QjVfJN8ErKw
inKvkdt-FnU
Tv6QttUPW04
s8Sd8w5w5p0
yeek391sDdE
xNu5zdEIhr0
Xlj6beNDA_A
Ap-GFS-ZlWg
7XfXsTZMJu8
4MNgm-iUzeU
FA-T529crkY
hcZVlOrxaEM
_aPISm_iJeA
MMY7HYFoRCI
LnIUuGf-aBc
K5_agh7JCPw
8juFNkQjyW4
5Kn_E04ut10
wSW1l-7OEGw
UtjtKU3xE-Q
hrPbrDH9FOQ
gvb14wzrZSQ
ImRvj1CREg0
GQuU8cLN28g
qQeof813pJ4
gVLQ1zf8ZQc
5r1zW38AWvs
mZKpS2SSe3E
Kj5t5rum4sM
O3qFedyRvtI
cUJXECqcN14
oxZdSu2dJi0
OPRCYCrTT7A
N8fJBbZJfYk
w4RmmnWlYjg
wqd2h0fqEoU
_EaUl5abATk
fcz03H0kLHU
2jc-8S8AV6c
ZWFQ_1xD4mA
pbPPCak8s8s
Nw5IZWx7cT0
PuX4gR0Wkfc
PyOM41AaTw8
zA3B0v9G4OM
CgXGPH4tSrQ
RT6ew7frAHk
hTJ6ZqW_QgA
uWCGJz7GZTM
0fxD0RYH3wg
JGATcIDonWc
QQ0_N0Pcpng
LgOgZH_N8ss
nX-uN5Mo1PE
ZJXAA-5qvxs
Ysd_5JW_F1Q
w9F5VSTjsxE
H3VMXAzO68k
nxv9N3qWH14
kRGx2paSkVg
Ff_rz-GFSZA
cFcfOZd5o-o
5li_oSwDK3M
exPFESud7N8
Z1ibeNQieQw
5EiX3glWN5Y
D7qn-gVKp3w
ImPxp7rAaz0
l-5An7S8IHk
XBXjbH7XOqc
Ku_E6a8Sac8
g2-7rvIsjGI
3-vdAs7LJWI
0-WxoOVWN84
JA8ueGWUkvM
qU_lZfYQZGw
NtarfYBVNfk
VntewI0VRFI
aGv1OAz1qwI
1bAQg-OFC6Q
KI6hDCog9Xw
dT6tPPgX4AM
-VpfuuOGYwk
zN4luzuHMCY
ZckhnbCfR-M
BZIsubXvXSo
AC-aSoyDNmY
LD5kc6V6EBw
_m14EpPwEUk
YBw2U40lp74
2xrxaeG0MH4
t07-lbheVMk
NILhppuZwoY
XMv_Ix8zq0o
X8RdJHGifKU
OPd1K2ZVkUs
L9RQvH1oqYs
Dmpc4m9So8Q
5vFTKiTGcbg
_Mi3mVP5XBw
_IjTt6xmpl0
GHJTtkp7M4c
nYhyUPAtf1A
9bzD59sGYRU
Bl8VgbNBvvI
NvkANKOR14A
-jI615KYQfc
AHhUQltDQfo
Y1-KUZWfXaM
smxFrAuUkQE
tdMNm5cu4Fo
Gl3aAcTdogw
uHW-oqmzrIM
5v6Vjhj8PUE
M8gFYcTspTk
eGwlxYqqFTw
qhhcghCHTZo
8s_JWYxld_U
AgJitaj-wEE
LxJ9FzSs5t4
aBdxQCY-WbQ
5zOx1nTKWFE
xMzn3L8rSYI
dIbS9O94uxQ
RS8_WaKEN04
0B_BGAbl_hE
NJKNMB-pygY
TEvowP5fN9Q
ibqNoPZ9POk
w-DDcsaCfmU
LMh1DfutVYI
EZGybEMFrHs
NEMgHbxQyZI
2dgCFVQIMlY
J6A17oJnBz0
K2JSV-mhVvQ
cCgl3hK0Tqg
iJ80IjPIb4Q
VSFaLHPl44c
mBQR4VxvBH0
vxTnWXI1UrA
ENwQMz9gmfE
-ag9U4Fa0Cg
-9CjncdC5JY
v2R_7lyLff8
tXKBF0DQPhU
K8M1iEzL-pc
fN6_QY1p1Ys
qwNmGd_D5cA
Ege1-yzSip0
CiQ_T5C3hIM
ndgQZ90rZZ4
p_Sb2Mu2BTY
b6Awady5-fQ
mdCS2mDsIMo
CVw1j6pFQ5o
fF6nn2Iv2GA
K_5aH9rpYNo
Zq3iJMvizeM
lmikPkLfJg4
9LcShi6T2C8
UQew3xOhLys
PAD3sRsqbKo
fp-w_E6DbNc
jVhcqtmGjMo
PtfJIAr6sFA
DP5Jnp9BFCs
Hf2hlXLkSOI
MYTn998OKZg
kw8BeBelS8A
XisF_VV-VC8
kw8BeBelS8A
1YSUdwND9e8
UR1cbJmihyk
Ivq1_SrCAZo
pJkauHF-t2g
Fhub42N_wiQ
luTJnQhHQpQ
g2HZymcNado
MDh8bbhk3J4
yqzhAcPfjD4
FjBEPMQH4G0
Afm1bAq1-7Y
9MhML02dQes
Kivjw9tbAj0
sbgSLx9TWjo
DtwbwyfajnI
h_mrD_7ELwk
JW6LdqzFuqs
bVIOClT4Rws
PqQtv8AGg1k
ZGaFCJxKEuk
QY0RHjv5IPg
9s9HIjryZZk
xRCGluLJshU
Jmc-s51RdNU
x_CvOCa8IUY
MXHDRpTQdgs
ZvOZvi_FQkI
GboOcDRWOFQ
OVXsZB5YNME
ZY_YsryyDXA
TfGEU5ZL2lg
JhCDh4fj3fk
kzhPSUzHuYc
np7x2gXxkXw
lJ3dqqNadYM
9CD2Nuen-2c
8pI5kqxnRsE
wGPhe0tnbAo
XqRCZbwQVNc
4aHbpssaU34
h_310z_FAOA
gjKs8_5qN90
yOuKXej3bVQ
AUnLtaupJmo
eZ42e1q8eE8
m7QLWuZUyNs
ASIrYCiJTCc
cel3uL8V64Q
ZJsmWYSZjtc
_x3jF-wJwXY
vQ0IOf6xzlY
4Iahhda99Es
L8qlYxZj0r8
W0J11OYi77M
3n7atKkg2Cg
UrzVKg3mSqY
x8zRONTzDcI
HWPrUUPSluk
jq-Vme7F6Vo
tBxlHH-K3zE
KopbCX3cz0Q
npyKWkC3b2o
_bB4s4L4oMw
CJQJJaQh8rU
Baw7LhUzUw0
doO3ZTSuNR8
AEcuFF9IXIY
B8uxgD2SywU
Sc9HsdUd9fw
rUU12K-TBjo
_bs7mmien8w
tWvVIgmbTL8
n3cOxRG8r9k
MxgVPVi6_P8
yW6mi7uZRDQ
AJTm3KJvnxk
4BLmw1qePxw
Duml1SHJqNE
creaoHOzcWo
QxazXEjI0SU
gt-4dC8JIzw
GuV4naAZjhc
uuoqXp6o9bI
a8YRcQZnCxA
xLT0tMNv86s
dM54KwyzhfY
3LNO2ZuGwqc
j9zozkO6FcY
vOY3NFWwGkA
lRFuPxZ3Lgs
wQYKAoNSz8g
ezYWVCVAp-M
tgPaKEyukts
Tn1GYQ1PGos
FsJVDJLXqVA
MK96Mbp7Qmw
erqGGHqQgp4
7mwxGs8XMA0
9yVfVzVBzyM
Y6Sz02b4Ly4
7sFapMKedlg
USTc89Dgu_E
B_zKRhxm8vM
P6A2FNjNKc8
CMAbnpM1QaI
cXCKeg0gUus
a0E0YxDGsZA
YTFyXXKnv-E
EaTKmaBniDg
bkVhLJLG7ug
Fjjylf2zabo
febSoxP3GW0
k2rhV_DQPWI
bhUHDZT8tTg
o0gtoWwx5Is
V0ocBlr-3fg
b4ep9pCgv3Y
_sVtoEki0GQ
TYwhIO-OXTs
v3AXUlZZU9U
NPrGpg_9XdA
1PzlQprr5YY
nPrHvqJWoKo
SiNH-2RNExE
6m29dzbzULM
Jyo5cYH_vNA
tT4fdn7ZDV0
hYJk6YNNaOA
XXou4e0EEZA
oW8NWj5XbhU
m2K2BJ-cIHU
u8t3XCdO604
yG6c6s50AyE
f8wlR_2mRDI
COBQ1WY0vEY
_S31gtchE5Q
B0fxLSqaq7E
dgn5TsCC-9k
RR9m8PmlMTQ
XwvwZCcT_Fs
rmjWs-GLKT4
B3BbRxnU-Hs
Uz4LKreUsdo
PJr_EYO0y_8
Z6dfVsipmzo
hFbCsbnash4
byCUMHdcYi8
p1bgVAaDY8w
1g3Ifuhdjbg
QIwwoAWW6dI
399rFBQUYjY
rI5FJVvs1TU
8kSnC9l1lVI
fwsU2P9kT0A
yQ8C894Spyw
t3UYr1i5HwA
rjjexnxwmgs
WEWw8sHYTBE
Xu3TJtivSzM
Yi34q71SyfM
DfwB9Vdqc9c
t-FJx2qhriU
Au0Cr8ewyvc
u-cDuSYzKRs
xfCVOsyDt3g
Mu-izcQ3hxo
MYCFNfvj2jM
3ynAaA5ZYQ0
HjsTB-OGnho
3LLnuglrW34
YP-YWk3PvR8
tx6UJ-3oV_w
h6925t645tg
pkfXbOWDFeY
rHqXsJJuDtw
PiJl5DAhXgA
xWWBa9CM87s
gOsaANAfZcw
TmV4UTTQIsQ
_8fJj49qgAc
UDvOZ9AhojY
k7TzKMU4Yqk
zOGsguvD59c
qSUPTPS-Ees
fik94OmeHCA
uMI8Zc8bJ_Q
uzmBhipeBNc
oRRvDdVGt7Y
iNf1zW7PtnM
kugsWIJlBXc
