_VcHuQt3fYY
dYwLmisuNAU
v_xu-igmm6w
5If1LFZ1CQA
p5-i4X1WOTI
Ojf7oJs0npE
uLGDEG_dTnw
SygJ4RIjC90
nHHhkzaCEl4
MEa-L3hGo6k
8KgH6Ed3IS8
D61e0qTWSfw
tJvffU98xw0
QVQaXdIdEFc
V1n9BYUEkNg
YcTbHYMg19M
1MibRcX7KUM
Oyf5S7BN4l8
3dWyIJEvus4
ACzlvDyTbIY
ZdlDLIILjls
H56GhNJE9WU
NHZin-ZuM-Q
yzZ2BGg3dIM
EZL_Ucr05Cs
9yPlg3B2O2c
HcFFwK4ot1k
bnPF2K1Dz7E
y7bKFMO0d-w
krZu8az7waA
gCvfvatA_Ng
Oc5Fphiazsg
VYdjBAl-JyE
uiARcYp6vmc
21B7Q1Eue_c
WL5IJ4JVjrg
qc-EdRTNEmc
Umz9SgjRroY
9rkHYBJ04T4
8KID--aR4uQ
v-1uZ0g0bYA
o3rGwIOvUZQ
MHndEN4vgzA
PAestsXAWsw
ezXmrYljMkg
F-6VkeBv3G0
Ih4cY8z4AFg
9q0X6xpa_vs
AL-xenAuvpk
Ye6oikUjO9A
8P8aSp0tbxo
C5WNr5vzUPs
GY8_ppSa6Ng
5XzkdHdbLxk
gexW0lfBMKE
NAAuUFcMbj4
SLMliD4T4uQ
wWduus0-rdQ
gubaGpBn0Qg
RqFES6oT6Co
FPBmVnsZaN8
5oVEQpu65MM
WNhUEirnTPU
xxMaXwzZOmc
rhFDM4YtAjM
SEurlKy2bN0
M5KUlu3Hjmo
n3ZkL5T5Y5M
XWZN32fytQ8
Ifv7tTRqZ1A
W0x-7El07iw
Wwna1NeF-Hc
M8AaBgZ1pyo
SYWGTuJdjho
bn9yQdAmHGk
Le8BNAEtQRA
SdN9RGV8xC0
q9Gph6kD72g
Hf08GRUtjRM
fhnbO_711Vk
oagH-FOM4MI
s0hYoa7bH4k
D_obsdDVv20
QIiLueBRYL8
T4T4sv1FIyc
eccHzos-k-4
uPcWeX5A6Mc
XLh1TEJmm3Y
p2gK9w0Zf0Y
C9Y5i77gpwY
yRTELU4vI4c
QDdQKUe5zM8
wWDeQQ9QIDY
0__j4ODg-rU
-VQp4JBomc8
HWBJpATz7-w
vdxyCCF_4TQ
Pf-N3Tsdl-Q
MoPYHC5nM2s
fQ4jVGMDlGw
qCO2ceAEjQY
mzIDgEEg7no
P7pkZmJSXLY
NwcnO4l0noc
ttKr0Qiefv0
cHwFM6kVq0o
fNwIzBOkpt4
1AXFD36WuoM
uSklOovvaJ8
N2oUfg7qNG0
bNuxqVuV018
h50-JYAbKik
Ci-zID4EAPU
uTnGHknbu8U
cWjIxA8S0Hs
4kyny8TElBI
1ZT2mqasfcY
s1-Nc1UIq20
IMa2spCLrjI
H7X-qoGw6W0
U2lJfPV3FQI
x2Z9JZC3rDE
Oph7B6s9e44
4-l89ep9ys4
uW6e50NYlWE
og8wA24x-dc
B9B5OuFXHlM
p578HlQyUaY
DbiXhMUwlJA
SaznCPVAiJc
0JjYINIU9hQ
kGE1jaLZLvY
L4ZVyCf61wI
gZj176ZoM4Y
VVGZLuMpVnM
kZRXoa8xqw8
tiOLRG6BPj8
i14YMpKS_CY
zLHYkYAPpN4
aLl6gHmjD_w
MP5CkokeygQ
oURUag4KgBE
chukMdRUt24
P3U72BYm6j8
lUeDTLBOiRk
reRSMxtntMs
XGc-7Q34UvM
gSYcN8mkLYA
_1GCjggflEU
0SRmccgFIs8
VxVOuCg-NG0
FvY7qX6niFo
I998mbFOwJA
rLBdXgxCwRs
szWgdm99EgM
6A2ml3CyLuU
Mj4Re6YeuRQ
1gOSGOXzabM
ncEWzbB2L6Y
soa3m6z1pAo
K1lmJaBDIZs
x5Uez4yPHB8
K-cODu7WnJ0
ihUAJSPk76o
uz8sJ0ZNxUA
5wePzfVKTSQ
eeQwC2dQA8M
aLOJg2VC76E
0_E_EdwpAOg
kCQIDvEnrTg
jnPqUPv9hCc
_G_VbEEowt8
jKOaWQKqpMM
mgiJbkwcrFo
OnNU9qT1zbY
6M0cgcoxAPY
7FDThnMmMCk
BSaACmEtsjs
RODPuD8TTKg
3sg38cbvxQI
ld7KtnULvVc
O-f4udgA1wk
vWf6NTCdoPc
b-i4roCduJM
H79UI4LzEko
kY2hErhaiUQ
su44MnT3KQs
RVcinhuVu9M
T79scG7axiM
zC4E05Vj6IA
XET6Kdn7qS0
F7-EYKMf0xI
oIMMEa0Yvos
HUAUu9d607w
5IT2ZEHuctQ
XVK2srEKXao
NIpYmJzFRZQ
bSR2xjg18QE
23ePqRkOKtg
F4ZXpuXEmiw
zyiNIs_J4QI
UShYIws8tnY
UtGqRVIKg4U
_tcZO73dB24
Mj4Re6YeuRQ
PYQpWVtKlGU
ciail9ROxuY
4ILQOWfDtC8
WfeLzjqXemw
F7-EYKMf0xI
KCCweK0YauA
nrGrna9GEHU
HDNMvuQrcGk
pLKVdpwPXn0
myY_fvKcNog
HnmVZxhNrUo
85w-HldzXk0
PJqFILCy2qc
CgWZc8IezLk
6l2XN8NOfuU
ciP4WJHg85U
00ApFmyX6-k
QdQZe_0Dn2o
QTy3WQgbt9E
IU-Onp54Qhk
p5DHvG8L4jQ
MHO8yX6fEns
vRkKPMXXN8M
EkVOBhJbMj8
UJjh5pz17AY
G_6ruh3tSvs
djUcLsjrCu8
pJlNY5q7AL4
TpOWPCi4COw
IcwCXROmGSM
jOiCXni8430
sZH-1YTCvHA
qneoYIT0tOI
NMDJkWl7E2A
IzaNQAh3NiY
0yca1Y6Qt0Y
gsXw3fQ97g4
JOG4Z-mrcrQ
6QzBtd4YyE8
K5y0uPx4Urc
iNDQt6vwls8
IfeTJNTOMS0
BRXenN6Kp8o
3W5JNZBFA1M
Tb5yLVS0D0Q
sPx-ReEX2QU
yBHPGrSlRxQ
AoZPAZ7acdw
EdYaa_ZbTRs
4V2tdV-I5Ps
f58UxJyIV3A
K0bP0s-tf-4
kHo5kcNvRE4
RDemM6FjcSE
_eXdP7ojSkI
PbJB02Zlh4w
P9N5_VopKew
OHlJNWDLWSY
Ie8UPlwCAqQ
eJsglu9nLYs
K3UkrglptqE
Ezmyi8fPjxs
_LHt4PyEOoo
en7njlvRKE0
tfl1zFQ9Qzo
wIE5_E-PN64
35Wt8LhoVHA
zP1Ac8fXBjE
NS4fpagwyPA
LF5ty2oBMBU
H5ruTsMvtYk
c_gqTkwiGys
bn69yWUTVvE
F070R43qWs4
exh6klLNFyk
uNJ5oiQPEzQ
Kmth7JPxxQ8
qkbQ0dt-38I
wt5_NbCeuno
N0AWMo_ugfw
42Uo7R9dYa4
eJ6WZrFbtCY
FsEHE2d7GIU
mNvjsKqugQg
pqozuW_SA3I
KBZf-IkBavY
-Cxq7ZmnFLU
_RqXZL93kyQ
sGeDwZR5BOY
EbNAbb6HGF8
yjugNk1IQCE
vbEL_zQH46w
B5xwHf6h-6k
TPZSW5wu2NA
FRPp4LYgZVM
7JOEx9GSd8A
0iUsKvGRYRo
4sgxDnin5GU
CgpomXSNwv8
XaDhoufJ4W8
2WU7spuMnWY
ZWSwjHm6-1A
ioHUxIvMp9w
CfTt126qrCs
Wp8fpyTYrUg
Oqp8gvkD9gg
KYNQj_5mSw0
pM51mf0LmNg
CMPaqoivays
4I5lDn4cn5g
ACu3Bt805aY
g-eDVBB4PFk
Uiy_YuE8lCA
Ks3438Q4Vls
mVm9Ip_AO_o
IKCA0uspme0
nmrTVqZpRvo
-LjiNNA7xBE
1aDglTzfNpM
oYAF36BykdM
vadM25bzqTw
Zpd8UzVEAC8
ft68MiVKqKE
-XSJPpBgduM
sycRbJEa83U
qccFFSC6il0
mZxCuymd_3E
NZFfXs7jwzI
6_X0cQJWVuY
Fa6Ir_DtsZs
Lo4aKKABjro
SQe13zWlA0E
9Gn9EkBBsLY
a99ry70CnRs
8fkEBERWBL0
u4t9Bx3Uo-s
wUdfblJEAY8
pd799Rg375E
LPC32I42pFg
RO1pY7vOsY4
di-qo0FvJcY
3jWljiYEkec
t7VjFfsZKE4
NhUSA5CrYVk
c6y9ngKNfwQ
t7IDIy94Law
3Dt9xJGPQBk
dhYF3AqVhgU
3ObDYK5JYug
XjyHXKAF9OU
EWSeE67ipPk
_X3ANUEUOYA
bQVPmLKOzGI
dtl5zaHicq8
TvoKh6dAyl0
Kwy3BkR3rVE
JdyTICHLZXA
5QIq7xgY7ZE
4mp172vGlM0
Xe817Aj-mgM
6fg0e67TLpc
ABANZzOcGrM
e_J_qv9erak
iw9phrtO-C8
mdd74Gjqogo
4-JXkCtiYWY
K2Uj8QahSdw
8kPIzRdz6XI
933rac-TBfA
M5vcvxobh6k
UAwcCjCzPks
L6lD8JEsFpQ
MkPPAdvpyYQ
qO_EE_Tqb9w
8RV_vYsHceQ
8JSFoo1chxc
rA42u5K9_bA
vL289ufmX_4
Qjp1aJK9qUo
R4ltHY9DP7k
XVyc4qBn5mQ
UQCzR17HE0w
ujI-ihgEZVU
E35O0nxOUy4
cMgbP-PlOps
uFDNNQ5Bwm4
rSMljGa0VLM
--WK_LDyG38
TlCpU3BzMyQ
NfJn3td0Gr8
O-GkCz9Pdy0
i-GMaeO8610
ka_cNMlAlHM
w7-rYp-BQJQ
69hQK6UwLRM
5K0Q2v9Q6Ss
vJlT5OHP4Uk
jAWz-yu6_zA
CtOKjHgNsQw
uLKZ59OScQM
VzLUAGR3dMk
69hQK6UwLRM
soQoEkuUc9s
M4YLO-2Tb2w
C_mb3fw0AM8
sv3VqM2fj0M
Y5A76PCX9yg
PVT2McH_yDU
UPcJx_VQYBU
YY51YbgVrNI
8auGLMF90sY
ubWHVNPegZA
0PnsrUouVss
TOjBJc5pdVk
As_8Bb0bVNY
X0tZJWr3DY4
VYfVbNL6RAg
yFAUwqN3VmA
rmWhiprSkeY
m559v26yf1c
IvjAxnKzNZA
zYC5bnmHBPg
Xevm0i66B_s
-HjiISxDCQg
Xs7vrL_Qyno
qWRBYRoXu8s
j5AOp93S1F4
-1n83OAgPp4
QycXzG3jh24
G6llXwoHrVs
w06xEzHG0No
mzYguQO0OXU
4bBacp_0ySY
Q061nOIfwyY
cZgXq02xKZU
XjEEEVXqCMo
vu7OozGz0e0
BnzcYcfK90A
UvivTJoC1uM
xv1bSyZPelU
LukNyGJ2v5Q
m2ivhnbSHpQ
1wzm4Jk4654
dhT1yJqWGhY
bM2VbSxoY-M
8Bf5_KYONmQ
VVEdhOBQFz8
A1g69WQyMZM
QZDxU0i5DP8
5JVVhKP9XP4
qJJ7znCJsRw
0N3eydwjnd8
_jJsFie48y8
o6pF3peo-qk
_hHQOAoxSws
CqggLUWFADw
M-qSSPptDfI
3WYeo15Sd8g
Y3bbVSSpqcI
wStzpZvCTfg
ft24iE5zpAo
FlPskJ_JTr0
uFIBS-5vwGk
aZDK1KDLkE4
q2u-EzM_1NI
NYhcHREonZs
p4F0GU_RrzQ
r1xnOxii7nw
NRnZqjK_uS4
BGN8bP5uJvM
8LESb6tCmBs
k4but_TzTzw
zTGQibiNadI
0aFHM0Uh4XU
H6KHEdmcbLc
mG7922AE7zM
zw8xHx0U5qA
moKBQJYYPkw
kHx8Qo5OIeI
OIqqukSfyKE
V7kRm6BuKbo
FlQFRp3Tb1E
ShWHHXnJ450
Fzb17VAIyGo
vaElG9sHiKw
KDnqUaj0hrI
z8hZKU-t8_M
0lcNLAYmLXU
P4lqPrel6pU
qN642qV6bbI
cwc0aMA_Hak
OBGAdPgu8DE
8DuNwkWzRLw
ggPQsbuwRSk
QmIbTLGex20
asDSlbIROSQ
pyTII8LXhl0
Qa_8-dyy26g
7q-evIncFs0
v7GqZ5XCEa8
g5aNQEanFNY
G35xGeQZu_U
jcrYmH1HPO4
yZVc_z9EecA
ciEUD66gVCQ
xgiTNcP7CnA
90RW3wrNMUc
-nqoYhJz_9c
0-XPqn1NRiQ
UmsrmrT0cfI
9DPLIf8ioII
tnAe2pjtkKM
dHX6m77Mm40
vliAKocH6zs
lfAgcLf2588
ScX6XCufPXQ
OWfm5xAfwl4
sRoGl-LDU8w
N6W1sOy0Crs
BdZGfMACmKs
pP8i0xzbJ6o
I-xve83lxWk
z_8UtYNKnRw
8E4fcLFJE8I
9u_yENLPeVM
0K_0R8z-Ak4
_MHdz_FzPHE
IHqw4kjymc4
L7kZ8wIO_F0
ehRiszr_xug
2i_hdVNMVlw
-WjK0AHMvSY
6XonAWrMvFc
tVwJ9CpFvmo
82pirnpHX5Y
kjehHSM88q8
bHuDdcFNHXQ
1X_0LtXtKy0
ZDVSMXiOSRQ
yVSMm6Ws8_o
Q9Q0biGgoxo
y3nE1nfAsgU
NEwXs9BxmRk
HA9Lutwt2ec
AR7hFm89nck
Fw3pWT7nkqw
0IDZ3AChlcM
V1dAo-eEWF8
08whgjh_oLQ
Vev327bX3yc
M99Z-FeLZVw
6JgrB7gWdEA
DswHKdXV-cg
Tqk9QX_3rAk
TGH3IauseFE
VlbzLyNfxcc
NY6T9wWIn94
ZzVy3taAnPY
Cb7Sqs4Onu4
Hsz6Xuo0HWk
Wn_KbV5Sl8w
pe2AJCIt0xc
PVju4W2BMnE
iZUuayjUMmY
Y8i8mCRl1k4
BNEHtcMpLuM
vJ526CY9rlo
fPJgkSkUN7g
xL11FRkleSs
qxh7CyJMcB8
QmSFpE2av8o
xREdWaCF_4w
jXYteFr9aoA
qvn5pl8p5-M
lE78aV3QgHw
AVnuETtBLgA
cfIGUqBf3ak
E5ZV_zDRNRE
6o0o2Jnb96k
Shl_gkRmnnw
c9Y-98eepUo
H8iH4nWSGEo
8try0wTVBKQ
m0TfoVkr3e4
KlxiR0I4SOs
zK6tyxlAIck
MjGj3DsRgvE
1Z4A96JMDwA
ogLebIQMLL8
Xj0qdLVQ9gU
qbFMoe1QkI0
cBlEPYdPYao
VHRDJAOyWIU
