IycSDuuw6GU
44L0t03exu4
myQ7jpD4pkI
gRsdkI2pFbo
BCCvtg2a-Go
eVHIpnzOzDU
fWDAlNy3ipI
LatGCwbkb3E
WeWm0PdayMg
PO66rkZRPwo
2ZmJeFVaqpM
7BoXfqVid0M
2shoddQDQzo
OqZ1atwPWa4
z8oOhisRf7E
NqLXe1GnRtI
MCy8xcEWpq8
m_vrVMdQxFs
KoC8yKIppPo
_SY2xFnnw10
NkdGsUxijDU
YcoX9OKung4
cHY54HrHo-U
Om44FuGQSRI
ZIA7sKcFN44
MUjLob-7PdY
izvqgTkZo4Q
YzxsDCa3-5E
s3ltQOtd-WE
RBR72iqx1hk
VF-8OFH8PYM
LgxMnBTBg3M
5KMtkDAdjP4
Iz6Ddoqgaf8
3O4nO3umGWk
1BeT08bVWWU
-4XXaBgEsfk
8sCG_H08sXU
1QWEQ-3P9UU
gep6UGZm6h4
nm61l4F2fe0
W3-cPmkxx-c
SU35V3b5p2U
XDyLoa9CifA
E4vt3EUjALs
k5dioL32Be8
F0mga9uND4E
EvzZuUdMnfk
sXv99Ll_T5c
KamWjhvSBzM
fW9Pn2YV3i4
Kgec08wmtoo
_6Evdwg9-dw
Dtq7cTBzsqk
Qiwt4Ym_mCA
3E2O8y-cZSw
HB3QZHkTSOs
7L8pKSfJc88
f3J7UUZZPRU
eOfMjI8imdM
tXiQALQCMtc
FUoA28frNtE
WVfYykapzrc
lX8lmFdtIaY
kQcUO3VAej4
JnkvsRDtZGM
N4qDKaF0clU
7Wseq-ENN7s
uXHdSoduQNI
VTWMoD2FNwI
JdYP_A48Xro
pIGMad1XDRI
DzKHBbn-THE
0IQG1j7Xlg8
r1X-Kpk3E04
sAmBTPQwlBg
hdGra6XTzls
ubPDRXF-2ow
SpcFyeFCNO4
XePEFj52Mdo
HVHYggyNr4w
ZiscdDWBumg
7YlmcbDsQx8
u-yyqculmrU
uQ004Sgr1wA
qqVC_bLUqGk
c1U1JdlYSEg
zKG5T3xcNdE
2BJ4X3No5GE
sY4nzYTyJoA
E6tu77E05bo
sKgu6aDpU-A
hS621JvOdak
C47h4GRqFzg
8bIDGqhxVPM
BMZP5qN2t7c
mWV_9QybZhI
IpWvzcx6S2A
aT9tTDODwHc
xcJ32z7RwEU
9VQsY4IjoTg
sdsGd9hwyc8
K6A7sCQerTQ
r2UyRFUsxQs
ur2FaS-N43A
VWBtLK90b0k
MEaFdDsp5Co
b2BAQtTiI7o
0egyq3rPBhA
BduWLC4lTVQ
SjCU9wt6wYg
9hauY-YZwCM
XyX6dXjataE
TNYmzT22524
vk2YIbkyOaw
BywsAMnwJTM
fUQuIeDv82Y
8_h53ntS53Q
bWnxEFo-FgU
9FYs-bNePaI
h_w_0zUs9ac
cSQMMYxq8oc
5jZLfGqU_F8
Ae2dYISbDDw
LSxtTYFtvBI
zAxV9yjdu6M
l-_JvG2UHLE
euyrvmDueww
Zs57iGFjJDg
nIZOtqsvqHM
2rNtBzxqYVc
W2hxQFklewA
4CBzgsx-UsQ
zu8gXYCimA4
RkJ6N97cRLs
pdmBBaTQ6q0
0R7DXnqkfJw
k8dhiRsXUUU
mkybueVZHoI
W5MqyJc-Vpo
YUcYLxXS6mw
9q4IsMRcDJI
0sVCGs3gwCk
Sls_I4eqhD4
objljEE7B6M
wXGGyI71Aw8
XOba2GSojoU
XTXp6kYD8mE
ZAde_dEhEFo
iN5NAqxNV_w
CXeSI5W9M3A
pFW6DJN62fA
fTGMx6pcijw
SbeJbesBChs
F49V8biFZic
fQJkFWzBqa0
LOsNgfvuLY0
t7KPs5doLiY
n5ZnN2AhbW4
mzJtR2iFL0g
UEzgQ26W4hE
fdDHkKtmuyA
4mmgINzadZ0
AQ3skYS5HI4
W_pDMr8h2eY
GsL2RPZkCFg
j4AQ0IJAITk
v7oZHqp-K78
Nq1l5M_gVLc
Kyfp3xyHLyE
TgbTrusgsqA
-vJJoK6DNpA
bDZLEddqxho
g9Qkbc9dGN0
A6d_AkT_5Ns
kKkLvseq060
iOKCxs1pDbE
ShSJRkVS3Sc
KXWG4NQNIlo
YZdgG5QO3SA
dU8SoW_dTRo
uJ-95m0gBsU
6uRtiRec348
xVORmMXk4aU
KFIXDHwNVLc
jNBmtM4Qq2w
m4HpLitVRK8
wE1UIK85E3E
zy2sr7m8tn8
3FCbBR1_mRw
QTL8z5pbmHU
yE0DjdnGRaI
z0r7pgzyQvU
nJXWZe4A4v0
VCmZJtztAvI
QgLuGeusTVc
acz56rBN5-U
2sVysSxO2GQ
Slyq81CFdY4
bXbayrlprpI
xR1VbTX1Ezo
gGOnJJRYy4o
hoF-ZowfvIg
Etfeq27fJgk
9YYmy7s2xoY
nN8w3Yjjeds
WqwwGhKCMmI
hcHWxeNRFak
0hn1l70vDdI
8pTVnVAf1Js
9Q6gwToaCSc
IEE9xtJ-fYc
6OWc8t8A7Yg
SR_K9LfpEag
rN5TNiNq408
aRHRnLvxGII
W6sDWk4CyD8
Toj5QEBsCiM
h6rZ4lWbWTw
BL6iSOh-R1U
1OBU07zc474
wRloJQeLGis
ag6o1wfVbtQ
0jImKBQWStU
Q-Z_Avvyxp8
hLERpsSUqbM
rOl63gSWA9k
3cxpbxGqbjE
YWQyi4Yoqcg
jCRXohYVVAQ
ZC6wbRkGNU4
rUCk9ZT4HpU
Nr2UzMKG1Sw
sp3I9pgpBdE
pw_io3n4RgU
y3WobbtuBjU
GUnZ4ENjOSo
U_UGK7j53Zo
gtJyoW--yNM
EHnx25WVnao
hp9oQu40WaA
JstiDr36etg
qf1pklfv_Ic
ilX6S2ZPB8g
OWXJ2WeMOTs
485ZKbhSM6M
UDZGGsXsi00
heluRG4rEww
0sXVB528i5E
-1v8vUl52NE
uA2htYW9HYI
ijTxLXy7JZ8
mpMh5Iwaw70
S2YctyliMTo
zqoIOR42bco
8GWLB4OU2xk
FuBZ9cF3YIs
y6L2joiLCqs
l3YfKfNvBUI
uY1BxAH0OeQ
XUIVUUlzCzE
loIkLTkHdpo
S8qmVScCVcY
a3vjCguH1dw
H3UswW0SwJg
XZPCHLtu5Is
tUSajJXRqVM
xzZoHigNkuQ
RkTGHM4Ll8E
uqviLl1g3P0
DnSO_iQ1Cg4
LifAXf8NcGw
Xv9ZbVVabP0
Zgdu6JEB2RA
AYAq8WsQKG0
uYO_r-o-mPA
_Zw59T3dg6c
A889bQXNwgs
pQ3u9HFuJF0
AY1_lFW2rDY
eHDg57t0k6I
F4bIxpaMQh0
2jzQUAuaEVM
3zZuY235WZA
Lp0GAnDhmxs
HH6k5IlCuwc
eaD0fp2Nc88
A7whcvMXKrY
Gqujl5ENV6E
EyqYzXBZQRE
GT2xDAl6cZM
a9SWm-BYvVI
fnxnQmJcilY
M-GggPW9WSM
n3UGJMxd3L8
MAYNog9f770
JxvGZBL2L18
9w8sK58xhes
B4zWGCp01nk
2afGNMWgnGc
tiMB8YDHDBE
73OhmmFgPGw
DC_5ODWQfyk
WkOTTmRjZWI
QCcZ6D_RJvc
SFpYKiNhlqo
bGaXNoBaPAw
O_4dhnjUEmc
ct7tZ-MeUrA
E4BqRQXNdhE
_x4QOXHZCTA
YXQL_SlqycY
rdCXPpl26SE
YHpXp6KVScE
fOwSZigfpZY
EK76pCV3IwA
VU3YMudzM5Y
nTa9oyKDYIs
Wr7dmTB4lZI
xIwDGPUeWQg
8Tz2vorXcss
FQ9BMSVZEbg
pGRVWGilEsw
WbIuzrvJvlA
j4zdIQqxzIU
xxz4nJsl4Yw
36f-d2dzOn0
x77JAPplXfU
_0v-PjSlQAQ
lcPfm8HwQTY
2N1m-XLo4eU
xHHUXCsuLto
b3xcGJtQIw8
hW_3Ilsq8pU
iq0FBa1yk0I
B2ukcfS4VgU
gs1zh7AoXpw
HbuRznxRrwg
dOboM3YBxDQ
esp0UmZrVmg
uOnz1HFORpA
UByHFmNkGXg
L1iT5frD-MY
zj0DhMkFJU8
eTTTDQOV_7k
6EAztiIjpE0
CQODIYbx78s
1CYSYdm2YHE
ECI8VED39po
xpGT77BsZag
5vwP_vPKMgE
EsiLUjLbb38
WbC04JT-cKE
3GK-w8acaf0
js955f5zdXU
Q7GlQUbck6k
IydaPQunksA
xdIT1iYbqS0
dq59Ijug7BI
fTT_UcLvDSU
J4WZpRP_g7s
3DduFiFiSuI
AU9JqRMheXA
YizLySv9hVY
5z5r827URog
720qREywDp8
zB_20bbpSvU
3T-RuxvzfNA
7YSEEdN-5wQ
hazes2poM8A
2UFlsmF3QXM
jgRvYQ8mmSw
uVps5uLAMzg
mTegg0LzEkQ
406vjrvds20
aDznkwCTiOw
U3CmQ4lYgoM
KWMNTuIZqKo
hAMo6TuuoGg
K8o1kjw5U3s
WP40C8ljcYM
q6WUoh4nIRw
x5cg8MqiIjw
-g9soHuPtOQ
dTwzCy0-RTw
voxbMZEl3q8
DosxS4Iofek
ztcLh-cTJfs
MOCjaUpdn5g
WE5U7FUJ2gU
cuLgX8KW5-8
wYy7ShQ3yOo
QR-UGQkPzBI
A7hgzhOwqNM
hTqgV7o0cq4
_1mj3BDY7ds
a3sztcZxG4c
HlDRRTa4NF8
hXBxIal5CZ8
gznJJjfTSGQ
1TZh9f7Ai9M
x5cg8MqiIjw
Xk_H263yJ-Y
zEy1NKTzmHo
Wiq4PQ7jTto
lQU-tcPVbbM
RQtAQkejniM
vszGGa93roE
vNtxfPsVf6g
WEg9rRLpYNs
qZddWMldZxo
Z4Tv_UuoOYA
BBUIv0d6fXg
x8uvqdvfE2Q
bACKh-kPdLk
Vr8DQGUKfUQ
yPJxAHmIwms
zPNHZcZv5mM
hJmFdMr-yDc
yvOfM0UgFko
oI2NWEoGPio
GizPGYIHYEI
6P35pKvrnz8
gMC0fkkYRgc
pqLC9kL1ts0
8-bfTVCmInQ
mgy9uoXa5nE
YPNUMQECsbw
-C5aelgl08c
ksJ4sOUTjRY
SMjlZNANTfQ
WPzOfSJHYXw
hFV8nAEatYY
8O_ivTq7DN0
mAzIR-O4Ktg
3WViVW2cQo0
ITlsoo5Gl5c
5zg-VivSHxk
DO0JeIYic7o
zHkPXX-OZpA
mujyouHQmG8
GpLTvwUdQaU
Bxx6DpVlto0
4GqdV-bD8qY
K3qkGsIPHjM
K4dyAEioh4I
Wf3UAX2fnok
BQy_LJdZ7qw
R_akDb91J3s
WNFbTdQQrJY
5722_XclQkY
gd41cWj7p9U
e3kI8j_-O1o
GP4O97J6ZQ4
lVh_dYa_10I
hyQLjlMnEQM
gcNuTGUTWkc
IsYbXwU-tls
EiENWi0wM7A
OowhjLKtKdM
jc7b_azDFDw
_wZOW7c-qZw
PAvC6GxefuI
6EG143xdsiQ
n-7dJqZDIuU
Fgr8tUVMGjw
um7dIX8WKf0
NU1SyNPfbvY
AzxOllpTyAk
Sqf-GX7V1Zs
o8KR4Bry2kA
WvOkD0pcpWg
2RcpB-nvSA8
VPalPeMsuOk
mbU-Bt6KLz8
pnZEKeQUqr0
anSkCinIkvg
17DE2krqQMg
KtW3gA_94UI
RoLjNp661Ls
NKKib888EAY
vafKX4huQr8
Pw435qjQcCE
-Lf9fsKOMME
FqV8BJJzzhs
QHM40rfAv44
e1chjPvCBL8
x0cRK9nFauM
dm9jDWl99b4
1lbNsOx06Sg
SrCIUK2vaVs
I2A_nkF-KoQ
t3RCjgD4a50
4sy-UxqsTiA
Guzhv7bs9EY
TmfkPqeqf1g
eE9EWFK8zk0
TxQY2icKd_I
H5pymAyQxjg
A1XA0eXU4K0
zvZVrxjV248
ym5n4N9AJIE
JAGZ4tOqUcE
L0_cinW2q6M
rd3UW9UH7Wc
X51aA6kFwB0
79zj4iZxx98
Qe5lIiBuLb4
APbIK0OuSFQ
-CSNAgLZ7yM
SlNrA6x8fKQ
Yrbkrz21TNE
KtW3gA_94UI
qT_vnGAMIRY
ddzCHHCQ_t0
kUbZ06IQt0Q
3uzJ0QVmUfM
brW8EZKRyOs
S3P3wTLb3AE
bGYORD_G3fw
0l-xidmOIkc
XWRZur-1S2s
4AwXPV-f5So
-6rX1dc3ti4
sQxEfgUbRTI
J_VDMCb5rjU
nqhPxEflLCk
JTDy4P7jXGc
8grpNojmhH8
6XFvGLkxOSc
Zj_VFtY1kkE
WrEFln8G0oo
Hpvvb1CJ4tc
VVlGyd9qxPg
gyrTIVjkxfI
SzowTY2k-Fk
Z9xXG1wGJ3k
RaQV-RxrCaQ
tMOlJJbsCnE
09izPWY8lC8
HBhhqqOpl4g
vEiwTcvqbC0
-8SCTrh1qzs
VI4sPuwvOVk
5EMQA_s9vlY
AC5dMZudlgY
T8M0Uq7kheI
0SwrXYJE6xw
p-1GbVIW0ig
cpICxdzZ-lw
zZoREtoOdtQ
D9vWOjZM5NM
VE4VNEz3Z2w
i-_aMHponC4
Et06hOLS6u4
lDGCehwKBEU
NT56CShxQzE
Y_DweaS4zMg
t1dsejlDEOg
Hrmtx4d2U4o
9ob5TvohCuA
QiKWrtrODpk
b7WeLgKWvyA
WwP_AdfNERg
oj99dRUZMy4
uZ4ase2UMpk
3TRZyYgSTmM
84kWzrMKGBM
G57ClPrJkvU
QGzeBbYAzV4
cJuvx5giHeM
A1wTb1EETaA
KNqRT5hKgQ4
446r5K9R-pQ
5iW7DeKAoIE
a7zg94inQI4
Md9yjK7OI-Y
ncjVOvcHQIE
9Du0mor77PM
xL5DTo90OiM
clmOuEO7NrU
1agBnugB5EE
dYqBTMnULl0
BG6gnIBqtBQ
0muphvNBJpw
ld_COP5_xhM
4Qbb8tPsleU
AWwotlcOOj8
R-OZalEaTKg
SLbXs26UgPQ
9qjgs95oueU
42jFcG3hrgo
bXLSi_Jg5B4
b6hVxx_JB5M
b1E9uWm9nJc
uKlq45RImXU
DpZALyBxcqk
V_FYHLCzifk
Ac_DL1f6MjM
8cBPys1uhzs
xQM9w6td8Bk
gVacQqN3_VY
vCo3ad_WuAk
eJXAlM_iP64
knL3VVeVlCc
Sm2JXn4Wj50
lPXbf56Huts
OHuNE1P8S3s
jWRDdBIHLXM
fh-RCNz0azk
ZrHpURPOrfk
H0hk_5Plv5U
59hS34Dq7oQ
CrN1MmYzg68
5ymkVyGNxQU
uuUgIYtTtNc
79meumHSUog
PflV_N7M2pQ
88WdDhwzrIM
C0pKdqX-F9c
0NTt_T6SGgg
nFYnOzYhec0
weUmESssIus
IhmF_LQnrKQ
hIlcWOPt4yA
6u6FXszuQUg
7zLoJlsBx-s
ZHU2-VYs6Ac
zQ35GDoZ7bE
6Jjvcb6ixUQ
TwndzdsRl8Y
Y2MwksTKLsU
0UhJg5oqsE0
zM9elF_GwPU
miD_oEkeNDk
xL9xDv4AA4A
VA8-iRQQTOI
5BuC8P1Tn7s
QkFjIGA1SII
SVnC247XoXI
P-SnKzglU7g
Uuys5z3A_Qw
xTl7BkuXuBw
iRnyyVPSr4Y
_OO-QkMyyWo
33vF4M2O0FY
83z09KiFHB0
IvoqrUx7kiE
912dZLW0RhY
heMSpvcUBnU
wflKC8Yuv6U
uBGAFQMQtow
VTJEFZmiIho
J7kAnloRD44
0sjXOPeciXY
gLZhmAqhB6k
vcbzcXGx768
81VQ8JCAxg4
qIW3QOTKRAg
_yYoFEaNnJA
Qb3jfkaC_fU
zm8MNPSmrws
kmNEk8iOHNI
0Alh0xfeNMU
PeFcaZyrIss
isldA-ZLaeg
pOpK7B78yGI
DwpvjHXbztg
dxqImq8m3f4
tjt6j_v2IWs
97sq5r5otHI
qGddYhGS45s
mxN1yc_DikU
k1xGscsiJ3g
otgcXdwgJ6s
4udld6ZjHVg
7HrQ6PkjZT0
WuxVB6MMl0Y
H4fFoQlBdNk
ofOgLggB-oE
mb2Cudrec18
UxRqxIYuFS0
fAVkFZ5w0vU
KJmDMiOoBdM
DqaFVW71f5U
RHfXi56hgeU
79wstwYybDw
9cx1IXobfN4
e38JP27JoUM
WMvh57qJ6ZU
sKCgBUyX-tc
mleQVO1Vd1I
UJ98UbVur4M
fVFbAMF3OzY
opgYLYoSTyk
0z5p0hDBFQI
qQ4SjJ3Iu68
gV8GLhJv6ck
H5Owy-s6gh0
WtQevsY3OYw
1qyQE3QHRCM
vf9mEWS9YRs
BCE5oXNig_0
bs16pDMnu2A
WLZBnq5WUhI
66qNbix5uYM
SzXX4jMFL_U
RL_bVIpSDAA
z_GHi9RLKOo
7ey6c6v7RdI
hH81rth9zzI
RMhlYrXVR1A
hwHXdkO3GSw
ELJxh5T9my4
2-uO4Jr69pk
BF26m0GiqUs
RHfXi56hgeU
CwSh7eF0euw
MxaAOTF1ut4
V27831ES6pw
lI5er1Evo3s
b73yRazEzJo
PiMf06GthU4
v-r7u8xOyx4
u2y_BOlZKhs
S_FNr7dh0ok
YDL-6vZ-Ihg
mFtvMQp8g-0
tiT2UhahIfk
eSIh9jA6KEo
LCm-JVuvFvg
elmcCQLjpfE
NJrQ04sHgDs
5LFqngxJ6oc
t05Jd_aV_IY
GTvty11etjA
2vsfMRNmAt8
r6bBUAr7jso
CLbOcJ16G1g
nJRyuWJu48Y
4Zls41OCWF0
GlTCpDLaaRY
D0s7WsoC528
dZb31Sga-ZE
u9ImZqrmWT8
piUehnBimgg
lHPsSz3t3vw
mR2WmPW3QRg
gxrNAfTYOcQ
0mIJHS5s4F8
IynOB19Xjyg
oCKz3XHKcsE
FVwn2sV6hYk
-IAt4l_ddhU
GWEu51-YBXY
P_CUp29lduM
mmSQ05xCHnw
jD9hrRi5LwQ
WOERUP9miZ4
OGs9l6rOnTo
q6pRatVzVvw
pbV2kEHTEvM
CvfUa6_pwkI
5kuzL49Xxeg
UZkMMsZXKYo
9fNBlLWYthQ
cMLgCVAn9Yc
WN7T-5gHcww
k-G8-NdjI6U
HEQKNfYcsWo
4jjkG_ivwgI
ncZanbjswtE
o7Km9AH1Nzs
GJTXQJNCrKY
hmUGt3kFaEo
hXiykejr5F8
vh4WPK7j1oM
pgOMQbf-Uus
rdDEl3kHsBY
rw_FsIu5ZCE
qI1F78r3e4Y
ICYT3esSeSo
wUG00q-QWAQ
aPaE9ig5oEM
upHgStiog64
CFPRX0yK538
hUNboqF8hdM
7KoFC9pc4b8
cr1HWEqvhRk
gO2JlvuuYA0
T067nX6e5Mc
FiBlOboctUQ
MI0uqD1YUI8
7Y9KH5NZleA
uG3ikJJOv8Q
aEvnu5oxx0Y
XhCGtc4kWDQ
T9hZdBd1n8k
AAAHQMJaFZk
48wGYPFkTng
MIlCkKCMfEc
bsXDoBt-Tvo
H1oxtjDhf4I
SFOpxOd8bMQ
goEK1npa3fY
LViD_JLdVKQ
eQw68vhoRts
AU8vTasPH5U
kMgpKJwdc6I
bxN3IbW36Tg
8saUlvmi5zo
3AdXPcZ3JyU
2wEuLZXfdvM
UsmTt4GpEI8
7w9MS7zLB4M
qoaGZgSIcAw
9ngOsSNF-z0
mNuDHJEmNlY
keA_N_mqzrQ
cgiQUQP1j5g
HNbs3NFhKV8
ahZTWBB26Cw
-YJq2U4oM_8
Sg1Vu1l5RV0
ES7rk0QrDqE
chEbst4Tdqk
JpPZvcl6w9o
nyus2B_HB98
BMgHtOkOheM
HwvVtRtlq9c
UcxJzLxnNRI
t3C_4cdTZFo
Z-QGDWgoHxg
u16JllBuCGY
jCbKRsyqhBk
zODMw6rry-M
ECWVkfVvxxU
teeQPOR0xhE
HbP_NWfvxxY
YkJhpazQyyI
vC-KF_BDU8o
QW3uJUQYkZk
xibNAQ9eZDo
Mvp-_dE-ejE
UFeGZWDP8rk
sGozMkodPsU
yJeaRhSg1pA
uztxyZ5zosA
Ci5oIEfG2r0
xFZufznYuAI
HiKdM_6GM84
MxLcufYDfrA
CYewShaNok0
EVhHPKxSbAM
FHp2k2FVxiY
we5PyNdDhXg
P6ufu5CykwY
WqDUqkyS-4M
CVJL2NI4PWk
gVtn0Mkz2w0
Ab3wuXiQJYw
4DCb0SdB4Jw
3z_6xPreJe4
F02CtEiwtZc
s8rtaXKvv6Q
Cq72CAzas1k
9f_qDgXkwRM
TfxAF_lzCbc
RsgHDdDPE_c
zCWT3cevYLI
AYaWU42pr8I
XQEc-bSOA7U
nKyQsn5Snuc
5_qwkm2jrRc
zvUnMa-li9U
89pPVM4ehuU
SXwQndmHFtU
ysosyCceBgY
OHGywqZ3Zd0
A1aayFL-8-M
vl4p_1anGyw
aBg0SpLXLYo
DJsxnh5Krlg
vS09gx1vUdg
xxACGsJFSME
YlfNfk-Lygg
lgAnZMGQbto
m6svTIZlP40
YFn2ExqDQIk
W27PnUuXR_A
H36MDvP3GnU
yjYdfO4Kw7M
iX0v2vXzgzk
Tgj5sUH3ULM
6S-D18JzG4E
CZ273YrckFc
ML5iHm4Hr8w
iXYYMlRRk6Y
s-DzOJyGqGk
zkVmVGJyrVc
m_5N43p1Ggk
vwoX2AJvbIQ
PjM598R77rM
s-DzOJyGqGk
OCWDyrS9Fcc
Ze3eWkBatMg
70lDLmYRbnM
qWwCA8mpDec
IGSogI01AvY
aUz9AzKftF0
-EZ8lrSFQWw
eZDFCbB_FjA
3CTJrdYqH00
fLm_7NFBleY
YVGGhjp5eas
6psfGxfc4lg
jc-FFhdNG9A
KHsZDRM15s0
l7HMJVkQabU
XjOJYiykTOc
9dJj2c7bA8c
JxBnoBENAp4
35nZAPd26eI
SwKu4CwvCV0
4rnJi9eMd1g
tyOQYGjRW-8
1lRKlyaytqU
ahP-_wnIm_I
ZUDQTj7iX8I
0bWmr-zyftE
pey3XCDJ9MA
ZKvq0pqKzhU
bkD8VFOz4-8
hmOMnCflJMo
N_jX2f_J1yI
bbHmy1tJxVY
TPDJ-R4SZdg
uPD-9lY4XQU
kZp-jVP4HY8
0sk7T-BTvvQ
HIij0UAxOf8
EKw_mCEnE-M
nYwZAS5SPik
edfxrib8ul4
xVg7btRpEtk
BipKO8wEuAk
XklmbsQ5EjA
J3wo2Www_wc
PDcbi0pPjTo
D_7dlG7qPio
9yXyatoCWkE
IpV8L5sAIi8
Lz5ibHIhT6Y
vpxrY0O40Ic
EA69srZdcA4
8OiBaiEaa6s
unHagIXjQEE
1kcTpJ49L4Y
772khaduR88
wnhXYSbtDFU
RCOb-BtCL48
zPEHol65gtQ
PYHEqpOpEeU
gd-3GNxfORE
Um1hQVG9TlI
2EnWzbQ-qok
m678KG7_u0c
Vkg57TwvjaQ
xVZzZy5vkEg
NTcl0jCkZxk
oHfusX58pyE
omBxXzdBR2Y
_FHytF2TJhw
mE5KQEA7ms8
CgIAcz2ETag
RAhiIaEcwiw
EQwnQCU1WEo
V2lbuYP3H5g
02R83lp7t8Y
RduBLAYWHgY
1jtL6kV74K8
uIUNtsP5DTk
a6pBND1BBaU
1r1OJPdx2RY
V5920O25bRY
2s8QIbyVlnw
sqm1oLsXSVY
vaB_cUXYH2Q
stxWPeJMMA4
rqbXeyTXdks
UsgYa7dbVEE
X4tc_NEKRQU
FBRH2Ia5YpE
HPztedsrP3Q
tO0lfYYkvUA
Bt9m3swVN6I
0tiQFPVGBaA
pjINHtvwmJ0
DtsTICiWyuw
0uIQ0n4VjSg
tO0lfYYkvUA
c7H0SWPW33A
76MrJKlls48
o29vmHy_A80
hDMy8fG-LP8
M57xvuYhsHQ
_bTOvVt373k
pMAlir3XCrA
u-WH0M7-x3o
pFdI4Mcy-TU
YA72ygayqxM
ZQxwImoxWJM
WQEZgJjx6pU
ky6pJixEl34
iCv_JKxPLUo
lXm3YD5l0Ro
YfPmuJoMBls
AxT9elxCE5I
LpjMDA2-gPs
FtGZcVJph_o
2fgp0Qac1zQ
avA_gWPFe_8
h_qqWYJzyGE
tSdihFjpHS8
UiKrG67ylMA
YgnAx2eJTY0
pjxgmvVAy8k
n30VPuWYcgs
_fV3CJk8h5c
nF1PdwpgSyM
9S9cOQdsILo
xXmqT0GenS0
RO5SWej8BHM
el7f3uptrMM
1T7udcRbMmQ
A0GqMo_LBKM
_SIbIp3KvVM
GyT6XAWFZtM
K58lK0bBAAw
z1wZUrJ6eZs
E6lOT37ujFg
Vt6V8oKKoUQ
5kyZJD7bASc
VUULPnmeI9s
wFKuRstW-YA
Pl3vfX53Vj8
MVGU8gZD34Y
5hcU5K8_NuA
CfzJtAk9zYo
FehzbM1M-e4
qYq-K27agIQ
JpD2S_DiSdY
z0VHhhKP3tU
AKfgjjwoxRc
ls18qbdTZb4
d2C648iECcA
hRVmI3Z5KOs
IMWJf7OWSw4
QHvxJIOe7lk
JN90py9Cuco
wfja83KLe9o
MzLpvcHzUUE
-mCQ8b0DV3c
APXlAXkC4W4
HmSJVR61QTA
HxTEWRCSvK0
R-qjh-lTZLQ
HktKU_Rp-44
Ix3oneXaMQ4
MCPHtc6qNiM
-ec-X5RvxbM
IxrXsALSNMU
Q7WaN-W_-9U
MuKOViAMLcQ
DB2D9bnKblM
KE91CCpHc40
3dKz22cCAzE
XrGAxsX0ZT8
F2WlxHXO-do
dHJy-OnIguc
Np_rs1aZ1EQ
drMtOjf5qnU
CnaDjNU-JVY
7-G1T0YMX4g
ZoehGFImwrQ
Tawwei81elI
GsGBoCdYm0U
FX-7HJGLkRw
-jJrmhOio0U
6Cc7BrHr1h4
jPcb2aTBNo0
yTR1daWPT8Y
tYwZqBAP9CA
VX412WkR84k
xAr1rWc3QEU
5QWiMwDiEZA
QJtJcRqV4GI
B4S6BhJz_RA
eQZjlafKIdU
V9fOULVF6a0
SEOd4SC-998
LgKzzRNLOM0
I95YiahuWMU
vyPv8VKEKvY
LenqdokpG7c
cf1sflc7qRM
aHm_JZ5nllY
eGCCP0IjgZU
QiUKu-vYRCE
DXhK9pU5ldA
JVcYT24gRyE
jqzosmftayI
a4cVGWTzKo8
TDLcGjLdX20
FUBbGIlp6rU
qwZJgGbbpZs
QaePyvrFN9g
YZryOOCM3hI
FaoMoDgJDvk
5lR8hbcFalI
bYeVqezxDLw
fbqbRoI33FQ
yGUlT5ZfEy4
wP5IJ0zVmYs
kHsUGavMppg
U_4Zq7ZC7u8
r7FBhW6I0zk
QGRO6bDRRag
hF6ncBO-PnA
wkLYBLBaMUk
drjnNejZf3s
In_YnkHvC68
hw3a03iIKwE
6aNrKMmnwSs
J3GnEg-N6eE
ADG7_cCBfzM
E1bK-7q3GmI
z_9VzxxBSdY
l4puaqy0klI
MoES8vcZsxQ
OBn0NmwxdWI
mG1SzvlUwDE
5QYb4C5F7L4
r3dVexVdreI
WsAqdqHpaqk
BSR1j1iugQ4
D5JPknNDt_0
OkRj2QqG-_s
U-hDNdiBd5w
fwC9RJopkHU
oiS5VDnGwnw
oYgHEzvx-cs
J9wgbWcXOZI
1mXoD2_7-M8
R2LYAi0YKnc
gNlZ99D5_do
2VhequJFVVg
tu8UMZRh-4Y
w6bJi6G_VQg
acul9n9lkSo
ZryMxOQTu9I
IkHaAuLucY0
uF085Z_0gio
FDlqGqujIU0
3SmK2MxTuR4
e0LTeGDyCqc
lO67AmyBimg
yfgWF_wx8fA
mhx1kuThfy4
VZp2KsBoQzY
3rOmXNz9GmA
RjlyVSoqHBY
h0zPVyaZQCA
HXXxmIKoJYk
-LbcTaY7ASE
YbCcLHj7-Ak
uGBCpLeG-X4
R8Lg-8WszVA
1HT8NjOn2J0
5PUq1S8uJ2o
gqu9f1u3GQ0
u4hp4SGBDsA
7eD6t0_dPNY
9u3BJJPFwQE
S7SS9OZd4hM
oz9Pwn6nyfY
4hC_bMA7qoQ
KtxsNOTSUuU
id9GAW3y1Zg
kzbKHcYIMro
SOQ57iZVdU4
WeBQe4ynZbo
Mor8CV0-8zQ
58rFkg1bAzA
ViFUtIljBQY
JBW_1L1pLmk
h-H-nGQjCVI
28X1baj2l_I
0hv2CHjGpIY
AEfdaodPYPU
ViFUtIljBQY
oRoBFpV0948
WpmWACYtVwY
xEB03ZaFz44
VoTPHZvo1wY
MpWAxQsyq4k
FBNC3rU7NTA
gJdrVnLdwlw
C4fyBU6MOwE
_I9XhBxyjss
bmJeOZ-kItw
aESkC545CQA
8gwvWr8UdYk
-wCgt457Me0
9jkPw4Dite4
4QCQXZpQPck
uPdme4BcNR0
CcJAJ2AwG-s
xfKsw5InT-s
SxVBGgto1eQ
JEkdATZogrg
wFjPuBqU618
pbNsX-Vjjy4
3LDWG9IONDc
nSD2ctrG7Xw
BMMJtaP-Ad8
0Dr57oy_sP0
p7i6UMU4DQQ
1q3iaVJr4tI
NXUd39A9tnk
84uYlD0-XGA
rc5zN6qv-Eg
3kiyDrw6Z9Q
jbrOR32YNAw
GdCcPPk38hc
WERFeQzynYg
Sj3g5dcniQo
8ue0dFZBmZ4
rBa7GMIxGEI
SidchqLoEys
kIi0sNVBTUA
acOUIkFUjxs
8YYg24MjA94
jiKP0HioAYs
-WA4mNXk98c
JLaW2GFXgR8
t4N_yqLayuI
q2lvQNrimlI
-s5ZueSQV5g
IWTDcyZpXAg
SI-3RsgvV7A
ari6YITy3bI
hTfNs-j_OsU
knj4qmWJ3cM
D9kZjnRrpAM
ptQF6V2tBmc
nztxCFaZVeg
JHxouQsGxao
ShscZhKaIGE
uk-XuIwjsSU
zpwkod1Mo3U
ItLvRrWxbVU
AhTizr_8wIc
mGltE0ZUcR4
OOZV4CwzGFU
69d33zybVgo
tYm7pNKkAj4
YXmuIepwSjI
Y-9302rqO4o
_MrSeQbcgH8
JEYcvvGM9-E
uY56vUDIBb8
JgbpH1DQBTc
dDe-SiAMgAw
3S8YVnD7DuM
aCu13aD9fQw
9Zbn_dkNdw4
sd7to0kuWqk
RGnrGMXLCto
G16_VXilFp8
GTcdL9HtLYU
kYYmbU6pQdk
NxjMAIB1_5c
pcQ7jFzATDo
MlMPOuybBZA
T56X5LRN4kk
K85shY3LjC8
DCjQdFee0f4
CZ_XsNzRDIE
kOnjU_mGTMk
kBzM7cNsXVQ
6CHwIYq3-mA
jpRGKVN98eo
u1d8Q0rpDEA
aG-A3ogDAr0
Tnz-9TguW_w
PZMQxAUG0Pc
OAuNdpxnm7k
0q7334bS9Tk
y8v3VHOAmQA
HEO1XsdCb4Q
XpLzvYFJWnM
FdwhznoNNM0
aG-A3ogDAr0
XPuzJ_MSjAQ
gOiD1GfrAGk
le5nyaGT4gs
pH8Gdw9eGGg
QNcghZ2yTFI
7JcynfS9RBM
qAO58ouilVI
JJvrmzU4IC0
kfScxeJeQj4
YI4sV6X5pso
9YjKv9qJaF0
ICAz7QD_pKg
Y_AU9akJak8
MHwyJIB08fg
Z2wRQOc7Wxs
orLVbZDXGe8
01-GUEBWYFk
ydFI7eMG0jE
FJbj2RIk3iQ
RnivB1NFTys
t1Bnw-UD0co
i-inL7hOHpg
FbdPGOo8td4
wQU906hgXek
qeRWcqDzjI0
Hx6aZSQZMJk
xJ6qYtYHurY
kFxxI8ATiEI
voyQQp1q3xg
5zOpVZ8WKOU
hSFkLDo-K7o
5xs--To414I
QBtwlQXpDNw
z6hO85r-oDU
wL97HEx_YzA
ZqL_72AQamE
zImQUDwSVDI
ybi3nMwMqJ4
IAe3mIKI560
nggfjuSI9qY
POcEryw3oN8
bS0LZ9s2ksg
um821Ttcx3w
ejRf6ZCInog
7MTXqwpEO8Y
Ng8Ght23BcA
8AKlOsw16xE
4LaNhlEvl5k
Y5VMkhCfvUM
s5gtTqeaKjQ
PQFLnZrgnEk
90QpmWy-62c
4tj1hyZO-O4
mwk8bveTo6c
--CqSBGLyz8
3vi62lQdB0Y
mgdEMIq6LT8
iuoIw3jBV4g
7dBcq4Va9D0
e93HpUr3iKg
Sr9N3FTOMoA
ocOiGmSAC2M
xbkQBGepS80
d-LWhEGrSwc
g73E4JSnhxU
SOWJmv8bP1Q
LtsD7e8ubHA
jXaSfXbTYF4
zMrU9S_QDCc
Hll3_01szU8
ER6LV0BSCuU
akhrsLL6lkc
j1kx672IwIE
v2Sz3k9gKp8
GMiJr6Ckrug
flWnmhD7rxM
pthy1vw5mb0
W8t2bZtqDS4
POP2IFsPNW8
lFFa4ngZXT0
ay4MQxvEHyw
Jpk8XVcDmms
5xQ6PpKndU4
Ft1f2MXkCDk
nG7aasJy__0
LMjD_wrb3jk
-OC8z5Obd6k
YD6tGHM6e8w
orZ-HKzFT1w
erGWrPYFTYE
HGm3kUNuQZY
UicS88ab5AE
JJPvanKpfoI
19Wgv9bj3no
-5Nn6Y14vyo
MPc_l6WgnwY
w1ZUQc_j7MU
eWJyjTmN30g
qi_N7k6O4YI
cG_gt2ZhMEU
YYsqIG1CvQg
O2yy-yRVuSU
jRyJiL41Umg
aXnrm5wVfeg
0dadeIu3xN8
KGhBPJyoKmY
o1obeBSpMQ0
xCumpYibZFw
k-9zsaLElPU
BFK3DJ7Kn6s
HTE04hyCRBw
cTfHwJr1UnM
63YlD7fLagk
q5sn2NtQ1Pw
AljqjyfJNO4
egoDE-H6kxs
-BRHeg0j2mU
-G_QFK_DEGs
Y3NdCcR_nME
gyyjve7BD5M
soSURELlbjM
747D6J4iucQ
juM8w035Xsk
zclgKHcbBCM
-qqPJQcwhnw
OETpiRuiLyE
3q-SZv6HqA4
85IiL-LpMC4
BnbzLE8fJ8c
g0__ly_clvI
vexNl_LsbuA
SB8wAszsU2M
mxKukl0sisA
VlqdyXj8W8c
NjX4gZp0hsE
hHSCeL7eTgw
QjResnzciI0
aTwyd_FgOME
NrgEPj3XyzU
zsyK6_szRVs
W1zvb_ottiw
gDhUqUvAEhg
7w2sNnQsaxg
9-jnpxeH_XE
MX86nIbv5WM
NbZAgvyaOUg
pS9oVANUsDI
VT56aWwpffw
g-NhGW1SWHM
FAECjo19Coo
Q6p3Pw1Qpts
Jubr---ObKI
K79XI9Apjzc
zwHiD0wE6zw
3FdiQw7mlf4
weYJaJuwlaA
mnRiEFL7t9M
eHyh_cGXKDk
4jRzz3fbWCk
zN0G0hvfH28
6KZktc-upe8
Y8-ZGN9i2xY
gcMws-7QbiI
M7G8C0Y20X0
hbTEW-kSbb8
m8Zjg7SuspA
_t1jfnn28ZQ
FQHqxpQHTzc
n942Y6EZKQI
01FxHMoI5VY
W9Db3siwo7w
iGFD-MvK4Rk
wSnA5Dku8x8
8X3mX41raY8
qVmpjYaJDfQ
pdjmRvDJ_AE
T98slwtmmIY
ITBSGQYR1D0
o6ZCfhUM5Tk
L_5ri4Dh7e8
OAwIYWwoCbs
rD8AHc--9Ao
n-piiJ0uJQY
eNuWz47VZMU
X5MKP8JZJbk
2r9xPLUTSzU
86g9dpQTC9s
-snSIzjSJuI
pxXKBGNZ_s8
LwfbbQs65zw
9KRwQAbrTg0
TayFbXLia6g
nEct8GJa2DU
X54Fb2V3cm0
B30WJ5K8GVA
8ZlCcPAYh-o
rSzJ0GCz8JU
grfRsSuhC5Q
2FET0G1YEDA
kkiBEcbyW0E
-_MU6lAxi9U
Sdr7EujL29Q
g5lZOajrh_M
vjg-_pLb3ZE
LrZQF-70VjM
H8LiPgHoCCA
bXgdbagpOuY
hhvrN44d0Gk
Wc4qQyVQnCQ
UIBmsC4YJK0
DLsH2pYMOp4
ZxP7E3OQc6I
_iNGnshE8Lg
7fTpetb-u6I
n-piiJ0uJQY
NG4-5FJldlo
9moIs7oOI-s
F0kRBkInVCc
CLFq5Fkn5wk
ls4470F_FaQ
HXjFNOa7Q-0
IWJEgPwG2JY
_7cb3ZJX_EM
sqm47kDr78g
XKU_nGQ-8R4
wiT6zYeBVqQ
9dZPpP1TLbw
83xli9_ZUnk
UC0ksXZKOc4
mXOPyJzrR00
k_xtslGXDLA
PthJlJNfi4o
fA1Y299rNA0
JrJ9aTTjDVI
P3wSzIkfOA0
SLqPMPp1WNo
iQEBtZy7P7o
esdG0CUUhQk
AiD0QVb8jYs
xWT8BqjX0m8
IGKwTa2b3Jc
r8trpd73U78
0Vgb23-DDG4
lOeYbZ8H6Oo
CU_F3dzhVrY
DhcnS22SCzk
fJKxmtW0B48
DuMC8FGqri0
PdWc_btUDho
dflN3J5TYQI
95kwtzJuvFI
fsPpPWpTqEg
Z7Npdqseb7k
OUd1wTyKguw
XTCb1TKz7Mk
kR1aJdbonwQ
lLLxiCF61uU
obwkqXIh1l8
uaxfpdl4mas
1b_K6nlyW1E
gcRVex_INT4
cCCtfvnzGcA
NzNphBdjMqc
PUk8pNdQ-g4
PrchcuPWRpY
0OFYqHt2Wzo
t3B545-50lo
jCK5fzsEiz0
nCyaywcFGKc
zcI-DWAYpiE
g7g16UAVu-I
NPMrOY6BHBg
b5BX9s6v5eQ
uXz58iZgxKY
Z8iOmko0mSw
ALtx0av6EMI
ieg-U212ljg
yLCRC0TK16Y
iILdq7iQNzU
ZSesFmvTwvk
xlJRKz1iKyM
0PZUEieOeDE
yvJ63kjKNsQ
ZrW52ZwZbz0
fbdODokB_NA
-JPICIuFeqY
w1DkeZ_D6pk
YDp1Vk1AjvU
HvnJtWjQQtM
1elvvrLC9f8
SF8bQJPf9tw
77Zq26P17C8
LeMS0ZfHB_g
s8lioJQgQDw
DkrfZhsvTS4
DDQyH2NKH7E
173wpNKGVrE
zvuAjgda7Fk
TmbxEty1iC8
yLCRC0TK16Y
FKBEHQ1R7sI
Dd6kTD99BSk
3Se9F1Qg7zk
MuvP_4dlujI
Oy6gJ-Ux1xc
QRL8Zj-cMJs
9IwZI6faVA4
UygO-_1fu9g
3WO5WKYgHzI
eelaqi1di28
FNXMe4C6_2M
sdSjHUv5tE8
fwfwT-pwe4A
NNPIcvCoqiE
ucqgTWIg9DI
oY9bmIZ8hmM
nQoxtHMVZX8
y_cMDMFL_NE
l-Wl6zbrat0
I9OC3VnMTHQ
TEEYe75GBsc
4YyN_-BmsOk
ANhpavjBBnY
-_c7zZvl7V4
2_TqB1uzRdM
c4oVyOXrToQ
KG2XwqgcH7c
Se05XWUKVLM
Cqq2V4iH9Zc
BL0291yDUQI
acFg2pnCjfM
6ueoZX774fs
7_J0IesY0AQ
hhAVFH5wheE
ewnf03oP2Aw
qbjvj0pPDJ8
W6vtcCS4pmI
TgmbDHqB-JE
SsZzCkugiBg
UsofEkCV3to
hxjJQdf_AE4
dlGuDopu1lc
jURvZCAc8yY
rgJfUe3eq6k
MQmj7vd2TrE
PX_stzHgKxg
Esxbla2DBNo
jGYkfFX5yr4
cexmHFFTJEA
KL4-5oB6cnI
NF1NLQel8Os
dVzzpGJuzmI
B8uNSX8q1Lc
TYqbruyK7Qw
zrWJntTfAHY
TQGfraRMj04
llpzzjkPjME
sQNpVMDfWUE
tuHbXVmGD70
38YUDPIjid4
8RvujhgRMoY
CPCUU_0hMwM
ga_Mqxyy5VQ
tujwA3H2mQM
kOobVu0pKFk
YDETmUtXcYk
76B6yeouSVs
Fyqj7weJwDU
l35iNxZnz20
J2_V2Sy_SSM
ZQzz8Y9px98
-6p3MFZkNtA
2VquCR48hAg
-hQINtKHY7c
0HitvTDVIxo
XD58-3aDgDg
Jh2ERiAVuh8
Qdm4FRctgdI
zz4gI_N9yzY
Je9p65o0t9c
V31UIegBJEg
mowaYfL2uPY
w1KMpjhPgt0
xZR5izMtFvM
rbhlyecZkC4
iuf8_BlQwBY
kN9wHVBJgaI
IQr8ZYBLGXw
bt-uxVFysHU
0UIvSltuY_k
k37smgiVISE
uxGqF4mHi9w
zZ5HaGT_8Bw
_IfbHbJYcUw
jlu9nDCx0TE
KBvvQ46jS90
1NWcc5J_ZTc
jlu9nDCx0TE
F14nCq9w7cg
0d1AC6-TJCc
OywG4pMUV5w
K05BOu06mSI
PNF14QgjiGI
XrWU0T3D22c
53EbYtSynN8
Q8Nt4Uf7O80
Xu-ZhR6XXb4
dOlCsbbrFB8
p2Cksbi7Yc4
H-KQkZTrut4
T-gkK75X_RA
dlDz7BraZ2I
tQHGvVIEOJA
UPcPJwDFvfk
xho8g_2Epao
p_W-ci-3CU0
n59iXRuao-s
R7tW-d1woIM
aYXQYpQgRbE
48Srbk5Zz1Q
w_f4uLTKalE
iLo4vHgz2po
SvwiUFOyXUk
LfinisEh-IM
LU88-U7S0y0
z2S5mFfYOrk
qyF6yYw3cJA
kENbDoJEz78
hWude1-Az4M
uh4R7Rhhliw
XuErLBEyM-I
r6v74qlrhSY
ch9FY019Apo
nv9laZacHn4
ppu_6-3qNY8
cqgGgJjeab4
LsCEWxieP4M
AumNUMbUrIs
6H-C-23JePM
67_emllgyeA
5TdeVb8sNNA
fOn7H-qtDsA
M9B3LDaQhq0
OdlwMcgXjrA
OJ80NwLO98Y
2JVWOd-DsAw
3zOcL6lvENQ
Cif_YtTUtds
kYHe-63mnQM
s43kT4hAQfk
PpQ-6Io3OoE
XL0KbOmlC88
l12rikHmLns
ZSbqzcQ7dpI
eLlJKvPrreU
TAOC9VLxUaU
AHkRuIWs2UI
QSzHbCxCrt4
O9Q9CLS6iyA
usWW6AXhHKU
g9cL7bzdNMg
h2RZqCLKqQc
1Eb6LUmy3uI
uXxepLkaIJA
KdlM2QYBlE8
39brGwwFPj0
PF081fjn2Jc
eG11uCUluBI
xlbI9NM3C0k
LsQ1p0vQMXA
eAm3PA7x_ek
n2ZVWf98kNQ
X6ZHDP4h9w4
EoD0LxacifY
vxqmUrnnveU
cfCODn_u6Q4
XUKwSCNbII0
RCg-1Sjv6UU
HzuQAUXCKYY
CRNgSOGr_6o
EU1Jgtb5Ako
RyfxH-HeqqE
