NETvQSLkHHo
PlwG-XVBQJ4
UMI-yrseHhU
zP9berDdpu0
MxDoWVUSlf4
Dp97jFEnPvU
mNYGhsf5G1k
ILzzg_w-zVA
5p_v6oAYy-I
Ogx1XjogSkY
H3V2RkjwYjI
FTdql2vzMkg
MBV6uwoC4wc
eabirN7QkCk
dXsG-qN2NSM
3a3tZngGEWI
GwO4iMcJak4
pUuGvvVMhhs
FlPMVPMo9EQ
xJbHkWTHiZ0
WFXlxyjGkB8
VVoe2au7Jog
5Lpjr76GiU0
mF0rxGwFXl8
Ig8WwNXSWcU
ku1GB9cgIu0
X5JDDko6SF8
yeHdaz5AlPY
Z6jYru9qa_Y
iMl-VGypV04
7lkBBsSzfOg
haYnUiXOho4
AA2JII6TG4o
x2oGaA0ycj4
81TgEaVpa2U
gRG9JkPapiM
DUU70CdSIFk
-nDEaHx2iN0
97FuO-hEhQo
Gb_r5Lx66T8
XojljVSdKCo
222Q-UHYd8I
TIu_JBlI6PU
rc6BREHHGF8
5l_jDNowMxA
V-DbLiTWY58
mmBAWZ4vUkk
IrmtlP9-b0Y
xqgH6Ru8kwY
ZVesB2ElAPE
UqrgLN5iJsE
LcIgaqzzp48
_EoGWR4mr1k
Zp9ZJiFFBnU
R4Vk2m497KU
hDF5guMW74g
rHjEQA_CwWk
VvGs5bGwWiM
LDpuhrSmWj4
DxXhUVUTHOs
Yi0QFhPzmCo
XD28sQIsS9I
FSXulItnq-s
3JV2MaoA5Zk
1opHWsHr798
GQZqVY47nrs
RJ-2lswcko8
kk81ZKqOX54
o4bMTwIsF4Y
Ubwato2prgQ
zQby5LiMVrM
4dlIir9EDPw
sCHhgwRkY3Y
O5rb5Js61mk
95NwEx3u5lY
cNi089rmj-4
TE1VMuPKz-U
zmaskjUcTEo
a0UMMUP7K48
nMTW_TKzaMw
FpTyHXOdlFs
upBP2UYyRZU
SvR17Ta8nxM
Xaa3xZjF_fI
KIln7WXTk_w
qTJxcX6-TPg
rdh8zPr_ZmI
1sV5qU6e-YY
5R6kUiKQkxc
CxB8rQyQ2qU
pB2uMcPsE3s
zQO1RyBr78Y
afmxd42UNZA
C9pSg6HgDX4
lMXYeD6xeRs
tUl7-SvntQ4
mnh-kJf38fU
dqf4Z4rQP08
EMnTrvGYYr0
h10kXgTdhNU
uN_yNRFv9jM
GgZdwL_uSHw
CMQqwNxNBHQ
-1Ft5wjghSs
DXc46-NlOyw
7kO-RvWyVew
QWfSHknaJ1Y
WZlSn5GSV2U
8NDRqsQWung
FmsXeXpRPlk
60YKAklKFfg
teGfW9l0TV8
46-kohL6rdQ
VkhDZMwR9eQ
DaWgXROv6pc
7zZY6DihWkg
cVPMka1qt2o
O9xi-WL_lZY
BlwPxJGNops
NCB5uvzi_jw
J9Sqp0eyqSw
ucRgWgAAXV0
k7f7pbbEtho
K99wj7R_Hoc
wL3ZZHqFDgI
E7JJsqat0Vc
RTj8ZoCiM4E
Bsba-dNApvw
HLCQmIdzvlY
a2Or1bg5fjQ
fXQS0jOTHos
PRHaropPZCc
PagNM_oxssE
Li2J4GxZ6iM
1W127aKzgoU
GW9SmJ6Grfw
-oEqDliclqY
QhQQtU8IvLk
gFio_8aUS4I
gQW4KjOFgkA
tNxATohmZpo
s0uYzwN7PRs
VKkNIOkGtnQ
7yyBSO2JoVs
MdeFJ4WCqhk
bflEUEGGQR8
euBY8nWxg00
Xfu1yBeP8O8
e32duDpXRyI
8X9Mc3YMhA4
Knv7ZwIBmvs
wxJLO9a21NI
JeYUoAbM0v8
ScqU34KgvU4
B-voue3JhG8
Y2cXHmSjDO0
J7YDCSqSFeM
cOAbl4SgT_g
Wt7Qln8eVX8
6HAkNxKshIE
7zhREsGrT1M
BzVP49iXG74
5Ivf9jrXGAY
5daNMXer2UQ
lO5K1-X6w9E
N0RY4gxer2c
QX86QXH-Aj0
FTtSv4lLIL0
kDUuKSZzd5w
5sObVHXeMZs
V_p_6qLcpnw
u9vzE0UIkww
LXoRc9_ZQKw
E7rhKZmstAo
8e_bG6jA6uc
xVq8ExtN1tw
8WObny_hRd8
VmiuOv_G2pA
pTrOLaOtlWo
vK3mm8P21ao
oQdWszO9ps0
sYf6dD4N86E
WPRsUfMfM34
k8AiW3Fu7QE
htGoo2L35Yo
MtxOnwJRoMQ
287BgXQY02s
mxxi67PBHHI
w9G_1aMDiX4
5W8TRj1nV4s
Aq8b5-WX9Gg
fXiZFxJu844
_c-laOh5rbY
7-7DIv3AU1o
cBA5hEPhqYw
VLqTssvZDk0
C52ZqjibU1M
fmC1t3F7OJA
gbVOyKifrAo
L3ct-fV4UbM
ESp0Lea0meQ
-7SlgbIIn8k
kVGXfgY9VFI
ytvu_BO5Qso
JsXc2KRfYXA
HaH_QuqKQa4
dgUsHzi0Q1A
6ekHVXkkcCM
MmXq97do-tQ
iRPDGEgaATU
n5HN-KT9rj0
RwWxkXwTn24
72kgkT8xO5k
559Q2CN_Vzw
ymWs-uuFJis
X9NX1p1lkaU
dZ8Cy4wULxg
HQWZLi9Fp2o
FhCKfxy83BQ
_9WtM10JxtI
7K7pzTejBlM
w9nsIkGntVA
MegFkaA-9p8
k54jvUeRPao
41d9DFsfmrA
s9IwamztdqA
iVpFD8yTKB0
g_C0NusyCC4
gFn8YoTaMZo
Bt2c1hU_k4o
b0qyeFVf7bg
iYsXDmthGgc
_snt45unyqY
lDST2tYullY
soyuC-RfjME
jukCK7Qb2eM
7qfyxGDhegY
g0DyWazbm5A
cWzSdE17J2A
MQtMkQ-V-7M
bJOWHaiJICw
vpFUvfAvKs4
Ak51zb4G_Kk
lHUjZd63z9U
gHfEdx1z6x4
N6NscwzbMvI
lWA5pOmSDgQ
4_idhCca2XM
CBKF6qru5SI
o2ZcMan07x0
kPvKv0LHxsY
xM_ierxfkV4
gZHTZ2Bt3-M
EuLH0_4X168
JtDYS6w7ArY
FSfSPW-mbrQ
4IJRkUXQ9zI
2-lN-KTpK_s
T0KKc6GbeNo
nOsfnylS0OU
REHex5e57HI
8vrRY6JXKGw
GJJClhqGq_M
4lqeseEV5_w
ZbLaW_nrBoA
OReHUmAb8YE
6UCHJfNBNXQ
iP2WlfTiohw
DZWmctv2OF8
-bsjPM9EOzY
w8kfbzcDn3A
4Y2AunVKZ-o
xxDoD4d5deM
RDmaPdyqGUU
dhS3fRkJraQ
VvINUQUpbRI
FzCxD_b0npc
XMj6M9eah9I
5hqzpD9drdc
BSAoitd1BTQ
jZNvlbLeFVA
cvSdSnZ-3Fg
LAgLxI5izQU
Cpapr5C-ams
C3MiIufHX9E
PIDJHbngfM8
KV_Rjoa4NS4
nWF5m46C5nM
HdlGlAYN3uc
uhQqXtWvkqE
1bjMsnplID4
RJU94mjrC8Q
6NOSD0XK0r8
_VBgaSD4SbU
WAAxqJ-dhI0
-0Vga14GsEg
hp6hM4W8oHU
xTfuka4DGN4
4bi5ZwIcH8E
OfZsSpK2XNw
gd_P1n-JHWM
-_t8LG8ZZiU
Mkpl-xPFkT0
UA1br9n5lQM
CbNyUKqvYwE
933Q7yjHg0Q
5685KJmphFs
UlxamSp93hg
GAhA0sbKGkk
p59TDk8nOkc
4DXQEbEGx9g
-EBndkaAvKQ
gs9xZfw40bU
QkS2k26Zpkk
ofpbDgCj9rw
-4OKCmCJpgI
eFBBcWlPaT8
lgrt4fecRvY
qTPCI_yF1uQ
-FlQ1iDZxnE
Z7LVFA6vz6g
VWZkNztU_vo
sjnsvq1s-n4
O3FNLhdG6E4
gKyBiOKYo3U
8z-OhlILrUw
5CwXB4-VP9Q
QY2CbsJYoAc
vufdwNzP5xQ
7cFeykzptVU
cRe0yt3HHjE
yCGT4c-BfEU
bszMjNwKmNw
OaOEIqNhco0
x4YxSGFqOH8
PhDKxQfWESU
Wooa2bxnyRQ
N3iumDDgDu4
Fjb78LoPvog
lpit8jc3NeI
ZSgA74k5Vnk
wmlRqHXpevw
eh-7IcX5wOM
Zj3xpARQVZE
0UI9cF9OJaU
bAOmyWMxhbw
UkNqrl5GEc0
fIrs3KnPsUw
k2n0PE8VMUA
HgKRUj13llE
b-vwXlg1874
Rj9tNy-o8a0
q0j1xz5kEyg
EFf8wWejqeY
llTFt6OElEE
7w8BXgZ0jps
ivJyBYCDPSo
aKXkIR7rUe0
IrR05IRHcYU
c3Cjt-a78aw
nyKJ3jcRINc
tnHMNShKz9k
cs18R78idpQ
-6-HHQBTggc
17JMEPQjlnk
FxwKpZ5gUjw
-fEAPcgxnyY
BuZ1N0kAPjE
-EQB62M0QPQ
_XL8W706fZM
7i41iek3Y20
PDEgCEZDkTI
xLJNNplRfQg
HmtNLn8Q2xQ
qsUrOmwI82I
6qdPij_Fjt4
HmHZ4hDvzb0
zYItyzPEYbk
d5-3mqDuj00
q4D0TBPd3JU
CrJuHWTZqRg
CehgOCJzwZw
CjxhLlBX5j0
EJbzokPbpiE
WJSJcPKA1Ug
i6P1X5PKqrw
s5g57dayj_o
friB_eIph3Q
EWR-ZbwtcBM
-dOtfYjpuPM
VFrLpk5OXfU
6y_bOb3J0nQ
qo0QSgUEajY
YlRNgjAL_jY
t2Fm9z4LGDs
hPVHzZB7gog
gasCIiRGOpY
aCafuOdGeRQ
NpthAcEQUuY
t_rhM-70M_M
IWiwgofHTiA
xw0XEnQ3jKI
DAqEvAC4_-E
gP4LwnyCnSg
reMUmzO71XE
mJfuYipW2Lw
3mdk9jQnTwI
Db88jjDfwYM
bt8zoeTOQTI
brcNH-ItWgY
Fv9rbCqHrQw
KE-urLVdI-8
tSMuRBkuwlU
dHyi4d4VQvg
1vGmMbpxRHQ
M15_ic8b4rk
cB3jUQwuZMA
Fxx1KdGXti0
2AyWPRwDFGc
-5uwyHkYECM
R20xAOIwDC4
1lW7jVqKbtI
Xahqz2f-2gA
HPoBGQ02JTI
QvkxuZXmR-o
y_K-QHT6-3A
hscnxtr0pss
zoABJoKFxZA
lja41Z5bPzE
AZLZ-7BkWt8
DxAPUCRQtt4
3DD_8SJKAjc
kj_X0657WP4
0mYoko6e87k
2gvCi86XuUw
hvXtuxFBkCk
TKHjGvXyrwk
AZ6q9Ulx7u8
rpy8B4Jc1hc
Z4HittJKRLo
vdWUpIMP10o
BxQbfn8cL-8
TrQ533YfuGc
ihF3ZRnHHKs
UiAkb2znzsY
cf_Y1sNlPzk
v9HmygZb9rY
qBPpdzqsNos
wHa-RajyzIY
Eb1kdElb9tg
cESYqsNrrXA
yLCtGwSd9VI
CTlrYyXu1RA
RMTPekS-hg4
Jx878dP3XeA
1aNzqg8BlT0
816Y0mLpoTQ
c2opg29hXII
9RzhKLVAO7I
kY5_l2qrrKQ
NfeH1Xl2iqM
XXUXvtoBhUo
p_KUf_giuZo
lRBwjMn-Fto
deAON1QryIg
8x1NjXYt1RQ
cvyfgRif_pY
PgLUF2F-HKk
LTXVAqU1OcE
33FdFeU5ft4
OYWBNMOCrlo
bphyucResSY
aFrfV-y_VC8
e6PjzCpmmGk
K2_Ls3FR4CI
sqJnzBHURvs
Tq86Beh3T70
EAH2qOFHggE
Me1TxOC0XLo
4OaS_ZSIFJY
01yQ30tRo-0
9X9cingvQWw
MkD-ex_Mz6M
Mlu3-xtEyPM
LStvBYQsPoQ
ofeMoPp5uVU
dgqaGGOlK3o
5DhWrS7WH74
8DP_v8f8ihs
E40-hzcbLVI
l7SeKLhCIiA
9UOlJsmvwxs
IthYXImwahs
LruYnDjkOgU
Q0QtZmLC14U
ofDXJsKsA30
8FmSGwvTzxk
zy7rGb_jDTo
07J7FewshAA
DhXDszww9Uk
07J7FewshAA
4Px4Z0bLmIo
8UpGbvOTlBE
_eNmrN14o8I
hz9z_bWULgo
u8QRd18-z2M
QP2-8Zox4W8
iDhm7mHk_ts
9ohZtgXmlgE
fD08qbSnAbM
-GdqRbjMt2Y
93Ro_vfZcfk
aGCookG90kA
Wwsqrjd6YcI
s6D471mkNas
nTrsQ4ykLqM
9BwMpqodrWQ
siLeJOIxYVM
mptrxcBNY7s
mitbZpK3igE
Rf9bCbtC4e4
lk4T8kvF7HE
me9km8M0l1o
r6CNiiMRsR8
tjFzTDEgZzM
zqJPFNj-JLo
UYqyElpaO04
N_uC0aqkv9Y
u-592q55xYE
LWu0wN1at8I
5n8zn-R10qM
VSMJKKoza8A
hrKvLO523oM
H5tNnIZj3sk
vz2z6buXgyc
3aCo-ACDteM
UE4qT_-sgq8
6afY8DWGJ-Y
JgJmJ-0I6t0
AK4XfuPG8Io
n4eufqOVlYI
oqOKUB_KhDE
uTOpCu7qfZM
kRCZBY7oZxY
vMgjWPdSZfk
CLUpLwr9k9M
rnLd6o1cse0
XSwHLxK_HxI
yrjQ1BADXBk
vm9AZOhQEXY
MpGzgFX_X4I
itSTzV29bS0
tOMziVTzX5A
erSOdcN8VUI
U5wTmBEGjMg
RXJE5eqflGc
6ErPhej9C3E
mxPNGNM3zEo
cb4s_8w8iEM
5gS5Ka0qQdI
s7MKWYVc6fQ
toFEGZISPFo
laDDFwzRemY
YlahrDewrXQ
BfdyKngoRkw
r_5oMk9iIXY
OT3Y6Qs4Mms
9somdrvQ3vo
isZgwHe-3I0
I4XNJ3N8yKs
A6hQYXFly1I
eWLrQ3RXW6E
t7aEWzlqhY4
GDAjxuHBi84
VqvRbb2UhPM
-U-BEFdVSpI
bfhv8uf0IPY
OU6MUUIz_Sw
bpgXiF7N9NE
A88BwrkWRFw
CClERAVPj1w
kXqKX3QMfRM
JcJTPK2KHcs
uu-3j1tlNTQ
BBtX1mCaiIw
0NEkgriPv3Q
FpPecW_Io3Q
6piDewfwxfU
lokSxeEqJBE
irGjlYddiZM
EoxiraT94oA
xDJAZ9QTqbs
S0PTjLnXmCs
PU9Ht1k-Ap4
R2Kt9SrHYWk
bMpcBZhFJig
qz9vI5z4N-M
7qKirN4yYz4
4AMV6SLT9KI
GfBJXkBLQIk
irGjlYddiZM
Q-5GCEqt0_E
WsvpQvPDDWs
aoLi4rC6xm8
swUIX9K-vwg
gENGueh7jxs
fnxZskltvQA
tNtxhKduNWk
M_aNxKNQHq0
Sk-O5lGrat0
Jtj1SpLpSyI
Rw6LHTHc2eY
e8YjNO7jDAM
56EBWXvyVJM
ddY-VYEf9Mc
X1NpA6MyosI
z0QzEEDHk4U
eCRFBDg4TaM
zKYg_LlsNwg
EKWEFMauHUY
tVSK9-ktj9M
yJmL9hRrpIQ
hGEijAFJvmQ
ETMAxtVOqHw
Ip3XoAKRKHs
Z5c_XGMWfgI
d3PtvBFacW4
k88PqT5VvKs
jEZx9A2hrqI
3NLjYmMKwgs
W5gSzp2YYps
zR7_oDoBr0A
cXkRJHVNOdk
1LZDgaGBjrw
UXtlvCB7yMk
LvBlTJaDsdM
c0jPryEaR3w
gfpq_CIFDjg
5EarzbmO3oU
1hP0GPQxrpc
F-D3NzS--Qs
r6kAVdLfVSo
4ph-66R4DKs
V91i5hTzdzw
M5NerQi3LT4
QsgRAHtY1uc
AU5-OoU8H6s
tvcxRpg_2zY
mYKw4tRuSHg
9Bnl8p-ODWY
fD1Huki53L0
czBiWm3ljv0
mNQwo84chOA
b8Pj6mQ0Nwc
33dSZdoIlIs
JHlFOY724ok
bNI0_oW-TcE
rKfwde2cOEk
QhZDEiwll8A
dtV3YjPvT4A
k8unxdBHU1U
9gwISWN4BdA
t3GIfdxe5fY
Txk-CZRFEoQ
lvnji7Xc6Ww
1pBPeeDDaIo
R3uNLpe8Oj0
iJTyuB0Z8Cc
DXWfqAPtdWg
wub38VDWvgk
CnL-yZkeN8g
bOzMn5H_V70
DAdYxkdEWNQ
bVOTDyZIwb4
R8O-6ab_HZQ
089xOB9bbhU
QivPQdRc49s
l5BR-t2dvWI
fDk4iZmsW2Q
Ghc0RsIFz0k
Y5lILpS6OGY
zaoogNdAAag
ESX2CFnLpE0
U9xvYE1YErQ
ETe-UL_wuvY
vDWhxiY3pMo
2cPmPk5BPHA
HcoysmpUV-E
UGgFB_-2NQw
7FfdhzYJPJA
6AFjCA9ZzyE
lM48d-hI1Y0
JSuA3GUuuMs
Z-vT-CMYxGw
QrT4HxFoCMM
Rv7PZfjSqt8
7uj1oUCawNI
LuuKvfonSis
smPjH2yW4VQ
VhPKFUjUcr0
IiPUv6aGSWM
VhPKFUjUcr0
VgLZyqt-fcM
JrSFn8DLjEQ
iVQy9LWlGvM
eJQHakkViPo
bLfxJPJDzMo
eMuRXAyqe3M
9T99oS-BNUg
6SJnr88Dnlw
ENMriaoUojw
-rF9HMHl_cY
2_Rtr8zET1o
DiA0P9iELAA
pONZu_qXAno
Fely6gd2Q-k
4DJfC4WQ01g
0OAnm0RpPkE
DmAVlMSYngw
Mt6UwbhMFBg
OCvod_NgYic
K03gRy6qjKY
BrFWUWx-8YE
KQNP9V0b5IM
fc8GjM13CvI
awnrdye9zTg
U8QccR7oJro
xr4w4MkuvwM
ZFfqQ9layqg
9uu8N2sZlX0
JwYNCSppaLk
Vttj7ZKHhKY
13tAAft2tJA
L7qmSccm5-s
TMHXYMpEzLc
t4V8iX1FgRw
uCBbZgd80pI
wShomB2g1Xc
npLlJw7BzOg
WjvQTsNwNTA
Jq1utGg0PUY
xZKGEHPDZrk
ciOt3djQKV8
hST_20hqHAM
HKM7HBKhPxk
pSU11aoFjUo
3Qrlnn35gBo
1rQ_mphb7HU
dDq6XYa0h0I
h30n-1Y4nD4
yjXi0kxEZJI
qCS6PbtbGmA
A_oavkedzb4
T81IEA_0bco
Hc-Jg8swCig
B7qgyU4V8Pc
mjX5eh-M89g
LQOkrwJXRFQ
EkwSuem9-nE
38jyfarm6PE
bCR1DeQmzF4
FcOEtGqDYgI
JSB8CYXcchw
9GkhGdinlFw
nY5n4Zgsl7o
0JlmQOhCn9k
QgHAFkrZE3Q
EoPJRtU4Mug
WRGyvFykakI
xwFCKmJgQZw
eGGjCZbMh9Y
4VV97uSJ2SY
Ispe2R4EgcA
QRC2c_n_Obc
Bz3Jx4QL_6Q
IFqVNPwsLNo
u3izPap5ER8
piwaBO6U43U
B4KOSlNCPGg
pBZPmp34Kr0
5nedlxtisCQ
CEN40UpjPUM
F8A8Refc2i8
u7OYKNAv5oc
1tsHI4cPd6A
LNcPzNwaqFg
WLf3U1T-E2M
kVykUTfNIRQ
qxljSAf_UlQ
bogZPfsm5Hc
d0YvEDjRcU4
LVveMaYEZkk
nF6DT5Y-CLs
rO_xkeoiavM
46pCzPRyV_w
aq3oLYY_QMw
AnDZ4ERVSGo
y3MOpIhII2o
v1gil0pCsLE
03vncB2n42s
3iS6cr6Sw1k
nMn3N3A0YQY
WeGkEt1nIVw
qxljSAf_UlQ
VJlbsvy4zxI
h5fXEp4O6Lo
p3RjHSN6oXw
1Ydo8AmNqFI
PDBfe_AWW7E
ZpJVySmEAxI
2G0FZ0dbBjQ
8BZt8DZixC0
2RNaspc5Ep4
6e_jTwA_rg0
h8DZklYfbPc
Gsxjaa1P9kI
3gAkvqS1Nh8
-WbhZgh2DPw
cexvZ1UaCYg
hXaHalaqIIQ
UFwNsaLrSxs
UhHdU-M1hjA
v_BSAa-rUng
PmxzJr91Qo0
mMWhZG5SMyw
a6cTPfE8fAQ
T5gMHUw8Omk
WjkhBVvw7RI
oX914A6dbbs
zEirGSRcDsM
Z8YoWCXljmk
G7FVdekq9xI
gqRvzNNOuQQ
22dcUKH4dSA
kTbbDhigAv0
Rw12EEamFBc
xqn1lc4hHy4
Z9DOijyxTGk
sHZwW0itelI
GvUoSwfGreg
grgOLmmD2NY
R8GLcaGtKvA
tpNrK5AgW0c
N4Qd-SZH4P0
kyX7X7lsTeA
hPMxiLpZZqY
HsRW1FCmTYg
j-RL1ipMrcY
YVvrHso9c_c
yWm2b_WC2-s
jlEgckRaK7M
Vpt5qfkMKS0
FQnO0crEwBk
R_34R4ncEYA
z_KvRRk6_O4
ZTSlCvggVCw
1FvADt-mJ_o
M0505RbdG5k
d1Qao3A4yU4
wiESisEL43c
r3r0atokQvc
Pzf9QG7Nm1s
AzzLiJ6na1k
1CYuwBcPObQ
TCgt3QWFXbo
nQ0LHBpWd4E
X6Vjn3d70UQ
OTEh_xtZhtA
toLLeYAWVeY
n4AsZmkzgSE
uZUSqVu0CQA
aT_LXes4rrA
StS_DTaJogw
rw9cYiNPCYE
FaBMD-o-iMw
8oe5uTou7QU
X-MBfOUrris
kuYmrQhUGVI
5SQ3g17P2-g
ekIqVAoPPrY
nkcBnCwN1-8
6WvtQKLIPAg
6hZeVrKQn_0
7Df71BTw7Zw
zQqxlzHJrU0
MkI-bcFtSmY
EsVtM0RFQJI
COz_0dEOHcU
z7T7barZEeU
cgu2HWltQ6E
l6XL2IS6CMk
97SafVeKoF4
hHMAnq6t89s
2_Dkb7IAFHs
fv3WhVC5sFE
1JhhBHD0PDo
k6yNBSxQ_tE
LcLIJdH3l-4
uDCTT_7_-lg
0NxQYxd29iU
Ga2NZ51OMLE
ZfbmzSOMlf4
rVE-7OFk_tk
dGUW-51P1cI
XG-oRTGYtp0
nYiN5ZLGJE0
H7BiIj60z-k
gfg-kidYLC0
fQySszS_yT4
G-aL_nM_EpA
SWX4FxyDl4A
fBxuZ9v7eQw
bhN677BzDo8
fH-UUnY8yes
1vfPivxnEsY
LJ4KaGMSDKU
Yngy7sDhRyQ
-74DocIRY28
ohhVYoCCDvU
IbXbvz2SHXw
ba1KefC5Kks
NNLpbUSBB0U
Yf_MVfsr62M
Ke2MfObnSxo
OPMWsJNLWcE
r8ZVwCru4vQ
GH5UWG3AHBI
woSBNV995f4
NiRSQI8XuU8
VtT-NJHGUsk
m2E_uPbbhM0
aqOuy1ECrBw
v88-ydJpuYQ
ozTArPm6aYo
2fDTKiM6kmA
KYJp9UgBQCE
yePTb7WH6JM
Ac63A2T1eJE
t3s0hHqS6wo
ifGS9fW2KGs
ph3n52y5_AQ
HEG82Y_fdHw
p6Dq0-o0GVw
XFyj-l6GWW0
tR8FGRC0Z6M
DZd3NsExSy4
vSlJVUQIs1I
OjrOb-EDxaY
Jlvt5_zDajM
F6MTGA0l2qo
4U-Rv3iSa0M
72VeORpbxeI
O24JZaSEBno
UT0j-J-Cj2I
6T3CeJ-iUu8
BCpzBWzYGas
0K7CypWFWTE
5l7-cTDREyk
BagKrqrKT4A
C5378SLeUcE
NiVRVpVccuo
cytQlkQKGuw
Us5l3oEwLtE
MhwE4aKA_fA
wiyU1FuoB6E
3RQTrloa6TA
dILSlD29ejo
7l9SvBynDXA
m4sBSuVBfdo
FqasHLWaeF8
X7t33VN4nag
BhhL4-BvDyA
pr6WBie-tDo
awIL5dojvFs
fRFQu4FySSg
vBWy8Isl4dA
35E9wwkaaWM
K_n5wdNlp-A
Urthb4p0nr0
1_e3yBmgZqU
uDywON3UzjQ
neMfyeCJL-E
aGtmn4UV-Bk
QI-9-0bGdZU
61JLo0tnHXI
A5R8n-xjSUA
c9Z0K7KwBBU
UlomkhYfawA
5BlGqDuV-1w
SNdhAklHFH8
GlVIZly8Hf4
H2UyAvkTYgk
u8NYtXAinI4
_fncoORrgfM
36-7qpiM_nY
X01Ty55TR8w
TbfZLuiYs8o
ZG9w0oIDTmI
-Xb1R0XCGgM
GopAYOAAel4
OZf2Xl-5T5M
voSR1XPuhY4
qLsW6VFypd0
cDjBkGd_kH4
Jugcx7vXxmQ
FYP0_HQJyOE
e1a24NbYItE
s5O21WylMDw
zKE-EotUEgU
ZFNIACBFqCk
PQ2VQ5yVHS8
5A5G9cX34mE
gzXCt1r-n_U
Xsokz3ow9h8
Hc0J07GX5Pg
pgUOCRIJRSs
bo4rP-sJylI
Qocs-wUIiJw
UF0Yc-ip1fc
HbEBO3XE-KM
7KvCjZWS_kc
ikqWeB9_xAE
9CulZXUIQkI
wwMMXz6n4fI
8NRd6CtuWQU
a1ekYABYKHw
epaErWAHC8U
8UVOvfUpbWc
mt9i-8rnAxY
SG5kfG7uT_A
dkIWuT8vOAA
kE_i-mTbBJM
my6t91tPopA
5x8ED9n-w5M
A-eF77Q3Tso
qk5WGSZpPbo
wUIr9IyhFek
M9AggWUxLBI
Awr0IeDmnF4
E6gDJgp3hho
cHsrtpuhOMo
3qhwNwydUE0
Ks8M70mPp_Q
sEyKip5XdSc
wYRVFw_zABg
tkBSIm2MWeQ
XAfppXiyRsw
MQ6Hs46x9IE
eqljJBx453c
jbyLnXaFxpI
ijEEuWYBSbE
8LTEPM-uGew
YmAoXKzaXII
dMeklA7Wd_E
qLG5lBjF3kc
-iRBUEaiNWY
m-3CmYlunxs
2-PARBOHe5I
GyvH0EtppwI
GeUwPfTfMNc
gRAfvwNEMnU
gT2-KTxjUIQ
48Ew7mQ3IP4
hwiwo6YGG0E
cIv3p-zXbzs
h0TRRWJD6OM
AzOL1ZhiWHE
wLWkstBwfFU
6zPNTV-9WU8
utFDvOsnW-8
O4tNrwN8dDE
XC4LatHE3uo
fikWpBH9wMs
Zb52B5LrLtw
qZsvklPLxpc
F9KLKepkLlo
bHcyzmoiS7Y
hjn1I1GNN7Y
sHbzreUs7as
7yP_OGvTX_0
yW1eKfQpHxY
iLADVzrN0FA
eAom9iWaTPc
Avs5ZMri0Vg
W4NiIM7UkpA
YFcoVkKveuk
dDbX6M6vIWA
vklm5NzW_3g
SOE6zoDT38I
x83SFLJAQbE
UY7Ij7GZWrI
94_ZOUz7VmA
U2qM2eKeQhk
iZJxef8u9R8
rCvqWEGvcGk
P3jIai9ppTM
k0OsCX1C9bc
U7tiHU00kUA
re70gpMb1r4
_SKninJ-Pks
iUp6yvihUXs
U6J6clXvCIc
vHuVscFmM_I
KvylfNS1qdc
tfdBWmeJqcE
Pxy5XnwKwOc
NJ7cOkIcUUM
krmKCIU2txA
KGpjEhvDw4I
p0eWudTE2As
o3N-7yulpjM
uyICmjBdZF8
CWQDWj9K0lo
VXwoWzMHI3w
GXuomYvgsKY
1eXlvSvoMFs
Nx18dujopuU
ypVxbbhASw4
GS4znHbU73s
SxnthbWTS3w
9una4DxZuCQ
TzVki4DCnW8
z5LPywqLt8U
E5MG3HVM3fM
h153LVCC0jM
tsFsx0NwOxo
uMWCYxTCuHc
g1vLsoWYw7A
uO-m3CfohEI
oJ8GfXut3NA
i9znNrNZfz0
7m8S-jkpILU
DekqUosnazE
KwCtAoALAh8
FFnKwneK5-U
nkZXWj0fedY
S0aQSKzbgMU
uQD6JB3bB4I
tjVskz9G6xk
7iLTVj5a6fI
9AVx4UvztHg
P9yxHFMjR_Q
isgvXZo2jvc
dBaFH1PPRgo
o5V3O-COWMY
9qoqmTEdcyI
bCDxhyc2bvE
5AC0dKBiUXE
Iawzx1OdWW4
3KyaViw3-sM
LDPnN7Vuczc
DqGhNP5DBYY
MVP0eMSQozg
UELHZvAznNE
IN4WCrN7vrM
oq2l_Z0I_ds
jo2-Jgn4FVI
14sIW8wKQdU
cR8eNdyWJMY
o9t65TmL9mw
ghKHLEjsozI
hUlEInHnh2E
xTni0hTKXcI
o9-8Ii4QM9c
Bx6dwNUWGOE
E_Z3v1QHE7k
57o380nALxY
O6nUn-UpYUg
xm0zx3oO8to
KQYII7Ec2lU
ajq5hM5JzPs
9DxsY2391jM
iFz1h8Z74bA
eBDsucg_be4
5fyngNo9Utk
eKCSs3hscJU
FnpCmCr6s74
Dc3wkrdjTyQ
nL8d5HgAXcs
NpoDRiG6lM8
V8ruWtCNFZg
yJ0iHeAG0Yo
d8F79S2xNXc
GoXFDqG1yWc
lDBmjfAhJGs
MaxyzQi591I
T4CyrgAUPAQ
NdKT18-6lMc
BoAe_vs2LwU
7uDt64olupA
hRX6z96XbY0
ZYexVjiiUJg
Q_iUFqS6ue4
1Hk07yPqqVM
uFGEBzgoQiA
h52_APxnYWg
D44JkW6UQ8w
imeRG4UhKww
lvWrgIfLYQ8
N1qrLGdsxSM
7uHLPFEQuyc
wnX8Y-U5UEo
5fO2Nx1PyFE
91tpuf4O_bU
l7lW0-au8OA
2hCS2VxqVp8
uhdRWiYijXQ
zyphFPK2GoE
6vpGkx2pnEY
lA-5IcM309c
NPbM5ITWPW0
1MGLdhUmlc8
kh2pcvKGE6g
lU6n22n8NLI
gW4j99qIN8M
AaIVg9saGc4
Ez-Cr9wExyc
dDnJvL7A2oI
jCbxrmcQAo0
Ar1GXuwaHX4
uRXsHzxk2II
6u3C_1qijrQ
r-gIm_SMRao
uk4dfRYPUIA
NK-zwlgDLVM
KGo3X_FzlV4
CJcQBlzvV88
P8VlLBmcLjU
vOM7SPcoxJI
2lQ_HOOZyQU
GlHnXJcfE4M
TqD1M6Zs2KM
f5kXlTcFXzA
QtkIvYWDIcE
fvvwZwCgg-Q
iANvF4Qru9Y
tg40k9i8rw8
_zvmJZ7QnS4
kdredykNOjc
7juJvYzU5sE
_-giWM8ZsRY
wufEwnmzKLI
BqDyBdGp5cM
nbFfm7mdxOs
PBl3SPPwdow
93ikZts2bOU
HW0DxSdz76M
njpLLZOtd04
DRVXP3CrveE
bclh2zHDO-Y
qpSQPs_rFIg
NyAFYVpak_8
6uvU1SqTR3A
s27iJYSUn80
ae-YH5qHx7c
ZgcnPjd6F0U
3BNIFhj-58o
Fda7RiurGwc
qSxdhyq5zRU
Czqa7DBdo0Y
LpvRPDD_rnA
evi0lZaNN0o
CE75-L43H9g
Ak53e1K-SWw
RBDlrGnUSkM
pRPtPbAPNgU
1KAX3O7onUo
FZqbxhI6eBU
XkrkkI7jwHk
Mjy20B3A5gY
HC38djrj0IM
xqkjIqC_H_k
cJRh70sIQ2c
0Bjw9jiHZvY
BJCqa-mvweQ
ttAAGCedXbo
M9BJEIn2_yQ
JBvVCQybu0s
F-fW2QUF2sc
YN99yddAg5o
aXFlDXwzJ9I
A2s6EqM8cRc
qSPOWmb9xEU
_jBPcb1t9W4
udsHQVN2QKE
VpteYhohCwo
fOvKiU-KEbk
0NTb10Au-Ic
2v_Ia3Iyo70
JXjMwi0lYGA
7Es1fH-ap_Y
MdldgxECDy0
I9qMFmpaufs
AH0K-6TYirk
zrXOoUsXZvE
SneK0s9nSpQ
CkK5eOKZgAM
O5dbxYq6CQ0
ueYONF9DrBQ
oliDEQKiH-g
BPUVVRi1mOI
RcgmmTQjIWU
aQ9gWebjRuU
3sXZB952cek
0w6CnWVNSr8
7zONlM5t6Qs
b9VlACkzDuM
Hze9vRto-CI
OATIJeZFzdY
Y4eQJHpyOcY
GoUxxAvFMi4
koo6rq-gnys
QniL8IE2R6U
1bo-bi5JuLM
u0sARPNO8bk
XWrtDamrU2c
dTEnjzQeXg8
lmboHgUaF-U
x69a6cJjIzk
7Sm3grlieOc
Bn6V4QsJF-U
eaj2dpCbjgM
3a3pW3nXqsY
-zlid3s0Jd0
neWBI3vmhgg
DOpSsBKUObs
m7XufpQvL6o
Q42ukwdrHyE
V9DjzvyL0RQ
0v3I9JKfj7E
EnFlUANbCtc
pxu2_uyQRT4
CCUVE_TZgcM
OTaGrGQB9So
5stKz4fFj-s
Z3bMvmc8NpQ
WyJWPxcq1lI
XhhWeyYbdzM
PhGUrN71-L8
qHmRQYMqT98
phhjGlNIsrg
jAoH0Xr5a8c
7dIifqT3e8Y
hvMi5e4I1cU
3PK1l1HgX8I
dFayE9lVbew
ZDfuw7Yu71c
Ur7sNjtdzqA
Zo1UMV1GATQ
xpQdmsZgPwo
V5A8qPlcOiE
Sj5m0YKhINw
2Z1VbqbbFlU
hpnTu97tGlo
afDsSYZrmRA
1fM0UIdU3gA
fonZs-edfUQ
cxeo-ZsWlGU
iLzZtcr474o
51HjCw5O12M
-WPk4v_b3Sg
qR-DOxW7bf0
bQW-NPzFEWs
GXP-K3Myo7Q
Gf7cNfEDgS4
ZkEo5aPHzoU
6NZL6JUDt1s
FFV37c20CCg
aJ07TnBeE-Q
aoHDdvyt38A
Spa-mJ5oUrU
vGdBNLImD2o
WZHHA6nG5SE
W4f4sMRSq_4
PeHJaeaYy2M
kIyJn4Xv4ag
bgRxbQZlk_M
h5vehtaHSRY
n5P-5sNung4
r_3eDoIqF9M
c9K8o-cmTn4
yr9zgRwRkg8
BYlcVWh5RvM
hqakWnTPTrY
JmonaJl89CQ
mHL63qapr0A
rcUpHwjoA84
sWgXA4H2UTM
yfKLsJd8JIM
MprYELyiabI
736jvbsxeao
iRaHgNzKd1w
27z7q6KBMUc
ivrc6EPJ9U0
UCAuouSMnSA
O3nVKRuRHf4
x-g1_Z8fFic
OO5rpdFvRlc
bgyHdYDJWR4
174U5X3-A70
GbvbzJj7Nyc
IXzox2Soxfo
tqd7FYqm-jE
MnjhPo53BNo
stjMz8FPtJM
TfZ6R3ObifE
6XULcRlPigg
_O2zDPKanzM
ozvqKbW-LxM
XgVgUXhPYu8
Ul_v-J9yn6k
UkAShyW87o0
shJU2dmkzP8
_dNWZHsOsXk
OIUhySlEUXo
Z83EgFcLcW4
fcl8VJ65shA
aZ3LOj3wK5o
QiC0qzewjM4
TJTbPxdTo9w
M-2y4NJ_6Uw
oZdL150MvUo
4sbU0fJZce0
lEov1S940rg
MmOjbAKDQM8
rlVP2uI6qks
ogHcuDPIf2c
VwKP1IctVRw
wEIwkowSOfA
GZoyxgkPm0A
NLwiR0rrH-k
NmDaOQRkydA
VQhcWPQzt84
-dm5Iuxa6II
oF5-mpGqa7c
9IHNH1GgjgE
FIh6F2lA7Sc
ZhR8Fp3INpw
2ZOIGCxzOTM
GxuNuPXmuh0
XZgvxFepOn0
WyeWKFPF7WI
7pCJyyNCEDE
8pTon-nNwKc
jVnSVLMlmtw
btL9IxuiFsw
6DEhlo1y8QM
6XNa2gacCi4
VWevcw1KzOI
REnAx1Q49vo
B8K4zhYrlgQ
NBOMwBkD81k
8KHnX-0jZP0
dKiGxIScfqw
0UEkip1CgzY
E7ypi51FuNs
Afdx5fFdFJo
0ZAlkxguOhw
MvAfv0zrLMg
pqJisctKoQA
Jth5YXDVuSQ
jXv_f0V4bK8
y6sXHPfoPgE
AdtZizj-764
Y_O1fx_ulP8
loWpehJIuo4
R_FYTIjdobA
3346yRKPCR4
xK05zNcvcao
s17YOzdvOPM
H8VeuRBF2qs
ztsRAnyJLiw
Zv-hnQe8JXY
MnVvfeB-YH4
I9KoU_UmDC8
Z2jPkKNCyz8
qDn8JqSxZA8
RxxlV2SEbw0
fcVc_g4KOXQ
ftXp7Pooq3M
qRao8yrrrsQ
91HHsx64Zmw
V9jJn5Syr5k
1G7YtiSlvgE
hPdMVtBcsOw
RuumO0xjKOg
5HjNw8dPqSU
BRgDJY_Zfoo
pAjOO-n1haU
JJ6HkfrB600
Go4d7aGm4r4
nAzDyXbe7XQ
X9AAo58Owjs
QicVkpSyouQ
53ZDNGF2g_c
yd4GrzYOK2M
bpixTvdOQyU
jCVxe7exEE0
0T9_iJRJTX4
mSPfI0rpIR8
zvU3ka_EgZ4
d6KAsI3gfSk
8N3QtSkZ6vk
sBip_TmiEuw
A93f_PVo5fU
yIeGVK_oeWg
QfBe1GaNNKg
qeLqsZjNcqA
gEJwnuMvosM
eJdkGmtgW_s
vEDdyJLOsb0
KdrhrXSFA04
XpeNDZMQ8Zg
GP9LEjFiIQI
LlUCIOjbaqo
7K0JzFZDyRE
VwsCd8Mx9-k
U4OBNxXdB6Q
BknXJ24POyw
2WsTXHnXVfc
AmiHXGdtMjw
EnaDJ8mdoLA
BNuymnT0X2Y
KJo2jlw5jbk
dgJBcVfB3dc
vrnLqGwS4gk
oqE6DvgjTXw
sMP5mXppByM
27ksbH6Pa3E
jxsI2Uto44g
rRamtpdf2AE
HB-sUyzhBXo
loFupAsVrvE
SSlpJm624G8
4bngTdHhOhQ
s7ODEAA_iEE
ppAba1YPwDk
HNFCug6JO5U
78Z3ZnCjgF4
elUWaFPOCvI
Cw6loZpbheg
mzZlqw7D8GU
3JLN2tlXoKc
I87e_EmILVM
VXomKPFwqqE
vWeHUbcRQ-Q
r61PimsbrFY
w_hneHSpF6A
m4vrTZ-GUYQ
fc2h7ETrJyo
LZ_aXkeJsH4
vWZML18rRmY
LsmWlkgahdg
foa2lol1Ic4
GMhc48QOkZU
GUb4LaihtC0
jmkJLeEcBVs
VjBu67JN5YU
fphanKdCpr0
WtAlvw_yDw0
Q7zP3_LjJh4
cnuTl0sB51k
yCT1mlJzGfM
0dxNNpxGTL4
HynFxQDrfUA
PJtLcpqL5mU
rpNHFabpv-w
vzXNiAqHkuk
q_FQLAiaNUo
3BUEjmqbMgU
CjgzRpTohzU
_DF5pvAfi1M
kJGWdRfE2Ts
Vl8464trxeQ
Gcb7gAyiTHY
Bnpn4MGNwr0
ta3D1YbXg5Q
f0s8PrkAFTM
NyLfVLALyk0
cIb5jJkfRAY
tYJVxsfeeng
VZ35Q37F7oo
flDGZpu8vic
yXgHOEq9cQo
e-qjPlaPHm0
Nwa8FwthljE
l5kNuwVW5Qo
RbuW-Vkc-1Y
-KUYsMhNTF8
MS8I4IDsptA
Kwu9f2muGy8
VqKD6PuuMrU
bF4Kt3FzQ0E
O6Gq66y11sk
KyLIte9lkRk
LeNkI4QFrPs
qPpH8yeOe48
pYA89nhEqMM
NbCkqqDNES4
QtqfJWOkYdo
ERt4gwf_GiI
P8Ksj2XJxlA
ooirc-AzBCM
OKVzcTNRt0E
l9NLSOzQJl8
W188LCVsnR8
wqBtPtoD5Jc
QCTMtt_6L7c
7c-da8ZV-yI
2on9sYMTURY
jMdEuE6P1Ss
axNWRtKJeY8
mICLR3p2OUY
rcOwghsfGGg
HFIGZun2ZJk
3hzE0Ko-FWQ
FsizpH6Y_JI
0LDMZedbDuA
0S4TnbTWAUI
vx5nrkhgGPk
G-o8jbKy24I
8htEmKF8j18
M42X6uTVHFw
YI5HbxX75SE
VI8-a1IelAc
8pa8fu0g9b8
hEfLZWJ7Nus
dXzGE2qSZXU
6Waa_bziidQ
UXPlxCcu2AY
MfVkc0w16LQ
sszhhEZ9ohY
V2c9MYZQrlw
oOoix7WpeLk
koSGWkSsVO8
P5UCrE_gNyY
w4P8XPDrWlU
-MUmajHUqGk
QEyFBNffaCc
sCdxbCmr8Gg
Ld0pF_Bz7Rs
zxzhSvsYh2U
tLGk2BdU0R0
MKiDM7Esb-Y
nvnC6L8hl6U
s7shRoqb0RU
7_nZz128BRU
ZheBLi5hWTQ
rDhaQFbzphY
BvHZqBypt3w
QibvbDOApUI
l8_YZvD5O8o
SDOv3tLmMeM
pT0pn_sbBJI
9SFNgLe0M8o
x7gHRFWYHOs
f5jgNgNAuBk
lb32oEHaVac
ubS6cjCWsL4
8_RBFJN0ypA
RUlKxCYmkb8
pCXBVP-4Q4A
W_liE0xrRLs
VJBwvCD-AxA
_-BJgwWx57U
JypSyGulw4U
movLocNaJDo
PxWi95Y16ac
_qYLy7V2HJg
j9jWq9zNVBk
oFxi1aRtvwY
2F2_ItJ0q_k
hLTZKg8_Q_s
4uSunx1ud9Y
Nb8cbKHvjJw
Bshf_xqukyA
Gzk4lsl40SM
O0mVpHi5N0k
noN-AfJlc1o
CAH8aC4cEYU
MZCRM65LbI8
uHYatV1EmUQ
Iq7XUimpMG4
lQgjYkTOna4
CjFQWoDsyWI
f7Zb5-qb4j4
3xtPH5f_msg
CxFC-_J3e_Y
728tskxd0cQ
tkJbZq1xN40
ZWwBnMDT7gw
SyKBVsiuiHc
vNqfDmquSd4
4vA8BIGS8ho
OqLm75ZkQzc
ltTo0cnFvp0
Tb1B3Xbe3LI
dPR5ASQ9_gA
OFVGd847fRU
31SWFBf_uxg
31SWFBf_uxg
p1lO-xOOyfQ
qJLgXsyIuhg
gbAzwoEV6l0
jlCEgPY8tEw
eIFFYmdt0qE
eFqkxGT0_nQ
hWXDeBoNrnQ
WNFrMAz5pSg
JfxG9LCuLt8
MBRnQ3S-foc
e-tyBZ639YE
NGkDoH7wMN4
ZzY1n8zAA9U
wsB8yzbDQ6s
-6RfH59ChxA
3pIOz4tFI3E
vTpDdWGY-Ds
uT8trwRnkSk
WC5V-ZVcNWs
rpDBlcvkG0M
v_Sx2FDLf1I
GHVAhSdXULg
ea7NUnuZcu8
U5kO07k9H7U
wCQmvtTdToc
kIPTktgqEbQ
opEJfTipu_A
9FRaBSbLv9Y
n_slaxFfNZM
EcLK1ilmn3E
57inJzH5sGk
VNSdJ1l4RMc
d1QHu5Eetnc
YhJDZGPyg_c
u_K1solucgs
bY3EqLEdgz0
QNC4p5PJghg
eHH6c6r1OVg
I0tULDa8Qtw
0SyqWBuyQUI
Y8u6D4j8rvg
Zjveb8FLegI
N-nzYsyBMaI
MGHkB5wMJ8M
RmxJUDessnY
EbBjpmp_rh0
xxhK5YjGFIM
zqRAlbV5i0I
Yd7dbbeFqKU
IExpMBkSdHg
7qjN3x-xrpk
ow5EI9ReBKM
8I96GfWWuUA
sAGdyCMerTY
_9J5mDbzgYY
IxTdaK1r8Bc
nSoJzuUgO6c
-O8VbILlzVQ
j1AGkLhOOe8
XHKCWC3piXw
X8pZLydCSI8
mHcMzNxrHEQ
r1UI2RdlV1E
rK67leGZyJU
mNgAdvQmeVg
gysbFO3E0mM
ONf_Zne0zYY
zTIP8I9tFIw
7oXbRZuBWas
JKDVWsDt3Lo
LklEyd5W6BM
RJmOioxiieM
cH_rbzAocsg
09vO6i1qnog
Boqv4PgwpNM
zDHBu1nX8QM
yL_A3HY563k
PsVv4sW4GTc
_9TLpLsQdpc
Y0f_1_wS5kg
iAB36W1tuUE
_Fre_bzxiwU
7saJP-BHZlc
NgRcDx22oE4
baKG88_RMO0
9lk2G2vKqT4
_KrPKrcbIIE
XT-1PqHPopg
ZXoPXFptaFA
piF77gUYDcQ
TtFoB9FIyzE
FH8khCYlTdQ
DqrrF7QHaKo
Qj--PuQ027Y
Ce8id8OI0cI
mMf71J05MAY
UR03JTsGXW0
BXoZBwlrVY0
09C6sfnNGJw
Iznb7VLDDA8
xGB0RxREVd4
qYT4yuxwv88
KCN1hoa2Q8s
KMvqz4Ft9K0
4Ql7D8pXoRM
-O5Vzxv25eM
t09SNbNPoz8
TKTm_63h63I
2G7btYHdky4
zcQTqk5K6nI
SdT_RWDoJ0w
o6brc3U4_Xk
l00YHzkO8Bc
BDG5m8orx0M
GML3-iYZzYg
PyVkgWZLJxg
Cda3HLhpN9o
FwYkU1B6Ajg
djMw6zF9jxg
l7n_oxkY8_0
Ujz_NSlVd-w
-kSnSdeLoAE
KrXFzU4O7eQ
B2WWxPu9Ldc
gs9lJdYJEPI
Cqm5M68_jcw
tyi0_gnjixI
g_GOBYswNV4
Fl754wxQvpc
HGA-OyrP2UY
yGSGFxLXITk
_cj-Sso7qCc
Q59fGBDdVs8
A0_-sBPBx7Y
AiewUQgL_kg
IXce1-xWRFA
RcHJp-BKAuY
98RPHVuEaKU
rFI6rXclbLo
hJrsw2f2Ous
MpDJHzhMfpI
8f2O3_t8uYc
v1RL8kEw4E0
35RofLYFHv0
JMs15ni8hew
NaOBS_is89Q
qbyA-zZ82oU
BddlGKasetA
72z0yaTZLWo
Gbg1zWorVlo
up1WE_K_mfE
KCEArK4c4g4
BaWJp3P5L7Y
kdgMaCkvMxE
drGy1NjiXIs
h4cU9uROmzc
9nhci2rd0PA
sKcFTwFHWTM
ezICrZkK0eA
bR9VnnHd68A
j78L1vOdhsg
h6TD2_N6SvA
8HJNvLsNV8c
6v_jDr7eCv4
snVGVoHrOtw
8x9_bGQmv1A
7AbI7M4syZ4
CjE6gwp6N6U
LewGQIkeT1A
a8gKEjVpet8
ecxAkPDx2L0
33xhO_2Tr3c
BM4W5hiOKmA
OMls1XHTYAg
IvdX3kegang
MtqjfcBQKvk
9rnZFN1Ro94
F2YqJTieipI
QiJ-SHGTuy0
aT3-qtIMD3g
OVMJ5cdbe3s
BmrNTbKPcjg
IKeXdHjCF7w
WwzHA8Es1yM
LKWzG1V9PxI
JHRZ-SnUt0Q
DX53QjNcmkU
ddn9waqtbL8
Z-1DKuD0QQ4
Zb81JzI5CCc
eCJpomLksdc
wctQwc1rX-4
YKem45dR6vM
AMogZ451jsI
4hVpKzc764Y
fWf-AO_tBcM
XT85OfqWc1k
K1XjIjxzxbo
uuwiA9NoXWM
t_fRgy_dq-M
4JD5qFBpCdM
N4TeNX5Vjus
0wi-9xLiEj4
ohnoatQH1YY
gtdff3iUWjY
Pt0qFn5e8EI
EVhSp7yKzXY
qxCw-lcie6c
rIELPOxsXN8
Y1CoY_nsDKo
Xo_vW47vyms
zxsJ20RGmo8
_ymE37Q6IKk
Rycysbo6iM8
ehriI62-yp4
hHhWpNeYVNU
SDmH8Ftir-Q
X8g9ylsEJBQ
zdxGQkiwrpE
2tJgltp5eao
uZH2qflmKqo
OZOo4vR-OrA
wi1HQoaKrSc
urjvvWTY_No
OIm5wsWslR8
V46e_f95qbg
y2QR1dz1mWE
AZ6rVa4vMT0
wBUz2RocJ8A
CvFkujJM-yk
tmRImLlA1YA
8Mp3xgy-teg
qnXzeTjy-ME
WuZYM81FQto
