63X2yQwaUv8
FE2oer5ohVM
pMxL4n3pyA4
rP90xQqBeHo
LKIPgkiJOis
MFY0SuJissI
rAhiM7_Jk-w
JuhwofdX3GY
QKjz-rvQckU
NaCBHB4aVqo
9ZXpUmpfqY4
H4UGYWj2lIY
K51XlckGncE
Hw-cWfclNPM
YTtpt7zdyEo
j3mQhi8Vp0o
9ui3W8Q8ri8
C-cpOD7eOB8
SOz2n0v-AcA
DeyWmFnUpd4
D1v8W0PguvE
w1uS3Lw4-Xg
K9kp45kvuK4
V1MhJzRQAXE
fdQgtjHud98
Sx-yVJF_RFw
2dXs_He45Po
p2xT0OseBGI
QwTeK9pXz_I
5AdI7LLwwz4
ByApAcF0d-I
x5brq28ZSmk
hyjrzypnbt8
ebOQXj6Lilw
CCzzaDwUuDk
WdvhlpIgTPc
VZugjbudBCA
Lrd9Q8COF5Y
0ZQcpyUwzok
2dLN3cvOEZg
IMzf5iCUqcc
uwUGKoo4S9w
CvsCp74yBi4
H20FIycGCaY
nI9ljLs_O6A
NBM0RBmjzYc
ttojfBkFwYk
o5CuE0u_wes
XZXapKLVSxM
SonRJCCkJmY
39zOZ8ET9rc
PDpCML6UWwE
kuzIdn2YvXc
mc7a-ALzmCc
njRrbaI3DLw
LV4KPRSQ224
tEli1zpbiPE
NZcS29xH2Gk
gjJz-zdrqYY
JPPlicAEFec
i4uS6qFTTyE
QkUNceXq2XQ
JMZAUh0wqVI
nU3HANqLXL0
VEV8QZL6sEY
flO1azv9bgI
1JNucy7IDz0
dS-uqDgqx3I
RFL_LTTW_UY
7HAkJZc2zVU
Ymflbexb_Z0
lJN-xDk_9SQ
pDEp2XBFDHY
O8bk_OzysU4
OL_xSUMwGgI
FI7WUNQ8EsQ
dfWUPGn_3lY
I6wPbJcvf7w
UlD_sh424YM
ByMQ2J-xoYk
UvPYqeV3l8I
Bl_5fEIJphM
gmBYzHH-WyA
3txWJGBBxIw
hBu13_N-Vlg
lzx0luN37EM
VMJNix8uSE8
NVPDoxttF2Q
ZxAPWU1w6To
aWdI70AkjfQ
dso0aLeDKZE
LdXAB67QsS4
Rbo37LjPWdA
KmjciWZbVcE
96MP3dASowg
q9TWHNNIrcw
XQhkJQjiGzs
l9XzSKIyqxg
To5T3obmUqs
8U8HyftKH1Q
F-OeKV1JZGI
D6Ca0bDsAPQ
kTqjzQfq_ec
GMJnR_UYvTQ
UoFyg6mb62M
hdX7_90LZaA
vSs9fSmliPY
u6Zbykf7hqk
23tHJowifas
2Z0HSmesSNQ
i5vAbrLYJGk
rQwP0XRBjq4
F3jBFvnUiBM
knrgQyaD2FA
BQtK3_jOMe4
2nMSbx20dDg
T3Kx7MkKgVk
Mf5Xh8zQH_8
yt8ybyLn81w
ta4U8G03q98
Aewq2cSozrg
SJy7vbg1eMY
L2ILccKh92o
e8qK4fXWnhw
9yYcJzOZnas
fkYsMinnh5s
wmPPvPkEaEA
SHW99rS_lLU
Wsot0xPfjAc
OJpEjUEA2nE
EELdxcqMHGc
77KQ5Y81R0M
t-oHbvSfjCg
vrISTSQv7YY
Z53bL-j9b0k
Gl-UkwgqeQ0
5pntApffuQg
MLFQxVOvan4
8yBVk_OG5y8
kL61yQgdWeM
y3wdkF6w9tM
bXe1Vy8hSsk
anzUrSEe_FA
lK083EvyiMI
TgVKpS3RH_I
cwiJlQUrwdA
ckRNQt9heIY
Xr6RCiagbgk
A_ASK5JO7AQ
4BeZcg4aV7c
9XjYr8DwSGs
6iVbBd9h7W8
d9LHRfoIhTE
nSPWz8zw-1I
Zj7j283AFWY
xeaEwTHpcu8
hJUZafB280Q
8ziv-FVJw7g
C5WxdqmAue0
2uhpc_FsMAM
IY-Fuo2o62A
dAS-QzWvj8g
NL5FcBji7rw
qom5M1Vxxwc
M5ojbeVvtv4
y7krcU3A840
qUkfkpXt6pg
ozlN27bjMbo
x8SnfXAwwMU
l9f5ZNVIIHs
EiPsD-vubPQ
6F73Z1BKhIs
ZtAJu5GRso0
ejBrmyWY268
EL7zEVhPHQU
LGqJGLoe444
rsElmMYyzqA
B14DlgOK_bQ
3YSfRyne7IY
WRxZpy_m1Hk
utfnl3Um6cw
TwKBCtrL9SM
cs0-ims_KSM
4czWzj7XMrw
GRyuM8KsMPo
35MfS3HXPOI
__v1HTL8iWA
_QLszojNK-s
gIcjM-DSN-Q
GMawuD0fQ5Y
O9vNDRGveYs
863Lynyy7Ws
E5M0Y4mCRs0
dTni4MA0ncs
jEUncR4JiCs
iWFzM7VH7sM
vbr-EziMBGQ
6lsJ1VRFBk4
8KbcCq8LIiA
aLFpzssqZ7c
hAwDKjhtG7w
ctXrAoCMSsY
xBy08P7tHPQ
5HZXqvPF_zQ
EEtYH5wEJbo
xU4dQTWbefQ
LFpKOw1XzG0
ymuuXJ07TL8
fBw1mxL1ylk
93g5ooXveKE
1Yb6cdNuyG0
rPH3Oo7GkKI
UCdTd3kJngM
A79NGUlZPvM
GscdUNyzN9U
vNGm9NgB4ng
pajOnQN_5Z4
4qJpO-qILQ4
HzmvGIGlvuA
uSetszZ2vAk
lsEEoqNk700
66vnrErdrJs
CFBs82SsTC4
Wy1R65-QBDQ
i_ozE98pw5A
71xv4wgL9Vw
bVlvBE2XA5E
URcabMxrfTI
p7qiLPpsjxY
OhMdEMNy5HY
j8JTIUBzm7U
MaVWkrrRB5E
dRsyqd3iTEQ
YreEnM4mH7o
brZIwN88ivQ
GoqCJSupGhc
0Rs8ZnMNa_o
jF87S-1ZRf4
Lku-UIh-Ywo
SRa_QQSDy24
5zhdDIXV6N0
gA3a43tDxiA
h4RalEUIX5k
Bhbky2RWVYg
0PXvnQohx8s
kX7EVWnGsrg
uw-mJ9_ktjI
coA_3KVwyao
Y4bz7n9-dvM
my-0OeHeJ_8
noq20XDwfL4
FVysEMXMbkc
1JMxiFLuBtQ
MyPkS54sIgU
WnxtXApmixI
3EOJhCsbKE4
s8gXiy1z7mM
0BVemYJg5Ac
PH1IBmkEUvI
fLSfTCayOuU
Aj83lu2eP0g
WwuhDqK3p_0
vFdrG5ie7Sg
VA3wwOQ8og4
X8-H0qep7io
oIc6vD6Wq7o
3NAdEn6gjFE
Kze7RT_9jsM
IQDB5xHPKQw
juSRQmofEx4
Tu7oP5AIW5g
fDsWemk16D0
Yh-PlpPCzn8
TqzpzADL8b0
YVuqtziXMOw
CAJEricdL20
LuGcViHaHXY
w3Ou5uFFn8Q
3b3OD0jLY-o
g4RF8LiPRus
2Tz2qhLaHnA
cpgZx57qrqE
i8mzov6KZ70
nz6u7xRznjY
Rix8sBPMTj0
b6DBjyWmdfM
54VzsCvekpA
FvoqQT41wos
qqc6XWIOltk
2YgwiXXuaAY
05SllKpo7J4
AUoAIWDpaAg
bEJXFdkwUdY
D8VYzC8Kyr4
67_B8_y6B7w
hMmKH00dsVI
eXPH8oz9G0Y
qoEXvxloA5A
hFgAsUQXYAA
oPkY9Ik7T7U
lY2XyK38klU
6gd_5RFoUTk
RJEb7_RBJNQ
xh_5vxAcO4A
zIRm81u2jNk
4_pCnBIDf8U
sP2cZFDYjaE
9vACEHB557k
Z86bF5CsWek
UWZMCWQLqj0
xYgSj8t5TxY
Bz04gWJFkOo
dISaQouOuWg
a5w6yYJum4c
bOxGLRXboKc
y1oVl9TeaXQ
sYgbStlTqIA
6sPLwQFup50
9bL3ybv-iPI
f4pGNy13MY8
ubO8s1HHsS0
WOz9IdNsi6g
sxpzScvLARw
er6mZAF5Lwk
Vyj_9sIOPzU
c4U7d1dCyeU
sAZiihMB4Uw
q4sAvzk_uiM
6ObUPAhZ_pk
nxF6xqc-4I4
zXSe7zAf0aw
8LNU0pwdAZ0
A8B-VBcX7LY
slOe_4zxQCI
p1QsBydzcyw
4J1P6G1Eh2k
ApSyDs24r4A
7erjO8N0u_g
MyHLz2LqwZw
csHlgHQyjII
rRUQ6aPvs58
QdQVDpqBgiE
j1QokB7lnEg
MmiMZZZdjqc
zwGBTcIHN0U
D7dtg4o-_-A
qNjsBWuItSE
OISY8hFVPVI
RDZm9_uKtyo
7FdbH4rN9b4
fCp8C_90ers
bJ2pnJlH2Sw
NXpPrQvQZ0w
A1ngJnB4Tn8
ajrxE1-Djeg
nnp0ZYD4TRY
shnLrSU2H90
884RCxG61K4
Y3SY5OeyeNs
Wt2R3j0qGXE
Kf8Tm6vTkXc
KCjKRIuJZ0M
0wUFCyjsNGk
J6kZd8IekoQ
__HF-uMWaE0
DEzVDDatibk
u1apV7Zsah8
X0D-MCfELAc
StlaA62l0zQ
UllgqudnhNU
d8gSYKy7MNc
G68RQMJ4M7g
7Y0yEVmHetc
lPkGrupSRDM
gbsMiCcSCik
WJR0Lo62HZw
aCREVmaRaeg
3EYAnXl-Ye8
QwcZZ_V5ni8
MlT7Ku_UDoc
AuS8c6zEx1Y
wq65FEyaHFk
prVaT0Kuf4k
1srqSgrwrbI
fFNCRPl_L_Y
OXfyOrXSu6M
u3HZmeVZNqc
SW2TBJPuoAI
uqSQDwbyBKA
1pCPaLPpJp0
sISg13kX0CM
c6Y9qi6Cd24
QOfwc1059DE
wpbwnY4JKZY
E3VQLefKx6I
VjHREy_jXeM
9Ii_Q_taNBI
dTXJ1c8vNgY
O82cKVp7dO8
l1n2kvJ5woQ
1vHK3eG8LzY
rLShDwKuzJw
Zrr5BvrAo-Y
Tad9Q9OFjJw
9BqeOub7wKw
1fPYQ633bEw
1qakqOpOR1k
_V96-nMrhw8
o-FfnKUlcvQ
6y1KqXwi7u4
-UEGxdxM2eQ
0o6phpTBaKI
voQX-c-QqYk
R6GdEnINhtQ
rofj9M5owGI
lv5cj-0InRk
-qFknAvxMys
SgIxmRnLGRg
X802pgHZwRY
BL0yMLWU_XA
rWKqsQ-j-rw
D3mzoECUok0
kwB4n47nS50
sO5rbPaHUFU
2iZFE8Wo0Hc
VuDgA_NfCnk
9W4w7D8f5bw
oi69BBT42NY
BUFdZw9-niM
1Run1jpZvS4
F33NSbHw-zs
9vD5buSnKIo
KhmdM1aM8dY
BAY46NW7EDo
RbYZVil3E8E
Nd-neB369pw
AqIkArPk3qw
YqacU8hW8A0
xCvnS3dBDsE
fBpypL2OYwI
qLowOw8pIY0
Lol1puA78hE
vFE1rAAG-Is
hI8WTCrspT0
hz4XuEIknfQ
RPK7t5B2UN4
Dg8Y0WpbfZw
dKIeWeoqpfc
y0Ef2Fq6w2w
fbwdmdQqwww
G147wJsI7dk
zwkREgwEfEg
sZJfNkj84Tk
uBfizoEMp-k
z-_Mei4-uhI
0dj_Cp-xr-w
GHImtcRz-MQ
cXYM-HvG45U
VZSX1QP6K0c
A3nhmyW9aJ8
5tMwfEqKqFE
GtSQAUpEy4k
xWOsjVyc6wo
6QRURAbAvWY
1QKBa_rVjIQ
7SLV2yNhhgU
h4Yte9-b_dU
aZ8ZYAvWTxo
3sl7ojcIj8E
0Nb-8L8Xamk
D9hhKwRmZqE
BcA7fPlZ7zs
Gs4Few3CbIw
onlNtqKrAE0
wv4Nyj2uZR0
jmSAvSfuiig
zlDhdBh7HH4
9H46hLibhHA
wEhMsAXu5Rw
HMjBqrWQ_5g
Rh0InepmCwQ
mW57hoCkTjE
KHr9h1QOwFs
G7FOK2x7r10
Tr9E3UVaArU
OI7WI8fv7LQ
cBFNtsmNt_4
3oEW1GM9mAo
ItMKNsu5x5o
pCj5ONvDCz8
NyfD_D1aybE
_xBI8CKy9wQ
nV7KojDB87o
gY1CJ_7U_98
oW2ju6irLSg
vgcsjuLwbbU
GzLUi8XXCog
0dAFbpk9_GM
bbDhDitAkZ4
zAz4UoFWIfM
UwqwWg32TJU
24YjAThQr10
2nE-_RcGKUg
dnyWj6UhOWQ
hbOb0kpYUTo
Vdp6IAedWKo
QoM8BgmUy8A
PObwtaKXZYY
cOBR0KTMU8c
VvFAkKPi2UE
ALEaAAU3KAE
CugXPmLGfP8
8ZJVadzCcdg
82MXnD6BaQM
Sd3oTNeSWgI
kB5ruipf0rk
WNl_1gQqrWI
EX6_BXKtcV8
87-uSkLVDDE
iCB2D9L5hpw
wPcgXMcbDKU
gxj4T4yUS1M
9qRfHIL93zw
onEjAcgGD1E
3C2nkGiVytQ
EcFUbVC86Io
SB8pTUHIeT0
HdnC_a-AR9k
vM0j5G-cuVw
TUvqa9HvUU4
Lin7KVMbmdk
mnhqtaHuHEU
n8sgxsS4T0c
lXk9eWkHse4
tAjCiXwP46w
rK28iXJJwgw
4Hj8pTdpxQI
4SZOSS4mPpU
CNBHAm9YGCY
QrPE5E3YJYU
H-b4-bkKr9E
OrvGZcpV2JU
u7VNQih51T0
au2Iuba7RJ0
nN43jAl3p7E
0g_hrUbyUnY
FcjJUI8vZRg
Pht1VQcxkwk
PJbghRBfVs4
deni7ci0v4I
anN0Qg0UacI
bBbiWavTjY4
GQxwaVQWSbY
JtjO7-ep2Q4
PVTuQQX5nZc
5YK-kb2LsYE
K-cunqh090M
QNvfSL8eJLQ
BoK_6RaTR5s
yYabonfKDAw
xoJV4phN5V0
zA5eGKF9gjU
h3vrsSK7zOM
9UXk4R-7xik
AIFiPQAAPt8
F1XIfekZ_DI
uQfORmG9OUA
RU_Z7kD5i7g
E04vISi2nho
r5gb-z7Dq0E
FUcGGk1XC30
BnmYUChVrNM
Ge9DzdLJROM
RuNoVMkhByY
QEVV4XCRrw8
wxFwtaWsR6E
-v5WlY8Uf5U
GdYdUp3UxMo
AcRel1fYQTE
V_m98GAdqKM
lhEmEfo-oUc
WfO_XFjEkHU
QC3p0MWcYM8
ES-kAU0drMQ
5pK_uKxmweM
8lp3VYKaqsI
CEAO4WUdC44
LQ8MBk-h-bw
5G0-f1TqzB0
sblLEZXDcc0
gJe-bCstAtg
lfFim4AVmgE
8JXWtx42-Kc
6Ed5NOQICAY
n5oM0UgoCR0
K3BlotUe4G8
cxtor4UZiIY
yCJpM6Zi6Os
ZlAHZQllzaE
wd-IPEaOEU0
Hvy2cNZQfB4
g33_63AbooI
8-0Rb0zweS8
R0Hzs-0JOkc
MVkrQob7CPQ
f1rcR_MJZDQ
FMF4taqaJRQ
dXvbR9BdAVM
Q2FSMvrlUlY
la2oGCbrKEg
nf89rBygKs4
XeBc_-UiT8g
OHd8MTKmlCU
Y3y3oxheIlo
VUKiIT3Dxm8
R4tJ7aBiwJg
c_vHF8ZT1zs
R5kuLU1d48k
7pEPB3TbbJE
kSMwy0_42gE
QFe062UsSfs
aybg0xeATOQ
xCWkXtoiHzA
YBK_kuC0x9g
rF_SeGAAMBQ
y8-GRIChaMU
BVcZPUZaOq0
P4I_UNc5upQ
fQ3mxGstilE
XTkNaxHJ-d8
1GaJVsUFf_c
meNT62Efd14
1coMoHsrgzI
3tS6AgIXlyw
u_EM9dIf1TA
VjBufkJTckA
pzUIUSV77k8
VdCXdgwbnQQ
v91FaiT-3Qc
X907XI3XWCI
Uo5r2OO1uK8
-dBjPRoSyOs
tPuqgFzqFG0
NcH3Q-5T50E
-XOVRnr_7zM
ZlMK3y-53MM
roliiUxRpUk
JttW-5nY-lg
ju8q9_evhP4
UKMI4V-6tlI
0bdZG2JM1v0
L63cnag-c1M
yVe-lPzGbFs
TAdI4yDjSUI
yQrC_9KL3R4
bcuGWZz2Ewk
yZ7f7628C6s
KweTWSlboY0
obFuCc2z7Ig
CgPWmVsdwi4
_s1ezkfS-i8
og4TYInLVss
6cjGIba3e-0
sz2u_NwcZeg
b19ovLBIo4w
vMQi8qyAfbw
lKrqS2EDAOQ
nySIHqNqXSU
dDPX6QWuUuM
FeUICmSI5w8
yswMwwDSngw
FaRtfLzm8Hw
ifL9WeawsWI
vBHwglr5IEM
cY8DhNIOz0g
sb1SE2a3CPE
ITVzYRUM3UU
kHNzwRL9X5U
ecEpPH-izlk
e9BeSrRxmDo
fUmeryOK1Mk
kxQTcQdIZfM
2xek7uIv8Kk
yONapW5M8qI
Fx0IWlT-y6E
Iaysn_oTtog
pdO7f36eh10
xo1IKL2yNFQ
J6tci9oF4Is
z8zcxWLaejo
aK3je-V-6zs
euaQTnUyGcA
F78Bs9dwQZ0
-XHDX4xjKmk
xVqjXfnP4eo
GJk_k9WtYGQ
zwTEtIvgRuY
uSqaUKcbdZg
-g8OS_L2GbQ
TV8TudbX1Sk
fUfG9MQQbt4
_17f7Abylvw
ut_kPc4mq_0
d3086FTWzZg
CXN5UcK1MRs
GS2Tqv0s1J0
I2W-_jtMtNY
uSTI7Okaoys
mMN5KrU_T8w
74pDmXYDCDE
IQ6AL4IwLZw
KwYZZwyKsD0
JaE4DBtINAo
sQrezLnBDjc
WuQevhHPjFA
lllBRjF33BY
KW_cSPitEb4
rNIR6ihgAfs
lRVV4YmOUrg
rHxEBkrYMv4
73ozSt4eksE
ww1KTZ0Y-eY
v2KWrxXIYj0
xWHg6XtgxEA
8ZeHt_bgIGk
9QU1zoQSk90
TyBv34SEAtY
C4MOtndndzw
ydg1sLrb5t0
-pBRljd6xYs
Y8VtLcV1pUM
l_-pzbh_x6c
F5MQ-FUUogM
xwlVCMIonXM
MAMEl48PbZA
daGPSoBv-1A
cWFIowUPy7Y
K7I-I5KoZao
dUUhRQZQ3Zs
KG5PBruX1kk
EnkauZ4NmXc
2nvVfPAzmvc
UGuMrFmKpbs
3TZ37ZeSWTY
IFPV2a6IJ1U
tUVz0V5VRcg
aPfSa2Qmyqg
BA5pTYJohOU
8jeqTSUsKAA
4HcOraENrrs
zNplRiJxGwQ
IMxgn9C2OpA
tW8-Sq69I04
DU1Y8hXrgeE
rxmsesDOye8
B_qrWbt01P4
BlZb2OoxT9Y
PFUAth3keLk
rY8nXLudB28
ENbFCR0an_s
pkDOpSrUeQk
-9j6lEKTRXA
h44dppGirA8
MejTXFoYK98
h9VwX-iu6po
1OLM6m20AzA
XhHpCaMhx4o
9Mp8FO4mTS0
9Ot5WZeQ854
bpY-ypjhpMg
ix2667lcmls
99_NdWywu4s
f5RPWkKWiWA
JRC3D8t41SQ
qPX2vDQAoYs
s8v554EilkE
-kojohp8JzE
VzHnm-OtYks
LWekzJLIEzE
IIXJrLfzirw
a-mO6t5iwZ0
CJ0Ya_RwNaM
f3Thx_Dt0Qk
b-2FyTqcpH0
tDYc7aOPM1c
aMt54xYg25A
Lv_QJzNb2_Q
W5MKuqfvI1I
V-pUMIEEYSg
sVONFv8v6tI
9mkfyf8wkgw
8D8-TDjmc6Q
hT1yaAgI4-0
OBA6qlHW8po
ls58bpb-wUE
SGUnCK1cQ9g
WOWITwVDslY
3fvrPfe-Gzs
UnqRVQfgkJo
sJptsMscmgY
cCbYtyi5oGk
IiaWyCB-RUg
x45RboRT5zk
COljyqAg3jo
VdGkA1Hkpm0
oOrnZhD4QxQ
vE8Sv1DUObE
yNDnVWqK3k0
qiU97F1rFSg
2hf1yaS8J2Y
VHA3IXN9toM
pXFfF4F93Qo
uXSPwm3viSo
nI75eKpNHjc
dMxRHUEJA8w
EoGieM9kATU
vu5h3qb3QqA
5oAI_In58as
Mq3UgW7JrKc
RVexXXKvfio
wW-1mpnzLyA
y5iWobTRuDE
WGSP1jJ3BCQ
OS5uYszaxU4
HC1OdkgnJxg
1tn625lhtuo
uqDN-0Y7ivU
nrphFkRFanU
73FGRpOuOF4
SM04jdLVrHM
5qsf99qXfic
COkN_4b7yZg
x1sbAHknOUk
U3l66VQ2qhw
zq9wZNxd0XI
LS_xrRLPDfY
M5v_zGn8q7w
r8OVzuHsXS4
8_ZDN2z-llg
kMd7ZJ2caaQ
Y65h0J3sDWw
cQrHKNh9obU
mbuwLDwMcQI
MAfl3FfRJbM
l-HZn4TFVX0
SK9ZYQM0NZQ
AcvvHXMjRso
tk-DuGGqF2g
4O_ac4XbNOQ
vJTjhLQkPJ4
Iu5CYhcEnQU
Akb-Ude2oJ4
EYJj7Pzmnow
kLf25iNUdq8
0TmRG5-hsB8
IuTnB6YHLls
swe2zAa9dZ4
PJrMrexNBfA
md_dnxV7xh4
1sc1f5k9i40
yXUsAGzi8OA
UDRzIBTUsC0
EVZQQwku00c
Tgykpq5vfF4
DXzVr8efP2E
JK-QVj3nhpA
Vpn7mgwugbg
AShkI8eKxdQ
mqTpZKcTcQg
MIY2DSaHpa0
K83BYF4nuII
U8cUkaQE3A4
SP4IqvfUIsw
Zv1IomiJnFk
cYiq42Gxp-Y
cSk62iniJCc
ivSumAl4fow
aysk6qNXJCQ
ayaeBWkNbXM
xYebo7I3Jb0
EqnsDIDGU6Y
B9H9JXGJhNk
L4uJbfc773I
ed5Rfll9FpQ
aBq3eoV5vRo
xa__AS_Ksgk
Yn4sCTlgHIw
C-AK_4VTEBo
3NRBwaBSYMM
BUXlFVIVvww
tDUO7djVjUA
bEV37pmmcFQ
66Vd1fQHXUY
TPfgjPbQEbQ
Q4Fglc_9vhU
0aLxc8bje1A
xhQCjDFEbe4
u2c1QpTopZI
1Pro7HqHBr4
26fixvDni5U
VDbOUwuSYRM
xiy09rPqIwc
tkv1CjoBHME
ERJjqdqHI40
goJf1NUoebA
m89goLnzuug
7gA-Hfq0XcQ
dzGBNxbVXK4
Pj-WP7HV0RY
2n_-_YCp9Cs
rHEw1rVpbFc
KaFCzRxADlw
XAVPcn6k8vg
9dtXV503A34
NQzz3JcK1J0
LPZN6eRqc1o
uagMfGlN0GI
F2E-I8XVhFk
HJ0JJVw0X-s
948bCAF4vNk
x-ATHSnmUqs
m0wJ7ttb_BQ
ytAgJGCWHqk
1_iV7bkHA1Y
pCWG34kYx50
g2Hi_MNmkPU
A4GDlKZQaak
IMltV8xlz-4
3dmyWoV1wfI
