j2jjLccRJSw
kvWrLXwJzck
h-WWI_QpS2Y
-2bzFq2h7N4
iamy_3IQ_ng
NZVz72x7LeY
ZeQQkwt3l60
1J9hTxZHw_4
NygXqk9pp1s
rBhaXP2FNeg
xuMgVPQ1E80
pkmOZ3mYifI
dMN_wQ6Zyy0
vINkcP0Ec-E
5_-SEuAMh64
IK_bDxzEp9U
DfJC-0s8qIo
mSXdb7_B-Lo
3IDr7E4nK1g
EhqW-eZ9Vtg
s_hvbTxvzGA
8ywW_zQr1bw
QHgNoSYlhYs
C_xEYUXh6AM
9iFuSle2QkI
96sjkKFKJzk
RR8dqCCZ_IY
ZfrkzWYVsTM
h8T5GxUhZsc
AnV4ym7Ln6o
21iw4zEvUHM
Vu4mfza1mz8
bpfrdzmgQyM
BDPTwvuXTHs
p40gaCou2Qs
2kloq4b_wiQ
BQjzkcD4tN8
M0VAC6JDSnU
M672sEfGZhg
XcVvr0-wruc
IR3DGMcUQXI
R66EQyu6cdw
O9vO_CVNXlg
b25g7NtxIGQ
STw1hhSYRWM
dfg_1grXG_E
W6rW4TfgztI
s29QIKG5hus
wGYX9mkGLF8
96BWsatKRnM
Z8h2gDI2kh0
5nzRLhuRkYo
FmpLZyRRTXw
IO43bSIlwXQ
-6KI_acf-QQ
pNmoXMVTKDg
sGRKh-q48gw
thDYZ3tzUN8
ac1SPpmDNBE
znSM0j6ncKY
RcqPeC80Bkc
Jp-DDF_AStY
56-_rl5P6C8
kAimDLp5TmA
DL5zGV6Ppsc
_uuMpVf2R8E
QKAvYlgU4k8
ZRRbEvHgYxM
73Pqv2mGXl4
-iinHslrXfA
Q_XeBzzTVzg
iByhv_iFPW8
3VMlZ4n-vXw
2CaTDfmKyQw
j13bj3Vq9NA
zA15YVChD8A
gDsSU1iLAEQ
O8Q52NI2C0A
nQF9HYGx8Vg
kLKfRtXgo88
DrnQ-OdO2Gg
dr5ulYUz-5M
GK8bFcvGD5A
5ZnGPOeRrWc
4yEFqDqTFPc
H4Mj4B5WpVA
kyK7WI0WukI
G7LumWhtc6o
P5kps44T7cE
IvQ0Agcarr0
JibIlisE9uA
BAEEsKHA550
9WT1BfCEEzg
DALGjOdEvNE
el0mUT22ZP0
EZ34J6MCKtw
eZNx5YgvQVI
z1LEfEINDcY
P8fA2RfEG6o
865pfvHNg_A
Mle1rbpCbI0
03INo_hiR8M
KuJcay9i94Y
LV9q6dQNki8
_8h1HBDJ__c
H1bK19bg7eA
VNVR0Y048H4
qVL6Sg3rwng
heydCK0mCm8
HlcNFMFC_uY
x35b45Rercw
Zuj_NnymqMg
_eBYcazPX4k
-Vxcdez4F6s
86OBdhR_H3I
txvwZisYEFk
w2dUYYNRit8
2LCH9OYvVb8
N7jNgyHelfI
C7QzFJcKJbc
Jw1q8osg9Is
JB0_Q6-19KA
CG45ExZoLqs
iW0_-c_EM-Y
2S4F1N666Rc
sAJa1c9OtGI
SFptFIiRsCg
MGBCMnWglMY
X2VQsP-LWZo
0o0gu4qlZc4
2ugWda9xJ0g
Km1_3HPSJ_o
PoVOspzNoW8
Yv594PLqz-8
42nRLQFpDlk
IBizlY5wwZI
cfly9wR2Sts
Aia11oA39fM
8JKkj2QXOvc
RPx5apFPlTo
mCUxL0DnkUU
8unDYitFwao
tCGWIUBsZbw
G1eAXHT-Tzg
ZKuM1f0uUaU
RJ8_XChCtBU
7DsU8vfXWtk
K5hmA7SQh9A
DYsKYacvo_I
Cvm7ylXgOXM
oPFyBcO5UZY
U7oGwD6EgIY
CrDFwWXMBCc
KB5yXTeHztg
ucomPGbFdvE
Gj1Nf8y3VJs
krbIdBRWvLA
apHgSjv3Qxg
3HxlYwuxV7M
HhXNs8EVQck
odUtqDz4lEk
L7ckj1RtQSU
zct3VQs4mJ8
Wa3rsx3Aeb0
M5DFIbY_iSc
0vffRJRXchc
nAfCPPVmQSY
amhIDpvgxvo
VeZqH_jFz_0
U7deOOmrxBM
AmZBG5CuJpc
Zsb34OCurG0
_vL6pHcYOWk
o_BrYb_b9_g
4Bh9HY8cqT0
F6zTZzLfhJY
R7xBfXZ7oZE
izgplXcWjSc
hixX-7Dn2vE
-cwC7XAaP4E
o6uUh01YinM
_vGUHNV5Fa8
_FrPSJA-Sj0
oa3RXRZ_xS8
4Jtez3UkK6A
SdYpOp_u5rI
MZdnHg3cnYs
kgUEiJMLl9I
twt2YPXprgo
PJEaGwShzhQ
7PpMtcOYeh0
q4WhZ2eQkUg
Si7j_B4-4Ms
ApkivGbsqQQ
Suz98FKiheg
mI-J4QExImQ
uijfSbkVziw
jmUF9oKxVG8
tjOj27gCUmg
GfBDBi48Jrg
MeSv7Ntop68
u4iAvpPaJwg
8bEM6qgjx1A
0hX2-pOCQGM
6BnYPuK64Ys
JCvSIJrQhp8
jH3LZCgoSsM
aQROshOh-NI
AEmqGQ4jeu4
fDeJs1vzpgY
I4ZmLnlihig
QTRSEyjAndM
xmGB4yU26-U
v0JNUB4qgIU
Wx_cWJYQHqM
dsLuUz040lc
0kjg2Sak9Kg
9azew9ZqdbM
-h_0GVxV-5A
xiDkmBSKJoU
Hc3_M5SGbfc
ghvm597pDpI
Tz4s1Svx85k
RxEeNYMG6LQ
FAu1aRAtoGA
CnfNY3rCUso
vd1OsE7KhXQ
M6uuLyKUgSM
iWjXfWOjMxU
Yw7803jYosE
Xqdg2xIpDgk
UjiCV-wf5eE
fRHAmBR-CXg
TjPMxIfgtIg
kLxkcndmqUE
Q_7HjxeWO-s
gMnk6zwtBvs
zpEA37Mw33k
9L_vvWbaH54
blyUdESHr-g
UF57HjurBPs
0OR9WnqiUyA
422sHZzJe2w
q1IPyPvkz50
FUr-R8uNZ1c
ogF8p7GVFg4
wT0Bq5MqeMQ
a80mWMPLRPs
PwK1MppyOeM
dl94_b-trxA
QTY3TTxOCCU
cbJ72vxJAoc
vEV2JdhPXuU
RRIYy1p7qbI
NUsvqZFKJsc
SY3EbnDc6LY
rG4IfgXJgHI
PYQeRQ4U7fI
yTou2yoxfAg
BEN5nN0ZLUE
Pk06djCTXQY
Guhue8d5BIE
xZ0dFCiB6lg
vSJ8OoIps2k
mv3CvdaK7XE
Zx-imlY8clE
T4VwsPdPNa4
i208a7FaM6Q
ivUj8V4gGIg
GDa0cYBz2f8
nuYZIcCaAR8
uSiO2VgVB0Y
TgPPk2Ms_Zk
u0C7VHX_f44
cjMg2sxu6DM
OGWFXlw6gzM
qkwsoVEbQXM
Q9EHNDPDRdU
u3Wz6p5C15s
jCCUF-Zv8UM
eHVyTNeBTQQ
ZsBIm00T1qA
i-jQnZelI2U
bf6HRQWnBSk
IXA80HAxf4s
JKm3uzL_A4c
ce_RcxFJX6I
VomcTBLJFeY
D_OWEnfWn4k
I7oio1x_mSI
1FvGKG2k1co
XDTk_MbJOmY
tYtIHAG9kcE
vleAHIsVOmw
0G3EREY2asM
cp_5LDgomiw
OJ7F_7BxO84
ybgMEjl9j-g
pPmgwyuMIJA
aFRnXB8DUm8
XDTk_MbJOmY
mJSgzZMLLB8
IuNj_rqx04o
BBJAbsRbYT4
kNLAFnxCvak
26h2-mO12QU
VtEIrSa4IFs
MwaYfAUq6Uo
kf2l8FD9e5g
hKPpxF8SBJk
TZJfsD3Ksu4
9_WMl5MLv-A
CcLqCIA9UM4
kzUL17bJ1nE
p_0wnVKGAyY
2qwtCsem0vk
Ayyx2dZOy-s
_F_PqlU-Y2w
m9dp7nOxXmQ
lxM0Aq7-UD8
yr6BBGoDWKk
tv42E_0PnAs
y0FSeF2jNuI
n6hgnoKNXGc
zDbdblvTcyI
23p3dusMNRk
KFa9hmLr2VE
k7liQjcfqlU
H7pcm5vICdU
UgtJdeJmhbE
milbLnhFQbE
3ET7DwdOuBg
myRN_3gytjo
LcQxACfZQKA
H3HFjT_ctF0
w-J-mUfoyLI
i8EiUKb0wnE
Z0ySgUVpF1c
QXQMc0jsl2E
H6vTniRXEk0
XDBqjWCCWcc
4qNeX1Wj1Qw
QDzNUriZ0sQ
ysi5ljqd_p4
xYN-37N_eds
pq4rhzTS2f8
AxN1v6bRRVk
ScNlMiso464
tpXSXXsWTWw
CODDIzM6ke0
kPdK_HXtveU
R-Lacu0VG3Y
bahTTQG2SvY
O5_XH5dfbY0
D4BP60BjLE8
euTsgTBHFwY
COC8vH_19HA
WBfZkkkcjus
nFFoMsFbX0g
nX83JsAyxs8
wlc6uujLtng
zVnnKKKvqjc
vanLCIkN_ZQ
nm28YnSrA0o
DBiZP1Lc-Ms
mZGDbA9HER4
XRasfs6RtIE
ZhiK9nlnpI4
fsIN5PcLuVc
yhs7k6Aztz4
Bd57BiqcAvU
yB5C1OMloeI
YdL7e_ubk7o
pnWynN_tPTQ
etJvMq-QWlY
3H3umVHn1CU
6YKfizRI4VU
DU8knsqA0ck
KQCX7dq70pw
-dPTvFAFfP0
Dl-phHr1cXQ
R_ZU7-DPZ_8
267K_uvmx84
8PqpinhE1OY
f0-dFJRGsYk
Z0sIig_jdGA
l_K31v57Kxs
H70c3jC4nXg
SZMW6WvUz2s
u12FeLt5EOM
VC0dxbGX7KE
0FPZvn5mM54
KxtI8r9WNQ4
qvoFyNb94pM
_9qCdPyD0xE
qFabfdDllFc
UtKqDTk60bk
kMZ77FgZNB0
JGs9MDSGPh4
rLRlWSZC3lQ
COC8vH_19HA
mJ4xiBVDvnA
1CmUwO71vYo
nTVsqc2CCGo
NhOVDDiSvMM
oKLIUxMUiRM
DIw85xM7lLs
wPKpRgar1pE
ghGnxzhgC3g
nccHbWGz33g
cej9wzg2gWA
RiKRzcQGDcw
m6L29aoGzCA
PITJoxhL0hs
IpuVnqYIgbo
njqng3OMkIE
rZc6D8QI5OE
hkfAZObOsuc
htOwje51JjQ
qo-xMoksL-k
leF0QS0e-ZQ
njUzTe5xRH0
TPPJa3inh-w
XDtI7UoOvZ0
ss9MppZMSZk
j8aMFiUJE8g
CEz3cpkno3Y
aXcKmRpJFuk
I16ea18o3mA
wDmVHQVZfTc
JJfppydyGHw
L9SubidKrm0
PKtX9XNVxOI
3eFk12BVK4U
TPQ-vb0PG_g
RHcuXNC8lms
Mm0y-KW4nSc
3CApa4Wxs70
4CjpKdmIuwo
OX88ueEsqUU
RqPMj0RDjKM
dJ7SmbKsE5s
XAmgg3FKYhc
8cPGT9cUKyY
-PqXrlDTNUY
OIrD_rgQ_Ns
Ojyvpsa4axc
kmkLn86C11c
262OeTpBIhg
AlOhZmhxQBY
heRryAUm6lk
H25Aq9vsnXU
KjypYAIiwDQ
1fMeCEPjt3w
RG-XXJ6Yq3U
Eq2aIMzRyrM
hOd9W4bjWTo
zpP2APSGMhk
AGmU2HVIuO0
mpSeT0gAWQM
X5eZxR9Lql4
xmLne1XNzZ0
ZlxdSEuuzWw
5K-rnWhA0GQ
366_xfP_PtI
MharL1-0pa4
vhavXzL_r9s
20zAyy3MrOg
1DTal-DHwCY
v2vCAOU6_dQ
idC7K82Wat0
bNrk-0OsMII
G7FnWwmM3xM
E2H_rcRkzDE
JKV4LGBU3pE
zsAQoxJdnMI
pb2uNVXTseI
RM1ENbwfkz4
6RrmnfLJk9Y
JvDiIqdZa4o
YYf4UOA4-9k
DMPdUUYSs24
L_E1PEMxdFI
CzTZP48S5l8
gblFI2gsdPY
IPDxtclZzVU
T2hnEjogBGo
g_bCBnEzQbA
nPMTnyZO4hI
ijixQdQ92Qk
z9yF0ZQUQqo
uaoqgKZtaaA
4Afs5wwo95o
maz1ScDyaJs
kkyJDxhX05I
i5nM75d2FDM
FrD7TPikQpA
3-MNAX1jgbA
5pPd3P0Ysd0
GJcJKD0lxNM
0syEUcMwUOw
EY3_lODN7iA
weMuI5eHb1I
S0naKdTCh5M
Di6fu7F2BxQ
SxgmK64wt98
3qASlzmER_Q
a44DOexX2Jc
YBPMlmdSaRE
sPtPhfThicg
gXAqKzqkfzg
9jOr0Oo3ip8
jx-yFuhuKqc
PfoVN6lUQQg
xXl35apUI4Q
HsJ2Xf0zNZo
iwIjS2O4SBY
HORlczVNKag
-pjX-rSZCe8
oCutfydujeM
VlNuwkoerdA
QWt9-7jtofo
3u5O9Upr1bU
EajLVkEpXeE
jTOoEb4I024
gxSOzfjcPHU
si--hfzh1Xo
i0FJbnfP3FU
yYKk7-5QnC0
RnJl2O7hnrg
m_o_qm9gD_4
Zd4_RQVCzEI
Acj-31wMa5I
k5gcdhtJArE
uS_eny8IRRY
Tvh2Xql6baU
ZtMfiWDQHT8
2aO3vfvvAAQ
3XS5XGmOigg
3I72RpYDu8I
vCtuMYe9og0
KWhSOWTz3ss
5fuSHfhRiIE
2LYsUl_raXM
7SnLEY_5XRw
p5OqqVA2fIE
_k6LPLSTuA0
3nZp3H9L8hM
ERxNsoYwF3E
tqfTUJME_zY
QzARIa7tO6A
-Jbkrbtci5A
6gaftYQ_56Y
MDxwAB_-GlE
Tyuhh7759V0
dNHLb-bS_UQ
kzEcoH0O920
NeC3VwxD28Q
o7Vp2fJE48w
xIUGZ68AblY
amD_jYnPNYI
XD-0Yp61aKE
7dHaKSkfI88
4kl3w2Emcog
cD8OMPz3GbY
_CVpnxVXQKs
QoXoYetbsds
L51I7j-oHAs
TrF6rI6Z36Q
bhxAv7mDH8I
YuevcEEChww
n2AaoxljfFE
YUj8upWN_Fg
gFK_LqvlBjk
NKcltkFuNEA
y87IMu_wiBw
po17vAkOGlg
OVlxhkWh9R0
Lm50mtea3ZM
Tka_a3jdSHQ
0X7IzEDJzKs
mJPdR1F5BcI
WiQJKmUqALg
Yrc5qgN6FBg
3t6T5U8cd04
udOG62bt5xc
HfLsXiXo0No
Qad6Q_RbQQ0
ucaVEIjiZ58
_pVhkgYUgo0
Stsi5ZY6Ggk
vaHWLOSwQu4
3AtBTP0Hf4g
_NYfFUrNFUk
xN1uCtOikRQ
lhh0PyJE_Ts
dxBZ-EAwiRQ
BHS1U585YY8
6G0jh0F7OZM
bTHzB4h0po4
VOEFhQMx8L4
isAHWieFtgA
Q77LBnM_dIc
AoS0UvVfxRQ
d1_TurZ7E0U
NZo1otIjfl4
yX_ZIvS4Rqw
dvsH1lctDlY
CWkC6OmoV98
cIMWYeP7O1w
3YtkZbkJYZM
62nfN6YrW9Y
4_z7UE2NxBA
jNEBm7T7se8
60vOrJsGYu0
vq3nWnTkFbk
jRS9fVh7MUw
hh-TA3rjp50
jC6AGYwoZiA
ZV-ULfy1XQo
BfX9Q871P2Q
IwJOkCHO6ow
7mjgyciRxMs
lsd42dDaUuM
H9GkuuuIddM
KHU83-L6v7Q
T4wc6DXCzps
24kPupnFygY
RXeBhGgGqYE
5s132fQQ43U
liypQHa_dr8
lg9HZ6pz_tU
WU0JDRVRdr4
wv9P9e7i82E
AF13mujLC10
38BNWiOwzoI
i7QQlIToc6U
Zc6ABVJyG40
EYFNw72QlXI
r5VSivQe760
sgZ93zpl3kk
Vlb4mfQv6-s
yXjeztNJ5TI
u6DBjv6nXAA
xZFNRIbnBr4
H0ftAwlAB9o
fp8-Q2P-bK8
LmSfKAPMm2A
5L7IPkgM-e0
NyWGXkZ1rnI
eTRD5BWpaog
F56MmvI30DU
8_iK1z00JtY
xZiFuiAIva8
N6lPlyMUtf4
QCXid9UyQ0w
Qah0cScztdk
_k1pqENjVFk
KbpYm9Wxgw4
bb0mEE4W3LY
X_X8UCifzL8
8meC2IzQqFw
neCE0x5sm0s
y4yLkMuFvpo
hIFi0J5sB5A
Lohg2nvhLT8
CC_LXIcGCYg
hZTqDjMwejo
bERB9LUSfyk
vv6xkD46WIs
LfGanAJFUwU
XJiWOByFMiI
1NTdde6JWrA
b_hQD_mOhik
NBHiFkwZKpw
jjp47z4lXS0
vq7MvnWD5YA
zJbtZlPjz3w
95fLlHaHmwk
rMjtfAhzgFQ
b8mznEaXeN0
oJXid64fDps
xXIV_Fo3lj0
uG37gQSvrf4
7mFttvrhqZs
2_L87Hbc-sI
CpETp_XW9y0
BTis6GioP2g
n3LfOK2xiUs
EY-3THqZDPc
lWR_2CBx-G4
hfen-64sLn0
QtbmhBVHkEQ
3cyphJLljAM
PLmG9wT1v_Q
kDdrhJgtvhc
WMmM4XDozGA
LzdjRah9fwA
MVnOBh9dTMA
LYqEvag8KZw
MMlOKY734TM
JEDz6wDfMOA
vt-LM5HEo2I
eBLkJbloXhA
AYIZ8FFW4oY
vMRTuIn6b7Y
AIO8_9CdhdY
mHqfsaJ9oWg
nZo6M1DSVtM
_zql3lcLpeE
Vnkr1z-LVmM
LCq4AAwtkfk
DlbTNJ0AU1Y
JAzUz3m22U8
BiPZh79edvs
PWZOeM5jdjg
4FhOxYgmYl4
-XeX4_DY2Xs
ruO-JJTVa-g
VUT__rhv6_A
hBW8x8O9be4
9-Hwxw4fgqk
FEdc-t7YsY8
QBb1R88UNt8
0AkcWjB0UBE
C8tgv9Zl3B4
E5IzBB9urDU
OHOtHk-3TY8
FdPV_1xEBDE
AX9CoMdqWLY
q9RMoKmbamM
LIklSjHtNtc
GhG_0ToGdO4
DWlPug-XFrA
l-U7s6KpKwg
lCtWNYpx0Ak
Qju1Bng8DnM
bHs5KC0SafU
aYxR_yk-f0E
jLURQQSEIeE
lQYn3AndTqs
29h16GQ-OQ4
fMm1E8CYSxk
VKidGcO7yPo
fdksRkeBcNU
lDcPhq3hp7k
COxHu71xPcw
BhRhTmhbACw
T30ciXuMOx0
W5RoAwWyUG8
aP7IpFVts9I
fZAbbTBieUU
OLQzLOd7Xpk
Kh3J4BUGDLU
vi3A4S2q3pE
8s3FiQDUaUQ
taFCTd-u468
lVyMORhBJho
rFDQDbXGYlk
0_1hS1JwpSM
kEMCyX226ww
SJv9nRjNJdw
bjLZBrQ-Oq4
_QYRVCqwuYI
T5lsSr_Dp4o
hkmv-DEiH8o
e88znZ6Uick
UGnT3CbtfKo
h7BLD881e4A
l-_1F1_JTfA
84P8YwR9wlE
0TjGWsFEVQI
hREKZIyIbvg
ROl1CbjJS0g
xXYBnV8RYdg
cSyKxeTan80
FsEzKH4Tl9g
QvVO3s5n4F0
BIAk7gx79DM
ww7Ell3JvDY
lF6NAdHoX5Q
Yl0Xbp-Oypo
qDdtpJsea-c
M1sG-XezUEA
CNIPRjpUkso
ayWCXVx2I34
wSaTMKnS0o4
IpDZmvpeypo
Q4MYg9gHXPs
w7B916WDLec
pXRuKEz7TaU
JM4kJKXhlb0
52fDb-6NW3g
Jq_3dQeDcEE
8iTz6Jy3lJg
EUJRHO8cygQ
MdGuju7eiNo
GB81SuQCrUI
zRUOExNjR8c
FIUn2JE-8KM
ZsloYrBhGQI
mc5GT9lmbz4
KZCzIPPSxqY
7_orCzU1G9M
tau3xWMOPkM
YNMMTPWbLpI
JkqBWJslHLw
qnxX8p_72Nw
3HEzVwRtqdU
bNuGCB7U7FA
BK9pF5hH-iY
DecsOHer8VQ
e6JKLGi-3TI
Mqzllejvlbw
GQeqQYaYKAI
Uaav5jgU_gA
J8jgewzvzyY
aAJNX2JN7xo
3rM0al5MeTc
OTUEW7sJpxQ
LmTGmLyT-FY
oHHBLSSctoc
97-jFarDWGk
XUBMw63nTjc
NyxZnLSCehQ
hzPYf50SMQI
76n33LTX6to
5aJ3IH9zU2E
4vvo9GwW3TQ
HHjp4cz3KJ4
xPsF4nRgSgk
4YMUknTmX8c
jWPxkB7GaBQ
ctW79eQgtP8
tc0UzKAkvo0
WNne8ecB1_g
yJwLSIhtJxs
RzXx2oBpqrg
k0B2WHCfjWc
MZchkb8B8v4
X70bIfe8nak
dLgP8Teb-i8
tlPBTI_8BgA
Df0qyYPl0NY
n8ls8azFOr4
OXXKE4sN-4Y
FPOYnCdXILY
l2VQrDyRrgg
1tA7ColD8IQ
dVtIIjm4lSQ
a8nMMipZ3-o
MfNt44pFo9o
QRl9nf5H0tk
1MxYWwouFPM
0G7hCnKAY5I
3AsVx9kSDKA
Xfzi1TSlods
j33DOxIkOp0
ND4ZDNud5i4
5jP7e1Dh2GM
isrFRo-tpYI
0xw4QmsLcNs
AjRS5prlAjc
hd6wsGOksiE
ROUSW_Qd5aI
0VKvqscv8Fo
OsgljjQE6J4
9FCYGbOWk4w
M2OeZGHLdyM
eckQXdpdfww
eO2CJmaoBX8
m_JO7oqBLFE
X3tL5xz7L-E
iJnw9_u_t30
srgajcpJiWk
3yq0-7mFyc0
4E-m3Jv_l2U
kJkVegBsNyE
Lfdsut9t8os
dwfa0_AS49s
ocf8mqJFMZI
SrTCopLikz0
fLA9Vark-TI
l7BMQAoB8IM
4rbSYwJJTTU
7ABa4GHW_ws
XefFRvawaYI
hhNUg7-ktU0
kRH3jAqx8Wk
KQjud8VCTYc
rb-uByeb9Dc
xJ0m_0v6fQk
YfMU680YSkg
ah9zSOj30yM
Yby_tfowj_o
gt5KxxmIUfE
FgzQ7ufUbmk
FWwbMnXQ7bo
yr7WCLdLrT4
Zp4To9tIo6o
tOIEMn-PKSI
GpfF1xUqbOE
83rZra83GFA
dkKKsZPeDr4
VpxxZrtsqw4
4RfZMhWFiL8
fgQn1uF_-v4
kY6HCmYR_bw
vtFv83z84cw
79btUCykdgo
6m7uaiGZxyo
1co3nSWLZ4g
kqVj1pwP0vA
o2MC-HF0Mxk
ScAopkiKibg
FUSESqhNrto
cv0raBImPvA
1HFgvVIZpX0
cm_d_-Weoyw
9vmmqUVCKl8
icXbEiUg9i0
hQKqXNkf4Fo
NSzvjdoU8mI
BSouiXNlyq0
n7ut7WltNm4
Ry4bGwT_ax0
g3mcDafBBaA
Ll-kvXIpKyM
zhZs9MK8D0M
wgXyBDq05SU
BD7AY_g2JVA
Qk6ItwpgB4A
LJ8vLc_4G18
7SqVRt629JM
Jm30q_eNrc4
MG22iFL-VgE
kVcAr4-_ak8
JjDvIm0uX7Y
9s0V62Q5__g
PRH0uRA7QyA
QwC1549HnNI
Tm6b08a3hWA
w5KRawOXy4U
LR3l2pXK1m4
17n0zgBiBos
OyC-4gSmJ8k
4xFJIRljFB4
8BYdU0yCPDg
SaKZcjVT6L8
E6lz8MB3Ids
h6zdpgwyGOM
g9owdmL2UWQ
FgWgsstTx-8
hCW1ntBrB8w
kNSv7DF5QrY
fz5aDsU3dg4
00y1tUMb5yA
e603BKtuauc
My_8I5NWR_I
V-BSsy0U95o
Aj-WWDn3q-4
f4RGU2jXQiE
t1PZuHfLtbQ
1hRMH1jGPG0
Xdr4FfIn-DM
JAYwW0M9k0I
KoBfqvSZN7c
FPbTi04VFYo
HO7ECuUtswc
ZC2dfDS8g0Q
FbHtx0j59VU
MNA4KUcjBdE
6nBs_yRqg4w
DdwnqnFzqHY
xN_s5e2ErEw
XS6-V33kRFQ
W1ZQ4JBv3-Y
IQma22qepho
gXUq6o6ZJ88
EDD360PgDRg
WvnApT-09Jw
hEonHrgZAmM
FqOUejbG4jg
sdoqnYtR974
WbQrRTnKuXo
sgVW8ofetkI
Y7EKcpUFkKM
g4BiI0JsnR8
aOBqb817gJE
AAJojRJXIV8
o7f6g5RXiyM
G58MKqgakj8
gPR185MpdvA
moMWKs_40VA
n1GJWXxaW24
b7OzSbNsrGE
6RsBrEpSDrg
d0VzdkgX2aI
bLcJRD7mA2c
frxdBTSQouA
-hzM8IJnb2M
yyWIkMVsO5M
3wK191uv6GA
yKZX8O8Oxoc
-SFKNbsKFn0
yvSmPqqZB3Q
uQbIwcug8TM
OUtJOtV8TMU
EwVi03htl4A
mnNebVdiJoo
N5yezgYQTMA
MP6MVLWuNZQ
qbgwKTrpWXM
TDXrH_lJL4E
JM0PRDNlzcs
DMmZJcB_ZqQ
YTjACd1ybYM
Iy0_T_BCOM0
0N7iON1ZY_c
d850jgPChzs
NSv74YaK5g8
J6L0_pAOzME
7p6wsjIyg-c
H1XKLU8GaMo
88QkWS2upTM
SAjNLo5Ui-E
CQ66r5Rlfx0
mh-KCsL6Dew
1L4d6XiAcbs
v6KBxPkNITo
fAGfJ4YjVus
JF5y5BdnEVM
qRgTTV9ycGE
XRciHfhLzrA
m1kz0fFznYA
FQQpKlgnI_Y
Q7x-KnZ5moQ
WvH3VN5Xr6s
cuBj-xEhZHs
hI9i687d44k
uLeXzQCqeLY
fYKyyQta_3w
J3GsHp1pcyk
ujtVuTlKm9I
hBLRfgFT7Xc
bfrHoGlFLwk
yzcUSJThizQ
nQ365jzwk5w
o_9wbABigjU
ReSi_kPTNIc
SYRpXZjkHlU
6BLtqLL1fTA
AxUOn_Q1yus
dmvJaEavleQ
POveZd6lwNQ
V9xOmbrNHH8
5WM-Hzm0GoY
VgziDyPSUog
GXKxIGn0YZo
oI7iPb3qtZM
vhxqaV6-KZ4
Bbces61vXPo
5oVAZytlfE8
QhvbAz-dG9w
XXFVpwecixY
pRAfz6E_jSs
tI3KchEPWA0
irqemriyS6U
P4bN7lnQY5k
7aqmMkEe7P4
ASoj29gjf_8
krCl4d3N5dk
lEIGjXbtQwY
YKuoPBbh58Y
VZg9P9-Avxc
gbrkC-qS7hE
FQl4T3n3c5A
GwLJn8EcTbo
VUEWZ2NV81M
ClDmjQo8nVQ
499R500kHOs
QXoVzkFz4gs
SbAxa-_3h6E
Trdiuopaj8I
4oDR9XRNShI
svvfzETPmNg
kQFKYp0p8po
Tbbb1veGAx4
hF359rblLBM
fAkatc0Djfc
qLPOmtI4W9I
L4dzZIR1CzA
eE-MnBKMiA4
CcuZD0A7RwM
iIDWXNlVUaA
xaWFZJjtcQ4
f-pFboIZFvI
WYRNBZOKp_M
ayemv0XMfxw
TnJdVFoZxZc
TnJdVFoZxZc
MFzilZ2MGjo
BJ3jr35MPX4
Mu4TFOi6r9o
LaOBcF6N7e4
3IFuv1AVouM
DtBUM51t4iw
tzsOJ9M6WqA
hHM_rhdkjzs
tHOCWCOyzrE
1oo5TR7h_7Y
_cTDlOfl3B8
OhT9jwZu9Vw
PcvH1eOjOVs
EXAddOhCYBI
BRzwNycQTok
tAmdXW0lDoM
SAHsqTNAVbI
l0D20Pp0WAc
7LWQl2Xi0iY
_Unr3Eu8Rpc
dmyGzaB8DFo
9TA86wFjRqU
UtpgzumBi_M
OJxT9ytVYiA
ht3O0IQW7Mo
QaOCQCQGkEE
tugoFbmOoZM
voTupbgcqQg
oXtIdoNaUYk
7GIXL5QeR2s
XLqzdC_jne0
fyyqh5ZYKBQ
-MMIebKDF-g
-lFUSoj3L8U
q1ib8nKsaeU
CjF8QlgnR5A
RlOOCiSTZ20
EDGSwjHSHwA
igGsuDYxhEA
lucQsR8GfUI
JGLRdAPPnMI
xMtAjrLEuLM
nioUpRfCZJY
_sQQkLUGPmw
kUlA3cBhApw
k-_Z6p5cjKg
SpuwD3oY1fo
IEvWkYF6ppA
7ZxyRwMyqBQ
gY707M0bUQ4
RuDDZ1tRPxw
mkktE_fs4NA
X7c6LMgr_N0
X4SJZZLOwmA
T6MiSdYjPrQ
7A0geb9Nor4
rDKiNwTwaNw
3prCWdw49DM
NJghaYa-eS0
1eF5_qWXf14
zF7U0rcwb4o
MXDd5-Wtv3k
7kpGNMXNA9s
SeXp91RTt5A
-FLYLYhcFj0
BCVVbnhfAFg
1NK_027e0u4
PefE95UwCVQ
-EJEtQtg8Iw
dYOYW9OEotk
X5whCsgtTx8
jL7U1xgYz6w
zAZHQUOgnFE
RaELad94KZs
z6oqPB07X3o
w_wRuAIEsO8
Xwm3572S_6I
IuL0r6i1vYo
UDM0skSY2_I
yIH59UhaF3c
lLn6GtEOlcw
k-ZRKR5YuaY
VRFe7l3HqJU
9GuwEevDf_g
2hpEee3LpjI
1R5nfHFNX3U
YPxO20413M4
B3INp81NimE
Y3a59jX8xXA
3cbHPqZMvHU
EbRfRlPqV98
X8ILy8nNPM4
Iy1AvH9y9g8
a9x-VVPdQ9Q
vf3p-HVjv0M
01eufoHB6QM
VXMb-vh5f-4
Ml0dTQrMRZ0
9TSiRWs81tk
hu7Z7niwMUc
9b6BgQ8E2Ak
Kivq1yQghjw
Q3SSdKf1TrE
u0ZgedSFMJ8
c5bY7_MuOSk
ctUiqrKA6JQ
W1mRi30jL4c
BX1zzE7EMsU
W4CgYUU4hs0
RdPyYzzXc0k
w8YkpJTHuDw
jmvYd908bW8
IaZ10VlSoZs
vsL-JNCjAK0
WCeSP8bqY1w
v4IbS42D8jk
K2rDDzLG_MU
PMpCwU0viRg
XMH8UwcoBYo
Vhuf6gDesH0
2mrGYAPNYNQ
Xty9U6gEwlo
OVwi3YdBvsA
z5wlajXkXUc
P674CG9mOTs
agn3HYSb8O8
_pZP1bhijaY
WBcDIgkufXo
HrJZHKqrRGc
lUg7r7fu_eo
Cw1TCPio6Gk
CWs3LilbsWU
c6seSNvEi1s
JyBkxHOM59I
ZAzpVEWOl1s
jpbSSqqO11U
VsJOIVoSFEQ
071IKwU_eTg
kgInT8hbDuQ
XUnm9UgcUjg
gmXBO5qpnCI
Q4QksVy1VAQ
pWZEwSQlL88
VPiR5FhIh4Y
AJj_9-Q-GHA
NVQz-veBPLU
LgrU-BijfHs
bwy7Xw2u7GQ
xS-8SvaYpVk
nXkRZFNDGcE
I1bZT4k0ghs
HO655uFP50I
7dzUQq7re0k
mF9z99kiQyU
ggY4YEy7d5w
fDIyqYTB_Vc
H774EC8fRdk
Hlh6ENPpq30
K4Ms8xERCTU
tkhvy8j_rgg
h8G4C2WI6lQ
jta9VYFMP8M
IeKJ_Y43Qa0
ASzjW2-XYII
nUQ_Sh8kYQk
ky1UiHVnXZs
GxBtZkxVVHs
eaNpwY_2OSQ
wyqTkak1-_c
fRlrKI0ob7A
U53uRSpaVp8
Z9m1pQBigQk
S2ZGAAmIT_s
s12pWn3Rfio
HiwjXGjbPD4
8I-iz1XvMdo
YH0F3Jn-DxE
PPRY01rJZ8I
8v0EBPcy41Y
zjSf_I1U6sA
4SVGKxGzCpo
7ynaWRei-hA
BWlWI3LOO7k
cwAaagH966Q
OZbdeSr6CQ8
n_PgzfK9n3M
q7_sg_d3Fj0
zVufc4fMSZM
w8zn9a2Rwwg
uT-UGTQd6zQ
7JzcEvxYsK8
CP2N0HpxIHA
DEhI5Yc-MF4
cdw_imqLvUk
1OStWvoZ_xM
rnHVNlgoB5I
JksanWozxDI
pb8YcF2Lq-A
rEnwzzWqFQs
nJGBAAQPnKg
bQIDvDNAKKI
JuAflO6EVvI
LfERtUefkvA
ztePwho8vfA
X7hCpYUzzwg
wwHB4MRZQoc
7Xi_s9OE7NQ
UP_vYpyPAE8
PSGTdBJr3M4
Xabubx0R4rM
hU9dygDcfjc
q3m1HCRzi5k
VajP4ZYXP70
MooD41qhtl8
J5rL1PrDMag
YGlo0KKTBcE
MCw98nkWPa4
Ha_soNGADMY
9v7asEP5ZRQ
-jZWmnKl0Ko
64e3Zg4mHfA
riAH5ovLtyc
0Aawq7KTSCY
JOEm2fAPSCY
jNTEycOUUn0
gjncWUBZJVM
X4O2bKZSCYs
CPM8Wlyg3RI
WzDdDmGJMHg
KfZxIQYol1c
BQhGDbwhV-M
7e0l83NSZIY
9FT53QKBzCU
ioKTyLufqyU
IpgOi3TlgF8
wrpP25Gyn1I
rQwKOGJyT1o
UxICSISX3JI
GGD1Gg97R7s
VNnXqGRQxow
a5kqvhmGdXk
WFQQUKdqIk0
QXK0hDjorRE
fK7pCrCSn-w
5okPRN17d1Q
PXagpMT6_DA
H1SWFQJexoU
0Xu0UqyDPug
6yqXR_c5Gi0
xNHPZnRNJeU
pAUqodcXyWQ
Kat-KOLa0_0
PgxSD6H799Q
QIcaped4Ddw
7x_-pU2SeIs
yAddjGKF-G8
o9ie-ssyCKM
JZu3xWX_SNc
Lwj7NScP4s8
b_jJRZLmTI0
VWGskxpdjWo
QaNllZl0VBE
MmY7U44uup8
xTVaEWuIJzw
XE8HwwNqHG4
PhFORJ5Ub3Q
kwbzr_xBjVw
dl0k34GV1a8
ICH4_71MVGk
RgZ-hgX4G_8
CVtjszPa6UY
dFQA-ROcpfQ
x9r54f8pYzM
6KY-oB2i9lo
I16xmfbuLMQ
4Biw58t7sEc
RUegypXTAIQ
pO6D9C3BqeM
SdaetY_dZ0s
-W6gzG7ZwGk
nzcDLFxSuT4
yMfCkwUYtbw
0kRJiHR9Ti4
lXzhDuqsHOg
VteqBo4RYWQ
pFOvR7FMBM8
3E0gZqaqHDU
bsFMWNiwsyA
q3WAHAbzkBA
RYt0bY7IUVU
WzkO3Ao2Oz8
sVOAD2B-ZOE
qSVvtmdKoEg
IOx4IXi1VOU
116z0GmDYN4
2x083uDTiNs
R-NsQx1OG6k
fZQsXCDS0wk
DlDPWI3JDWY
ltCYhIBqkgE
7eXac1DGcjM
a1lQqJ_fFHI
QEqqiYk_P74
02lXEmY4S2k
E_GqvgrUg44
j9Xl8XckP4w
uXhMtxgsGMs
wdlYWzcFT7A
lbJaMzB_fh8
P6ymlE78fFg
aZFCR4Go0bk
9JuH2Zc_JEg
ZfgIuGx1t6c
LiL5OODX4kI
kolOaIsYsDo
TZt6o8aatu8
DJThO5ZgEKk
DohDPcYXaZY
hxUysR64h6s
Jn-hIrhg9Ac
_W7SqS6UhE4
TkvUHfE22Qc
mj_njCWUjy0
T6ba4FZOuyk
8F6s-fa1Zqg
3mW-_IZc24s
-2yZjnU_6s8
0cGlFKO4bws
DcWt6g1lXRY
m58OFdBB9aU
Np3Dautg7CY
IwdXzoNr5Uo
FashTVS9CZY
iz4zIQxd0nY
pe9pzBcQQUg
1Ckoezf3IjU
tZB1-9mF6kk
e1MwYKDwCpg
oE6M1JqM2SM
uLUEbA9dzR8
M8bqa2ie6zA
E-LFk88C6Og
FCLQx6Wt6PQ
ktqKpPjBEvo
ojxzhVYZY64
-B4ZEQE-Kzs
Yaz-inJLRco
3D83Qc5V4W4
_-aocOht_dk
H17Ln7li6ZI
k3MwhWUEqY4
oVrMtnVutmM
P-6ha5RydNg
jb5dd3n0w5E
0aXs9jd1rDA
IwhM9fy8__0
l5PJcKRoigU
1HrWwO9Mqk4
iWjAe4kiUrU
Ko03r2lTtyE
eq-zZvt3aYg
5Rmr3c6Du3M
37CYntYHFho
c5Vh7TJevmY
lFBM_NVSwwc
IgBBdF4RGe4
ghqmC_ZRDF8
dW948zinbck
GmVrrrelsDc
WKSgHuQmeWw
pZI0TEAhW54
mnsAZgZK5cw
6xHfsFEzrfA
6-tMgS5rKKc
BukCLiP_n64
ukAtl8KUabs
9TA-lmfjeAM
_zFMNdeK1HE
xV8pqGVmzto
Kjpwa4Oc31k
_DJ6PfcTiKM
JpMh2_LU7xI
CLWmux6NpfE
-IF6lMT2HXg
8n0ziGdamiU
fJfL-tkjwGE
_eCRiS2Znuk
9jPB8Tfpjus
EqqZPXMpe7o
OyX4YnMBUcQ
wztZ2yPB6IY
KNXpVOfj4v8
hvD4WgV0i7Q
i0cp3Boq8Gw
7GHYMq6LBfA
8kzOBEJBiJg
8a5IfWrwEVw
nomOIqJirgg
UKqzbZ6Vf3Y
7LvmY4ANvlk
LafC6Orkjmk
pTvr3ojaNBc
Ik4KfN0oHcs
d8VPdcEvdUE
45DVajaZqS4
sR75Dipk_tM
hnmFsmFkXQY
y_S0dSVTOMU
-S_0NvASzE4
nXpaUGL6px4
3r8F5FufYSc
-uw_DPH1vrU
t-ukll6Dog0
-zptLBmheJU
FdI-_IZBaaU
zX2cmWn6Ixg
IEwB5D0z8iw
uC_6gcFN4kY
1D-6COvP6oU
NJE7IRK7k7Y
zAlmzzeHHKE
ItdS5zACi3M
0SYQQm9upsg
mtOthaqmB3Y
AsPbs9L_rnA
vFhe5-DWQCk
VwzDWyTMr0o
zmfwZDlYyyg
9t4negRY-BA
5L_QmfkhLb0
CyehHwSAC3c
vrI7STkrp0c
uYLcTs18j9c
MZwuOZ6F-0M
FCBssZv0crQ
oaGPlvuf4qo
Bevguo-bpdw
xudtAR3dkmc
iBsPN3zOJy0
2X7bIPpjqjs
_cEMAvMFIKc
0iNm9lCE5cU
CsccjLHJ2xs
aXrHEXMJ8B4
-6HwipEEQng
CCXLqxeTf28
kUzDDZ1w-h0
Fwp7egjSCS8
Dw4mSZZLuFU
OfVMq5Ec7lA
aU0QM6QfrIU
a9PCAyAmcRw
kWT-HAp4nXU
_SlRc3SBEiQ
VHN9EbRC9U0
4kOKeiSzJSQ
OinQXJQhG7E
0cGsTB-tQnA
UF4rQuAGe6c
wYGjSTmjcC8
1pfPVso2OY0
Q7ZAeyAA0AE
0iyD6RP7g2I
pPdyVIZXaU0
klcDNPdT9jY
gGDSLKRW0gM
I4pgO3U5luY
2zuSwtl2mn0
1FtLUdozmfA
XyFfCDzBUjs
AqwfbUbKw1I
NZ7mVGejsFE
obeGF1cZgUM
QtPqyscrn60
XnLA7cHEVeM
u7XKAWJO5tg
o850zYYnEck
1DFoerGaHtk
yQxWSNaEdi4
CjwNe2gh-6o
7uA0_p4NbBo
uplaJ7XavM0
yokTG0qkfuw
M1BPfQbv6P4
vtcwXvNZ79U
4xEVYOOsK4A
QaS_EYsEASk
Xzqtvnj7mo4
-BtjSud9Qug
BgzGOaBHKQ4
G-j8wQiQ2Yo
RDPER6dgcrU
FQW4oGDKg3o
Y25O3z7g7_w
vSAonSael5k
cTPlz8Irfpk
OrOzdlUd-go
eYr2-1eAkd4
7wIlEZUFSCM
m7iIyu7CBu0
1VVKvpoO7V8
RjRMFvOPGpk
OpbgyBRks1w
hBxdsv9THH8
UGh66uDH6Ic
28psGTcjhZ4
tFcrfsvysqk
7kNy0jaXW28
3so326_KCvs
gKLhYhbTrfY
PSK8cNnTbLA
-EXWcmm7C-8
NgSL_CvX9cQ
vN2esotFBpc
pKPOSs0eXOU
rpyAMgM4tY4
kyAN-wK8syc
gcbi6M7FRFQ
kAggi3eqYhg
wtfaFmInFHw
vQvfApwISi4
XE-LMPHR_TY
IdFeQAikeJM
kkw6WMuFsL8
BCEu_9RNiI8
NT0xfElK9Rk
lyFQZOAPkdE
e39CVBVkyrg
l7peLYxkqvk
m-cWSAirrc4
HfazZEdV7ck
2zrf11yDdvc
04QFaW90XL8
KwZ9QDIKP7U
OiDsZjgXIho
lNX7qz-eV10
xRRaMQ4PMbg
kRbc1ileKks
E9QNgR6LlsU
b5pMf_0myGk
OfropwMh_sM
dw0uyTiRW28
dD8P3rt4lQc
i0NYdQ3gEwo
Bp6oGmaLHGY
kqOtCz1-Xwo
tS8FwAouK8A
heRtDDTntRg
XA-gc3a1XlM
F72NeF3Kyq0
HYcBoX8cQUQ
CZ2XxaSlh8g
39QwTIFum1k
v_JsEFU3y7A
MxWscDg1ZYE
muTgYVrKcfE
kp1D-BE9qLQ
0b2K1LroDoE
dSx_tdAgn24
DjoKDL1OObc
bCHelucjUSk
8L_1teHLycw
A990yyf-o6c
-7goVuFmAxI
a7q5okfxXMc
cCrPTuQVEQs
tj-6x9_Pwlk
giNXPITcyks
inyjfMkq_VA
SbakDrHZhcE
wkPw_-kv6rs
tybmTidHMtM
rVXtyRlmoXU
-VlXVP-ckIE
pg21D4mhQ48
sXS9dfzUbxw
SKD8eGpkKx0
kwRlUA6euIk
34o5XEDUQbw
m9S6xCNE3XE
9cQAJIDiMBA
D7VyF0nzNnw
fMBPAZ0lGfE
6DIy-P6DiBs
BfQvp7a0epk
M7tSiLUHqhM
nFRkMzmv2zE
IMZSepiXgo8
5UUa-2VYyj0
J5Oj-Zw1rpU
TptwZzQHtWw
TarUCbKWeXM
dxRBxK9xlyI
AbPyxX5t-IE
GE3SXh5mmyI
sCSX_QdMOqU
_fd0mvdkcyA
NbDqJy28hBw
ZtzgJY5b1PM
qKd6gKzVz2A
CUqBvXoSug0
w7Y2R4KBwvo
PdL51tsORuc
244BapapZRY
Kw0pxLuxkVo
TXkRCmczxU0
VUiZDhs0JrA
zQRgzvoUJAA
N2xgq402glo
ebjEDJb2uyU
x3mBT7ZLy0E
MESQd6diG_s
0agKXVksniI
msXjHd8k8ow
y0wWenl8T_A
aJesZxwoS3o
W1vSlr1-t1g
-pPATTnmkmY
bsoZkSskefw
XYfEaVwO80A
L0Lp3Z9N_lU
vn-w2Z-ITUQ
UdXd7bQ36Q8
eceDszNQtPk
mTQe2s96K2o
EhDPFKOtPDc
YkkEMMLfzUQ
mCVGf-Tgw0M
MYnTrQDhGTk
hvPndLkYzmM
4kgCvmvYCBE
CdgkuLuArOI
rIldiPSZffc
dgMhcbaoIFU
auDtAau4Szw
uyDS4R7DBGk
vAdAgHJ0aqI
8rsiupKxPPQ
ftgY63SlmKY
JRDd5uibBJQ
QRBOj53MSos
hAzn1cZxpQw
yYkn36DNGTI
dj_C384BdNw
Ff_22zIv0hU
0tSnSBcStN4
QYYpQVAWqRc
aiUpur7iMYA
dXVp872REAU
i0h2rZWZhBg
_f7-Eq4H0D8
2Wbgbk5T-Z4
RxpunEMh0bE
ZvaDrQB5QgE
ei4ri3gw2o4
4WUP9Z-sziE
uM6qKIhNUX4
hLbBQuw9Tww
O_TyYuRjzRA
oE0UCv6b9i8
mw5I8xRQSow
mcyINbGidMU
WN5SijWRcIk
7rnHrbZOo9g
3jfMK9hRqCY
pZ65BztF874
vSyzHWU3Q5U
gmZHnqhOHcs
xcXnA7YoFOY
efqid_ZLJX0
maSu_PoBEGs
3HWlovnjK8o
TrFUlU119oc
TXNgHoIBPXM
Ur2OU6kvJfE
EsCSwVx3GvA
v81c8h6Pea4
YrFX2lT1MT0
CXotMZG1XjE
v9-KPBA9Hfo
tmItG64vyDI
eNccg6j1Dy0
QGEMHGnR3u0
pqNbx40AJmM
qaHKn8LPx5s
F6OBGW6i9EA
xsCsdrQGOKw
0c9WTCchajM
h4YDK8L9xP8
MrO5n6yNt2U
Qe4TWFSwu2Q
4z0u2UWQzAs
rlzaU_HQ8Fg
2nBj0XM3SHM
8cNuaMgVBOg
FQ-iUKiKEDE
TWO9J9G92us
ID-wf2hdb5g
6mekM9pn-Cg
qtvQuJUtE3c
pvxQz8PPSbg
4D8NIIJBA-0
DYmBnE2f734
DuxW-81pTFA
EOscsaLkCgs
6bRI7lmbAsU
aajmOWXeAps
yIx-W7wl7dA
My1n6flVYqQ
Z0NnNwbPKrU
c0ZMFbRWoEc
y2fznvjjhbc
aJhRMVs7MMY
mIzsTcOEtOc
M_e1CWpNXlg
cDd2uGB987I
T3m8H7zCu0Y
lmDEiCQ69oU
DOYAI178OEE
gGJb9QX_4K8
eGllVZtUlhk
-Pdn5J5v7hk
x_sm09tt6sw
3eZr7IGJmwQ
eGm_198XGeM
NDaksxdjJGU
jZPqToZhwqk
x7hdq1jWi8c
xvz4GAIdXZ4
tRdo-Q2IM0s
MH9KfHAsvZE
JfkqgN1gtcQ
0BSqDlJFitw
73hQXwMidxc
BB_EovoVpa4
dfUVXNV2b5E
-dC8p35Vl0Y
cFKYEYLZPBE
U5ekjlSWbSs
OWyg-HHxELk
GtMt1ZzmKpI
GP4u85V9jFg
hu5Uk9Wuwhk
8KIezpyN4lo
XLQd228LiUs
CTxCE0JYFtM
abXnfjkdazI
OM7ZNwh5k_o
Mn7sj7bNFrY
VtVwLX8oKgA
W_T9acl_Qn0
AVO8h65rJfo
SXeve7gZ03E
veih2fBiEe4
mZkYkoYIfOU
54O3T_PPgC8
qJiYV4vTALw
b-ZBkf_l5K8
SI5aiuP8fII
ktwxQu2Obxk
Dv8hRtyaURI
GsM9DnaF7t8
zhBsR7HppqI
ip-L4aSjlqs
XbiChTeavH4
Whve1dWD4Zs
Q9tsjTMTuUY
rd-hQx920dI
tACNCcA0Jtc
nMVNGJbLSOE
hH1ct4Xop18
IPKSQ0J-ubU
yQiCCc7SKSc
iz9JP4ZzkNY
CZFREpjf9og
Gq7ISUYxsYA
ogP3cRTzEmY
u5DsB2g_cHg
w3LYcCQbzQs
ZdRRGkbzkok
PNQfukxJ594
KMy0Tu1g7Rs
4Au1Y8xcV-0
Z_rLWj91XnM
Z-c1_ptGjPY
7p3RI4G7wrQ
Mnfc5yjhuQU
-atQrCzz6ro
jT7zel0mT8c
6zHDdIKPbwA
IQbvPT9MCJ8
bCDYkTWzvFM
7rvgLiQE7NM
Z7obm8MK_x0
YklA6LIk46I
Bi-CSZZ5tyA
8igwZZeDFHs
FHYfvP_AP4o
TEIj0v_yQQI
ggsQECw6TJs
wIQRfv759sU
Bi-CSZZ5tyA
8qbSFgOpm_Q
L9Jqe8Sbkd0
By95oLp3QNU
USVLIlqxALE
Kj7lvdiRx5k
tKuqmjown6o
3mF6p-NLuoQ
2LKMktAN4hc
OeA0UYKgcjE
yRy6qiurGEo
AXcYXRFQ_DE
ASxQKIUf6x8
mrXI18hO5vE
IYEdbnEfsRo
Z7m3AYEVB_8
qkRMwjLo-m0
7BoANGK8FG4
YIKlplx11n4
SIVs6lixFFQ
4sR48ZsPt3Q
L-FCPC6IDzY
TjYtSMgBc9w
2HHEQuspi4o
-E_RkvfHPPk
VxAB7iBz8JU
Jydfe3w-GAI
mtuCkTBIsC8
Xw1wmT2j2XA
92rtC5WrEKM
7lGIyrNdtOs
mtKNH2Y2OJM
IEDqqy5IRFU
YMY_-xYmJvE
0S3ionWvLfA
NAM7iiZN7b4
14fwHo8MVwA
9e3SUY75Mjk
vO7k8sHhMic
q5MkWtQwx-s
uYizbZA4TjI
iu6OEnznGHI
5hWjH--HrTc
VQ5JLlCYSNA
D9FGePDvwjA
h8KrQuPklAw
iHeklbuyBSs
dg5AuYCsg98
ylNWDAlg2Ww
NJSw0l0cJPs
SsoGeq4XcCk
BRAFjy8Hmec
D8DPrVSmjwI
18uUEiIaxBA
ZDOgNv4cXqI
_8Xy_qpTe6M
oph9BP4lKjs
361z_mDtTjE
b56WwssMxZw
Q4qElqQHFIc
ucJblrYdVH0
ghDE8l9cGH8
EuodkCcFLiw
V4580N7oULY
EYybLRuWA30
sRYXkwMfSig
ThWGo836Ceg
MbkLotdShoI
dA1mNZZVkJ0
