62RQ5bi2jmM
9aJ74GSma-E
xiGXSEOibm0
X1-FMc8tIgs
KVnIA5rUHNE
noi772l50aQ
bc3joRKPAJM
iyKBo0Vnv2s
1xu2iXO4Q0U
RIaLE-i3kHI
FbSFqXFR8iQ
TSBUERdYATo
X06Tk_DvEPM
eF2EJ1tQUps
j-7BnplBmjw
ML0PN_zvML8
qbyxQiMpkio
NyEejdIGiUE
jvKdgqxDQ2U
0KuaNQLD_b4
_MhE3mP0PdM
zVinUf1VlzI
vo8c8dxy__U
MOrv54V71uw
Klh-B3vYwiA
mapNINtApX8
nKRhxrhFMeI
_Jio0YyKK9g
7X1AdSsMEjM
AFe_yaH-KFQ
Jx5toMrpSRE
Z5LdSmQ4P2M
j3E9KEybbuQ
QHXcWWoiMSQ
Yvfz-zhLlsg
PL2F046-PQw
2M2gTNXr90w
bXUmj2eC6U8
S64UDMy1Nr8
oZ0mnlp26kw
gGTQaLLugGc
OUXRoB2CObU
euukWjk88Pc
zfG0TpnjkdA
YB0nQqLZkMQ
7VDN3q1-Ax4
1dVOeVAo-pw
bogxMOi1wic
Qh_mPvyHp_s
trPhrHTLzlc
q7I2ZOQf30g
sWI4ly_YDXY
TXKq5Ntdw3Q
xM82s_WVjtQ
A5_F7B53Ajo
-agWXP3rNc4
mKPX_opJK_A
lTEUX62Xh3k
ABskh0m7eT4
yCU3GLN-CKs
kVgiLgP51wk
bU8sNyANFW8
zPPHfwf8BnE
USJ7B4t7hvw
uWXN8WMHFw4
-UQQVDceqqw
4vCtsvlN7Uo
U6K3za6DY3M
_8NpWbjD7ag
3uyRCwRwTEg
ZVDe70mQTHU
j6okYqapsO4
yWD241x0_yQ
bNBfdA71zDM
ww6M_uWLOtY
rIeudE8dRWs
ff9nlqYvajw
Hmd--puiX_c
898iuPOpFo4
7JMr17IzlTk
r9pLGWw1Xq8
kkxvH38L8Ys
1HaiUDeR0WM
etTwQ6z4wdg
cJeynpb_TKE
LWo--aJxQF8
OkkEANucALM
vheG7i-R7zk
xMPK2yqWPuk
wlSGUQB3EJs
cmN8qb59L6I
ckHDVutrN6g
Q02Igk9cLJ8
fk-suQ6vTGc
mxlKS2-xZ6o
wgQOCzNchwE
RwKG_R9URyY
vkMlH-6msfQ
vEb19I1HixQ
z0yRVjykBsk
THqQy9CW4HE
ryApS2JzzpY
EjjX30-bQ5U
9jZrjVLbnqk
T7_gbfR4z9E
q7Mns52cMWA
bDCtF9yHiH8
2_7gVwJX4gk
6WfAabBpqGw
LVHdaFaU3c4
6tbd-hdJkC8
Y2RGwCZlUy0
E4lSMVo13nE
zDjjVeNclZc
UVR_gb4rSQk
MnzucWqqU0k
wIsCcxl6_Ws
AshokmVytco
ZC96JVAjUDM
tHwKvQ9qMZc
bCdEbaYuoIM
9QO231GrDtM
VJEbe4kRtCY
1P4oBhGXwFM
LyJUg_TEw2A
Ef92bxe8igU
Xxp5dHutYBI
sFGrSHAkJu4
OYlmgJoJoRk
AtmR_Iwanhg
hgp8LtwFSBA
HiGWo2APoIY
NKdcEfbOvr8
bLhgMTkZH9k
2sj81eqwM6Q
OvTwcl-WHJ0
JCqjWMw6I18
iUgjopJp3co
BjN-A0vlyS0
qLoD-kuNIss
pPfcPHEFDf4
ClI-i6d9srw
dYwyWbmi7_w
FVdmHxZE3hM
1xPMZIhkEZ0
9Q-LtscES3s
QbDsPvKXXyk
G1-aND5t7IA
cQ548EEW2QE
jKo-oy35mL0
8XH0X6Gq5yc
qGig4ah1N9c
pZqmvy5YdAk
Lf1h7kfDq-A
_vD86Ti-MrU
0qz97e4G9Ng
--ADZcUvBg4
NVZGRxqhF0k
VeZ2dG9ilIA
IkJqOKuGtIo
DFUu3brOpSw
uVZHeZp5gIo
7JU5Y_2Tr_E
5ZwHlNSk8tk
3LxFkczpTuw
yHb0je9RO4s
ePbj215DTyg
1u1QGc1KT_0
43OM4Cq1xFk
VKdf6QcLQ6Q
pO1t2fpCRl8
5M1wPrj21fQ
vid3EZybfyA
hp_0AEspNbE
ARijLEaR_9U
eQQuuMmRzvI
m1GY0v-v7mY
L0H3lUbwuI8
hazFV6mXJDY
mxI8SLwApC8
zBjIhlzRwYM
PbHxphNDBlk
4edIYZQ_VoQ
8bR1ydsYuZo
QSE_evUBNsU
kOBwi--PNWs
gUC8y9ORWN0
CtQGfucst-o
6y1NmtukcIg
otAY4ytF7zI
jvBkJ81KrU8
-JW7xU9vU1Y
3hcPBlUpJB8
WURoueJInPE
v100n-pM1_U
t-PCO9-ozuA
4OtNEIs64-w
WEaguTA75eY
JmcLsA20GBY
DG4eflw4cpA
KszZ_1vdejM
Z0Q_BURptFI
bhIMM-LU-Is
b3xBP57YSI8
gX3dejYtJCE
ZaKcf870dSA
XFbSKl9Zvag
gfIMCb19xpg
ZdPhAe3bEwI
IqHPd0C9PH8
8S3gWnKGmXk
TWN-C0iksG8
_y5USFANBg8
5onSgvdTQdM
EB7_kwNmu18
UZId82qTZiQ
L2baeF2Bp9E
xjWqAF1_yJk
g8sn7FTRXak
KwD0xqz3R0o
xQ4nmbFqIXU
rZ6xjpPYFWs
ek-me5ZC6cQ
mKrPLAwnHZI
6ia1NpK2AVE
x3AsH_T52-k
hck5woTQvx8
z9YAQaFUqAY
-N7CYgBQsq8
K-PJ96ZZvj8
a3QYalzAk9E
MXbDWihiOKo
TP4-HPL3J_U
KeIKCSkrwko
ZHtGzXvAFjw
q1RJfE1jy8k
UQsSAX31Vts
tJFl2roZB0Q
bwwBtzQONio
TZ2bJgbyrio
O7sf1mEbovA
URC4n1KZizY
yGyfcX2n4xY
1p75eE3N_dk
e4SBLAKByoo
2Lif32G5jOY
3LGnYyl4fZ0
1fTLf30MqQA
vl_B6nz3UOQ
J8R9qUMBENg
OiIYwVu-Q8U
tq1EUYXYRy0
NitUfgdRKoE
uFUJy9af7Zs
1GMGURcJtpQ
M8-OP2PI2H8
XVFyVjL__ck
L-9fbijImxE
ZvOYOuHQwsQ
ywaXTtQExq4
6KWrzJ6JdZs
muJyntC3_lI
3-FKszkjlcA
oUqFBduDMUA
5jvbpAgJ9DU
umzKhjmB_6Y
q_VMO1Pt8Wg
nWR6pTsSztM
_V8MGzvJEXY
185ncLkpK7A
5kjtgBv1Klg
5iRxCDq1pl4
QusNHDjDBFs
20q36rmEjFI
mL4G0pola9w
lFAkd9X3f7Q
B-IGa8qdYRU
hZ8XWMZFzeI
RlVoN71rPS0
UHU226kWZIA
uriecOJsCYE
hPSVUpMsveY
bG9M6Fnf33U
wcbqczxL03o
J7_ut6u_YCg
NHgKBlZaroE
stwHtAjMVF4
J6-CnO0kuu4
rRXeT_zPJU4
C9123oQH_rw
aGITqiG-Ips
W8B2E11TFe0
Rodbp4m1vnI
I3Xn9EOOuwU
JF7ys0a55ks
lQcX6UvJ8fM
XXHQRrvlQ6U
paOJWSnRwJE
AssEleww8l0
0HW3_sWP5Zo
GWqbJZJOwbQ
BiwBDfAUdDU
i_vPHimmfX8
tFxM3QO2TJE
PEv6tYjp_68
Cq07fxsjTes
DYkuLpmDcww
A41-gaAaMOo
5ZlD8s4EUy0
nfulMTgqe6Q
mpovb9zJsns
LZj4JBlo6-U
Sse2v7bFkRk
witrM1dGrSs
u6IchU4xTu8
7atfmtttKH8
c36c8Z5B7mE
3nlpmQb4s0Q
n_DB18mZ3Xg
zN0VTAVK-4Y
r0p_1lj_MAo
X-qngepFFEQ
ZrubpL8KgRo
N2huJSqOG9A
5Yz__iHcDz0
aE0RZCA8Oc4
Jpniu-T-mlA
H3TMz3E0i6o
u0BH2HZ-BPs
HlCpMQtj914
TwrfX1llSxY
urBHn9AUCDc
GjNp7rui8eM
V9QnnQN880o
FKTgfFSdAMM
Emh_I-eNA1M
PD47cFfGSXA
UohN1yMjpy0
4dsof2rmfNQ
9HI6-nq5lWA
c49vKSiOSug
wGBDShN8F-E
RK3sguRWYK0
aMwZjW9TqJk
IxAG-3a2P08
9jO0_boJzCY
AkfzuOZ5xlk
7pRrF7T0epU
86MgpQeYjP8
c1RS6_y6d0w
fMGixpYioB4
bkk-reZGFw8
rYz86R-tCtk
6H785tqQPgY
Umk7nQiaqkA
4wML1Qk0tfA
hcfFeeEBxgs
jrfKJJxpIJU
LqjW8kN2g7Q
M-bQzqdwUk0
0wLnJCxXHWs
1-FcaLZzeZQ
PCL5dFe8hVI
ku7zfOszeC0
IkTo55mGzi4
AyB8NOMtMEM
3k7ttc0DUXM
fQa2bFSd4sM
Gm27QPuVMFc
XrTZ5YjcWWE
