twCs_FPhirw
XKsUrYe1Jns
JjE3ThA2OPU
YphEKSDPwk8
0fRlIQsZPQE
n58qukrgdXQ
ApON6w9K0yo
ev7DCzaiPGM
lezpgPPidYY
MFOZFET1m5s
m0t7IrkG5yg
QBkKOIwCpZw
fB1HqpQRjAU
MCo9b60H3B8
eB1p18YeShg
61OZAtKfYzU
ulMgeGS18Ts
Zm9q2ycbSpM
sk_VGwFDA2g
4eMW0TKNlpQ
JnANfZk3Io0
9DUNHNJQOZo
7w7z6exJQzs
-CMhg9eryvQ
nJAFihCZZZc
JZx887udEnM
gqbvCuI73n0
Ye1ir8MQS4w
qJFfUH4X2mQ
8tWG2t_ZugU
2La01bkCP1E
ltX3WHGaTDY
RSWmzdYVoGQ
b5PGklsD5j8
Oz6WmUSnCdM
tXvFXpbOVHE
eI70kDOLFHM
c2voGahVuPM
_ta_SXy6vaA
aQaRRJbVOMI
pI3T87CXM04
ogrybh-Qhxk
F3EnDf3Rb7U
Q5HxrqLSLEg
2X6ExLY20js
_pT0aIIXWjc
dTzfMxj-q3k
0lNB3-qqKG8
rUp-a_09mxo
a8yhdePFEvY
f-NMpvtq1DM
zxyHs1_ezGo
DJMPl4s0l00
b6EDJdpag00
Tma-1--ODHw
lSFqokNWxAY
zCcS8wrNZos
GJvdmpHbodk
XCG7ZDcH--Q
lF3qKpFPhxs
J_vUvpSTMa0
8T1toif1GRM
VfOY1-kgf1M
_voxJ9E12E0
XN3TbgtHGjs
d5NCSx5HF8c
_z8DO-O_HVg
xZGCpN7vQws
vwqWao8xvig
pR0Hi0HashE
Mlc7TXsJLpQ
kyhtnuKR_Rw
P1XAxaBHlvM
j-c1rBaK4TU
BOC8sq5EAzk
8m6GbzdYJgs
vf08NXm4wyI
UObmGRuijbY
ks5Cu9uKbF4
UYAnkdhe9KE
X-pVlbhRqZE
gfIlAh15Il8
BH8pVzuu81c
6GYOuZiNAPw
n2FL6gwchco
wIEFNByU-MI
kuQDcrkltzA
TOeloEkQw6I
C9uOaDZDT-s
4ZwZbspyS90
wUl-7OqBrtg
whPDaFWCYv8
oofDaNaUgYo
mWyncgcwyoc
eBoSXKaa9w4
tSr5SRfK1XA
Zy_9K_FGTeo
Pw2dh6rUTOk
CGgA9t7mghY
j6_QHcnLhuc
JQeCXccBcUU
p0d2ocAnd0k
6FGCpGNld0s
a8dEbIsR2to
oJa4UPZEkU0
xPJKtUbkZrA
l_n-Cw_whls
NtlZanp6hNw
fZ28gGCa_jI
uHnPM1rNwI4
tb1btj4PuFA
PwOyj62XP_c
1aVz529yml4
GlEtxRP1a-w
WsOiE4FYHUo
8VkZ8YLO5CE
NfFOxoA8EWs
VLNE2AmIxrs
LmtWHjlrvF8
Rn1Eu5z4tvU
JASEeLBaqUE
BW2__Ldpi1o
x-GQbjzrKrU
DPuVkdnDttQ
AsTk1CVwSnE
7-vS65rHqho
FgCLTRgH3hQ
ygVSBPXXsv0
FceeToGt6bM
tmmNeNLpVCA
1muADPtsw10
y5xRnQGk-Xg
iEYJXTHnZBw
1Ad5k5DD5b8
05tyrZonnmw
qgeRdxy7GhY
O7a10a_D8nE
VJGYEVFGrDc
VbZndPjp1Lw
IpN_wAlYZSs
_UIMEBsNCcA
3VCCbT6_S58
vFQ8hsZsDkA
2IsBkbARGsU
KkQdTApKhLE
uBYzYji4rmE
Q5xYtbp5EbQ
khY8ncy41ck
n_PNIX0xH3I
-9h8otWQShs
bu0m_UdtoaU
qRyFZsNTXlM
1XY8dPnIORc
temAt9jTjnE
g7l7n2qukiE
dKvcXnbBNSA
Csnsq9f_ZkQ
U5sb8LBeaQQ
qNw3J52miA0
tWDK9rK-f1Q
jOYi84yqJ4s
tNTF9V4VCZg
CaE0JD1X12g
UmGAqU0sng0
ut6UYwbt6Xk
Nsv4b5GWN0M
pJqoioY0q0Q
paxgKBUK4wQ
-_of2OsZ0E8
7-jCllazaoY
trWLY6NrS2Q
zl4g0nsnP1c
cE6RwwAoK4s
fPpTWEIoRZs
fQZ6eZCPT0Q
Eq8cNosV4EQ
v_mlHABsnBw
5bJ_gb19pKQ
zajF2_81ixE
aEJDA-SFqB4
SggkMHx4GhQ
MMO5yEnxDFs
Lt-tS_4Wc8g
GABCneYEE84
NaqzrqAi5a4
Pk_ENry8EzQ
cI5RYgvPHLU
pyLK6lT8qpA
iQpxMuIMTSg
xG_a7wELSmU
KAa1Uswwk2I
ccVzQYl3JTM
CU4bFiU8F7Y
upt1wHntDws
If75XsbYCZw
JZoO1Ftj-bM
-1Xg1-5btvA
4ubwGb-vLA0
ROZgx6HXw2k
prXCYZsmfrQ
Sbl4nCcO0qo
EC8-ELSwRJ8
kMVWz55OAqo
fdONd-JVpsk
_lUiJsnGXh8
WCsduAXsf98
u8MeW2r_qq0
C4HKi06CaBU
0vKkwJwL77Y
55OgiwXjFzU
6V1_Xc5_IqU
dDAlGl_8f9U
KTppbv5-miE
Z9cB0TjfIkM
CzmIrPvIzxk
_MKl7XsxH0Q
WK-CPBPoGZU
CtBca6H6Teg
Om_zGhJLZ5U
Ad5sf1ea0_c
A8ScwhLh7uo
V7h01x1oiQs
8R9XdMtSW5E
kWaJCOyORvI
_ozcY4lW4QI
-6Zc8Co2H3w
an5vV5aw74I
HpHp1Xp5oDo
MACaqTydZw8
Eef-1HLKgoQ
k7Jv2oD_sxo
5kSQlZFDo-E
yxohMmHFRUU
zgLtEob6X-Q
v_bcnVS4AVw
IzsiRE8XUi0
saTFPCuQfvw
L1rpZh6XzE0
E5B9H-sJkvc
1VqUhHMt7Q4
BONldMyFHtA
WYKgStQxixs
AyB4xUONs0k
VmIzH101Hgk
jM8z_XXVD1U
PSi6gAiyrgk
x3fO9kEBqoI
z_p3OEpeviM
EYWRMeSWL0Y
u4Qbuhw6EnM
njlXBc8Q7o4
tchiKLRKZLo
mBLubFSYyAY
zc9KcRSxVqY
6kdSN4NBvCA
pI417jeeUNg
8fG2GuXbAvg
Hi7lXUv4lgA
_2PdknH3FWo
UicYjxhWx_s
f7KaKINEhTg
bBxzGEGB3_U
Jh_xTqrna9s
g0dg7BVLRAU
A2v0jnd794k
y6Q1QKce0NA
PXtOT-dzkYc
exAkhKwheYE
fpK7ZeROg-M
RygpaqDUjRw
4CsNHcLs1mA
95kTDwGuQrA
uj_or3kdC_o
q9HN6-1SId4
Gs0Ml_l5QKQ
Cw_QBtlryIs
RxCzwRk8sZw
9KE7d0nIB5w
lTZiRG1Hys0
Aja16H_5wFQ
zcNWeWxgw5M
EKL86h3CpdU
VnuIYbkkU7c
SMy1jueEp9k
v_SyrpYk-Ik
cJY-fSVp_u4
edJhYd8wSTs
16BhJOQiZG0
1d-deDvPSeA
8btyt146NoA
CgPyUUGp9cM
fLAyeJgIyrc
cArfrBtqyno
C39YJymGp3Q
sytPCjqA_kk
VTlA6u2asPQ
ku5LEcgpvFM
PsVJZ1xNHpA
8blZcoL3yL0
RjhgHNlC4Qk
tY8a1fxMyyE
T1GOjBNogzk
t9-pTStLGGo
33XxhKZ0Qs4
zgJtA4hR-4k
CvFN2_6IkyI
-JK-MAPJwYM
77jIbLJLTQU
CR0KKDqDYAg
nO1N-Gdsefg
5zyYzdsmeBU
qDv2u59mDmY
-YlX5viLxuc
CoFQfP6lV8w
wwu8XNTGX5o
GP7xokV7OBQ
9SGOCVFP6Uk
R9ct8VLK95Q
-u9Qxxkbjmg
SuRiUW_7t8g
Ffc6y_yzOU8
skeD2-vUMDs
aXO7owEIjXE
vXVs9PJhfHU
3o-aEUulEDQ
nXX8dR-tNLo
3DNQJE8eHjw
49MpLTgUFj0
eJbGJCathBY
sSzGHtdpNUs
wDEWKx0PtUg
NMmaCHPVSGc
xyTxgLNbzNQ
OCr1xWuk1UA
7HcdqgWGFno
M01SDF3PAWY
7GblgBFT1-s
iDUSRIMRN1k
9s8_DkpUjQs
yJKnnThTfNY
aTCELu2w6uY
FUAxSV1q35Q
E28KDhsJ65U
RAEKsTDmkpM
8CJlyPy3cEo
IcTOOFXAGeE
dMTAxFwvRUk
jTBp65NbaZ8
6ZkFEtmVAMU
eM5dcg-7agM
tL7-jISeoWY
o_QBk4VwnIA
WAvSAGPJA6Y
Cpyr4yj2rtE
51_HeycfunA
8pg1obK0Qfo
F1gPXC6ztDg
MuNBpC8EXwM
cdiFhv3gsyo
-ZPDN3yKcrM
0Bqw_290Gpg
TdQp85nN4to
F9d3SFCids4
LFmNhkv-qDI
AP2NzW2k95o
xC5yWVe6XZw
hoo17zOQPBU
rZmgSEYzpaw
-Kuk4ir54KI
M-C-0cxcaF4
Z3dUQkeVeUk
Tq5M2UcZ9FA
oIu8okjbbx4
kkGFARAz6qs
38_c6dh6Y6M
Vz8oiKetEI4
MNcRMSYi-2w
V2pag_DfRfU
5PwY2jR-c6M
3XCNJ9LqaCo
qrE4pXtV0Xs
_4LDlBCkA2g
O81xSipISOk
w2AlamArRYg
h2U0PgGtzM8
hTdFfTnlnUM
PB0j7LOezvc
WvUXbzxxdo0
C_tUI8rtO3Y
pqBemyfzDuk
gIfbU_nz2UY
uv5mYQnSnDw
o-RpxWHokGA
mFmkUfrxNS4
J6jLhu0FRWE
O4bNxNuIcBI
EASy90YNx4k
BZ3VQkK6Upo
YR5dedmfQcI
G0wRiRflmok
VAC83P0nu00
8Rm29tfSSNI
9Q-ovNuireY
oSYZekLljpg
BVBpzd8-iA4
Ec30mIHxLsc
yp5oxYDAFfg
s6zFL6sy7gE
9QhCjdUE7_E
mv-cj6mBkPk
wEtOqCyKBtI
dO7rWlGHaQM
00_NaPafgNs
t6E1RWEfDsI
m1J-PsF1I2w
GBTTrtXy804
QxCf11i-rX4
NLdkLbLPn_4
lYO2Bv_9LA8
DhxH_J71pnk
4eeBeELRU_8
8LZu1xoGAb4
nLwUrlcXqsY
y86wbFdQLcQ
IM8JLtMyIKc
irzcCkqvV4I
SqZmpPBsrRE
PjMCUpYh3vQ
NKOho71qX0c
4Vf-Ftbh6tY
Ss76lmjC4ao
FxB9DMV-F6M
wRFZ9xBQ6os
o40kjpoOY4Q
WGKftSkSbes
vNw3yD3vuQY
wJ3ujtJxVDE
31T3iRvyHWM
NrjneJvS6dk
L04EArAUT-k
DSCNqJqsen0
0D3WZxYxWd8
yduSuwU-MhI
ztjjMqDxS4E
ihCciBFdbkw
IjIJ-fm0uKI
owAdiQq4cvQ
_89XhQjKbqc
cPwQE_gQW78
SGkFKRu7kwY
zSjWiE72UL4
DzJ8s9trbVQ
aFf7PaUesTU
0B065uVUEZ0
ffhPG8_ukDQ
TDBK0tLWCNg
KFu_26DrLE4
R8BCkJzo6to
TZdvm_IyOZY
JOIjmLw0iQc
ZMd9RTsEcwg
7zsyUDcFxqk
rGipOggNbyw
zFQvTATZB5g
lFXvdaTcnco
ll1HhgZy0Uw
I8BobmZglOk
2OAZYNbnbXQ
qF0zKbIT2mw
OzMJkRwOxjs
ZbZ1rnJWk3c
1hJcA3pUXew
_qIRtFE6aIc
NjANWAlcmA4
_xwRxtM4wlE
8npZ1IkWFRc
fuCs8xXVsxE
3zqN2KfXpCM
PuwK0KFKI30
Fpk1TE2_Gcc
3LHmkVqYgKo
uwNMgmIYABU
qMh5gXn2guY
l16eu4a6LaE
EXrkxKhlFmQ
Uz0Vsrx8o4o
MURigSnzUBk
heFafzlJATc
sWbPEeu73Zw
vs3sVrm_W4o
IB78yaPo6Os
2d7xZCjiWtY
g_v2O8OYvCo
YOupZ8luUwc
luWszLI09R0
Yu8u65ZxlaE
-D15FdGRDwM
Gkebn0-iG3k
bSlc7GBolH4
YWtQcMHMf58
oqmSgcP83mg
zzBQSrGnqXA
wmCnXGaPAL8
qDrShJ_ItNk
5twEC1IDeHI
mDS-kzbCO08
jvi9GjU4-ro
TJqSq7350ZQ
OmXzqn66Pfc
5rkirbTtb4I
z2bws_gETGg
JWfFdnTUZvE
qGCTuD1p9K4
s37gM2fLM4I
-apyTyck7Ws
oBBVx3g_GBU
95Q6gcw3iTk
gFDtdnBZIU0
UR4PgGrS54U
Mu4kFqmv3RM
TsdfFTBXqUc
TLkxPcrJUoQ
xt6uagFjJsU
7tKCcsh0mVw
mOOBRBCyzXI
BjobWguWIRk
AcNdCAZbiic
tBnotI3Qxv4
Ugcxj14buK4
X3D_7HBPwt0
0mRwAHbOPqY
JRQlji3bCZI
RssOaO71px8
5PtE42FnOvU
4kXMaToMQTE
SnsE3fkMLok
O9jWL-sRmto
3ZzzWuGaML4
TyQRp_1PjbU
Z68sNckphnk
rh_84ExOdhU
4l5eZp8Ae9c
h5u1mAMMIms
c-85lSmMk5w
19l2Qqf9Evs
ImLoGdczLU0
IvqQbwY0HeM
A4V6rvcLsk8
THEVg_U7XB8
gUgAde2ikwI
Zy-A2bYwg2o
wkFEyZL9f_M
Tnk5VOwEZxc
svGtjopXLu0
Ezg14iA6F7Y
bsb9ZTmbSKQ
TMYzsEbc8wo
_z1ems5fAkM
CzUePApEOK0
u5iQyVg7TVc
VXjz_G6FUrg
_XEGNO6AMu8
7sQfLySYkNs
pegJQPIzfs4
wVkwxjXb7CA
EVZzNDYGYT8
y2truxhcBko
sATnivgGifI
4kfOSwbSJvQ
7Bn121d5Fk8
oC7kvxkz7MM
d3n0dgyjeFQ
gOJTaEdYJbI
d8tmJbaFuYM
vSQckEErMwE
BP30-73Bd2g
U-aVkMClvBs
V7nYbTWs4BU
EqTP7d19lSk
GeDJAKvcZ9o
I8jlXlXAX4w
lGRzAAV1yCk
Mi-cMWcXtBI
pItZ51GCPj4
ygWvAqvTrVI
0sEN3hj4orE
RIxCIN1LZdI
BiT9HmPz5GU
HVwtCU48Koo
ad4T7c7T1So
5pjRu2rMxFo
d61MkuYttDI
ic8nZlFISBg
0A0JnqB5OZ8
0RXhcqdewf0
jSkVUBvpQIQ
fRwLx2j_Ec8
I1CI3e4w9CI
DCvFUE6dNnA
pxAOMhzUFlI
DCvFUE6dNnA
FpWA_hRECxc
mFvqAVj8P9s
n-8w4Sv50zE
YrIqNayLHSs
uzVo_6B1hRI
du1-ScWU-p0
CR2PAHnJ7QA
uWafq35m4lc
KsGkMSY_Fag
P7jFY8SORPE
YeLcsWB5K_I
yriTmsxl2ZA
vo82kRT0uvU
XBy-lYxiyyc
qNQz7azzSzk
XA7tQc_TU_I
SsDd_BVZqxQ
IjWzPiz4i54
TomEfA0Hygk
nxr2SV5znwI
6bBHeRobiI8
D0viq4s_-hw
RmFbmlwWa0k
ESXd2Aabdw8
f4W5DUKMBIQ
VjiJYGgk7Qk
uvr1xiEaICU
evCymu92ZNs
YZFw-Q8T5nI
xJLXkxfexrE
yjJf-CNUYVs
yXxAx8hZSZY
fYaWS6s9S_Q
96DC11xve18
J-B7UJtvlLM
ShAeafYCqxk
X1bYCCTF6Zk
3Tl0czTWYoc
Q-j8XXtwSO0
XCVtb1Cgud0
aXiUsq9Qji4
iopcfR1vI5I
TDaeZE0cBls
OtPjOT_mIFg
U55NGD9Jm7M
zQJhbD4kCHo
DSXTpOn2rRs
hR5HuQK5fYY
ZvPAqP6mBYk
3xtUCieijGY
clEaI8fqcPk
rygbTpOokZU
MynQ4k6Xu8Y
2XjLK8pvEMw
cg7vgiDcHcg
BlKwTo9YcR8
lZMzf-SDWP8
irlyF7MskC8
g6cZc05AQEw
wZ88SIbkCus
r4xxym2tyEM
ZQkf3jHEpqY
R-IEsJVNNM0
oOPOo78dusU
GzgjsTzwlU4
wW6ncUY-8ZA
rfBAqauWxzs
6Pt1_VvVZVY
SdWkmcVbG4o
7wSacDvwQTs
ibkBTCdm6e4
1SXYYDSAZZY
dnFCfUq2Q5Q
Jq28EHoMGhA
pgt1VN5VZos
tsY9W_8Lj9Y
7SCBl_SkWq8
jFnP4dLUxpk
c1rDR87-aso
SSZg1Wy7H0k
g1sqp71MzqU
OoMgPX1pwTk
aJGXsVHkhrk
ZvT91FX7Hx4
4kwsiGCKkjs
ZNfZJuz_1Bk
68BILWRS8ac
C0-5vQJu4OQ
Aa-rfmbUG24
AK85kH5s2zc
Le3kuCrE8VQ
l-1wldsq8_8
dRUCuLUfl8E
ygmjKeAiHIw
EoKGNch3Uto
y-CviMKOlmc
9A7DzqvyqWQ
_TthWp3y4y8
KueEWP91tWc
JGGOEgKLig0
-qE38V0wXnk
HDuyh0wXV0Q
XFAGVVt0HvA
Kw1nKk2c2Z0
9gMNGLwvNjY
dOyJqGtP-wU
FB3YjXV33D4
b5QyAhr3b5E
lqnWjflHobM
6Sxk2MJANXQ
dbgPETJ-J9E
giq7KdN4X-Y
OP4Lhj2Y3xU
IE8Vm6Q9UO0
CA-eyG7lUv8
ddSrvv7dU-8
0fWuP12dpdc
y5ISvHxTjYc
nyHgAPTsBJY
3Q2SrzH5LvQ
yiZjaBIGnlI
mFYYlksNdkk
PE6cfsfKOKc
7b-KPl7jhiw
oaoSYqjPY7s
3CAqo_-K3_k
y2mi74MLHg4
vXNiM2lDvSE
kaYcEQNqvug
AZwsKVL6JfM
ofcGAAf_QDc
lncyMStTj6I
Zz5vEfa7UvI
X_aDRkaWssI
tBEei-Y2Ao8
QOOubfu4kHE
4hKpOi09qqE
9Y8rOUqyFFA
tBbWFx3mvOI
6gevgV40HCE
LOyVy7CTUJE
MhVjH4ERKTs
H53183mVc2o
McGFQP9wcik
SM-l_3RaYsk
-O_FzaMHGis
1uSsgXGGXfc
JvHyk2ESFCI
1yY0tnsxtL0
upZAIN0dahU
QzWTt1I3xvU
YSvTkMPB9mI
Q8MUdWhSjuA
HPvhcucvg_8
qPUZo3dQSEM
WzOOPQSEOEg
XQCc8JchYk4
NySpbUn1OAY
tHtDpDuaiv4
5QqrtXGBsMY
4US0Fjr4Rb8
4z56JFMueFY
jvcex-loSJ4
wW3t1m4HrU4
-Ik2ikgOyNU
2aX9twMlYMc
DFtBjc1dz7w
1FzZKJLWxKQ
l-rW-Qfbp1U
UxFq16IG_k0
CqYr7qqOS0w
2n9358zVHwM
uVOzAXC891M
cvkCv5cCD5Y
FnZQ4KMXOBY
vtzSP8VjkcE
usXVUI5Fw8g
4nJS-LPcFfw
rOUDX_-qGZs
KUkdEV9_O_s
9HH23DmZgQM
mn49DiI9Gag
c8xB3QqI8BM
BzpIB5TJ7LI
Z72wzFvi89Y
kWewQveDX-w
wWW6lYETVDQ
SVaD8rouJn0
3ErL9qgH0Kc
Ist0v3Xhqzk
j7LH0nQVv9I
1PVZ2ajOnKg
vuZHZIQjL1M
Zb5IH57SorQ
pvJqvA0QU1g
SmBg86ti0gM
KZ2loLercIw
B3YbODo7ieQ
A7YQFu5oXgc
VzzLngXfCcI
_6rDDZioHoM
j3QMGbz81uM
wy1153sBEfA
4eAgsrEX_CA
gIntDen7fv0
jIZytYUfP7o
pGemfKLV1JA
PqFwqBrtkA8
xKXr3BZ0EFg
U_UY7RuaSTM
QeAb8qnQrLg
2b5qhGPbpyE
8WKgNyvsNDM
Ru3ode4a-j4
znHh6mTJj3M
zic6bX5aIZU
gFzLMGKtY04
m3EkamOomRs
PnHKv2G0wCw
NMkv3vlRs4s
Sc32YdEWHzo
SZwJBuy9d6k
mKrlkMnAVJE
4D91kz3_KUA
GTo6yvJ5SCM
QWtGXs-L1aE
d1W-LmKxET4
MpJ-M8Twevw
Sge5sUNJkiY
JSIwu1qT5K0
weMMywZyrwQ
24hhfrM46Ao
ztTG4P44164
jXSYybCVxVM
fupWquPNoTc
daXwWFZF5rk
rNxvo8AcpQQ
GMOZPdBHJyA
6x4qNdSM4dA
2ryeJwmIwdY
fY9UhIxitYM
bho786mLBNU
Rv1tjRgEN-o
QPSEGnQM_7w
I2cS5Fv5xIQ
FBNs9rk0FGo
R0vAUAmDkK8
K6XWsLVAZio
inA4T1bzABA
e3r4FklA4gI
gZyfDajJM4I
Fq7xB7ruepo
6B22Uy7SBe4
ZdIB0nHKhV4
9H_xHpWWozM
pDMXIb1wd5M
oDqGAUvWKkU
eUxtmELaTss
FCS_kif7qfk
wPljMykGkZ0
CSMOJNjwv0A
Ag9dooZd4nc
PA576VinXT0
L9QbhTvoDUk
zcFOthNlCtg
NzUkhaHjH8g
EFXzReVzaN4
tgEv22m2gnA
7YtvsxB9xQY
eI22c1YmiN4
YZMUOgqk-PA
j9pqEagXLwk
J_cv0cKGKV0
QWNqbqcV4dU
2JZ1rGENlDM
H3VnQE3qXHE
9YIsVNVQeec
CbNznxvmw-o
WJsCUsZBdyk
MOTk1Gi5zoA
M45HVD4RsCI
r--aybEuWeQ
509z7Gynh-0
OTfBH-XFdSc
kpRxBmEE7-c
uKCF63Ux4x8
0CyWgcpBso4
a4jVcfLOmGo
P6PMy6gUAHk
kL1aqfnIr2Y
GCUblRB7M8g
cRAeFXU0Rns
RAuFdxae9gI
sgjDSfbB2ok
0XDXzW0yEso
IBYfA3zTxFE
L77ASwdeNQE
VS_YtAfJKr0
bjH0HOIdlA0
dXjcJGGmJ9A
BRW0_-oK28A
yvo5_Zi-Yxs
TpU5O_Uur_c
K-BbkX5H8cs
U7d5ZuM3ePU
jEXYfjE_gzM
Jyi9UbMfiNU
6Gv-AMiofEI
Ppe6w3F68ZI
5FWfg__wKSY
3X_dzM-L68o
89aCNhIQtsM
G8lWo_cU9U4
IFKu_bwMoYE
6oykezQu1oc
j9JsxNNbyjU
B7ZvoNFYBi0
8BfMivMDOBI
67EMdxF7inQ
6w9A7q4vnoA
1GqmWiVZdQw
wNL6kWe8mNs
z89kTWcoRik
AOIi9SjJvgU
UiJlxVf2jfg
WQJuGeqdbn4
9Ii2ctMbYWU
GVtNRpsLqJU
sLNvbCVU9Ws
nnYPqippKVw
AoLXRErjzco
HqBR9BmIpoI
2OSyCcSGEF8
rGNdPEbYy3I
l2KSPiTOMR8
BXQLseZOiFI
qTtH9G6Ixyk
g0ULoF8SqcY
HdZW2b0FzPc
q439BsPPAd8
YHrGVcthvB8
NzIsz3fU9xQ
RBaKqOMGPWc
vWXjOCFAQX8
lkJu5VX972M
QDajL441mZc
JqF1sYyTm-k
_hp_xsUg9ws
MPY2ZGFn7EA
2vw_-uylxNE
u843KNE-exo
eUTtt14G31c
NzJuDo5ots0
0w4hK0kF-L4
s6mMvBeEPT4
0gugBiEkLwU
N5a-WFilae8
ZIxw1I6FsPE
0sKRRY5tQz8
PFVZVf7MxWw
DPtHPgZmZdA
A2Rkn6qTY7E
FxS0riWhvA8
9tO_hzYbGkA
E96H8dNKnQM
Vlsy0K7CRC0
fHvaNeBWauI
04JNnpW4mos
WqvNWga_qLk
K6Mh_ZMx3A4
7Uwv_0h0xzg
sODWrEHPZFY
mSix1WxSeDE
bazguge1KUs
L7DKK4I2Chs
aPmoJ7ZCl-Y
