j6eAmd23cvw
fU0HkdvNSUw
XDr3Weafy5s
ISgH02lQP2U
imU2W4HR_8k
JwaFbjRvX1I
F73cUWYnvvg
IONaTtzNl2E
T_NBC0EsJEg
nAKB-XAzYqs
5D3L37cDS98
g54DRJ-WrIo
Ll_arcwA5ro
SsRDIgKrTsg
0ESDnRQIX7A
_CAfjlxLFvA
UKxygTTCh_o
R1bzW__p_NQ
L9xfzQTMF1o
7UD1A6r8kAM
2WXpdUDq0xo
qL9c65kd2IU
6jqhuUhx82w
LBa8EdQdllo
KquJHI15jf0
g1MpGV-THfo
YFnD5WAcXYQ
UN7rQMEsyd8
MYsEsap71ac
xMQFJgAcdmU
01vsSDVxjuA
1gjXFqWO2bk
ZF-o6Ffym_Y
XNqaxwd2KY8
iwvq2CFCQiY
j3ohd2eFXw4
NrFy04sbgcY
yOQfZ-qnF24
jAhKOV3nImQ
Oii5-vGA2TM
tY_vC1K9TLk
OiTj9gchSOc
2rxaaTP9SLo
AmKKVFMjY3E
-CoxRZh75jM
rx-RPRs_X2M
OsxX9yD7gDU
TEZ567f5uio
Nwm565TLQhk
c8CmqapLHsw
N5jk_Qk3uSo
NbmBY6plKvI
H7UZ9Bjnjec
-AJ-i44WlRc
wflNIzWJpeg
GPccFBaL51U
VXhDZagw7ns
n-zGJH5bC8I
07sMXxANjBA
1_vfAaPrLv4
M7j4pDM1TmU
tQKTCNq-VNk
qu554MsQIsY
sWlOWj8ynMo
ooisvdBHuP8
b0G2kXdOcy8
kb9RlX5Lz3o
xQsmtJXXChQ
nO3Am2hfi30
CpUMWiSY6AQ
gAajSvKucDc
6pedOIzSIzY
1-RMR6w5QfA
YuCJEPUrm10
icFJ6Fg0-_E
gq5-CDsSK5I
2gkpLs1QW20
fcpt5IlcVN4
O_77nZrPncE
GPYrHJAKU5M
vtHnO6-phDk
4hktjkuRFMg
-6JUVqvqMQg
y-19eI2pkbs
eNty_lozkC0
eSgcbK6D6xs
p0b1C3_gFtw
Ujdz3fk2HkA
eEnRyDKytp0
RAheov4NPtE
HUR8j-rcuwo
wUlzbrTyAjM
rCaHLCZ1zDo
Xj1GdfG-iGw
ZsaGktwaTq8
HRqsC4UuY_A
Iku58T4fj4o
-9SqW3Qvg4I
pygSD00kRiA
6_Ape4Wr4HE
gxBqFYvmVO0
8RjRRqxzpOE
ysSR2TWp7dM
ZXVN_pa5Grk
-OHbEnHDQhs
aq3r8ilPpw4
cVgLylJbhMQ
p1aZNFRhxIU
zKmwc8wOA-w
d659QAW4dFE
0I4EpAc73rM
XlEP7Bz-jQ8
LwTvyAHXSj0
ZSyiVPbVj9A
BNHnBgq49lA
ss0DFSHKnNo
1C0Im1QoT68
n0f_1EKsOLo
kDtmSoAL5t0
rWFn8WPFft8
ZWGq6TPeRPg
FLD9kz64wfY
xql-fkOym_I
_4zczrxuCjY
8KysxYF6Gls
D44B259ZQdQ
Vcp5b2BFI2Y
hCPPVPSl7EI
b8k-WfL0a6I
HyY58DNCm5U
VJyZY8iZ9zs
UiXXEPlbZxA
BtUf85o5zVU
8mZklTQg0WA
v9nV8TveyUA
XbKK47G3lyw
rpvXuN_MnnU
-Bz8BlQFAiE
zmnyXaDN7xo
qTZKrW0trnI
VFG6ox59coE
ELxQ_MWpz6g
iZYnsgbcSvU
usRyFd4IGDs
IbKhaBT0-r0
aMkNwBp_Ows
zp0R5Fpkkyg
f6S_u7ZRitU
RdhTvVPcoIo
UnXKmiatJOI
ukv5NbccazU
a7zLK6hO5rY
raBkT-_kUJU
u-F5-tUoqo4
curDEUV6KYQ
xQi5xZQRHXM
Bc_cGdTwgog
oomiIVWfj2w
2Q3R8I0sDVQ
m5vfWJgO8t0
4_B5B3MdC4Q
JiSMu11Sj_s
hw4YSikZlqY
qq-OD3k8Rpc
aOYkP-jz6Co
nYqVeFfjsBA
r2tJQefD3YY
V_YmW0SjjhY
w6Xls8Mvk6Y
Zlf-XQsgQos
darxxzyUo7k
iYVQscSbNUY
3wL7F_pJg4s
hic5mGSYKe8
PZE65k8JRmQ
t_WFKiYWpqQ
C1Cda6yRTz8
wt_fECNPZNQ
IPUEOZPrjwA
pPUey-qBNAI
5kkWXWeViNk
N81wElJAYIw
z34d1riV3y0
F8JyVBCH3aU
U1rTctit4SY
JK8gr4KGeEE
K-vR6UkF3z4
F3isuh7R9N4
kt8KV3qfAUc
BR-Oig7fm1I
--Z-FvSD5rs
F2EvuLB2RaQ
AGh2_SAGyro
S03q_sC5lMI
yVDls6YTwSs
Gi93Dbh_E3c
_-E7OfJCO7Y
Y4bIh8iVquk
KwSBFZyJByw
lLP7YcC0RJQ
tHlQ2WNOKjg
_-E7OfJCO7Y
Wtm8e4a6XoU
yyBpmI09IDk
2y6mRcqQPjQ
8ObcrlXDGdk
vpdtxVPMPPU
T6md6IUOk2w
PjcSsRxyTpE
MN8lN-O8OFQ
sw7bnVkVAe0
BsdYCREsCco
nCxpFvk2_qA
kku5eCPVdco
BdmuLTYtCC0
r2BfC8VfsZw
1Bb7esOhu5g
mjMimZVdVEY
uUYktSpJqyE
SPimGY3TwvU
LkVCuQGhchk
kVVNkT8-980
FVzMd84aMZw
EHEUFWK7MLs
Fnbbvt6GFzE
poWe6pVNXG4
uTOmEb5C4Gw
vBQ_qiog9bo
KogIEl7oJi4
FVZCGGniofY
HrjvrkLIqbc
PfJOU27Bois
gk_PBUdPZgg
etaAMgv8aWk
zgdLbcH-gg4
K8iaFpED6PM
hHniOBzNnME
N939PW6H6IY
nyTEpIMPJoY
79hjkkcotTY
kw4oXAHctFQ
buNAz295lqQ
5ky2ShJjJ1k
LSOOq6J8J-Q
Q1xt5JALbN4
ekdERJc6uxs
XoD2K0RA5mM
vWbV3C_twZ8
wkBDCOS16CQ
Phdyd5Ixtfs
qdk9BSQ6avo
oFtc_eWMf9Y
TAA1HN9nGzk
KbuZXGc8ViQ
Id7fxGcyBdI
fLbwMqC_fX0
LBlJJonsLwg
39FTmpTzDJI
MUgpZ7jhHH8
ZeqN6XX-K6s
ZvDmblb0AIo
yMYynmRN_ZI
Sq__4S5_2s4
rJ660CYp-e8
DTHTjgSuJ4M
dPdowqh3Cq4
eFFjlE3EnBk
kTexRI6jypQ
mMLnxf8DE5I
dc-Bjt1a3ts
eTHfJwFrtRE
Ha10ImiP6So
Yewlzt9_95Y
ndMQbJQ3U1U
GtrDwbB6c-4
4xBFi_5TCfo
fL7-sEkE9mY
aVAKTHAopLw
FRB0kgJi16Q
5yiQpOAwCqM
iksaVMkxTaA
bqANAGsywIc
OyD6e0JOCHY
1HkFt3wtrXg
1lKAklRz56s
I8uoasSuI9Y
Hasp03j0vS4
3BGuelRCjQ8
XrnlpeUq7Yg
v09BQoW0ieI
NxwNI3k05Lk
DQvjl-Z_V6s
E6jszxMfJFE
sOxlMHGn59Q
Z8fkqG6-a-0
DqhrKThMB90
_AZ8QG72TAw
L5LRSaEs_Uk
Lb0dTulzn5g
Gu6JWxyBaZ0
opiY6ZJsT7Q
5UJR796ckyU
897_aA47hxw
QB3L-gmozrY
OIDcnMugS6s
Ah5vtKnj8P4
Ih7DiIlrVQQ
9x15RJVeuzc
wJZHE6JzQ7Q
RZmERJgwRxU
Wm1eZsFrQhY
2lEaOyKs-M0
LnUsvVuYiPE
4e6BIgfsXAE
4E0Fr-OXMeE
vhGDISr8z2Y
t97tzRxYvkQ
I2DXorOK-K0
OWM6A4PmTpM
1QABuY_jcok
mEu8EYTPD30
SnJCu7FsoC4
tisEZS_GR9g
rRIakbMpfPY
TM6jHpmhs-E
0LcPFcdcEZM
wKmYJja-X4s
Enegq-MSVus
Duk_HLABrCE
hAriIqn0NLs
Tz1y2ihvOpU
pW9sIcksvWU
rgtFNtYGAzw
WjjrUodT_JQ
YzKItjCkoBA
dFOv1nSpsk0
Sv0OCC70MuM
EGdTrVIUu6g
dI9U20ZUwiE
wI4D-ocATeE
NAeFJX15H98
t_0IBu6afeI
OEaSnmf1JwY
Xsq5xeaUrAM
i52RjCNnp2I
KwFYqrn_rUA
z4fkajvVy4E
PWtMP9zFmOM
CGcp4ZmMRMA
IByoQsbN3qE
YnGLwyhcLkU
7bDCMXPeEKI
IHh2kvjcC6U
oYLVVwhqHcM
ObiedJTrcIY
_wwgwo9KSRA
LKiB1w6Fm7U
-S459Ht23S0
fBIKZl0AWrk
V3yPmOb7qco
U9l1-X8WSmY
Oz29IcKZxUA
Fw89l3ztAyk
LY91v7vozvg
egAnfRYY0WU
WWXd3nakiqQ
LjFqTDlBgW4
x3LIQIcl3cE
xEW6Yg6_bCE
dPWuylyR9v4
OtXHDdiJN9s
8bbEmThs-oA
wR3LAJeL2go
nE6y8a5lYz0
LMMw4NAzWbQ
epDi66ZY_Zw
2Wk9gpOpdGw
MRGynzZUdYo
9i4dMQKlo-8
SyJG2B0MAyE
Q9ielME4gew
sGrFdTrBY64
tXyP05YbIy0
kGJzsLpQftA
7DYUq-02XVE
-xccrqqJE3E
8NdCZGVZtXY
M9Ob4BUmgsI
HnU4jLaAdxw
aTIoyuUqXgc
n-zLqvDX2SQ
8H68w1eJrOY
hDSFlU85YNw
l4WGd4ZGL_0
nqJcCeKAln8
1nxQopNxba8
aC3xYDDKEy4
lJ-hbJDWazY
DEub2EsUG9Y
yBPoNtm8s58
4U1pFi-uB6Q
YbjSM6wANEQ
KMlDVAQQa4w
LVQJx1H5FBY
1bedi3Lj4qA
5SmajYz-dPs
6SxetTIL2Dw
6jrKMJEVHF8
NoOr8rIiM0o
EI9Blg9w0G4
eV5fUPU7zIU
gh7ro4fDbmY
c2pU4SF2G9o
q3-mTSM-J6k
RLxQqdHkbVM
_2p9-pm8Lys
8luoUB2tNss
fF-G_uNs4mM
dM9qQr4_eAA
QM6c99aaQhs
F-oeJQhXmUM
EmPmn59uw44
pOFym4ADnzo
B_A9flHK_f4
A2ljt0So1n8
sIjUDPsdmp8
BFbzT42-HHI
4F-zE2DwXv4
W2zzI4_uhCc
T7MwSkFhc38
Dk99WlamUT0
lWHXwd4fOjk
H6Gb-YJWMQ4
39pql7PuAg0
ALIvrsJVSFs
1RajlWbY7uQ
v588kHwn6qc
GG2ZNM53-q4
yOEEPqqpld4
K-OiQxwQlMY
2WzD6JJKMo8
n8R9jm5UFVc
fjOWfOkDpa8
ASBzETbWHFU
sVmK0bxLBMI
C5TCaYeWhJs
h7yImPiMLE0
G06JxvamHzg
H-eTlre9i1M
zYGH3aZm1U8
a-7TzO8PNEc
36DVui9NBhY
bRaevsBlQAg
2ZEgfCXODgY
xpzAuJ3gq5Y
lqStPUuMOlA
Zlm8ekl2tYc
UAh-cbsjERI
-h6O6zZt6OM
tA07DENY5OY
GbJdPDq2veY
Z9M-kRkq_C8
LMfcLpI40Gk
eLKreAVmcRw
9I2njOMNnEU
fzvDqvC3f7g
o4UbbYeIP1U
nbCeVnFhUFQ
Opu7ct41gx8
8jcF7_W2alw
OmdOVn6hjk8
W649LeRWxFk
VwaI0FUepr8
sT00B1NdxSo
_bLX9vES0c8
QTeSN8pqvPo
UNvDxfz6k7I
C_YZL5pObHE
KjfKZIEfcdE
ait152xP1Us
uKDOMgGh1pI
yY2afkN3U3c
luXhT8QQhi8
ULWtm2HzJDA
jKvEF9dJv3I
cWQSPDWeLLw
8QZz5HupeQ0
Pxa9Z6gqMBY
W9KHcK3MMNA
iUVw2e3YgFA
x3KU1J91pJg
4bI3-Ca0lHY
G5gx6-xrVZw
mZXuGCbYnQA
HPql2AewnEc
3MsBmPSFNrg
xjV5MOkb3IE
6aaYkBfEQa4
6p5sbgccLuw
E4-tv3y60-I
Ib-fSF25GgA
KpV5bZcr_MQ
Puw9nezVyT8
pxIXYIx39KE
HRoR5zFuGLw
ehdRfvDLcWA
_98m2-tSvDE
nqYwy8yxgPM
DYFT135Ksxs
xKPf5nXoWZ8
r7i1AKoDGf4
ULt7BJPL7pw
BnAAvGPzXcs
MESrlDTHoiw
fx1wRx2blPI
iY7zbcbSuaA
FAUI1h6T_08
5X-TTQzvZ_4
erZnhtjxr_g
LHLP_tsGnkU
QuMGxj1mT_g
0lrLcbKhyXY
rxmPmlTnPe4
WP5dVczw7b0
IJ75n4cVAzo
XhWvFQaz9hk
bkFVjzfS0Nc
tFJAPMKnkv4
_x1HiePF_W0
QXdGHsNTK6Q
jfV5wLY4awE
BDpnU6w84CA
AJ-Brx048gQ
ad85IY7yRHc
Qpq28yF4F4s
DL3t4lmLJfU
jh6EFIT94co
dMw57Z4VUIQ
PDkNdlJ95U4
ofWLKm8h6sA
MFt0L5QswJY
PHs_vFbXtng
dUXDBqcY4iE
VLCbjw3DZgQ
Kw2Rfyid8Rc
xiS9kYCoRic
JLFYvETOYpE
T52-EPl4Zok
2U4HsIjDdyI
6rTxv-Z8G4k
5TiSHW5F_cc
vnn5CX_EvFA
HsWUPK3agz0
Zx-qwDW2qVM
FUpiGPUbuzM
QIVc5BJVxK4
8xWp3tT6ESs
jpEssZ9BTHI
oPB6gdrVEEw
SvAMFb-f3e0
mOn7I7hSRSw
L-w4c7ztkL0
8bppL37yYwc
BDfMjinwy2E
Hmqp444JRTU
kGIhHEuDads
WteZfs-0XZw
ypxNLo7LhLc
pl-keh85S5M
d1ankTGgA1g
cTg2xj13bXY
8yO4YQZZah0
89u4kzhZeXk
FK9UsAW8ovk
Z8OvdMudSEs
24ftxaHPrso
Lsl0U7Acl8g
g5apZGaL1S0
Pa_BePDHVuA
eLS4-WrTKhQ
XjWQPWKmVb4
jPNhqWTFrZk
Rgdndn32UiA
Cj5xrk91w14
mY-YSYLUvec
5LfL9tLTwkA
uJc8MYTXpKk
GlxT3Lg3t7U
xqYqMveQM6k
mKVz3ESVtkI
pliZak4sV1A
hqBcAeXuyKA
m8J8ZdJ37a8
gKFlMMe3mXI
xX90nzj1Wf8
PFc6Xh31za8
bqUDyRrGYQ8
CSG8mU0zHQE
uZZDNBu-oV4
gIBXgeX6Vm0
jKMh7gIFJ6Y
gIBXgeX6Vm0
8FIMu54mvvA
ib2bpxEpWjQ
yARtofX0YXg
hLiVXQhUyiE
-7pyVjiN6dY
gYD6fBIILCk
IXdOKerv-XA
ARYWiFBni2o
HIseb-q8odA
jHwcCzt9jy8
p1yzE3TSeNE
QdMsIelJTqY
RWdFrRgD0P4
XbBQPQ_PgKg
fvsaf4RdqAc
Zb2MKnFD-fc
_mTeT5vVC-c
mT5t8WMQWHQ
Jg4Nmk0pXUc
w5O7zpBznko
QN2J182flug
fp2n6hTIF0U
TzpXyYy9AOw
ZKt-3Bk9Nwk
_rUoWwK8sD8
QZEMuX4xePo
1dUbMCtfQMw
RpDcycSOyA4
QvgSp7d1BVs
NWcw3sId-HM
tVtlqbVkjY4
R2OwU5T0To4
VB02JVnuUiM
R8d1WvrrXLs
yp6CpzHF5h0
QBLFLpmlWdk
yTKRnpiwCfc
9qBMTwgd4MA
OdMMY7pwYsI
LiloW0_ivNM
5wQ576wPA70
Q1cjKRi6CnU
JX7JPqtjUyw
dDsGQItzxKo
H1zSufkwLvA
c0VQXa7YTRI
vUL9pN7i2-Q
VKP7_ZP-nVM
PkYX-5lvMG0
5VI4DkhW_5s
VAJckW2gQ30
JaqnG3v9S2U
s-ts_zNL1EM
hJSDbBxgDWc
DTDoqTEHykQ
39vKlUMtiys
VbSuRp8Gg64
xcP7b44I3wI
rYgF0Q9kbNI
gJdNhwKkaA0
N28qZE0Oakg
qYSkeam1pjM
1uAvBbjB_Zw
DckRrVPcEEM
JEzckRyO3j0
6tzk9Xk-N-Q
G9df-9h40yI
aNEWbFRXNUE
yrm2DxHJS2M
H-VgTkosXaM
0ZHl_vIrimc
mEyCjpbunZQ
L0PhaWgVfbo
wKouOubqJBs
PP00uy82Rhc
zP8vh2Z8MSY
k6uOAVqUJTA
JmnV5eQGcEg
BSB5wOSsodw
SgMElMvMEgc
ENdeUs9UCGI
Ih7ug1Nmi7c
c6stSB5Afz0
YREi-FMLz9k
I8cxJES8iz8
JtWGUekCvfU
tyMgNdxWcmk
q47VZRiCGL8
WWDfTRTBcFI
-pMEW8-U8hI
-J5se0cv8kg
kV4f7gnyX3c
RES9K6rs45E
GEttVuiE0gI
dQIVGBE2Rn0
B8zs8cO25I4
f0_Dw1GPM-s
qXQJf-W7z5A
QiQKnc1bXf4
0IAaqeY1sOw
obuGAuPYHo0
YtcPyiGHqSs
II7-lyCmBXA
kQYUhjH_7Gs
_UoyeIY44dg
3vWAeqedxLk
LyVkp-kIcIE
zwGZWA1ScrI
pZ2kDPJfzwc
sM_MBuMufhE
QZEfJgheYJc
wxatwLFiA5Y
XkCCjw87cLk
JEGwIcy2cts
hbAj7rB8238
t1OZMJtxHl0
4DX1jWpidyk
-QzavgI58HM
FFULf3BgqDM
-S23CJPNTco
DE0XWAz3iiU
dH__XrFtnvQ
5NO7v1SjMMA
r7bvxJ7d9Bk
DLnLO77URKM
dKQGVYHuG5w
deIb3zNp8t4
hOJd5IT9sZA
Ogwzs3VAMBk
TIqVwlPlR_M
Zg0B3_kO5U0
jRYvpc4WEAw
BlNoCDp8oPM
KlMRymbrZ0k
__94vMnS2P8
rb9b0W050LQ
1QG6rYt1KgY
hgq2BbE4OcA
1Q2sgsXbEo4
RjRKMfwCwOM
c84ANSiVBAg
s_4c4dZePuc
I4-IfyIixbw
T7ij2Slk9Vk
CmUxhCSpsR4
-eBkL28_2Yg
w4ppJzWFUwE
ln1m-AVHQao
BASjRxn5QFU
XGU58_g92sM
iy77e5_uNyk
Y91lUYBAQzc
Ok8oZ2fJjYw
xZQlkBKmxho
Mj-E4smRYEg
qgKP6Mc1uhs
qCAa87WOHbI
GE3w5j1mogI
WPrCt-OCJhg
zk5rA_mXShs
IWUgJ_D1P2g
D5nIIGaVf1s
xBy8aq1JitM
IiLA0R0_sgo
mMxzFk4yxbg
Q-E8xGZgcIo
pxxBOq7SuHQ
eMjTpjY2mC4
_MwCMo7t3ps
DAn1SvyF1EE
CyfS2-tDfZ0
wcZ9d8up7wo
lt1XYvuPNEQ
yFmDNyC3oXY
aKrKcUA43sY
4X2KX3ZzIMM
NOcXazaiwSc
nbU53TyLFk8
Ni2E0pEOUOQ
dl4T3IB8N20
IlT4uqnoWXk
vhSTMxfoTII
JdY8xJvOM4k
VNvLToL9y5Q
81ISmlcmUQI
sjVqe9jaAVs
mk3pzX6vVZQ
xm8rCVsTsfA
LBWadFRvTtk
zYmc2c7-NB4
FU6OJGQ4OoQ
Lc1WpNnzuz0
dv2wiY9dUho
_6I2dYkgGSE
DKTPLCr86Jo
YKwYWRk1pFM
3CHfN4GqoyY
B_dsyKX-PBA
01CZY-D7D6I
OuEA4XAwPDc
63dkcxyOrv0
IjY3oebZCoI
xspu0VXY3vo
0u71fbMS_sQ
OzKaPkRN3tg
B_dsyKX-PBA
85U_fWS4J3s
QCX1HLqnCLQ
ZwTSkLmfGS8
ZDbqhw0h86Y
wExprTxwJ7g
xdA0Hz_X2cA
VkrsrcEdMVE
dPx9sfrvocA
b2BTSIWpTIQ
2UNKqQHG4gA
iA1px31xAOE
NcYINAgU6aw
c1htPiewt2Q
WGsjzdRHoAM
3hDueQhCc0U
LbvjJ3R8X-4
KO6IsiGhiHQ
H9i80g1_WQQ
lk-t2SYkVU4
W8rPMCoxzgI
zphqUUK2vcg
eeY9Id-rQcE
qxGkizYdZlE
c7vaa81jthA
uNPVRvbMJt4
756DB5vRwv4
ARk5vZYHc3s
MD3c6sooUIA
cKM8WUD3F8c
IszycNRSBV8
p4D19K8s-lA
wgrc3Ewwx10
xIXaQ002Ky0
5r8Mk9XUgVg
YxYr751gVss
y-G-R6oBh_A
4S7KZdpfeds
_a7egtUT0yI
uOMCYvO5bkY
qXlrS1FNKac
9k9yDDTkg3Y
PmkJx1s5M3c
lvVMvLH0hG4
1Hj1s0Qdtk8
E04HrHxHytM
ADO4ZT1f13Y
z4vrwgbR9nU
Xr6AZo6l1hA
fh-dFJxLAf0
WqN23VTE1Sw
6Dh4_tzLHI8
eradbcG3K1M
Nbal9wae2AI
UMwJ8vpvWEo
n8vJZt-EL0Y
wRnX4YIiBM8
BWdXXSdY2n4
BacyDimH4j0
S2bgeV5BkN4
KQs_Oy9JRys
r_6-OdaDAvs
bcTxLE0_w1A
tutYRwb50u0
JK6R28qQVMs
47QVWWLWhPE
RZno2jmw5qI
bXemQLXF9Xo
aKpUksdbrT4
biq-bpbTj3k
U_ARTCKE7gs
akkE-9oO3Qk
tS3XvuOhbNo
6BGdXeUusIw
bRAqBcUSXDk
kvXs2wnJ8ms
dcEKGaU0cEk
w51k6atI3tA
hQj3FrH0ziI
vlCAS1kewpo
jlRGEJ_8pUg
9dxqISsGIFc
iEAl5wEQ2pE
kgYK_82xBQw
0hFAXOSLL7o
-y7M9kVFgEM
ad-Iz6l1CPg
3cMHl9vkPdc
BZwpKJHVvzc
uAvprzqwbo8
ltsdQKZ27lE
LBdFuKf3mMs
Be4f2gI_8QU
NSoZ_cBDixk
nplEz8kTf9s
MGWKY9VTSv8
KZ9-Mn7rHaU
BpkoiQzvMjY
SASUEbuCnzA
u3kPanT4PMA
Q70uIB1JUdk
vCOlGfavluY
QNJiAlBMaGw
y0Fc1-jc-tU
gO2TADAfplY
lQ1VM51YMhc
XWqu87Rr9ko
xvxX9irDLdQ
nmy6_6MGVjA
Cx2ikWiG8TI
nJgwJcjQ0j8
xfTTNlx03Hk
_bEOFawGh5M
h5y0MgQhK_w
He9dCSEGl4E
3qTOm13EhOw
hL_tanDPh30
llIGugo7qLw
s-2XBVor2aI
O6hMPFM_oeE
lWt8-mpBLK8
Tm3j-wU8vA8
qFsRKrz_nhI
HiU1olaBUbY
gdENS8Qf90w
TejNg8Hjvx4
qROIJVUYGWE
bc6IXuWSAmo
exCt1D81Bwk
yI5D0tBQi8k
fDMXjtQceJ4
AeTr3HGzLok
_z4tkzo0g40
McfVYFGaUtY
Y4Y0OaF0YaA
47Waexy4x6A
CQRH5RAnDNo
zxwIx4s-2sc
711PP9UwBIM
wZ7I9-2h1J8
_3_5igUtyvE
MEpOsBy6FgA
u_mjzZe5Su8
w1VYkgfAY3E
hKgXlTiPyrg
-Sf7rTNLycg
jwDhYMsSD3Q
ywqiXhNSw6M
DnomknJLahQ
BnjwNUYpZLQ
4HhWDav3XFg
lJATe8-j35s
2wO9FJUKj_g
LN_K-G8QhU8
zi6Bv8VQ9H4
nnpN0ZriltQ
gYgF4N0Jjqk
0__HTy451AA
MBvtNLzObcQ
CxTIBfvEWUY
E5wP90QsUUE
cA0rIeZlSR4
gV23a7Jt1x8
Wi2vxABDo9Q
4jxk6lKPT_s
WNfRWKReAnw
cqnt0fH72_w
vT-NqdfBSlw
V9sfYiYIPjc
Z6KhWLVjH7k
l1Scrg7tfxc
g2k-vZB1SgE
aeSjmhknGTE
Ug_fsH_w2a0
GMWkt7nrYJE
LSvdulf0IZw
UZHVSFr6F50
2p1LZzLH6pY
AomHrbdflvI
4e59Np4cMP4
tVuxUIEaBaQ
twKiEzjeH-M
WtwBj9WhqL4
Ph7LZrRM-oc
xzbi1lhzTIs
tzJYY8s8Jdo
0ROzFPlyWv0
o7NctrVZ_UE
sr1cqqQamOE
RLPs3-McywY
uFACc3D3QhU
iX2HwIlBvS4
EiKuJtOSXxQ
f5HrzSxax5s
IIIuy7SXXxA
wAyupRQw5K0
V5Js9CfBSPQ
B_ANAuY3bXg
4bZyt4lGEXo
xvhsBe3mdwU
rJhDoM6H9Oo
7g-vuXT8IDk
ib1KTQxhomY
khe_iyjQTes
6_UvLkpf-2c
K59-iTpAfQ0
VSToDSJj5Xc
nKDJdIDh-dc
9GMvEl1xG6s
MFs6fJGjInM
5lrq9P0wvNc
B4ltwa6ZO-k
HEiZATdKpxM
YEnOTA3RVog
vTtIB9hgDvc
-ccTSVSJfmg
fi3sjt21E7U
7FZD9tDzPk8
CEt94RUPCoU
pW8t_6AdIlM
-FCUeOEsFkU
ZZC9brMH4qw
R7HFFqqsGHc
rkPiCa7Rh8Q
-gHk5Tgxw5o
fzYAK7ADPEk
Ovmh9FyvTZk
RGrDAxYyBNU
g_kv1_UBo8M
7KdDMoQ7rD8
am-GdUQyP78
Z0Ugx08hIGc
0Y9iJ3kW8y0
sWqYeyPwTvY
PrAT_ncXr7M
hZi-mA3OCA4
unL5bEcugIg
mHRUei-KTEE
ZUs-7nogLj4
JhRrdQchhxo
Ak4xl9B8z3M
Id2_HfR7hDU
cRv0pe3AYX4
0ATQ2OYXF_w
XXnQ03vt1Kw
vkBqXc3EdfU
O36N4aeTqGU
nE7PTOWYoOo
C6vki8xC4VI
QSzuL3P7jRw
Fi8NrsGx7Is
UaxDbUGKWRU
pxkQ8It0GpY
GA2S6GPlpno
3Oux-OSdpcg
bTJW3ztqI0E
e0MvS_NehZU
uZBijSMoGoo
Q0wsB4tJfao
nluL3VGiKlo
ihSDEfa9XSw
8Gm0222rJJw
lXxvX_XCQ20
k54bvPKiq_c
dpjt6kBzej4
do_zAdIx6zI
HzIoXWLVPZs
N5c8E9knlKg
9ytuX4VNxls
BsoCBtdpvvg
sXlBtn08gkw
9TsnJCgoMSs
XznU8kh4_qM
K7STj-6aBEs
LXGaNOrNvck
vs8wTHd6_8U
chUKnjy_p9Y
ZpL9DDmPZns
ucf8LKRLZ6o
btYg2VL_Hng
FWAit5YuWyA
IaDyosWVEUA
cSP-rnlYrTQ
bCtlIxlHb0A
GFgpBexWODI
TzVVrTyswAw
0Ec43e2pHlM
XgpNikpGw3o
TxRIOAylsIc
ZATxo2ox1CU
jIEErN-4WRo
Ph_IpjxsJVc
u9J55dBvnMk
jJphwv4wKi4
xatoHgaweDY
5rz2lbnZs8k
A6VvOJY-b-Y
eahtv8GJdYQ
S8i7oKcG7vc
3cM3CAEfr_M
EC2HtSpf9qk
R8mSEnFwsno
FOapFPIZd1I
GvA3eseFIdU
-jsiIgjHseM
gIKQo7f1JDg
cl_ckD9wurE
z5gYdyTgBDA
JAILrWkSflk
ncDuMDXyS7E
Ow-QIK0XQ58
cGqQKLY5nak
leg73SAbIoU
idVir-VuZjc
DmyukC5Us7U
KguzumFr490
STQT4f6KXMw
LDtI_AUEwBc
r7EuATOjaL0
tkPfWX5ULfY
jjNLvlJ3ilU
MqBnRWAycw8
AyKRtupSJaA
qoGc7j8C5R8
KARlrCTnOhY
CBFhe2S2dHs
8VvFvJCAiHs
h8CBr_0gzI8
n1b9jxB_JAw
g0yxD5lzJHY
jQhZKXnom7c
__kNvHonFTw
v2Qqmb9-qPg
kvzkXJDSg3M
aMYomaPLz0Y
0YO2x8l3u1o
PwxYe3YlVL4
tMplqyc59d8
0LhQ7quaZy4
V-Pc-QUklQM
ulWK3AiXZyM
L4mFqIQFAqs
wvpao53eHvg
TxgdKbGR0ao
Jx8QBa8KuIU
cyljozeALJs
o8sgONYoIzo
Zb2HiY91QWU
0-xX0WRQNJE
zNWG29byVDs
3VkkoIUfE68
9SjNngNZbcY
DXzhKI0JM0A
406QqdJq0Q0
bSiQkslhg7A
g0W5rMbrHEM
UgDGqbnWpDs
E7IG0UlX27Q
8jtAidG1Mks
a0DgGsKBpow
ccHPYLaodz4
SwLMugKA8mc
A-PWQSjtd8Y
Lu4NZSJ8-7E
owffM1spmeI
SAQ8ha08oPM
_oI5vqS89So
irEKm4aQivU
0kn_atyzt2I
q3evtu0Ia0Y
W4TSYgBVzy0
NcF1GuVHFH8
juuNFPfHuWg
TIHseQl85nw
pODo_fIDE3k
SW-bj8KbJys
HXQ8ne32HU8
4U1Cuw-VP3g
frjFM-eIhh4
ezjnaRgYFBc
Cvw1OhJm1RM
DMCY1LXwZwo
1qO4MBfv5ZQ
7fMl0LRBnVU
B3cB1RZyus8
l-4A6yUlz-Q
jySGOeSch6I
uyYUP91FEew
s2wYdyDh444
fxR9uZoubw4
RXFNafQWWE8
6rFq5_AaiD8
XglCxT-RVVM
IAk7ZmMMkxg
FrEiw8gev2w
fxR9uZoubw4
qkbIEq1o0UY
CSvMmZzyTpo
x1QPtPHjD50
SIqRTZIZmvg
SQ16Le1DhjI
5SSUu17TCVE
lRytwsflKYw
5dw4u2A9F4g
Pfy776Uga6Q
8xH8eyUeLKo
pnb6fPmm0fs
qWwD3nczFpM
HFXaMvAksxs
5WNrFgjmVUI
Sj8wM4e6PKA
LbHcnw1M8Vw
Dj_3jCxEms8
kqpvaV_xY3U
q-zK5vgA5WA
wlZAcMzs9Fk
5yEjccAvKMU
XKYH0aRMv_w
8nbsSkwSbb0
TOQntS9jTZ8
NecXMliElJw
YHOZYpyjTlw
OYKYXwuho7E
UI3Hq8VJoQE
vj-U-bgGClM
yxE5ptQ9b_Y
VKpJbsB8aPY
5SH2kTvRDLU
c7ysWwVAicI
t8J30UPqrsQ
C86igCwPRiM
oYsJgwgbNk0
FRa6zQltHjQ
F1RrQOX5V_k
5ZiWxXN7Ch4
VWozKg9fQwc
CrrgbQ1nNms
6prHf8KBLFE
MUHC8Dl7M0M
alrl1paP47U
ruxgaQNII8c
2ZVfoFKY3iM
dewqxB6BfXY
xbttboMtxQI
mCJUq44PKAk
-IyRJSRDP_0
KTZ5clF7wKo
vUpPDdtootk
GESNjVP2ogA
AaQl0uOVVjI
3feSiEYl5vc
NFtRGAA54rU
fhcax54B6VQ
yboAPOOFcl0
rbfpJ7gZl44
uySLWTTVghs
MVQh-HPVfpE
soZdWDZk5mM
wRkiQbsYzWQ
9yO2IHaNbOI
pi5SFB1BxS8
fJeOfzpEetE
cYzRijH36P4
dUYtlV8VYLg
MRuvse6CMkI
B1divPBq4f8
NJTI1TVu7MA
1v2PV52WNLY
VWQdyhBAFVg
V25tKo3cVMQ
UlKCmnga7PY
m4ko3kQ8dRI
qEyluYvSkVo
rFIZf_QO6xc
zpGawIxP2Sw
k1XFupQUNJ8
azkwM7B_jBo
Ls7rUlBvguA
wV_8nO-v24Q
FjzmopAju2s
wu6P7kqRfFc
27dCbsVqr-Y
dozHtsiXtBw
ZIhP6n4-0Cg
vzVToRYzciw
jU5J6MuKdoY
aMboyAizVwA
uT4DYOSrAWs
J8Z7ECooXsQ
2O8n7IIrWFQ
AzqkZiCu3LE
qlFOuv9sKjs
8dyiB-_svlw
q4fgYgSP0UU
_GlZn2fEC10
xlHI2b_9TqI
a6NpYIq-mJY
U5WPg60a07A
zWcFrt2udZQ
hqPXWqK_iVA
wkWNEao0Mgo
OXwlaMjQfYE
h2kl4cVc5Dw
lRASVWA1_iM
na-YQK-H4lQ
456gxEBd3xw
srBCtQvB6iQ
mAk_E6HH56M
vVojWCM440k
SczQEopiWmE
DGyARbGErus
rHv3DAqa5i8
88OAlC8LrbU
HxlKYFfaR5Y
SZs_Zq_pcTM
LCY3CPm-7k0
owNsSZOT9MI
LkreInRHlcA
y8A6QhY8638
nVwhrVndN1M
zunBNLQ6hxM
_zu1o2b0Ouw
YukVtm4KhRw
RRO88z2E9GM
AEb9-NET7Hg
5mZl0GfiM3I
EzbkU5Geouk
90ILuI2quvs
XpGxlUAYLSo
lvzmTAWN7h4
eUxj1-FZJyw
kszz-9SXNPI
WdTJ4mYo2mQ
74vx4Nv3-54
zgNptamVPo4
eC99GgkRhd0
-11iHffl5ks
XQjp2n5B32I
tszqcvTq4mA
LTtxv1yDCJI
gOD6_B8vYpI
KHk2Mc2kV4s
lyhzyX2HiiU
3UfLScSJogI
c2SwCf7hzvU
YGp5l7zrTIc
6LGqX9nBzOs
aOn5GivLEJc
ObyDvZip5yc
GiyVoCg6_D0
AbBsh0Uu6Fo
67d2jUlSXU8
gPO_InTfhKE
ZO01G0Iwgg0
GB6vLeHD9bE
LJV63SIkcqg
b30O8Sk51zM
K0nu1ZVXk6c
rzZTachQQqA
v5kxAjkyHbI
nEQy0t0D3bI
hBH0vlGRlBQ
EwyWiWcg_uQ
xSg_iyUhTmk
uHbOmiBXn6A
e2xDWhOApwA
GQ6DjH_ma60
rIhzyR-wjDM
Ug0Tt-OUZRI
ncSfT6U43RM
1MzGCiVgJ0Y
v1SzKOw0kAg
PDzNqIn7IUE
PcmU_ia7BIA
Sn0yDRe1m5A
zd7cUM8zCGQ
mF9IGsZqXgk
EiM1ISK6F9o
vSNOeqdG-68
rFsY3N5KSNE
s0NQ0fz7Ydw
CpKcjxEAKB4
-WLBFwa68QY
_CYSKP5ZmgI
zTQ3WTYMbBs
mbMCfw4UGCU
-l4gflFKiis
Ee2lH2jGmJM
lTxzUXFQ-ns
TeBGtDt0J7Q
3FnMAPrX8X0
xB7_AMwXknA
PHEGnTrJFzU
nZwstiSN4jo
tgwtuqj4b1Y
JYGU104EwZo
TdGLBI_lsig
CrRQhY71QUk
S6Xn4pxuj2I
SPX8K-D-BhI
yHaayIGX25k
xMhZJiiIHdQ
1o2Iwbvitgs
H-GyYBNLruI
mN2Eh_EbJdA
V8WYLpb3Zyw
_LALaIiPY44
SBD3NialCNs
vR5tr1d96P4
G1g7WOHefgc
q8Fp-Dr6474
murbceJ9TOo
og2S8Xy1rLE
zDB9qdY9ZMk
IElcNTKQXT8
Jp4nU6wFero
3bEUSWGFIY8
mt7ETQgxk5Q
DrBphFHBz1c
LsVUrogKFD0
MAFHJmngv_I
STmk_2omQFQ
wRzHUlbue_0
SHKuqTqK8uw
V5BiSdV6AGE
lHno-G87QmE
QOGAQMZXnEk
WV99vvRsOT0
QHYYlEg_clg
u5n_0phUZdI
xANJbBdNUkI
WyT0uY-6gMg
i0R-l6DCdOY
IzQNeE-_vvQ
EvgZN_V1Ya4
x7l0nm5cHvw
bu2KMWo-N70
ifDhUdqsZnc
7nUZCj8vT08
NXO5KMrBmYQ
NZB1GESLWCw
vqt5XILZYOo
4fn_kPF8y4E
2-hC2lqTvh8
iSrpAa1FOEY
LE6j9Aya7WU
b3yZXuVOltk
raBNkrqt_kw
DP4wGLnu4wg
DQdfaXTOZdI
4GtYDNsTjFc
18JZQBxa-10
-Bib0vVaERY
mtQaaZT2U64
AA1_jPjnCWs
6j2HmSOgAjc
ENDnqHjBalM
xX0Aen2UW9I
gn9RdszUjH4
5XrZQ-0Ciy8
Uouv576Vk74
9-X4yC_koD8
UB8cpqDtx_A
sDprnO_ShNI
oB8Fr6Mm2zA
K8GmpJ_wbIs
YaRCCpND_DQ
v90_X-3sLDE
S5-JV34rKLw
u7LLKLE0MT4
ItKROIJJ9N4
b2dYWM2PiJI
W3PUQtHXbiE
Qk-YI3TUBaY
6UqfPRMs2Xk
yDYTRkyRUK4
JJ-7S7jgvTA
PR9Clg7FqKY
Z_u-h2wdRTs
w-S4aYYuNsM
BfBuoskWMnM
ogEMow0eus8
PLP5AX4lwyE
bMk44B35oFU
jUsgexoTJR0
d6cA6wmiZhI
cnBrkS323Po
AdjMnl3NAPQ
JouFjw2g5so
kGmg1IHXjtY
bwLXmHAHDlg
jkR116lH7NQ
eJtdGt8ENww
KLQDfKM8peQ
BdrMK1Z1HkM
jUsgexoTJR0
FN2WF8P3smw
I_OgrzKOX-U
kiZirqaeMXc
i71Jxpcah-Q
VhjDaCCyc50
aIZrMiovoxo
GMwS8qZSRLE
8UEdeJ7Sy08
4mJFQ1mjJH4
EKoeWur2iOU
rCCt20HlPFI
_4deBPWRbls
BTCRU3mgcLs
5yGXnQHG7e8
Rt0yK29C7Wg
IC16IhvMpZo
Fnuk212Nopo
JUl4BXdprg0
A6Ual9KlXTY
-48PgWexmEo
DfS5VnVEmkg
aEHExnD44WY
C5OIpvgvRQY
AzPnu3bmicM
GiUftVxKzBg
_qtBi2ppQ5c
9PKNAu6hXSw
09scnTt1Mt8
-DVM6GmivuU
Y4caFTI7vcI
gK7xp5SVQ2c
EHI2Ks5BU2s
3950DW3V0-A
nfZO8Fm4Nz8
y66PhfcURCI
KA-Soy73yHo
UfEiL-nrOl0
TASRm39aCyM
0UTRPv-bIT8
VJgzPaXpQ0U
yZkvY6nOadk
2x5uLzz3UPY
c_CfnaDKL80
5VCED2RpfR4
WwYCcbozKq4
fO29xmS4M7Q
Ze43ub79nUw
On_YT1jxuxs
TLl8xamnmfk
mJ5NEYaszsA
nmMY5Qej-_k
clwV96EPeUU
P6F5ykM-524
rCn1lyOvx2Q
fpUxSvXyn08
OIzdkRqLOpE
OUpc3ZmJay0
eDd6U9_ON2o
uf9TuMYGWQ0
dfPn3mq4tTo
Ab2f_wB4EPM
JyVtK6ssu6U
c8x3H2RTXJ4
JaO9F7qO07o
sbO150DSZtY
QpMAm3BYS0Q
nHDoNgQfhmU
TQs-tbHWem0
2ooKWhfbYTE
fDMJU2qPRko
_rosgQPVD3w
EK12yQyW2V4
7Uw4LKhfPMI
kjPFK2Ynk5I
DjS2Q-3zB9A
g7ylfu1zH-k
t56tTTG5sxo
nx44NUW2m_A
8Xx4AhUya1o
fZH1XC9jCJ4
gL2Fs5xLlpQ
5z27zLoCUoM
rmkRqBdUHTw
VEFSu-Py1SM
_6KXZNrByjY
hFZpeCX7Mv8
tUNUdyDs1vQ
h3nJgvP4ADE
8t2sqgZ0Ssg
bJXziPwcbUA
qPzHC3UbR9g
i5gwQ2MXYcc
ft3fjj8QVRg
-tN_mj7M7No
3kIJ9dEjrjY
bEG2uhxDI5w
U7BvPxZeYds
c_YCbrwaJNg
vby9sX_7ixg
dS010FYGG5Q
NdV-EAKV0Hk
Ek-cbNKUBT4
ogRt_62zCfc
Lbay0AS-x4k
5jjTmUrKbKM
YeErenCjnGU
ZOSilROijBA
Lh8kCd4xaiA
a6VljgGMXWo
i8Isex01nA0
lcWUhbKVJWo
jsxqpRzIzag
5e4SeLNP3y4
AyYRj1HKkto
Q-FrB1L5Ook
sqeBPZRJHBA
LMj2nkx_HsY
FeDsixpGxBA
NfcMYNmf-pc
OP44r63t6e4
Pve2yPXRifo
QmbDL0B4J7M
RTucs0aGrCA
BGAEySYUKPc
JEVJQn92OqA
D_q4LhTrdls
LkVwyrWqizo
sHXD_5YFAsY
bBO-Vhsaf_w
r3R6blneT4Y
Yi3Eb_iiarM
ip3MJPHFW_4
VD9l2C5rKN4
3Rxi_-2tZQ0
fCfTc3rYHEY
B42YAoisaqQ
ONTWgqgtT60
bADmNQx9Lto
hADGoi-WEbM
tovZ_vGUbao
8BH6BLUDOmU
A5YzGXMju3U
EnwwJBpw9jM
fSfoNaOkRnQ
f2OoP2mDwPI
fFPWS1xhgqw
Mi_SI5DyrWw
8GDRY0hBoDk
wf2uVLEU7PA
_Lv2MNCA6ws
7VH0eyjuYNw
IsIPtxMBNiw
UvCvLoi0qxM
SZy8MAIzeU0
_uV8zy-WpSc
NK4OyE0fZew
A72Cl4PilCA
6UyWYHEj7ZA
ZmSLBn7C39o
63l7D1zgVAs
6apm8lcGTBE
OIptOPZLGDM
gRmKaAQDkKM
bnd4JpOc2ZE
MkJlreTf31I
JM__hYWUYPA
IS9BJG23Cjs
yrwQ2wvvDZU
lOqX_q_o08M
UJakgnuj_7I
TERmY9B1Beg
KHHqoyJfu90
i1t2jxsvelc
B2FazUJ_jaI
vNDy2skudl8
1LSvZHzfH8Q
sw66ySRTsao
TBa1paPoNIM
RDs3Ek4I6XI
tS9k7uUtMaU
_zSjzIXxRxY
a31sPx1GgAU
yOy2iXl3vE8
jidKFcCdbGY
qg5yZuCEp3o
xGUka78xx5c
sL7t7jEvTV0
wrvVD4J7bUE
5Zw5YGjDs1k
gy6djJsi3Ow
5mf5RXatwKw
dCTBrCo416s
AJLRW0hPdf8
TGVjMjYBm_0
W-LKjUghaeU
2A5UI8L8GAU
4MY-MsVke70
lolpYk_HZrM
RrZpA9kGxZg
VjMg4gGIXTM
H5xEJNI8cis
i3aNzKGUYDo
xje5Qlu9Np4
O75dhxggmK4
5FLQxOVPXLM
JeItuajuXQ0
5e0QKMQ_Sgk
YsSzz7zvggc
2TpKYzh-saQ
W89zn0xDkOg
ZcsiTi9RtK8
Sfa0pwrfkGs
JRr5XzBULK0
K4JcHyPQszc
vOIugcKs1mY
vDdTQBxg3Jw
cz1gPC4rwHQ
dKJl4PxbFDM
yZJ8w0_XU2Y
81qDKSGDrH8
Q76VdtOEBYI
LAyypob-psk
TfBJkSbha-E
JQdtFUjMBHg
AdKrsAfJUyw
ksHeqoZC1EI
PNm2hNgxUh4
YoQpA_xF1zg
3JPIlHKK-VU
SduJKnd--NE
eAgcUEAjlXk
LOBw2nbGu2A
LrKEzJXjOCw
Vvxnppoel4E
rC2HMNdD5B4
p7w1UqMqV4I
neC6Ys4cwWc
NtMHsFwkdhc
KpCdXiqgTuU
ymzHNOMhy1s
g5B3IB-1q-Y
EwYcrQq8qlw
QVpRq_Kx0U0
k-tbPj9WuMY
gHxr0_n3s0o
xsJQZVCUgfY
K9U5YEQy1H8
zrol5MIawgs
TjtOqgSELFo
0ovXX-3c8Zo
TNkqjYbXdVo
DKo1q--cGqg
kSMsYJejOXw
mVUY5UEaO1I
e6929yX-8KY
xVDSSiTbCes
Ag6FZ30sY18
k1oJUJ57mDs
SvWVXAHFo9g
isXzlH8minU
UgCTG3sDosQ
zqW6GPLHM9Y
hIzYV22BOiE
NhzEMArb9N4
VFA8M8_b-Kk
ruL_QDQzijU
iuWUykyueaw
o5N7p_CgnYg
Bot6ls53r0w
yWd9Bmx05xQ
-kBjoR3tjv8
M-3TdIfR_w8
yYFhwv2dvXU
Od1iixcnotk
gC7xHHSvZfk
UUPGNW-jI1o
0Gn4WWCBa7g
4gI-PJTx4rI
cUjFvAVCoA0
ZZEqlzFsgPk
vuRGMaY662Y
L3blSnsCZgk
NGkRoNrTLr8
41ZRvhbNDxQ
q120pov8MTQ
GlNN2_0fUTU
NpK70HHsLHg
QUuR2wm2hoE
04w9GI5UjVQ
vBv5G5emgl0
_0S3ViNRxgw
BD4IsooeG7c
-9yL9Q5wflA
ssC5q8oSS4w
ZDt1qfYXyLs
yvdTARGb22M
Btv0iL41G8A
6yzc5ltY7JE
KpkpP8o2_5c
aZKkRhNko-k
7DYsA0ONq3I
oGekp2_B9_g
ojpuqL7zwwE
DyCzLYd17ZI
nAmHGCd3Ws8
1A4yQ0E6K2g
5sZvFkTMqkI
4b8-w6O5Wlw
KBTwUOsO4d0
buNM86N2IiU
dAIJpuJ9l3E
NQb8i2pQL-g
h_1ABabo08k
j_Wgu7AIWYo
XBb7Ic8SvHc
d9QgI1Yo0Ms
7jGMRy13M-Y
Y2qk8B99404
-YRLkQWNHQ0
ox0G2TnstMk
AfpAnrs3y_s
-T3I8OQajoU
ZLaxxl62DhY
Ykp6zOmM9-o
08wrVEN4m4Q
jZY3-WPOgbg
ohrXs_LC2fY
9eJcP8SwOfI
xHd5oSTYgzU
QOIxH-66oIA
Kyhmmzm2yiw
gkgJOtMpzVM
aIuHN1B1Ac4
iQx1OsY1aLE
nE4CZfrEPHs
MDOK8l7b72I
rQd9giTNRx8
h-WeD9kkwqo
4ylBHagDvXg
26ymeeaSrvY
bf7Ow8Ay-xQ
Lsnl9utYd6g
ovth6qAdX04
Mph90OxLSTI
3EqD2Fxl0Co
DEy3NwlMSoQ
QlkMZNNojcg
WoNlhp1_e-Y
rN6E44VRiHU
u1est2UHZmk
9BKYcB_Q7fQ
KL7W0r0LZhw
xNr0cTGUX74
rcJVyP-w-io
j-IkZ1lAVdw
Mtau7_IqlVk
tb9uW5WZj5Y
cGzqRIEYWBU
wn9sC9uV85A
t_5LVQjNdJ0
Z47tn5d3IBQ
BY28pmp7Pro
hNSUnH_Uj-A
3feQT8zqB00
IfbAUyWNGbY
3HBjXva34lo
FcvivX7b_14
JGDK9PJHL84
k1tsHN9HGSI
C5iuE7CZlQI
LUHah5pwEHw
cGbx08gp40w
_azTj130mLI
sNAJoI3dAxU
m6vcdzao2KM
6P4u_EMd-Og
ejLmGWPQvpM
7-6JvBqOeUc
a0rPYlyKtKA
gbjwj3fvPCE
WETqkdQIj8E
-VYjrz99lJM
FdotI0tropQ
VMjXakPx4p8
RxyySetBVNw
-B_OpX7c3B8
WTELMCWXd2Q
Bta4EIrOf28
KJxU-lXdu28
dRMyaUbaX3I
_38ShwBQ1SQ
9IQgFdSUsRs
Vm1sWb3WUAs
HJeX9ozaW1U
ft5d7rcUJR0
QFilDVXCeUA
qqL4qnYlRSM
OEDGBPjXe44
1MFWCTf67Kc
k5sekpDDTpw
mozEI635ugM
KrIit_uEyBE
HzVegWcZI0Q
d6Y9Fbtufe8
UolLuwoIaHY
dgpPmmgTJrY
riNsZiwMNoQ
ys1CTpdcnIk
M2I7pWHG_DE
emTXO6Q3o-E
oAUEvmUbLqc
yItWlZjCadY
hfSpGroiZ58
GWWqSRch16E
uXwAJ8-vN0U
kcNiv0B9Qio
xqYm-u8p8Rw
6nC0kyy5Jek
KkU-PmNyU_8
O_MvpwwFhVc
G_QVzQSc1wQ
RoCqD0W9olY
a85iXiFIQdM
XGZ8xX72IEw
IuIbdpJ8g64
tJUzpuSjG3U
plepxBzwyr0
D82_25_N4YI
hCA3eS_RFGU
EUhNw6U3R5g
j2GTAMERnOk
V5XbknVEHH8
Wzjj8hVi5kE
LB4DRtxG_gM
qeiRcsA8aEo
ZPIu80Uur_M
aXexgQyxNFg
51xLQgs2uVg
mZUod92WzpE
r_EOLRvEMlA
ZUBnSyY_o7Q
TmD36u56T0o
Pd6V_0wegM8
QgqfbMddahY
f6Xj4mEGKKg
YU5QAQhvWPo
4uQulZ2qGC4
KLCrAb_ESw8
3zlON4Ct6ss
L3V2b0jBe78
Pn1TBWpgawo
3QKOT6697Qk
HaxZD4HcyMg
md7VgaYQdWo
NkwbVjnFzE4
edoCrzzEavI
yqjcAyrdqWc
iwidYgJL0-s
RLEsHX9HY1I
VeYpGfZhxF8
UQc22NMVBj8
319kzbHUcgw
28W9sRTELPU
MtZbZSriGHw
3oBM-oxmN-U
alfDHFKmGKE
YUMeqnQHcjQ
OwTSMvAutHM
mLcD7t0Jeds
oU3_QuUHS7M
OO0DFmvs12g
hHiNOxYcpLc
PU2P2msvzlA
XdGDSlQr8i0
FMJJVBFJvWo
MZ42omH2Bjo
nBqgLzJwH3w
Ty0OObegLYI
xNk8QP628rQ
8qxTijZEhI8
zt_OQLV6CEc
sMmxolLwBeI
B9NCK0auP9I
QlYQfZl5_LQ
ViJQCv34kiM
hajvYof25a8
ijQ07bW6itA
LdxDwSZIPds
sUYiUQbfZrg
C2omic5yWRQ
64zFwN5WX7Y
Tp7O2sH2H1k
88HSvphzxcw
xZN4lmHHQ5w
zrDkWmEQwf8
y7nD4DpdWQU
WWEoaJBmZeE
eubHSwpPs0k
Jl28lyeiymY
AozYNkTgvW0
LQs3q-99RcI
razV7C8hxHg
XKPun35fku0
5Pj7EIozrtg
_2DrvxU0ZSI
-c8srUgUDPw
65ra3vdSPgY
I8dPoRt-sJI
ZXWU37Zillo
hYxvE6X_p6o
HShGm8UkNF4
DOof4obVhFw
NzS4RYhTJgM
nc0kaxGH3y0
t9pbekstz44
ary07BBMbJI
ho1Edq2-ukc
wZacYtFuh6o
ZDaQzqU3ZCs
4T3cFAjQewI
xcftX2-BCp0
cP70KcKeKQI
-rS43iplRiI
uiWfFqtaHL8
Nlhyfmc0on0
UHyjrc8TnH8
FpjdIIAc1HY
mPQcR5hW0i8
Bkp1gQzOuXg
YfsS2sU_C1E
5WuA9Jb3E80
QQYFoyq9_C0
g5BhHLHsx54
NooZf6Surlo
evXNye0-oR0
Njvsq6SF0Jc
V5qCKUuvGfE
xZo6hYzncSw
LzNWA8KbdJQ
kolpye5PVjI
6vwMoH2LqLc
GvJRhCQ-nLI
WUfdf9Hb0jY
KqnSliRcQ28
-7Z0z7ttqgY
6BTwZIT16F0
dbMsxzbiYJw
PP7NpeutWcY
6kI3WKDVDZs
C-YsEQbr9qU
pHDJuzp7bls
_eFf2WEedmI
tZa2LaC6iVs
OWkkNvLfFI8
L0FcKU6QsIs
px63WK6AT7E
fRtZk-PESo0
CGeYWmwpeoM
c29PULmA9f4
4NpVwN7yq8Y
nd2oNLSZqy4
8X7_JOw7OZE
82H5K0e3MUc
xFtdZwhu9fA
RAu7qarFRPw
EDiCCG1JQNg
crQ45J-xBN0
UtiJE3rjqRU
FV0QNu1Ncuk
OF82LrT9-zM
_255j39zmZw
yENyehkxPN0
QPPK0BQjrjA
2OF8qsP3Vuw
VM-RpuNtS4s
elFnPm_woB8
je9pcVObLrw
tBf5ocbQYXY
S1OuTYz8EWI
X9AajhoEYik
3EoSICOfIfk
tMuMtBTUg44
sJrMsTdgNCM
3_Jg1egJKRU
oBAQWwuf7ew
AHbn1_rQjmk
2m6-OJOBAKk
XKmbLJbKbVc
POOAPNeBJtw
bC7R-E1uF_k
1lC9hiK0sq4
rrJkw-aV560
bTMVVjv5zQ0
dFmzi3SXZ50
sqMpX5rSOJs
QHmVU8xMZ0o
Ovsgp2Poy7Q
kdDqg4pcLf8
hRX9Rz_G1EA
w8gGw-WOnys
38YuwJhxLGc
KqjM6kd9Bg0
aTK4rahvjIw
46LDBb3Zyj8
NDe_xAfD7WQ
oElScGvshxw
5-jyMBbz7d8
PhaSG2zagbA
TaNzaYgY0PA
KZRq8-s4nS4
DzAMkfeScew
cfN_oujN0qg
R4aPO_4WNvQ
BUCoNn9ezg0
QDZ8Sqy8M5s
gpgupOqi_As
09AUxROju6c
VXfL_xtOq9c
VdWMcpoxzN0
O1grS6y70-4
7V_4vnfiOOA
zyAhI8jM_OY
j0bff49Iv50
sGkaWWY6uV8
CHqe3VF-6FE
FbMujTH7QO4
YQo6pEz72rE
JDW5uY0WAvg
DReYMkVWoXY
GTOz_3cjKWc
UNjBX6tmLhU
P2oruSzseXY
YLQkBoLAbYY
aVlr2SbwjJ8
psLEHzs79Ps
f6STxg39B5Y
WtIl3Ek1uOA
nd5sWdBWQ_c
0xbnDHUn7JQ
we0uziZbtQo
yfPIRy5MUN0
FQ4g82yr9Rg
a305diEAoEU
mFWdHuhTw3o
xw2izeRC1xg
BvyGouApo0s
cV6foUoUI-s
hCkgpnf3ykQ
r66-e7ewg8M
9PlI-rMZpIc
QufZ3CjjODA
vT0DeDCPf8g
rL0lGFUnxUE
4xW8lfsZgG4
677te3ieJF0
9vN7Jqnc8wY
feOdITUcH_A
VlS2VpnfTtA
Py0hg3zXCoI
OAIp1-d-rpo
5RL_kXjpOEU
9FtmWr4FqVk
mxgkQy4IuJ8
CAq5_8-gdfI
ebCaovikdeY
jS017d2IK5U
FX7JUY2VO_o
VqdRt37edFQ
2twHFs0iauE
V48J9ceENTc
-whzcsIMJp8
vvu0rsUpnvk
DPUCA1GfpIg
lGGNNGzq7Gs
3Ma9tDQhnjQ
cO4h3GHeNvc
QZJz-KTdVQ8
X2bEm12Nyq4
t-KP9FoROZc
gaeje6MvPP8
GJ_n9QUGmCA
zVRRQO9piAs
koK2YexYi84
AKKrBGJpvBs
P7nHa6pWboI
YB_DUHED69c
rw7FQ4uU-qo
JzsaLXm33ac
CdcmNthw8y0
5d5WArztDgo
TBGkbDhE8wM
BTYw8xW87lM
7QlcXHOvLKg
Gzl_O3-XvQA
poy0XRQanlA
1KjR2Aes17o
q_JspIwr5NM
f-c3blP6yA8
0mIjeH4gt1A
FepHIzaXTyg
VN7GIVYpsWQ
MXitFtMKSwc
kmNcMnTp2fU
wwFTG2PVN_w
-plnm3cvQvs
GfdM03JpK4M
BUT9iOWaIow
PiwUSHFmK9Y
z_Uw4i_eBtY
kTk2qSDUe8A
H6zPd19uu34
moFYTXBOAmE
3wfSr7WetSE
GamodDRuiFM
IsagYCG1XCc
fl_gLLUAsxo
xmypLqkW3Jc
d9m_qRB2vtE
-3_liMsyfSM
VfrXCVlsa-4
vZlO7T8Y6CU
nCsnbNGWR0o
DyFAmQ3XAf0
UPdaEH9lles
CGhme22zvvI
se0h1CnWRkg
bdnM_o4DpWA
UfWU1zhrn-s
Z5VOQ2OvmBQ
F50yjSws9gQ
oN1qcBWW0rI
59_zMJRhFM0
Q73wwl5rTJk
aA-0BSzHXxw
RnKSJ9emnGU
EJtLn4zG55w
_3rxdqBXKx4
1agfVAFkWaw
NrgcSHHOC3c
-bfuVNoD7o0
LKx1MuxOSv8
KcTbI9rJo7s
ivmG6t10Ggw
8m9PpKsEQM0
KEKkBNraYvk
o7WXQcDLzD8
nEk3fjiUZHc
-ybATmChbWA
1fJZLLGFm74
LiVO1EnxPPo
h-lgXqcjzLs
eb3Cfog9M4E
_q-n8SjU_RI
ufKBhTKsKw0
a-uyBRpE3t4
M9WlASe5ThU
MzFFaaTNRD0
uNLqEl0qgbE
hFZ7ZtIJiyU
BHIXR3_rX-Y
Y6S-tdcE_KM
D7q-YXbs1oc
xd2JV5fsdQg
Jkk0VHiCnKY
_TWbD3MKfMI
b5P_jLfYJ9U
vvFHyFW_jFc
Z_Men4zbLtk
aIMEQs8z_jI
1JNJEFJf3LI
4lcNEvoE2j0
FRHwfo7NzY4
u6wxZUtr2EI
toL9nOYFhIM
aFvANFRrwXE
qjz8qeG1_gE
1TMuQRIx240
mCOZ3yPhvnM
H8twPloElaQ
QMe-s7y4RpA
V8ZgH8k2bog
2fP6nJbk9Cc
Vp99475k4LE
h-MZJh1qMQk
9YWQoqFN_zI
HTLNMPfLu2M
ivJfunvtSZc
Y54kq4AtSus
R43tJefrylQ
vu3asSCGVNc
kN2xVYuPTgY
kCjW42whfYQ
JnK0lvMv9Vw
3FpJxJAfMt8
bnz1YPx6mE8
KhM3xcK8dvk
q14aPbvbvl8
xMmJz6J4UCg
blNmkMKwh5M
V32NB28QAtE
IqF7fw6-6ko
eBpXHVo00oI
RUdp9ilNdRA
YBXuc0jAoCA
I9VrSPi4Ytw
tnfPNYpi8rc
YAXeBt8BDCE
aWZhYIL9LAc
-qxTn5S09W0
4tUn-eHkz8g
l7GsH-AIKvo
TfI-xYpgvmU
a7WF4AcPGQQ
GCITcW78YSk
VKBPnvCOQgI
T2MoFPKE1Cc
t0eK1RRvhBU
hKCQpGyjd9A
XDZrB_3vZsA
U7V13s8qwcA
uu197UaczTY
9d0_Gqi2Jkk
4EwsoZ1uQ-E
nLM9a-ehfe4
qaKkHpMnQjc
pPTw-ohZSCQ
vcFPGiJmlq0
_p81p4irIuE
3_M0zo69dYI
LgYGtvtuxwo
rwEQnGCDZ1w
UHqv1SMepEE
3ffVxX02q0c
ElEi7hH_C_E
kN0KizQ1GNg
RdnYxyQvYEo
61B1YSHJvcM
qA4t5HKIqLc
3ltFgwZPMMQ
1Z3kl2GcA4I
UlM9MWyy4JY
VhrY8nPjI8k
NTDOiV_wTvc
YaaRtb3G-OM
1BYyO86ggBM
a5fERZRTYdQ
qHoD2pkM7Sk
7_yYE7VGa9c
lOBn8S3QwOM
CQPIq9j0vlg
bZ8kxy9YUkw
DW_8W1ZWq9A
0EI3tPm3cHU
RCpQkWclaWw
DwYwt2lhgTQ
fq1GfoNBUWc
4ISUI4jwZ4U
alIyqXBzZDM
V-SP-9WOaOE
08TNaFdTuAU
bHlU5e160ks
UxmKt-e4ja0
p3QKYDBV39U
aUWo2HQ0VnA
nOqyEpEdaf4
zm70O1Ui0a0
9akiHV--Wbo
PNzNi2oNON4
gfTQKtMXzLc
8BbkU6jCNzw
1oWPqcWt8Es
973oDS2mGfA
8SilIPtNypM
4ofMKwF-nvs
hIxsC_x4a4E
6whuvI4X4A4
eiN9hpgOqgU
DSnFImSxUlg
PhFY5xMnaQ4
2KdmfdyvOK8
CPo2SauyuF0
a3QnWg6R2Sw
4ANgk4_o3GQ
c1vXM_I_qCA
7ee0Sg16bFQ
cKWw-Ho-5aw
PPTWvK1yRKA
95vmco0JUeU
VDSPXKSBq-8
oZ5ckOToZMQ
CbmQG-H5zaI
4GV2kShuKEc
o48l2NfJBpw
xkacp0t59Bc
HicI1NrRIkg
HEXP-kOao_U
YIastHG_PyE
B18C2w46O7c
C1wEf5JaYlY
ZGIwHNNDsO8
XLGBLRBVNiQ
UbGuwwjuUG8
Amun2bJjkcw
9DZ2xTfIpt8
VJf05u_iJfc
PV-0Hols5r8
Kr33F8zoDMk
Sz1j8YcCudU
KIbkMgdLZy8
F3hQmYNIcQg
