taNVuQh1-JQ
CSeW6phshQs
KV6HvzNf_jM
KkL_VJLJh_o
wI-vP1_JnNM
GOwfLBDMUHg
SUrIUOyTdCM
n-TZ0o-O8Ts
e0Meo8ablI8
Quuc9_qDMWs
qlJa6qH4BAs
nFcvDVf1XRI
R5mhUm6NzqE
oE34qkvGHcg
_qsKUVQtAhA
0PHoioJ2ViY
xL9gZLNl7FI
Uq4HWsLeoHM
lxepnATltvU
LMYY8LddNm8
ghq104tF3ZY
dK2ym66or6E
V0rIP_u1JPQ
kk0RZgDOkgM
69GHdz9iRKU
b3mQx87teNU
XsJhdHVfgx8
WJ6IaBAp_Gk
VGwZUogk84c
V4f9zIbJksQ
TtBb_pBZUaQ
k0fac0W7fGE
eHbTtl5v3J4
b9-k2uOb3QM
DOGZVYSSFRA
U5laBg-ERbQ
qwX04NyofLc
szRLfEuOctw
aPBVGXdsR0I
Jz5KcUG56Vc
4-6f3PlbyDU
LEepDbZqFmE
Ypm4QcOOqXQ
Qck8zPUS3Is
WetY5cXRI_E
CatVxw3aEc4
aBascAKS9W8
Fj7z8wFGzDE
cxTxgHIYK08
HJwqvPuzXK4
7yQXG24zPwc
of-fBY2Zj3Y
OBNCxu2w1yo
BgI_eQcckdA
Yy-d5VVZlxQ
M8lUgmV6Bhg
5YwZgrF0w0w
O7JtOokh4PU
GwWvC8m8hgU
Y7S4xpzijIU
jOHMQbffrt4
tbfFL-pyWYI
OsZHRCuTIS8
PoNftIXarsU
f4kVgWDxBMc
OFm4GwmraNY
CvtsJuO3eTk
0Y95bKV3jwM
d22qS1IuD7k
JDYybwXAOlc
H_CidD04wZM
XbbgCv6DgNg
ZBLejVwX85o
M4hHJprXglE
cFQg80WGv3I
oZwtv9IJH6A
9h7DSJVeSG8
pKRCe1dG2Ok
DIte7K1GswU
NOMeK2jb8Xs
4H4y5yXXpa0
wu6kc8KIGXs
Zm8BVVeWBNg
esPa1tVSjew
IwT_ECJ1TEY
CiWb44VRZGo
U5G3dwHF_yQ
LDDZyDruL9w
X3uHfRVjVVI
aE6EQyOFNkM
O9YBPRF3o5w
119Gv0dlkmw
o789-lR0HM4
5PjMDteQH4E
xDFFx8YAG0k
VAaTaZqleeY
7IUhp65EBOY
P2GiHw9eagE
PEZV_ja3H8o
muFF8rwrk40
kPXQ6zNFFaI
z9uW-8vPpAU
IcVLSvE8ALU
vVtcpf7miC8
MEoYNHDUKMQ
cm8O55unPGA
7fFL9oLNJOI
ASX2XAgaqnk
aQ1entvy7vI
1II147SIBlY
v9C45gUwh38
sy0i02L9iqc
vcTQeqszsuw
rncePQLTYuQ
h_KyEhM9138
wQ7AcZVCZSc
VhNNXqUX9Nk
c_svWhCBG_k
6HBtl4sHTqU
aaby2oe0N-4
xHYYWFUTLZE
HQcKEFoufLA
7FYmHy85A7I
w1G9ZmoOqiM
0U7RSH443tI
KoOxTV3QIrM
fJuVlmfW5ns
xlM7rZJqWYM
TetLY4gPDpo
1ehoP53A95s
1JBHG6fipr4
AeKvqTPHEfA
YmmsFDZRuMo
bEnHeER6Sww
E1HtIf2ZVR8
OsUCD4wno6g
98v1yOV0-5s
s8MGV2hGqhs
3Z_19bRFblw
8cHRmj42tcQ
Dk9CpI2oa9E
79EErZRWqLY
Bbg0L7JN15U
bcjYwxrUERg
p_gW0g_h6rk
Wflp1fQKY5w
WOpv4i0K9Jo
GHZ7-kq3GDQ
aN9tn1E3tDs
K2u3jn3CuEA
7DiWMvb2ei0
z6fLkj1KQ60
c8pL6vW9R0I
je8pmsPCISk
iGg-1xQbd5M
k7ut_H_a1hk
M0YB5r4vzVo
teZk3NLU_7M
oh4VtPBofAg
KIwe_O0am4U
vYTypQO6liA
FYOuQ84-6Z0
TRqE43vj_Qc
b_7A3WeucGc
2uyTgdzH7u4
ijVMWZAC6A8
DI5w8cts92c
ZLnxzZuhb9Y
74mwUcSewR0
9wo1jasvnUg
ZJ5SuhIPwAI
pUsiorDJ_cM
i5pe4l3OFQw
AIXWiLa-4gw
9sGI6UkXShQ
I7cAZndWkvA
lrP8ab5_-d8
Z5629AI_30Y
8b_d3RIJJmo
9FYAIpfNC0s
m9NZrqwJejo
FWENEXM5S3E
pgm4z8vJVVk
g9_PdtL627k
OQ47gGbc40c
bUPJzoBPcUM
8WIAYqU2r9s
tc13hxXjGPc
8XlfTXXss-s
sr2kF60TQmI
DE5e5zF6a-8
_XZGrZ3DeLg
ogpE0mem9xE
gdR9Hit9rco
JJ8Myk3Wt6o
Z2h5uA-Xfvk
vMzRzR6qi44
vXGrTHYzNFI
J521zG0-OMo
gVcwcaI_viQ
GeSvErqdmIM
4U5UWSFD5D4
4nEV76CpF6M
BR4dqbUSYDY
bShVdWmHeJ8
t-o-4xXMoM8
4MfZuLpHUqM
AFZqgKshU3U
nsGRvnPL95I
gwyH_CkdAC4
wFJHz5qDj4M
ZW_YCWLyv6A
YsEtXSVBkjI
RO3gTX1nlYE
-GWVmk-U-kk
EspMTh781LM
mryq348THiA
QRZNyrDqbKk
0ygScWAGyhE
2eJao0bY8lE
HV1jSHPdioM
NU3Mz6R0idQ
RMraoAh72kI
KiHR1wdRdug
vm3vfejeRPY
Y-DfZueZ-e0
HIS-prf8uLo
fU7TzcZwcAg
fP3Xecbjslo
uhNqEs7vDGg
7gQu_qw3gvc
V0ck5GknksI
cUOIW7g7mOw
Rurcrni8TME
QO32ASTJ4PE
2GL7-npt5ao
ZFgpudNSArI
XQqsjfFN2Z4
5KdRL2fkxgU
YHbEpLNPHlA
6yaY4Fw-ovM
OJ1dWKm2g6Q
xblFEe9uOqQ
BObk4-XQJRw
cT4W-DE9mZ4
EaSqkHBuXNU
qj4gd7qPIsg
BZ2wUXrKqYU
7-YhCKOzjvc
jnTbpSRdYaE
CVYU6tQgomE
601_pvMuSvo
ayYcnf2qRhY
r-QI5qf9OS8
c7KX5IZ1sVc
i-OX9PBwQcA
LAvfPof1ySI
qkaDxV4Eg9w
XMRlqaY6eVU
2mIeuTjDqwQ
HOH4opPFgyY
ADxxC85UD-g
dnJW6wjnk1E
PRYmx7Lk9F0
RXy6A2j5Egw
-RHrZdOwblg
cR-K0Lx-iRw
YnY0J_Z1TF4
luHmXHEpF7w
FgCedvTbKso
5hYBeFNSv2o
gS8ImUjBjDE
iHe6kAZa2NE
RVgVlEQgcNI
kCUYeWKmKp8
-W_Q1S-Jyio
0raVj1BA7iU
lsOtOv8Hq_A
hvsJeFH3pE0
-OPGQ9EhDZM
dGDiS8Dv8a8
yL7EEXg2niU
Ic8Ik3pBcS0
xogqMlKCVkM
Mbw7bWnH8SM
XESUQig3DcY
-LPeI0sHSpc
XvNbliFXmUM
oRZKm3Zii-U
oHyJfNuQGN4
wj0KM_j0TLY
yTyYZFcxGGQ
-WpAphhsBgs
NEwMM0REZJQ
b3wd196QOm8
W_Gpr8ZjqF4
XhFhK97hrdY
lDxnFge00Vc
sCvlZDS88gQ
MusWmN1i5vE
PswBhfUnwr0
9JXbWfcXvFk
tFTZiCZVM10
12BmDMJYCyI
ow4b7eg2ibc
UYusz-MIJ4c
zsuSfkr3I10
rUMx1Rmijzc
AqzFwQQew6k
sObdWvtxAW0
KMdZL4gWIJU
T1uM6W0UqK4
8LHhpPtRMmU
gkDzY76HqZI
AJLxyp5PDeU
0SwphjTYjcA
pBWDTNRZYSA
u-RdudALSac
ZnWW0P-7paE
hemDWHsEdCw
tFTDNotO0Hs
fW-YrNaxJFU
gIiWga5I4AE
DrgR_tSVdLU
Yv8yw4EgMYU
7JT9oX4d9J0
IgPkUbtnC4o
pTCa0odGZOg
NlO9F-gl9e4
tNR1cwl-D5w
8zQXvT_FIhs
z2sN8O5E_mQ
dCxxUESfeio
Ly3hMBD4h5E
-9RGa-SoRvs
1jAEWeIWk2w
NHxKqsGShDc
kvm6wewOAcY
FfS5_dx2Sis
o4jiVV8Un-A
5M59ipIQCsA
WveOaob3PbE
Ayf2j3mRxQY
Wnv5WMsJWFE
sgmZaHHKK90
YsiKPamnzO0
73fhpKkdHN4
UoIW7OARyT0
LBLrdLDcksE
xc1V9d8jrr8
8aux0Vs5w0o
HXyq3T5NDyM
VSm_aXjX0x8
0XpNz5KVFIU
mRkUmE5PbM4
KpybityrXfs
WPCdXAIA3Mc
gHAe4FFHtB0
W2GHjcFyO3E
D2o1WBpPYyI
XZ01X0W8u30
9t0Cziw6AbI
kM2kVCThoS8
nBFUS1s0td0
58C-gtX6uCY
J07hRkbfFv4
tga2eq06JrE
toeoYNQNZgA
VSxXZOvQwqk
-amlL4cNUL8
3BZFyT-VC-I
Lb5MwTIV0Wc
oiQq9kWhGxI
2tRX4NU8-TM
FGsIw-ucE0U
qk_l05p9Umw
QCbgT2LS4sQ
sQgi5Kjvzz0
uGRRvYkp6SA
o9ir6izRdW0
79hKeXdB8ho
2DGD8gU1Hrk
Y4B0wj4K4Rw
pcdB89SHlAg
17Kvxe6v5Ms
JmntwhzZS3c
Y8OOp5_G-R4
W60OqAbtv3U
eYS7UIUM_SQ
xshnUWNyeto
fua3z2wLacI
8d6oumhz5jE
pu0PSZ_EwII
r_uEOE8EwuI
chWBU1Cy6lM
acuJRw004dY
3cpuyqxzyyM
4aTfHK8I59o
CvcvMkFGBi8
FNQdNoXFyLA
_yKh-Vo-jA0
vdgo5Yk1bbE
7GTCY949wQ0
MEbkfAL2Tlg
B5fTn4IHQbc
n4DDCMEy8lM
rpREvI5atzU
BgOwa5SqSNw
03G--R_70oc
ZuUMSBXiPN8
ahwY9RShm3Q
oRHxX9OW9ow
2tA3w-aiNt8
0LT5rUTEmAk
sdFCK5UaRcc
mGcIcK8uI9I
rEl563NBus0
QxA23Fa76Dk
U0DfQzHlbG8
IU5M-KOJjSU
dA4I3PiDMz4
NY2ZVCA2Sno
IJl4PnR4mf0
UH5n3GUP0Eg
Gkp1rNxg-50
34iuc8Wt59Q
FFVDYBEDxQo
I-_JXuf2Wvs
qA1_mdiDgyk
jxRPbWswsS4
YPuPRw00xBA
TZEn4Y3_GLo
mxT9wB0hc2c
qTdYprFdhyw
TJKQIRrdC_E
Dls5srDb2pI
yROEorvz6NY
udXcx3LmgwY
vJroGTmcyIQ
E7ZD6lorJkg
73w_bAw5bvA
eWqETkudZXo
zUX51Dfhnug
8GDx7uM9Vdw
B-zr77J3t2w
USiZ6dUGUt8
pkIgzk7Hgkk
8zGZOupjMLs
EOUtqSJrncA
hJbah0GUtmo
vaVcdYx0qWY
sLHuT10z3AU
eK09bYnSbB0
6TEtv_TjXu0
drGCly0Hr3I
ygqwP62QwzI
wt_r5xO2JkA
RPSKvjhAQgI
nJ23gUjyBo0
MgzDvszIaQc
7lO4Pz14d_o
tGbfH_96ToM
Zy9Xt4HN2o0
8VsrXB8c7fM
yb38jozeDOs
3Bz6kr-UFkY
ifBAvnxrWsM
FopXcjTL6oE
IvZ_HfWR87Q
oy82RuTg5IU
YicuZ0gYH_o
5Yf56MeCwMo
Mad_J8s97OM
qQ1VKYX4Vl0
pVMT4hqFzQg
w52wbLnX824
6txIbBQGu5k
Awd_mimlANA
YZ4MHpHClH0
VrbqkeB4UqE
I1TQTDRhSmY
Cdx1DNwMLCg
Wd95PxiHBpw
-d53JqqSM4Q
aMBEfY3NTbY
HokBI67Pc5o
zIBbk31x9Qk
N5Zg_VEx2g4
BbXD7y237j0
7UW7ido9rm8
i23e5sZGELU
JN09RNHE0mI
C69uqPCz1ac
n9NQ9o7UWT4
dqz2KC0JBmM
ifSv1jXUzn4
VjKTm3VSkUw
B0WMjDqIYH0
qiAtCLHFep8
zWzQf2xzJek
y-QVPXBcxLU
8XDS_aTVBrE
6rtyuykZ-i0
T8Ij700_gbI
CXn-mELWs-g
bT56vtvFQuE
yfDL9PWubCs
O6z7sJodHZE
aWshCrG-BJY
fwRbaKaj94o
ZkzxtprYI_0
iwfGyRU724w
9lC-pK9Mi54
GMeLHAuyxIw
Ny_YHf6lmtc
UEXphk_pAFE
CMHhF5N1FPY
eZSE68WlbMw
NY7QjI3caVU
Rg10d9-DeOM
ed95dbYm7xo
rpri0siZ3MA
CRe7G7WMj0Q
hhUuFCrDOlw
PajvbICln_g
x9D9eIWZNgM
3PwmDN7AcnU
j-t96JCtujM
C3G3zOMc5Jk
xCnZ1F9RAJo
_4QT4mN2BHM
AKpj50et82c
r4HEeaZIgZQ
gLf0dT3To4M
Vv_2C95cO6s
C7nQFmXYKzY
zQPEiEluNgw
L2sw-oRR2D8
8FdFhgEVp5w
BMoH_zr2y8A
5an0djjJz_g
OfaMmrno8Mc
hEbcYP5o_e0
s42dVrSoyQc
U0J0Hsvb8yo
sBkJ0ItoCmA
-6glhhvOYy8
DW7VBrKmLS8
UVTn0-HvRyk
ZZUk0gF_-T4
u-qyISGWlbk
hRFyc45t1-c
hd4DgyrOwsA
HF-uEK0fDgQ
-cIJnfARmSw
HV4JzoeaWTQ
9Vh4__TY78A
BlkGgF2bwDY
dPmnoVSl-0k
C68b9EGksuI
CTCq-M2Tr50
gWKyTYEFVGY
YAg_8iCLIIw
N5rZ9E72zbI
YIVh53TBonM
wsD6RR__otw
2rLigq0jhGY
3Nq-9_SwC68
IZsn_hg15cM
yxUkUaV2VPs
_fTo1Hc0nrw
JBOnwcsHj_A
mqFVuUSrGws
_GAQuRalhlA
rfWZvhSD_Zw
1iOI8PIosVU
XD8Q3Mb1Q4I
GM7SOweWAHE
C0MacvbYZdQ
PtG9uB5C7Sk
N6zJ4-l3hMQ
HGYHWJeueCM
5XnpU9ZMFEg
cTQDJy0opaM
oczMnjeRBHA
6EPpjOAeOtg
fF5-aJ-o0Os
Rpj4B23tbhg
nfQlZ-a9WFs
9IEteg3ms3g
to9jcHZyrBY
5s5I-rUyDTA
wjYLKhaeKL0
9iJZCXcmsfw
l6xTxh96Jbc
c9m78HV7Dn0
ATOYc4axEXE
r0tX54XUcHs
tKzlYtTjxoU
HZq1dLuhjMg
AW53ZP1Ry5M
IWjsXjVc_LE
76hv6KOB-AI
dbiv6BAmdF4
wCj3FteS1As
un8IyCpWE2k
LIBBYIpPv88
c7e6r83Mysk
cJtErgwJ414
V91k1DkERLg
qG7qHtm5cM8
r1grnyp3Ixk
YEb4Ch-lgNQ
v4AtuuUBch4
e3MbZQvKf4k
WsS8FMPx8jQ
12xdJSozihE
W_lEJsNcnWA
PQ7-VAWUsNs
xREb5exvPho
_jVm0N2dnhI
x6txSV5J6xQ
qz9ogYA_6Yg
AWrBzv4gVKw
WTdtXJcrTR4
J0ZMi83oUjk
TjVi5L7cYLQ
wRwquGib9IM
XZ5v-_b-V8c
Biy21E6sqLk
i0n6kT1zn74
tOJy_xSMFZk
dHaNBSeEp58
kyLmINv4Joo
gImlmqUYo4M
oH79CGm4u7s
y4xWfmaaJto
BXYbRUeV1Pw
WQfICpdRcig
3g4CK7MDTzQ
z94yUn33Ylo
M48WEog8B6Y
q8_ecxrNdZQ
3jWjaHWQ-00
SDEKIFWyShs
fi94ayR77vw
1mS10pRK8rE
3klmiK-ryIw
trcEQLRGkXA
ga4fBw6e9kM
3c2pjVkA_44
ZuOzdW14gKw
ew3anB7ezFM
D7YGuv2WLX0
fsrpK7Dra08
k3ffGd-PXOE
GxpEOoEHgZ4
90_xd6hyYLw
I2Rdak1doRQ
io6LZiEgZ5U
gywEaV7jK-0
ULzVJ_Monfs
wWvJVE5nio4
UggpOcqfAyM
Wj8gz0Rp_GY
-k6mz9qle40
B2DtGAlzPYw
WepEsL7XKQU
2XFH17fMGlY
EZL1Jm-i7wQ
286wGNhbE_I
OpVvR6pa7g8
KVoiR5I7VN0
eIeAWhw1lEQ
yjk_EzOoHyw
sCv9sucsKkc
hceuIIS660Y
5axqfvcnlMQ
MhNDsJNcy3g
69yF7ksLWC0
te1YVChqcnw
flklnj07YqY
kHmQYgv77Oo
MRQFJgKS8uo
ImkuUN2mSdw
sS7vqiIf_QU
ur6CPev1wZE
xkOW1JbSU1c
s5Cn7mModSE
LMp_YYCk2Sc
rO3zfqcnCdw
VpbPyH7ak8s
YLtMYsepkec
Plr_iNU-hGw
qyJWBdm20wE
dW4On7QZb2I
oD1IFca-Ud8
RtUvMJFP_IE
hBA4SW-Ea20
NFc-svcXzMY
NFc-svcXzMY
JWc3Ql0vsvc
klM4MutLG0k
C0O-Kac95eQ
OGQo-iLMx0M
jTwEVK7TMWI
Q6hBmRmnFV4
KFPkmhcSlo4
0uVWB2c4dgU
lfmy0d9oWt8
wHiV2bOQVUw
3Ad_mtzuI0E
pB6XSixrCC8
iV9np_HWrbA
bijjDH_NccY
Ke31uUwblKs
O0D-COVodzY
NdtjOi2jgb0
9oda7FnBJzY
16zGv8qGtrY
zZl0gcHHnhM
Dld4KwaFCD8
2lXjGR3h8PY
b1HrAKGTh0I
-WVZUHeGk0A
JTsHTnWgkdk
ksvlHp--TgA
YMzN_a66NKg
xfoFrEbWn_M
ZS-KRUrT8jA
XbRLMbDtiaA
V5VkRQmIBAc
xWfeE7l1Wxo
imzDk6dfP54
CevtR3L0XC4
-SCgTahaoKY
NOWN0y55S88
mP2J6okqrA4
phpbZqlPHXk
DKUcUnATeP0
V85fjGx4P28
M5qNQj2QdKY
EqjPViId7gQ
dE0ce4iScEo
6-JjCvlPSF4
UIAvavZCdfc
bmf6vgQ8TZc
u_GVOiszSJg
4WkZ1rzZU8I
601U11FH6iE
S6AD6Ne4dB0
iV-6LoJIiMs
fin3OHjZa98
jMsoKy_MV6w
UP_TDjcsiPA
uQaGxuThY-A
G3hhSKIRmQM
OnlYZdRZ_pw
Z1aydJ21ddk
KUw303RHL18
2bqc5kBKed4
sYAzTYmXMBg
eQV2bOYXbKc
9P3bmrB_KM8
pXoeNrXfXwA
ahTpbFwQxrE
B2jWeUAB6Bc
6fezsrCk5p0
ugXzfNuqbsc
C8clPUI7f8I
1xx3QjP089o
Yo0Bz-8ZeR8
dAphyPDdAaQ
sduVAHQbThE
2D4_6qWOpI8
WlRT9In2c0g
8beVI8wdkZg
hER6W4lMKd0
5LSB4StMu5c
3kLvNH28Tgc
gst4X3Ex8es
MU9KM9du4Bw
qjGpK7evtXc
nrMW_tcXZmw
FF65CUcNSOo
WzpKiNMYHrU
2ntH5PqSSlI
D4xecq7P-Pk
xjs4-eCaHUs
btC3dZWemkk
T9neWyZdF8M
DBQYSwhIYXk
iMydV5HtFr8
LbzYKfUpG7o
QmHWRipWVpI
4a1_3aW-VD8
Sbnof_394I8
9JoOCRKw9MY
Y3PgFEC7a0I
q1moO05PbqY
W0lVZQHHYYQ
RdlBG7z07JQ
o4j8u-Vupng
1PmZdIPXqCw
Z4wUhh_xgSQ
TkEMPh0cXUw
rntW9mjrgbU
ghaZf1ODia0
6oe89mDei8I
ExOXF1x3N1g
5G_LiMW_bjA
RB9IqF_PfGA
jdevcXHtkjg
Nbl9NxgSUw8
YmDqJniyK6U
Aa1FRQ2o-wI
1jGXHd4ifrs
wwqfFxBUetA
4BVR3IjDRhc
h4wiZB9Rqf4
LPuvnqJ9RMI
Hp8wGQW-Y48
gkjcDo3Ndeg
ILvKHIMutak
b_ob_Gzo2rI
HG_dtNd53_4
qT4XWxlnYdU
2rd1m1wvTfE
g_Yz7HAWcSw
Ez_OvlQw7dY
_BsTOrGSgO0
fhjx6lGTDhw
0ZfBgjUnXIs
smc1TDoESYI
UdUbpdzCdu8
UfVzDrlypnU
5H5RQJ94tWU
vAgXA1mEHFU
yym1zLz2upA
BsWDF8lIGFs
H9lc-LZ_7dg
DNILir-SvfM
P4hwOUfb-hs
QvKPAz23y-Q
e9wiM_mUbXU
hyd80b2iDV4
_KEso-7eMVc
Phz-y0j8k1M
kEQNA13yVIM
K5UzBOiuqec
6ZuX-gr4LoU
lXK244l9o30
iEurFZYI70Y
tClZGWlRLoE
yB8CBEFDNC8
1HsuhS2XdY4
SrJVydq4KA4
yyOg_KipUAo
aIUu5uMKB70
eXZGIoZokJE
NIz42cy0vLQ
RgCl05GehGU
KEyLDRSzbXE
L3xmWh6iRRk
j8c9-vXYhzI
CyUirQIUIJ0
YOuZiJKXxAQ
328pw5Taeg0
kv7N7ZqqGQM
ZfmzbQfxAH0
RAMz-uxTFfw
yvVxnTlqHog
Fx9D-8RN4VY
fYJ-FiRWY0c
4APr-LHv14w
oMvrXmg581s
cChR2WPOF-A
aObwvVyPkU4
T5kuE6XQ-Zw
cFVL4AQO2hM
JUwW6yiRqGo
Fn402XOKTSg
zjNqr4VltAc
hyoQz_roL44
Cv3kQ8QpyWc
dWfb2Kh8Ee4
qU6k-32kZzw
WyHoaThrxSs
M_CyqvcNooY
WTZhrscLuo4
oKsw3cgAugg
eziTR5__T8s
TLInopSVn-g
cKYAG0U_erY
sKpA4ioawyY
AhkWMTBtAf4
z1R06oeY330
eCorxPmmLa8
-XOis9RTROs
PwjWcx0fYU0
BGjl_ZToKo8
qe19Pw23M10
F1hX_nzTlgU
sfpTWWOLDJY
PKdO1qz3dv4
Rvi8UVa6iFE
vNn0hwhRMyw
VCPuufwOGMM
VW2KTX0zg5g
uAl8dSpkNWs
pj6jWWs6PRs
WJjfdx36Yo4
bxi_3U5CdP4
fSm3LoZyjjI
nExRn2BBXtw
4x7TAwliIrE
5ybLNix3yCw
-o6ZUkzZYoY
HEr60Wscf-E
G_yliG9pbqE
wv-Q7X964gM
_IvGlAXa0wY
CoxKOgZ2INg
4jLc2G4jdEg
J0qqIRBCwCg
8z0Mrbj34uY
2Xt7UD4URnI
zUqEPiAnKYA
xMoYFkjxFD8
s4ilvPS6V9M
ml8mXtDbwqs
5qHRxvIqHWw
HoCBudoWS8w
7NRxqutxFgc
JWttYSTqePI
QsWPB37iR_8
iwax-d16pKo
TLHjVSlXQng
9QqGqYeqUzc
sNIBxlQSJek
y8HWlCKo19I
5fK9xKfjRS8
s_5FRaQ8YM4
HBrabzeQVJg
F-XbH5iwou4
E_vdRANn81Y
X4POCqi-1jM
fCOc7jhrolk
3N4K9n0hNOU
uDS3MtBcDTM
wnxK7HobAro
NMc7PWc5pj4
RcncrngO3Nw
MEkCi7c9oD0
_oVeKFziSmY
lLOAuYv87uU
C1IBfMDL4hE
yYQEeqhDqSM
F3LAZ6DHqwg
xD_mYq00w2I
B0nlXNX2_y0
47lv3fq4VBk
3lb9w-XtaYA
A23wI4lvCgY
9BBfAXOGiRo
Ovc1BHMsCaw
8ZGx0W9i5gE
OasgUQep4hU
dIy-zCaFaWw
ztcehHsOakc
LOc5D_h-4Lw
EwRS2_UlLVk
twedhOlOUa4
xewmdtJh2Lc
MwXtgNcdYVE
xUEwakYSrTE
w83O6jP1BB4
ZsQ7Cbi5QWY
M_EOqqzQr1g
c0xoAZ5WUgY
WFGedZUXSKg
ijTRSxCIqfM
L5mDQ_TtRlo
PXRcLO-2P5s
1ws6TxXBbNg
6rKUBBjaa0g
QGq-ywbyhUk
QztqsBmc3n0
48TUHZ1i4D4
PQjL4ZDuq2o
x018uWUSzSk
p_0eYRmEOJA
xCKg8qPOSYg
4VlXGA1FnSk
spYDfdwfBC4
gdHluCh3yVw
meV7_8Fnt8o
xjFiX-FvveM
El5UmZhIJ5c
0FeQHlpIIXk
CdPcQfYs6MQ
qMJNvQ8X5Fw
P5s3pR9qt5o
L-BL_NlYOmg
LKe5FdKInJs
Y1lnrGIbweY
gfokS1J5VJw
ozgROE1xCM4
g4wHrw-jTB8
-mZ2zeJSSEU
KXR4-sQVu3g
wvcvM4SUgUw
_wdDCA6TvGs
gXr2y9_e8NA
3K3aNh3edew
cuVMl7Oxcdw
CjXwJbsW7Og
OX9m-_wSAIM
e5iFoA3eyE8
_cLXy9sw4KM
OpxPIqobD78
lp5AIhpbx4Y
MdBTMGRHk2g
0tE92B0InLM
L7oklmbtxoY
psgH06bkq-o
2khZMDTMJC0
uWNrDDyUR5s
kTMHruMz4Is
MMyHa1WuuTI
A7yjdKgzt_Y
Z5dP9jiOaN4
EmLpKuRFCG8
nKaiWMrGy-A
-_yKuvrfuwE
UL8YSLhqa5U
hzdXNsRV1d0
LEmrEpkvhpE
p0pNUi-99Ug
PD88nTu8TTI
8vTdCwBW5kc
W9pZAbKuR04
N5C6XqUIzkI
IH3d-qR25v4
3P7yRX92YcY
c4fKBGsllZI
8pIi38HXx0I
lN6qzCerVx4
GZzlNJbB6Og
c86f0r3ob9Y
FPhSmSqvEnc
-hRbq1wJS_U
HGicRLwgtkM
YEp8qesTVg0
_d9MkxLH3sY
5ZhnO0mlImE
zlNSS8hgbSQ
yQOUYYI_X3g
ceKpa5VL_MU
0MaELkNmK2c
W_t04ggLUyo
A3A-xl4zm-0
cgWZ_g0BkeE
hybKC1wjdJQ
EYFF_1HSgDU
fHNmgaddAbo
u3VUOVnuEFE
N1gF2AK72rI
aRRGlYBFeX0
GKpAZgrMTC8
zYBELlwoOn8
mhTXkcLfj_g
pmy1cH7bQBw
dZRC6Tf2YEo
SMIR1mYRiw0
lXlMbH-nXhE
ixgZeve7yvM
Mpmg_rz9juQ
uIINVUIQ8gk
QaYOGayEmFU
WYawqmD2jis
72AQsQ2v5cA
z9yHKhwc2xc
u9PjcgqKAfw
ugHymDudLqg
Y_6lzX6TYeA
_JjReGEe8Mc
kWUA7CLmJ9Y
AaHObVz9U44
c4DTIxBU7-E
H-kkLjFVUSU
iODfBnfmZgk
pgRr26sx8Yc
SMIPABLuyQk
9THLOo7WWoQ
HZVFsvjGx70
p5qJ77ZFhAM
m8sOxMorAiM
YxN7huwdS2k
fHX5mlLjSqw
YxN7huwdS2k
i2dTXB3O3dw
ZxhmmkmogF8
XNyHNi6Y8gM
at7z6t-1BGY
mMwn5AaBBh0
2skmGoRk1FE
mJo8kc0UNIY
st2qjZXspTk
QVK2Tv209hU
9maXXjc4MwM
v1-gAVCi3hg
r9KZzo-JwIg
0L5zioWkRhg
cOv9tJRv-hU
wMxzRpImPgo
Cw6ZHtBaFv0
ANh4NeEnxV4
MNFGTRWavTI
n2G1z4NMg6k
3z-xjfdJWAI
WxLc0Z-AD-A
SyAo51IYgUw
agRARyzb-hQ
gFLtzt7bx2E
kpV4Nqm6-0M
RiikBWDqmsQ
6KACETGoPg0
z_gInd5ryKw
NNYfgicMz58
P29EXskk9oU
bwAh3Z0shsE
zwfRXMkw1kI
CUR1t2lwdB0
xwSnikEYqWk
QQvlCZP-wTQ
TOVNDPNFn5o
OU2MD3sSTeM
-6Y-GAHPuCc
_JLMz0lM3kM
nwRqohMWc-A
s-7vEPOo-uY
hKK1OFYR7eg
qs_yhqSCsb8
9Ydmvltt1EM
Gtt0A-bsQ8s
rNWtXPc85UY
IWOYlMO3wyE
RKFzyZDE59E
sM0kIhdnclQ
ZmBNcVvBUNs
vX6Nh4afaq4
AhSn4S6GXk8
_WZYdQu51vE
M47BojCmRWo
Q-PBU3wOw_0
FX0L8cX-Zz0
TQl9ATfkhwE
F1M3Pd4iv00
xcY11iwmU0Y
mohCMcj6bB4
PMaWjP1Ukp4
qWNDuPkr8CY
U9obXFugACQ
IKSfIWnGwEQ
p3xjDdwzl60
TQzj88rAstA
MZYZSPClzv4
_k22ejJ_fvc
qdqPoX9IV9A
fRQB_eJdpVM
1PsbgZvcjl8
_71C48smACo
1pp2vIsrOlE
1-28k7AHlpE
BH7beThBxdM
GW_VaFE3P-c
mH9DQjpTAwc
dYskchwJ0Rg
eZagF3hsBLk
D8AfXOkS00E
xHp3SuLUnMM
oKYZrqvJ4M8
LeINqgWuZe0
3ZWqQciAQlU
cu7NFOly4AU
co6Isw1eB1Q
-OUeLsc0SIU
Ygp807hrAHA
2rvQQiQN-Pg
KLlKJ_LO5tc
HWG8MxxdaiI
g7pk61ScWNs
fUECN7qAYQM
cvN-3if4ets
Idtk16T-cyY
eQN-Wf7H-Gs
xTqmTx26DhE
vdXlZPqVSWQ
rgkeckRSvV8
nTUcf8aPoOg
ZbSX8ZM_FzI
yaahcATtYTs
SObuYepHBKU
ubHEfsfPY8c
zdjZ6F9Y2ww
qaoG7e9jLFw
fsqTowzxzK8
04VK5XscxB4
wc5g1ndqke4
WwWK7DfKjkY
UrkMeKHCWFQ
D3MgXRJ_fys
HbqNUC1t1e0
cBR-bntimrc
5cx6D8IlZkg
DohMqwIjhEk
oYuZLHkUD04
1nCWPov3LdE
ROPW0R54dgE
TwAv7k9bdR4
JA9ce1Km7ik
mOZH8bJnohk
bd_IfbaEEBk
Bm3_sX_obmQ
9qdW48BqSmU
Nh29pJb5NH8
7_w_EA4u6oQ
j0HNQNu4iyM
gYY5bLWriZw
qEA78j6ay1M
r78twqHrl0o
d8Nzs3GkfoA
SV4HLPbDH4U
koyCHgjm4gU
5L5amXI8Jvs
FBzv8pQYcdA
5EdvVcjrq1s
zV5Rt2Hqp_Y
K1CUdLfGjBU
fvoCzunex3I
s32v0rTkey4
obrBAysVef0
UKDI5BcWTPU
kffBCoyv8PQ
y2Ul7l13pKU
CVbqzelD_Hs
lsycTcjJz0M
_PK3r8XVcrY
f6NzUaiinh8
tXN2-5h2id4
oW45KJMuEhI
a-T4nZmmpIo
AvRkYsOZY2A
3gxt6r12-6w
3g6-ZMEexHI
rp-G-2AxOxA
wvwPGi0aLSg
pmqG8qHaOsU
FHykH0PymM8
syMF8p0LT7k
3-uqV0tbAjo
eD7la282Y_Y
wzyZg985pBY
ndQh7BokU-I
H9ySBfbGkU4
8V-TxYyyLI4
K9g7pSxzUIs
i6JjcOq77QU
O8x-lqsIYsk
RXxlfoeDql4
yUlnMbxTuY0
ucK3TOi_0ys
3bctB6Ppkg4
h2M-6jvCLZM
bimGDO8EikU
doC8MFZggTA
DhBXcvsCmB8
CmrKDZEGbII
2K2IP_Vz4kM
3WYIbrPb0OQ
sZN1kljfBdc
NYgvCtrdu2U
Iba5t054vgo
z0TQzCm64ZY
0stl6bwNJaI
50UGr7xHTds
bhMXI31xf0U
8vFclhNPMzg
ZYvnpRoWQwQ
Gzn-KOgtWag
ROjql8frJms
J8ioPKuGLnc
a9Jli0D1uEM
GmcsG6kLHKo
AqTzpRYF7D4
1pSI14zt_h4
DvknIZ00pj4
XII2JMEsGGw
g1rwho_QtYw
rTGEQYjZS5k
ZSd3FRyfzr8
udhWnbMVFks
E2fiYTeu5Cg
ruheiQ8swGs
i1-Wwk0n1cY
aMmqaC6vQ00
7XsZjgrcNPU
1Vt-U7acmxA
ZdBwRCHjnyM
gp6t0TNDYkg
24aB18tJo7A
_gZqUm4nUxg
aGpPu6APj08
RSakGIS1Nbg
HyHo6Hr3uEk
sQBKQwCeajg
eBzxn2LEJoE
CUJpP2GJYes
KjGWDsnTrHY
spITCND-jQo
_kxKTX_GH4k
VWzhVauFbSU
ixvl1r2Mx6w
Nx5NZw5jSNA
yJhI0Du5jO4
3e8-Xr2SPY4
ugPTJMpyTNg
jr7hMrkEnm0
MHz61Hc34kE
mA_756w7lQg
5THf6gTNqO8
18yIHCSemhs
Mj_x6Uq0YlQ
rIXJCDIzlEU
n6Zx5cRkdoI
jU7FgvRgaho
Cibtp4-FxdU
5giQCTAy33o
sJhSOGDuPLE
y-0z6_yVSAw
ew-tPg0DkWM
3zmGqsDpxys
e3AO1TbajXY
bIc51VuEPng
T5ZP_dxe1f4
Q3k6JoXTJdk
AN4ZXcNFZAk
5OWEEFg6fTY
TQHS509_0so
U7V6ph-IsBI
Eo0q59NPNUQ
TXZO7SxnHeU
9f9I5zAjZ6I
lCSjuylaYUk
AujXYEabz3U
jYswFn2ZQwE
Bc7CYIt7A2s
YUSkVO3ixfo
j1qtG18TKh8
bni5ph7yb2o
AlLilv7ZjBE
zIU9S5maABk
d9a2ICB8ncg
2f8wL0r7Fh8
cKs_iW0QVNY
55YwDntyKu0
I5fXomMQDnk
K5u4BK0Pm50
0ncMQnb2MBE
UMGCVZY8dZQ
s9rbMd9zEI4
caiIUZDclIg
w5aZPbxWH74
erXzz-lcEQ4
u3Pzyc8j9fE
2MMJYtNdGM4
bIQcEu6HEL4
QRMFRiydorQ
RbGEtjqawFo
ljE5HGPZwhY
s_LmC-ynqGM
eguWxh_vKxg
HXCIv78ACi0
bV5ngreR7Hk
xQYH14id5y4
ee7t0IApnOI
Q1ZA8ZrK3U4
9EBknU7D1OI
-VMgTCnFGys
suWeU-sNuIE
8yaG4mscSjI
AFU23jVoQyk
6eZ7pDpQ9Cs
YhO73Fnd14A
A7I9fND8gHw
jhHGCvMlrb0
l2jpY-ND4AE
cHRM2S_fBOk
MO2AgN8-Rk0
1L5xA8yuVD8
-nUpY4M1dWA
tWWO-RtIDv0
jNq9kKzzyPg
iUTQYcH5xJw
mheUAZsi5V8
DUogCoSmPJo
-iXklRjceE0
Np0scDyIgtk
IT4qil39PHs
swoWhrERRNk
IqNNteplRvE
qUQljVpXEKU
wJKCqlMl1ik
1LFp6ASW0Ao
A7u2rI83kVk
RHBuAOp5upU
HLrQZCDkR7U
L6mwdQQUEBc
Q7S0tX4FUNA
xQExiOSY1J8
IThFWEqgIJE
JqcyRQsuZjE
OWoz8MER6bU
Ay20jIT39f4
LQ0K02m6_KM
XWvWc9WoJ0A
a4hzZeKjz8Y
OIfk6M7k77U
WUSw3TCJ2Nc
TUTw5xegyG8
o8GoIfvnurY
5PB5l5Sk5xs
GIWzciogfLE
IhoAkUalqnM
VUt_YKacnZw
I_O-80EtAgI
iKgbdUmZnnM
nm72Pn-8L8E
YzTgK9NJjbI
7X4PW092M38
xk-htabyo1U
myjXdt49T1Y
1MtREGv9-y8
qveV7SG9LrM
lIPPILw5dtc
izlzFA3nz_I
FIPFU7drF60
iAATPnhyHDM
ToLmRbjeqEU
9-6ECEtnYPM
1bHu6rHNA2c
2TxtkizDIxU
sEEP6BHe7ko
H09TIJ4a4fg
pKHpB-FV9sE
pO63rsqlRBw
hh48_Kwt88s
N6vMjg2ISio
MIq16OeLL_E
a7_-X6ZmlvY
GwbC0jG9TLg
t2HM6Z5a8wM
9Unc-MSZJ8s
_wQxCjCxCiE
JPqhiZpp1Sw
RVWOVGghFUI
fPO78RxFBPw
CBRUle6hLFE
gZqlmUYHXxE
Eo4Lrce5EiI
5dG6T44xEhs
Jro6uEaWfTg
krjvQTm4jRA
xWi-UnYJjXg
W5D_k6RF2zk
Wv91IVpLyBk
JxF5GAobHjo
Nd7ffDXrw5U
sLC0P_6OJ-g
jQMVLoY4Zyg
eqKTdIZIBfU
Mu_8fJ89Oac
KE71OCsjaW0
KgABhi48KhQ
9wqdi-838C0
j8JmSGpjjK0
Ha-fEcSvG4M
5onnaCYF7Qk
kBVA_i4R1VY
61n67-rEOGw
R0eJbQaJ5Mg
b6UUaQjkyPE
PMPdXCvXo2c
AoHlcx3LXK8
Bueo9fVi-Gk
VDZu0Uzle3c
2Q-gGEHedBg
kP-WjHwFFDY
0hhbMi5xFtc
b5e4JFDen8k
kP-WjHwFFDY
NLLr_5ML_Ms
U3A4Urhlaik
oygPY_yYW6E
cB-ny7DaZm4
AyM1_Dt2L6M
xdw52odZ-xw
EYO2VDxCV1Q
RgK88wntjMk
qXxMffXHBnQ
o-TEGAmWtj8
MJxMqb7oCC8
CRLQxfCUGgY
-67637ND3SE
MA_nzGJZ3FE
x3qkv_0RwzI
DQlu3Dcih84
Bmav_x9RUv0
e-gIHqeNwTY
YuT4pfgVc4c
CTNTfjbG14Y
lU_heZEnAi4
tpd1hshcPXk
ny_fIyFJ8uY
ERtlCbByqVg
L9dpXa_Iemo
3-TfliE6cuE
Bv6VkasWmrU
nGZfmyw59Ys
DlN00qAbhcs
khpLlXwWBgs
1xXuBC63bd0
JCI79nj4i-c
LPyKOOpnChM
iUj7y7eqzkU
S0I4re0XUXU
9qEbjw_I0-o
2HoVa2-PLCM
0npsARdto_8
50bKWmjz_hI
13Y2fdyVb44
S68qCD9QgXo
h2qnXO_QiJc
OIALYmFpq0c
NaNw9LHq9dc
DwD3HD6t5Vs
bZQf8pdQ2Bs
g5mEv--kShk
eg0CdYzpU2c
f4sL6ads9-o
nvzx1QCXCes
TrUq1F4ImXc
LH1p1XOqfsg
LCJeRclWv2k
LSwMwX9BbGc
ewtlsEb4Vgk
LT98UWJPxnA
33gZHGSOPRk
Qay6FP8f0yk
wINZ_0XtUGA
GR9CWCwRaSY
VdPnQk9lJKk
k7eCQIcAQZk
ZvNwiXp3-iM
z8q0yQJyB4Q
hWoAMPPCPLw
gWmvwq4TDLo
2SleKWAPfxM
yyjBwPNpwPQ
RKKXQP6vehM
CsbtQ2-kUwA
BSSbKDGw5Bg
apODDbgFFPI
Y-HxjlHg_lo
TIpj9W5IAoI
CKs8ZNhwFT0
TZoeGyrxK1A
5f4OijPh9ak
xCaBzQ1VCMQ
kSX6Z_k__Cc
3vj2fyPlJUI
7PfTh1Pix8E
Kp_pjww7rGM
Lg3n7sSSA5Q
0yJIqTyitqk
08pfDp117rQ
sAhdx7T5wbw
7ctEUs_idP8
RIuC_Aytna8
EnYjlsGXugo
M64R1ZGMUvM
nTDsjTMhdnU
qdkih8Szz8s
BycBq5FbVak
3DbSlAg3F3A
Z8oXHFRpXKA
dCTV2JF0pU0
Lx0aUk2AiNQ
A86ztlPppP8
rlgomJsKQYw
npESQyzlvsw
zXP2_5iV-kc
XdZ9uvRmDHM
Q8i1qInyGUY
Dn23GbsWJjE
LyOkPxrhUEE
qXrXUwyhuEg
C0HYu5TT5Qo
hUqODNzgxdo
KkaplHQp2n0
72-2Bumwyh0
q5hRemTfa-k
3gbel2lYeNE
xi_i0_1ZS3Q
NGlO9cZDr2M
PTNozKj2gAk
Y4wfElNETu4
TH3aRJ4ZbZI
RItNMWHYZVI
vmdemMnkSKo
JMz5hy8F9Ak
8voDuXiHA9s
IWIBWeTj8ck
GVkIYYuENJs
hIsuN0XOQoY
rCqVWGlMXcY
-1LG6eVSOCU
5S6znK4nA70
3eSIxmau_Is
U1KP4bj7WWk
qflJblUEwjo
IoEVYx2plcc
eZR8XwQ0hzA
MB7Y7sw5QQg
GuY4voJZoH4
0XRx0oY8OdY
8YYSl8iXuA0
5Jcm1RHHTyo
SY4qmSnUMWY
7h1olTR3KIo
9CXcDh0-xOg
6MXNstWMaG0
vWEAd4HLV-g
0ZZ4WYfp7eM
LmcFRAa31Ic
w90ZUF-bZyM
6JTPwYjz05M
clWHOMJAZL8
8IUZjCSkbrc
ZwYULuB-VTI
lHesvjW1bKM
Eiu0XWbI1OU
JLIks3hL2o0
cUFkFXqVxVM
OAB0jU0KiEE
Wm4upMNzSNs
6AtYZDTrbig
ggNSRyT3DNE
rYOvzh1wJJE
PM_T8BqEYd4
pIet8eXDfBk
JFIz2E3BUvc
SwiRdCoapM8
ua6g4sYkbx0
j7atw7THKho
KXzuz7lOzMs
-dvxbHegKi8
85nPyj6ANgs
72ESxajlreA
xIfb4NZrmnc
8XrR15P5Fyo
0bJJGHcRRV4
_7Mfweblcng
M8-9U-MF1Ko
zyL3YK820VQ
UvhudXFnsFw
xWwgOIHSc1o
KNZmmdwZ5iY
zCJGBA_5PYE
272l6207rWA
Y3Rf8XLMEgU
15eHorwsTuM
Mf7PEumnodo
cGCZB8jUxRc
OxKrHj4DK_w
IwiOLusz67g
nl3Ohb_kqyQ
Wq6MSaUVSdQ
Nmixb57ZKT8
N8Bq0rPDlH8
j2ME22Rg34o
kb9sCXlyxa8
AldwbrwLYfI
6a8psEYgopw
TpPBjLbdC1E
rmQepa1qnI0
ezXIXJDdxAk
bpvy45O5rA4
1JryKWSCL1E
7hiW4yRsfrk
lbYYcZtRiXE
dmzrUAkU9hw
XtFBWPOSz38
LaC8fVbHuYk
dkMH2zatudE
aHJKEy_ZRRI
aYL7rAwsaQI
AwNwCs2CH7w
-LcxM9-MbEM
HPs8GcYcEgA
GB73km_kc_8
EYQ54bSrtGI
5B_GxNrcdoA
rTFqo81Ci_0
vOzI8O-oUgo
8kk7sPjbFAU
x9MUn5SK9NU
wTq1QUL9OsQ
E2Hfz45e17w
9kafuTmY-YA
XuMxAB9q92E
0X9iRjQA6dk
OTMcdgzFTNY
_bRpLOAX9rc
m66nuoHtTMU
5dHm4z_uRkQ
634lysl0QuY
knIc7sxlz3M
FOugUc3MArk
x7niulDayUs
UNhONkYA_F8
4whKTDzX82A
FAqdXze3uzg
DbdAFpkxPRE
-MRlq4-oknk
XG8D1erI8G4
8PHR-6KLUH0
_pKJLCfqTP4
vg7sALl3sho
JsUoG2DZ_S8
28tH85aMRDk
Sjt3ncWaHCI
jT7t5bMAkiI
ob113ekHscE
5LYofZeAJxU
Gyy7kVtQtO8
MCzk52UALrg
CPd7Cgm2elQ
7bNQpaB4ih0
AWJXBFhyoyo
YGYZijJqxxQ
xIUOREAiddI
SFwMw0nWaI8
6uhG_R0CYT0
eQ1HjKliot8
8mbnlUFAN1s
tm0qmKsi7_w
KvZatwpKjEk
uBMm5FParLQ
sdAme_Nw7qM
HYTKt4-qsbU
Fn8Av6jjuII
K8_05IpT7cA
R0Ed8laAudM
hOOv2pwqsPw
_aaPbff68nM
Q7gVhxcSvrM
yQ4IxoW5aGc
ixIzpsHAZtI
aEdzMM8WxiE
tYYgHq1FfDk
-V8tpBGFi3c
dnVmeaYjdrs
U35_yRtveJg
gPdyGrckASY
nnNKfKt424g
-wz9lMkW8AQ
2ek5F7LKlnU
xXin2RlOt2M
tBnCSI7DNkI
6j8IFHaHYFY
Z387_7aIZew
uEWGjQ0nTm4
cyAh-ATBdR4
A7xArDINF-g
W97RYQRyhgE
NHke-ndMnJ0
WAve9PlK4Gg
mQBbIpl7BTM
OSJZXG6w2n0
AcybAMuN_7U
ZF9bjAfYm_s
YJBzEYduKK8
V3Tol57QfMw
Oix9mB6pFsI
3BKIJCTLy-s
71wNEg_Rbh8
Mk2Lu0tNlqw
TXq7vdaltSI
OXg_OQ5S-nw
9DgHtvb8oBU
Es29OQKcZQQ
hNbJ9LKEHe8
r5b6SthDbsE
TzTU-ZfjQlE
h06zkEG7a4k
33qeZQoE3gw
OTJzqqmgcFo
udjBGCJ24QI
dKyTmXMPgZY
3Q8w3slB3PU
PyMHt1Gw5rE
R9nelfVOKvI
2Z8DNw-LcKg
0sX0LdJrc1E
YS18GPk1LYo
KkFQ-dfXTDg
t4ajmu8H88s
SV5g-sZOKIQ
R7oWtqP3k98
jz_VhUof5Js
xH9gmmOkZV8
xF3m5E852Ro
zV73j4C0WLE
eZXYjSMPMvM
CTxjC3RWU4g
bp6FbmyJ_kc
h2SePZOQUnc
vKQt47nVkj4
hNcd0_qbb18
jRUEnurwM3A
t3zLjnHnzqo
H1m12wVoSoc
Fm590UflAbw
ijwnZuJiP6g
SIGgEkZoMC8
RHwFsp76lJ0
osjRUoodb7Q
DpuHOqbDjoc
rNedrTNDNXI
E7dOWwm3IUQ
eD7hXLRqWWM
2zthMCD_m50
NTWRkucC1R4
AaeUX5lFx-s
LFJkmfzWyQE
nyqEv9b_QyU
eDlb98sdr3w
r5M6Wm2WSwI
HfAifHA17Mo
wJQniCfIfVo
CYAvun9rX8g
BTJHLSm8zNw
EQSp_2FyklA
-XyU0qmuLME
ml0fi6qVWM4
JjNLBsPjOr0
1qvgWAPN6n4
9YnrN8nfr6U
0c4xk5dB014
4AzmTvqHka0
Id8rhVz4tpM
T0q-KnaheFE
46_0SQDh9Sk
MPoejQGpR88
MvZ6QJ9ThcE
cdDzhapeNBs
lxhponSZCUM
r9Ty-ksZ2Fg
RHvVbvEdKWc
W8N5vD-K8Pc
PurniH83bWE
243gqNzPYQg
hM6OiDNcY9w
nmg5ncJbp98
GnHOrSCJXpM
0fi_rIPM778
hWMPI1zssDs
EHgZr9-YpEs
7P_XcwCNKOQ
bBqrCLS4Mtw
bFxK9l-ZYdM
9lDdSvZX-fo
ayVf8ahvvFM
i-5StqwHdI0
vhZTiRg5AlM
DmLqwOKmTdw
bRItwKfHh_k
VhFbsvb2jbQ
2azIBEBBr7o
qpZbEC-bLk0
VBP5u5TwqIw
7WAQXL436EM
-hOCqQVPIzo
jkR26SiaBFQ
QDnIFiqNnWU
D-urrJ6ha_E
T44CkqSOUOg
LZ3m7QS0OJ8
qCpxyc3CHEs
iewZbSsl380
9GhycQJOOZs
C-mOXJtfWoU
jJtSnX_tM7s
KnyQbxsTbLw
Gn5-GUzpHk8
as0WDl7lGvU
fNBTD7awlno
8bEhkBwiyos
YaX0HvefZ08
4UKjlz7C4zQ
WBOn6l-voME
BSZ2-QXNKqs
-q-C7sBGbQg
PwuMhDNi1_w
Ge46PH-Gjug
udLK2MGUAW8
gbrsx_wyJag
E-YR81oZbIk
9nHo6O8JLvA
c_anw3O3E34
hoZIhKgwq5g
LVylJLQn4vI
WtOn3dVDlfk
9U4G7n0zrWc
FilMxnZ7vYg
YoJ5BRghuAk
RjkrqMm52JI
nBGQWTEjA-o
mkTS4DzFW48
MpBHnwUNBGc
fQHi1DPK5bo
Mp14j8K37BY
C6n2e6iwdLM
Cww8nSLNl2M
Gzdu6UM4erQ
5K6fM46DCqU
4BJL8ijiNYY
bE_KLkmc2Bk
9L1qLOQj4jg
4QKNArEAwEk
NZ6RldO-SvE
Z-KCiCS-ksE
DJGTccn_8us
nqOITqLfnkc
-OnmlxVjGhc
Nok2uw3cTig
fwZ-iJIwoVA
sZwK2kK9TAA
zGQk6jwdosw
vaa8tpXyexY
z2CveFF3npA
a-6skWBuHaE
pUuf2O3BwdU
VNLn-Fd7mzg
2GC8lpLvrEg
W_LsKB6mVko
9CiS3SU4lk0
sMaoXrourGs
ELIHboG8PZs
4846hAPP9iQ
9aqR-CgznO0
gR7VIFmMv24
Ou1BiorYRNU
57SJEI-e-ss
uqRO8msLbXQ
kos5i74n_1E
mZ1jA-3DGKk
MzjOPtInf1c
ggGnoZsnUtU
YckvMODoghI
7VqIyxFjJ4s
ykKWMqoLkYs
oHbKlnOmCtY
MWhA-VTXe9k
T7MaRB5dGR0
UKzjrsp56Ao
DkOyoSeHxN8
Mep62EP4jjk
AXP8daJV3OA
_LsaaUTyc2E
3k5H76KTnQ8
hehY2FCWuDo
mF_yyc_xHAU
cqhwkBSzhd4
z0YVhEfkbIg
_Mr0qoljiJU
VOYyeuQ7k0M
RLroXiY4XLY
Iq_SS2bR4vQ
GuyWk582Bj8
rsz9gdTAcKQ
nvH9TD5a4bM
z8LWAnESkNw
qYNcLy0wYVg
6mdic677K0g
XHBwx728DRM
pHqIiV5Fg1k
JzUW6iid-Ks
TCyrliPu05o
6GF0MjGYW78
Mjr9h_QmdeM
MErKkBWRY9E
Z_JdlXoiJD8
wxH1rmOTpFA
a4N7WKY6WdY
VLOd0Jb5jUk
yyW5wH1wAiE
1ilC2ODaWSY
BhLnrUblXg0
90cfz2JHx1U
5decfPNEAbU
bpUyuM9fvis
F77MBqpkul8
DRXs9Om7VSw
f_yB-fp4LJ0
mn3Egf59F8c
t7FvxN_gkt4
a8Nlann1sP8
B7h0_yBMczc
UOdC8ivTuhk
5aYKJHa0ptM
RKwxZq2CRTw
CwkT-4vL3BA
Y5Ehpym8VTw
d_kxdP5za5k
BkkAoKR9F3E
8ZmyeVLTswg
HjRzjA7QbQo
Rjj8qPs6nLc
F3DfryeUUuU
6QZZnpSn8-I
QEUye6WI_o4
Bv7Z0WxQCEc
-rc4XvGMVsI
uWkJnS8RHyE
ByTAC52tQkE
uNbG3FIGk_w
9raXKz6GrvM
7I9dFhnQ6cQ
UffdV2B48Rc
qr63Kl0SuFo
Sj2lOeO9qy8
kLp7OqD5GLU
uvaADyYk0Mo
ofvhYOR6OuY
wd-qnB0hN8o
aR1qGaal8WQ
intkn2zNTEE
IEo7sfQLVes
X65JUiyqvp4
69fBYvwKNLk
J38AYf-GKgE
D4xU-_oHa2M
ahxNdsW3yps
imzvRrZFdgA
5UmOD0-Q5II
0i_7nyOcmdU
-CvBZwsEq6g
zkbaOs6PRrw
MqF3pPU1Z4U
dzIKSHA8_4M
eCpOKzSTyFg
4IqGubChJyM
LU9ZkR77Cd8
rJPpdoUsheY
Zm5nnJNvcVE
Qmrqcfrnzfw
nZoNl2t_3tc
KamNnGXUVr4
nZZlu5Ckecc
3lkkhq4kxxs
J6WI0AbB3lk
-tN5qYt_xPk
rPBPntd4d8g
0DTOLSUV2HQ
sXN6ovvTCi4
sGj8cB6hQME
KFPaKKwCono
xDIgbjDGsOM
T1QCCsUpTr0
l2D6H88mQC0
KPmlAlbCjZc
Lew-I4PcmRo
W0sT7mRMaj0
nGUHYnxlf_Y
7OacRCJaH7U
-zf7UxfL0zE
LiVwWaEmBhw
Lp-k3NUUwms
Spel7vfkpNc
knUgZw-Tq2w
i3ZsFOdveiU
04LSy8LbMXg
CoUyCgZvlng
ZnbgSb4-WYA
jzbWtuoLBkk
yNOsoe44c40
dR3zLaHFdhk
u461C32oDmA
YHFT7kqTLic
Mwt9vHU4BUg
nyplH6fUBDQ
qgm7syvbLaM
ejyr2QrI3iY
kD_0wi2u2Nk
zvmJEj7pIv0
-bIg7rZx5II
qv5eFbSc5bw
uBgb_4DEW-U
0yY2m29o2Gc
bPTpVRb4R7Y
m44Rt_YT7Wc
-38qapSxkJU
22vndEvoSyM
kyzJgaUX6cM
O6djkCeLmsI
nULJpyBbqpw
OJRcBeVQOhw
VWMiEF5tr1s
0JWtozz1zgM
tj7stKB1vwc
6fuisk5GQi8
0-7iXyYS0uw
ftno9ESWrZM
QyOQ2EKmpl4
rrBYt0-fDpk
lXp8Om4XhUE
fJwbNCsMMn8
bVML3vNajr0
SzKydY1RfFA
kDXSSF_HLu8
KZBjrwqxfnk
AxEKAU4fgKA
L9OBLymC4T0
u2WV7sXFikA
O5on61qXDzQ
TdqJBQgdFdA
-1Kn8BjpOcI
-ucmoVPrKto
6b6lYQT1G8I
Qc8BplPGLBg
JnyXzgR_pAo
ocsV1cA4K4A
WC5igIDNDdo
KTjF1CjTOi4
UAf8tJS-lW8
ZJpdAm8C4kw
LmWd8AQn09E
4bEXjtrI3mU
6RVde2CEwmA
x0nNgLUb4LM
-SqsWBTXHhc
REVpwKKd8VA
HuUH3OVcXis
ajYstgk5ez4
bcLHl3OIuhg
IzOaB0MQVlw
V4nMzD1OmDE
Gxqm2DGfKJQ
bCIWB51zkJw
ux4eFse-MCw
U6qqcao4NOk
ZOmsFH6yiiM
Ahf_0ZFX-Kk
k4LevAJd5Jk
CTWm_aMpzTM
fuX8il4cfDE
-78I5qaFCdQ
G2IpgL_ivBY
12FnSRaIC8U
jUjsZcmuMH0
SEi3zNWOBJI
EtukhRvBFY0
hRvtVrXcC3Y
aQb8W4pwjVA
61mdtQDl9k8
aqhbeSQKstU
TBGOna2uWC4
gm8izYslTDo
1bZBfBBjZ9g
yu5FDVsh5V0
L7fmEoqvmIY
FDK18J8MJgc
BdVgQQIiZF0
L7YMfM-nVXU
eIul2ObvKV8
eubr_hyU01o
jwUyqXwobMo
oCbd8e72yYE
aJrIWXsefoA
SIZHEQyCc04
JHJhgDOySC0
fytASaGxyWw
PKHOhO23jAU
GJ5LlwqVN8A
f0_5ryb1kbU
eSxap5vh3X0
L5tipyaxAZQ
eH9ZrSIJDxM
8xF3XmuBu-M
z9FzH70i2j4
5ajd6r0Rwa0
umjieARbVoI
JOq7VsgqFj0
sevri1GcfV8
tz6QveHJ4y4
CsAH7rCLHtw
DJWQvQ25hvg
8QgTzcnW43M
Q4UOBUUeO6E
VWyfUxFkTYI
zyg0tnhFyeo
GpwTQmSjAps
FHvSCE8fTvM
JnE_a0ekwPI
D9vr4ytSIv8
1w5nIYejk4c
7d8jYrlOuz8
fME0_RsEXiI
DDX8gzXQ1QA
j_OZeKF0kzI
_lOnbxSJM6o
BhKuPFu-sUU
LgWa3RgxdwQ
q6rQkifHJWk
_TcQGj76qyY
-nb8JkfrgLU
kQHuyu7KQe4
gNHSTa0Yct4
V8z6B_qUZfw
sJ64h49gSwY
mWGq6anckCE
gU72TwiczA0
c0R6LadWw10
GW2fU1uxwQY
RXeDNkVauh4
rTvZtLAOa8k
z_QE1RWykJI
zX1hfPl7ZDU
oAFKzDNAXSI
roj8JVlcuIw
njmAUhUwKys
0OyO81Azd9E
JrCCtpahsBo
qUs2cumbyuc
fS9mbbsJsjI
Sn00o9lpBxw
z9Nr5jrFAg0
0vS3RF-02WE
faqCKlj5SGk
10Z4pnwr0zU
V-UFUAOrK0w
dAIAB8oMuS0
npHijNaRbEY
0ojwJ00IxOM
FgTmKT8sARI
I2GfElKILa0
zn8fewQlnTU
-n1DwY_uzNQ
Nkt95IhNqjU
HGEkXQx9dP0
S5AxAz0v3b4
tuZcwe1e2bM
orx0y3NqUBw
OXuw4i1Qfhk
CHuf06pPDts
vszZ5OxtPAs
s_8wl0u4aVE
qHvRXWAO9so
_GKrQKNDD2Q
nE2VWJTZYsk
lWv3Bg9LvTY
NB1k2ztYrlQ
vJ9YsDJAF3E
64fqBVKT73A
my8jKOzD6WA
IJU5p-MYzcw
lDvjxLjorNI
jiUXXx6kPbk
p1XAH7K1xmo
fIXmG57OL7Y
I3UWDfNaARI
uu2APvLSlB8
7oGS1_C0l7M
r2zqG3JnytU
yj2Afufd9Cs
EXON21V0v4o
-zcLSdIDu0A
4R2iKBXziPE
R8xWju2rZ78
NqI2T2f5mnE
U4uCBd4mu3Y
MefV44c7GEc
qUH_r2OAd1w
05-cJ_3DHc4
x7aTCbiD0KM
jTkKtZ1KcC4
HD4C0H9S-LA
FqTpbydEhbk
A1O246BFFA0
t32eoUB42rw
k30syq1nvS0
3g4cnLv8U7c
Jze7j3gYF8E
vYr7GiffQcE
jn5fVRzpKYE
j1T_IW0oUx8
vyHeakjikPQ
pg3zhVrlha8
jSjW-EgKOhk
66171og-u_Y
Ud8-sUovZMI
r5q6rkja8-4
pGxIL4tZRkQ
oZDxuYYx9HQ
83wdjPW3Alk
iUxA5HmOTo0
lIZXmLe-61c
4_gPJtqvz0o
gFwjoXKo9lE
F9_hD_iL6PA
ahbnsZsgOIY
VcqMZ98j2Og
z4f48M999Rk
xzUYAQZnQyw
rMVKo0MapXE
EveGhI47Uxs
nvZrbZlx5Tw
voRJdfMjSIU
vOiczB69KOs
md2kvBLfzWo
_mw3trfLa4U
s5_441StSns
3MyoaGFm6Bo
eP8vPZXWadA
qrhWb9xIyKI
w8VN0qLl6p0
FB1sczLwrmk
YcD0uOEjFY8
q1mBLIksQ6M
cPbdhTIPY_U
zLFXZKzYUlE
_XYfgOZ0GOc
89mNpl6qFJ4
Hkpy6zGiFis
Ad9YiEFheTk
6lQzrN89_6I
Lav4ydRaN7k
o5vRCtIMLGw
3-uxdrMt4k0
qdebgogZANE
xk1tzVKOeg4
Az9l33R0mLs
Ak6Ea8xM3ZY
sDlSZ7ONPjU
eVfcdQVsURo
9UA0WOfBgQM
sRMHSq2oeas
N2Ws_x7C8JI
YAWn-OE6DFU
04jjBv6QR8k
TJNBozBtwRg
jm_l4jEb6us
oM0pDBn73lU
6ACta1B-B50
DxeDnRAQQ4E
_atuMSch-vQ
zR47fNGWDuc
BXFlE4mY5Pc
_ezOHEOuUlQ
pZj2NWOQ7cw
tdRZs87iBT8
hfwmlps0Lco
_fRvrKYy_Dk
oci-TpwWRF4
dB2264VyEfc
-6rQ-ZgYVaI
gjPi9KQWFjE
U2stlLv7xYk
R4DqhI247eY
cLkbLBAjoPw
vKSDmBe-mvE
L-VWpzUiKdc
A68DSVpbZtg
wePZNv0hAec
Sd1v5HPxI30
UIYjLi-sMEw
1apb7XQPTXI
toINU-f8u9E
J2zMMl-KT6w
srgVXJKiC_c
Du8a5KyRHdI
dS3E6cYXIR4
JLRSHzxIotY
MCvf_VeV6Wc
xmKg2Fdb2VU
eepbFlcfz5o
Slcg7cbAGZs
VZ2eMUmumw0
8Zg4mCGm1C4
_GCWXzRTQRM
rusQZNYlw9g
fx5u5tYaSpY
Ydbka6_HPZ0
DggFAHWYxYk
_fyJM24BiMU
Z4k4Jg13x0k
M2ETAOlPRLk
becPAiAmFNo
gpBOlO-CCgQ
DqQCN-aHYro
InlMjKJBrbE
AZ8WkY_9kro
pwqWC6oBfQs
_QYCgpLhaMY
MRpCo2f6Ew4
Ca4J5F3M35M
x1TJ6oJZmA0
KhrUxgfumqU
slb5xnxOKi0
ftYzPuNgGhk
B0ZL1NLY6Do
kmnogV9S7b8
v9GzuB0iCfI
7IuT8yquDMg
5v1w1i4yGAE
jGd8oNntAJY
Y955CrlKlC0
xICBW-lf4Sc
A5fMTWlp3i8
kYFLWJ_Lwss
zfHdYidooqk
XT2GFvH3lNI
5uFiJTqXVvg
sWLOSwKXXOU
Pg4g7BL4lyI
HfFRWkNQf34
chp7pYZcQCE
xBbP-sgforA
jZyOzAlJMIM
wNX3v1L6s0g
tRmYNwWRR78
JOr_BPUvpmQ
x5UutEd0PvA
e5fTLeJMf4E
YBzVN6-9Qi0
o63SGFW5tzs
WIiax6hG4OQ
7rd23-3wEyU
uar3pMzR8sY
g9LaY5dy6NQ
kORDVsYYJpg
8JjVwsmpObM
0vfzregNj_g
xNbzw8T7rhc
m3HmcBBd7-E
buByNEuVqOE
nYSOCijcyTc
Lnqb_5JOpP8
FZDL_WLrmco
Nw2SBvidnsY
eLK7cRR_o_g
aO3bGAcNVeg
ZbcruwQtsTg
vnGNIyEubRE
G43GOpp4oek
xhrrOpfvCjY
07PZnENMsXM
N66xNpxJENg
82cPC4KaRZA
c4DJGFI-Nxs
B2T1wmRhp6g
blTHhWrXTjs
ocBNX7275FE
5htUgnSfg70
6048lWtHM64
3uR73f83Tts
T9A1Sik7W6s
d1-bA9nvV6g
6eo54qyCsQ4
-7LEYOu4rCM
4upkUbJBLoo
xW3GO59lX84
aJesKjigYBY
miB7HzUvmM0
54e5Bz7m3do
0lOLqAmP4T8
pYeT6ZCP2Wo
O8RPOz7KWxg
SGeOJ0fvpT0
WNyELeIszxA
GDlPAQakzo4
4XuLnxXOuqk
uXn43Nuv-hw
jbIbwsldZA8
wW0PaKOXxQI
To7X4VAjNi4
W2hUdsu-Qqk
3R7CHhaz9A0
CqNU6LJNsJ8
aLXlerKGZGY
aXufzJ-Vp8g
icTWNDK825Y
r6b0SU4xxDo
hmj_G6VxgT4
3nH_T9fLd_Q
HOaIfyl8V4U
54_U7n3SgYw
_KSFWNOT8hc
qqJqHtQiUoc
mPKht0L5MNo
mAHHGAoWXfw
ghPasvetv_U
gpa8Oz9DRbY
vswg-xXMAys
XXehcKiocAs
U85j1TPckSM
wWMa8H061rU
aL11demBqhU
VBfyh5Y6e-k
aygNHYdv3dk
TALRWu6y2mI
80rHf2l6dTk
Ezpx_Xqk0cE
z2zUYoBCi4k
2DygssIxEnA
QDFeBMGMyTs
P8ClUdZWPnY
3JlWLjvV6uY
V-AMKYDR7-s
4GgVv1Zw8dQ
Mb_-rhZzX74
kS61U7gxEmo
bfXZ4_rEgFE
0ANXEJrtJMg
_g68ETdVMXo
kkTT2Lq1p_s
OA-TNhgYwpc
KzuLqpPRDd8
zMOYOB3NCYY
R4YkpKzT4RI
sgk8hG2wEK8
EDUlJEcDUvU
MnsJEEEgbvY
6bOTCk5U1AI
Kvt80Nd54ds
QDniiohjGcY
drT-ujESI_4
hz0KGVwGwXQ
mq9A9OctSts
Zbi-mFh6v5Y
n2McxHrrJjs
Rcp3BQciVl8
adWX2KWg5jw
ri3NZVpdDmM
MiH6M4WTPCc
DxTU2Et1pAY
xska8Mjwv60
RYpofvqVxzc
CraJNSAyVf8
CQq7na2cKWA
e3jMsJmlJtc
nQyqCYbdvLY
_zYIXmm-SRo
fs9QhpmjWLs
TdzD5X2vMxE
rdoUojbCfjk
ZC4DyypxGPA
07ONzStqDd0
lRUySxIgKQ4
pes8_eAAmpw
d67num8cp_c
lkvOMt34hAo
sRE7YiwypvQ
TfZP6k4o1sc
HDJlX2_FBpA
CBh30HAPe2U
7XoaoFjKqYM
9MijcHyLJL0
aAtGnXrM-mM
EeiAE5HKXBY
TKBNpC_bGw8
ug8PGMDESOw
vi4PBf-FQKs
_2IcYgOQ7oU
UjdivDJ9cho
rkR4kbU2hTM
h472cE4oa_4
ql2HPVSAiog
SjK231Bq1W4
uMjhZ3vc55c
MGGPlmLqJFo
QiPAGG51FW8
gFyZEtN3d_k
vhmg6l_WNSE
87SEviVgWrI
5il6wBClYT0
gPg5y0Uug0I
MTqFiChuWLE
axSntaps-fk
GdnldWXTBzo
3n4SkuOe2OQ
SptaNULX9Ew
dmz9Yb9dWck
ikjYlEIWqvQ
fxYAtS8tQpk
s3-w0gobl4g
-slDYrrLTTo
BPb6Cb3tXpk
5FCYL0BF0O8
zi5HIMgQCEA
3GRZwtvRMSc
03-1tAecIR4
TNQLjjhgV5M
1aBRND2Dchc
NvV5-0xt7Wk
GKLZ5jSxPIc
Hw_Sf0g8WZc
f9Ya0mHsIgM
Ogf2gq6Kl_M
mX9Q_3EizsM
4U5pJsmV6RQ
0W_3x1wW7-M
FyC-Zma75Aw
NDE2ynfVxqY
gV8LkYRWWPY
9EXX9uIftgo
3WSmWpGvv7M
E7NvSjawuiw
tbPwzII_g6o
Yta20wLzA-w
WRrxOfgwFyw
UWWV21dNT0g
Icb_2vPt5ew
xYKyO45e0qU
KCFqrojIcC0
MGVpI7OiUJ0
J-qDB5VJ_X0
XX-_S_p0vFY
yx88oqrOO_Q
meBrlkvcMhc
dg4hboje3VE
hBrjd7l0awk
LLv_KyZM-ag
WcO48w5Xcvo
31WqzM5QyQI
VoiTCc3p7eI
uMwqPgwS7u4
bifolAzqWLs
Z7YY8rSKF_M
ilqTw06l7Dg
8OMg7-uG1Q0
bFoD9lVFtPs
oZ-3Ln6VPIo
A60XK6HZT-M
wdmOwt77D2g
b8ED6PTQ4Mk
rATZRRpxs-o
lcsZe34m2Us
z6STRCncvM8
Y0rWAFfQMYU
YOoSAjrvy6s
FaLDDUgSC0Q
Zb2JFHGYq0g
6HRyUJlac9A
sNEip9gPYLk
YQ6EqBj-Ncw
1ZqcxI_XATI
efVFiLigmbc
ZhXGa83FgZg
FmHGsF-RooI
noWV-llPg6I
CgMOcvz7Hzs
PFE_ATYW4aE
Kd62I_Ed_V0
eKgKBz2TGow
9zdD7lfB0Fs
rG0hV7ovEic
JSJP4kMfmR0
LGQIv3XFRSw
4eSKqQCjwUQ
7lsfHHct4o0
2Ww1L58U-sE
DJGka8024E0
HQKT4axR6RU
PGOwYgIa5aQ
3f8I19vRqWM
dhaLDHQLpUY
DzaU-TinoZQ
tg0Z--pmPog
56HThf3mRpw
IVWXRlhoO_I
JlLRe1KJHnc
MdYyhZLG3jo
7gG60qjdbF4
-lYWmYJ2gsY
Wvj3qs8N-cw
te7vk2Z0VnU
l1QjEw81jDc
klq1Gmdbh-g
KKvBOk8H87M
D54OMPux9q0
NlEIJlhEPw8
HRGu5H69p3s
Pm0i3vazXFc
gQGGg6lADhE
tTXS72gCKSg
sU7lpX6dvF8
61ruJlQ5S9s
ZwuktwlPZzM
3WHBilCkfsA
RdkIbVbo08U
VcHQWMAClhQ
NysSacfSpC0
_fDqY0mycLw
kfhTufJFSmU
BYZacKcGjhM
1zY5o5P8vHw
L76H-GWDdVA
LSN4c72Lx6I
UkF-WB_SLpU
5_3OS0nY3WQ
czHWcObG7Ek
IoRQiNFzT0k
2ag9ikMMw6g
MSWbhPCJkqg
EZcWcGnH-Aw
NilT05VCwsI
CmHvD6d-cYU
5xIxQFWv9i8
U0QLjA1GSVI
0o2yyO0JAes
Dcf1hiwBqoU
8kHyNOa7cuc
PDJnoO20UYo
iJjl9gHQ5FU
RuqNkIp0Uqs
b2J2HYkO_nw
u-lSQj-gswQ
nd6M85XlKGU
coBBfe_-uOo
WG0XVDiwrVE
Ia0QyAj3jZc
qtP0sGWF_d8
crcaIFP6HYU
Qx0vx5uBScM
hhpoXLEw3r8
W-P30s7c1d0
8d7tNQokuns
2DaVsmsHq0E
3hy8YVrB2tw
rnlE9q5IEuI
1BFgu09uQ40
V8AyIaiNeyc
2SkK4GNI7tE
HGfSfqb4YAI
DmCMXM6-b3g
71P-Y2YIhUg
b4x9hyeHCLw
mFNmrFwYF3E
jHrGsxSpM5E
0gGnjAvytXU
wNIhE5eH9p8
8XwFahi-qf8
1sspJ3QNtcY
43mvw7zivQk
NW-nBwl6mjc
agWS8MH6voM
Nni0Wdwo29Y
7Mr2QC2gj5k
2UCaCUH4BLY
KjuTD_g2nRg
zfFT5TXznwo
Qk74Gj5hXZI
hNdvSHH4Iio
IEhn6aTt1IU
3VxgQj-krL8
JDF2rjFd8hY
6OMlekqnL8I
HFPYo03sKVs
9mPwXC_ep4k
uIS9I4bBnUA
ySMWkKbXFpU
YVoyxZc0NrA
AePwIRfmDI4
Y58drCxShrI
VDGjOVxztP8
aUJOX1xwebA
XXTEWQdu3aE
h9XNS8hbulM
9cxMOekU4bc
xDJK0vrE-Qc
Kp13P6JuCbc
Xq_g8NZC788
3CMT7UC5XG4
uWJgqxJpy9c
tQZnhjJnD5E
Bc-YpWBxsHU
TWHqDlDDYo0
3oDElW87dGo
HWwVe8PQHm4
_RhHuW2gglw
7zw8_SQLZ-A
Yloy0MG7gVc
81o1rJuV04w
AKbrE6UMRrs
lfG2-FFL6fY
lFoQ4s6CFYM
ITwG6O9G81g
xplpnLeeJxI
XvBVevkb5PU
a4CYcRNphsc
9zaRdFVHiTo
GcFYQcYdyu0
Odq7W2u2Xj8
Db5GoMvPVc8
i1JztuLhIvk
e9sMr-Ivcfs
czC2DTvPIIM
zFv87mxbPfs
OleMXfAzrJQ
9r9UwF7fBOA
Z8jn2unqKGU
0t3R9WqEm4M
FcAGYxyYSm0
UwrgUqBotpA
ema7OjTyEow
ITRlmAJcjuQ
F5WZyp0Ewvc
ER92biCcR-w
5HBxMkerj2k
qjWSfIoD38U
RjogHpSDlGA
SdNArpNcS1E
Ta-5DHlCdwU
sH9KCHiuu8E
1bt8Ig3Gql4
ViPww37r1ME
K2ruoUE54kg
PXGFeoNZS-0
Z_MWGp60qyE
VdZoQzrv604
MnkxPPhM6yA
v3SyhT1Gl38
J2DXNAKKTqU
sM2y5Bu9Euk
gdmz3O2lnMQ
mPBkzCIp34M
m6YE6BJVwtg
SbfL9hVVhK0
FX-7-OJSVdw
vEbZLriuOR0
Fy3io-WzPQs
XcNthPiVNgA
yTjQWkCD39c
Qu8-tef8q9Y
CAVo8ebrLQg
o3-wFGtnchY
sEPAS7pB7Y8
RZqaeusdMTk
WMetDWhU0z4
yE6VTvxkhFs
Skic3Xlw0sw
dStr8oL4_ZE
7AHpqstcDEk
3kD9g9duG-4
fzg3v9D1pXw
7HVl2aNyIus
90WLEQem_-c
ICH4YZcE5XY
221lInw7Wj0
OWr8pdcNN9M
pztF8wMUajM
L3obKB3w5gM
1OSgxU6MHQk
ga1_a4qw-As
W5konOYg7Tg
ZcARwov3HpI
_mCAJL46AjU
-LnLlJrIA0w
utU8Wi9wo1E
AtXmsW9RQHI
SDVXZWmTq44
tseEEQC3SZE
h0Kchiwa-Wg
HY-T9F9xdLA
6KrvyFDnpZI
jHGTZmKWEnU
WC5ro64jL-U
_sDmYWYWeyc
_gyhvqbIaOE
d8G47gJh1s0
l0gNc1EtE-A
Tl_vX2HWdug
yfePpMTbFYY
kbuNhMGB4SM
cRS9a9GW0us
A3s3NRtssS8
l18FvtFl7ks
KcnWfAoRhQU
jzYDKIsPwYc
5HdF-hexNjc
p8XKNx4s0rY
gdyVrQKThsc
IkkUMnss7XI
2GBNxp0IS_4
ahRjUXbGDPc
cgg5H5Ged2k
7GZXg6K70BU
b1BQWA0mAi4
RkxlBKjCoA0
CSGrXp1JQXI
OBmmHpUGNv0
MI9oOHrVI5M
hKiHZ4SGu5A
M5DV-4wetFA
bQ_uyux8i_M
VA9-R5X6Fkw
kUq2-wx4oCA
hWoO7jUVwto
04sGoQKxNao
Ude8pPjawKI
4gpM2h-037I
XOc3rBYk_Nc
31g-LndyTzQ
kNYJ7F2ZEX0
EmZkHm7_GDI
H_KcdkkfM9c
T0aEGd3HY9c
bLI1Gfb0ynw
opukACz_Qx8
KS1NSyMOjsk
CG0dvN8tb5g
xjaADWvCOyo
V2SHwdtBH64
jM1CwXF8SVU
CMSnzIq_0OE
0hLF2FhyYOY
xatYjbC7XXU
r5l7tX4SohY
05g_rDjGdOs
taABCJ4Wllk
W-t_4f8Q8l0
HkwZxq4Rr6c
MbVs9n_-DpY
Aj_5SGdx7Xk
xyryLSdugWQ
9NkyD0m5LAI
ji_DiGGqOhI
nTTb8eGYQj4
bwqsdpCXt0c
pKfA7mVyD1I
qinGYBA4G0s
SUrc_3yx3V4
4DzdVbkN-1E
DGBCfBZl-GQ
-XP4QukJqng
XtHtAiUVb7M
uDqgYS7WqJU
K2zipHApCHE
fSYglnUzVKs
jQxsW_H5qr4
9l76OX0b2fo
oINa8oSSpdQ
KAjw3WFgVa4
NxmQYJ53tWE
aJdTMeI_sk4
zQXoM0ViyFo
ihwzGZlof8M
AWGiwctQLHk
KRWZ3bOtZEo
Q3cefDeDQH0
IjG8p0icOTg
QkpA0IJV_n0
4GPmPik8z1o
HKZ2LtfDrmg
W6jtVTa7zgw
12jqzw0ZhRQ
Nsn-bDau2jg
tb80UFQD0nc
GsTKbqui3XY
mAK8Y2cySZs
7slipVcd8pM
kBLDNhyMAKE
ih-e7UxO6vY
BhPxa31VE78
F9Udi_DW7p4
GyVdEODAKgQ
9SaShn8OkJI
dNgLrHGymYc
NiVTTnt9ej8
LxZ1fPr9FJg
aUx9ha8ntS8
lOD-VxHl0Zo
1pIspD66ZZw
No7_fPhMWxc
cQD_YeI9TzY
ixJrQKh9kVo
GqnVdbBoQKw
uWkF_8SKM5c
aO-z3R9qdYE
jFfAbMbrZrA
dats8N107zo
AeLLRfonwPE
YrViCv_PG3k
KUPNV7lIvHw
M7cukSVCC-w
phSz3haAhRU
qTwZCFlZajw
hct1Jwj_Gzo
XMlt-S0Av_s
HsLf39h2WBc
QMbulO47REw
BMpVZ_p_7Bc
2LuMmaj9Ibc
WhbjzJHTYYg
B5DU9lgbsSE
Pt2w9Dz4CDM
p1C8NhrZT2Q
uq6Rsnn5df8
oSpifeA4G30
XfwMjTcaz64
xngUYiht-hE
DEBLGJg5ZD4
0WSCs78Gl9M
IrEpy3Yq3UE
cy2K3l3hx4E
SLodoVzpZp0
ZzJCPyeljpw
XbZ9xJUyIWY
6wNp1fmkOis
drjAASidpr0
UKTA8NLxUvc
ofFhHcvasHA
kUXBX5zUfnY
wtA-AmrbX4Q
IyUWGXVxCCk
Kn3lgskKA08
JH8UdtqSlpM
CJXsNmbTPSc
yejDghqigW0
OdSjQQ5DSWg
0Qqsw4Ve6LE
JTCVcc3Fmp0
QvKfPr7b_A8
degF0Rp3V3I
BvMUO88pOYU
2FMwlHm2ts8
-yuVjUw8lo0
l507Hrto35Q
27DdXpnCUXU
ikYXk1o8FhM
pYZu_D7d3PY
jJvRHxOtSJI
mazNT-CsbVM
HBFj5F80ltg
jWyJf8UhOD8
w_G3j3l6EEU
aRWNVGaHRWg
VldMq4NyKWY
uX7Okcqe8eU
U9kbEiCZ5GU
wETbxYz0DNI
q0Z20vjyvBg
pPz8LEQqARo
5NmeRB4gLpA
d7m9ScOY5Jo
QsZWVBmpj18
RxFy9Zd8I9U
A0douHcJA08
lXKWkwBWpXw
BRGrI4AQG70
b4k30gqyryw
ak0pOxhGDqM
URg8AdqtRDM
dMZDgvLRObE
pOmlixkp7fQ
feeze6i4r-4
rLswn9bIobU
kXt0I48LveE
kE9aNrV7dTg
HyAb10hTZ2c
O0ArI4EuniE
IylGx-48TUI
VMCFm9CFKVM
INk3AGy-QOc
wtD5V6cMfrM
Q0Z6152NSLQ
yaxHU7LHJt0
WopEQ1gHZIQ
9iULb4wQnA8
hI4VQux3qIo
jHQcKUJGZSM
eCPtDVnaQ1w
E-MfmB5eIVU
FNOYlaKAdj8
uC6F3hCoXGk
SQAzCPpTUl0
Rj3ujfOGqjs
NOclBX35UFU
SpMfxW2zUD4
ee3MFixiXwc
z5TJKbtnJ7A
eLlRxjG-hew
riwe0nc5lig
QMDiRKootnI
VP5Sd6mIQ90
SAnE4FIKb30
PgLPi58eS7U
dxSWqGY9z1U
c53QzWKuLpg
LF4j5uFCKKg
SlHzfA2ySwY
lKKZQfwzWAM
SbgLAHSi4jc
bKil9UcBbzU
ukmgVvIvlRM
olhCazkejPg
_v8sfc36OtI
0-X7ptXN-Cg
Tqe14YJ9mwQ
mNr12miDQv0
m5IMuNKeSn8
Zm9y3ZOq8nU
qGz0WMVcJmU
I5bvjL6h6nY
NYox_xFW5K4
S_gewRGZ-Rs
VbKJFGl8fm8
3niMh6vCuws
r-jlv1x3ov4
es9RS-wnq94
ULu_iRIjqDY
zzCm0dR1lvQ
xw_hQD6nHmY
x5mMbgp5Y18
-YYSvbmbASc
OdWQ-BN9VOw
BcT_4VqXhRs
l-UT1UkZsP8
tCIvuAtfwa4
8GtxZBuDoLI
7nLPaqmMDLs
4Ei7EWGbaMw
gPBzanM7wU0
BuxolWoIGgA
c-9TA4Piv_o
jLdXmE6sLiE
fuNPYq5feYE
Li-wJX1S_iA
rW2uXnoBYhE
8ar7WO1T5Cs
446cFXMTqvE
jxSHf_BeVUA
DVWCodfZv2M
A_FxTricy0c
jTkuvppi334
QflQfcHvD4M
xkUXFB0yWAM
eZyPdwY6FQ4
1ymv7E-FmKo
vSFCqGH7RUM
szV-P__unmU
1wjY6HhRSsA
ehqJbZOGFAw
mxavDn270to
qUPxoGR9H8U
3VtkpQv_0oo
RRbG3yjIaZ0
xqoQfN9DgNs
2qcrSm1PxJU
0yQpQyTPuBM
I8WpksPED_Q
-lw7W4boauo
Tlas4vQTp8E
IaA3R15fJis
X_oBXhtUsTM
6GITwLGyKyE
IZSBxrDAfRQ
ik8Qncef_lw
LzlUZrt0Ums
tjGkRugMcH8
ZyDGJ_HN2n8
xIbnIhn3lVU
N8gdStQHQxI
ApZ59MSty4o
H8pBcTbL6II
P3tHXtN6Dbo
PCDStwS6Is8
VNPQecZ8SBI
BZBZHEOCKms
5ed10n3rT7I
QZsnCXYFFn0
gaDvroATyjw
5IxV1PeM-mI
Hku22PBx6Io
sphiGZk4h8o
iepfMEKcof0
iepfMEKcof0
Gyl53GhrIsw
uUB4lHBgPlQ
3wx4B03UJ1U
qa6R1JCTgqM
dtZNjzeShYw
H9DboUW8Wxc
aE0a_lA_xig
5QYvOb4PD88
k-0N2l9uecs
Ek-iL0uFZCs
Y8-wESjvJTA
kbuLfXgw4Gs
VvTfkMhEw3g
AMEeRojkh2Q
jQo4wkbO66U
S3xiLEBZAAo
PsrdKRQfaxk
vMuL5ej0UTc
Kr_HRlGuGB8
mjUCAMFVjaY
tQvv8YFCGsY
JpUVMpX62nw
uWnSDiVmKT4
6J0nTOpFEKE
lG-6W9mBlh0
RfW1NYvV0PM
fAuzUt4170A
ZwiTIzkF4cw
FG2FSrDW760
dXYWLWx0-S0
CW0LwL0XQVo
hius2OHxVR4
bRKdTAzPBv0
BsaYQ2JSc-s
ZnvZGdgDlYs
pml-MKE7etY
ycRaQvhwrvs
IE6_suomBSk
Bh3MaoPVdNM
vdGZdmuDu4I
qdD5-woi_os
Bub4GJ4NyU0
SAXT7jkPuR4
nAbxfKPKorc
mQyOhX9i16c
TNjgO5XWW74
n4JG9z7q168
B4CTq_-LRfU
RFoUDeQMRrM
9xuNIr_d3ZM
41TaVF439-c
8rUCk_i-muM
O1S0MM1ZerY
EJaY0pOdJfY
gG48sM-Y0UU
FiFbw5hE7UI
kXU1I_7MHoY
rffPgbNlMPQ
A1ZtyjOTGXI
D8p6NjpC0pc
sdMePhk2jho
6Lo2Xoyc1VI
dabmo5W2xO0
-PZyytKK2EE
aZXawn-HrGw
WHD_M-k89fU
cV6fwV9Into
1wdsMrC0nXk
m0ImaY5vCcE
nExmaclO8ZY
6UWjT5eDxis
Xt-MPX_oaMs
AB1fmsMivK8
44f10xLl0C8
3YDnGHaXdxw
hqvPeC7N3zQ
GYM0KXs8-To
tztGWe08NbA
wVhdx1DOc1g
9QuWnLMykgM
nvU0jxEfZuA
sEqQuNTOEks
6hSp0p1lwbA
zjBz3l9Xa74
1dtC052f9A4
Vy1l-LJYRsg
OhcPKmvWTqE
NNLY7MhcuX0
u9Zzgxo0y5o
EB-WyxfJV-s
paPT4iHUjFQ
Cd2Y1qDaGcc
W1c0n3HWfLU
_O-kLA3uEyA
7czFfK3nVks
yyXFpMUIs0U
7okESh19gpY
DgcAAoG9DLA
aMgYrEsn66I
SqpdWrFLJMY
WWIudRXeY3s
8G_T6azeesk
BBofF7Bwrvo
4mBe6-ayEJQ
YqHbfpAd7I0
rIscdlRtZ5I
wBynRIpgkbM
Azxfi_PKqkg
t6OPh_a11QA
zWi8T4Gqyy4
hjwkCij7Erk
SkH53E-KRSQ
JBEkdRx6b5s
0b2ngu5Vr4Y
kQKcROp6-6Q
_fT19zkS7HI
M0pev5yBy-c
yyBrO2bsLfg
eXYUDZ8oXsY
C3AWAnD_t7Y
MEuZ8wRYxkk
K2YIVpgz3WY
A6MAbz3_ckI
uLRY1cNxL1I
hay7TD-xNRQ
hPNxm5sWJIk
oWpRKJPCI7M
ZDkZZrkg1rk
jrBn8rfvqc8
CrpqrpOuLsE
xh46ms1IkQI
4GgqCehDlls
kR5Gf9bjdKg
dLZcy9y0zkk
XWUjr4CxK3o
0WgBnPZYWqk
EhsU3hDrzvU
Dm9qFZL7PGA
fiTXRCjevNs
hBH4YyT7CNE
H7OrQDzPYkk
SQKJPxuv5r0
lPrWrHJ51io
b5n5sFi09Ws
coSov_Lx8yU
NlU7eiYLbWI
ONWUU2wj0f8
pT-rWw7YlKA
vEuh6tDidUw
eXeygGxu8-8
dYOcCJPcXyM
3XjiWvMSFbM
D8AgUii1r5c
vhhPm_OvkC0
ThWcshw9ryg
6BVEY9imn5Y
chtDai4Iaes
4hcAXmd9PGo
0OawIcuIYGY
UR5iSwpruNY
U-24Si4hO0U
dtduan5dyIs
s1q4YXIbEcs
70I7Nag4Eu8
X2f3AeJOPyI
2gX82b8l5-Q
1i1s4vF0_xo
pfHczxLHwCA
qNhchMAh5zE
m_4aZjv9m_w
KogSdmPohfE
cOrVVaR05m8
WMwvNZMqUw0
DQLuPVVIK6w
4vq8ci4RTUs
UNZYpg65wus
ZCTMlws2M1Q
Ig9zFcGArQ4
XrGHFIUAjdc
vj8l1Un9Jrs
uEEi4Kkq8iU
qHWX53n6J4A
g513EUHqkfw
4PSh22E5SSQ
fgN7bYqn3tM
BCALn0JAULs
NES-S77jlBE
a3FHdFMDM-g
D7AdovBYKHI
ZyAhXvAgVpI
CmM5mqMzl08
d8iV1UaVNdQ
DJz_u5rjsQ4
VOECfx45EU4
