sb_FI7nt4yk
f5YvatzVWxA
hKBZjH7Ot2g
7d1smRd-8aI
RGD6KQ6bRS8
CH-EP_YHZOs
myydDX-us4o
CJDpF4xUieY
oeraUtRgsbI
6oM3N6PRFz8
mvwBgAqrheo
WS9Nckd2kq0
OE6wssMJoag
okBOUrE8mC4
NzmoPqte4V4
bDxFvr1gpSU
AXBI5GxndkM
LGt4PE7-ATI
RmU2zUIkfio
8dqdDEyzkFA
w45t3itM5NM
98V6PnwVXCc
0n95f-eqZdw
TffGdSsWKlA
yEUKougrRSk
WWKxzjKzN3A
MdHtK7CWpCQ
3Pzni2yfGUQ
SJldOOs4vB8
GlEUbETaoHk
2GwzlT2M59A
cw6_OP5An8s
AD3K8j12EIE
1lgsQ3PKz9M
Rjax4_ChBGI
BlPFE7R8psk
U2EYT5P4LvM
OHhoLhYW2cg
D3fnGG7cdjY
39hNjnhY7cY
2-0PR21vCfs
2jbMoGrFOuE
7SBt6mMNCHk
bSw-wcB6GZw
HhXg6568I3E
4Gk6mxKXKTk
vcYBiwvauA4
d4Sn6ny_5LI
vI9BllT7ovg
PngA5YLFuvU
mrRfpiAwad0
9rDhY1P3YLA
aom4RMOHezc
lXZ6y3lMymM
2z0ofe2lpz4
MViBvQXQ3mM
T5zIlWSMlU8
FZZD4FCvO9c
Rw3ewEXOKC8
AAO4oq2M_48
CGTn0ceOaOM
mCI-f71MAvY
TKRgedMUsiE
Ewf_gBWBH2A
N2_MtrTn1hE
-vhYoS3751g
jgNwywYcH4w
rRssY6FrTvU
kYWw6GBRjVk
P1lgTATSVYA
XiN9Hx3Y6TA
mEIePvxdbkQ
FWFoyFjeAaM
PYQAI6Td2wo
fRmZck1Dakc
jm8IBBKNeA4
WzRonX_bs34
giF8XoPTMFg
Ei1YBf6qQAw
DmzWsvb-Un4
tczjZOLVjJM
Xr8lrBAfHcA
_7TvMA_w8xw
waXHrc2m9K8
LQEyK4POowk
RsOpnFbufcY
Z6HS1bSZzHk
UzYeqAJ2bA8
DzzFSyzv1p0
v9E7Wg0dHiU
TvwYV0viIQE
H6ii7NFdDeg
-cdxxrbKdho
iDqIAt3Tkh0
CMank9YmtTM
8yu8rtXThy8
tdhVXKf_WSs
zkzED9HvMG0
suRd3UzdBeo
IVVVjBSk9N0
prswDGGmYaE
YJyRBPz4CoM
05NqKJ0v7EE
F2f98pNj99k
5Uw1iSwvHH8
pQyzdwHBbqo
FaHHWdsIYQg
cuQMBj1cWPo
Loav1kbA640
PulyGf6trOk
nMK94JlKRb4
Zok0TPU0L4M
N0Ld2iTMaMs
2PjEfySuomg
wsRBkYHwxzE
YzfdL58virc
dtFZrFKMiPI
x6GYD5WPda4
KuM67WfTXBQ
HT1_BHA3ecY
v1dJG2KqceU
IZPKohYNri4
9KqNk5keyCc
_qjNH1rDLm0
NS2eqVsnJKo
yt015gM-ync
vwor9Fva1V4
p3SKx5C04qg
nvLJq4GnCg4
PXJtFc8DjsE
FYMjXD3G__Y
UNgdIkuVC6g
7vunJlqLZok
Nc8kZABv-KE
DCcmFXXAHf4
hY9Bc3mtphs
HhqhFbwiaig
RDLdGsDX41s
u9TX_QUfHco
nH39Sx5LX6Y
-OvRVlqKebI
BQx0NZgLgtU
KRFMM4duLHg
SrWJ1Mgn_hc
vVsIHCTGjsE
wVVGv2bmxow
kOLSDsjeSIE
aPVmd7SyKfQ
8onB7rPG4Pk
QafdL3X873o
fxzw5vychsg
3rCtOROuPNw
6KHSPiYlZ-U
VyQVlBQCX_Y
Cr6VqTRO1v0
DSNvm29kIAo
ARy91XqIWpk
9bbS-trc8ys
PhCM3qoRZHE
09OMoGqHexQ
S47RIVkr978
-mu3TYZ_udM
OU9EmbDeG4Q
5ORIRJCPbmk
EMjPqgLX14A
hVv68aHYSs4
e_BOJS1BLj8
7XchCsYtYMQ
EqWm8A-dRYg
DiAtV7SneRE
H1AllrJ-_30
SHTOI0KtZnU
tK3wuQN9MHE
X9QqQ2EmD9o
1kugO8xMQmw
G5Mx7yYdEhE
bqsfkGbBU6k
u-BIsnN-xxM
j_pJmXJwMLA
Vmty_FfY3j0
R1EH5GvydEE
cjbHqvr4ffo
tm5kQmjfZN8
B37UbzPlSzw
GWOdAAFoSFE
w_3mmm0P0j8
U9elzaxqpsg
pN7ETkOizGM
8tG2EHEQl9A
aCEvtRtNO-M
qvF3yaVgcnw
-YpalutQCKw
5R2vErZn0yw
i_McNBDP9Qs
4eIBisqx9_g
ATaMq62fXno
yz6dNf7X7SA
33P2V_8J2zE
VKoLGnq15RM
qirjknNY1zo
dP0-8D2fSb8
Q5r1vWLh3Qo
-_Qs0XdPpw8
ZcqgwRmz7c4
W-delImOfg0
5Tr13l0O1Ws
BA2rHlbB5i0
WTnxE0wjZaM
HAC6sqq7_-U
gSQXq2_j-mw
5YxzWnbqaJI
1cHx1baKqq0
URWXG5jRB-A
JuLCL3wCEAk
nxWfZP6eslM
T4t73CXB7CU
XtHwjrm4sMg
iyuZ_bCQeIE
6tQhoUuQrOw
LhtnECml-KI
rGWBo0JGf50
79pmNdyxEGo
9zhrxE5PQgY
qJ1rdVEcl5g
HyuBTMaKFmU
JNlEIEwe-Cg
ttE0F7fghfk
QHOazyP-YlM
PrkiRVcrxOs
BwmddtPFWtA
XTNl5WxklgE
jPmV3j1dAv4
FTr3n7uBIuE
ov_RkIJptwE
9991JlKnFmk
s0Q3CojqRfM
D8alok2P468
UIFMLK2nj_w
g8D5YL6cOSE
xRJCOz3AfYY
kFWKdLOxykE
LZEHOlZY2To
f6Bf3gl4hWY
oqifKYx3gc4
nhqo0u1a6fw
T_afaArR0E8
-7scQpJT7uo
xLHCMMGuN0Q
fLWnCjOvcwg
EaY5QiZwSP4
Bgwujw-yom8
r5XKzjTFCZQ
BMT7FMwOIKc
tChcZpBbTTA
MgdAe-T8obE
nbJ-2G2GXL0
gmvRStL_Dag
0VPQHbMvGzg
-E2N1kQc8MM
iz-TZOEKXzA
3-UDwk1U77s
PDbXPBwOavc
YKtbO6iW9-Y
AIeWLTUYLZQ
fBVEXKp4DIc
q555kfIFUCM
t5qgjJIBy9g
XdM6ER7zTLk
ElmBrKyMXxs
nRBnh4qbPHI
ZGU5kIG7b2I
ogrJaOIuBx4
pg9apmwf7og
5KB5KAak6tM
4DMm5Lhey1U
YoBEGQD3LCc
Oex0eWoU7AQ
hhJIztWR_vo
axRHotkkTVI
ftMq5ps503w
APmF6qE3Vjc
cAICT4Al5Ow
K796Ae4gLlY
koiTTim4M-s
18adykNGhHU
N4gDikiec8E
pY9EwZ02sXU
si8zZHkufRY
4urPuRoT1sE
mcKeMTNl9hQ
p69khggr1Jo
uwwWVAgJBcM
vOppzHpvTiQ
OnWIYI6-4Ss
A5eihauRQvo
XI-I9i_GzIw
b3kA3Yn5VWY
h2qVYpK6TPE
yQsOFWqpjkE
0a-52ntK3T8
24z0c6HLw9A
0xVqLJe9_CY
2cQK_brSVvo
Fwu7GozZukU
u9FPqkuoEJ8
qVwm-9P609I
mGYU5t8MO7s
SJDEOWLHYVo
vcZub77WvFA
9MvbNPQiEE8
A0Ac_dKNmH0
bHSDYa95mMo
dSofAXnnFrY
sEpRzyPRH0s
MrBzgvUNr4w
Hqf__FlRlzg
SSu00IRRraY
9gBC9R-msAk
o_OZdbCzHUA
KvoZU-ItDiE
T5pRlIbr6gg
MDP9FfsNx60
3vxk91K1PiI
ZE7qWXX05T0
3bownM3L5zM
QfNvhPx5Px8
bNsrHRJQdKo
cdLUzrjnlr4
2FmcHiLCwTU
iLNHVwSu9EA
hBedCdzCoWM
GWn7vD2Ud3M
yE0dcDNRZjw
89FHXM2q36s
deyOX6Mt_As
FIjy3lV_KJU
c6R3EjMQ7H0
x24VEUEph0Q
AKwfVAKaigI
5_SAroSvC0E
9Mxw_ilpvwA
eKmIVU8EUbw
HBAUeJkFMH0
S_f2qV2_U00
2FOXR16mLow
G5Fz-L8w9e8
AJVP96tAWxw
h3l4qz76JhQ
2QhVarCzscs
8oKAK69kxQg
gmD_RnOspS4
vCBCyO7SE5I
hm4Eym4N0_Q
Iqd-xY93QXM
OdN10MnU5gs
uypCBHLacBc
utmnexPw1bY
dDqye8F4R6s
TkWHsmOthzw
nVFDZsxOMRg
