EoqBp2nW5rg
rflupY5Aa-Q
-cD66O01E4E
1ddvKDLeZQo
nILOHp79njQ
XjXLJMUrNBo
yqCc2iavDNE
hsEB65Q4kHI
VwGyqJMPmvE
hUFOuoD3aHw
KYr6Yjol3xM
5S23sqSnBAw
xG3-_tgDE0k
0UZb07imNLU
EsNjHaKwN5E
2var6ewNEuc
R30ratQanWw
GV5_VUT0cUQ
u5uTAt_A8BY
DGpwkWhnWAI
w3Nu1pSg1So
kYjN0BODpGw
PF22LM8AbII
zNWPzFczmLY
mgL_qH70KAU
mf_143gkKSQ
qgamfo86FQo
6LfFc27r6UY
tWWyAklkYqM
pCrntRaolIA
cPEwkMHRjZU
IsEDigUHsOQ
OEZ0XqM5LAg
gs3mtZPySeM
xMNbDLHdZnY
Q8ccXzM3x8A
C0fGk1d4oIc
c-0-zH4Ip7w
KlBG_A4Djp4
6qGbkFhxYhs
yzPPnP9FQeI
uc9P5yb3Xtc
DHLdy_truEA
kOnoYQchHFw
4lFZjFYpL60
-cXZthWX_a8
glHr9yrV2AI
fW0W4a5uziM
fch483sIoMA
xYmv83KghGg
LwcrRjCRraA
-_Gv9C56heM
hIgZG7A1fqc
nbEOGtf4hv8
kWSYuskD-zM
gcsaK3QYsdo
jcJC0a1n1B0
O7mEBpJVJbA
I55e6chHUs0
rOdRbUQzajo
aJ6KRrEda-Y
aJM5Bkdzspk
nJsFsjSWYx0
46h44d3yrZQ
vGH6-BcKCME
GyLeBMdI_HU
OSQRTTuHLP8
XQHw7qQrpf0
CH880_VrxxU
9Qk4owQ6NHM
zY-PBkxAE0Y
et44NAT5l4U
02uOm5Kl5ls
KHeNLFGlWLA
_ezhdhHNku0
6oPNjQDOqkU
Jf6cdU4a930
Tza4NIgrHJg
DsBACIstuTI
IAZkpyFEbLg
RznZ_e6aDHc
u8xx-cfzAeA
7VxcTXud-Tg
w3TDO1AA1Sw
rXN9n1eLZes
TapxuW7k_Us
gRF9hM_eFPU
YbzblfdgwXY
vSgPRj207uE
_DjHR4PWYOs
vbajL8kvue0
bHqkl51KzmM
1l9gqTzAbXI
0jRppd6c5J8
XEfKq-pQBcc
P0TNJrTlbBQ
QSIuTxnBuJk
wLlA1w4OZWQ
UXo6WvHRs_I
mEN7DTdHbAU
aKR0ADUhjNE
dgoA_jmGIcA
bHVkR3s9KX0
q702wxf_OPw
IJYDcXZMe9c
IRcmqZkGOK4
0Uqf71muwWc
Ehw8PTA4QkE
E2hHbgAAnjc
RXTGInIbD_Q
Cxqjyl74iu4
m7C9TjdziPE
8DGgvE6hLAU
03vIkZR2hNY
DoypFpi5d4Y
uNTativ_vDU
0OOmSyaoAt0
nacPIOb68Ws
Nt4jzVUEJjo
JZ1Hgzi2ElQ
f3FGMJ6TNF0
sS9KUlrytac
znOcCSgPLTk
XRdh8gmVR90
CiHN0ZWE5bk
X8Dhp83DiDk
mxpVbU5FH0s
9VFGuupXwng
ASUUN0W4_JY
1loJTy6bOu8
OvN-prp1N78
yTeBUpR17Rw
kGsbBw1I0Rg
CXnTZw_2fAI
aTBvPxQIFts
iTKv5LUfITc
-0SKDXwHKkA
ZacggH9wB7Y
fk8JlXWtBNc
VZiWKmhuaZE
2uWps9LczH8
ZmAcRx9dvhQ
Xzn2ecB4Hzs
Nu3Y_jyeTyY
OXDbc7QfTXU
UmxpUFxHlGg
hri1IsxKw3E
k1oh3lXR5PE
UV0wtX9AXq4
basLNz6frO8
GUBdltrsPZs
XE5PNbsUERE
NSlu8d9vooA
vjnFDoXSMBs
YoQcg39Krvk
Wk5mdMSvjvY
FgOvuutEXZk
xoUNyGUCzqs
0mgXNgD3JFU
KETtEHX3pwo
lVefgfmFg9o
sVYUqMRolaA
LXUdRGw8UP4
5r6vyZ2bykg
MADzbn_EDdo
ASZWediSfTU
cezltcn9Mv0
jdRf3hXt4XA
M0PY-vgLHCQ
ThP51oPttS0
quoySiCVFfw
zTNQOShuvoQ
tax2rXsJ4IY
m7ri4sqFzII
ETt_l0MiXAo
LwZel_emm3Y
0gEz2eE048M
1tBQ7HbFJm0
GOgsn5NECWw
AlmVKJelaAk
dt8nAusGr0g
HppSNAPYvN8
qJ0m13iJw0k
Ibtz92evxnk
HKvc5yDhy_4
3IF0hQnxFDI
-D-OBZaInt4
v_M_iItYidQ
qNBTygWcy0s
WepOorvo2I4
6_bWFHGaPWg
2PdiUoKa9Nw
RjGlBn-0TSc
s_NN8pZxTP8
yYZhNBYYmLk
YO3eDYzFp8Y
OW5wB8rJ8Zc
v0QQtxwta38
JIGI-eXK0tg
pw6JIB3pM2o
_zSgrN_jRaA
O4eXU8VHM2g
izy4a5erom8
8XpyKV8449I
5EEh9JKzPxM
VxZfHQrEc7c
zPgtPF0kduA
A8RfvwwdPZQ
doTHPDMhWGM
UBmBMmuUBMk
jlJNsRZ4WxI
CVnJRfCSSEQ
ZrIh8fZ1pDI
hqPtMqw6CSo
Omr0JNyDBI0
fg1B4ZLTzPo
D-Q0wEIG3E0
wYSUchAnQfo
rtHSXCayfHY
7NCs7YiFRBU
_hcp5NT0AyI
ji-i6XCkgC0
t9HprfJ3gYE
mHwHM5KjSVE
mkiCPMjpysc
Oba_RxdESSs
AcRCgyComEw
ScAeYKWf3qU
R6_dZhE-4bk
G6ZBkpWqrzg
W7VcLCwnpt4
_NMqPT6oKJ8
V6ZPpC_lyYw
M8K5w6qHoa4
cbzx_QautiA
drnq_6ffTbo
OnnnJlXvwN8
KsepwggEjms
zwdo-2gOTyM
_Y8HgmOoLCM
ATVbnilxIrs
1YR05T347U0
55M1cq62m2c
bJv55ebJbhs
md1CKUQp04Q
3bbJeMBHq0g
sWDi-Xk3rgw
Dv22e62S4-0
yLTrD9LYQTs
33xy_jpJCwY
eA3SDiyMiWU
1_0cw6OrBeY
GX8NMY7Qtxk
LwE99t-kg7E
77yXhAibQp4
yn5pHqENfJA
A25LHlMK_v8
wIgd9C7NgcA
4Xx9omV7k3U
qI5q6OqSo4s
FAdxd2Iv-UA
d2HiLFflKYs
f-maIyowcmo
1Az0L_HiGvA
g5NBgU0qeqs
6x52290in9w
wRzF8LxUtXI
75p6_pQ3jBo
OzR4eXIz_uA
nhhdkYFmd7A
5BPC9fWqkDw
K4sOfGKEaxs
_XgcPso9VHg
Mgyp94TZdqQ
8Nt1or4tHD4
c1d4SrbhjlU
KM2TkM0hzW8
V--pS7Is4P8
dTg_WNsrOj4
VjZyOTES6iQ
fytJ0ZsbIoQ
RDr6bSB6Vlg
gzvPH6A5CmQ
KRRnMS1sm6Y
gGvyeuDT2Do
Ms6Y-Vhkekw
av8aDFFtSs0
sy5NY-Dqdys
QUaObDCHVIA
8U4O8XB14tg
rZU8Y9DIBtI
F44MeeHKBb0
47oJYhwJsJE
PNpa6z2YXXE
KUvHzFm29cg
D1yb1adU2vI
lPwzY_PwlNA
SRGf0Mq2Zwg
tvsC7pktQwE
iyxy1sZfDTA
fmpV36u9wJU
vr0HiIed-8Q
cmBljeC79Ls
QqIkKxhjW4U
Rd7nLOEsqj8
dTReFclu_PU
pXYlOC6u9w8
n9MhSc2YyKw
S7E-EIjA2EM
cqI261zNsCc
CrxqTtiWxs4
V_ImRvMIiuU
_gaCAFcW6OY
u1Lz8pm2npQ
2gEkcL9o6BY
Nod54HFkH0o
AhrnIHZwqCE
c3p3VMNpWGw
vKS3-npxgls
XJY24_n7nb8
yE2QFJIBrko
9T8Jk9w9Msw
VB55RwvoPi4
eFS5Maa3bGY
VvcdO3hY5RU
Tz2D1aahd5A
nxaI3wHVA4Q
lav6R7PpmgI
JHhoHmiiXdc
TSxWstqs0Po
WlSLIW0gZtk
DwJbHrdj3EU
PLey7TTGXTw
0EP5cNoNuXo
EIstpPXKWng
f83AwpY9zhc
w_DenvIA9gQ
