j2_dJY_mIys
JT0wx27J9xs
FY_NtO7SIrY
V-1RhQ1uuQ4
1PGm8LslEb4
MUiYglgGbos
qOTYgcdNrXE
PZtsX0gLrxo
OdW7vhYYSdM
y7Hyc3MRKno
AnaASTBn_K4
T-xMCFOwllE
ds0cmAV-Yek
IAR4yTYslkk
BPwdlEgLn5Q
jweQNDCe218
-53kaP6dZeI
UXq1VFWTQE0
MgqIWDPMALk
OdPoVi_h0r0
aQaCY7wlQEc
iVKdU_OmsaU
-GlJFVTzEsI
EVbdbVhzcM4
g38kRk6YAA0
kRlwI2iV7x8
fvu5FxKuqdQ
s-HAsxt9pV4
OK2y4Z5IkZ0
ImoQqNyRL8Y
9reizHjwuNY
ZmO_J-_N_8Q
DQ8JqQuKW_o
rfKQXaT2ACY
aO7yzmc3ykw
UPbelB6Q1Ao
9hPIobthvHg
JPX1OLGU5-s
8MtbfrCGRm8
G6N5DZLDja8
96LawfHPh6s
7pOXunRYJIw
U3EEmVfbKNs
lepQoU4oek4
yoMEbDcFK7U
Oai7HUqncAA
dNVtMmLlnoE
qc7MfcKF1-s
k5MORochIDw
F3FkAUbetWU
L5cAnxNVWkw
cK2YzUONFVw
9S9InQQWuVA
xflY5uS-nnw
24q80ReMyq0
zHecdSDz4uU
TRESqj6onwA
_fTC_Ud_k3U
5adC3nc0MHI
KJDEsAy9RyM
79rYbkTi4fs
5CtnrK3qx_Y
kUfF2MTnqAw
_TNSUIsjdpY
g224A2cMORI
BTqu9iMiPIU
IANBoybVApQ
unIIn_1JOAE
GpWQHFzrEqc
1OQ5a_BtEso
05oOst9kZXQ
VvVigAr4hZc
MRA-Hr-sghg
Jsc-pQIMxt8
eXR1olg_I0w
0i5rycLJ3D8
Qa2sc6-u59I
_FlV6pgwlrk
uY1jYYhpGJM
hol33ga9G_E
K9_b9X2EA3E
PbabP9ttrZc
aDorTBEhEtk
O7zewtuUM_0
KSzuiqVjJg4
0K8zs-KSitc
MFzDaBzBlL0
4aS45u_K_T8
qFjw6Lc6J2g
Q8Yp9SjCU5E
rXrcm7DgDbA
L6A1Lt0kvMA
ADD7QlQoFFI
NwR6xKkHOyM
HIr1W601U7w
e0AJbu3QLiw
E-mBzo35uW0
D0B7F5UbTOQ
kxLoycj4pJY
LXrxCT0NpHo
PYNsp4N8eYg
7WJCnC5ebf4
yx_Wrbl_5ks
Wq48opvHsNI
I8yJkIuvPvM
twyoQ8LWatU
NYCd5BEREf8
az1PTIehYKI
y8mzDvpKzfY
IsCdywftyok
7CUojMQgDpM
qd4CVvItJlo
V1Q1FFTga8k
QJ9lNRAjTQM
Wp9NUrNssv8
mWVD9eWJ6Yw
LE2v3sUzTH4
zsjyWg-Lhek
oRqOohdLrJE
O-JVepPdZbY
2Dtu16Nct6c
WhFyEzOnLWw
YyIjwH-b5nw
1OfL1jke76E
JN0VtHez9xI
cp5gdUHFGIQ
QhyyPPPgL_w
W5K6YymPe_M
kOLpSPEA72U
kbFMkXTMucA
-ZZzcw9ifDQ
oxrLYv0QXa4
tQL6nYzQR2E
krYYw0PLcak
eRvgGU8p8wE
LxzyAadoyzY
xe-f4gokRBs
VJcno_XL4RU
-NLBtZKx2cA
qnyIr28UKdA
jY0wL7uLiE8
SMbtqR0dsH4
v7x4LPhYlbc
GpKcjLzBiGI
RrWnZ7VySac
awtMPTl7Cks
Q-1DoJMehQM
o2PMANmrF04
r9_tbHEEWYo
nNwC2da8fhA
dsRsap2_RAc
ibwTDmxsXuI
S0uGsAksBaY
9vhMY1u57fk
kfLH5_RWZH4
w-s3NTuw-To
Wic2Ychvpdg
Aan-kc-9E3A
4jKokxPRtck
DLoI_9Tcl9o
VTVigNA3KCY
yvAij2J8U4c
7AR4yntqLsQ
RtWbpyjJqrU
mYlW5OTIWm0
1v4TEX2erog
bKpQquYRw5E
QH091zFHdQ0
riwc3UgPaHw
o63Tz0UPwjQ
zz5lGkDdk78
Q5QTEYwVVaw
_pbdwueqGp4
k7u8m0Qpn38
9YtyOQzarAU
eTjGTxSevHE
d2mITQ53kr8
MaB4k1SgfUg
WdEWzqsfeHM
ns-lKaXx-BU
fGHxyBTycLY
CXsiLoQL6NE
kA6axtIEzs0
6x_YXj0vWVM
QEFhEPDtizc
J2eN6CKkg9w
R7yzKJHSrRE
aTRVfKqG59M
pHXkX05EC5U
lW4Uq_2VPhE
vD1EvxL4aiA
C2jt-MSmzgw
pVEo_mckBIc
zJX_Oh4yVnc
nFFljO1fzJw
wplX6t4S7p4
1VA8v1btKdQ
NY43w15joPE
yuAxlbbZL4s
li5KyRlCzHY
p7SWgstujAg
M-cfAcnnqUQ
WiFbpJjCiig
3S3onMg2B-c
QLuUZ-8EHdw
ZauGjgZ0rBQ
-XNDM4eAn1U
jfeFDNGkj2Y
_6CDehwoBX4
hToKUbjiKbM
BdsHq_v8EY8
_eUlpPY96Ok
s3rSegBzJWU
MfoZQ3qBoHw
ClFQQ0uzst4
9T394GAQtqM
qTrL3eypfEU
UsE-X4Eqtx0
t0DFevwfcPE
kNGR5OvhM1c
xGzVjJrcM20
g3MrlZIHf0o
8fxbUQhx0Hk
_9pPGIF-bqQ
cJipa07DoHs
8s1hCM3IiFU
PR0gwyZYZ_Q
4kIKynSUbJw
D9Z9zBmL-VM
V_2YJr02-f0
c_RVjyFpqrI
WwhCygmhbCg
4OvywNsWWd4
goE5VmuNK7g
yLXyg-7gIPE
t5DNRdBDtX4
2vKhZfM8nbg
p7EiT9tKiig
nMJaXNKtrIA
oGDvnKLtXvU
6cXz5vVW8GE
IbkAXOmEHpY
7PRZ5IIT5Tg
A-19SxqZ8Qs
5R1vFFCqoms
5C47i2fcpKM
JvPhBJpCeGg
UytSNlHw8J8
hnk07j1J5jk
x0sATDVCTME
mjpYHpVWNkc
Hv8Ee3YlgMU
X-sLxs6ovD0
vQvqESdCk7U
p0RaRpKTxV0
BeXGheqJdyM
r69wUEyeCvw
ApWAs9P0Sh8
X7bPX27hVZs
LSRwbKp4qb4
wCu54XofcOs
9Cy3jiiDgoM
TTnxH3qfmKk
wcbwRjRFnT8
Vk7StnSNEJI
UzDtlShztpE
TCZ8MSg9FrI
0w8Va2joeFc
NOWENgLm4KY
6RbtnBh_0A8
5qlpKzfFHLU
-FV4gBbS63A
ycNgqRXM-fc
a3P1qIqGtRw
uP5AoggWe9w
hAAc7aqFZSo
8NXclg93-V8
_dPlkFPowCc
tVjhndPJO-o
qAYwMp7E6wQ
el5wpM2Q-Hs
rOpU4iuzj4A
RyfagdQMnDY
E3PfuKshnCc
BNHC_bOC30k
8vruck9OrrU
8CjeXP7BzW4
CENMsbWJJjA
kI2pDzEKdzg
ipQkk7RxApg
Hf273uCVHvE
4tbYPidp3do
Oz4YBJ64kgA
PTFOc5Ltd5A
8rr_Ymg4XiY
LwKcOCYr3D8
CopEMZJBHtg
lQKKE755l1I
r3FdzKEcejM
26Accs9CHhM
gnTpHQ5UJwo
bvaDOKdImMA
