53y5G193Tgk
xPfvb82ZLy4
dkSI5cdoMio
qGsqacqpMdE
aFctIlOIAUQ
AKN-bw9ly_k
ht4iULus6Vg
vDF1BYWhqL8
zPU1SRHuAW8
Hg_uyWezMM0
QX2Ac4LAg50
BWlJFy3Waro
Ku_nFNYc4Jw
FvK-9aZ7cFo
QJqfCME8BTk
XWHNZEQdFlA
QuW7L-vZKjU
omR7R4wvK8g
VlOgWtUcVCs
fFFfD7-11YE
OFVMM8gMa7c
E2ngGRR2Trg
WOQdO5vUfmo
hY-W7ni2KcA
p561LIeGKjY
jJ7JbQBTChM
RN8qpSs8ozY
o_i5F1zGPLs
E-_ecpD5PkE
XXtpJxZBa2c
yorNTtNiuLI
S-CbhOsGKdw
Opf9CBwP5R8
bX2HP280eXg
hUBtWUHYpbk
nUk_P3G29tk
SshzlYIuw2E
3wWZBGN-iX8
iWea12EAu6U
IbBZc2amI9Y
3d_fULqmszc
IIzLxKzFU9Y
V7CY68zH6ps
8LEuyYXGQjU
gOV8-bC1_KU
SEERWBLRY3c
7hWWyuesmhs
4mqqtDd1u34
XR8YSRcuVLE
6Z4A3RSf-HY
9oTHFx0Gg3Q
IFLstgCNOA4
G5FNYxbW_Qw
733m6qBH-jI
NP2XqpgTJyo
gCJCgQW_LKc
PKaOcV-4JVg
dRIhrn8cc9w
E3f2Camj0Is
buptHUzDKcE
j080VBVGkfQ
FgzM3zpZ55o
M8dsZsEtEsg
i19m4GzBhfc
4uG1NMKNWCU
5vcj8kSwBCY
S-CspeZ8FHc
EAJoRA0KX7I
yIdF-17HwSk
fyqm8fRDgl0
QEw0qEa0E50
IM9ANAbufYM
ANszao6YQuM
JUJNGv_sb4Y
AwQHqWyHRpU
PySo_6S4ZAg
7GEq-QLAGbE
3sUozPcH4fY
jys3JXh5hPU
jrxCfAjkT_U
nC9_RfjYwqA
yLYHDSv-288
8CWyBNX6eDo
kEMJRjEdNzM
8rXD5-xhemo
nlsgR-zf_OQ
scqQnEQOl3E
eNRtRj4p5Vg
f2q8Fo0AT2w
HzEsRa967hE
4cgvIh9DUrg
QO7Wa2d6GK4
9sW9cWWiDhw
FvcTMEWjp6w
JkHyC7VZy0A
VJLwRVw_-aQ
JSk1PSglL8s
g563BDQaogA
dSggUbl05GM
FfwIkBZIFBk
1RPyrz2hPvY
oMNwJqoG74I
WMDa3eRsHic
l1wMFd2dHCE
MGNbdrcKzGA
qsNjQbNvDZs
oBt0sZic3dk
olA1HhgwoIA
_LAuDTNW5dw
_cR9zDlvP88
jbJ3cevh5u4
E5IlNYbXzLI
pf4LY7Oiqu4
Qgm9KdQf4P8
235jcE4a_bI
Ss3P7tXH-gc
TsenczivhLQ
C_throYeOTQ
s_zbROcui6U
mtBB3vY8ZQo
s_cQOddlroA
lBq-WjXmTDo
r2kKHelhdBA
9cjkDatLgVU
gkchL1AiZ_8
AONi3eD3M58
J7YkphWqBbM
nkn_LThDmns
sQut4gIeq5A
1A5nVdup1-4
j84kZLX3w9A
HalVaS-CvMU
_llAAIQHzuA
gamRnnk5lXs
2btBAqgC9ns
x6Ppkw5U_w4
-f0VF8m8SSc
xOKNpp0rxBc
NaqJO7rrXy0
bfPV4x-HrUI
EwD4jyyvi3o
Smjxw7Cf2Wk
v331oULMCYI
oW3Kw_8u2fE
PLgYX9iSaxQ
fZICmeqH5Ns
xg06ehDn5ZA
5Yq2j-0mUGY
i7KsPfdClqA
aBX2P6tUzlw
nj6IMchuSZY
GEtBx9GHf1E
jXOTaFKq-Jo
LypqOmZXKqo
w0ZmrJN6xf0
p792bWipnz8
NVl_E96W-FA
R6z-9QF_Lfc
j35R_X5hLhQ
wXI7PYzjMjo
LdjPCMo8I2s
y7GeD4ZYPOI
XJxMltILMp4
aW1CHnERlgQ
m5VII9RAwh0
bhHtbCLDif8
ScY9Z5tZZKU
YL8ov4R7Wu4
sgruTaH_w1s
qyRk4213iQk
GiZKuyLKvAA
mDCU_C12AtI
wJqf17bZQsY
Y1Tusw2CWKQ
lQcuJ4GK3Q0
Fa0hIC1HCh4
qb3P1FlPLvU
lHigRSvzzXQ
FaDHJCfXSPY
NIO4w5lmhdU
DkbXhhipcis
Pr_567PVSao
CD3T--C1wn4
9e3TGcAFHx0
iHirjErBrU0
vp--eMUexPs
vJNBd_HEr5U
inUJMR_2f7k
j7X8XIfCCYU
iqhrAA09EFI
BjdAUfsOX1U
3OfybLg-tbo
IaMAnjBohhQ
oWoWriobqXE
_cjIXhI4Xd0
CW3PNpRNV3o
cIIVa4gSnV0
XL07WEc2TRI
11UKXaELg8M
RyTBIF-yzko
XeXRPslin9E
VdX-zHByfxc
_2Wiql4QSLQ
nj5t1Q_ANlw
RwWEw-ppnWQ
4O6wjkW1U3Y
fa1gfFCz_AA
Tev3tVzH91s
wtP2Y8S2XBE
QwE3x-mAMas
JBsiKB5dsd0
PkWuENiTCtA
u8Xnv_klqsQ
2Zlcgt8FVz4
O9qqSZAny3I
7Gr9mOcP3o4
qJpWJc_Grrc
Op7i2mkbghU
OyRVmzBvzC0
zuBw1HFJMsM
9XmhoLINJt0
nplSFXcXGjE
mkzHIhKaUX4
BTsTb9-k5vI
-k6P87mLGpM
_BOhD_3ntlo
BxQw4CdxLr8
4nSn0JhZX18
RBgfLvAOrss
KmjklPj0ob0
s3yvxCQR7D4
iH8X6Bcs7w8
uXc7_TohfYY
Qwsi3qln1pE
_IgqJr8jG8M
3RK7HMOWr-Y
anEykhlBd-Q
q52iBIgyoSw
6meyYnrCQ5o
ndJeEQTkNBo
38C6ziXKcSg
zUCoxhExe0o
invkwHXNSNA
kZ34eKBPqRU
gwblOjdKwuE
IQZ_bQbxSXk
4VfGe6TDrmw
vw-i98-d2E0
cWfwi-9SY-0
FLENZ_si7N8
LxAcHpCuCtE
98Xis1W1mMk
Nwdu7QlFUnA
AkevYF2lqgs
Wua6dnjCDtM
cGiGZH6tGtU
V9agUAz0DwI
HGUHKtzOi8Q
qk5ghOwediQ
ZavCg_DcSiU
3gn_rrC3rMA
EZJ7PXk9xnM
-7qT_38iRSc
5ZXU84_sGXo
TsEeAi7WccU
CDkUDpsUI1E
Luza51nFG0E
hVHoJg83kxo
40GbwlJIJXY
8Qc8ipjzatY
y5QkM2Work0
alqHBCkSN8I
CTA7ax-4fnc
v8b_urti6iQ
1e8VZlPBx_0
id1WShzzMCQ
iVgMILETn8Q
KlekeNwOGHw
500pqB977ic
oafqV3Oi1ck
GrUZ7k8H60M
hemy827arDY
69SmrAb7jCI
_6pl5GG8RQ4
TKuVfeboO-g
NkQ51iyFgs0
BJM8-xU-JeY
S2Lrd5OycVs
tbEKENhOoLc
3ESoTBIDbpk
cOCcCaAxSNw
EbnQE3hxSWs
URiIsrdplbo
bdIJ9v5jU7g
s1Rd4UShDxQ
qZl0cNupZBU
09GRs0FXdWQ
q6ndgl_85gQ
HU4tf26i1Gk
qRt7mFuKwQY
fVSxl-fBFg8
cOCcCaAxSNw
RQuOxxd5RL8
6IFR3WYSBFM
YHC4ZXlBwK8
KrJgwKiEpaI
abtHadERzXU
1TGqGeyri8Q
oF5gr5eIZZA
zsBjAuexPq4
2_IpVq6vKR0
vHlbC74RJGU
f1hYg2tyVD0
ZoqgAy3h4OM
qFUqrtyggEA
J2txSFdQWIY
n63K3crV_hs
ZY9VDxMtleI
0Cwrd2mDRjA
cHpdvQjC2ys
cmlC_t4_LkA
AJX4W3MwKzU
nR74lBO5M3s
iPEsVB8G4xQ
2R9122IAYvo
ctFON0u_84o
OAyyuugZzac
RooPCI3h-MQ
3U72v8LJiJ0
-LeKimVEi-Q
ki6jVXZM2XU
0jl46ku9uSE
09QsVw3iuFg
Mfg8NX96-mE
qvSncWcbelU
zhmJjzPhFdI
Gdizjh1plww
snKif3pQAO0
Zw3r89oY70o
rRKM_Oesuvk
XAU7wzJCrZc
aP0Y1uAA-2Y
2LksDHe43rU
BlAqn2Zn6tE
sdlKtymc2ps
vkUNH9r6UCI
PWC_Y04wyfA
DjZB9HvddQk
ZK4jnuCWl0Y
WZ8LXzkhdxM
JMeEkaPw3m4
6IpBVC-p3iU
fCexhc5BhIU
XvtHPF1ng0s
qD1yJDVNkP0
s47Cy8OUNcM
yauIExD68U4
-F5ciLCjmE0
8PqXNfS01nk
lDxnDaAREi4
vdOGBI_0pcI
UE38VTaqDxI
SHag1AMWsgA
jNvZsOnPeDY
bEBtXIBCunU
lQHhpuYFw14
LwZ6aIsnN6A
EEkWv9X5RPc
bKnR9pKW3BM
qQTLXt7UP4o
rGoyZLegPEA
3tw4yZGmNg4
m6p5zmBuAhs
j6ONWsA4iGY
pnso4vTTErU
i2330v3Ulxw
tGr6-XSa0W4
t1Pqr76vaAQ
Ca0BHUNoTF0
IPTlTmH-YvQ
OWOfTq0_UJ8
ZbEDe7RSdPc
nuKzvGSJUPE
4cRfbj_ieCI
KP8TPeYQyN4
epTKxi8eNek
wkWNfyocwQ8
gao_oc3gXqc
t6up4jxRaM4
xEU6n0wqVlc
UjlmLYaYPow
q1MTmJz7yT0
SguGZPSCFX0
ueJYbg1M_4E
XhW4Q2n8BGc
xW2unM9y88s
EqfeEFj-t0s
S79-buNhdhI
dHveW3_gfXQ
OZy9N3Rc-M0
ylIymgAaMs8
PbZPat3ANJ8
RV4iVZ8C2VU
0ESVBW7yAyY
PGu3gyIWz20
nnPeioyf0TQ
uZO0xqCNV2o
4ZhNaL7nod8
cbMnnhwTApQ
1ZapvSjnsNk
UdpXQig2iCA
VvoZjED-aSQ
SKQwlDRv4tA
3dMYpGX-mAM
JsJMXRo0MnA
ivzpaiw26wQ
OLZGWSOQvao
6s7hDxVGfFk
FXWsmHoFs6Y
VIRCybGgHts
vlFdBizNC8E
1OHl2HbBNM8
JFa_k3bXsQI
6BKjJVkQlVg
0jcLTGBL6n0
6QGwIM3Q0-I
LMxiVHLe9ZY
vSuK2C89yjA
mW0Iv-19hbk
-Xqt1Zypdns
4f6-2UZRM2A
ts8C3m3Cyzo
nrRWi-MCv9o
f4Cvia-HZ-w
uqWOGPZFq3o
mlKCPCgq8mo
z7YUBoHKvS4
Kjha0glQwCk
gLAzTBpn4kQ
6Hs994RIRBw
AudkmXfa_N0
uPqzo29Q9Wc
R11aUfWnT5E
lnp5fjQHeB8
2Zg2ZtQdqTw
UxEXkIAG2Sg
544rhbcDtc8
ALuQzgDvr2g
hXurTRtmfWc
GwanaYF-Hec
jn0zpLuFNYs
60OmhRJ0CUA
F4B3zEQxB5A
f_Bb4NzTiXQ
iJUhL5S9CGk
YRJgQSM996o
maJtIP3HGtE
tB3oAg0wuYg
ukoaNPNjZsY
HfXPsDjK9Q4
gXfBpouwqUA
cWGQZ-nMzZA
yBS0tFfORdM
JVZrtaw_Vkg
ck1E5w6tZvc
UAq961jQjYg
dLRVdYr1k_Q
VklQ6NKlyPU
nJMYUxwURzo
e0Rc4nX1oYA
0pgCaXMI-ps
e2qs-vmyJ4E
hfFkS_vHslI
48iJx8FVuis
IJN13hhPLVs
HS-4BuCWWxY
wCl-bKaER-s
bOqqkICBUDA
L0wH4YEQFw4
9x1SBWr39lo
snxicC5cI9A
-1znzb3nYg0
d2UCnucvi20
tgSaDrYHi1g
grRi-aFrbSE
6sfK0X1Ys7A
S9eUQKCzXs8
eqMIlpu2ZBU
xTjBddOqrBg
qs-VWsQKwnQ
FHEmjVJjtuE
KqNfpL8ML_w
g7MYUgXi15E
-m8ERGCbWTU
o6VcivVkk10
FzwIP7g_8lo
TSN6LE06J54
rqH_xqA-z8U
_SE4oI5SzTo
B57yY8jcP2U
fqLLm-pRip4
mWehhbmtYXA
Ckk1zU9beus
EYYYEkxOTQo
tsYm72fzCo8
GTQpeDdCByU
wr3LoyA1e40
vUol6rNnjvc
8f5EMjY0Ik4
LBuqnx51Ffk
85v6cC5HD5w
HUVmypx9HGI
mSm4db_ARQM
8g4WwYQGdcI
FjWe-ZxmquA
EHC8X_EE0KE
r46x_ti__vs
itSjM_OzVtA
BDa2PeSmFuM
oNNIBUPTlMc
nYodVKwd9kA
uy5Cn_3F76k
TsMuu1hesL4
e9r-GybDz7A
hS090metmzs
cnVIqX9zW4E
2ekPLqB_qiE
tp4mz-GJA9E
F7xZLNMIY1E
ZU63upQQOlE
cG4CYVnSJJo
5XmXPFJcp_g
5m0DYSroKZ0
Ei2fiZ5tR7o
1yL1Gw8oXS4
Gtq0O4Mekjw
CV1Ej8qe9-o
e5u6pTTc4Pg
O4GvfLMG0gU
7XTlcCvgijI
hvx6I8y_EEY
cnRwufl6dDE
QWLOgf7hTiQ
5TS_JQ7h6xA
HYLvVdfNlKk
eEzPHBZKCdQ
wIS9zT5K4AM
UgmkgGmh74E
zduUPN3vnR4
f7uRsG5R0C4
TkH9I_vLrJk
LdKSLc1u3jI
ZX95L3U3mSY
-_0cE1uxBJw
qOwAkE0Sdbg
OXVEKjsvgIQ
lAUjs-EbpD0
tSuuN9WMK9M
JKtTHBJMDD4
hITcpYlpKhU
Fg6-bpC_Qn0
0kUU0mpmYeg
tSUbPPyq4V0
nilZGSLddIw
XGugbb4zxlY
cufib_yNxLI
Z6tmDdrBnpU
k1WX18K1zoE
8bYIQDlWj34
NxMtftRyX78
syWMOcTVtQY
SXRBol-1S2Q
3sjoNMekLlM
mPT_vJrlHlg
WJ2cMZJrftA
2sdlzbQhrRw
lvneBZ76E6k
wG-1WXqZpy0
6QsTfL-uXd8
hvIptUuUCdU
sY-qbvMpWz0
U499U4TcyY8
aA5lXNtTDV4
2hrkLFiRmag
O5vzLKg7y-k
-5ipNPUwMZQ
Vb81fH3gC74
XyTX-qJDozc
uNfjTgT0_RM
oEuXA0_9feM
5d-TtSu4JlY
KcGxaBt6G4s
n_-54F8K9wI
li7GiwIlr8g
S33Hqxgoj9Y
n2Gyz5Mbm5Q
Tscgbk7sG1g
C11BYtNRBa8
fg7axa7sVoE
45Oet5qjlms
EoDsq3eC_6o
CEXYXKe-0PE
_0Cv1G_s4gQ
PnGcMILNhRI
OoNOIMSMZ1I
msJp6s079sQ
MXlh7qPpfMY
tki6Ji7qRs4
3EVel7FYEZE
zEcJhDgyTow
3vvbEJmq3is
OOuxO4EGXuY
T1ypVVi2DlU
Tfi-P7Wh_j4
P9GLDezYVX4
dn74oHbhRuk
7TMdHEcw_eY
JrhRTRYDAUE
PZcRjEgZIwk
x6UJIJQT3Nk
ElUik6tdIp8
tU8quts2L5I
qPCKv6LIdlw
_25RuCxWlM0
QvtakD9YYB8
liAulgmiqb0
MUTrIvR6WRA
xr0Ympo8cv0
g-biFMOsJFo
f5yJ__ut4tE
WMPnXkDYYt4
ce7fGGYkJeA
shqKc70ub6Q
n-jgS_MylfA
k1st0Yph0uc
zwzYNura0Ps
JaSUUhFWKWw
RZ_Frx5sEoY
P4AaGQIo0HY
VL1We3LURNA
NfLUmeuOALM
k-0B8qYwWPg
PSIRLeXBJ00
fZPHiUHh2lk
WtvtOtiPzp8
SU8LaHLh6Ng
l1qUmBP-KXI
JW7C-sOdgLE
Iyc3gBJNa4M
QkWM2--3TQo
cpt4POa4-7A
fs4khT1KGqE
eAk25mfBgTA
WYiD8VhPHD0
jJT6YMZbHDk
lvuH9gromTA
RyJ6YRDTw20
rAHJCq9S8zM
3cO5ZEVM41k
FgwfxbcInqY
dz72uaZDWQI
6QMBG4Ga2d8
bQLvPhnEvyY
dqEDsh-Z7xI
4EETBz4theA
Hu2-ZpzqlrA
IBhu2kkZXGQ
S-hBSddgGY0
g4CMzOrocNw
WK9ld7mQE00
krrRePSXUwM
UCtXtBpSAZo
cEFEIiHrHCY
vB0FC1DZqUM
9vgkYqUQ-k4
NY6EHvnEpd4
VGQNTTV65U0
Cxwk9CvjbF0
a5HhZGq5Cvg
8RyAxWTV0L4
qjCApNPevVU
S6OefLQh-sQ
9XpLZFjp11I
WtrhukvHDgw
-1ysMZBfu4A
Rz9ySq1kWDw
31T6JI_qc3Y
EQnCavINUQc
5X7YEVGpxLo
zMTN5_M5g7w
-y-q0QeephM
b9hRJ2Q6_Is
N-DmvI17N3A
rGz0nagM-TA
u76OSWSHLKo
YaUPdgtUYko
oUVeoTHFflQ
x6v1VWoPQLo
0v1noyTn0gM
pRFxUoV9LNE
R9gRLnddOBg
U2W1y0a7PhU
df_7hydjaT0
zyWe3lcfaYw
KjbuyB4dQa0
LDHlaxewCmE
eHtYGJOU3C8
h25QHIE4d2s
GYGGBYmgdQ8
o22BAuQj3ds
lyqRhfN4Nhc
hatfAErfCmY
Xv-7xkMLaAw
SQE21efsf7Y
-HzQYeqS9Wc
sf_wrj4QYzo
LftaV1XLvrE
0TOK73ij7C0
9WQbcNYryKE
xpBHhFfoMIQ
mY9UP4b9nSc
sI7k2l2D4pI
TMTnWEQrMng
r_pPF5npnio
b3FZLzlSrlE
juUk6mPdnNc
Lg5rrgIfWWg
pTPgabUxuJ8
XKNOawsE8GM
rI14d__RDFM
hvm8aecFlq0
Mul4LOQI1oY
fVYdpgwvUcs
abdFXzbkVoU
laZTDJ9fJ4M
4yXtutfH030
rdD-k9PtvKI
vHDyyHg5Aro
SNSZ6O7iGqw
zIQUiOe8L4Y
ofHHbOc5vRE
wNzSLo20xCg
9v3uby0yzB4
zGPADe1quB4
C3NTCIyDJYs
1VkvaTX8q2Y
rvuJWonSRjA
mert0kmZvVM
_ToUVXQo_DE
WAMGwZ0pQys
dXCuGRwNH7I
z_leSH2bcNA
yrLCYnOr02E
E6S4yed60po
A3kEmsVuXF8
U8LttJ1rvWI
ObxmXC2NCMA
5gD4D3UaYsA
B0acu5nhG0w
PfwraRJYIFI
1m6LzCE8XSY
PNSSpuL04fw
JMU16brUDuo
zzEAEdWrAaA
D30jFPqP6KE
nnCdq2q10gc
rnm-y9_Gsqc
tgGvP_W1xz4
OJsMXu3EPCw
ab9_2VRI4-A
H7CKoZpNF3M
jbrMBOF61e0
YRnpzxtdntw
Yp9vAbvTo9I
V1EmAqGQSFA
JSOPnsFQGU8
cUXgJfy7W7k
VkbucteDmWQ
qfGUdCDWINY
mQrNOv77PLE
fBRSfnwWixY
bbqY1mTwrj8
NoWnTkm4nxs
_dYdPE2_WZM
D1jhVMx5lLo
fM5dFcGpVdo
njmzNudbR9o
UH7PKQ3sRIA
EoDsq3eC_6o
KZy5p-uxh34
DvPoAO6JenQ
klulT3xZZzk
gAXdDEQveKw
SaivqDVQkiE
-LaX99OnStA
IZHySVamTPk
7FOinEfoo8s
V4hM8mBCs1g
vESLi0KeP5g
nec1qvbYrag
6Wb-scELnkA
fNmY4Xv-HHw
TgN800d4U3w
UEfMcj1KN9M
Fk3EOnLxXwo
OnQBnvYdXgI
YntJoM9epzk
7CTJpKvdoZs
hre9m9qiYWU
Uj8pIOAQams
dgiHGCg58JQ
1T30sjYdPPE
vhzXNJumqpo
wGAnDQEQJ_s
xEVuJ_FxE6Q
IaQAaDXBejg
wEh3ZgbvBrE
CMs5Mmkz7kI
iAmU0V-xd30
Lt6qwbOeFt0
A734ATf_NdI
SfvouFIVCmQ
FCO1dHi9FiM
TD6sYuxeoj8
iAJoLulPSF4
wC4XA5EHxs8
h611LaAschk
x8ZLNxnYslM
yzUjFyQowT0
EPj-W_6ZSEs
jAhG-CdstP4
dNCqJP0URE8
vIHkGQxuBtc
7xbHtOO8mZs
tXtkXK6TQVA
us78vQJgcCo
7Wuq1T0Kg-Q
kHBZCSss3oM
vNTSzOubMak
W-1Tk8OeoYY
wki0BqlztCo
o3MLFCCjtk0
9wGTJQuaKIw
QUjx6keYBJE
qWXQQSXhuB8
pLV4DXZFLZg
MXuwRICnMW0
gD2d_duM97M
I6fnJf2cLAs
pFw6tPdRUaY
sZhqWKjbRCE
ugY6D5Ia1M8
em_Qk-YtXqo
mIcjmuuyPZM
_SX4Ps2_IC4
ptvRF8JjnuY
ln3d08pTCd4
uYJTAfw3TCg
KGA5-4dI_-c
VW3vgJYYIok
4J9Db04bOP8
Piasa1WgHjA
Oa28ggqm_9A
I8o65nBXCEo
TOSrbmXsn20
20HOu7pdvs0
zF5Bp_YsZ3M
RTp0t9LuLO4
W1qWfgrQJMg
FgFlp2X4oNM
sI6j-rstYVM
_tjG_L_Qc-A
xoHHtHw7LmY
x3Hl85OBuc0
hEc6Eyogb9Y
VktdVrpgm34
mTo7JAY7Esg
UPuEwr5GpT8
29-OEVA6gmE
pusH8vcT4OI
aW39pgCZ2Y8
f3qD39-Xdvo
okPwJqKzSKU
QbYOuTgAcKk
7Cre6OoUiH4
R_r-ynJqz7Y
FB444QXLplU
Il0nZlCsXsE
gaBdSvT1C3I
dYX-D3ZDO6A
cueH5cLUUM4
ysS9zHs59ys
bjRDaaGlER8
cCvf2DZzKX0
2qXvFrS22Cg
5aKZwKFFDYw
aMWzBsE54DU
MDVNdWSsAjA
G6A35SqgFxc
RrIhJTRKU78
d0VIlg3aUbY
-Ec8_Fqc76c
IOpP36Lctw0
rwSQqzW3Rak
I-JgtIiwX4M
OeBiMe0o8eI
EUTOh17iOWU
eJGPt1mW2Do
hSbk3fTsKFI
gXuOH9B6kTM
bvGssPnRBQk
bnxKeZn43iU
pzGhLH_NrH0
P0lQbWVEPi4
onox6Fg-mXs
NvU1dOuz0YQ
or8OHjkvn4k
dgqbaBQlQS4
3NFyr4OcPZI
zntXieb5p5Y
k3IMeYP9LBk
wOmPt3_fTdk
Cq0tEvOSJs4
WabdXYzCAOU
LgLNyMAi-0I
gLTopQGKzGc
NuzkIps_smQ
IjLJXDqp-SU
78lMHxMnKA4
VtsvUoSjwmE
VfbRhSrJ4qA
5reT3iPB_G0
uHvZ0wR_Ebo
ReP0lPsTrJc
YqQ86NDeGpo
7ecz7KPT9sc
vpawy8pEW1k
UygjaC_gmrE
vFMOmBoz9lE
34EuT2KH2Lw
YEgftMM0Vdk
ebKu0JwWArU
z5UUhLuAtI0
Dz-3FqucJlc
QE-a2L1N59Q
c6sX5MSdLag
rrBXknHGMfU
inQ8bATUoFM
DBwRdbwOuS0
4im29fkjd4k
up84y1OoG_M
i-1dlUS3rEo
-d-_rXpkSds
Or9pLfTgtXo
acpjQ1s2Nh8
6q-c3bHL8s8
xTQdR3Fnrd0
tz0FJfBFWWY
vmEGXu9seoE
c3qT-BPkpJY
ytPEDQYCuAI
8UTvjjpypHo
TNQUQDjD2ao
lnMJPwEfxOE
vpFk_FAxSU4
jv3VR1J5RbY
qGd3uJI4G1s
eWX1M51a1aU
PGCRzN2u72k
_DjNLO9Q1dA
aow0O6M2Ubg
LmQ_3nijMCs
6Td49PE3Saw
BqBUcKDklYM
XQ7QF-MgI9s
LmGqSiWD_mk
XDgLDsUU7og
e82wxRizgHM
aZ9bScgQuCc
gIzGzorA-oc
ZbFTVbLfbZA
6D2D-1MxQWM
wn3lBZO0ReM
w2rV0Mso4EA
ACAvGCWBmDo
gPbi4VLOXLM
txaGsawljjA
xHN8wCNVZQo
mTBfDxIxqUM
T74UFoUwF9M
ekEpAqP-PxE
1ylzPGD3jRY
rGueTKezPZE
RDWWP389paU
9TBL7tWEyYE
zhzmCWAnQGA
i9Ifb3EGl9Q
O4lWlD85qGw
iBsEHGZ7FZ4
OJ9HZHjHAvE
PS_-7sgHrK0
S3gCmZ2pwlo
j8ixwnEAE38
yAFnvs-CtOM
YdFcFPV8B80
Ezw6SrV-bbs
t4Jr32OQBEA
jCKl2OL9-aE
YLlBziuBYIk
QKsJ5jlNnLg
PC_lk32EBdw
4cFpq8aYJFo
ub6h10oKzjk
kZq4ukUxrBg
O_lVEaCsBfc
NDXuBe4lSyA
UT306YIh3FI
LM3sfeimcS8
KTJs-0EInW8
7dMfJcFe1hA
9Ac_EyU7b9I
PywBkQsK5Y8
mteo9XYRuBE
3oMbyHOKR2A
1JdSMlhjTDM
at7QPmrZ8Rc
NvS0PrDyvY0
U7zt_wMU6p8
5G1OrNLxoIY
fwZqkq-Ch-s
cJyB9CSvkDQ
JMOBVuba8z0
uxUSCK6PXQI
upPCH9HP2nA
VjRtZavrS70
nEYI_Krm2s4
PqUFmfdoqJg
uMUV08ac7Pg
bWO2JZmVajk
08frKEAtav4
NZn087xUwU4
d6I6wFf-X_c
yYdOHlMEaDA
7tDh96-D0ZI
45B6vemSUcY
j6Ro7TPzRoo
PLx0qurWxmQ
SyXdO-vksIc
zcJFCdVlYJI
BqKRcbxq7ck
oEBI_EzeoZk
axUgEAgrSB8
XtXQn6WKgPg
trEopWgqLqM
klv20_-_m38
cI6tt9QfRdo
IBov98-LIbI
Xn1EsFe7snQ
CDokMxVtB3k
HD0RzCcpVo4
lmBSh1FGQyY
sUqEfIBGyrs
jaux1RDnjP4
j74PNL4iO5Q
3lOqLS5REeE
ohzWvyw4h8k
aCoxZoTTJ8g
41Mh-19a2qY
aCnYjE6xpDU
7hplM6rQ9aU
quQmnnb09yQ
k6Wbh3QzBwI
cWBctTjuZkI
-OTtkI5f0u8
R-rttvInuRg
6ewgNqk5Jvw
