EkZuVHw8FXc
SDTQm8MVffk
lljmkWEsH4w
ixi4XDpGZLI
mzQJ8mJxNwg
OZUAtUNs8Gk
ZRYM2jTFJ0U
CHjVz6nHh7Y
lK1lQvO8Rbs
7xYN3afhUfE
tj2NmF3ZuzQ
mtOAH5qLWP4
MOcIuePXaTM
NWx8_Lcx5qQ
MCu3GqLFqpQ
yeQxLQZFLXE
KaRnmHZ7um8
-FIMHSM5e2k
cAvUGZEfsq4
gD1rxPaoWZw
X49o8x0WM4w
qL7MBngCWQ0
dBwNadry-TU
y9U10qdDQqk
OTEIbWy8AvY
VAn5xYpbVR8
TdjAJeUy0zM
hLPPE3_DVCw
JtyWaMyWQrs
bQYeNATxJys
lUH3wub1ex0
KaEZaDX4tww
gzLRK0qbcyM
4xEnD8mOvAY
ga7jMCzXVhw
h38ULICAzFE
W9ZAbt5dWac
o-K3O6U62YA
hZ7nXOkgTWo
HWtbaV9rD4k
pqd-aLLBeew
g8lp6O9D_mY
0s8oYNL1M-A
gB7mWt9zpFE
YOTYsSwD7Q8
QLpO3yjX1cY
Qd28YfV5ZAY
sgzbqrP4swo
x9p6E50c2Zg
5-mHv3k0eF8
vCJbQyjHkRc
493APxOQRkE
ClfL0qWuAfA
lSPi2rvixAc
_VzTctQfY-Y
cBbcVJrw6_Y
z62pnX6DXiQ
Bz-xBMXKZR8
JaZG8rmDjf4
kUqcBuAXLxk
-Y2SniA6u4A
c2jknvagrmw
76_1zr7Rprw
6Lc_r-Me58M
nsmQ--a2C_Q
8shY782PHtU
75Y-NLwLwC8
LN2uYkg2qyY
HK8hBdGz3pc
j5e-2ugeLhE
dMcbDAh4C_w
6Ng1wwW6AeE
H__06I2AFKE
zys5sTC9XTY
8MqTOEospfo
jFtjVvvptEo
8OmTQABtndU
fOqLE2JTXwI
nbRmmOh-lMk
IxkR__AekrM
qIhNGRW4lyA
kYHm9xtQ8C8
uUkWJBmhOdw
dzv73Iz_mCE
bjr8EZCxvHU
EwGC0WFwxr4
sMow-YicIKE
HgMNKhgMAuk
ItnwTn4B5t0
iNFxSX4rsAo
Sg5SVn0y18g
Fu5AKctCVZo
K6qu20V6v-0
1Scims_5Fnk
g5qWfnLHAUw
lo14sSxNXwA
zF2zrH3e8I8
fUGVvQPdevw
gmyBrFRMfAs
r0gTM2zBsIA
JTCVeeNATwE
17TP7ppflYM
T6RLwGDZIGo
03ZCbHnRxsg
x7gbZtgk-Kc
26ahxNJ9MLs
8wsi0PWSrjo
S9fUeXCwDCE
VYiyUxSQP94
VhXiW9Dw1MA
HEL1jOOLRUU
RXWTni75RRk
L2Z6aIBwYlQ
l43KAwEpV1U
-oPZK0oxbyE
r41sh5aWEsY
2q8iBrcY-Ho
7HasOmJHdO0
DkyL0BxOvUs
99xzCa1OGk8
jdKS__Ofi7A
LJ2jLfCrWK8
PNAT4sany2k
cG3ICfcsjkw
eJWE_pL7MXc
iKM82eV8cbQ
tBg6s6NC_-4
r_ptVvhqG_s
V4tSEFIJHVc
2JNPURdsUmM
HpA6Pn5KXJ0
h-ZkqLK3n-k
ruQQdmHqS10
pjHpjSpC5m0
Ko5FCU1FhkA
514dJvwxoCA
EoyauW5gFGE
uv9LUd_JtiY
PEyubYHIAPk
2IUAqSRAAt8
33RWd3szbfc
LDckjgik-hA
SiDss7ZsSxE
c46dijgeY2w
ZrlUfAUcWOw
1fyS5wqaAS8
VZghzy5Jl0o
52_V1ZZ5smQ
kyn1Rzkwk4M
5rzhcEnz_3I
cj2TlwWu1mc
78lu6TFlDbY
CgfEj9kYJV8
qTMb3Kf7G-E
Fs3fODU9P0w
RXAEiFGXQdM
z32C1adae04
RPnkP4GZsmQ
eupPfWHowUc
Hzfy3jlSbKk
TkD20jgmsP8
etHWYlvIFxk
BKSEuL5uVmA
Nw4HqOAEzpU
C4bDk-pPgbs
0trJxpN0piQ
Vu2Rx3Cub0U
kVaHMq33xXw
Kvk_cVSJpDQ
XBdMVlJnGlk
d63_98tKUjI
T_9eng-xpcg
11BmBOtVOgM
w-nAJRvyGA4
0xIiipD7dsw
Q9fSl7p_v0s
SLiWgG6-WZI
AeUPQa5H8BI
b-p6OGNFii0
OyNQsjMUPfY
jh13rpxkILM
FqjedtMnq7g
cn-cNChLuKM
-4646p4stFk
HBFcwyIzHgs
PVcXgB4TJmY
6tn6ohImsZ0
fZabuVFmrzQ
AYIpUOslO7c
CgOADWtCe_Y
BfjZx8bfqS4
CwrJtO8s-L0
8FD743LMKf0
ctbekzWWLCk
lu5Tja5Coi4
mm4AIjmgV4g
e-zWgrKmfp0
urCbhRVLML8
f98zOWrQBdc
fY_8h6LNI9M
LdNPGG0yDM4
jlN1OwcESE0
qFGMkh40F68
hOv5H4OtJEQ
eon9iUnxC4U
enzttuUIZoo
481yXmzcahI
YKNOQ5R1NLA
1IFQsfTEm8s
gPI35nv7Jlk
a0bsBe5AtpE
Y4TuQeyjTd0
ES-k5OSTTUU
demb0JZtAN0
qmvZ1og-cyY
ywbpytsmRsY
TwyQKHiqBSo
MAZvCc-ORnE
rHLbd3nvu88
XGnzDD0cuPY
hj0xNyc4wIo
dO-KDGAAWp4
SAdAcZFsTpw
hI9M37tdWiI
O7ctfSIzeFI
kyKMvTu2oho
lkDbRB0pECo
cjSPZb4DLLY
xkPA0plqpdQ
vrT16y0-02Y
Qkl2ASn9yyA
gJlt0PV3cNY
UghJJ-7DwQQ
rJ5kkT6YCTM
uTkpG79cbEE
tK7-AWmyUbw
axaGKDbaXhw
L5XxjoDjIkI
YIJoyh5PY4Q
gg7IqQWjKDs
Efh4bu4rcbs
EH70kTm25Es
dQ6yaFcO5DQ
Ij6_1AcoNwY
z4kUJYsiS2Q
54lC-k5wd24
aBcqeyhw9Ks
QJ6KNqGfuOw
xdxdeTnHltE
ehokxxFdzUQ
_dycpQGuEGM
awFVknY2HCQ
ksrGPkakqOw
rI7Ty0dlVh8
EGMqP05GqIk
z0yOYIBuGSk
rXnE2WpmKvQ
-hyHNghcOos
6tzUq-OGcko
nTW5QL-0VUE
CxeAcT9bx1o
vzVH578anrU
ydMUVl3jpiU
OErYYzmjlp8
Jumvuu1KcA0
D17jC5eV-vc
bbWoFwdjygQ
s_ISaCvRLig
cl8qNCPzZbE
j4ZbB0c8YhA
2_e5CR1PNEY
-HdMnJmoBS8
M3fpkKZ2VFE
d7yEV6Un_tg
QdXDGUeUtds
2Hw4R4fsO0o
qJAsxSr_MBw
0dgJplPhAZU
pAMpdiBKen8
LKkJ4y9IKnk
DnEE64dtO4A
BKXGytIPD0s
C70eHmNVKdI
OS-tdnvnkes
bkC8Ur0y27w
8JU9jbKJNTM
1-dTC0r9wTU
MFtoejrI1Gc
CvKuEgzElec
pNsu9_eP_W4
C5JtHxQ3wDo
zlXuJqdydek
hb73kk1WrKc
WAHr5gB9MnU
OyMNswHpwxc
H0jVFvoYTEE
NGl_rHt86lE
KjCDI20Liuw
vBl9dK40dvw
OQ6qqg3MxO4
6FIB8HECxhQ
3oiwb7-Bl40
GV5cAbdmjEc
lytFqDFiwds
YlIJl2_ncJQ
ax33hND6gik
ghcRUDTIC-Q
q8CQAOwi2RI
TxtJySFfKlA
h_FFjYSkkpA
BRw6ox3dGcA
cgPk6HXaoa4
ECUJLEtDrIw
fyjo2mf38Ro
FqwoT32IWMc
S1IiuANXzcc
YwtiAPD-wDw
4TQNbGDlqU4
lTH7gp-mLiA
zYWuANumeYw
EgpUdFeZaRE
RNDqNcBEnCQ
ltCQE30jX1E
BEsrp-a_gWU
O9TbPp-KL-g
q1ci-lQesks
Aif3zyYhhRU
aQrtz2-XWHA
1O6h0Vxi8G8
DhTVqyzLDYc
7nUOi0aPtlY
-6FDRu4xN34
EgpaLRDB-ps
B_mCcn8PFRk
PUPOowZd8TY
u5-i-I2DUa0
9hl-MVd3Z_A
5HK-ZOStQqQ
5qUOapeTIdk
8C_1Ki1zm24
1Mits5pZPcw
7CqFX-XiRx8
wctnuGKKTP4
2fUgxmfgIlY
MBxHsee_Oso
DZzG9b50oYs
VNv0Yzk00qg
UniM3txg7E0
HjV9mCf9uUg
5ELA3ReWQJY
eVMKqmHvGBQ
sP6N1fVf3o8
ac2xpousags
M810zaP2_Vo
p7RuIAfpjPA
-BdnKW3R_Zk
is8HKbXEqCk
qNSbI_IUN9s
trA6Rkxx9SY
dpw2jPVCbo0
z4MFgpr89Fo
8_6udCOYqy8
9CKPfLV7Ud0
STYkyQsYFnY
Xm3FdCE7_5A
sP_A-DFWM0Y
h9ISC_o0FPI
qZO0id30PXE
Jj94sy2sjuw
FI1iWTrsFWE
3Awjy-MYCP8
4VSFNwTfwrE
OIQngAp5X-0
L7KHjkooegc
EmBVduW-upc
Mki2vgRUymo
qXYtM9WzzsM
JM9u7r9_wZo
-4lnC7VpoC8
r880sWg-jiM
MtJL1yTmzoE
h6Pg6YYGWmw
W_GYM3sNvAk
q9-C49MtZJQ
dL5Diu-tPWQ
