BBKfj02j8Cw
LSTRSnlUbnU
l8s6makpPZc
KjyYG72cB24
Mq8_XKc-AQc
nkuVHt1cc_8
PxjrYxPbk7k
mqsz6DIMx2Q
r9uUgoXcTqg
SMaPZAmYbyQ
t96MhjcpJww
mcHsu4szEzU
soK53tlANus
fF9zpy2QmUk
o9UQZSa8sls
m5RhnI3huNA
LWDeGIuDGyU
4RVe0T_4K3Y
y0LtLnV92Nw
OunRm2Kng6M
nzplI0IBF_8
F4VvoVu0wiw
AP3216Etz8w
wHEkXRiQhgM
2ki311jR1-E
IzpcVz34beA
BsGVUHlfdDU
q5aM3FbFNnw
Cc56wHxJrIs
I70mIP4UItw
vbVetfsLltk
OM5SbIBJWqw
3G-E1FwX99s
_6c_I6gmTMc
N8xggTlOnLs
zTN8KTlHtKs
JsaBtZ977Uk
Lnbv5V5Ofhk
V0g5jt2ERtI
0qc2WUPesTQ
zEya8W3eWBE
tnKIj1M9LQ4
aF9Zfr6oGVA
2C5jrYlVHJQ
eMxmDPDyQ7o
6JHLijp--dU
UV1J9rgEJtY
foMPZggeAN0
TjQdyT7eN64
mYnTg6DUx10
4w9TBxKXWYo
pvUcOy4hwiY
uOiP4mJwqE0
nHiomRwhI0M
NCOYcXu9JiY
v11t0hcQMKg
Ipe91xaxEAA
vWViTIyH7hY
sM3HnySrHKw
ZXszx09ZLr0
oMO50H5FeMw
v7j_ASPhPac
XymydePICPw
h4eGsn8o_iw
yV91M_p3hYE
tsteXJnl5fo
av-0GbAlhZA
nF3FZoQs93g
34detVy-Hiw
BjVG3l3PeBk
eb4VQOyzMFM
FN7SSxgQnx4
830QFKrtgLA
sMj09XBT-9c
L8IJglilMcs
JikBQ7MnjPw
SoVMhjgxyRU
fJ-32381qKo
9HagjNaJZmA
n5tOckLwTvg
8ji4KjpkRYM
3uJf7UyiPlU
kH3nPQkCb80
NEO7p_Sy_v8
3vEmh7GwmjU
Njua_3-LbZ4
akiZCm_q1rs
xvbusjDOspQ
QLGQXa6qedU
7ZCekLnT6K0
r_mPdPzLZ0E
82KXmADbga8
ITZlWQzOJPQ
6h4Y05aLQyA
h5U62T3tLbo
h1PqvbuKVHg
BLTWKNvODQg
df1DHR44FNs
Df_ZJ2DxvCk
VUVfDg65Hi0
iLT3r1ni8gA
KeesDrjpdeA
OsYUWtLQBS0
dvD4m7thh2c
O2mhfT3shw0
Ky1Xp_eJ4jc
ava_TPIVnjo
U0RfuFszVQY
5kiiennLtwE
zmndHL1_VVc
awuTbPVCSH4
_ccVdTCLPEM
LoYcPZv0bHA
XrR3zVpH57Q
a3s2nR4fKPs
VZnGwFblXpA
B1yoS13wfFc
csUkAiwWXYU
LbPPqUdzYnE
P-zilL8mvlc
FivGAVyT95w
546YbBPkG4s
favrMbfi1Pw
wLWHw-3qVmg
VNu0DsyrgsQ
YIK3Nc5aWRU
91Ywcj2P5Hc
zPcAPdPcxg8
h1rtP3QeeuU
ZQrfxgW2EXQ
D9sYm32TR8A
xBS-j6oLdWY
weVM69_ubPU
Wg343GaD-hU
N1Ni3Xok17w
QTtfNt70W8Q
g5DMrrCd_cQ
FlOyb0B7PlU
nJarTKa1Ts4
h7UR9JwQEYk
YiEDMTsF8eo
jHxTvvPZUuI
8A0TYUaYBxw
ctpJdh4iNPY
c-5n5J4wOig
rRIsuCMa85Y
J5W36VWNd9E
5SZ1tzQuTuw
Ui-GYCK63gA
4Jq6H3EzQss
lhPcbjSAfK4
B-TGepy9fPg
Q-JAUbnIYEM
-ktVsmBeTvg
jFRPiZO_wLY
j_Rv3_swSSw
e-VNXCSGgsg
uvMTbJe1XQY
HJIYhSA84Sc
RJL45zWH0To
BLJLwID6Tso
OpJiG4J27AA
uAgG6yxiWcA
YOh9iIQ5Qco
qOTqs9jx4L8
0iLQCNYdNb4
X2YzxpWKKz4
GsWKkCCRsBg
H_V1ai_U4ds
IG_kvD7LZ54
JQUWJhDJPxw
xd89GjSSaoE
EPJ019jco24
145EqyR_MYo
pWi-oCySuFA
stJXmSehSuU
2s3o2oKNzSQ
ppMjnqom0Hg
ZY54rSQI_O8
GbYPMlM6XpY
PGNancaTsu4
CZDPrAr0Ufo
HJpKxnZ2JeY
njdIGZIvDCw
wxJCtrWRlVk
Q-VhpsHZurk
jlrdHM6q6mY
TAWgm5MPvIU
lTuwVqXAXXo
Ynof95dhlt0
qX-ojw1gLmE
xlbUXJXmOQk
0ONkMN9uB8A
xlbAI7-PDs0
lbOavq7rJuw
92Fder_uJTY
IiARhk_IaAE
5sRziAkheKk
193LsZXVD4Y
eOeCB6uOHKc
GsWKkCCRsBg
ta01XoP5HVI
VDrfIir22PM
gqiPoZOy3VE
HQvBE1QBous
Y0BJfhXWalc
4VV73Z807GI
_kTJxgNCdw4
9KU5EXQ8au0
pAUxlCFSshE
glv-3dbj8RA
Wv6wxtHMQSI
FNdYU074lEE
7aH_RPTyNiI
3V39TpBSCWQ
954M6-TWPf0
oonRCsNEEhg
yKhcd8MEt84
LvQgaj9zyH4
Z-Rrs5-8SNE
FhS4lvPXRsE
XjGSk4sFeFM
s0Xs_XIhQGU
bitRXVqb9Yc
fC2xBLXSg58
eol5lr3vX4A
37E_11Zr-Fc
c860HZzoCIs
a8YDP2rhhKY
FjxxZ7LiaeE
f9gHaplr1Vw
gk49NiNlKvA
wYNATzcilkQ
6fyj-KdZ0wE
hnGu-9eJ9pI
SWG7SbrsFWM
-3vmxQet5LA
cYB7Vsto-GI
1qObDH0uYh4
zXhT7Xc_-xk
b_eNfgIDwYs
rfe5LHpKxvI
nR4GZ8WsAdo
yV6WAwmYxGk
XEUFS0Ob2gY
ywGTuiAoRu0
FOzsDItW7Bs
Oq_vvnxZ6I0
pDe4R00ZbGI
7G9tX0wZptM
i-4ERMNsrBw
98ahmk5C70Q
abM2dHGwip8
uX9fZXYcReg
YvkW79uyBlc
iqjZx4l245E
uv6KLbkvua8
GQywxCy-Dz8
Hqp4uLgkTQw
Y0oJvQ1HQWQ
8BCmdjwjl2U
-4VuKhKdigg
Gh0EIz2lQWE
RlAJ93ndNFo
5lCCXvT2Gv8
pTZEFrDB0DM
aMWjTgl5YVY
3OjftMVOOSI
eHpkSVmeCNU
xR9YfqEMqSc
LD2445oQRww
ap3CgIDEcNo
XPvjm7B5iew
2uWf0uMsfGM
0q2wFCmoP6o
zVomLTqOZYI
BbFapQacHTo
J-JmcWgYf2U
Lsh1fJzzuDo
d_zt3kGW1NM
yLVGR5y20RE
PcPJjOJO1vo
knU_JzbgQHs
9nqR9XNU7Wk
0At4lyJtkic
AtuU6GOhErw
VlRNWbs3tOY
uakN9DjAxFs
GkJCI3_jbtg
D_sbWNTRV58
gB8SlHBx8yc
SVJQShEHIQo
6Rs6kgCpO80
kpAK884MuhQ
eyr68MP0ytA
hzmy_mUT7u0
sOFh84fbLII
kwJfnqj71GI
w_-RxD2z7Cg
k9nXivxx9as
xpsJbwTTe6I
uakN9DjAxFs
Bw9P_ZXWDJU
SJVKY1DtZ84
zeDW0PPZ-_c
FIjD-EMKd1c
RmrWdl35eKo
Pcs_p1coXwc
CiKiPcGdUdI
0Iy6HYRjbfA
JrcyexmixOs
yU2qzT1BfiY
c5ZYBBtvRJM
z5L5G1gEstg
ioWrdzVzuRo
LwZpoUW8oJk
lAWSrcU_TXk
stli1KrKE_I
--B82HvqPn0
XLhVza4MmdE
aIAAuFTRNKQ
qi5Jc5l-f_M
qkCeYKOqMO4
iacnE1-n6Lg
fBxpmHoYyCU
z1HnQOPTRBc
9mzDQVyNiVg
EPzXQfJy19k
uPGekUQL6x4
X08uJZaymLU
-CVwgpS9oos
vmt1Li1Rnes
A0sNZxZUdxk
kme4iQw-3wo
FyBkGkomPGc
fWzhgtQkWX4
pqIoTo1NdYw
b2bgvz3nanw
wwKW1PtcQgc
8TL2sIFJZQw
mZzIQvQNCmU
0eY5VOkOsOI
W0Znlurtn40
o31fmWOZg-k
6sknCO18JkA
IztdvRT52Oc
Nqm9Nyd3dqg
pzBvOOFfGM0
-w5ZnNjd8Ys
DGMLY9C4jGw
BsXMW7otzAc
W48pcN78deg
AXK14tSGAto
Zd14s2WW-Tc
orLIwXaHLxs
AnPuSOj2zQ8
C0BDEyt037o
lQA3-pGfTcY
YHZKX0H6cUE
nAc4mS5esUA
rPY6N_qqAaE
bmSAYlu0NcY
dQafyv1nuQA
CrZnL5X7bjw
WIOdrFjjES4
JoTlMNamSAg
eCZCdNWDp-0
cLZ8iO80uHw
aELIFuljo_A
WNx4jeapVpA
SYhhjAqJ3qg
vXmkpZs0NdM
oSRdG2p6eyQ
vnveVUs5SBE
GsiOjrvad4E
kccyGEqdevo
ateiGbXK44w
Ig_UBwAm4_A
ZJtoW8wvgXo
HtuwfxBjvXY
wJsxDkmMq7I
8BQx60ARTQ8
qtHTuTtrVMU
NvU1TA4MR5M
RrIx8OOuNhA
y7B0u3b2iqc
zi3jIT8cqgs
Lyg7miRrxPA
ZAvDFjvpyjg
nEUf4fMSwMc
ci47B6UcJiY
wMVSrw01gOY
pDoALM0q1LA
vc2sQTbcn5Q
dOAvoyplsdQ
XT2miJdXlMo
gZQlSGNH6Zc
3epJuzVfvgc
ulaa2I-jxUQ
mEaa0bcgOrM
7z-vogZt8iQ
auojtsHPIM8
MBbRC_jSvYc
QI-6zmS9wa0
cuwGkwQl6Eo
JH66fU6A_fM
VdK-koLsl30
TjKWS_lxveo
EaE2luu_xgc
mEaa0bcgOrM
7FHLjHC-soU
ZMtjp7uIVjg
3Ew7-Gy0SQo
6Dvdl5UP8zw
gwxHCsGaT5Q
Q8uTCqsYXvU
GwPetLC8kv4
6LBfdJj7pIo
J0BAE2Wh7hc
HlJQXfL_GeM
IMwg_LPQggE
pIIC_UbxU6o
l5TwYgKJhVM
NhfN7J0SR6U
IZb9Co7CU-8
mRfbzBhEMWU
BRqpqVNjV-o
uYNsSeYjkp4
_6H5IJPMX3M
-T889H4t-Yc
Es1cVJUTRZY
CWOtDojV0b4
-G_nlVapVIw
utjnbfP9Vjk
KuhmZSFvhL0
3JmWYRkMZRo
hSI0xoVkBYc
bshSbNFXLww
prq1-IeHrEQ
XwxX-rTYX88
b0wg1Pv0pfM
wBraurRo_bg
5Pelt77FrQM
hgfPYMj4GHc
bSryoFPBuOc
thzDy5A-KfE
uj186urDU8c
7cq9A0MeVKI
YGqInNFXkvE
rszJ98SEg4I
BrxY1hcTXFo
v6mQjKCzepk
YJ7pnQ_MkPA
XI1RUNPh8cg
EVj3sU37gdI
-I1OUW02FOk
FA_49v1fQpA
h-W3W4KZxIg
MozDSajpLTY
89O8CIDRtKw
ujk-og-W4w4
wXbtI3Qhbl4
f3rhUZPNqX0
xmDk0cgpdBs
h-MEGXqm0iM
iTWjf0Im7Vs
DwU3JgSOhT8
p5d8NtOVCrA
N5PmuHXBxR0
MNZO1KgjAuE
tMauOcRESgY
snXFk71dKE0
4Jcmf2cKUqU
RQnQpykyItQ
NRqEPGOcEfI
wr61zG01TqU
ByvPp5xGL1I
MUNnZFSwvGM
6yYk5TRyOlI
b4hdZ-UFnXc
OlA2vByhLc8
VpmB9C01qLY
DmqLuwcRvMM
vspX6NaLxdc
Cgy2_KUnEBA
Fgfo8Dw2aSI
BasVg3GvMrw
Ef7uM86n188
uHG7FMcP1aY
T2asQsq3abY
enDhX49F3XI
9PwQV_xx6jI
LXFAZEHZvNY
u2K9Mobldtw
9ubSW0jCCek
Pmih268kQu0
KTKmcToqKRs
zUhnzxrNpCc
OyPdDhIEZUE
tMmzHvcuCTc
1sLOwF4lbA8
u4E8Sup1tMI
ND2xk-naGWM
T2asQsq3abY
fNjsPjqzl3k
2m0F-a7TE8k
N9mOWs5jREY
p_ELw6-yzvY
716Xc1TYKCo
zbrOtxIVGBY
YJKwB-VISkA
kqVYz8ZaS_U
QkZFdA00XmM
A-Nn0VlS0CU
RkFqqU2WMEw
C-Lg4XhzfM0
H69iLEK8nUo
iYUTUAUp9tk
oOrq9IdUs1c
qV1scA5gljM
2i2a1ns7hXQ
zXZeQqFQjwo
vNynCKlICl0
5Q80K1XJ5VE
3Ral0MadpHc
AFdk9vg27ck
5GYEy_N4oxw
u7c6kIRWdQ0
u_6SawSDXC4
KQFmUEIEqZI
ZfnTdQ28Hbo
OHPY0ilrcfs
SJSJx5slLEM
plsSofNyGQE
wpG_LcTAxx8
mKcyQqpUpL4
9puGvuPLhHo
3NqpAFsO_oE
j0JoqJcEe-Q
Zop-QPDlnFw
B5cwZ2iu8jU
x6wcS6XRDVk
QufdcRuQg1A
dgufVYN_8tQ
csCzrQWlm3g
m2Oo_xC4Tcc
4-h7DxNJzUA
eqPcNAMBsGQ
iPXG13kRp94
geFuim1vtZo
WqX-uy2UlLs
pIgbu9Q0PfQ
Ef6Ag7KudgU
P5NqKdM1SHk
tAHbxTs5LDg
QG0dkQ6EAhY
6F8MNkRJlkI
vFxx3vp4HaY
-lLezWKKp6U
DbMSFl7PffQ
9BvA7utf76c
3JpzEkd1Is4
-tj2WXCGFSI
c5lDW14TkGc
6VuzjtlwyBA
1qOWRUhvw2k
qfgIQbrN250
0jDSg2uQRXU
JkEEjT5mU5c
Dijh8r8c6WI
aambH1j0tqo
nPUZTJGG7hw
sy8odY3JwMI
lWeKTEcCWLc
FUwO11lEwPU
c1OoWdqbKdg
65YT5ISm7RI
gt67zZZXKao
ErWQxeO36-8
RcApmllUFJo
jBISsnzR_-s
UVerq5DSdKU
QVDMevcc9G0
PgOPjxzQNIQ
enI6lVFcUW8
fPM8Co_CtPU
s8byfkIGydI
CMfmx77SLQQ
GgHdKBushFI
JvrvUbZQmqw
HQ5Hkd4miCg
ggM3tNGQIgk
MUPHNQkBdVw
f_JyqiJdk34
xwBS2lNRQDI
FT_UrM_L1vQ
YIaJTYN8UKo
v1tDxCDsQu0
_8jY5iC_kRU
r5mLcNCn7Vo
-vJQfovp-hQ
N-CkV7hsF9g
N42ovGCNGBw
lDLn45rREXE
eGInot4IGl0
Gvrjiuf37iw
ZwK2pBQm6s4
gG_KpR0j9Co
tAgKM-9iEac
wOKJ0-jOSyY
WE7l0HZg1R0
HZKGde91Xfs
FKZb493vYe8
uO-tLrXYcFo
U_PGr5d9r7Q
YkNmxJh_5WE
e8w7Leg-tco
Q7amjBpk-EY
mUpvbFNSXYw
87iHGEx1BEs
OnxmjbPRoYQ
IzEvI1HOwN8
BHq15Fsv880
B7Tiz3JQeYc
tV9VeNE_R1g
Rgb4Osm9F_M
8cmIGC7lGNc
w5i7idoijco
zaUfYF8FiHU
Cio68uOrIGI
T71ibcZAX3I
6Pk7ebl6Pyc
_T3WpqJPRS4
khE0rsv-2MM
EQy2VmPWHKc
L7-k6nK1VUw
9Janp6fotUo
KfpOu2ujbHs
N63hbN-IpMM
Rxqj1aMlfb8
bSWVpieo8gg
c28qkZulAq8
fNCxwBm8QLQ
HiKvWDMU1FU
3AgkZb9yXRE
AEG5LMPat4o
lXD2I6OHCdA
5FQ-OC5ahpw
0w3o8uHVkKQ
OLJKhxjuIXs
Zk6iwf7VkVA
s5O-RKH_CVo
iyeIsVXjMzU
bSZtKyA-fmU
TnybJZRWipg
uD23xIcOl18
_VML4VmSlCc
gRtZ7Scx_ck
6LcGmios9WI
4mIc_qJoA9E
6GJEcw0SO2g
cLs8cbHo1Jo
e7cJG9j0NdY
JcC5OV_oA1s
v8d5rDt0Yfc
arQKPaP1IeY
FvCd52MY6oE
Eb9rXYqtfQQ
RdwFNYIEkD4
TTQgAbUllVo
z10zvN2uZvs
Qnsps85Qdn8
exZq1-xzvPA
Azzu90a9TFo
3uCi8CxpfOc
v39KG8wEHN8
hFMDgWuX67Q
n0h3I7adIDM
pEMwmx_nGsI
mQtProLol-Y
sP17PNe2GuI
jsAhcBf63MM
q15Arz_Vv60
czjksAESHAo
_y7ZRQNgSeo
LH7tpEdWBhs
WAr5QbwHoiI
ohVeB_zmgzI
SAYGSIeT3Oc
2olT4ZW78FE
KF3H9BdWtBI
j44N9xkk_yg
-D9Seg5Undk
7LQ-a-W_4RQ
5Or3iWit8EU
cwjZHFMdgLk
svh8MZXS5Ug
mf29CX-0llc
-kBZxUgu6Uc
Ix4RfrKVTA8
4Uhrh520wFI
EhyomOtnbeI
6RhA0LpcLs4
NujSdn1bg5k
KaRz9KFwF2s
cwjZHFMdgLk
AlazxyvMH8g
5e-FiqFiWmE
0VyH1laOd2M
r2qLVzdXGAk
9mFA8PsKnHg
gLpb6w-kQp8
nniY1rpRRws
bdR1IJ7NqJs
4zeO1WXdOGs
d3UMPS3vJzk
mLw1RPm6ioI
S6ARUQ5LoUo
C3nGNaulPj8
8IpatQ-X6AM
Syy4MTHAfF4
o5N-qPEnThs
zqKF6m2p3g0
GvmpYKOnJ4I
QWdDRVhhx8A
kzxXbxZBuZ4
amwhh1tbAoE
w5caIc3rRqY
2lbouKS_P8o
4bCVVOnU73s
HIGXpY3cSj8
aXflBZXAucQ
Bjg2vhTXs-c
gU8ERXvUk-8
9GNzsx0NMYc
mRoCcDrgQnY
O0joNyRo0ZI
Zrq232-7Od8
_MeYssSwvLw
Ro9WnhPNOhU
mJhBLvqKUKU
GXr7GdjIWWY
GhMZ2c4SSlw
hfILPshRsbo
UI4rirIsv_M
aUfKmRnZdPE
vu18SI5sy7I
Wv_9HMfANx8
NyME0Idsq9w
Wzqc72K462w
mIQ7tsp-Xeo
fX_INMj607Y
ek3qkUuE_hU
A5ocxarfbkE
XvFjcJbtG4A
qomHY3uiWlE
KahzatXW5B0
ixjJjSDMBY8
SH1-QkPplZ8
8nHpx2KSjVw
oYmKOgeoOz4
ejmn_pxJwtI
_4sI4EXj9i4
r01x-F4f4aw
GMbVMHr3TIg
04AtqpH5ZgE
nprunUcpZCQ
HpxiTBlh-HU
dR7epvaLP00
Mo8gA4z1TZE
MTOVidv7szY
I71fXbarPt8
DsblF_TWay0
lVm_gmQw7HI
RbT_d_WMI8g
IG5zU0DdM_4
vsMydMDi3rI
1pFcjl_JbBw
UCc1o206GSs
ey0dUhUFkOU
EpJHvW99udg
yhlwsLwuJDI
aoMvxbu4QXM
8A7yJMSbqFA
lAP8q9oQfDc
G0da0uyikC4
EcojEX5s7Dg
cC3ueLEeQzI
7N54eNGRDH8
CKaRP3F-cg8
t1LqfC1H15k
ydQd7KxrFDM
oWFa34u1hqw
Bug77L5mo50
UeyXyRW4kKE
-5w8o2NLpAU
61irCMKeonU
kHosF5Wzyd4
ay-m6EIxFzU
mr1M4jqM9bs
EW_lQJUGOpI
s3ha6vHapcI
rpRjvw71S64
i-nyJMPnk1o
5p00tZqMjTw
NpoM6GiF0Hs
3fafiFYHol0
68LoqSDHvIA
rFdkmz3y3-4
Gj3EfRca99Q
sapIgYyzAYs
sGrMijrbSD4
ay-m6EIxFzU
wXTj1DR3eOc
vckNcYpZVCM
UUtyMMLudPo
8YHtLGI172k
mIXhibWqrok
XhTJEU_l8rw
G9fWmyFbtzc
GlMBcB-JQJg
ZlSjhMvvibQ
KPdyK8B7Je0
pAZAjMNfkZw
GxFMGCEMt8E
nkV5J87hUuc
ZJcm1_NIJJY
FpyuE0gMB8M
V1mAgQVNB7w
t7vFU1rXUKE
dYqhPsneO5c
xglrwVdqUes
I2cpiDqby_4
YUOriyhBNdk
GRXAhKAPU8Y
ax4R9FjOk2A
rY3K86hWsyM
w40BgE9fIOY
EKiPtsO4NbM
Z9vEC59PHEA
JhctQhF5u1k
dwW5HXSvhMM
QTHe_NWUblc
yqYXR9NlrdY
KLC3gO1ITx8
_zgctx6nmCw
Y-yiIi-Xnns
CzranWG8QHQ
IKB78bClnOY
kSoxQKAf_as
2CS756-WxGQ
10ufEJVJGXo
l5mCrxjvI2A
iRwk9UajXFg
F6PQ1W6Gn1U
cciGZ3BsLwA
SXk-uavVpcY
-uyxA6rfyKM
5P9E_30i4qk
eLRsxS-V6zs
M9hfWiQKhcs
mviU9OeufA0
shAkaYdAMjg
bz0T2EpnZts
uxKnWYlfwXw
__jLRycgJLU
96-yUjSVXsI
J8aEbrIP39A
Dz9_vJH8W3I
BFTkaBcIUZI
5Wr625h1Wv8
2cT6AT6Roqo
6h6YVQLSgyI
fUzyo2oo3XA
keFR9hhk3jM
9gfHFtrM_xA
txeDaCKLbD8
OlCSn4K1q_Y
bXimqK2QmVg
bExYzw1XAfc
_qHYmx7qPes
PxqiQfDiYNM
OZDlEKRYQFk
qgoRcxm5BUk
NkLd37RPQzI
Exrt6l3CMys
pPn-xuifKFg
aSRqd1JfoaI
2h44PI8yk8s
TV2mBXGnK_E
S7emPAZByLk
pgX-QawahyE
jUOv74h6lgQ
s5OrJBck1kk
f-eQ-zslcNE
nObM-BvvJIs
VsnGTsJeT8o
wT8LbIuNucc
NpSwbKhfUKQ
4DKUMGekV5Y
PTnybQtA19U
hJWr6J6wNpg
GwjzstyEBJE
JZimsMAc1AM
A6yPLL6ByT0
bCcVyuq9aRE
2zhqpzzS3Bc
zj0pYGJLoxY
9dJDInIeETQ
1SXhEw1ijs4
tEuXp1NNsNQ
__teQiAK0dg
k1KVG20uYxs
TCnyB8jkx0c
Ej7lrIXYGew
fIaTHV0E4js
njBCgXmjCpI
rAa3jglqhDw
SEL-SayK4F8
DsM2HVDMG9I
0EPGmw79tj8
OPOHulzpVe4
Hhl1arki1EQ
bMqHb7ONqu0
W6BTywo4ato
8mSni5rOT4Q
EKaiiZwkIAs
OsenvN5YBnM
sx419urqnkE
liLGhXv76dg
XFtE62MGpsk
BAsxKZzN6L0
W0-5tjV4T98
qLGi3-tUtxY
go0THzwCKeg
v4wBhnruPA0
06-Js35QwPY
6syDSTt5MVw
-lkrb20YGYw
KSvefx8WKJI
tlNjl8m-7Io
dr2fsFZJjxM
4sfL4-pTRzA
IzJL8zX3EVk
9QhigGukHek
okBjLsFd58M
88FttyjKvnk
bj09ryG2Sh4
SiWrSGN0WXI
s6b7K1hjZk4
MDbIThRt7Zg
uq2zE4LrJM4
bbzKIGMWwLQ
iArVwGYHR7U
mbYeoYXVCXc
0zyB4ay_8Ok
T7StPcdPzp8
lQG1_v252wE
Yw3JOpOM0HQ
6l2y6Hmfm5A
TjuexUguiRU
0CFlgv82-9o
_ZAsIFnnqrI
IsV9Arv6IDw
UFWwyZp6U8A
NegZG8ICkmk
iFt7o_ekASY
O9Ak_7omsAE
ekw-wrhsoOU
MMbu2YtAimw
HeG4DikTl3Y
Ih7Z4AnXN-g
Cc0J8KozcuQ
ElyBOk0kQMc
0uSl2XtvI0k
nCGHSyj-_YI
UafrGoTcZ5c
B21V7_ZF3JY
BHrxA0oNpqA
JcFefehMpZ0
k7MuXCOlE6M
BJjg_LqSHZY
K6uSGHXroSU
cW4cEgHD0bA
_IaUTlCt9pQ
NiFXJycoRnw
8RI80BU7wK0
6sbBv08e_7A
BsTMmOVhYWc
xh3nBPye1Ok
nwt7b_luY_4
uo8ifpXSuWE
EW4SAnj6n18
BBbsHfWGxJM
004NpHoq0sw
RgT1OobFArg
igUGp_wLM14
b1pfPuYT4ME
LmGYHghsRvc
cm1w6kZD_-M
06BPwU0Z9BE
cKc9ofmU_PM
NBl9ZmqcxaQ
Dz2mzpAM2Yg
hDZAVNPbtBg
pIaztO0elIo
kr6ij1gxmwk
LmGYHghsRvc
waRRYowznFo
ri1ySULEI64
ZmUH_kURRSg
QKGIslPXLqs
2hrin-U6mdU
N1XEQ3jhsSA
59AqBnmMMjU
fLlvLkXZ-OQ
eJLi47MvI50
lxsQRQAlFfU
25VVKLTksfs
tYMRxNH81Mc
69TRnKHNhHY
sc2qtW3LoY0
xev0smeOkJE
IFbV_u9TfwE
tHFV_HzNzZ4
GV-nQCkHxE0
-n5dMPn4IFA
w7398u8G588
USeaZCPj5HQ
nxyDLTFvQXs
kR5T9xBSII8
V-uTxyoCLTM
0K0ICEv2Zks
wdkwpZOyNEw
nJ5WHZARhvY
ynbgMKclWWc
iYuQV7SFEqo
Nw0u7-7x4ds
Jv-LbBVF1TY
PS7CgjE8k-M
1gBViHUDYD0
PEyONNcTty4
3BTHXG16RGc
kEucj2_3A8w
kNAuELYN5X4
LML17BRZppU
RnLj4kWWsOM
pe-JRR9YNdw
f8ZujgC8QEM
JFKZBuf1EZI
Q16k_Z8kHqA
i7dojuCvstE
xK3bbjFqlsQ
hQUgGg9XzbQ
_osKgFwKoDQ
DzzfSq2DEc4
_JUAx445ReU
iKr8CZchtms
jyfCukKVjC0
tJlR6GfAgI8
Y-4Oenywkog
FFKqBuo0aHE
kgrg3Qup-Bw
6lHHxcxurhQ
zhkTHkIZJEc
e3RLy4cwyh4
J7bT9Vo2NOk
rlSStbiDriM
hHh3SaCbDlg
th82vOeONr8
bV456oLkMoI
cqwJHasGT9w
5JEFiBwlUwI
ufWfCTUksGE
0MtsXbTJdt8
QbsH9_lgh8I
_S3UREXkmpo
DU2jslrMKsA
2C-zWrhFqpM
x0mlkOZQ_fE
H6vbujZ8oY8
VgLah8Db0jQ
DcPWvByIpZU
oC1w7xk5bLI
jO-JVQ46-Ak
TvM9DWjkbSI
YjRyU2Bkpgk
a-cL1a_i3dU
tuGun-lFt70
NHulgcO_16U
jfyTk0WfPxE
pGHLfeQXZIs
LocAUkznOQQ
hPhEoIsZTLU
lN-g7IWaCqM
nukZNOZtrTU
MMxZlr_L6YE
ELVibluq9B0
YhvHYiQ6bwo
IubYWrfc8mk
LUgAAziZO8Q
bj0TTgjv1PY
KeZuuKAFSqg
2IDZwOkSGK8
ygC2xm2Ll1c
vsBze1qE68g
0pc2vTCSIFE
UOIaolG_tGQ
kQEJjM8yHSE
VWwKTv9ZhVQ
YQ_9eRtC-uM
nLSNr_k8PGg
HdI0Qv0g3cU
yvyziYMc4g0
6zNYPe93auY
OtjPwP5-HXQ
6hmhHisBM7Y
YhvHYiQ6bwo
0Jg-DjHa-yk
hYv_tQDG3H4
pQ5-ucCuma0
rpWEiiQH_qM
FtIFkmsReGw
LAeao2s_3Cg
uH-ffKIgb38
rYuAbXBYnmM
2eIGIUCNczI
kOpqOpb7OXM
SY6-qX0cpmc
WYJN9Uqo950
Sji44sbJYc8
fHEQ7AOdoGQ
kxLTf2tO5ww
6pg6OxQ7vOg
UCUIoHHQRGg
Toi2NRfGa1U
mmu1Ps_qaGI
lLDiaESGhKo
64cy_6XXKQU
qShFHIzAnoE
XR7CU3BPuyo
I0Y7ahB19hg
yvzG-tN10LM
L_lXwKtV3MI
JLLxhGdQ7GE
sPo0JPEvDRc
3fDJbBIYDOA
QOXup8chEoY
-uULk8ZS4hk
jaDPmPPLw-I
onK0YMw5JjY
EYIqSLUp3uI
O3P-Z5DFge4
sM7ZcntsyO4
6lq9BQCaves
l9KW3GtWm30
Cp-ZLNZ5Iis
GfgAu8H1eME
V9uGeS2t668
tMpaxtxQByo
JAEzrEb0yuk
_NKi-XRZ4KI
LxqhqE4Ki3g
Lh5gxxlvrfA
ldYG3wBX_Qk
LLpnRdBUg94
ssH6AOSydQU
5kKHlCuRVIY
TW5qLcitPro
3oXHIgCAdhQ
84ujZ41I8as
ha5MiRBOkMg
hLKykt1CNfs
NPQ7ufjN2i8
O9_wRxN-FkE
-JEcipXVFgM
7q654BpO86s
Vk45N-FFG70
atn65fZGYUM
Mfb6zoB_yII
cNL1FFioqsE
i7IkgTAsTzM
QnYJqFJ7uYE
sDmKSGWy50M
crO4b4fUT5M
P0XtepC6_Ck
kMEzHAQbIyU
_LcT7Z-mu3c
ve83ypPOwVU
kWxwJAclNEc
Ryfvu505OpI
w9x09O-csEY
bZfPJCAVQg0
sFSm_wCq3gk
-eNToGK7rD0
DcK2b01nk3A
2yRd5bgPYvw
vzKRV7AoLKQ
uKlRr_6NO5g
LK41J-gy-KU
3Cnq1EP4ByQ
iENXfnOobzw
whxYSj29bw4
jKoKQ1nF2Ow
cNL1FFioqsE
Tgz8P8mzcYg
UCXSoBvyaKU
am0nnhSxpjo
hOFLrJJLJ5E
XQ2SPsqBmrI
ExpMbC7UAgY
yyyRPQoHNwk
Df9pz_EmKhA
496kXZr2vI4
2525Xn1vhWo
6ObH70bKjp8
AbsuVgGYelE
3hK7Gd8UgmI
AT9lD8TGyiM
OEk8p2CyXOU
5kS2qaYWH-Q
jWEFUf-Sm3Y
QlCT6zMTiIs
uuPicuJDLh8
GrefCFztdAw
5KHOMEZgOZQ
ZNkDcbMglX8
mupTR-lnQfU
P55QGltNvDs
nvsg3f7KhEQ
_y7TKr0t0PU
Tn0gQJ8HhYY
O8NkLFZckxA
PN6RP1_677k
3OrH1Bs2hNI
hlJIoiJskb8
PwYB4PeF4qM
0EnmH95016w
6WJVZo4Bwn4
rgr159Eyixw
Lv_HehTmKDI
KXhggxn0pwo
GML6rz3-YEc
pgC4XZAorZI
O38I7QIc_eQ
F92PaxLlhEE
KgzWorfLjeE
npWF76pA0EU
S3SBx-k_PYA
H5lmyLl3v0E
IDob2qNcH4M
H6xAEnhxp68
qbXAuAQido0
qln14OYb_xY
4Y97GKIDgrk
K-vW9ByuXTE
IoPlKI38zpc
OxAa8TtV5bI
K0PfxglHGag
wuEzSw35iws
lkSQQUInriw
Ti4QfSKmDLg
6UwHJcRmPOU
K43iJs2WIsM
xGFeei80Yp0
bh7t4g5jFUE
a8l2AaRwJS8
dc7z2nh3lQI
OkbSudCirwk
STWyDBqyxPw
4fNx8XxToBA
Co4JP0NPAio
nuF2JKeM2CY
3fpto3Y_EwY
n-yLn003XSE
A3gcXYq_-TM
gNPxItGMVkQ
KvhvkEdV5uM
mt023oWeZy8
b2imSHvGK00
ujtYSqqbl58
dTfWdCUugjg
2vSpZ_YV_W8
IZefk4gzQt4
t2PVYt2uQDM
Az2gttga6ec
uZibQZ54a5g
ne8N2WNfKmE
5xflVUa4M_8
Du-noKQpPzU
OInh9Kt661E
UEGL0Xvsqic
EMrzEJDJCAA
b_MVQtjzNEg
3vKJyURfkeA
Cz3l8AXCM3M
nqr2YbC2qN0
mz12my2ghAU
XfhzI6jg5rY
7BuGDOblyxk
bCoiRaB69kQ
-hdhBVM96ro
QGiK8DAZ9BA
XPvv04lnfpo
ZE9vllbn9Rc
AkeZJh937sE
7BuGDOblyxk
OYWSTbVRB2c
6r_6hBIX71Y
nSAeGB9r3SA
fYUaNMv_I9I
jzcMjFUujT8
THILuP582iw
vv-vyCj98s4
9BNuHssJAgw
bl0U6WupTTs
GZEAvME3lZQ
77FUr6ZsWjY
P4Z_jND0oFA
1JPYtNeHtKg
icgHVnogH0I
TCmaZ6yWcDU
J1EZxIexuZw
HhGA9e-OiFY
F1R4MpO_4w0
PeXEhRrRIP0
83FbAKf7wUQ
uvUqSjKa0mU
dY3zDvoLoao
GYOExGK5r0Q
DXLwPSlDaAo
DF8LBlRaxYY
74BdIMR5xcA
6jUQHA-ji6k
56SakJIRX2Q
fXC8j_TT9nc
mK4HeaHCV7Q
V5W7NNZNxUM
3DDTOk6jQ-s
Fu6lbDBEnlY
y0gtnOXAp-U
_YNvex63DwE
MIBLbNGnGHM
wNIQSAPJjjs
e6PFyoBZDCc
ESVQknHESuA
DgOTUiSCcWw
namPzoHqPRU
l4f-cCJAyEs
F-Fd0QumEYE
er9CgdT5_RQ
fCGB2T6EKlE
K_VvhYBjfUA
OUvutac_fII
R9uBirALAuA
6EpzXJujFrk
tmR7tzrA28k
9lSkFhQslqk
Hn5vL6MRdvY
fyxUxvE0Fmk
SD2O_wXBVZs
DG5aaChiICY
d2hhLU4lWLc
LTrbjB9hDA4
FfbfHtoHqiE
IGXUAcinXF8
ht4-EsS_z5c
1xMmaToG6tg
Wthc5hdzU1s
To9cQSa03so
5DyxMLGwTU8
Zn00-oA9mco
OaHL0eC_-XU
1_4gFznrC3U
49ZMbdlJ4mU
qdXFGnQaZMI
7spqWnCBgRE
Bkx5Mp22atE
_J-qAfKyC6E
Aw8fiEJR2FY
ASIkVg6J4ac
leHvB5aveaE
ywGmvXMVQUo
_11BTMolWqo
HLP6WEDfHKI
50f-8VN8bQE
9UsJEw8U-O0
vMIsbaIjHxU
4AuTP83stbc
MbTntA0kLZ4
0dLpGq0uVHA
uAdlZ26KHpQ
8s5JRN1pv0k
RfSkbuay1pQ
KHJe56YAfHQ
bv8iV7JcRWE
kRsUZK6Q2mc
xURCmzmQG8s
5p7DP2RRwp4
cTKOQV9h9_o
bzzAzHoHrCM
dEJdGlf9sU0
qdXFGnQaZMI
fR6K1l3sfm8
8de-Z2QujhU
rRU62Csr_jI
FT4tmI8YxCU
UHzVULNATpU
9hrJpNj-LWw
9iREHe0QDYk
DmKsDNWs-WQ
VdSMEHOhK4s
tGHb3enFNQs
bAeJv8SN75E
fVJ_vMNIR58
syJONL-pkyQ
5KYI1sSH0ho
yWxuFbWCvrI
6uXeFAELhHY
Kv4ZbbEx5rI
QNWok2eAqew
Zj2mnVQNG2s
84NCN2idu4A
U1rA_gOgcjs
-SwPqreoXmo
iN6wJ_fgi0A
7dZltSs2aXA
bLiYR0anjPg
COIgvsJlbP8
JIHbDXdQMvc
Hg4r5pF86bA
TQHs8SA1qpk
VsmyOFqBrC4
Q-1Tx1RPKK4
v3AR6eqEu7A
rQws2yRfJ7c
_b9tVTb8gcE
HJ3I4U5Dcuc
ooqhm8Sut04
DVlNIbtBLr0
ttjaQJfsuEg
ft9ZDeqcXWw
C8VGBYKrI_k
20yZRZ302eo
0MjaQ9e7wII
-ntbOp9BemE
dL7LBoGIHZM
6YV8iXgg6gU
z7VF_AZY7OM
-lA904QloSs
GPMUiFthk40
4E0iPXW9jwc
x_Xcs9ri_co
sKZXvaGeStA
a3EcB9Mqx3k
r5b46wVZrkQ
4uIvOniW8xA
eP5nLfjiXyo
Wu9nfumUklk
bWv-BEsEs7k
wXHCUnda4pc
6kTdboeL9qA
yAvIL2ZfjFQ
12k0PIfETpA
2vJKyw6kFkw
Aw96xwaR0fc
aT1djsHSxMY
noDloWTXhjI
MszTlUYF8P4
ozdfYIALhnY
QQn8X4FbpTM
FBRh9zbWtaA
dwTIvYXFZKs
nytHzQC9CM0
K6aRuC0Duds
R-X8EsMiOlU
eUqvi_Me4OA
yIhqI5pPKBk
a2mvNx1pcI0
OiDcfoetENc
LQR5o_WASSk
PDyrkW_8ns8
14lmyGxjEgM
uqZ3wQrs_kY
pxiZyt9KomA
9PeTuyuCa_s
4jBWUhFagXM
my7hIjQJRG4
-d9JIJQqDq0
yceuC1O-Q_8
SiKo1PIRME4
f-hUanaLrJg
qHliRJy1aWk
jS5CXtOXWwE
9HQu4BuWevw
nTrMgBPZJHA
Apy1qRUP69s
EHE_IDiiSa0
Lh4yStWFNvs
5h9HXshTsNc
eUqvi_Me4OA
nomdDmDwW7g
krEqrejCuGE
mq2Q3SJUPkA
eBRGNvqql10
O0RsH0jlXqU
3ivJLCEK5es
B0ZatewL8vQ
em788qwfTU0
SbYPvX-LndE
123LfCPIU38
RftTYFU4DTw
y-tWBQV_7kU
aQsEXadDqcw
N4I2If3x_9g
N1W2B9QB9CA
pfOqd3X4a_0
fVx59XOZtSA
QNTN7RGWbAU
1A82zaS1WKk
mCzaxZZPmN4
pw7uyspaumQ
m9gyhkHvNn4
4wkKtvlGykc
QpuiMrbXdnU
JdrPo8X1O3U
8bpRP6dAVTk
V8AlBUWFifQ
mw0bGiVDTMI
T2JllwUcRsc
n06Akl4mbng
MOrNNTiWNLY
bIB12nr_kQU
PHZicYXJPO8
Oqv-HKBRE58
6r9tAbaiXSg
rHdS_4GsKmg
LbnpByNOlkE
NUQPBokI8SY
a4ibuL-2Tow
T5ah2VgB2Aw
TLBiVgkESM0
6IFwZbOVaQI
z7z7gTrAFBk
BoKoRNo3b5g
lLRQuRsC5Cs
I7Foam6oKPI
MfnSTr6-1g4
2zCRVXnsUes
gh4YV3VvmEE
uCfq_ay8J6Y
_VK_RLS8db8
r1ZH6R3Idb4
eukOpR7-r4M
z4-NO-JWSAQ
MExv6w2dhhY
Fk6avjDFFoc
1OSLobu-QnU
PQ1AjPylyLA
ZsZ-eNz0mKk
nJ5ofGnyMUw
HLuiKOllVDY
C17UkmahfSE
8Rs0tYWAJ3g
lZ8gsxSUfYk
2o1rUK18nZA
y-3Pw0V-iUE
Ug414e-PCn4
QqTtrc6ifbk
sl1U0Mu0qEU
-FUav_lQEvc
ByY_Dmx_muU
RItCwoR-93Q
k-zDvKFM8HU
OzO1JU6sTLE
GRdJDyrI7TQ
rXHoCz_3wnE
5OFW7KkuTVE
7tdOnzytFPk
XaqowGjdDhY
cOzU5bSR8qM
3PdO7zVqOwc
54N-wJPNDuI
I6VXHETUkbw
rli8ySGsfVY
uXqv6jxaKhk
jhKQUy8NMEU
Ekl4urMCfEU
zbgFbZmldeY
59sWJT6uso0
_cQxM3JTpKA
9jU6GOhgDdk
-LJ102awgHg
nijidGU6abA
pJrDIjlUEB0
4FS1Tvs49Go
UIuBG_uiEy0
StG-dmBWu7k
DRM_vdFnUGg
TTro0gg0QbY
Y4_KbtwVj24
iUoiKidIbxU
rXHoCz_3wnE
8j4yYXwbwAw
4fDJ8_8Pet8
dl0CwAP9A48
gsjqRZ00zmc
wu2twZdrM-E
4v_tn4nyjwE
0Nv-Tj3G1Ek
E6OXuTENvXc
2ATeYJHJeu0
TbApGwTR9P4
m1aPaAo2ES8
X1H3krxHZbs
4tBYR8Sf1NU
uYa__QoJMRU
iT2V-x4MXoc
t0n5QFIaYuA
fhgaE9QvUYk
t9pQSSdx1wo
50xVaBGllOc
vmwnhZmEZjc
yoC0v_6IONk
gB2Teglru-s
_DOQuS-byt4
kHNWqwKR-GY
ZC7kwKRnkAQ
AELn1riBn6o
BwAIaBENww0
bnuzVyTI2uM
GNYSnDQ8yAc
o0prZtPvQyY
yKrtmJQWgGE
4JegU-Y7nHE
4xVygfDeUlk
nIdCv-0GYWY
2QtZ-vObJrk
4BcKSkiiR98
7qvS4B4XPz0
GYEBu6yO7cs
6WkFQqL3IXk
xnvDiGunyHo
SlIO26qR6CA
iy1X9lmBLGM
6wBlXAzv0Fg
p3w0mtZxgIk
eALdNe82CRU
fmht16zig7A
AnYRTdOW0Uk
fDAP9LUDckQ
5Bh5V1W8k-g
0FdN8gLHGNQ
WeYLjj5qSk4
BByOemHYh0w
guZa7mQV1l0
n1Wk7ZboEw4
s6W3QIHl8bY
z95zg1QYcow
6MopXxF58Cw
YEGqR-6R9rk
HC20zO2BFR8
MOU2B6Hcf2M
ynfCTdJGiQg
BhDoD6xUxsw
x26a-ztpQs8
pJ-UQEmQU6Y
JFzpBEiMrcg
qcOBI0WH39U
KPkFWziULkA
KAWxhdPGJfU
iLUN5QmesZg
HN0hkfD6c_c
Ag9OLc7I_YM
4OH02vzMEWg
LKG-VhaOlcU
DtdKxwblXvk
akQrrQwj9YA
xBu9aSR3q7A
zzgk6HLLAw8
u4WS4DhekWU
25ZyO6a8sko
NcdnxrHxe5o
OwKj-wgXteo
7aTp3Smiav0
KuDbVrR7Rl0
RVSLLvHceSA
50JJ1ku4VUU
U3V1zw05_Xo
0rDSnAbPbHY
-e2MrWYRUF8
sSem0KqVdjw
4byOefldNdU
Iekqba8bRYg
01HbxUYVpkA
W-ONEAcBeTk
Pm8Gn-D43S8
EW3sZ9gbdJQ
3HvPcBvwEUw
wcuogxX1zZI
SHxq7_EaTX0
yXal87PM3rw
V28qwhnmc6g
YOlkkMxAhj4
Pm8Gn-D43S8
t3RvhwxNwks
qeMqEvH3jII
_mHAmj4NEec
skifwmkIImg
2Bvpptb2Pgg
P2Zpkz7lK-s
_nggv19lhkM
Y8YhQMMwc-c
x4xfsPS76Kk
EDjicfiFyGY
XRYcFP6iJI8
5rqBAUbVFKQ
DUEPcpKuudE
dLpXoUk_oNU
UIPiJKFcmpA
zI5AVp9XpjM
0AB3D801ka0
l1uzF0apGlY
7gOEJyCaFig
CBnYgcmSJG8
oV2gSw0hr-s
ORSDGg3hTao
Uk1ZpxuYic8
u4acIpWrnzo
3Ta4lpf2i84
nbjmVbWLNNI
NyRmHtSi6Tw
Xw6Q0d1Xwvc
Nzgm-uFYhSA
XQ_54g6PxRI
uP-p5gspdJo
mlwigFTY2fs
ODuUrHTMBao
3hdP6S4rhcs
fMmM2Jtkhxc
vQadYnrJeh0
Krc0RahbPb0
rVjlXzWwxXk
Ds69Awt3tWg
cVOHgztZ3XI
q99XCF4FwJA
CD0y-aU1sXo
CBn-R7Agq74
OIZ-mPbYPIc
-NRZOmqj9Qg
RbA2eHO_YdY
nE_VoUuzto8
xb0ikBr2CsE
Q-vMm_duWas
qU738-9Hkhc
8qELJTRLJyM
8de3sbuclkk
OL7H2tIjC1Y
yx3G2wMuHjQ
9FNaivyrdrE
peK4xFdji8I
_ZJDFDscmWE
FTC04BymTTg
jQidPbTpGsE
0UMsABOMJM4
GYA_ZUXEqmU
YSwFJedio7w
oZmn7OTv6Go
zdYqrjRdLg8
V5hBJ68VfLA
sImBlq542TQ
nD6UvYrNoXI
jQfKwiZg5QI
huSFtDZPpSg
gj7-lO7pT-s
Mrc8WWaGh_8
xoOZWkhqTr8
KZHWujlFjwM
W8lmvlMpbyw
NybxhCGgRzE
EXiGJUX-A-M
Tg6Bm9WUvYM
Y0Opm4-jHmw
PTGV9BJyK5k
w2k4SdwCY9g
Wlpx9AYKdeA
GcB42a02y0g
kr-epIbmEmk
WuLbuR1afNQ
9tUvulgA_WE
5xHTdqImso8
HeRLWOw-EsY
wJ2om-niuQg
1-0tDuatP7c
H62BXm238_Y
BS9dSH7zk1A
p5sDsqOI0_c
x7DzmKEJe0w
NOc1PAWk4Ic
alMhhdv2PmY
_cMXWcME_vQ
o6LHgaE1KFk
iDjZzysw1MY
4Kh3-DGU3l4
G1zsXEYmtqE
7sOX0xtyPF8
jaoQh6BoH3c
toRBKo0poxc
cQyr9l22fLE
s1mcuBibg1s
TfjZvXESxWw
h--5JFoPwVw
ID677zCTSuQ
NOc1PAWk4Ic
RJad7mQkeK8
Z7LQjNvfPmo
6W25BydduZk
Dj1CIMEHUzY
X-01TGEkW14
sETMR7Qezv8
FZVmlY9xMu8
D8nqgyBsM9U
O-5bUnWYLvs
5MnJFuRty1I
7rNY7xKyGCQ
ps8pdmWQiBY
lHwtlxai1GI
GcxKooNIPo4
VjzuKLHyGwE
q3_TVnkVXQo
0RL2WM839OA
i5z2qHllvTU
BG67UFZ-WyE
s7E9ASb3LfE
FSgBHGnSeR8
DejRaC1UCzg
v_Ex7BF8TxM
mXoi0vcDf4s
4SWnpGq_4uw
6wJaNKIALLw
kpSmOOvnBA4
p957Ml3RLY8
ZiwZhlT30a8
uqKiCltM0-4
Rn1w4MRHIhc
ODuh8AM0TJU
O2MALulpYp0
hrXvIgWbZVo
a446_J0QnrU
_Gg8UuaPMNo
l3bSAM-ZoeI
gBe-OPzbgT0
gdH7YKZB1KE
nKTAZAmJ_Js
GsvNNjUP7oY
9DEe4QEuOSw
YuH7uznb2bU
HveXDushYdM
eBZdK65WaW4
aRrfkiBrgtM
8L8LukzCDVw
V96bcXYhegc
XUAIIQFoufs
ft3HNcYFqa8
LKugks4974g
jsSRh1hNDg4
dkitcRHrQ3k
JKj3lReSzJk
ze5CxJtjsL8
hoDxcO2EOHM
iFYnlFxu8TU
uutY-SL_Fwk
xV97O54Kw4o
JYmZV8hhwe4
bKgeFJbUz_Q
RFlkWHbicdY
BnIz7H5ruy0
sR5yhoTfMBU
5tEnqXH-yoI
jWmZXvCGLgI
cFRfsbAk7pE
NwbMhTkmfew
D9Uk-YsjQsI
ngPI-tdjvRY
7gBxa4KyXe0
Wq5RsY-PxZc
4nDdqGUMdAY
qwp74WiJbZo
rHKwIYsPXLg
kimTMcI-4Yw
UY_Y-_y1sUc
7kjAfvYOQ8E
0CW8HK90ic4
B8J4uefCQMc
2-p44-9S4O0
kvj77nSQXJo
0atNSjd0Yxg
MZak2PfLzfo
CLhgZMEdvw8
lhntR9LwfME
DkPa6iio_6g
CmZ_9646q2U
z0vWsxEhqjw
LDqtwMS2NZU
ez4KHQz6lqc
ID0q6ZPdDC0
XMAksFzFh9E
DebEPlk3vLQ
IPsfcPr_9Kw
UY_Y-_y1sUc
5hK48DAzsAI
__yx795fsSc
Bqyhfp0AtSA
J35j0F0Y77c
anT4sR-mJUo
m5rOauMYHJs
b_vBuRqhhXo
1M9XMjqFAZw
s2xxsA9Bn-4
96aW31KdQXI
4Lo_zmodnlU
RMPSaZ4hxKk
1dcSyibsF2w
lXtDLEs0fqM
9iYwUh1Hdho
ACmgPOFwK-g
lmrAPFAoPWs
k3rz8Lg585U
dFzctMoUiZs
JiiP5ROnzw8
aA_wPYotSiQ
laNp19ZUY68
RS8R2TKrYi0
8EMW7io4rSI
BSv3nhEfZlY
9qpsr3HcZ0o
wNiATzCnNQk
Zy_rowHZNnM
-utX-pB8Odg
pFXcqSUi3EI
wjhlb09PmTY
ulXwTpW2oFI
YBpFeDsbcS4
xYWv1k4EaOA
WcUKP1sAto8
Rt2XBZpRXTE
9KZe6SXmP7Q
Mea0u1FfOcM
7-julcrwxSw
C4Kl8RaLuMk
awFQtX7tPoI
69FXjBPG7F4
rlcHaZrpHWY
uakPzowM1V0
dbxmaTs9syM
9OFs5W3KULo
USMd8kMhtGY
B6qYJEHIFUo
IHb7EE9bAJ8
rkhxMdilxJE
r1bDSlt1n9M
u_IHYLdNBBc
Z50T-tslrgs
ym2Abl6S2H0
uNJiQROElck
g8w8njfGgls
JsbUetEhJWc
NdY8n2Pi79Q
Xp1unARpCUc
D6h5bvxnBKk
mpjarbF8WTI
_IIFX3qG_Cw
48cWFG-f2eA
uItyGagwwfE
_sGxUYniqyE
XLt_COjPzog
zwhQi5rKKEY
ze6lhJgz2Vw
3d_osN0TCUo
Svy3m1PYyd4
lc3PKhuQQLo
VcidL9uXw6A
XVmUOaBF9SM
xPlz_3rbjN4
-PvWht9J60I
Lk_IKBPkGSg
skrSif0vhOk
CuhV5pvdt8I
ZqyBM_OGwPI
7NuKb9mk0ac
_JZot1YANL4
lTJnTInZmfA
zf8ZEYKVDHs
VUJi18KswEg
Y80bAvdDWEk
nmfDTtduRh4
pUVhF3jDG08
FLDFGdogb70
JgUVjKsP_wc
w4YbZzZUkKs
NC47IDOdowA
q_6OAEmnMUA
rKbRjxRenlk
o-vMrrZA3cM
WcUKP1sAto8
nfT2IGoIPwM
bgxeB84ccZE
q6J5I1jjRhM
SR4ewPdI42Q
6xWHbjwcAcc
wCpvG5RS55s
j010csM34dE
0u2tW45m_C8
21DfZSDl3SE
kpy_hi3ZAj0
fIXEpwr7FBk
l-AcEmTDItg
RvQzJIB8Sn0
EScvgGxFq4Q
RPtvE9eIXso
uvTgZ0-ra_E
jQtPqlh5CpE
H1XplZAvTQA
VyzVCcICJeo
p8NGwpDc1t8
NCnRZC_J_mU
_D5ZYrmwF6Y
U1W9x2N2TL0
GgqpXGViOXM
EEDDVbnYoP8
M9-oaje-I-A
nCzDxea-AmU
z4n4tawPUQY
aPlG_w40qOE
ypRrKTDz4Ik
BgD3V-IyVT4
ffMUKTelAPk
oZQFN9XZjGg
Jk-cfJXsmgs
thexz7pvIyU
-33BUmx91BE
IxrN1HuRt08
cGXHDfZJ8PI
J9pAObqHzXI
2kNJsRjUqKQ
x_4f5iw7Wy0
i9vVrjHvF-Q
ze2aFVqiQtc
VjGmf9vgp6I
sb8Q2Aoq7Us
KEU9NsrAWOU
YDDxxP7Y4Uk
S71MmB2F9lI
J6wYm3vFxxY
r38kK26SieE
FOMoO9Yygm0
5siSa4A9M_Q
R_ck0Nzdo_U
c9U1rFaP7Lk
omxAlcnn8uE
9y5W9WYBtK4
kzwAccckDaE
yYVvUnnwW9k
44VEwsBfux0
YPk_xkyksfc
sWKDu8Irtb0
fMt4NjB7EVI
BSCxs_KojPc
2YNqmrvdmO8
PgC3uLPqEYA
AkOaYwt8MBQ
zGLJRpAKS6E
q_1ApbLzJAg
A4we9sJMet8
s7KkSt7XZ80
q3nxsdQt7Rg
IYY8Hi6VGvA
CTwdPMNOITg
XJFdru0uj8o
4dJG7caq8g4
0ixwbjBoXjA
pSDE1Jk0wys
-71zdXCMU6A
VIbh_HZJ3tM
uE0Lb5nlxao
RCqsxdPgSmI
Q-L5aDaonTI
UsQO40h8GeQ
pq0Iez5Jozc
9yDK9m_CaxI
PlM9BXfu7UY
7xn8pwFLoiY
IatC0iPk4kw
HyVvjAdbaaQ
Mmhs-jjaNGI
HfZs2XQxYOM
XuAoYJkqjzY
YPwOpPg9PiA
RV2Ww_mJvnc
2sG91e1Wh4I
Hqd1B7g2I3I
KOiY-OCCRjs
8R3cNRFPVxc
DFhB0V3O7xs
XvUqOHwyesU
F5pMSEerKVI
38e1o8Trl-A
FnhJ_-_zCQY
cexV0vHbo8Y
l26kaHn0lPU
RV2Ww_mJvnc
GibQqawLOmw
XD3DNohjBpE
a03ScnU8d1k
RrfQ9-xpru4
jhaMtnjGhhc
pG0kfRRJYVE
JPxGCyLrTJk
JBOCyfR0MR0
AyxIQnPEeoc
GpvE3iwE9xc
WG8kkcN2evo
r8sUWaKuQfc
A_qrN7Wa55w
SohQiM1uG7Q
V3Mwit66h4w
KgCNQ5yWc2M
cEIjaHOcGFc
2XXM6fc0zzw
jUlWDxhSlt8
unX4FQqM6vI
RG_eyn0fRXs
akh4iSCqLJU
dVftoyvvo7s
eANZijJUOXw
N8zS-GJXg70
U7HxQt2jM8o
Zk-R618jB54
zpU7L6Mtgxg
lTj6N1Im4FU
p9aaTSn8qX8
KzGem1t6Q9A
QIhs8PHb1mw
42qbHeFxdzE
IaY24gf19s0
KXwYJTki2JA
d1WhkX6u5-Q
9MGI58cnL0c
5fVlGAY6m8o
L5EdjW1rTH4
1H8evVn-z2A
aop2ShYJFXI
LwrITolvV8o
ifhrsn_u6mM
w-oTh3gftUI
tO_C7d56w6g
YNSKwxBzBo4
cP-vmK27UdY
k_gV3voD7MY
GF9sziBItQE
AANHGMtiOps
FaFwSCUY_9Y
qsHnEnadtRE
FIzek0mNc_4
lnwX6KlHZMs
c6W5mAQCNTM
zKwSg7OyvoE
zlYvCqbvXuM
tB6YxJgi-TI
lOqHWLcDs18
Xd5umd_IXVE
phPpKMf8XuU
QDWvmUobT8g
i-Kj2rg58QA
Go5v138a-GA
e7W4KP51o_A
oRJ96wAa40A
6GB42jslfNU
NLM8pXPBGmg
wooGL__-OvA
-CpE8K4ts6s
c1vMT_DjXYc
QUW-XemFSFo
p9npcWXf4GM
NBWWX4ViD3E
6j4Em81CuUc
tQhF0Tj8TV8
VNJayNQVyTc
9fuMxyrV-1s
nhcsPVLAeXU
Rk7GXFN6xs4
uuQeJeILHcE
Jbt_hVoQuOM
tvH-5rBEsgs
KTTyGZRgvOk
X5nJTIdMctE
24BsHv0WlXY
UrH0F8n42D0
IdP3MmLGNy8
GgxJmlc_-Ro
bQUwQNZXWIo
pYIcmz2c9Xs
jGzKB5_T18E
fU3S8_EEtFc
bmO4jofOYVA
HNjuuEY0Eew
sdZz8vWbt4k
GgxJmlc_-Ro
YaVcL2Ere2c
ZvkFbhpq280
vkNVN236M20
0i5emhTHxk0
fI-KPJKrfRY
k04ed4rk688
BkkK_kBjOn4
h3o5DyLX69s
xZdl0kRFG7w
EdRV8ccyEE0
6WroiiaVhGo
1H4R5e64NDE
v5eUo2R_Lrc
GhWJTWUvc7E
A-JxbxulWJA
S_RHoUihG2k
fAOq1_qIstg
EBWWseoqBsc
Ot9HT0QURAA
_PgWEE47BW4
vGeGpcJLrd8
BAjPC-O02xs
AYJizul-76M
k4H4zHcFrgQ
mFaKPkhNrmU
Yu5bQPOtHOo
dKVVM0zADI0
yPAZBdMQWtk
8XPDCGlP630
3VIpVnR1Tkg
m7AFOzZVpsA
w1-HMMX_NR8
7eJZcrTZblU
h5RqYotnlaE
swuo-csgqJs
GPm6PjUSV_Q
vd2dtkMINIw
e10oGBhL_dg
itxoq8VxKIU
VCZh581N74E
Z5chrxMuBoo
XzRLK6OMOe0
SynDHokAP_c
EUDZwd0aM9k
aOaPqcD5mrU
VlbJoW9Rty0
MX9aMmHMgZM
fNjldVwYfqo
r-8KV_GurLY
zAhNMDGMnlI
XMOdLx9BkMQ
S0Vo2-1KC8s
CqGwseHHljo
lM5HaOXf4F0
g6BK5Q_Dblo
xHNBr1oXnLc
zxNWrcdktvk
PAK10UAAHIY
vJpRHQ3IBxk
wwle_lQ-BFc
dBA-D4mbd-I
IEgR3c4Wbh0
OSkgNtuFi8w
GxZpRclZsMw
TIgKx-zXrnM
gqwf5HQwi54
GrtccgWxrU8
GXcRaEaCVks
aiq8Du8_oIg
QPYbN9xrbTE
7ebTK02bap0
Fv03TwMLvwk
fdsj6zClLBU
FF761VL6I80
YMrVoDjHtUo
YFS5JBgz1Xc
nqON3w8E-d4
LuDwwHJl0gk
EjMsie2FAXQ
p_BzKWTjeS4
aBhkU9kbeks
r4exfYiSIIc
5mBiac_dhbs
P5YEoRF5PaI
Shsax-1RxrE
H-UicGeOHu8
lN4MRYIoCS0
UjLcKd4j0YE
u4DfENVEuFo
j74eY0sgzuc
oYALCk8Z3CQ
L19iQjE71Ws
mpPBqs-J9lM
qSNMIn13eUw
dieRrAK9rfM
L7Uo-JpzadE
FmE9VTu0W_Y
3ra97dGfFXk
KrKEZIxFB64
okZuN_aSpL8
uBIIEIGQU64
g8K312sz9to
1r1vJZ80Z7I
nl9F-fBA6VI
aLeRif38hYU
6nWZzKbDyng
Nw0XvYQHlwU
s2x3BtF3vTI
L19iQjE71Ws
VBVEaifDx_A
27fko8aebbA
IyfktmYqbRo
ijaPzhBRP5w
1i9aDN9j_RI
378zVUpeopY
sOwSoAC2tEs
8Nd_m6xPe50
naeRobXFO74
1CskVJogsyw
I1HQpa0pndE
0nMYv6huMXg
2vypNycl8Ho
v_1irrPVt4M
6sQ9Yhh3wY8
lj39HWwriM4
bdhiDgO_O_g
GYhsYLG_lQo
svd6RR-Z9A4
NDRCgmIW20Y
2L1oBLTICx4
gArO4Sn-zfY
H-qY3GFlqPE
j3EGOEs8kUY
_ZSHNAiQomc
qG9KLE-F7kc
KwOAVSprv64
wOxbNaBD2aU
N0KkU-4PIhs
RJvrGtuXCcE
SUUHH5lpLL4
v8XUyQJUp4I
qGfdtHjM3EY
Vjs7yinr1dI
NMJtieqVUc4
v01SxXui9XQ
62jY9hOoEtY
Vn1ZvmHxWpI
OO7A2FIulvs
nvpLN1Rf_k8
9pDUwak1GA4
mPiyDWFr-jg
C6_M9n2qLCc
8UquJ8SkfD8
DvSA4A0ulEQ
tIeElPmh4hQ
phCvYuNzDsY
uHfwp14UyVI
IeorJIkPN3I
dX3hvc_24Uk
oQUtV4YB-gc
CPw91jgMb1c
Jr7eUSfsHu4
J3C6yzYuVC0
qULcQ15mzYk
rRqLSiLuQgA
84aXqhFCp_o
5q-jffXGx7U
xjqbxilAPQM
Hu-2EWjeF2o
a5F70OjAov8
CxeZxQjL5Qc
OKvZfs7xos0
Gm_fVFNx4VU
GXsRTdjJKck
hFkNx2UQGNQ
Utl-cvfVCME
dtpRgMRiYyY
44F-hn1-YVc
qfX5Ha9uxPM
AjoFdc91uFU
wws3PUmzvhs
k29aEC3GobU
726BZat208A
kXmu5Hmp_hs
yxkxFOiIeLY
YX1gTVa1N78
rsaWs59cJEA
WBp3Nn90JmM
Dt5Qv9tUObI
a2leD7K-i5Y
yjsjIq--R-A
s6uX-1qAB_Y
Bn8ZUxoHj3E
H1Su8Qn868k
lJYy7BbXqVU
VIYONtPwnR4
KgKIifGtj4U
4cgAfNKuGRM
aR1TNEHRY-U
JE_HZRGfey0
hFkNx2UQGNQ
NRtrKp1bsPU
klE7CXkUTHU
5YKkcUcSpMU
QqE4mJl26uQ
rYZOAZijZtA
Mt8ooCms4sE
lb11QbP3tOg
tKQT89byWVU
wiJ8bwTi17U
DKfGC3P9KoQ
zs_9ovBoXWg
klZWuI6Fqgk
_lKjU98cYGg
yJTMos-8dqE
mYPHQVMkmY4
cZzXEa9kpnE
Jk8ouL788fQ
H_8UBv5bZo0
Zw3j3piX2Yo
FdoB1501gUc
OSEkM4okFu8
H63Rl6i6cN8
7GIDDaF26zE
v3xXTzZkncg
n5j5EW933Kw
pywF6ZzsghI
ifDCmRBElPY
_KEdYXjsW1c
mSpJDUAeHOI
b3hLS7fJJwo
2Br-FEOAxTk
d0kOHr5Lqa8
Cw6lFyy8jIk
yj5YSn90DVc
Rq1OmTBM20U
Q6e7jHdaXoc
Zdmg9QySDTs
pvc9Fr-0ClE
55CziPFnPqg
To5vVfDqV1M
4SLAXb75DAM
qOyJ-ZZSMWU
Y1SMm4mOV9A
fFiR_iBVK-4
i2WC00LvGAo
1f1SWnbMknc
aOCLDaUVCm0
fL0GXzFhOg4
ei2i5qbk0Ps
VXUwKaG_75Y
ewCSjiZ7Cdo
__91xbHCDes
MdcXKrpbnrM
kJA17hd2DCM
PMDbR1_VtIg
E8gMBekLVng
6P2NWeDezhs
sKUiE9DBkKc
jQeZr_-4tuI
R2foZsHzIjc
YfQJed8PSLU
s7jBQIojzS0
9dbkYDcAzZs
pL3DW6-xzLc
oZOaRYn7Qpo
Ue7ImIsWbLU
3XFQQdHvObI
zC7a_gQB9YQ
zNE2uh451hU
E_nWM4vjgqE
Nl8Je-mbD3I
1JLfqBsX5Lc
cWFMqUDy1gw
EJk3pLWxs4o
8kCFwMENYA8
mDlhclXHZF0
92jLJVTrrSE
_POYQAzC3q0
ML85PFluEoE
sCsPtUo91B0
SSoGR4eH_zg
B1RhAWzUCsc
8vXCEbE5BcM
i2QOAfWLedE
JSS4ITTZAwE
b0Z7NyrUz_0
JFttIp9e24U
bZf-BZk_9ic
OZY55M7zwr0
5oylXAgqZY0
w7dBu8j3OhQ
oq7hUW_Ui6Y
_-kjM82cosA
AFTPyvO6kcY
HKwNHpPSzP0
KVDYAe507zw
lLlJJ-zsbss
O_z8Ky0TjMg
P0UZHUnB5pQ
oPy97-kBt-Q
TloFkJ15pVA
9ExiA_hIL8s
noibGap-kRI
i9GPqM9X8Xg
kOS0umAH_to
rang54OIhq4
nCR0lDMNl9E
vmtOtbulQY4
w7dBu8j3OhQ
39hul6e6VeA
2DbjS9ZCpRI
_DXIHyvp27k
S8etqxsbqFo
4eSDKBFW0iM
yX-h5g7KcLQ
LeY0dgSF9l8
4i59F7FALuU
1XVSFRAJuq0
UDekZGJ5Y-c
JPe7IAINeAE
ptA4fT8Qaks
f0n0-df8eec
M0S9S-UXnRs
GPYzY9I78CI
AzNWmFaOqJI
bsaRKb_MmhE
TyyIE7dkKpw
wu9R9UbccAQ
lsv_Li2FXzw
x0NGSdZustg
fToSQawLxjE
VewMa8uWk30
rXAVSld7xbk
q50U9lFUPLI
pjJ7KMClEik
wiVLMooGY9s
4rXWru0Qyok
swembYe1eLw
wY-6XjhghFo
WEPdYow_ILo
MG_-1099UM8
RYl_Crw3WoU
nrPU0GUCuQ8
qyfsPB36TzU
CApscmt3XE0
ODF3W_14fgM
IzUXT3_7tWc
ydgv_AmR5fU
-bxmMsGc2Ew
gPjJDhSd-8c
VaoTKurm_1k
W3JZ1j5R8SI
rbbvf-GkJcA
kogikw3InpY
6iJL0Cgfutc
R33dwl9vjQs
RYSEkyDhqQ8
JQ41mQKvsYc
Ped9SxRukHE
Zj1Y1GdWfi0
wd6wmX6AVLw
XKbVxdg0o7U
Ql_jwm3-O1k
oeP6Pm3Xf-8
y1MHyyWsMeE
mPoAdTj5clU
sQKrt1-IDaE
aL3YU3NK9V8
ukPN3V7o6S0
9OpVQmEM_xI
4NHuXUXBZDo
8XGenzAFTik
U_uG1TyxxIs
X1Pdx1BYRAU
1I8jqwnES6A
RNMjYV_UsQ8
yvDsqc8axfA
OVw85DjZ0ME
0kdYHG32oig
Nffzkkdq7GM
D4jLlWdsrWg
d-qqAPOaLu4
L_4tAafaUfs
qjas6oE1Kbw
Inno2Lj8H5g
O_57_bGDXdo
RHKYxVjLbkY
El2tAZsXqoQ
hIGxgwOMuyE
5-iDUcETjvo
6H--Ku7_nRg
s4dXikMRqq0
8o5hvl-2Tcc
L97REgEmL2E
i-TIvvI_bKw
O_57_bGDXdo
SUqEVKahbrM
OUe25Lp0cDg
Zi6xbShYPwY
2BgWPH7Ky3I
fh7k0nxkq6s
p7O1Kq4AuMo
Y3PwG4UoJ0Y
9gFhhQcUfO4
jtagD45fCMo
Uq9RW6fI7H4
zh01hkvO93U
Drfb4Ef_aYg
WadnFAMUJkI
qGVx93PpKdM
p9JG02YRtOc
JcyGIwJXGLw
hhPmTeKSWSw
SggjK0Gm3I4
cIbqVXqBm0Q
3cTt7G6MTsc
N8ckQR7KCCs
hLmI-gsRWLw
kHZzhKyBW-I
deoi50AQEUE
d0u2f6nwwA8
cJf7pihmgPI
FMsmEQO3fKs
C1uvYz4Ers4
4Na2Ik_zPVM
zfzr6Pfjhdk
eMHsG3r8JDE
A4aAJrJB6h0
x00LP0QfRTk
i3yOGNvoc0A
HMBl0ttu-Ow
wBz90rYLKC4
O-YqzpfGGCY
Bqz5GRtZEVc
b_AtRE0hDbw
XGMiEgo9wGI
uDpY1_hR9qU
aQmBTRKOVTo
9WKDfvrD7vs
gMfuLtjgzA8
ov__8X_nJrs
oZMR580XIpc
HJekjkEOkQU
wZnEkjjwAy4
lfjtLZzwWSU
Td7-5WknPG8
JY0FRy4JLYo
zNUCmISvDss
y352QVOfsB0
QI_9QQThQcA
UyuWZcHBbu4
fhWTrz5Z9bU
VIGT1PwmSs4
h0SXO5KUZIo
Muce2TxDlMw
XqruNUT-w6U
kum_7D9EORs
vxokThIc9ps
VJjTOuUkK-k
kJuTmlVDiLk
dZlLA004KdQ
OBlZrc-APuU
qtNNvUEcLOQ
2NyfN-0NlzI
pmWYEGIscms
m6KgW18NK5s
_T7mMJGQq9E
IA4tE3_2qmI
RsgD3azgaRA
9LFSH13A9uw
NwMIskQYNAs
Guvv5olLxCQ
rj8_2VwaNM0
G51hrvvh1Cw
3cNSt4_tWFg
Nqz53G7X9_A
xriGhsFPR6M
5QMSEoVte-o
av9XQSLJyqI
w0l_DqVfHhw
tIqJVwZgoJo
-hBRTobuqQU
g4y8Eh5-4B0
KFBr3o4cFRk
jJOYPHVVwKs
rzjkb3MV2_o
3LKo9UzEdP0
qtY1Ce8KuQ4
b9yRmpcXKjY
R2y8f_8teVc
yrnyAWu5j4w
tVUI9U4WQ6E
Z7HnYlYFlaw
2tjOd7cBmZo
HrYUOtCTHuk
NEqe2M0B7gI
L4KQPsrVNv4
PWJdwDJLwXs
NAybeJPp0gk
bk_Kjpl2AaA
6cPDWBZeuOM
7ncxkvHVsxw
w_W2LeWe-RU
it9Vr5VHsdo
H1HbUqcXm30
Zukd0JAAYuI
p19nluqrdoo
8AlK72Uggdw
f7lw4_sgcDI
PDgF9aNfYj4
kRCalQ2q7vM
b7oLy8lhKew
R_h1m9Njm_o
099e1FxYL_E
lVyo712BBRk
V2nn4kExJMM
sn0klCD7Z60
M-KJyKHC9Gw
s1Tb_gW9VXc
Y6ve4_tkZZU
s_LOCS2weNw
2eYfLzwNWE8
DbSU8ekCZYo
9eFE3qbSa7M
OE0h0oWSw7E
KsA28k1Wge4
ayhh_RC-B10
QthNxRa8kKw
O6YNsmNV7Q4
D7SFugUQnuU
5bR62Bv0eL8
lLleICb7a_g
xcmOxt4NaWU
l8AXtDEv45s
Pvi0lTNHYh8
54o2aTVXdHg
IkTiSZJI1pQ
vVZpqCkA00g
SK8oO-9OVds
wlLe_jQdTkA
gVms75CEYJg
i83HLA3a0DQ
9FyK07sYlPA
3RdKiPxPiUY
JUWPUtm0Q-o
tnokwwHP2Jw
tD3XBOrw69A
e5-OMYi0cwQ
mzgLBvyNfaw
QQIrRkPYmXs
aW31_UU3syE
bsdYblcTHCk
jG6ROuWhSlc
kMqs-52DFCI
Hv70tOrUa5I
sELOUAmFHjA
7J0I1V5XNKI
QC_IieBnfFY
DBBhA_j_CIA
m46fi_E30iI
-R7kjNT8hkI
5L0GGfQblrc
izMn3_c13TM
6SG_-XwGcNA
EWGAg9iGPLQ
rjsAHCpCoMU
1jn0ZU17wgU
G7Lu3JfrWSM
ta5IkSsc8qk
SXbH-yzGNfg
CLDcuvYNQ_w
lH_G2r-j3gQ
JiBd5JyjkS0
XzbR0uXQPUA
X93Yi0Eh42g
Xg2bNYAFUsc
oV-EDWzJuzk
vxKcHTmbJZA
GRO1OtMTuKg
8dZGCx-Oxx0
PG5oj3jtN9A
reYpUJxocZk
oncFR5XLydE
vUN53FGEsHs
qTSYl7q5Q8A
L1Kug4GVoKU
glYzqOjxlTA
v7wSG5EIl5k
Hmwn51qeCfc
P7Y2vcTo_kE
wXQ3eNNZLAk
iJuQ4ZXQDxs
h48p1pkLViw
GECwVE53Ugo
8f-JHqgIVmc
CKjAZnsmtIY
-lz5oPQWW2U
tnokwwHP2Jw
MN2JWwfTeeU
Ad0zRG7BGu4
605eNO5PavE
yaq9KxfI_hE
0s1npr6VVL8
2sUrujWJU_Y
H8JA8y8NmwU
jQZJ5Jl41nk
fsSJKxZYx90
ZyMAFLVeEJU
fXxDwchQQ54
GMi57DtQoMM
9yb0BCxPbwM
hEeXeblddSo
tB4xdouB-no
hAHcgk4KGPk
5H5gc84v44Q
9Qu6lzwgfqQ
y84YqNg1p0U
vBqoA1V6Fgg
xK2pRvemj5A
ndIO5gDXaiQ
AksIurSZMPo
QnfhIR6Np64
zVo8j7pInJU
yXpj0xsANKw
rcvSq1BoGEw
0gjVqg_fReI
8xNnMKiB0HU
iufEyfkFYCY
8sY-qwEYjs0
ZlRTfe_OIWk
EPkFRBUM2rE
5yQ0kMTggLA
YlXyVdJoEt8
CcvgMZlIkmY
Xa8YnusB1hM
07Mbpg42-io
omU-uAqEZQs
PdsN_vYZ3w8
pVjIZ4NF1zk
gcai0i2tJt0
YJSunVllABo
TPD7opOpk6k
6diZf3GfhBQ
eaf_ERikp4Y
0naiEGWTvew
bnu0vE2E4-M
w1tv2cGWX4w
tBiILyK8eyU
j7iWoTJM6_c
1Z4mwSdcLoc
OGJUF3aAhhc
vgClqOg6dQA
166NrR5A7Ng
OA49vad2TjU
H21HFiG3f80
WZ_ox53qDoo
Yoh1W4qiL0s
10olSNXlfrY
cjPs03oR7rA
LFj8Gw4maXg
YpEIOHmIkXY
ptX6QwRjAIo
pLkBdD-sM8E
bEWXzW5PC40
OvqKH3qqmoA
iQaGiGugcKk
8Awr1nMlz2Y
qX0PGq_oWGY
n93pWSk3EAg
6W56UH745o4
g-AcmDoK9x8
m3NJ-Ow2Lvg
rMWChtfAfn4
RRXn71QS7vI
c2KlpUffLvo
44LI5sOq408
xbXZO9Qc4Ak
r1lVVcvXYOA
I20_1bTG3Jc
EyoXk1nAfh8
n7ylyK1ycmg
uqhev0pfReg
qu41ia7jJXY
yLe6XqO0_1I
hSUxuE3EPo8
JQuHSQXxsjM
2-4n3h2hQZ4
XpUUUUI7ruk
nazKqxCt5NM
ESaSCGCEZRA
4Q_mY54hjM0
aRP7HKPGH4g
Nw4Kgwlh0WM
ICkseNDQLxM
orL-IWR4NJk
Tl1i8bNV8Jg
61gpMDgxXsU
2-4n3h2hQZ4
GiJ-dLL67Ic
Iahc9N-LrQ8
S4jD1bQYQj4
vqJM80MZQQ8
ua6n-3TdA0w
Bs8oZ9DtXFU
HfcmJilqHm0
1APhzJ7TtK4
Q2Djj-AuG6c
jCOUS0PkSfo
BtHCPlE8ZUM
LpwltyMn-jk
m-3g4A5t0ak
6yrEsYs24_o
aiEuS5zX51E
4iWGFxMOmKI
lp5cMzrJ-_Q
dIPGhL3bysA
GAJkP_CX3EM
O9J9OZKy39E
jyrhk1W_YU0
m_2zqZx8N5o
Byx7jyC4pCQ
62wiHp1xgRI
SoMnIfEG9zY
-egUK2zaZlo
SPTSrbM7sIs
l9VrQ6tBRBY
3lPgdyfjj5M
ET3XR225Ets
9ZA99XiYWkk
pxe-LrZzaMQ
XWpLBwEw2-A
v3oOF6LxDcg
1TXMZ2WM8rs
3sKwBpEeH90
v5q5wuBEs84
bYS_4CWu3y8
GN0lUuRkezU
rrd2Lu_W0ds
Mn-q529ExFw
IeZ9EAAbd2U
0x_iz7wF2mw
ePzcahpOBMs
p1tXNEGZzKQ
N7t7ie2YvGE
18UXkFWA6Ak
-4YX7ZU3pnU
xI-820hpFxg
J4v_34RRCeE
Z2RvYPfEJHQ
AG_b67t2C3U
QS78RU6mmDI
tNq9DkzejFk
hgenOvc8pQU
yRQdIC27RBo
FN4eDk1pq6U
HehkATa8wis
ny5OQxLqzEM
jOp7r4QGcyI
bjJYlaR7Qu0
2hdQrZYm9ow
sS7rfcbxdPQ
Oz1z5NDqmz8
Ktmi-HCDosc
p7u--e31oOc
rjS_RZYlxko
CSN9Oc63Ag0
B4-2kgNeVoA
Eokh7MHODjU
WSV1i40cpcs
3FrgNtdo3Vs
wbZSLSwAysc
pBDARw5fdrg
_KbdY0arKLE
MewmfYq4Wrw
JA5f_YSlxHQ
Rh18iJ8gSfI
10Enxde3ZYM
hmKKofJOyAE
HtyD4LoL79I
GSQbbwchqCs
6cg0JgTbJAo
OhjQS1JSVIQ
4MNQjiV2czA
cvH6cDT6No0
E5EoAxFs02o
E2ndfrBKBDg
aIN3wKudqc0
SGndK0EkxFc
NOUR2o5FqT0
g8eZRltJHgI
ZrQFsNom5eo
oFbCPsX-gnk
iIvzuoacKQM
dkSvP41pVs8
aHODFD82j0E
WUFCkZ6522k
yJ6tkNcRn4Y
0XEBUELeUog
dlHAFHOsp9Q
70c8NOqKVy4
bw_67JDuacM
s4vRtvswO8s
NfHcwl2cWZA
8wZalVOqVRI
CpbM1nPdMjE
92_PGcAI0rk
S3REdLZ8Xis
06wY7jGu1O0
fVLQhysuuAo
32kd-2DEHEk
aKVsaVBbGQ0
UnZlyouz9s8
9D7IZo9aa8I
vhQ9LTQO4Nk
-HpBHWUPa8Q
1RcJZsJPnpI
35AYVxct_Gc
REJFOEjwy_I
rlXRWdjhefs
Vsl4evw0a7Q
b0eFMfEshMc
gj3RskVvVLA
RX_9iBhF5_I
wnQfBTBX1DE
G-YYwz9oSPM
K-TNJSBrFEk
08h1NhtgGa8
bFSGSu2muBw
UozcQfi2cnk
UtIDK1Uj5pA
4eHhMD_gtXQ
J2F3XtdDlYQ
lrCCHCvtkAQ
uKeXhfwjdOY
qEaheYVf3U0
jH926AzVEDU
mYIgSq-ZWE0
GPIAiX3zQVQ
xFJAcG0JM6I
IHpEmD-95CQ
fbSIFwd4ZgE
nKRbvHW0Qoo
zihTWh5i2C4
FEMdhX3gtCY
y4vImImvBOc
3grzYoJ2oPQ
OJSogZiDJbs
Sqb2_WXxKjs
s6gC27ayaeI
6csI0dZzFRQ
Do0RaFcJrVI
fmcIUO_kn30
1-PF32jdqkw
JZmQVHcwKZk
pPzLoCB0XIA
JBTifDbqFPE
QkxcO_MG4Gs
C0fxVFw0LkU
pUCjM-CvHeU
kFBJTvPh7Cw
mayGAx9ngvo
qwOdU02SE0w
28hzKbcLlWg
viisMOc1iic
xPL7cebKI5o
1d8xv1HHKtI
_gJJ3aDif5A
zfTLp8kOULY
mhr4TWmMm98
SvZpF1R6GUo
GqpC3aP_6qg
v6uVnyjTb58
WUHRaoD7d34
AXoba6T2fTc
rUgT9pZF7Q0
dVxTirp1-78
2ViMba2PYSQ
EQX3M-9Cu_M
yj2sW_KINps
HQfRZtC7MoA
yueTFyH0pLw
19eWPtlHeqw
r19pt3d3bf4
7KA320uZ__0
BIJBYU3LKJQ
RRhjI5n5HuQ
9q_HS3rStWk
8D69yLM0qpQ
MK-ohudWUl8
C8E8usVe7-s
JS6wFjAXL90
rhdZ2RfmiXo
TjyGCcnyPVw
Oel7vPeHKLU
XqJFq4ybfgM
13SVH1Tx6Xs
0LnJkhsUR50
QQBOq-hdq78
ilSyu6OskVw
N-7ThqDiVFs
VKH2JlGdP6I
Jg97b7P5jKM
tCIGyv3CZi4
ABBBUgy1--o
gbYXBJOFgeI
mUpybNIXLb8
fNK-LVsXkro
oUi5uiOJbDU
l6S7glyx9qE
Q5mQwD9Gt6g
uOqZcUdbteM
qD-3R2Z9jM0
edDZ7MhDq6w
2APK3tlPL_0
Em-bzmx-YkI
InA8_otHwe8
MGIxw3Sdkjg
K2O8YLq8LMo
jSiWK9BwxyU
YKmp9thmeGY
sNooDVH2Arw
szEa8Y0cWHM
LmNL4GFGHR0
z9xEb0HECSY
E4DTaTd8_nE
xNzQTf0-AjA
jds0N9pjWhU
BKto8nIK8Ik
0kCLjzS2Lj0
vyBRfBqBfTM
uVunSSeWP-0
RzRuPGnJxCs
w2a-CSclP24
N_sLt5gNAQs
h-lZg6juPM4
woerUgtufUo
SOwq4zLcH8Q
NLxAbKMEIYo
a5iVNIXxVkQ
cKuw49KBywA
BNRhTpMsXRI
Wr1SY3c3KdM
x5F-5w_mQxA
j6gw1fU20w0
P8A35721r5w
F7Pzxmgu8KE
C3vr5hkG-r8
gu2m6i9pEaQ
2hz_IhlgTu0
EJ5rx5lDIoc
qms7K7jK020
jFW6HU2cbMk
KGcj8ZDlokg
aeO8UYgiLOg
TrN9SiVsNJ8
xS6VDdZqdgc
g0efGmqvN_U
iZuhWo0Nv7o
ZPwU9K58_EY
NJ-IfVHJH58
sIoANFD85NI
oghXHN9X-FY
F9DLUxnr2yg
P6EOGDnUgS4
AHZ63DmqtIs
UWbnKPmB-DY
hosUolDbhI8
Dle_GvFIbqY
4SCzfuJAyJw
Wig3Kdjzngo
6wVsQsR4TmQ
mzY599_ktwc
cKh471uNDF0
KmzgB7PomUA
B4h14p8Rvjc
95IrqE9phLg
XupIUEoCPtg
afHd9EhsJ1U
fBEoXFLWs4g
vajSK1jV56A
_a1rscV5ge8
LFUNadZnTZQ
w9Ps_TUAJxw
PsrFuXefZ1Q
r8fcqrNO7so
ucTOm1g-exY
-RHX9CVl-II
sdr_z0id0ZQ
oLtwpu2QgHo
0cudjbhSnAg
GU7AnA3ndJE
Qcig7d7JbB0
Sms8No9UuF4
i6c8t_YRHhU
yVJlwQsl6Ms
XZpeoGM9EPs
ixwgvxgmw_c
XQGeeAEIicI
oLtwpu2QgHo
tyVkwj3uy1o
x8ulrN-_RKg
JEGKQnuaOVQ
b9goP6vIMFI
lT48UQPT2Vo
dg0qHdj9lqg
ieIyyFksEzk
AQaIb7eZz7o
QhhfZvjka7c
UpZtueVbvnA
VX3c8uDLBY8
5uj7gGC23-A
_GZtYPLkhDY
FGQTcQhL08A
Rl6rb4J2ihY
bi7U6oD38Po
DMz6nysA93U
Q8BqMPDQwyM
A7MeJcE_P9g
03UiUadgHx0
cECCtdxips4
EIfGh7mAmMU
xM2PuDbDphQ
aBLh-RkbpUc
_FibuHyIHnU
5mtBTNQHMXQ
QCRoWnpI110
hF2QHevDHSw
r_TjmVo_sKc
od7EgHIzK9Y
XUG-_LBT2Bg
VFoUh3Ph9i0
AtP33OuPzgc
9hDDwBEobtk
tGkvjVl3uSg
KZVtW1Burz8
TK-fo7tl_dE
-heu1qhxX4o
XKNTTG-vmo8
YGifg4OeOK8
BmLb5EuqV7I
wRiii14SAxs
S2PqRN1mK94
2Boqo9FIBqI
qE1dWwoJPU0
dfDfhMi-Qrw
VT2bmIYr8QQ
mTk1UVx3PJM
hPv7FaQ6K9k
CZIINXhGDcs
80OVtT9sus0
Q266_WtFQ2U
pF_VDz3p1_I
xlu1e5KzmtQ
AzlCIS072_Y
nQfOMrEEmF4
tNd8qWPb_is
Qt3XkJsQR-g
V5BXuZL1HAg
oXunISvhddw
flZfJzsO9yg
4JyvKkLrSEM
miQzWAWykGg
_ZN6XBuxrt4
IPvfNsEIIu0
qiQwZ6inbOM
mrlaqvH6bzU
iBY3rX-20Bc
WP-_PpUz-nc
VveDqucdfnc
SNITQllLllc
prvpcYtoN9w
QwfB2xQ0uVc
7h-hLQbhZmo
JWod0jxZnTo
dyqIPAclPH0
u3FAQm9d_oU
hPLJHa6nGZU
ginQNMiRu2w
TDqDFD67GOE
bynfUels8Zo
0Rlj40LHIg0
91DrvRk15TY
gAhzxXRgfko
zoL2JNBMw_w
QC9ILtL2qX4
TEU9nATXrnA
aJczFx25CwM
0yc-_Ei2Yto
Ohyfjf0MD0U
XnepEGZ7Bv8
0hY9ODE4TJk
JEc4Z1w0Af8
c0BEAIKKhwU
ZjJx67-55Rk
wVFtJyWlysY
C9THu0PZwwk
aKMdDEU7ykU
t7qznnDOOew
0dgnxIdyxmY
_G6SYmQ0swg
xnorhiCrcb0
1PoinT7Oi20
ZKhlS2xrZMc
Kf2qO0plUKs
qV5vPjK7noQ
Ik1AK56FtVc
kbSAaUbinVE
_w30A765e3I
CjVQJdIrDJ0
PEUupWLPF0U
2nvWEyDbZJw
7Pd5Ndg0oJA
nUB161xAqYM
fTpIawwJ6Qo
_ZfDY-KY-Mg
hCIdQNvcLT0
leGkar14los
_yR-DDURdME
4GwXDDJdBFo
hS2E_bNXBRg
Vcf3A0rWTvE
FfGXXBVvILY
l9rNax9h2gM
u0nsxCsJgdg
HcKMv-va_HQ
TKfLKjkxsWE
_gGf7fXM3jQ
-yvsouBfRhc
jBZgANtcXm8
HONB_wezZac
-bsS7FczPas
cicCuAYkLjA
2_ydIHnkcCI
UBysWGJDJ0A
YoOfe4r7QSQ
B_YIKK6taIE
tIwVaDq2QPg
KqnB2Ew0SFM
MFZ-AsmxV-w
UQv3RvvVlxY
PF3nu4cYC78
iTGPeRfkfmU
utLIhympYyU
mU46YcYAnB8
ZzzVdhyKjww
MYa_LL86KgM
cFBE3RzmDqo
TYGr3JKi7jU
ckmJt3AsU4c
8UBqzN57FiI
-ijR0PnRDAc
KjVMaY1zgXQ
VvIBJVES6G0
jwLxbaMfbMY
_3PoWNPO0cw
RFQg-UiGJ5s
oBgehuiiJDI
PpvGhCPhMK0
Ijnt-eXukwk
fROFKWQygQ4
f_KxrFGhV5E
EzQYkTttj7k
A0ofC9ZZ2rk
7YzHsa_9Z88
G_ZcHPXARF0
WQdixpRRl3I
aUqes9QdLQ4
0TqbOT1Bdm4
evIH8sFqw4I
lAcS52QgIuQ
HtjDHEtTBFU
cXGdtnCN-fE
5HgAw3wueg4
cedhiC5NM-c
KIxXZa5Fwzc
5q-EO2PkrKc
ag1bf7V4vNA
iE-jYXqaL58
a3bsPwJPsBE
5eihnWosoUE
kacuTTfRgI0
evgbn-vPfdM
mHKlzcpi4rs
Ts2gyCTl6Ok
kl86UbQWmyk
UaU7BIspTRY
MGfhQTbcqmA
q35YEpw2wZs
FdmkBxguucA
8oD6eBkjF9o
p-A8GvUehq4
QyZ8Lu3YqkU
lCP3W6fZi54
pFosaIjEFV8
JEc4Z1w0Af8
zd5ZR9zudi4
IBx0xcCfcbg
miwyIhpR9Kk
lVGciXsgoz4
ZYLWHRa8Et4
sGQJdYUE4G4
_jOH7FvR83g
QTTW8M_etko
NQ1vkTRT7uE
WrvcuBwEKsg
kOCPyheVesM
y2f17aNrKag
KxdDvJ2J-VI
AW-9oTD2rdc
YoGwRYUeo1E
R7ZBk6kE-t0
L_Xy_DkvwKY
8r-PA1MSaRc
lIEUZ8hANas
n-Hdkgde38g
Um1ZnfkffjU
bbHuEMtB0g0
DtMqghgMsr8
7YzisYwg1co
m957RFPJQ98
s1DXL-Wvjzk
nHXIfkNRijs
ePvdqn9GdPs
tX-7xLHXK-Y
vftj3kvCVoI
DiE1_Z74cBs
aGNNvO2nIIE
n04HoGn5Diw
b_tyxBP__8Q
kfg_e6YG37U
q39QeA-uYSY
SiXN-LW_qKQ
FzsnPi3vqKk
2NOvRPMlyHw
EeSz2CUe0zI
HDSMcPdp9f8
gMgYJwoft94
Gymf7o2quLc
UgaevQBL94Y
JeKE037FyeA
A9j9ea6w59Y
03hnkPasrac
0RYmSWRRbUI
FP8TmGJWHM8
zuidTC-tUN4
JRI4H5iyRWw
QE7n1CDYOag
X0VyibX0RIM
Se0zYAFnafQ
Kl5ATK7tCsI
5kvbUHzCNc4
AXXhxqHU5Fg
-bsVj4u8Fz0
8pS1edpeGqI
M6vpFV6Wkl4
x3TqSJ0CYiE
XIeuQ2Pu01A
QUy97Q0oDDU
Y0kaycVtvhU
atE-_kDeqmw
zPTMTlj3wCU
o6gnWCB6S4w
LEk0L0bh-Js
1EkYP5oCmZk
Nr4HHK9fZC0
Y_TrCPZyd5g
daOf4QMN6vA
2QeFAeWqYp4
M8Mkufm3ncc
sobNKtzphpM
oz5icIT1XEw
gcAYoTPLH74
2XE50km7XxM
75CK5TXJ3ps
Us1t4f0PKCc
k71j-nGaYlc
fEvKo90qBns
Slr3f4bkLYg
9Jdqc8a2uKc
Oqab5Y0u60M
Fnq4JNR5Qyg
XKTYzMumdq8
JhJdOlPVcUo
VmzBFL-e_JA
iyOzSzcDwg8
60-iFyfjRo0
PhO2gshIVuE
YZoRX3CMeao
hNa_-1d_0tA
cEJrNkTnCkY
XdHHqQPMvH8
_ueLmnJTzhw
MIFVwOK_EDs
RHNWyV1wh0E
ynQasjpBTCk
Rau3bPyrSfw
oJ4hL9a_VB0
BXjRaoTPlPE
ltSYi4_oPl4
9PFYnDGDJqw
OlqMgwz8ULM
ke3SGXYLNFw
fp8H8EMm464
VBeJWzBRS2g
voaTkPZtfNs
tc8ktYUyuWU
nrLj7dSbyD0
kg109waNBeA
bY_IoyJquEY
H0jIKDVaS9c
CnsRRji57JY
ayiUmaV_ewo
2Tb0O_xOAto
OBwpoFhZkbI
PtBLu8pCkvg
qHnG7W5V-FI
uqQn3uUAgY0
JsmRw7a_1fM
hpv4h_B2n6k
lw9BnpQCg4s
8tc5njC0b1U
McfXsSFiY-4
4rdUk52h-MY
Ga2HKZ7QnkA
ab0wYg1z1Gw
OcxEn42D5qk
uFDfjzp1fbA
U3Ce3Vs0Ec0
JFwfiRI6eys
gS0jb5PFRUo
SS_kc3Ds02M
I7SeD_cxVxQ
XKhEftIGIrw
3OoFtgDbTvY
0Z7tOLkBbDc
YPOeVR4JA_k
9hf31xOhchY
qspa3ljf-LE
eCWR0A3iziE
8-GYVmtEdIA
MvdaYeLI3Wo
pwWcrdMjAkA
X1PtStipIsc
zAZVpsd2Nao
I2OGh9QwnP8
9BWB4fDDMVU
DHd6dzMTFgI
BQG7t7HgNRY
MGYCTUTXdKE
3jd-rAm5Xvc
2G9PjXlyeHA
_zNmx7h0sJ8
6Txf-O4h-VA
lwVqVu5Tl-k
s_iONQJZkD0
IN1meJ6v5Fs
ubQwCxYxjD0
aJllQ9d3pYM
O4rcsjHL7Gs
7YFNf1ix_yY
rZ90_kQaavg
k1tw5sowFyM
kaNO09cPS6c
Q1-bLhVPqbs
1OtYUgd-Klg
xRrmE7BFdJs
mcW1lbKmJaQ
rnep0seYgug
3u8DyMDPMCM
o6cXMlrPfl4
9XInkz_XcEo
fC_FGu_jJdE
uMxnxifmsuw
0pqFJct0WeM
Iv2AMw3ymeQ
qMxe73iJPbo
pF_b4SzTUbQ
r6_u4ZtigJE
jJ5k_Byd9Fs
-OCM_E-Memc
p8wR-GXeOQo
CZZbzthHtUM
Cj8yjrsBTaM
eth52qhUxV8
pC3_zdtXmD0
amk-1_wcmKo
w66gzqKBmvk
ruTBuGdojMw
6pm9R1d-7Us
1N43l3gXO8Q
l_FIGZk8sGk
l_FIGZk8sGk
7jYzfDlAUj4
0EM45CpeQb4
Gf3nAPQJSVY
BQp__BDHH6s
0mvHl-5p0R4
eGetsXib_zA
wnCxlIQjT-s
5zxPJs6R2z8
xMtGjBmU_EE
PSbsYQttrTs
2hqVAiCdkn0
U2Yp2miYHLk
8xDF5M7F4WU
6kFPJc3X8DA
lY6Hk8_eiKs
EtQqlYxazZ4
aTDPKsfd7V8
20g_JRCsYkY
BwGkvcxSXCA
dADfaRbEgqQ
u7TwqpWiY5s
_nNVsdSWMEI
t9M0RPNr9qg
wWIFGd8CNPk
qJ3M46s84oE
We09c5j6wkU
9YwkTqx-49Q
J9ZVDWtZI8I
-jzi731hbj0
mxuwiI2vhEk
Gnk0rnBQrR0
3xCdtzL5UXE
v8e0W0ZFnCw
2lrEAFjiaHs
MCgURkJbYDs
4QHUvygAVfk
I-ndAoifYyE
-TnhCwwJHyI
O3AqE0YV4K0
1VTF_ZMN8q8
9j2aTwNor5k
Tt_JlPCkQSs
r3vpQgu4BKA
KrQmBKPCBMg
wiL6kBPSzcw
V-J_JXEwfkM
Di9fwrZItHU
_Jn3zb04-_I
imtUWo2kqkE
MSIBNXCpWhs
5rxDtNV_TU8
y2LQinFAQN4
UrA-8rTxXf0
zmJ1VRx0mdo
WSLWwfBKF0A
uwpdC4HSDxg
ie6vFd6P4Og
yF-cq06C9Ck
CG6x9n5DHq8
jY2CegmG85U
Rtt1xTxkj5I
77qJ-ervy_A
ntNqEZsrea8
_zb_l5GpbFk
Jp_5flA_x7Q
nUGttwVuGOk
JjpLs-WRGsY
6gpliWGeEz8
KaOvQ4XzIro
fTTTs39OJ80
t6W32jfKZeY
LkuVestbXaI
zIx9bhQySO4
6mN0WW0Pogs
pCQrufxdkHc
K6izCYIIXBs
KZtAlkYuxto
_2vcnZ8-tAE
gjDhg9H-IpA
SgE5k7NpmfA
Yuffashm32s
N-yQbm0kc1o
a5o9RGxRbXY
1fgJtlVfp_E
MBTlb8Jfjsc
omVXo3qYSt0
Bc18VBkCK60
D8v7SbNkHA0
fRavO6E2Ihk
k15pMeksV6M
uWUPvT7Wh64
0T3FuxkkHqw
6buOrNLXIgg
m9T2ttlEDf4
gRGPfcrfVT8
UOHfKmrl_vc
grLJx_B5bcA
edRhQq4kIB4
qzu9xWh4OK4
ANU4-sqXAGc
UeZ-AAHXkL0
yhA04D_xfp8
-Pe_kXNhpsU
ozflA5G46pM
mmeJMK6PfX0
qVMFdsfTzb0
BWMn7RzdIX0
jBygjCyUbzU
6aJVpcyJ2is
iy8NY1qNJzk
pQy22qPH7i4
DQHkVVsS9YI
1aG4p_SxrA0
ASI8i-TQIJ4
V2KwLb-mefk
hXRe0N1hejE
cFlkaRMCqlg
kHE5ynGcSPc
ZYeFXOpHY4Q
bggcezsQ_P8
wh2xNcuOmVU
OxkiSx-zfI0
lCVK-uS5jIM
URmxWh6aVhw
qGuir8QtERU
GRmoX7MbLp0
ik6EgUJWzMc
lAd1E8vWEWg
PyCuiO4_fkY
grhst7cjKio
pf2FyuaXSwg
2ZO0oaM9O4E
Y_usxrvKvus
XMYEbx6qmro
hRUvZ7A9A10
gWL841Mqsus
P79YuTLWVcU
IajwlTRB9TQ
ojhz75XP-Ow
NuUb-wIf0TA
Ux353AFnhVs
BTo-DBuZRkU
QY8z2qjcKZY
JC5P7Bkm47o
umES4qDi7Ng
aFXAE92OCVI
zDcq2lmw0ls
ue2U90VJJ3I
dplB6NEZn_Y
5yfIWeSVPBU
elJUph-9RCw
4WJ31KMBvwg
vvSUE60KyFk
1T1VR9A5GgU
H-ab4Mux9LE
sQuwFNSP2lw
mZ9xxpW8di0
0ek-219czR4
CfLPdAVKo5Y
1rJl0W2AYYM
e8iRPm0Bqgs
03JcqjpLW1k
x5o0d7SSJ-Q
jVAHKxsA0hs
BzT-tbNQkaU
VkI6A7SkjHo
tZmnW1zvAWk
TsbUjb7t-DM
k1ANT5L98SM
bzysApupTcY
lqidqiNLs7w
rPJuoziJaE4
XpvAYdxVVqc
96zig0emqaE
wD9PKMWdbJo
veet6xwAvno
MfJ19TSrKU0
Zn2H_WVOr60
THHLWfsO6-M
mrk2wKN40j4
oK5SuHQsoI8
N6RooAGxvcg
C6p-55eQsNk
xec-PgPXWGU
26f0tx1XMdo
C0sLNriFQ-o
Cq6Vi5Y1RLM
cNDb8dSnY5o
43zo82W7aPI
Kzo0u-Ioqbc
yC4q-dhaTYU
2NPF5d4TlmM
z-7F4B4uR4I
DCpqXlGzY9I
tZ0MYSjVwLU
8Vs6lmUbO1g
EnhMZc-FfiA
N2E9g4X4nJs
Xck_eEOykkI
E_XWuIeuN1c
D9MdVszbJ2c
H7MR1vqsDEg
5z-UqsF5HYY
jpojqAl-OAg
mLquizMt_BU
WRna9bkcm7c
BPZx6wG1rG4
3oxiqGQfZTQ
GJ5cNdwBf_0
DoS9_Mr_K2E
IThYXT6HQ2I
qi5Pjgw38LI
UkuNSK54QTI
RS2M53AKP8E
A7M_mqXzpr8
ZTQiSxiVrs0
FCLyrcre5Ao
D7Rc62PWBRA
zSmLTaA0CCk
IJQjKNgZP9g
af3Vq-C1ck8
9r1pyhSHPlw
mAk1MX3ES_g
8rsfN_-YB14
o54j5TiCRLg
-BANStTafds
9Dz-f8gwOLo
QmE2HIe7RlY
Qpq0kZnWZnc
euXfy9c3Vuw
jDGtWg8kwCc
48UThKmf7Ss
wjg4iQsQxaQ
BRZfWOKoYTQ
WzhIs7p2090
tU8jCa_dKTM
0fXzCEICm6U
boJ489xuCzw
hPitIFnVy3s
1_OU6P1uubQ
O-Wlc2TevYM
hkh_5HFm3U8
bANLWbJTwLs
HPOewnwgO0Q
qOKSExwSx94
Qfesvsk3A9s
psOA3YZqcgc
XJEoDt-4ySM
Qg-QlJiscDc
JyFtISV3ylQ
kCJhlZ_nqTw
EZkLe1D751Q
693jsGpvDqM
a89ftiuW7IA
4dbXByPLj-o
5IYlPla7i7Y
-TRHIG5-CJc
90VsKu8RbzU
iv31oimw79k
uyvsaSLufI8
k8jcvV9XlOA
HknLH3nddlQ
ztLZcvtVIo4
_NE26seRts8
uO43TE2LVY8
d5IWhSKeZdc
8Oqpe5WEnl4
p5g73nsIDfk
wVubsCQpTgY
HfqH3nOrv-M
5JYiJwDob1w
JPpk-1btGZk
X7glNjmOtdU
hGPyU1cJAaM
BYopHdqdxcA
AFZ1Yo6QGNQ
jBqBoM_YRqI
fbVT0limKn0
2lKd8SyGJWA
QPbSw5Yo2TA
6LlWJP_rUaU
JoUAZGFkWlY
DsuFRr0Fl-0
fJLaFCKwVEI
kwWy7OtaSM8
DHma3ZQRVoA
CH0syK4CtZ4
pjLHsUOraHI
0jYm6JypmUg
Dj5nYrF8P2g
mApBa2qKVDM
2tUCbClRPXg
S0ZODdR1sVw
BjwPrew3hZA
cxFfUsDgnaU
kEmhdtRY9kI
sKli4GN7-Jk
8jNPbjaDiRs
Xqvi7AxqfcM
lZ7w5junaNc
yf_ijizSTAE
eFZy0oKyRdM
NGhgHV-l104
AKUIxaLEGhc
YTIRtv4s_8I
kt3hTGpfrSE
WIxFL7_9hfU
_P-F0FHzMbY
Kr-GLUouilk
Ilnl4SRv3hw
2-ZVDvV5WjA
tfECX8VzkIQ
OjABfxpiuN0
ABlO6o_q3lk
d1onwZl968s
R-Di86RqDL4
tz0dOMoVMMI
TDPln8cDL2Q
IuhrctpnFFM
RG37qEbSTqI
jp4qNzB2Vuo
5zkC9IMQmYA
O3215lFPJi8
P5gtkAYny_k
ahSwXlhdkSE
QAkRq021E4M
5O3qMmqo-48
_6FBjevhYyI
7TcQrsQDCsc
wlCpJdgCvNY
kWMcwfJt11k
PvmZdWw5LEU
jKmoGiDHVLs
hiAMAxNXUh0
9mkbaD08plA
ifqU2KmqbAc
V2ZOSZZTIiE
kRrzfermosM
v6Gm8oYfUmI
tiF2zKTWwdQ
OT_KAsU06Rs
4CKiBvN5jM4
G-UTuscp-r4
frR2DHBqtCA
C7rypY2hhrg
H_4Z3OL12zQ
lHthW6kh-N8
5vtZiK3-WgY
Nhlx67QiP74
58Dpwb5DaiE
r8JCSCVEvLU
TUB3I5QV-iI
eQbigp_SHeE
iVoceQwjyWk
mSTSZOwMEW8
qXgr0uJMi-A
RQMEhtM8FuY
gxI1MP3H92M
acBTkcM52kY
TDYUqAMx9HU
wkxKuJEsi10
iD6X675VGhA
pyMln5GVyag
zuO9r6cNgWY
SIwMKFV7lFk
J5q4gFbB7ek
fhCZJOLAq3E
oYMnWHisKTg
wFzwzmF8Zls
t1Rf9ck3sE8
sv6BWMheSI0
9gEqI86KRAA
iGEVvE9lY0w
HTEAlcT8sos
GXfbpp5jP0w
kG1YqYx8v6c
79hyofV3IUA
hdYVg2xmQXg
pTuSZHO3GU8
ow_ZGVGmfAw
J0mXxkLWobk
8oJ5tS1W3NE
LMruiHNeqF4
_2pfCYZiy5k
nb9ClvGrQVI
dVuBiuqWM2Q
GyZfKgxvrs0
DJ5XOApNI68
LxKDeHux7Vw
f0qi4g-kS1I
qYaIdoIaL70
NhcqoxNhrSY
6AyShQ94oOs
SPbr5ak6FaU
fsBue1-fIC0
-k8HNFAMnDA
3pRM4v0O29o
1LDwdyIxRy0
I__fbkAoWOw
PG4uRmTJUU8
-Zj-ttJtals
6Q_j82L_XSo
tGI65dG8isk
bda0AGYerZ0
XVb41AVL05k
_x0eyNkNpL0
iQs4zViKpRM
qTv1PmYK8w4
mzUVI268tTU
fa-oXcft0RY
bnf_XNYrFls
KGO1kMj1u1U
0oO6BR4oin0
B2YdMbH_4jo
6X7g-DuuhEA
rJMMoJY_R_g
EFVCwEnFTjI
uToaWrvSVB4
CXqErBFrO78
6ipMH7vOc3M
_qsVApXwCqA
lnq-2BJwatE
k3qSib2NPYA
gwvhhMB2Eak
jUMqArkEuW0
iKJxQvZHtLU
MvTMelMhjbg
BDrMajs9aiU
7eVgusKUqow
QZAynSh4GuM
7EJdew5HsNQ
h4taQxZ1zg8
l8talvLDfow
SUhGvAY9fM4
FVk5fF-mBBo
kAUC_rTJ-SU
d7gy4OMomNc
Sn45Z9X-vgg
yrdhjd5_0E4
sW4xo90J20U
uqCH4Fv4iSg
lsrxKuCfXE8
T_o7mk4U2do
aX-eMdfBmDk
irUQEG4BSK4
s-JoXL8iaNM
VYDmPMzWZe0
_eM_z4vRxrA
9n89Ec3DFtk
XS6lSwyAQV8
D13TSc4nTCI
4pMoQwWN9GM
UHLd-dfrrsk
pJ1eZeN3Gzo
Lu_uGr1ZOn4
3P-wXOaM0Xw
F7VyKwrVAtQ
vKbY4X6fbTo
ADHoePeozHA
IQpg0tvap4A
HTVEKCMPG3o
e2BSChrVy9E
FQXnJNz1QpE
ZkxSeolSUrw
BK5mC_SkIPI
zbExXAClbOY
gxcA6cGDHu8
0tWsalcwvAQ
SzuupGvnkjE
BWKhOQe-MYI
JNAOoa0BV8k
fd8S_lH9dwA
9shze6a9BtU
QV9TYbDBgo8
oOkq6dgQe0c
KfRgjW4hFcU
YvF1nGJj0sI
m0InoDh5Nuc
0EEc1-p7C_U
9eNP5btllIA
NT5gG0vCtPw
Ix8jHgeRdkY
6SwImXo7_M4
Yy5wpoSZgio
qnIUW7xnYB0
G0IEtRyIKX4
_r0c1sfFebQ
VZv--sm9XXU
ZAsb4gtEpaw
Uma5doGDNs8
IHoevfSpqr0
TzQ54itaooo
7r_ZhWvA9LY
-gt25FNtofg
9JsC1FGzaaw
caiMAjJi5EQ
IfU1p1ws-o8
mplebSY9xM4
04R1X0t1XRw
iAvTqImKXmc
OdvubzuD3HQ
-G1SF83RRtk
P0fsz8qibCU
uoTdouY6kNs
dllhXD6iTRE
m6M2y0YhhaU
gYDAYRcuP8Q
Ah9PyZNb4F8
fAxGJUHluZg
5XRa_TUe-Fs
S_ODGinhhO0
JilDs75cRIs
Yi7B5BzAK7U
dycZ7NXt0bI
PBPIhzHMVFY
RBPwUYsrIqE
-E2MHeTGOOM
PS3Oy2DlccU
saDHFomGW3A
7wDK6gOSxqs
WNBRQm4I760
QL12c4d0ro4
O5dLv4Rb5Yw
5_zschd08k4
ESM7b-X8zhQ
f73A-HB-08M
ztkfDAZpSWQ
Jlo6JTTRDdY
wuT-Id8GC3s
JEVIXGOpr60
l3nikMSGdg0
1a1wyc5Xxpg
LONIP5P0ZC0
EDttCdTvYHU
Bmc0ERKfjP0
6X8H4CpR5HQ
VZLl5e1HfWc
kuA_yz7aTo0
tR6ii2CGYZA
hKws3fY1vH0
Tz7unuli7cI
XBDR7GRToWo
64Mnt-zkJic
Dz9K25ECIpU
9bgBPe9q6Nw
rCnlHXGAJVE
S00Hcpeoss8
F0sLuRsu1Do
XDB_sj_0y10
sSXn0uzeIo0
Ay4tGR-HoMw
SkUbckMBJQA
QcfhroSS09o
Uc8B30kYOq8
3lN8ZAiZvvo
1Av6gCq_awQ
bms-t8qqR8o
g8Vhyh39CTo
D51WotfbpCE
Ra5ZQbx4b34
3f_VmPIe7_w
sbYRcXm4cqs
eSs2So4QPAE
DtanFNfg2Ik
pNPLPeuobss
2c_L60H-cpY
d_sBfHrq7IU
IMtTja8uA8Y
KR-V6bl41zU
0HHfw4coQ34
BsNj3Mv-Mgg
UDBbmOxQenE
DZkHYCaq7So
7K5p_tBcrd0
4q-Oqpp4biE
UPo1lZbC-xg
3zKvbpLByvo
Cj1OpiBRNsg
ateIu6QmBVk
h7nSfaqODb4
SX7nWm-HWPQ
Nit1wQi81cc
IK1nMQq67VI
tke6X2eME3c
u20vVbhpM50
JZXXtVvPX2g
oNMUtau8D30
Dk3UjzhRiKY
rnLWSC5p1XE
gmB3jwyk70M
NOuJ7X2eS_g
-OVEf152mNo
9xBmcT2vv_Q
d1oiTROptbM
gTZS3SqpT-o
uPBapVkZJww
8jgdp4_kx3k
iNuV1lablNg
8NBVbmzuSNs
I0wi6QV88i0
Yi0kzviUq1E
S3UNBrb64y8
kpB4ytLDoeQ
9Nx5xELadSk
8HgTOMozngw
KmrdWpXSnoo
oPC5UOUuYzU
n3kzzVP2c7w
-zP7vMVUkco
WGZ6IwSDyyo
prWNTita5eQ
khQ9BaXZAjM
V6vk5em4k-0
c5xcS4xK90w
fy4xm3n2iXE
e-zxdn9g_OY
DZ2vtQCESpk
K09LgbnwxMw
s8UDpcUgqMM
KkRFoeC7_E8
NLRuGUPkyh4
ItzV2l2VT_8
lgeYWY09LE8
Kxup3OS5ZhQ
xP4RNuJKmnw
NeJTBn73M6Y
-sGMhmm8x_4
J54MN0RqTjs
6v9rQs9KvxE
I-t-7lTw6mA
B_RVlW-4178
eCmjm5MvDlw
aD0uPiMeVA4
KH4qX4J7pKU
1xrEHbsBUpA
MstLwDog2Es
hJdlkzWMww0
-yYJ4hEYudE
E28X9eTYJc4
UN6LZOIqLD4
D9F14OlKOrk
8J5FIPcXIzg
Dt-LxKbS8f8
tlPSuyUEha8
lwaElvKpKKE
r3N4pJFPAKs
KO64dp5dORM
71nsZABqoi8
OMnbVPZhm74
P5f_YDQsJG0
g8CXsIHO61g
NwdtrXfOCCk
0QSyaOYcuuM
bMHVL7gT4hU
ZGB0KhoZTgU
pqFADvhswd8
E-W6y0HzFWk
BS4uRtJbECY
C_Z43jO5_y0
bc6Jij2oIdw
okJFbApagU8
BSYrVXE2YS0
vgerLUmwkHc
uu1LmTgql5o
WYS1_7jgHaI
_Wj9e4m2dww
PFCy9AvaQIw
6siAmrd9EGs
MyHUPUuhZjA
s31tLFhnpa4
g8y5Fy-T0UM
4XhvG_fD0HA
1-T2GsG0l1E
gqh69HVUqwo
SNyRCHMIWDw
zJOS0sV2a24
IPLDbRtAIGY
2koXcKiRUxU
FbU6BWHkDYw
W5y632DJ5J4
e0enV54_E4I
3WBeGAAYWg8
hFbwmFX0kjA
PDFoUm8eOF8
LXLSNz_OCh4
kxL7ffAOPgQ
qsocNnYEOk4
1Pd4SSgkuKA
lUGIZHihbWI
ABw26imw4m4
ApcNzwy9Zas
GtalVsT27i8
gZuW9-cKiz4
-t4KnHP7rls
pB5eow6qvoQ
ugNllrig84A
Ju_FDx2zVdc
fH3OR637inc
0VsP1NnlPGM
SR71ZwTwznQ
0fWVIwmrfiA
aJRzBLTsNMQ
kb2USbR6_DQ
PUa009lG7ls
4ReoXpKsOB0
WfyxJifcAX8
5Yml4H2sG4U
kubnf5ZH18g
bqRJL7PveWs
ZnL2GtT24Qk
xSOrV8ywfGw
EhtT8ik_1Do
4sxICStbD4I
m4yVlPqeZwo
rLpxX9vqr5c
MexHoAERiVc
aD0y5LEZSiI
2racaDOvxyI
TywsormPTSg
CLKzqt563R8
-hoo_dIOP8k
9rVtRSXN_2Y
zVEgOiB7Bo8
vkRb1EksXH8
47KKNmrcxEY
vCyKNtocdZE
_RYBCssjhnc
XwKfrcn5R5o
JnVVE7GO3pA
6LNLA-RIp8w
H9TUTf4T7cI
0aBlpE2haLA
12JsUG7bNjw
uglKz9it5mU
eBbmRLR_DNk
4ncVmLWDcF0
kOSZ4BqQ4Og
CL-t7f_n9dY
T4p98OIsg3Y
ARM6_2_n8s8
58UT5zjFbbs
OVtMWJL1v8Q
EkOiBiWO3Mg
S_OBslG2Arc
hhTpaah2InQ
YCFw6_h6B7Q
E6bhkNJOsrs
tL7FyTesSqc
rUyDznt5V4I
NKskDzHJe1I
uS_pKPIzuGA
OCESho0ITwM
a3icgNYaEB4
1CjDgCE8HsU
fTUZXwQwUJM
figJ1nrjUSk
4Ezhlk19SRA
vjo2PC5OPc4
hBpetDxIEMU
hifihRzPevE
I-tD45oj1ro
YOjAdjWgtgY
gdlg_40LvEY
YOgNnxZun2Q
7F-_HHriWSQ
sMwQN43fwoQ
EQS65RAeoJU
jyEu_2Cj6_s
avXeIgtqHDA
qA79nDajD28
RP1cbreDw7U
OE3Yk2o2wQo
J0O9ISIAbCE
xQx-tuW9A4Q
k07e1nCeIrI
sD0B-X9LJjs
--46ZmSk9no
XPXHZUEmD8Y
MTPj9VlNzQ0
MwLcUmMRdkA
Y0LSG2omvEg
2eq1S8MPKeM
pTfua6XcH3U
oPOOgDNeH5I
Rm7yTOBaezA
sog3psf9Nkg
4UqI5zjMUFk
QalNVxeIKEE
5Q8bl9mfkgk
EeB1YJdTfc4
c1YOMZvX9VU
Yx4y9epTza8
q9U4OVYiujc
WKgTnk2IoVo
jNLP88aTg_8
qem7taX7nPQ
yCM_wQy4YVg
GxE4McAH1WA
vVmP4leEvbc
HkocoZicXzg
7Ty8tDwrEiY
xXvTqFOHljI
hrMjegvkyL0
9CQMDhKsGgc
1G2aX4_O4Ak
D5vWIC5Bf6I
GcuKsL4L8Fo
c04RK1vftRk
ObyPw6ghOkM
U9QVYzQTG9w
KiDWeKRmB8M
ZbyQuXzG14A
fumQ0s7DCEY
QPwfYhULdMg
Hcn9vyzny1o
WsRpYXJMGIg
0Nf0FYS8AaE
R2XgmQZ-c8M
oEVFsj6AtJ4
lN_n7I0PM3w
43DZEy_J694
fxpMRL9Slz8
gTizWnAqTeo
rG-_VHAITtI
EAAkVJjAMTc
pn9GgZ53coc
5bhVDIe42to
xgXwmXpaH2Q
6MlGmVU7U6g
npKaOddyrcY
7bjQy0S6Un4
htEQYwNh7fc
LmDQ7GswIq0
yFn0J76613g
ZDDixe_N5sE
UcqcWVZJPb0
Z7GV_LY0f3U
ruHECIAgd48
2V7MeewG_MU
5Wv41wjFxkI
MbNu6LY5sMY
7BInEI30-t0
ZkR1IT4ZjU0
CcpQr9ohaww
svE6Sklt3Z8
oZN6GA4JsOs
MMo8Rqn7RqI
NHBdkZorv7w
ibzF_7gSjyI
70edOzi247g
ALG5NQgcMqQ
mmcgwD8VRmI
9LK0oIywDgE
o_H0g30YwQ8
Uy2j337x7Q4
z6hoPw5hItY
K3wifxynOnM
2SHkdjGkR-c
AYR4FFNYz04
vDZWzLIJorY
dG16kZ04cJ8
JR7iVPv-xRg
OAnj0wb-vlY
pplwMDzd2_0
5uYSJ-wCPh0
UNV5AITOVIk
6WPmq-gprbs
zF0k6dEm0zQ
Y7yqwOI0-SQ
FLxZBPsUTAw
E_gJmOttMNY
iQmZXYfkh6s
eO3HFsGcEx0
OsZiQ9NEDgo
KS38iBLrK0M
WAcjPTjboyE
VGg2DvBh9Is
7hYT9DNtV-A
L2Sdn4u9TVk
olvMxzd1IyA
2hiGFa1Tyio
6gKq5LTGZzc
pQfXLW127E0
ltwjPlircj4
9xbRE_H5hoU
P-DWwcQQYiE
4bhJoo2fjWs
3iIdEmDxgEQ
vwvgxLdeLgk
0zzQk8IwSJE
6YMRVwdeHB4
7LmfCGy_ZLg
oa5oeHWLx4Y
UzhD7KVs-R4
YXOQQr3QDZg
-YzwTGkoQLo
ctGch5ejjT4
tNOivF_dt2g
VoLlgxcZh10
