pbU3I-AE_O0
0XYtqdt8vwM
NKsPziXA-qU
jdE9tZMs8rk
HPX2dprC43g
21akYDYGF1o
xF5Qb363B98
7SPZV1xrHoQ
Ux17QOshngs
W0zPaAw2GXk
MpiKJ9Qe0zU
TE1JkI5JtHU
6A0dt68EeEk
7Hg1Oyy7jjc
NlFGLyhSm-g
OfqOsVPTbz8
2il_qRwALrQ
sL9zIxpGDvA
yldWx2TyAZM
T1xVYHym6_c
nvNVRnUwWwI
hqfusOUAcwI
7KUzMa0-PCQ
2EeVTIuqjaM
VTAqoowprmY
42bNPjue8oY
IrCz1oKoPrQ
ddW_KyoWnN0
d4MlNbqYxY4
HmsjtpyKMA4
iq-4zjRmFPI
X8t47y8peAE
Mp9jwtseVbQ
XXhag1mjJkc
gm5At81r8vQ
yjOIc99Y1u4
4-CouGueIyg
SEDwrtPU8Ss
fIPikqWDaL4
sc1ij8sSvHY
nWbfJRhgwg0
rt9LK4aEMPc
KpCRaHmjKD8
hKPrKJc9ymk
8rtFLaihDb0
_ueFx1CqjwA
cbiikbA-fKs
TDX09YdJ7Vw
j5cfJT7kCbA
YYC0-9Unovw
P1Y_ERhKv8o
UQXY9fAvQ2g
wHpCnfJ2bYU
eRGr79HX-LI
5fkyfc4wPpE
uFbiK7CSzpc
UIdFIMBXUts
bHQLb62fJr4
nLKlrciXAXI
4CDKKZl8nm4
DkA-xJIw-R8
NZAvVK0Exvw
8xQYrZKDkaM
1GJRGEAFl0c
Tp4pr0Zq6-0
lFvYbCq9EeI
Ij_tIHtpz-w
VCO58jjOUPw
5Abzn9J8GiY
hrvn2yIGtpQ
1I95BVy8tsg
vYQkB38vBfI
Lc5Qvgvvfyc
FV4sXMTRN5c
PwHyhz_1_Yo
keep9k5ZvuE
nhykD_Jobrc
IGc6v3k5RC0
M1HHtHMnG-s
3Z-U4Cwy8tA
kC8ix9_A65c
0_Q_7jlxjQ8
Jecgjhv9AGw
N-ao-83TGUQ
6qtQlkZpBkU
NhOREAinNl4
-DASOYA1i5I
vJ10U_1uGY4
WIQFEQGxbIg
KKT7-5BoivU
gXT237_Yyow
Hf1gQT6kw4U
ytbUp2ZrkrA
5hGiiNwg9qM
yKWtmDj_bpA
Gr_k_TknBts
FX9TrV39uBM
YvwrNhlqJEA
XRZK2VaOdN4
flwa-NmE_UU
SjeolgXtBBA
FaI3QhVCk08
_LXnXQbqRMc
BUtWnwAuENo
8hpUJFE5Zsk
fLAa5tS9f2g
MCLO_NWtamo
84RQgf83BPI
6w_hX-XWwdc
UKit8tJa2iM
bG-dBcLht20
clQwo_3MO8w
yNOat6uliDo
0iVLkAyu23Q
J3ty5ypgSeg
s3fwl6ej0q0
doKSj56mPqk
ubJiVvV999c
O2RD5X1xRQk
8A-waM_0IAI
rQDMc3lOK6M
ShZj2dhoYhE
LvXq9YpU7xo
DMq8WJ28Y_Q
nvARV6N5Bn0
OdhR_cjgow4
UKYQbm169uA
77pZwut8eOU
GqCAGp8t5xM
eM-zigUdyFE
WucZVuUSPa8
y1hW66ZHHbA
SsRLlBBkaSY
aWYsx9WzYOw
sdAeilsiL70
p-hM8yp2mcw
MCez5GSHeCE
DKMQbTIlnAk
sDskzjQFngM
AUuGjc1Xkv4
8bzyu-zCKI8
yom0YtfBUYA
ymQg-22PcPw
0qUzdZaEf1k
ilt5ka5YPfw
L7SYuGimHLs
aUeoi7e6afA
GOK0xbIXwW0
pxB7CRRHiHs
-m92zAVI_uA
C4aIsrhoYSU
spyOkihUT1s
kTOZP08jXlw
eybFXuP50jo
b7pQZu7bCXk
xD8jODRJY14
cpAeqthwT_I
Vm9f6U0CSX4
ZtEkU61a0yM
fi_SWMB7D_g
glviqzKOYEw
oRqiRTPYIMQ
SU0ffcfXFac
KG8xsk8bdaM
MEERieo7fGQ
Hkp9BfCyr0A
B4m96dWFSC0
eJfNm06bv84
YMW6556BAf4
_ceTTojIuZo
oNGwejU9K7c
63fpXU7nG8c
SxnXHIlxrWY
U5nfNGarycA
WVHxUXM9kGo
c02AbcOD8FY
JfxHMR19TPE
BJ1KmLbfvMA
SD-Z-dGrxQI
nT0CMeXw_L0
u-jCVDtgtFk
cslD8_noyTo
am6jRa5WPuQ
DQVvjVzwMbs
kL3yn8N6nwY
qb4JJG2a2-Y
HwdoKr_LUPU
kNE6WPfJX04
qyC0aVOqF7A
BxkFkjs3EKs
zxW1F6gIl3Q
SIowqv4XYNA
bYhZF8butxY
aAfmL2Of1zE
FaQdIxg01tI
qi6h1zqRcyM
S5ivNHahYLY
QgnOErtt3ck
4H7ZWdVVOoE
erW4XBAkMk8
zW1QD9nSuSQ
pkONCtaxRBI
nfCxKppdO3I
heD45kK116Y
PLpCz5KMfxs
4E0-oW-OFQA
hrBLuMZCjAo
s7oM3sVpTl4
SzAnXMc6krE
E7nIL1eSwmI
wtXOZqdOQfE
SlMKhCBFq9E
Kue-63XeMbY
UNTXO39vC00
8fo4STfDlZk
2Go4EqE3wt8
pV0w-zxmcHA
yqzRzOVl-gk
0UifBpsb9EY
y4s6b57UB3E
HZZ9I485Z7M
sNed8j433UY
jztqLJjva3o
ZkOHDshgiQM
F3ducVbx-og
16pHLEDRnAA
2CxSHaIzKsU
h2_gHuo1bSo
JR-q3ulSD9o
XtxXGRXWX64
3NwCpJ9CZF4
HVNyrfEMQAg
MNRKyj8qt5A
fp5an6nNqjs
5mOZNLtYFo0
YLOu0EiFB6M
YanqvRbOSnA
ZkmyvECTLtg
zBY_a4stxVE
WPqebu7RV4E
ZA_SXyYZNUc
nTqzkdx4zGQ
-Gz1PbQH2H8
B0Q1e83FRn8
mOWKx36jAaw
SINXpipgDlQ
fBNMJ6G0ivE
rgOY-YDofkA
gu62TqPIfWo
5bd5aEOvD3A
rIEj0VXheMM
0q5RZdjwim8
6T8vV7XdsfE
0DQRhfnbBO4
SVqx87b0RFs
yeoMKOKeia0
1ipMxm4XDFk
r4WQal7L2Cw
l1R0U0RM3lo
3VdNNO5Xm3k
1LP4oJcMOO4
G0J5FL2Yyvo
y02b8Sn0O6E
qkd5z8FfmII
qe0qRXuVcLE
k4m94tS5Ld4
4hdP1A5aENI
sopX-p8rF_w
NtRJ0TmzXos
rmoMyIYXwos
Y_kUBUqtQco
dco1UC7GXSY
OaJKf3NAKRw
TkQlUJCe3aM
21D2xN3FVhA
OWdrlhPJNjo
S9ZSzuj1UpA
1FpQBB3A04Q
Kk_ovGlzH0U
jQDynVJl-c4
tufShSwuxSU
4vnhgBKQh38
gsvcgJTIycY
asFXD3-mYM0
ibteWpyh_r4
PlDQAlgqyjk
tpCHjauokTc
UWMu9nqLMLc
1_A8__3_k3A
ddG9bHhJ_Bc
eWYtV96RVgM
6MPJ3aXUSrE
YSfS8gdadrc
THb6KziSY-Q
ZUUWJ10ZY24
TBwy44UZpeQ
fxBU_JOyxww
L30cHAJ5gDA
PBBesaCMP9c
A0e6qK-3N70
jtE0_aQAcgk
myB2-n8In4g
rBMryYBkNv0
JR-q3ulSD9o
nm98rLElSEc
YfAB137QldU
ekVON0kD4zg
YkwcSdEz2h8
CGTtQssNHfs
jc6KGY0Riqw
_i5_5n_DYyI
pCy3EwFnUIg
shOcrNuk3-Q
pCYHpiNDWyQ
_j13ctFfp_k
6RKsE7XPewk
CE-fzTcTpvY
oyS5OBGdqks
ItqorKjr4WU
x4Pl9j3sSUs
TW46GGFeqOg
EDKM9Uf_J5c
U4JLMp0c8Qs
A1JQ5FMu96k
hKK_Bs3Jb6I
PduTeGkpREA
Axft5qjvZy4
YBvatjrd2Tg
G95HPHEfKvk
-nlrZD1FlzU
8AM0rr6VMkg
IR-gZgFafCc
ShssglI3ulc
kgFI5WqHtjY
0sf835MGTQA
w1ryHzm9kx4
RUixT1d2lwc
y2sIaweX-oA
gTkgaADgZY4
1toLA0fw-OM
mf4qBohrX4g
W2bV3kRkDIg
XR2JAS_WxsQ
XWOFpUs_waQ
cKu4YNCSOoM
aNpuuEJ4Ks4
CrD7lRajZLU
Vv5f_JS_Xps
xoOxRIp6Wl0
PQIQPHWsTjs
RSRxNTbIKlU
-b7A67g_-b4
p8-MRExZLxM
ZskTdH6UiDc
WocDnnU_Q2c
Mie4n9MkeOQ
0sjajxOYIXI
fgtDdJkE3Dg
4aDw4-e-ZSM
dSMM54mYSqs
mj7t7Hd-dE0
9uUk_aOtNiM
1cfya7OCY2o
EQuBf0x57rY
wAZTiN0Dwbs
zhOrI47eAfY
uMHyWyFcs14
rG5q8mTAGXI
wAyKOXaCj0c
UzAMqWAgMyE
iclvMV44Q2c
s06hKFDKhS4
gNwg5qnpdcI
9oM6Da7D2TI
rcTG6F9TGyw
hWfL3LLNlas
7utx3fIV-q8
UvW6t-FbiRs
ry5sCd5tG3A
_ZGTpN3UKEk
qAwp-uWnjiE
RJX_l69gNHs
feCrMm6Ht60
x-bD1pDAoW4
mlZr4Al7Giw
BC18B7dUzes
8WnzxRs-3V8
AmBAetAkZ1Y
vNyj0WTNtjs
HGOJVlFaPo0
ARnV0F4EYhM
SPEjSZVH8Cw
3_revx_gvi4
LoWCMzHWlRk
O0skJIEnIKs
UB6s2K_0xwA
iSpxS9Drc8c
pLefDMOCDBE
YE-7Jxf8MLE
Y7VhZ89ByBc
15VB16yUUK0
09L3QBv1Ggk
aPcTygKIpgY
rwQAPIPDlM4
pVHXJETuZqQ
C2eLHK1QGtU
HlWogJG3QX8
9kJHs1FJq3I
AcO9SavNbUU
VwELHRniD7o
ZcClvOW6cjI
91E0gQ69OFg
rtlSFW-9yjw
8CW6SHeQ6RE
n9YKdv--cmY
N1phWROd36Q
qQEYr8st_OE
r1AIbTFIq6M
cZ5dGFk8ork
qwQs3zOW2sY
yXA8z8fowf8
GD93H91N8F8
aPAfWS-NcJo
