8IzfzoZsa-Q
j7heZpuvu4U
KO6527S5JOU
miNBicrLiXo
FrlDEJEALZo
mO6eMTKalRE
w1CeRpfByG8
eakyDiXX6Uc
AXR-etStvCI
Vtkv3-endYc
PRg5RNU_JLk
fMPG-2vXi-s
eEeeClBoqK0
hRnrIpUMyZQ
84ZcT1jDCjk
DJnH5CPCImY
p7HKvqRI_Bo
z-ZEfxAL9SI
3M3L4VIZv-U
er3v4PVNQqE
rLsimrBoYXc
LgBj48s1SA8
S3i6tJ4XNqA
ee7muQ_qKU0
Mt5C5fhuU_0
jhRuUoTnA6g
wlppif9IJzI
SBGfHk91Vrk
dv9sgFHS2Do
B9XYtPqWLB4
8_KWmzLObQ4
fUlGtrHCGzs
NSL55lOwznU
KXzONBPcPIk
4peuImhJj44
vvtPJKWUb2g
wr3kUfW2fM0
5nCcE-jABSo
wCWl8ZIgCHk
LYi19-Vx6go
_KhYRqozTDE
JX02QQXfb_o
9uZ-jeZS8d0
X6YI8lsjJJA
NJcUnXTaCgU
itpLU7OzNV8
hmI-rJuYAjw
dKku0AfTs0c
MASBIB7zPo4
kF54-camgCg
UvznOeSyESU
fygjGXnaV9w
8kIffc8Phfs
IY2oIsA4c7k
_jaSFtcDEiE
pF_N_pZa2WM
yGB_K_xlHdI
kfKDBlK3EwQ
p4pWafuvdrY
9QVsGWsk7TU
P4-n0IMQSrQ
6tw_JVz_IEc
YMZcp0EQO2s
wz4k6d2reAI
pMdJxVjZMRI
AcmarVpo2xE
XU5L4Sr93-g
GHBb25lzNVM
Qytj-DbXMKQ
Jsj-hDW9bS8
mS5eEhLN57s
40KRCazHyuw
8l1NyR6UvxU
QKae1k1BDdA
sQpGT1BgdX4
Ts3LIirgDbU
OCzYdNSJF-k
ukUPojrPFPA
xCI6o-kbqrs
cwwK7NmfF9w
BSF9s0gbJ2M
HoXyw909Qu0
fFeV8WxIZLk
IaQdv_dBDqM
ehHoOYqAT_U
q4pDUxth5fQ
xdZcqAss92w
9gfPZoyMyTU
YlxKh4oCKhw
BunU6CTmhFw
2QJ2L2ip32w
R3tbVHlsKhs
jhcih25Z9vI
hRzRjHzvOts
znSeL66e8qE
Cz5ey3RqDBI
KsuesiVJgtI
zoZVuqP1rQM
dDUPu6tMWHY
KdihphPp1Q0
e9TLbZuvsko
YV8TT9LRBrY
jP-9AD0wMOk
8HegwRtbDSU
h0ZrBr9DOwA
eIdJ22AfsO8
kfDvdYj0_fA
nIIjhAuC76g
SXXrQlJoNsw
8lgg-pVjOok
v6Agqm4K7Ok
Y18Vz51Nkos
RBsY88Lir-A
3viZhIumUNo
6PiyUjVxukI
hyg7lcU4g8E
B2zhLYz4pYo
ZQUxL4Jm1Lo
lRfdMiURV4s
arQ6U3ev5ic
9p5Oi4wPVVo
jvWncVbXfJ0
Owf5Uq4oFps
qMFpOcLroOg
rjibeBSnpJ0
gQbZX9JEQsQ
58jHhNzUHm4
Dv7YhVKFqbQ
2rvLEJrQm7g
QrcmojhFmzY
wgbV6DLVezo
W6aL9YyRx1A
-sEpBGF106k
-hr58Yu0yDs
AWcY2-FBa9k
4DlipN61jGA
b_n9qegR7C4
-SPRPkLoKp8
LkGOGzpbrCk
iYL5CLJ2prA
j5Sl8LyI7k8
aQbyVYUob1o
YeMVoJKn1Tg
4wIBCoxuOJ0
I5V2tcg1BvQ
6sBB-gRhfjE
P9CEzFYCWMo
2sKADUBfdMk
P21a5Uty-uc
mmkCS5eA4f8
CqgmozFr_GM
vyUnzfMh-zA
fctH_1NuqCQ
cpJlQo_65Ko
I4EZCy14te0
1csFTDXXULY
0IVO50DuMCs
xptpXSTtgSY
PxzNo58pE2c
HHuTrcXNxOk
B10pc0Kizsc
7pa54hWROpQ
NKmGVE85GUU
VdZd5zYTKAw
Cd-artSbpXc
_hBAr7uJ6L8
KpHP8VmxnBo
Ul9ysDvkuLA
Okph9wt8I0A
g96z1P3z5yU
BvLolPN8NvU
6BALmDghybk
P5e7cl19Ha0
uSTNyHkde08
tCeklW2e6_E
bVMVxJJ7P8M
ar8S6virCwM
OxPlCkTKhzY
nn8YGPZdCvA
rcAN4rkTmNU
dh4nEuhZBgg
e6XeP9gQPmg
r5_ZSnFDPRg
IAiNqQi30-Y
UO5ktwPXsyM
XvUHcsZOhJ8
wrPEjEqURJg
-NJm4TJ2it0
1JXq9779zwU
x25k_-Katf4
pnSw8g3DPHw
1nFcXcPldzY
s_LxZx42sIk
RhaepLsP5eg
PSRJfaAYkW4
H5zin8jKeT0
iDbdXTMnOmE
5czA_L_eOp4
y6u1GPpJuR4
Og5xAdC8EUI
7v-mfJMyBO0
A542ixwyBhc
RnvCbquYeIM
Zsc8G0NnMTs
z0M7_HPSi14
tjrvKA4w9-Y
CxC161GvMPc
FZ_jNGKCIWs
jyn_orqdyHQ
U_u91SjrEOE
YVfyYrEmzgM
pOLmD_WVY-E
NGtt7GJ1uiM
54prMaPn5Ls
rD5goS69LT4
xjKruwAfZWk
eVm063xmnow
VVL-8zr2hk4
X7FobPxu27M
GJHhnr9R_ZM
p4mbk59rbjE
m8bDCaPhOek
VKMWqOfbGME
CX4KuIBmnjI
h2rR77VsF5c
r8qWc9X4f6k
DcMLkce_BLg
Fzz-Pblbvqw
uRhkDN2WjzI
V_U6czbDHLE
VmWVXOIQblM
ILDy6kYU-xQ
VgEbcQxFUu8
YtE0OsRWeYI
oyOf3g-PJ94
hebGhsNsjG0
_rJOSDgDG0A
YompsDlEdtc
Ytr28t5VzAs
BiSYoeqb_VY
CdbBwIgq4rs
Hja0SLs2kus
hSszixvo7d8
nsklF1w4eok
h2MlS09KJP4
A9fQPzZ1-hg
1kSEmgIJNqE
WNdR808jMSA
G244Q4AGJ7U
Gjj_-CPxjCM
JMdO5KyjwAw
xvjK-4NXRsM
ZMSbDwpIyF4
LpjX3kHXcR0
foLf5Bi9qXs
Tudal_4x4F0
E91bGT9BjYk
W0GpIMNTPYg
8qK0hxuXOC8
lLOALyWls2k
quzjmZ-7s6w
YEJ2qryXcIQ
R9OCA6UFE-0
T24hdchCVIg
v5FL9VTBZzQ
kB-dJaCXAxA
w6JFRi0Qm_s
8RI0JnB_OaE
A-QgGXbDyR0
9keTby6wcrk
ER0Cu0KQFqM
8NS4CbBJQ84
257wV-AbKaE
gKfjHTk8KrY
STOJftffOqs
LaLvVc1sS20
uOcpsXMJcJk
PzfLDi-sL3w
YM-uykVfq_E
R7WPEYGr1Vs
KtT_cgMzHx8
Mc6VA7Q1vXQ
4dn7TEjnbPY
-64U7WoBrqM
vcPJkz-D5II
7uiyz3139tE
veB31XmUQm8
sz3Yv3On4lE
GVU_zANtroE
0NGei3H8yRk
3TwgVQIZPsw
7m8QlSPP7t0
ZKh6z0X6KRw
pFdiX8mj0Es
yQduHyiWe9o
7snnRaC4t5c
1sISguPDlhY
IxndOd3kmSs
JwhouCNq-Fc
ibjUpk9Iagk
yA00JNZYu7k
SCRYuUlU_Gs
N35IugBYH04
3s2QPQnuaGk
quOdF1CAPXs
cyfxQ6sdaIE
7Lg4vjRY4Ts
qVoYFYxGJPg
U2PG_R4wl-0
cURn__xlWXk
f2O6mQkFiiw
PDgu25Dsv34
LKvjIsyYng8
DKnwyVR4P88
3_PYnWVoUzM
WYQ3O8U6SMY
RrWBhVlD1H8
juO4zxsjSjw
K2mv7kX3q2s
Y6EhRwn4zkc
xmNzUEmFZMg
8Z9FQxcCAZ0
may2s9j4RLk
mGYmiQkah4o
wujEE3PRVUo
cZH0YnFpjwU
5j9Syov0AAw
yg16u_bzjPE
gBRcOLcEwF0
ynrbxy36erE
ppNYZq-hYTw
tE2dZLDJSjA
0bxiOMJAMW8
H2_by0rp5q0
QtJqBiF6EF0
ZFNstNKgEDI
zVsHzS70krg
UixU1oRW64Q
uXaP43Zbz7U
e7uXAlXdTe4
Y8ZXOfWUbms
MpkDx6nLn1A
FpCrY7x5nEE
dzrwnwOx0fw
QFk3e5PcK7s
WaNLJf8xzC4
8iKd-P4Bcac
WiTgn5QH_HU
0xnzGSV66x4
6a6kbU88wu0
GLllZ-qiXJA
7Xr9BYhlceA
ZJU34yTJL4M
svlEfxTyJQE
7k6n46xBTxs
ADR7dUoVh_c
1yv_MXNYbAo
PBn7iWzrKoI
jLesc5lITvo
Xcpc8VDsv3c
kSBB5PsRV-k
pM_IzEAv5d4
zGoBFU1q4g0
mRsa2wb0aTs
2qlcO3xUz3Q
Ze4Qmpq48AQ
rXhpK_lhonA
upp9-w6GPhU
Rpy9Qp7NAaw
dpCBMwAweDI
bwWW3sbk4EU
mQePz62zkqA
3klMM9BkW5o
Zx8zbTMTncs
-GsVhbmecJA
ml4NSzCQobk
98sFkESm0xg
4GNoUYZhrT0
fNV7CsKI5m8
nZwSo4vfw6c
gFzqqaBA9wQ
e7S8jWh6AEs
t3CjTU7TaNA
Mn5N60PCAjs
FK9xHry877U
aa-m8a-jZ0k
dO2xx-aeZ4w
0tQjJSqqZvs
b2gtOl7xMmc
JX8rv_natkw
-AdQLkUkui8
SgLO10cUC1M
7bUVjJWA6Vw
jFICRFKtAc4
c_g1BMVFcuw
8PWca6-fvec
BIP0lYrdirI
7Vd1dTBVbFg
jzqnUvE66HA
-vNVG7XJpVE
vIdStMTgNl0
jzqnUvE66HA
_aAhcNjmvhc
rqno7K2zXi4
xyQY8a-ng6g
wkPR4Rcf4ww
25bwiSikRsI
aMCDikASE4o
_YqYtdPUis4
GASaqPv0t0g
cXNTArhA0Jg
WhNyURBiJcU
URuMb15CWJs
3mbdiky5dLw
-q7Fz7NIMWM
U69LIr0OrNc
sbGjr_awePE
88_C-fogY40
pHLP5CZMnL4
FwREAW4SlVY
V2EMuoM5IX4
p3q5zWCw8J4
q8Ent5CXhfY
I8992A5oAWM
spTWwqVP_2s
xOXSqy05EO0
oG9jQBj1eqE
sI8NsYIyQ2A
3wLqsRLvV-c
O2eu037gj48
oetVvR5RQUs
gVdY9KXF_Sg
heCSbA8w57A
OQw3TNRnJ1I
Wn_eBrIDUuc
8V15Z-yyiVg
uy9GFAOGGXU
ypF037wlYZg
z03FQGlGgo0
dkP8NUwB2io
9iMGFqMmUFs
c18GjbnZXMw
b0IbXG0hnOk
l5VgOdgptRg
YJ0x1YOuMwQ
oULkYytYPgs
dItUGF8GdTw
zI2vRwFKnHQ
loMy3sbW64g
M7V1a1I5BL0
OEekFTj5PvU
ZCKRjP_DMII
2ivZ6GSaK1M
cpwSGsb-rTs
V9RrO0dtu5M
arJLy3hX1E8
gCfzeONu3Mo
jv4bWkoG4k8
_r4c2NT4naQ
yJSiUm6jvI0
zNTxSBgDNp4
22lGbAVWhro
8aq_gRfmjgY
cNVZEVq3KzY
nSbvlktToSY
doy2BsHc-44
paXKoZ1pr5w
hLgh1pJP5ng
RAdNCIIYXvo
eksagPy5tmQ
sxYrzzy3cq8
ayzN5f3qN8g
wxzc_2c6GMg
s0yJwZGxvBA
xKxrkht7CpY
qYijAZWdnBk
FwGH4gulLX4
Xm13Kq_E1ik
Fkjr7XT95Jo
z-IR48Mb3W0
xROmDsULcLE
2W85Dwxx218
ixIoDYVfKA0
B_tTymvDWXk
VLkKiVIBxXU
FyOVMqAIFw8
1rDVz_Fb6HQ
UuW1jhxCgx0
mCh6j2E8xLY
GyN2RhbhiEU
XNP1x11Z2Ig
RSoRzTtwgP4
dqONk48l5vY
CVo225pUaSA
WuyPuH9ojCE
WW4skW6gucU
2tM1LFFxeKg
FW2Hvs5WaRY
wteUW2sL7bc
wFt_VGG0kJU
X4BmV2t83SM
v-t1Z5-oPtU
N9LC-3ZKiok
cjbgZwgdY7Q
nDgIVseTkuE
lfe1wEQzSzM
AhsIF-cmoQQ
jf_4z4AKwJg
l_NYrWqUR40
N5vJSNXPEwA
oe64p-QzhNE
bJ3oTTm_Pdo
pgNXdNDkXoE
yOgAbKJGrTA
Al-30Z-aH8M
vP8-5Bhd2ag
23oHqNEqRyo
XMriWTvPXHI
XakoA2D0Okw
_1FY5kL_zXU
-tX34V_XGeQ
VdHHus8IgYA
7yDmGnA8Hw0
05PpTqtGhGU
cSKGa_7XJkg
8diYLhl8bWU
DMMPYkRrd4o
6jCw8ydqkrg
ZDq_pWi7dH4
PddQvyiBfdc
TWbzjGIec20
w6EGyFAGpXU
UHwVyplU3Pg
Pu_ijC8HFRU
OyK0oE5rwFY
tJplytSR-ww
My6oGvkHnfY
Ab9OZsDECZw
de56W-F93nw
2aoIs-5zqoI
YEaSxhcns7Y
BDJ8xyQjyhM
VEQaH4LruUo
eVRU5MVYNiw
aOfWTscU8YM
th-zyfvwDdI
Eq-Wk3YqeH4
mP5p4QbvPtc
xfZhb6lmxjk
yJoQj5-TIvE
MMmOLN5zBLY
gsV7SJDDCY4
9gD0K7oH92U
98TQv5IAtY8
m57cimnJ7fc
3jIW5wW2WC0
xYxyTZG7APQ
Tb6QX9Yy1GM
sDbmcPnzwy4
uEM2iDT-VAk
BjLrMxO4cys
Y7IsyjFROHE
9OVtk6G2TnQ
DhlRgwdDc-E
O3YJMaL55TM
pg1NpMmPv48
Z-UO-RZBQ3U
VjO55pKuBo4
P27waC05Hdk
IjiKUmfaZr4
I5ZR0jMlxX0
Z3B-AaqjyjE
nkydJXigkRE
9D1AwQ0lTsg
CHMY4G9gTPA
_6xlNyWPpB8
GK_vRtHJZu4
sLMc5OFnQRs
e28XXiuKRtE
hRAFPdDppzs
wDBb2_I-oC4
yc2-363MIQs
IYHfiQ4R7Bs
OGqAM2Mykng
_cj8AtODiHc
oZ13QfP2os8
YeSuQm7KfaE
3NE_OoO-N54
0fivQUlC7-8
RwtO04EXgUE
Rh9vBczqMk0
1RWOpQXTltA
0TipTogQT3E
0v86Yk14rf8
oBSandHijDc
g09BQes-B7E
wUEl8KrMz14
iJRfx0o5648
iNrUpBwU3q0
K-aAUwAFZlQ
orOa-yRL4NI
2S6e11NBwiw
Kgudt4PXs28
8dgoeYPoE-0
9i7kAt97XYU
MX_HYL6-0Co
JO4_VHM69oI
v2fEILZJKwg
FN3MFhYPWWo
MHo928fd2wE
TGLYcYCm2FM
p7fXa2Occ_U
70cDSUI4XKE
I5lsuyUNu_4
H4VQul_SmCg
lrEM3LHvjI0
8m6RtOpqvtU
gGeLxjgUNG4
DSFVf2u4ngY
Rbp0co9pCUg
rb7TVW77ZCs
qrKZBh8BL_U
91XI7M9l3no
gedoSfZvBgE
EaxjxICgahc
3NXC4Q_4JVg
wgPymD-NBQU
Z8wLQ3NCBgg
8bYRy_wZEJI
5c6C3rHOdf8
rO6S93FKIUM
xazQRcSCRaY
UMMwgvLmN-M
B-vYGcl_nA8
Y6e_m9iq-4Q
wbh3SjzydnQ
8NUxvJS-_0k
OcigJn8UJNQ
YlYEi0PgG1g
pv6QHxkBFzY
lSXNqsOoURg
ucRMDdw82yw
TLVwELDMDWs
GIF2tssedLI
c_Eutci7ack
H0-WkpmTPrM
PMerSm2ToFY
EnnPJXbKt0U
X_xR5Kes4Rs
EoYSToa2Yfw
yxonJTWhBJQ
2UphAzryVpY
DbbWx2COU0E
UjaAxUO6-Uw
GD3dgiDreGc
Op3AYaJc0Xw
i7930fj3T54
ISZLTJH5lYg
8li-3pRrA5Y
Jq9D_HkQhAA
46NanUtEIhk
sDo7saKaEys
91801Y1lsCg
z9HIYjRRaDE
MYn15yDBvxM
TQKELOE9eY4
Hk3fgjHNQ2Q
hVh-bpAv4_E
RZR_b753ZJ0
zAxT0mRGuoY
GTvnjaUU6Xk
B5x5CnwQZD4
1lo8EomDrwA
k_3hbrqLZ5U
KkaXNvzE4pk
inVZoI1AkC8
z1GCnycbMeA
lmWh9jV_1ac
ySClB6-OH-Q
LmxlcJFTaYU
rfdJyDfIHIc
iCM6CawGBRk
znnp-Ivj2ek
KMudRLPZidg
KpVpJsDjWj8
HZ7hwUduMoU
ujKL1pUHDfo
EkDhlzA-lwI
e9vfMrjitXw
R0JKCYZ8hng
PpHM4DfPZQU
-EJOO3xAjTk
o9Kum_Jijdk
KRPp3jzv1Tw
DMuBif1mJz0
vG-QZOTc5_Q
VDf00z8sMFw
MhvjCWfy-lw
LKJMWHCUoiw
fHztd6k5ZXY
4Vfn5CV9juI
Vd4rgN6MYtg
XNu5ppFZbHo
k8d5Pf7VIiU
Y5uRVv7GGQM
qfITRYcnP84
7QDvKzY4aqA
QEzlsjAqADA
hDNlu7Qf6_E
q-Y-z6HmRgI
vn3e37VWc0k
I7wfDenj6CQ
iWDKsHm6gTA
f4pkzHP3qyA
NAXHHBUY9_E
ruM4Xxhx32U
pOyKFgGKmHE
FXzQAMrQNrM
3drtbPZF9yc
J8hzJxb0rpc
169N81xAffQ
Fwu_2hVC9kE
RLmKfXwWQtE
aeCsS6PjhK8
0C75vRVL5lE
GUpd2HJHUt8
aBc2kw8aHRM
Wx9vPv-T51I
ztWHqUFJRTs
qhbX_BPrJwU
oqGuJhOeMek
VXHRtoH0kIQ
dRSPy3ZwpBk
2dnaEcUKeAQ
OjkzfeJz66o
KB43fM_ozKQ
9N8hsXQapjY
yJXTXN4xrI8
0UzMaoaXKaM
Q4CZ81EmAsw
uNS1QvDzCVw
_IZMVMf4NQ0
ScdLqAA_64E
KI7u_pcfAQE
oz1Cz8ko8iY
ptM7FzyjtRk
t3I9gDocYdk
qD0_yWgifDM
tVdw60eCnJI
5xtgtJTC2go
nthpwCMrhQw
kpzEsgSBUqc
keMF8YzQoRM
CBZH4dMac-Q
KnJ4_xRfxpA
RaGUW1d0w8g
ZZZ6QB5TSfk
oWww0YIf-JE
BR1enXROmgA
Jbum8SGuAKg
VwRLIt6jgdM
p-vNSqUy0l4
5NubJ2ThK_U
cTK_cJVryIc
KRVhtMxQWRs
wIzvfki5ozU
CBKKoq_HxYA
gx5IyumKmDI
Uj3_KqkI9Zo
Qj_OzmP8iWg
gKhE3CMz7Sk
ZQTQSbjecLg
lEXBxijQREo
yDIQzUSezmA
rDqXwUS402I
snJnO6OpjCs
kGhknFzrnXg
VYFE3tYUdJU
mSzCS_5qtVY
tH94iV3Jy_Q
UwRVj9rz2QQ
MvuYATh7Y74
c8iswsLT3Jc
-1aAunaw1GA
IkmjCmvfeFI
8b6_3Yn1OEU
P50NcJLSJJY
KZGNyXaVirM
n6wpNhyreDE
o1_D4FscMnU
m6dCxo7t_aE
dmcevC55K3s
4NpG4F9yq00
mqHVRgCkCDE
_0ThKRmySoU
yqUFy-t4MlQ
DupXDD87oHc
7H3ksmxwpWc
Jq_Ca-HKh1g
NgD9yHSJ29I
VWbu2Kh1S6Q
xyFG-LuIj_M
iUJuYDPXjus
qR72RnEwl0M
JufLDxmCwB0
P9VdyPbbzlI
zXnlMckRiyE
UukRgqzk-KE
r6BDcTPTAu0
Jq_Ca-HKh1g
8ROHpZ0A70I
5Zhq2xk6oQ0
K93fMnFKwfI
Bsp5JYNMAQE
ubEadhXWwV4
LgmpbXIGpcc
If4I3aF1PRg
oidE2SSDczw
a5mZ0R3h8m0
KA7mpOvTgs8
U9g4gRWkFTs
O0PawPSdk28
Q-mMMpl_T80
NvP6j4Dj0VA
fKnAJCSGSdk
evH0I7Coc54
5sY4rhvB9LE
edD3nwNcxcA
8iaoEkpnvVk
RXkYjL_7jME
pRXmEPZNkpY
lsdgdgJb3IM
VrQLDT_1Q_k
3xHURCCswAY
XuNgH74BpG0
0Wb5obt7QO0
dSFZJk6qCcc
YqmPE2HtkyU
7EzGs0AtJVw
FVENysRzu3E
gtjy1zZrwhA
vveGnERb9uM
mZC-kzM_E4o
qW0M5m4p9YY
tkxWmh-tFGs
foVMwJtlR5s
joTKd5j3mzk
7CuYx9mZCQA
86HB9uQ2ZS4
gE9KAJ8ui3A
aZ47h37CGE0
sjJrXHWLP_M
9EW5JuKw588
BWeoeqXPOqQ
ayMn1T3nQUQ
Pe2unbv2rRA
ZNMwhaSHK9Q
2MGMvEnoD6U
ZVoDwtyvDJc
Z5VRoGTF60s
uWWFXpldgMQ
hecdjLbm5_g
mABIBvhsgQ4
dCMbGlqzHE0
xcxGNyex3aE
G0My5NfboxM
K5cvHHUnpKo
FeqPCWrw-t4
4WR0_gEEZ9I
k2NQ2SFuSN4
eK0NzsGRceg
FxpC-8f--xo
x24KoVNliMk
tzlGU5EI9rU
WJoSHQvniDY
ch9dLgYxD_0
PnT0k9wdDZo
NILqYZFj954
jyZ0jbn4iAw
tp7ujdhH4Cw
Avk7uoOEWoI
dtL5C9XD470
uHaBKBN5WLo
5zd7_vsQhMY
TkRwqpnublk
7ZzMZC1ZYYo
zf9YNrgaUJs
GuV86ziNGkc
AGMxrjyxyQM
LdHoK3VM4XY
-2RyTF9deUo
J6X-SiF4veg
oyFzM6WHwQ8
RJSB74E-ZmM
GmGb0qv-PlQ
UfQbeOC6lhk
udn-L92wdn8
0MseOJ9LEnc
KrEQTixCJLI
tbwvKYXhzC0
eRhL-XLcM9M
-OzZBU0UIIU
gWUZ8t6mJRY
sb2FI2EI4D8
XAjalGXoLOA
z_rrcpN9Hoc
dxLLAe-k1W4
Igwitg9zFvQ
CAdJcnrSgR8
Rqj7besaGg4
KnU1Pioy13s
lH83NyjoXbU
uXKilrFGd2U
UtNHCwmWYhY
zodVSlOuShc
xl30RwACSq8
uoWp52mfUjg
gDkJ-ry6aSk
ILZir52FssA
hueCKLP-hOg
5t7DnKa1KVU
VdkV8nyqpNs
ysqFHuICt0w
x4fgPHvsP2I
A3ZC9OyHWO4
Xv4I-Amo5Bw
VyMaqh2ELR0
P1pD6zi-lbU
JAeIeYLlvTU
UdkueC7KzkM
Ndh58GGCTQo
FVmPPVNlvxE
6IxcsokEGx0
irY8WHObovM
B6n_xSP1fxA
jeGjmVX0d50
DbnaWoEHiMM
yKVlFTewDE4
FBOD4QTYa0k
ZpJAjDjdwT4
MYAFJvUO2xI
tO3zf3VKjYA
5gfnKKsTVs0
obwglR2K8G8
py6Eda81-AY
ht_gH-ssqfs
KYsUBeLj1fM
DMzAay6PgQo
GwnVGhdkZg0
Hm47DyTjqXw
Pl8l7_NUBq0
vzT2rMAAggE
aUBjEqAMki4
ZvlMZjQpQuk
ouIOVASnOZo
PwpHU-3ESbU
JVNeS-2_U3U
z-ERsE8SEVY
v2L03ru8juE
tHT-Lfbkw3s
QrX55PwQ2ss
jKQwLaQSQQo
DHSUkc6GLyU
7zYvjEFhISU
Nc-nZ1bLL5I
AATi7bzZo74
Yy527x7oKRk
-q09vsY6wjM
fw0PVzhlK4s
xBwjmB5-W0k
SDVlDuLOZ0Q
RJSB74E-ZmM
6pIXkZaaiZM
ZNEv6DNUWxA
CZ-QJR_RWgM
liMQHQxkSYA
ezmR9Attpyc
nEm5zR1IND0
rkZrzmVZnCA
Vt7lN4QPU0k
s7ilIYMqjJA
-6Doq-mdx6w
s0-iSrj6pNU
Ub8Wj_tJhdQ
-PPGe7MU6ME
dUMmoPdwBy4
Qog18tiNnqg
_gwJHuEa9Jc
onZEkLpQ0FA
4TGixIAP92c
ZN41d7Txcq0
C6kn6nXMWF0
9zmB3Gx3e_s
zafiGBrFkRM
INFKdqxLgPs
V8A4qudmsX0
aMsaFP3kgqQ
9a5vHXsUvUw
GHnl1O3NGJk
HMpi8Zf6FFc
xi-D8y-6uA4
MS6ARB2CgLI
pbIas5MAQn0
DWDbxcvmsHk
xOnwG_GgAqg
1TS6YW7rzIo
hbrfZD0cnjY
7mcuWJJK2YQ
t0m8WdR1FcQ
bWWPs35lTjE
UFaa6CnXMdg
5zeGl5Jz03o
IaBJFSAxVgY
lleIWB8KalU
syEOMOIGK0Q
t-Gj-wBCClY
TUmdC3C2B4w
1Wmjeu0YqPk
Y8I7YiZ68jE
gN-U_hHtPL4
uAy6EawKKME
WqkFIIoa_V8
rTBfuoysQYQ
e5pklFtGthY
E7yePfnLKCU
kwgjaW3Bx18
5uj_mzEqFRk
xVBNT7phYsg
TFe6Vsrh1QE
_DdU4ehCzUM
eZ4zlkhdcCw
EnMQQH1-itg
p5v7h4wQDPg
GpI3_Y9My4w
ewWIDwRMVJw
_ParhjlvHbg
p89ZirjNPMQ
kktr4ssaC_Y
1aVGf4G72IA
3L31XDIbIFI
E3FTvL6A1gQ
g6GaWlQGbfQ
_GgrKjsLrZg
jB7xaaV8Rus
W1UGzaG1Uos
s9e6b-csA1Y
X8ULxxgjBuI
gLUzgWAEGjY
qocAoN4jNwc
7a8Y605PEc8
zJQsXxbZEiI
aRRE5TEnfsA
y97hd9voaJE
C352T7xttbM
sCTI5tcnEok
ATbyOuk0bvE
r25lOeggxIw
o78pDcZAxF8
owbfNJMumEs
GCA93_exJDw
50MpgVJ8xAE
wLmi3CYGjX4
fXdsmvaXx78
fSznVBd37Uo
JjNtWRBdXws
mZt1Gn0R22Q
CUuyzoTI948
tAUXIEr-VzM
VkhFh5Ms1vc
MBZBqNrsAPM
4TQETLZZmcM
nAljnpoKVLw
PnnSjdpoBVw
5vUWmID5as8
czMh3BnHFHQ
U0MCXDy0J0g
AkFi90lZmXA
ZJZsM4flpN4
WOQhduHFp2I
ryGR06dlPf0
0GDYCxQYbjg
fpV7DKwcqbk
uvMiz0-nPxs
w-YLJ-pHRhA
0jF9xyF8mxQ
KoU1XiQJ1vo
V8miLevRI_o
oR7ExVuHy5U
rIVkvrEiVm0
QUW_Zv_jJb8
LhMGK4dsgYw
n_8Bjz-OCD8
NgasyGDQDeM
NRgWRXFXLQs
De5BNXTJtJQ
KymR6N1HT88
Qq0kMEWzdHg
r8ffs_MeY5M
SrjoaaIxaJI
60GAfOakQHA
-n3buCOXiY8
l80zgw07W4Y
25GOatovFIM
jLqLG-01Thw
h3Tp_nscwjM
1xlAaBrIxMs
miY2D_g3aZk
lL3qzjKkirs
kF4ju6j6aLE
rdrY3Z7c-Ps
69K5rjy_euo
SXwYyb0AzmA
RBFHVOLhxOk
c3KEiiDys_8
gMem9QalY-o
npRXazR1LtU
RvdxGDJogtA
z4SWD5NHO18
9-M6lv57394
pmPw_6fAFQM
7jtZdSRst94
4NxN6PmxlBM
X6FOp65MvxE
usdJgEwMinM
uaalzEf5kPA
C_QRAHTw4M8
U8c1H4k21SU
4SZ_5fGEdpk
M-ymanHajN8
HiKM-Mc3DHg
5CpLEOO5oyo
nZk_BQm_vZU
3NjEV064AQ4
Olni0KKdZqc
ptJg2GScPEQ
4TQETLZZmcM
U4k5JFmahVY
YU-lMsLRtL0
TMKmUqk865g
vIPyXQesFhk
E0W1ZZYIV8o
57hPu0foQ3Q
8XB2v-DqBug
r4UdHE3JNnU
pACNKOLZizE
q_X4Slk3im0
cio4mrloqug
2TnoQBitbNg
OMygIvEMohg
IPobRaUie18
FlfChYGv3Z4
x_LKIFHy0Bs
_wlVNYA46v8
k490Y72c1ig
ZyQv5SL11V0
wwvkdqDoqdM
rkRbebvoYqI
_yPpnl1V8NM
szTK7EJvDgk
2ItUs5ZRHLg
LU35Et4e-Yo
SsHnfVmb9OE
Yzcxd8tsJ3Q
mW1xBc1dwqI
vdtQgwOOiBg
fWxce7Jjxsk
5vTSSxcNK4s
eREopphW5Bw
k_mG-Ka4mv8
H4JUTnkiGpI
NKBlWanXzGE
iX2w3q_O25c
OB6WYW6kp2s
M21jHWxdI2w
j8xJs2Yjf8I
Da8AR47BNdE
DGNSkAhkPys
pNtw-m1fVug
jT6BqMWPOqE
AmOTf0eYcgo
DD_8Jm5pTLk
QhUrc4BnPgg
k7ve_ibAY1s
6hfOvs8pY1k
ubR8rEgSZSU
dq-3JfRrgRM
oKjFVBVGad0
RQMgLxVxsrw
QwFH7TGdwgA
b_lT6mJM_fA
k-fopkhoHMI
UC7EqN42woQ
o2HcKp1WN3c
19HB_AdAnCY
br1TOrdoli4
CsOwVZrWRYc
IElHgJG5Fe4
hPLgfGX1I5Y
Rk9MIXSK1tM
aTfat5TZyI8
3s_hlvhwmvg
kec8L642Y0I
yTDdY1UG7ug
7wzceILi774
N-E1msIJ9Hw
5NWKsEbc3XU
q2TewSL_Egk
I4Ou5otqjqE
RR08NcoBlms
lV28dOGC_ps
sYhMAjfdxD8
SItBgBy_oZk
0aANTxQLeAo
eFCk3qWmCoo
_pnUsvZzs5g
tuv3R5uYm8s
3NpByotvdFA
QkPh4vGNpQk
sNda62ZLN9o
5t05I2DupoM
V5APNzLl2zU
jslAeNZFjvA
TbCxFrV3uiE
LqeAiz691-s
ltCVp1ic-L8
2QLUtt86m0c
bNBhOtu0D50
ey9-ajrqTco
ZyQv5SL11V0
DAMVhaWwrp0
9wiHfHOPbyE
NB6rMkiNKtM
BHHCvcCUOWU
lkvKGafoyIY
RWZluriQUzE
j6icJor2GfI
y6Sy6P5YSVo
PNKbbSniAig
7bcNEUjMjMI
zeCBRMfYvl4
D5yCT5DMXO0
iVcJmZcxlIY
6oKsikHollM
xfzUTbhwTJ4
gCtlzT0HsZM
xFDJuAQ1lec
gIPiU7DUlY4
XVJuf7FXovw
ks1FEtWlzTU
pfPSrdISUwk
ImmFkjFm-k0
3ywYXbGKstQ
UmXdk1el8Hs
AZOBCQ_7JEM
XO_F2yQJKmI
dcGkiiSe-J0
PVP3VaC4NrI
wgB-mvzXGuA
cWVk8Cdvmgs
7FXSPlB1Ohc
GTesuokLc4w
5QXeIqvQNHo
r593zLtZxAU
RRzK9u75XUg
9OgidK7dRW0
f1BxHghoQnk
Xl479V5I0bU
CtR5EkvLNfg
j-0cUmUyb-Y
HneiEA1B8ks
qPjI6YFFgA4
hGbJclE-Tw4
OwvPaMolTFU
dgCvNSQ82Iw
JTNY92xeFS0
yzQDFKY2uEI
nPi7khlLywA
IYSlId-Ri7Q
nqRTv4WdL2s
1_JqwvvEpRM
G6mmIzRz_f8
ff40YiMmVkU
grkWGeqW99c
yvPowPkFrhg
EfqVnj-sgcc
8cKfCmSqZ5s
d_7cCUI63K4
HuFR5XBYLfU
KUiemQTEOYQ
DmUiCweDic4
2Lfm1uRPqo8
uXYWGyjelU8
ECjNoY_qNfE
8aAivrIUH1s
k5sqS3sQ7Z4
garadDEgkwU
UdGShxutLeE
EzakQuKqBeQ
qOXuJqr1UhU
9f8VcV8v2LE
b-J8d1zfRIM
3siMH0nimIs
_7TKiFRkKGY
SOplWvrjnS4
Ltbi0uHZpOs
TLPQ765VS6E
yo7frsh6wtI
eJrzj06FIYg
BGfeBewgdQE
Jrjxu-eLYAo
QpHTd4WX0vI
PQqv8cWWV2U
vQ6JJjyYHbk
LQMnMKREriM
P1Ut5iiKgYY
me6NciKf3Bk
3dciD9FO9mc
9r3yGCq4InA
5l3U1xqyLLM
5_a6KP2JgOI
yxi-yA_loYo
Vx2RcUQNh6Q
K14NT_74Zf0
HlO23t8cKZM
rv0g8TsnA6c
DwGoZA8ZpHo
XNqm4Yvr0uM
cmoeTSassrI
d_7cCUI63K4
AWOC29YitGQ
nS4BriU-lkU
MJnK2DFapWQ
pqX9zMuKENc
6D4Mmr2E7hM
az9tHuOzOfA
AV3s8fFfUI8
a_-obTZO6pY
UNP03fDSj1U
a5G_mPCPpzk
iTboKWWuaSY
9pZr-3D2Mus
vzvVNAwJKMc
ORpeZP0jiCk
CZ0gIiwjk_0
LrtMUzZ_0TQ
BqNnqf_3Z7M
NmW9smtierY
UReC9XwMjxc
1GuSQFAMckQ
lKeDBpkrDUA
ZOETUvaOxDA
448naPYDVpA
gFsFF9gX_6I
6wJ9Aakddng
mdT01GAGECU
HkgHLK9_Zt8
l1JIqxXmZhU
2ovO5rCGNNY
MUc5Nv4Zprs
lJ-xLc2dxCE
4w48Ip-KPRs
4HBJa279i8M
3Evl0tQAdXI
1xcvWSeZPbw
ncqVw1sx-04
1cT_Z0KGhP8
ozdSZANu33M
u22QB6nCw8o
2n__I-PRl7w
V_YBFVEC7Gg
Y2jyjfcp1as
mbIkUptDLdc
poE_nNW9-yk
IiR-bnCHIYo
Mehz7tCxjSE
v34NqCbAA1c
sbWju-Pt4fk
wQTnVEXAtBY
MlOjSQeO1Dg
PArSFhmiHYo
H6LEcM0E0io
77RubAueWjg
GR9p7gC11S4
eo5XndJaz-Y
kqWCwwyeE6k
XaGUL8B-BrE
nVnPQw0f8Qc
yAXnYcUjn5k
FrK9WDMOqBI
tI61JjXdo_I
nF5S0FLp19Y
ReM-G9V5VrY
k3kcl2HDlww
otrpxtAmDAk
m9PiPlRuy6E
Pz6AQXQGupQ
weNKci8MrfI
XvIg5MK-8yY
sMh8RCqJf9U
WejeIgo5cRc
10dkp-N0iwU
jtRv4qouBEo
cYnkRvYGnEk
DC58z4N0IWw
bX3C201O4MA
ODKUnO7aZ8k
p6uXJWxpKBM
t_uFZa_g2eU
589tH-wtCak
0i_M3Bd_7Ao
tbVvUeYEwzU
ZpILR21GWao
BsMVoLO7Owk
TRQdHrGuVgI
A35hen_d6eA
n_2VNec5Dfs
1FCihq5n-hE
JDBkeYSxPtY
fC_y1u9jQ2w
dXWikNXiG2Q
52JqQkx_VDc
rYXK8TZADws
qf7UnH1AHYA
ZLkbWUNQbgk
aUJD3sGppUo
GayY-mjZXrQ
TN79Qyddsf0
GbEeMolAUsM
qn3ITqtGzQ8
n9v-cDwEVDQ
UKhg68QJlo0
KXWurAmtf78
UBpTohx1BOc
ASLUY2U1M-8
Gomg-PrQUTk
VYu0kMCxFEE
yzLCWrPhBLY
sewhbmh0ECg
ZZyNwGD3XE0
RZFYuX84n1U
PurpaN30Wn0
XSb-pIloOFc
M5qIdgE4ajA
tW7IgKJWtqk
iqAee-QsjMU
eM1KaaTez0A
d5_h1VuwD6g
KzSAFJBLyn4
zf83T6rdzmI
nqSLlS1WZmE
5pfoa7j5vls
J1yIApZtLos
4k1JlhniQFI
9LR7Vb6mqts
xCUyYIIG_gM
H6syI3xiBBg
rZy6rpvq5Es
O2dEuMFR8kw
4Ne7EYoCX_o
p54VVLSS6Qk
-Hi5muM44NE
RNs3XpRmRfI
D0ZyjpAin_Y
l8_fZPHasdo
1X8p0vhsWRE
BXiY3lk5rbg
bOYIKJho18I
E0KahzQGHM0
TPmlD6demPk
m-UrpcSRVGk
8SOQduoLgRw
ov-Sh8UDnhU
1QUF5QfnIbc
3LK3ONKo-WM
yVPeuvFn_lY
tLsFl6QiFh4
pS-sfUHJaXI
TlyvS1ckDZM
XzgT4xcFNNo
UZ5UGnU7oOI
YvABHCJm3aA
xA3j_btaz_0
UIzHuESemu4
JHPcIDd676M
tqg6RO8c_W0
O-48znAg7VE
1c3AQT_Lex4
TJgc28csgV0
UNdD5Kxdkpg
u8C2Un6Gjhk
USRkS_WO4e4
HGl3_92KW7I
BmFEoCFDi-w
Hhk4N9A0oCA
U42iLGDdu-E
kJLDl2uDNaA
eeYkGsWtUVY
bZW_B9CC-gI
u6y2RPQw7E0
0nqhopRhju4
NOl0v54DaXo
tNu6on8dk2o
a6FvEwLBgBo
2QZaONSuYKM
kIzFz9T5rhI
aeAL6xThfL8
ENWVRcMGDoU
soxS8VtMi9E
5Zg-C8AAIGg
fPnwBITSmgU
flthk8SNiiE
2k-2IlJcaHg
R5BY_4FfbQs
ASZJE15E0SY
qz1FKi6z4Fc
mYD7Y9CXeUw
MEjgDeSnBMs
sI23cwbbNqs
qY1R0UBBZk0
enfO5s0_uvM
4QnGjGgbmmw
W9H3gvnN468
dNlkHtMgcPQ
yYEfLm5dLMQ
juWYhMoDTN0
YcUDBgYodIE
XNjvipiJTjY
uihNc_tdGbk
dACNHRPdgqc
MNMoi5Af1SY
0SMNYivhGsc
F-Atrlz-cSI
KJLqOclPqis
AGCUm_jWtt4
EHxdVtygP1g
BY9VGS2eXas
G1KGUP2iKbE
Kl4cU9sG_08
0_b80fHmuWw
A4cPmHGegKI
jILgxeNBK_8
j0_u-lourd0
8EUy_82IChY
0mbuwZK0lr8
A0edKgL9EgM
71GjsRnsoL8
JGO_zDWmkvk
yR-6_lS9vts
lY3XV_GGV0M
_1GQtAAxtX8
0YzvupOX8Is
TEl4jeETVmg
S0DSM-EkQE8
ijj58xD5fDI
-VwpxDCmTs4
3V2omKRX9gc
4mQN1hcFJwU
ctaPAm14L10
zzu2POfYv0Y
74I0M0RKNIE
3yRMbH36HRE
uU_4uA6-zcE
UPA3bwVVzGI
imGfY8nb9jw
t-KmQ6pGxg4
MBRTR2dlwvA
D5zDkW1thls
6AnLznzIjSE
9mcuIc5O-DE
OttRV5ykP7A
4OpBylwH9DU
oZXqORn0z4E
EtclcWGG7WQ
i_R7ouD8-Eo
5NdMnlt2keE
vdCjKH5IKJ8
JQDgE_eJGTM
kMWxuF9YW38
AmFMJC45f1Q
yQP4UJhNn0I
9WvoGlQ7zH8
xFQ_fO2D7f0
Ie8qJuXYN7w
iMGRpzf2RL8
7SWvDHvWXok
2AM3ARs9MMg
F8UFGu2M2gM
5UD0RjZdUHk
Uqly8ERIkHM
FfJ5XG5i2aw
Dz8E8UOBFJQ
UG8YbNbdaco
I2apGYUX7Q0
C9vnuaPGxrg
a1bWKZFP2Tc
ckGB5lHyzME
tr4gWi9Jf6k
Gn7IoT_WSRA
