ttcJMNlKif4
BcgDvEdGEXg
TrofjEAetVs
a63t8r70QN0
4CGFPbFqdJ4
5MuIMqhT8DM
Cm1Ij-jRhpQ
qAC-5hTK-4c
gmG5ADvPN98
nJd_2mJ4u-I
iqKYtA3pK1c
DBBA2LAsepU
LC5n91vKDZg
ONs9FCY74p0
lUKhMUZnLuw
fO2htapfNhA
dKNu5ZnWhb4
J4r9pgx_95E
Ln5Ts0bGguk
uyMtsyzXWd4
vjXJ4f-OW0U
ER15KmrB8h8
qu47T7kUPVQ
CeOadxT7kPA
RLz3AYVIqes
C0dmOPDLKhY
5nM21P8lJ2I
qRJJR6bGyL4
VLDwh4ivNf4
xnQB9Y77PXE
khkJkR-ipfw
YkYdxjaqt58
QtnBMSSk9Ok
3BDF7cD2M6g
HiA41B9LbJI
xTra-yePY_A
-jNlpGLpelg
tt2xKhTHZQs
hxnHdLQIX3o
BRRNeBKwvNM
XY6aAPhs0tE
WlFsUeYzezk
MeKJK4uetL8
YSZhrxOkBZI
nAHvKC_k5VE
Ox4YJsGm8mY
XXllBMHeKJE
CyGWML6cI_k
UUp39T3fPAo
TdZTvzMPa6s
lFG1b1-EsW8
5tn8zo4ykMI
-mwF-znI4x0
FJxUN-kNXNs
7uRPPaYuu44
zjrFw3MASGc
_lyP_2p5MJc
SkB4gG8ke7Q
wxStlzunxCw
Bzfb4ZdNQFM
gJjLdnycuyU
SMnKboI4fvY
xv4_L5zlYaA
Q9cje57YDRU
G9-urSR19SI
-kHm6YiboHA
F3mzS32SH2Q
7SfhKi24z-M
ZjeZ8r7yWOk
GIBoCJeB3HQ
fjkTrdunJzA
stUl_OapUso
kcoUlel8qbw
Vn6elsrKz70
-T3k6s7bev8
wMt0K-AbpCU
jr5mTwfFh00
ewNTwBbLUhM
aQsOmGflf1o
Swj-8DrVT2M
Xj-ncWb4N-I
jTVWtrMleI0
McxUiTl61nY
NI915VTjCHE
H2QxFM9y0tY
08z_xW-szwM
PK8PR22-c_U
dQmaMOxwaQI
mCHC99MqVfE
x6fIseKzzH0
DOisAG9yoNk
PYJ22-YYNW8
ngFXRh3ahm8
UJz69v_7258
H8rDS6Wto5g
iBa9EoEbb38
Dig_QFPPPtE
yjYrxcGSWX4
yXh1p2oBbPI
ygHwQXIlKJI
7G4WI4oTC5A
vXlJEcrinwg
HLEgiR1Fsds
g7F9XCdeOtw
kBBmVezBUkg
aRcD31sA2a0
QuR969uMICM
b-HkNXW4nmU
o_U-_akINwQ
_vCIktrORFU
OWiiA9hXbY8
9NZCWeBNPeE
o_XVt5rdpFY
iu9u5yzUlb0
bLAw7yF0YBc
UDvw9vWSgt4
hokUdXYRe2Q
v4ly_-IIFCQ
qlzjohcBkmg
Is1YUQVYkvY
-BvcToPZCLI
JqcDzptviFw
gpE_W50OTUc
3zJHwOwirjA
mnRlB3G9fDU
zP3LaAYzA3Q
Ubbmje44gLg
LcNvkhS4UYg
jAw8t2g-eVU
1AT5klu_yAQ
UeGLnUqNI0s
D4vjGSiRGKY
ez7HOFKTtH0
AHV_BxlNzmM
-H1tUMRJoeo
oQ7vlPpUHN8
Y_p8qwDHtfA
XowcxCYbug0
mqX2BmiEDnQ
phgjouv0BUA
_jHmjs2270A
tFfYh9THuGo
zfAgyT4hy8Q
m7hdIIneypE
L375-rWJVmU
rpJx5VLQMxk
N3SQlrmV1cE
U51MSK6nSQE
360bU-vBJOI
Uroa2-MpiuE
rQy4gPjUY-s
PlytMrKfOFA
mJ0X5itK96o
s2cixaL9H3U
4E_1AB1rsSw
XewnyUJgyA4
xn5gw0q3Tqw
pxEcvU0Vp_M
_9lz7hYDvRM
rmfzwwrCrrU
dd1IeIHA0S8
uuatZO76MgQ
iw7nPE2jioU
dDClQv1SeeE
7Q59suYxIec
L7X17aash2s
-RkhAP0_ms4
Rv-tDrv__mc
b2Jv8vC-m3g
Uq6XgrYBugo
5bXiuSrZUKg
51k3UASQE5E
7p1nCRQCiUM
dgJsm8gDLK0
SU8JYKGekXo
IFpK-MqBD5E
6iM6M_7wBMc
SDLbFowy3A0
6UbpxCQTv34
k12j-E1LsUU
zpjxElfNpks
YY1ERM-NIBY
Euegk8-WjoQ
wcCZ-icYX9c
nisSeC81u2M
MEHU2gp1wtg
Hx9mkvBBXXw
bYi6GMv5Erw
bUjrtRQ64ek
onaiTOLPeUs
6C_-VdaXgCQ
Uq3MCf_6HtI
MiI7q_4p17M
YUUP2MMz7PU
2ch5FJAqLMk
zamvnyBB-SU
lY0H1E8DLtk
OrB9JBEk1ds
0DHywidLX6A
-XbrhfGNLOY
1mLQFm3wEfw
xgBnYr0_FRk
cZe3zcNoIKk
WyprXhvGVYk
pzH92njLrTE
deG_LTcAjaM
QMcwDmHiUZ8
wYb3Wimn01s
WvfydcUeXls
5qzy1fHYQNg
i2l9v_seHCc
KyVSuI6JyOs
Lv-TjM4YVzE
jlhtTKPkg5M
pnKhVpgcmFc
jOsX_HnJtHU
pcF6IRpe-Og
VlHiEN1zTKI
uv5-hIif7BQ
z1r1ugmDxjk
A3L6OZdnVWE
f7MghGrscVA
Rcm3rPz_Q94
tz9-N_mRI04
G7PydoX_WNQ
Y0vRupFPw90
IOABs1cOqDo
kvdHqS3ryw0
MehKgIcoj6o
ykLj-Hc28o4
roXTB6pQn28
v5c3FE_qRnI
762c6pFpoqg
1fZ915L1w7I
i_wtaoHCw3k
AEKy1AS75Zs
PX61e3sAj5k
iMFJef3xnmg
Xb1Wq4NA290
ajGgd9Ld-Wc
awADEuv5vWY
0R9zjn9BBvA
l--QYXCecew
9jZHw7Wf0v0
mhEYvrFOP88
TSomH3iGgYY
ciDjhKKxOaY
o4R1dGMxhLw
qaIghx4QRN4
4R3gFN8sUa8
POHYyP4EbzE
ovKqmRyOGcg
IQkj4CF_ha4
4xKC0ldOn0E
qxz68bDIHCw
CXy1byguvJY
6ElobAhlQo0
FW3198J83RQ
21hgbMa_sVc
WBqnzn77MEE
4INdeZ5HYpw
XY_lzonfE3I
o2DDU4g0PRo
zHbkOWz6AAg
yLfCCcVDUiU
ylOlZz7s52Q
1g-1_Y3fvUg
WhpAYw9kCt8
rfi3w9Bzwik
KAQ11iNknoU
dKq34EVggjI
QAAxKRFP2Mw
hItQZfVU6-g
GRfudKFLAmI
v9EKV2nSU8w
4xJ1rSq4nZ4
LsAN-TEJfN0
0g0S34XE2b8
HW2SSoYteIs
BPsSKKL8N0s
XyTcINLKq4c
kefDIEb3xyQ
AI7M-JTC6_w
2LRwvU6gEbA
p1gVCOFXGZk
lhoCdZFoktQ
L4N1q4RNi9I
rJmwZhy9Suk
yue6t5UmP4o
9IPHZ2rN-Hs
E3cK8IL0JCE
cUee1I69nFs
1w3NXBXdY5c
5foou7mIA0w
7a5NyUITbyk
klm0ghWoEhQ
FcN3BW4vR7M
PLk8Pm_XBJE
r-YXvkWLy-g
-nKdufEaL8k
iBErp8qvWZg
3Va3oY8pfSI
NAYkF04IZHI
4xKgo0_HGRM
xqzLm0Xua8g
IBf9pXOmpFw
7LN4L5EMmmc
NuBtcUGqgMc
xjvTIP7pV20
l4gJCBK0Tfc
3boKz0Exros
ARb2UfDgSHQ
dO1LxQEoGLc
_tewedUBhAo
A_u2WFTfbcg
TZNOrZIdct8
xHHb7R3kx40
hQltlSDNmd0
SO7pX6ojJQ0
3P-2dcS19fk
zfbigT9I0Qg
Rhcrbcg8HBw
L-q-tSHo9Ho
-guHd9Zrbn4
vVx39Jv6PFM
hPgY45xsGsU
EZKDkSY1GBM
phu4Z6QEXJE
Bs2Fv3YiSFM
pVeq-0dIqpk
g3vSYbT1Aco
eemOZfsrKdg
3-UcGCnJ14c
7MHOk7qVhYs
F2XPF6rQ6fs
yCm9Ng0bbEQ
waVUm5bhLbg
1XvLEhZIAVk
TfKpvpxdNz8
yF4MgSh7VO4
JoUZ929qoLk
_2PhFnwj608
U4gR_cd6xOc
Dar8P3r7GYA
kuT7zWZEwl0
LY5hMMjiN6k
5zWmdHmJMd0
c0bsKc4tiuY
cfzkBGgxXGE
Erm4vP1vTn8
aMkNASF9lwE
3B24RaqA33k
qQ-PUXPVlos
IyrcWMvu9ek
RKK7wGAYP6k
zbHe4RpgV80
wD3-6JIUF7M
V84b-WIlNA0
zA6_pcEz8Ls
kZP8Kqr_bcw
-I3e6Mkfp7M
Tu01sNfs5SQ
hs-YuHv0vUk
uJr4wGcLNsA
r9Zz4hYuGdw
WKlIyta-lu4
VM6HZqQKhok
lXQ4HSMp1OA
qpfq3xCdAu4
SQB9zNWw9MA
J3pGKt7fE-M
UQzvNIIMayo
56XQd6fcWu8
0JGarsZE1rk
DGvPfD1Dd1U
tl-3r8Gid90
5QTjSH1KGlY
M5PiTCwoQRo
1XL8I9-IqRY
ZLiUelSu7s8
BzeTjn0R2VY
L0qnh0m50vQ
Bs86giWcjLA
n3qA8DNc2Ss
2j00U6lUC-c
ERSZb2wHFDw
m6X1i8khmt8
yuu6o4AQwNI
u1_dYypojbE
Qao76IPXW-E
VxE_itIllxE
J_Sc7hYKstI
6k8YBJ5sgko
HqekWf-JC-A
TUgBd-yK7-4
5CSDIcUsIJk
B43f89Y9f-A
LHmz_s981-g
2VBkDNzeRZM
xQZxGCPjpqM
BHY0FxzoKZE
OIlSXRC-B-I
USnf5kbsMlg
OEydHbngSz0
wOsQKjNoHmw
jk6Y3f2c4-I
1tcqfWki-hw
EV3OmxrowWE
guXxy8LH2QM
twWkGt33X_k
yeVU2Ff4ffc
TFgtI7nt6Q4
YsXg3J1x4OY
Cprp_EjVtwA
1oNlTrLIjU4
Y0UB6g8Rsyw
mgcjr1yz7ow
5ErKrSyUpEo
ZivM_83PBU0
atKSMfx4E3I
wmE8dQcZgB4
wmMrZyVANUo
PfWGiu0jGv0
PbgB2TaYhio
hQigUH0vZSE
k0GQSJrpVhM
iclWth_VvBs
NcmxEPOQQzg
5RAJvzV9j-o
R84vqXjXWJc
pgmiPXAwiLg
b4k-KPELNcc
NDQ1Mi5I4rg
ZJPdJuhI03U
20adDr7Felw
7LE4MoJ-2po
mT4Qbp89nIQ
8UhqkX2VAmo
_7t6Ry4PlTo
tbvUCrS5_5I
85hbMtegrLc
yg8SBuTuoKk
C6mNITMY7e0
JoGCaI1HzYo
RtFFT4zjyTM
ZpT0cw9bmiw
ZzugJPASNB8
dDZoGcQVjJg
-mhe7COLiR0
j4LSwZ05laQ
LhszKevcH30
6oLsJUH1cfU
a17Z5Sk2XJY
t6eFzt6kFGE
jKM0jlPW8x0
S-3qnZrVy9o
oHDq1PcYkT4
dOt4NkcmIUg
4tQee2_JgUo
F0ofeD8VKMA
VMXdSkW6hns
O13KwsyDqeE
nLB8A--QdHc
ER0G2S9r7aE
0gks6ceq4eQ
M0-b-z5Le10
XZiNVGA78kA
itLUXZnLRn8
u4L130DkdOw
YATYsgi3e5A
mLufqwmPl1A
fWqKalpYgLo
55yGmKc6WfE
jtVIDBs60S8
j_GzkjHtFiA
aupPrDnhrKA
G88JZ1DIdg8
Kab-mpU-YVM
FQfWKSdIreM
1U2qMRGihGg
Cetg4gu0oQQ
5UH7uTpTa44
QijH4UAqGD8
CiLn-GrcuEs
J6tgYBMXR6s
bZsn1_DARRs
t8R_GKS-M2Y
73rUjrow5pI
2wseM6wWd74
uL5XUwfkxZw
JrRRvqgYgT0
coHWLitlm-U
xRL2vVAa47I
d0a0eXJ5TJM
F5h6ynoq8uM
g-ONUFFt2qM
A_xXC37CDSw
a6Qvzp516gY
_bm98rrVZzE
5nys6iebjHw
HbQZ7jAvgoI
y1yK36RMyRE
mGbMwP8MDjg
Sv5QitqbxJw
xAXUq-Qc8DI
_CEKKHyxgaw
O6Vayv9FCLM
HX17MXvwYHo
5w5BhwLzoqg
9y7YEmyz-Do
HNMQ_w7hXTA
Mt0PiXLvYlU
rtcrqLWZr_0
QPC5_P2_Fu8
DJGreSgaOTc
iFTWM7HV2UI
z3kdIL_EbQU
swB7Ivct8d8
lPtPG2lAmm4
ZSEO3dpAs5w
2BVSEnJte84
Uq1idqpX9-A
Q-sK-s_TzN0
hfznpykprP0
a4ZBzM3L6ws
0-FkPxSc_M4
yNhu0MG_2MA
Qd5rAVHT6Vw
qWNae7vYK6s
8nbeD1mwCdo
_B9A3J70IPQ
B905LapVP7I
Ogce5D2XMZ0
pvBlSFVmoaw
28sa2zGgmwE
iU1bhHeCkoU
KCr8s57hdzY
OzA6jRYjVQs
shG0ezBeeJc
3o655tLnik0
oEIYHTlbeLA
0txtVkBUdSQ
8Dv2Hdf5TRg
ZL-6MeYBeUs
8woKcr7u-YQ
x7I5BWW-0c8
D8S_LLnV3W8
zawpbVpu5nY
vGX3FA_rQq4
h9deGh8_tEc
qYUmI5kGsYk
OqUaEJLfrLo
0bRocfcPhHU
lWnr-99DNeE
2wu28tI9VkM
MQrhPhan5Gw
lUO0xDSJQVI
tg_CwQwYNjc
_ryJK294Psw
H03o2WCBoDU
yjtCDgjxRAw
Qhomjw2P-V0
y9Trdafp83U
qty0NjF3pdQ
acikxzM6GaY
hv-tFIuhD8E
B5pFS8XD_MM
eVFYhbHpfqU
HY71088saG4
hz2ONnzRANs
0ZfSOArXbGQ
kdqUhTnAgJU
BXcFEhl7ynM
nz0cAjXVepg
a_avBsX60-s
dkmpRQdJslI
Iv3Ud7_hv9g
BPeFy4iyzn0
Urk3xn7l3AM
u9Lu85L111Y
tb-WdVA4_bo
_2u_eHHzRto
HXbsVbFAczg
tS2aI-c3Q8A
ptIecdCZ3dg
9B5Z-7ELMO8
IFjD3NMv6Kw
RlQ3C_VanaU
rThUrXYaneo
c73Q8oQmwzo
gbDraZi7F_4
ultonpeO0ZA
Hg9STIrY0No
WfjzkO6_DEI
Wgt8QUHQjw8
DJMhz7JlPvA
Cgxsv1riJhI
2vE-elqTGlQ
LQq3NSoQH48
DDaldVHUedI
DDaldVHUedI
AO4In7d6X-c
FauPVZxDXxk
bJkv9b9o9lo
nO69Njad-ec
mguvTfAw4wk
PrK0CifulU0
SSZG5aPkZyM
pk35J2u8KqY
0K5OO2ybueM
Tmk7nAvpMXQ
C74amJRp730
1o9NEtA2IEQ
TppG2Wcl3bY
AMVgX8cXsHA
6wNif5SlN08
ULNPLFrTirQ
weWl6PqAdHY
RD_SLJG7oi8
PYjWLqE_cfE
Fc1yN6uxZfQ
lyu7v7nWzfo
fscaRh2OtXk
-E5K2pGB08Y
bnvnBwP9sTo
Q6U69HbAF9Y
5J6jAC6XxAI
X41iulkRqZU
qKJv4S5peJQ
Hf_zXx09IB8
48x_00Iy0ac
HDjM5lw8OYo
YsA_JTeHJ6A
VbeekjZP-CI
N9HF8mMe2pU
D9ZNpt6FVTY
PgCmT0qkfQM
NP8xt8o4_5Q
KJPpJhQxaLw
WyOSqjIABe0
3vJ4-UH38dQ
_B1JmOerYmY
ydKcaIE6O1k
8olL43PKJKw
TS6lFDVR-3g
ta2Wvy9F_gA
U5-yBjKKicA
EBK-a94IFHY
t-K6bn9sc50
ORthzIOEf30
urOCG-MlB9g
sVtIuDKFO1c
BvpmZktlBFs
TO-_kVIkY6A
AhUhpfKeLus
0ztdofPc8Rw
ALTvG9MIR64
CL-SiaFuLo4
twG4mr6Jov0
lwVYaY39YbQ
F89eycANUrQ
0ygtX2nyexo
vWJwa7lntTs
nFEgRt2EH1g
S6ufvYWTqQ0
sRT61YB0hSQ
0NV1KdWRHck
C2p42GASnUo
nbYQ7kdt0U4
WfD_FRPjQTo
Sf8j5LFv3nI
tjkrKA1cVdU
sFIDCtRX_-o
zIwLWfaAg-8
VzyjDR_AWzE
cGxybNBWy1U
BIvezCVcsYs
mkd_XHXhCcw
36zrJfAFcuc
PaxNc5-qn6s
xmKULRGBeG8
ZWfCi9WxK1E
7_RGn75JcZ8
38OUCtzkT4Q
Bo8YN3oB0Cw
HR9956gDpUY
Zwwanld4T1w
ag33QJmknXM
I1cGiNnJZgU
akiQuyhXR8o
TeGr86rq06c
AYzA2uyd9_s
IfSkBBgF4a0
-vqV-gHa2FE
mWA2uL8zXPI
ByEoeBYUwOo
zcMj4Az1MwE
esD6aaIjhek
N0vRIqeoefs
UG_X_7g63rY
N0vRIqeoefs
qxmEpmCtM3o
-GhVGZVcME8
xlUPlxSpDRo
JlbwchclCBo
es4w3WUcrN0
7kkRkhAXZGg
aTfwA1TaH3Q
_pQ1BCdSTTI
M_4x6G0zzeg
CVdPhUPO5YU
kTz52RW_bD0
z0HsPBKfhoI
2ju61VPdTzw
w1R4F9s_oow
8UPHFjHvGvY
ktOeFgmdIAo
dY9f9bFctUE
bVV2Zk88beY
6cL5Nud8d7w
HfMhU6qjVVM
aR5N2Jl8k14
BXlnrFpCu0c
9qd36_QPxSY
YKACzIrog24
ogeGJS0GEF4
szt7f5NmE9E
rftagV38YKY
AkUcaludrcI
WJo98LfIfEA
FqrLUtIFVjs
E_fB_s_TC5k
gyPoqFcvt9w
nOHbn8Q1fBM
6V6p1tgHfm0
ulYR5bpu68E
n3kNlFMXslo
th3nnEpITz0
xsU10fX0aC0
waRC-CQnoeY
YDvbDiJZpy0
Ds_rzoyyfF0
hfDkDzZ9GsU
zMWYQRKuc5M
zU-5GcqzHNM
dYNc3P4j-t4
YyXRYgjQXX0
o4Nno6POrwE
BQj2Z_GPsY8
qMppKiqMpAk
GSf6nij-SdA
Fb3yp4uJhq0
8sQ2p89P0Us
j-SqQDPGW2k
IjbTiRbeNpM
wYC-HKl4RPU
jM9Q3xP2iBo
Fcm-mAwPkxg
-vZXgApsPCQ
501FEzbB1JI
lwcvhh4pLjE
3wxBTEo8-T8
qaf-jNLjedo
VSUWNy_-pLI
iWaZEXBbQL0
Dph6ynRVyUc
tbicAmaXYtM
d-8n24ZwZcQ
MEDgtjpycYg
w8lH8tNlAXc
r92jUj7gNRw
ZQElzjCsl9o
hHOX3dlhhZ0
hLltkC-G5dY
RplnSVTzvnU
akOe5-UsQ2o
ZnC_UBmeRxw
XiEQmcZi8cM
1k89OTpDvIU
uYaF8p_TNSU
FPhZGD-6kVQ
Sa27SUR0Mlo
7O7BMa9XGXE
_ZW-8-NCKMw
bzlYyhh3X0w
DvuINJTMG8g
6liIKYeUzaY
VfAiNX7jn9A
6-eYu0fCtU8
AoAbPIbGLUo
OlLFK8oSNEM
zwpiI18TBdE
hSSmmlridUM
Let7s6_PgEU
D-_Az5nZBBM
GqGksNRYu8s
_mq-HqRnngc
urntcMUJR9M
Qs9m8obl0AY
Nh-TVcNFtVI
2ZviHInGBJQ
VQRjouwKDlU
cmpu58yv8-g
1S9RVl1d-l4
0d6iSvF1UmA
1BXYSGepx7Q
WvvuLDX7iIk
8nt3edWLgIg
lAzQWtkPzbI
iEy-xTbcr2A
8v_GrrQs8ow
DzNN_4rcIjs
3bj-ba3P_cU
TvcNw4F0Y4Y
NqOjj1FCcVY
uq-6T6TAu74
MvXZzKZ3JYQ
LZXUR4z2P9w
CyElHdaqkjo
pPgd7Hj3ABQ
IYDqtxvKDW4
druJDI6hiiY
jPf0LjZAS14
Dceyy0cX6J4
-MTRxRO5SRA
T_cetimMBL8
rFpDK2KhAgw
rAZPIxYvBAE
e-BZigXlphY
M_X0uwAG2Jc
Pl8OlkkwRpc
IL2lb9fmIV8
5qaktKVL_zM
AyWtIwwEgS0
k5tCYg9s0HU
50yxXTAHrfc
Dh5sPiuaO9Y
P1sbSJK1LiI
JI-HzvXk5bk
9RTkZaX1cH0
CPVjktgYKo4
2Brajdazp1o
l1fodZNF1GI
gWmRkYsLzB4
Un2yBgIAxYs
CDdpQSLr7YE
qNvDRuGK84I
g9M3HIjHuq0
c8WMM_PUOj0
cXbXNV9-ZAg
mjUsobGWhs8
hiIcwt88o94
b28brIs1OmM
g2m97gPI70I
B4a0NvLTebw
dcwuBo4PvE0
8yqAD0MX3Zk
Znc6TJAAXFU
Sd7lvPpDDUg
w4RLfVxTGH4
uSUOdu_5MPc
P9B8PmUR64U
7sqeoYOQ4qg
qYvXk_bqlBk
VJoQj00RZHg
C44r6knuJtU
D55ctBYF3AY
-hY9QSdaReY
cJg_tPB0Nu0
7LPJrzZaoZg
OIpgrZ8yS-Q
wlR1ojoiue0
XiDAztWWAuM
YXWKuK-Qsu4
Kxg0_EpOcWs
CjB6DQGalU0
Kc0Kthyo0hU
afev0ZjAhUA
ktD119xbBtY
3dy4SGkSD8M
6LmPq7D-ds0
ddxHlkIuHqg
nCwwVjPNloY
ppZ2WIlRvR8
9VF7kffCgJU
uTL9tm7S1Io
9AgCr2tTvng
A-OvJjAw2Jo
vc-n852sv3E
o9DNWK6WfQw
tRqJysI-yiw
6diqpGKOvic
_bphPa7Wp4c
MO0L_LY2hRA
FDhlOovaGrI
OI_OhvOumT0
iF5-aDJOr6U
8HfoKd873HY
hxsnKwmW0dk
vC1uxXvPG0Q
mxNpNuogqsY
s6rJLXq1Re0
UoMpbL_Fsig
xgYtUKFzHf8
9kBKQS7J7xI
kSR8G8mfp84
o1Z4F4e2Bw4
OaGEM-Rms48
bEdvQjTGYP8
fhCY_8avhWM
MIA_1xQc7x8
rToBZSrxjgM
2t13Rq4oc7A
1N39Z0ODeME
t9c7aheZxls
ODLg_00f9BE
o8NPllzkFhE
10MvdLL2EpY
gypAjPp6eps
Z1R1z9ipFnM
U7y4GlmwPLQ
fxbCHn6gE3U
3OgsRa7VDtI
XVXmYD0UPRQ
CtvIX4s1bTU
G8gJJuCdP_A
-FOCpMAww28
NiMgOklgeos
1cQbMP3I5Sk
jggHw5PdQV0
c9V6OKlY80k
_wMTKRixZIE
H1fvr9rGgSg
H9ZOpQzjukY
87AEeLpodnE
orumugzJpt0
arj7oStGLkU
16cM-RFid9U
DsrxbqFo41k
7Lc_dlVrg5M
Gg5M3J_FHXY
6MgDcFlTgVM
LEx6K4P4GJc
fC9da6eqaqg
pb--rJGgVIo
kLIfeGflNp8
avuhY7D71sQ
NFDmsNCGcvc
9bbX13SfsBw
XAcARiiK5uY
E_NiCniw0JE
y7l5QHRY_AI
wzkFoetp-_M
gVfgkFaswn4
RCXGpEmFbOw
jMVAgCPYYHY
gmj-azFbpkA
R1vskiVDwl4
6d6oq0zGGmw
KxLMjn4WPBY
a7cDt5r2pGY
WHjKnNbYiOs
8sheoGMsy3Q
V1ItvwxBENg
zqLYcJ6Ib3c
G8RxjxdUulE
-moW9jvvMr4
k4N2SxUZwiU
vcxwcWuq7KQ
P8GCjrDWWUM
K926HAKRFvw
r_xV-M0KPo0
96HHmILhyrE
GB4s5b9NL3I
lQflBowgVB4
iqEHuB-T2qQ
UpkAqPEcMyE
2NWpMqD8Qyk
O3a9AYu5SUQ
iQsnObyii4Q
HiwJ0hNl1Fw
IfjI0tVUpbc
N7wF2AdVy2Q
_QdPW8JrYzQ
sLFqwXqe4Yk
yBdyFKqwKy0
vQILP19qABk
gWPFJgLAzu4
8KkKuTCFvzI
RWiI7AkDX-o
_nSHsb5xKPo
potB0voQzNg
HSercnrqeN4
wIkvIKeRNoY
h2KQoHMCwlw
_jaWs87t5UM
Gz8RlHf3Czs
gjq2BoAF0JA
w1oKe8OaPbk
3NdSVi38RM8
3NdSVi38RM8
Rai3pwH3XrU
f-mQIWnO3Ag
TdQ1eaZH-J8
vPn94XAUBoo
M4so_Z9a_u0
jiDQDLnEXdA
Hh09xlzxRmE
hJnEQCMA5Sg
y9KeyKVuLHU
9KACXV-cW-4
zsLz0mRmEG0
q49LtMyXK7Q
87ro2-kT7kQ
kyaiTGmwxnU
_vBggxCNNno
ivfJJh9y1UI
_7LX4FW7TEI
iHWIZsIBj3Q
RbNqU2K0qzo
B12syeJflbQ
KOtFDsC8JC0
8jPQjjsBbIc
Xv2gHiX9Bqw
2Euof4PnjDk
jAemh_JxgOk
Mr8nvXvl-y8
TYFH0D-jyqc
DM1_DV_Fhc4
TdBAHexVYzc
NAkkckxE9i8
xuAAPsiD768
P2y3Uspr8Bg
sJCBM9ajA5s
ge3--1hOm1s
o08ykAqLOxk
IwPOPL-ieD0
B_tjKYvEziI
CVa_IZVzUoc
qG_YmIPFO68
fw01_q0cxM8
4sZdcB6bjI8
OPzfxvJ9cq8
ApGeDdIaxo8
LYCKzpXEW6E
tkIg-SxPzTA
j97WsAz3CDY
7JVTirBEfho
jzfV2xVsUKc
fCKNScHMBGE
bvAEJ8G9l9U
3aYWvujaT6M
7n9IOH0NvyY
E0oPnS7rUwE
NA7krbsdXFA
y2yka9lyvMA
apbSsILLh28
3B_1itqCKHo
c-rWtqConY8
U5kIdtMJGc8
pzN4WGPC4kc
VekRvcbL4yk
IW8mHxAkOtA
t__NoFstCmQ
wG4RnDNWtJo
a7whovUoYu4
_qgSz1UmcBM
kFMZrEABdw4
LN820hIQ17Q
ni4FV5zL6lM
CsECS5qsGLs
BQZKs75RMqM
3yfFwDq4R5M
yMWlkJAqKYU
XTf9Sdrq1zg
X1DlJpPqDFo
nzj7Wg4DAbs
E0k4IQ8fDCY
NgDGlcxYrhQ
FETryXMpDl8
YA87VEeoZLI
wAIP6fI0NAI
tpH2fhwCzSM
uarlIjkHlAs
2XiDdnDCD34
N4wFyRGilp4
MBZyRlxVd-E
7HD3lrb6VtM
8E9Fx71e7zw
tIhk2EswC_U
sEOSCziWuP8
MElm2v5eFf0
UUfUAJD3qrU
OmczrIUzL7A
KN_RifMS-vM
qErZ2AQDMB4
Myp1sZBxTR8
27lMmdmy-b8
g_3iLapiTCw
Hui5YH-D6Go
OmczrIUzL7A
FvAl7Sjddok
b9jb9UjCpik
E7oq6J8HvKw
Qprd1VNNNec
uo7w3g24DWo
Kqm9AEvJgxU
Q80MfH7xPPE
9UiK4llJOXc
0ITHly-bhJE
h9SKyrHRhDo
66-mr600NjU
qrNDkRHAA4E
bJ7rCIq9Lc0
1US4jjWtua8
SciUx65Q94U
1yVdhRyTxaM
E22icGCvGXk
I4PU2JlhO80
Fivy99RtMfM
rx1cyKs3ysg
klBwPWL69P8
1gAQ82IHyZ8
-cvI1jKxlTM
IZjPnaifVIM
JcJ3MfJNm6g
82EHVVftQAw
iyfdWsa1zns
gzthxdm7XNs
R2kOgSVF2Uk
4BaJ8zS49v4
GROCkg810R0
rufeS-lZJg8
d6K-sePuFAo
sFNmulAb4wM
P5Mpo4JQZhw
oIGBBPspTKM
MgnnQ2CN6yY
PY9DcIMGxMs
xkFTZcUPjBg
66ko_cWSHBU
CXvUdCdKTJY
DokhOtMp75A
wfW3aZCFfLA
ooIxHVXgLbc
tiwVMrTLUWg
o3oDpCb7VqI
0nI65jgHG9o
Fxt_MZKMdes
yXZqYFDFgT8
yBFC-RtfTfg
_MBiP3G2Pzc
Vyn_xLrtZaY
o3VwYIazybI
S8DwxjDrNNM
oYp5XuGYqqY
OAK1UIb-Fio
6weGCM3sWKc
Xe2nlti47kA
SGG97dDfZ7E
9uOMectkCCs
y1KIVZw7Jxk
bNpx7gpSqbY
OWq7ToR2U8Q
k8OgHJ4WXR0
18zvlz5CxPE
yeVz0rtXCmw
8VwTZFY-fvw
P2AUat93a8Q
VLe84OkwKOA
3_AZ5R2SC88
rTJpJlVkRTA
ZZodG-sPrRE
pnv5iKB2hl4
kK_UjBmHqQw
6-tqiaPoS2U
kZkQBmKf1qg
R5PHGMRoZMA
o4DD3dgfvS0
npNYP2vzaPo
wZ2TF8-PGQ4
-2Dj9M71JAc
UxLRv0FEndM
rSQNi5sAwuc
MnT1xgZgkpk
fTsFVO6OhO8
Us70DN2XSfM
iXHil1TPxvA
XzZJuEDQ1a0
ofsncCF9O_U
wxCtIdI3xL0
dvJSK4viVMs
J5jwEyDaR-0
HI7zfpitZpo
Cr1usGUSuL4
h27g5iT0tck
2tCcoSRZqVY
pGlZi2SwETc
sR6P5Qdvlnk
6Af6b_wyiwI
W1KIgMXPR28
8XQ1onjXJK0
uH0aihGWB8U
ygmlKMQ8kc4
Ftow7dSpaiY
S9ry1M7JlyE
QKHk_UiQboA
8i-pNVj5KMw
40riCqvRoMs
H_8y0WLm78U
ihR9SX7dgRo
4c1lqFXHvqI
aI8KiPiVLyY
AE0gO5w-aok
DjcZrtcBZi4
RovaUZY3e8k
oGlsUYGMYks
hha0NsYXS5c
tAReayFqUEY
sYy-LEdYr8A
hbkB_jNG-zE
O6jrLgvCUNs
xPK2Ch90xWo
POTosC2q6Hs
j81saupKVpo
lz_kIDxbzGA
dWObti8KNc4
RAR4cz9wkUk
i-icXZ2tMRM
N6LxuFpDIYM
S2H_8IfxzT4
tJ8sXl_HrjM
95ovIJ3dsNk
F2hc2FLOdhI
yFVXsjVdvmY
tFX1nQLZUVM
k4vzhweOefs
fbAj9JfCXng
mqovAg11q-c
_vS_b7cJn2A
m048uAa8L3k
3GVO-MfIl1Q
Mo2Ai7ESNL8
x1177phymxY
v84pD2g3gSk
sHdYaMyR5-8
HQzXqjT0w3k
t2gbcVaZ448
eD9F5HdyKqU
PtBKP4fVAvI
_p_GKCr8rq8
yL4VLsdxrN0
rokPqHc9iD0
ZIVSJYazE9s
cHRZ6OrSvvI
u70RZtCJ_rI
3zqZPujAPuc
TVtgb153S6I
AJg9SXIcPiM
sW9sr2_Z5kk
7E9a24Nw6Cg
fHfhorJnAEI
pMUv6UWkuWw
jT8G44XPYW8
2r_qTWYOIog
_X0mgOOSpLU
t4kyRyKyOpo
uYyvbgINZkQ
PhVP1tNeGyY
mt4o-R9wzrs
jxKUDXrtDFI
hDLI_Et8hBs
0Fi83BHQsMA
T49IjKho5y8
2tBuvxXxlS4
ux1GxExRUUY
agTZLKFUKEY
_1VpOweDio8
aUBawr1hUwo
QeIrdqU0o9s
_XJ20tt5nPQ
jQ95xlZeHo8
e-5wqwp64MM
lr-mXnUoUXM
UHkEbemburs
F6Qo8IDsVNg
7nZqiPLCvM4
lVQ3KUTHDe0
uWfLwKH_Eko
N8Votwxx8a0
iWHq2m_Hwhw
iCXfJVCg1LA
o0I0Poe3qlg
_Wiw-BLX_3k
HCgv_HNoJrY
zMGE3mbS9NY
54p5EF78lhw
j-S03JfgHEA
4n8qT0vQbWk
9F8-jp_6Uqg
X4LOF6ftJVU
Td2hfdXQ5x8
FFG2rilqT2g
MbBHVL4hT90
bArH8r8jJ4g
kcEIsbO0ivA
AWPrOvzzqZk
Qb-D6PTcmfs
1bXAkbCyjpo
dm4fvbrMLPw
c64M1tZyWPM
MJK-dMlATmM
pcSlowAhvUk
Oj8eFu72_fc
NXfYNdapq3Q
gXlIAS-rI4E
JKsHhXwqDqM
7hQ0rgVfsP8
5Yj3nGv0kn8
rS_Ssisz2_M
JFQLvbVJVMg
CdZJ0SMbh10
c-KnaYZJg48
IaMnRrrQx48
9Eobo04R7-Y
8pHzROP1D-w
Gmai4zkKNcM
CIesJyZUWTY
KOIsqRgJ3XM
LPrS7-kx9Y0
cI9vSC1eQ18
dJEwC4wCM70
CxEqV8WtfOo
Sm5xF-UYgdg
nLecuOcB3dA
lyR-K2CZIHQ
05jJodDVJRQ
3BgPFIKCaOQ
5ifMRNag2XU
zORUUqJd81M
uSD6RlqHwOk
kEKzl6fub2w
sLo97Bu8Fo0
RPjqPHCMJHU
tMSU6k5-WXg
NPX5RwjNzl0
8vNIrPeRGlM
6ra1MIKlYB0
b4UFlldZuKk
rCplocVemjo
NiKtZgImdlY
Cd0JH1AreDw
GB6fO0Tylvs
q2gO4DKVpa8
_GMVTJ9ZKVc
xDH0BfsPVS8
YvyeI-Axb70
IWjzT2l5C34
quJdL9ggETI
6kH-uYwt0qs
ccIt-qRQBoI
2UxGrde1NDA
OP7ENrKYA20
TRajLqEaWhQ
oE-RjpaCHvo
uhRhtFFhNzQ
_qCWAsd2GP8
cK74vhqzeeQ
NRXCxJGQ4KY
5b5BDoddOLA
VsjTVGIw4z8
LeBKBFAPwNc
KDBcoRLkut8
1X7fZoDs9KU
fm_0sTNcDIo
cWpRxyqDgpM
eIho2S0ZahI
ol1b5mMeP7s
RxyQNEVOElU
0SkdP36wiAU
GtXyGFMBWBs
DOvbl3ZPPV4
k9fmJ5xQ_mc
8GQZuzIdeQQ
F6NU0DMjv0Y
X2et2KO8gcY
2_lBiFZ85d0
F1U26PLiXjM
JNt1k3ohkbs
erCAp_Bd0AQ
8K9Gg164Bsw
eZj5n8ScTkI
ekUh9AW1hKg
08ZWROqoTZo
XNbaR54Gpj4
PVXQUItNEDQ
oy25A7vnigg
Yagdvqn2YMU
YD5PFdghryc
EEjyPqyFe_s
TGZMSmcuiXM
5P04stEjJ9E
AgMOJC5R4F8
RiM5a-vaNkg
9XFeW9dgyIs
lmyZMtPVodo
C0byYFXjRJM
f-Oupk_4VVo
7CIq4mtiamY
aL00a3sfnYM
ClfBxWPkBKU
H3TF-hI7zKc
I64CQp6z0Pk
9jRkACywckE
FJJe8PXEUhk
oKtALHe3Y9Q
YlmZkY1uqXM
JrJJxn-gCdo
xPTmHKlH7s4
8COaMKbNrX0
wKlMcLTqRLs
_waBFUg_oT8
5WI6ZqCUNk0
DCIL2nvU4x8
2m9kC1yRnLQ
IS_upr6ayqw
xjxyEwjG2Es
EHTmxmuhZ10
8lXYZ6s3Dfk
XYNUpQrZISc
rzbtSeVZeEE
DOgsYATbV-s
MlLWTeApqIM
M6TMSQWI9m4
rvkMauaHxBw
FiZqn6fV-4Y
H3ddtbeduoo
j7fRIGphgtk
mWfCqsFP05A
hgWie9dnssU
aSL-iIskEFU
ZdDjexbxVzM
SCtdx0Xe1GA
mCZCok_u37w
CDsNZJTWw0w
mAvSoNUgMno
CfqO1U6lfDs
7qT3RpaBlJo
h4mmeN8gv9o
mArrNRWQEso
zLNXIXingyU
LFJ9WAHowcg
Zo62S0ulqhA
yVwAodrjZMY
tzJYY2p0QIc
uk7gKixqVNU
N39x_WTPix0
aT6vIq6_1OE
tH5iEf9oxaI
-Z-ul0GzzM4
h8cF5QPPmWU
13rqtiAPISY
FrxDrpi1XNU
vNDhu2uqfdo
tZYkjaKNr_o
NoCOagL69_s
QeAGu40vZzI
0FQXicAGy5U
uq83lU6nuS8
LJhklPJz9U8
SpTGUT-Fvf4
aUYSDEYdmzw
fYUaWgVF2XA
dJgiYBdD2VA
d38LKbYfWrs
rpOwTspdwkI
2L4B-Vpvx1A
Br1AIvMrvAE
PrZwUTdFmis
ue2ZEmTJ_Xo
aG-ZeDqG8Zk
7pVPmmwSeJQ
Li4-1yyrsTI
jVcaTtJmRNs
0Y8-IzP01lw
ZJNESMhIxQ0
rYwTA5RA9eU
lq_BVyou38s
0MD4Ymjyc2I
vhVWzkbAW4I
x95nwilkaio
utV1sdjr4PY
g-Uvy6pvLA4
YraU52j3y8s
BGRy5VU-LfI
ihoR9B7p-1Q
-aouBn7IKIo
2-Ev4rU27HY
jn0Ygp7pMbA
9H38oQBw2HU
bNOiwgrZbPE
buRLc2eWGPQ
raCIUeGUr3s
Zx8uYIfUvh4
bJ8Kq1wucsk
LIy2oVJtJsA
-eBUcBfkVCo
QBDShp6U7tU
AegIbt2j0sU
j7RsRnYlz7I
PB7xs7UpIfY
auFybcF4o6w
MD23gIlr52Y
FV-c2FnPnDE
j3YjeARuilI
5riPKdpuoiI
NCJTV5KaJJc
CpkXmtJOH84
fi8CYv9Dcr0
UtBsl3j0YRQ
_7_XH1CBzGw
yPGwA7t6bpI
UWKvpFZJwcE
9yEl0-bCA9M
aCIukWXmlV4
qCrVpRBBSvY
FIrgjCNcDBI
SjsG-NgmleA
xlggecnjOY0
AFRmGkdXkxA
apiScBmE6rA
4Q2aznfmcYU
SjSHVDfXHQ4
9CqVYUOjHLw
X9FFzWUInyA
eNAHVnkll5M
VYU25aJpg5o
WfTZ5iIUn4s
93hbqLBp_HI
lV3trdyDdHE
D1xT2tevnIs
3r1IPsldbBg
2G0wQfUl9EU
b8z6HfSq7l8
_x1qkuvUxuI
2K-P7Hv_Zwg
buH_vs7LFzw
FPhHHtn8On8
H_pqhMO3ZSY
SxwLfSlkJDI
r_qYQXRVP0k
Wai4ub90stQ
J6ZzmqDMhi0
CZNrOzgNWf4
8w-OZFBcwZc
LujWrkYsl64
3nsoN-LS8RQ
0iIh5YYDR2o
ZB50BfYlsDc
Mh3_wYHdeVs
d6wG_sAdP0U
ZCRC5_0kfiw
ziGD7vQOwl8
-Qe8cR4Jl10
9vpqilhW9uI
1PNX6M_dVsk
nq0_zGzSc8g
PB2OegI6wvI
P-lBlZ3hqKc
7gXq1ml6B1E
kv_uyUTx5Po
dY7iATJVCso
fSErHToV8IU
GZGY0wPAnus
SF242mxtZN8
QoTSdOkjEVs
pa-YuxyRDuw
8rZzHkpyPkc
UMn2q35HBeQ
d6NKdnZvdoo
RcGyVTAoXEU
B4xOFsygwr4
u1K6hnm09xs
EXo3qA9V3eI
LWULB9Aoopc
q43uXdOKPD8
Kn5JRgz3W0o
jMBdQW2LLxw
syjEN3peCJw
gIbIewxHQrk
N6wjC0sxD2o
JTN9Nx8VYtk
dIh8KBOOkYU
Ht2fzax9wV0
SN7wO06Yz1E
d0LQCXCiW8g
7oQY0uC52jY
WTFi99e4RXU
cb-ts8fUhB8
GhpFTQfiqCs
y9wzax_PtIo
eqDgt12m26c
DFjIi2hxxf0
ay-y3tSYGYw
3m6dV7Xo3Vc
lhP52caGW6s
uTbA-mxo858
xF-CX9mAHPo
g-ycQufrgK4
wGMLhaa98GI
Xi_PD5aZT7Q
Nhx1_yXMwCg
fB8UTheTR7s
rJ33ixP9QG0
Mb8x6vLcggc
s0YjL9rZyR0
nA-J0510Pxs
ErexJkoDhGI
FKxaL8Iau8Q
UMhLBPPtlrY
6ORDQFh0Byw
MgOVOCUuScE
cXQrbxD9_Ng
XDBWEKBq0_w
nLeeTVmVrtA
qsJYrwzfd6w
C_eFjLZqXt8
vNpmq6Ok-QQ
pMYYx_im5QI
y9ALB39wRKo
w2itwFJCgFQ
gtpTd3ywwiE
CQ5dRyyHwfM
LRTTPs-AujA
4cJ08wOqloc
9EVEmZ2c_es
6ibCtsHgz3Y
O8e8Ttfz-pY
ElJxUVJ8blw
YzGjO5aHShQ
ZMGZQZRIsJE
Mlt6kaNjoeI
6We_1bXRBOk
YrZTho_o_is
Diuv3XZQXyc
IessjPY9gwI
kiUnJ1d8vvw
zHmKnMKzoeI
os69gEFXUW4
vhhgI4tSMwc
wX78iKhInsc
H14bBuluwB8
vY2l2xfDBcE
BImnT7lcLDE
_Il70mlj38o
YsYHqfk0X2A
81Ub0SMxZQo
troxvPRmZm8
LH8MPbFoRjw
SFnMTHhKdkw
Fu1C-oBdsMM
qH4GAXXH29s
5HL1BEC024g
iE9HMudybyc
QoT0-2vu9m4
bmFhWr693is
sod-eJBf9Y0
PYHd7rpOTe8
UmvOgW6iV2s
gnuFrtTNUTc
gZCgWmose3c
3Z6x5t5A9so
PeZ-U0pj9LI
ZmSF9gVz9pg
jc_-Y9rDN2g
VT3XyORCFDA
5aH2Ppjpcho
FQEEMpzPZlY
9EglK8Mk18o
b2M-SeKey4o
0gMCZFHv9v8
mw2z9lV3W1g
v19OlWvdUSg
vUQLN4o63SY
uKByBgqxOw4
RAoo--SeUIk
z5L_vPkorBU
QoyBYYpal1Y
cnQFvrWDYsU
2_0aEezKvBE
PdxPCeWw75k
IgKWPdJWuBQ
AOEQ9GteWbg
_QwRsVyk7us
BdDkF0Lw-ag
XKc9MJDeqj0
D9xJl4S6NsM
bfAzi6D5FpM
sa1iS1MqUy4
m-vyBpWueu4
EzZzZ_qpZ4w
rXkOPv3wVZw
vpTHi7O66pI
xMj_P_6H69g
GMynksvCcUI
y3jYVe1RGaU
ww9ClmCWBr0
J6oMG7u9HGE
e_44G-kE8lE
7Xmr87nsl74
yq3TQoMjXTw
lw3YTbubyjI
CR_LBcZg_84
zRvDWVfib2c
sa0RUmGTCYY
NgbqXsA62Qs
oDNgnrt_D8w
xP3-W546HYs
Ka70-Hb1wFE
mAEqvn7B2Qg
7uN4I1wEOXE
6OaIdwUdSxE
qtcWebAYmKY
VAJ-5J21Rd0
Ok6LbV6bqaE
v22SdEMzxO4
V1yW5IsnSjo
GvGAIGbnX7E
NhYnouvrG_8
k2hQL9Zrokk
ueOqYebVhtc
Lh9lDWPMWrM
KM4Xe6Dlp0Y
AWEpeW7Ojzs
MNhCvM5pjfs
qzR62JJCMBQ
FcecqQkyKoM
_k0ywFgMpFk
PCWIGN3181U
v3o-F94S4FI
H4iRPytrnJo
cpsRAk5HpK4
OwgWkUIm9Gc
6Lp-NMaU0r8
3u_QlcGCHUU
txxOrXPNzpo
b64qvG2Jgro
SsqlpgMKjyU
4jBB5iibKy0
eosckjQ4mJ0
9kxL9Cf46VM
sNV4yIyXXX0
VbF2KPn3TrU
WT7VMrxTPPA
r6nSmSTKHGc
zWxFhFZJDks
MpYrJs0rX84
aeVt_WlH1qY
0YNeyBANrTI
yhyzTTaMN7E
_ltDJynTduY
CX_Krxq5eUI
chXsLtHqfdM
BNHGY0PB1UU
k6qTwqiHnAM
FktsFcooIG8
4rttG3xyHcw
vTBp0Z5GPeI
LVFVaWCV1TE
zkQL7UJYDIY
sY0Pf_pfqCI
nn5k4snG3rA
ROXUPr8Wqds
8fE29CHJMCg
Qy5A8dVYU3k
LZAi7DlVN2g
zG21nyJNB_A
IuQZ21spTRg
ZX8MBBohX3s
wvIyVZf3qZU
Fkd9TWUtFm0
sLiM2-izFl4
5YL3LT1ZvOM
KPNn880KWfU
641aB1Dv1DY
sYUjyH8Y0No
0g2WE1qXiKM
WbuIl6phdco
EjSuaeVfE9I
694XUHVuGQo
y66YKWz_sf0
mbbMLOZjUYI
WAuDCOl9qrk
_xMWqUe8FdU
zuYzOn0U2PY
iE7YRHxwoDs
i63jTStjZSQ
3F2jACWwKdU
qx6KK-eT4qw
8Z24LCysq3A
dv3E6ESTp30
xzT6iH2CX4k
xf8zep5BADs
Ks-_Mh1QhMc
KVjkFq-7Y6A
9TPFLHvn024
X-HE4Hfa-OY
R_U9GUlSOC4
SM_hPk4rmMM
bLGTrz1Zolk
RKmxL8VYy0M
CEN4XNth61o
WMF-Z74C1QE
ufUkAQOQaXU
kTqgiF4HmgQ
yhMi0tkYyT8
iPxg6bRgPhE
XE_FPEFpHt4
y5nbWUOc9tY
6zVS8HIPUng
cWC_zDdF74s
KPPxXeoIzRY
CY_Oj59WlL0
Bc2wVyl8RLI
yzm4gpAKrBk
buhMdC7MO0U
vJ66jv8ICjc
ltelQ3iKybU
ONM4JupBz_E
uebxlIrosiM
luoKOkTxOtU
WpldYJ3sSIo
xYemnKEKx0c
sTA9egEBPts
fVLJU45-nLY
zd-dqUuvLk4
4KmKoj4RSZw
HWsehvUkI-c
PY_kd46RfVE
mk3K_Vrve-E
46w99bZ3W_M
9JKy6ZfmBn0
U6FvJ6jMGHU
RF6qTlgtHU0
yrcaHGqTqHk
dsMCVMVTdn0
Y_9vd4HWlVA
nCg2NcGYu34
Gv7Y0W0xmYQ
QPiaadMporw
ygRNoieAnzI
frrZbq2LpwI
5tal0NkWW1E
xEtXItg9hEE
xukDIWFMU9Y
Jc9RdbHEFa0
-E97Kgi0sR4
q1sk47FLAmg
lfBpsV1Hwqs
Qzmt2wQMhYo
iIwbuS526PI
iNDXvJjSniI
J8FyHI00ELY
PXHczjOg06w
f6CILJA110Y
jfqwHT3u1-8
UoBUXOOdLXY
1L6l-FiV4xo
IzPcu0-ETTU
vwTDeT4v7RM
V-WkUKP1l3c
GIbz9ms9Z9k
tYclUdcsdeo
HYzrdn7YLCM
CstD6O95L-o
YFC5CwZVCEw
J-LQxBbQPTY
BoRUrWcdkQ4
ti_i-M3pk5M
EYgoqiX15Rw
9Q2hew8759w
YX_OxBfsvbk
u7SWcQaoaRQ
Syi9bqfFIdY
PKIvop5hJ90
h1Yg1rURKR0
RG5QP2EVUVY
VqtEppZmjfw
BdHK_r9RXTc
O0JDDyqtSVY
k3zZVQPaKKQ
ezVk1ahRF78
HaHeAdJNa70
Gn2W3X_pGh4
s4smjT1qwZU
16p9YRF0l-g
RkTE1LZ_tLk
B8rmi95pYL0
eHrcRqu_Es4
U6PoUg7jXsA
LI8ix9IghkY
3A1LvXRnpVg
FD5ZKi-moMU
iueVZJVEmEs
f_f5wNw-2c0
_L052IOoX0Y
ZHOyfyGwpes
8OnsjVdEuRk
LiUClSItcy0
B8Z2G7d2kzs
4q1dgn_C0AU
onLPDegxXx8
PsihkFWDt3Y
bf7BXwVeyWw
4ZB29iq_Zd8
7gkdzkVbuVA
vvhiN_qq6oo
E_lb3D7Ay-M
L3QkaS249Bc
RDIy58g9n2k
9-qHrhrTktc
2BOTS9GAjc4
GcJxRqTs5nk
c0H1zU2ytxA
O4g60zB4Un4
HxMGItCnINE
cC0KxNeLp1E
t7Xr3AsBEK4
_GsDC-uy_is
C4pHP-pgwlI
YguB-keZ4Tk
QxkxcsrveLw
V_LurJfOSiA
Sddb0Khx0yA
ddw1_3ZVjTE
9B0PaSznWJE
KxDwieKpawg
1bnzVjOJ6NM
aIFFFGf1ZRE
psN1DORYYV0
GZadCj8O1-0
2MYsx6WArKY
nw52e0dfCaA
n4EhJ898r-k
fWInyaMWBY8
c2tOp7OxyQ8
c0KYU2j0TM4
4ErEBkj_3PY
DZT6YpCsapg
BltRufe5kkI
PcDftBVDSlc
BpxVIwCbBK0
hCop3IGZH2o
gzcw_02ZB1o
lJGtXuCmZBM
v3-ZTqj2_kw
QpmsftF2We4
L9_c1j9VRwE
IGadg8xHVPI
dWZP8cUEB7Y
Y8u42OjH0ss
X9NFPZGyDPg
mc0vhSseGk4
kQa11RMCeSI
nItwVO9stX8
X31eYIhoMNQ
Zd71719_G8Y
gdg4mU-wuhI
HbUeAdVXOVc
fLJsdqxnZb0
td5Ld3nURAI
LjAsM1vAhW0
vw5HJhIlJp4
8rzlrItooG4
iUbfRzxNy20
c6mhFgAjqwA
OhYvDS7q_V8
1pq5jnM1C-A
9h2dF-IsH0I
VM7HQ_zbdIw
2Oe6HUgrRlQ
gv1ApCmctVQ
Ji0EWJd-GZQ
WFCvkkDSfIU
3lxyi_3CGrk
sHJZRPWXQ9s
XZ3nEK1qSkA
zuAj2F54bdo
IHyR7p6_hn0
J-I2eScPkEw
1QX7aoxSTAQ
vEli4dfAXrM
t1Z_oufuQg4
Aa2JfigaNcs
LMrzdk_YnYY
CTEhgUmSrro
ttDM6ZtLUL4
A-QpKiU-NHo
-j2XrT0QN5A
7UOEk-YkxdU
7shXEFuxHAA
x4lA-M3zbdU
xossR6eHv3I
-Ht4qiDRZE8
ka8L1YMR88U
bTE0MRRXNzs
stngBN4hp14
cMXFiYhm79g
LnQcCgS7aPQ
YhvfOlPYifY
pkZtRzc9rFQ
ACohrH64YKs
rjECbQ1r-k0
z9sa2ZAqHl0
V48M5j-6zdE
x2sT9KoII_M
fKyljukBE70
ooUqOwh-2LE
iNPsDky1z94
a7t61U6BBcs
FQdQhV1yjfc
dySwrhMQdX4
fZ8eyWBQmfU
7s0CpRfyYp8
snHS-UcG--E
rFAdlU2ETjU
wAdwurHhv-I
cAGFKYNrQgY
wOiKRVH0nQ8
HpiZTvlWx2g
cZ7LzE3u7Bw
MbhNaj88uL4
MLvwTlbj1Y8
zI0_fSD6GPY
rsuB-6-n-MM
6qqqVwM6bMM
_7rS_d1fiUc
P_6vDLq64gE
sz77x05rySc
YiXd_9DFCOQ
cplaWsiu7Yg
R5bn9EvOQVg
RD07GkmM2fc
L8YJtvHGeUU
F17_KiAZOxg
c-sxBTNF2U8
Nx02V8GBKUs
h4MhbkWJzKk
iRsCUJxIrVM
NMr3ShT_Kl4
7fx0QcHyrFk
sxnlvwprf_c
rHbjwH2Blfg
uqc56GMOYWY
5l4cA8zSreQ
xpnFeyMGUs8
fIqABIcKIvs
u8bsCiq6hvM
X7ui-iAp8Pc
6gSwRHScq6M
UR-uWwvpn5c
64fDIZiV-SM
unNRCSj0igI
OF2N6a3t6uY
rGaj2VImQec
dQijrruP9c4
emW1TQ290ec
iYwAMccbhYs
kU0ei9ApmsY
n8Y8FK8gonc
fumsXEuiLyk
EaY_6muHSSI
04SEzifEsGg
zwjLQgNd7XM
mjDjbJJlqZ0
bHLgTUV0XWI
FMJgZ4s2E3w
7JsNH7A4qM0
ImQrUjlyHUg
NaoSp4NpkGg
D03n5dAmBSE
cSohjlYQI2A
CdxVbUja_pY
RPicL1AWrs8
XyCY6mjWOPc
dwU8eavPInw
Fg_JcKSHUtQ
TDaFwnOiKVE
uzKBGtf0i0M
cf3zxHuSM2Y
V4sSabKqyMU
K5wCfYujRdE
EZwxKPv1CwA
pFDoCLf96Kg
r_San-YZDT4
Peu7eeGtmQ4
YmVZ8zXJO48
-vo01ldlTQc
JnfBXjWm7hc
HuWMO3M1HVQ
oTxvic-NnAM
kwYxHPXIaao
WMahpWvAPWo
ruvWiXowiZ8
mAAxykQH0Wo
vygS-FKXms4
Pzd7ReqiQnE
MsLuQM5V3FA
-0v7mTvJ8M4
R6X_IhgJLzA
iFfcwfiLfn0
fT_XvLzNd0o
LpROaNue9GM
CH4TZteceas
Hy4yby7ZAd0
59-Rn1_kWAA
30kPKxGuHLA
9YekkGz1E2k
0QVXdEOiCw8
nG3vB2Cu_jM
SYwvyjIDk80
dvYYYlgVAao
eMVWSUeeg8A
O2OQxHNVLNY
lLGhrEHOjfs
5tUn_uoYKoE
4YS3gGpnPe8
19KkFCQz8WQ
4v4XxlfVk3o
zAFcV7zuUDA
IDkSDPgrtjs
J6--CMhcCfQ
hupHAPF1fHY
oXbhTHaMwTw
6Waurx8e-1o
zw9NXY3xOOI
Ra-lxoAUP5c
U9cGdRNMdQQ
vqqWw3xkMzA
eqsXc_aefKI
Y350oOiunf4
3p3-vl9VFYU
CijsvAGU6-c
bKQA6I4BA7o
B8ofWFx525s
KnCqR2yUXoU
LV-RvzXGH2Y
wQJC2MMB8nA
SFW0TEFKCxk
0_UTgoPUTLQ
BwOd20Mv0hM
o2WyXD7IaN0
QleRgTBMX88
P0uG8YF_NiM
8_zk2DpgLCs
9IgOVOPLTYI
EU15c9hnftE
6GEMkvT0DEk
KNXOVpN8Wgg
5Knz100ldLM
yqc9zX04DXs
YyBk55G7Keo
Sktdq5z1N-4
FmpIMt95ndU
yTR4sAD_4qM
6c0VtOdibcI
MVnH8ou3Kd4
5M3Dow20KlM
2NENlXsW4pM
bp9KBrH8H04
tFX68SJs2-0
h7u6N-cSWtY
CS01Hmjv1pQ
l3uttHEZnTY
BLnOPA7oMxY
ovV7v2XYJAI
WjBwhwe5-cc
BZoKfap4g4w
0snNB1yS3IE
qKmuMQT5E6Y
sAQfzHBpRsc
scITIoJvMJ0
8uOIa3Ag_WY
eLz9TvxGoKs
rGfhahVBIQw
YeJhVtJKJU8
RE4ce4mexrU
nTFEUsudhfs
9RMx31GnNXY
SXKNA_vfHWs
jiUKpX09zo4
SWvJxasiSZ8
0PAy1zBtTbw
yKQnL9Mmgng
IPBCxlx_SVk
l5ZJ6bK1EIc
WNTk29zXl4A
ioMpOr7Yx98
IHBGLHgIWJM
jbHpF7Ey_ck
G2XBIkHW954
l5vZHuAtDZA
zO-aCQ6xH-8
3QZp6smeSQA
I6M54p8VQFA
eAnHjuTQF3M
jdpIKXLLYYM
b-iGZPtWXzE
UAj1hsXp18c
ZR4LdnFGzPk
mlrB6npbwVQ
Y4xCpqVa-6I
G2Y6Am46eVU
cmlRinjYKfM
bCGlWQnzDVE
imhUmLtlZpw
pqTkuaAykBw
Fu_kBW_KSms
FjvjSlpJoqo
zvwQXwJyaj0
0ZhL7P7w3as
23Uuehgmd14
AsSd2nmoKNA
5ODzO7Lz_pw
z1KJAXM3xYA
FD6CqD1kV8s
uPE0G00XFV0
DqbM1ZrpTQg
MkRJG510CKo
3Y2Or0LlO6g
iCvmsMzlF7o
nncY-MA1Iu8
IDS-ieLCmS4
jyYjI7zQlaA
18uDutylDa4
Ht6TTA8z3MI
AQa3kUJPEko
12OAr0lt4bk
up4hFj-jcTY
7ZymFMmpOa0
g_CSsL3it9Y
td1PbsV6B80
dsmgvrcH94U
eJ89At9Xxws
9IRv3TOjE1I
Hc6yi_FtoNo
O6GimGZz6a8
uaB6Bdgp3WU
gVLu99Ja2mA
5XD2kNopsUs
SS8T-f2srSw
VC0taBVUF2o
EhM56Fk2aFk
HD4bpztESWw
D089t_F9yUU
PktUzdnBqWI
60OVlfAUPJg
UB2iYzKeej8
okQXrB7y_Aw
8tEuaj4h8dw
UfM7t_oqNDw
aiIxdFBA0Sw
TrwaDlrXB6w
EZ_f3Fc0ZRA
ZuCtZJGcEMU
izddjAp_N4I
KyamsZXXF2w
ViZBwbzOcC8
PxQcnxSbivQ
GAMR5RD_LJo
z_XchYY3bnU
796LfXwzIUk
zjPtuhEJQb4
XzNLfw5lS4A
fddYApFEWfY
bkeBjP_9ZR4
Cqj0sgrNL10
3gSSNHO1dDs
3GBrJiSMFu0
b98Iw_AeGQg
GlUS6KE67Vs
AIfwFLDXFyQ
PKbet4RdSo4
OT9poH_D2Iw
ufJ7sOtuFd0
NZsp_EdO2Xk
zmDENxTPn8Q
EL9TBKSdHXU
Jc2F3-nawnI
HA7GwKXfJB0
OrAo8oBBFIo
ELgvDMTKyBE
I9tB6Q5bmcQ
QuI-7J59_Yw
1fZ4XOnnh1c
0af00UcTO-c
BRETz2F-heQ
bdEF9WEiO5g
L-dPxGLesE4
-Z-vyLHi2us
X6Zo53M0lcY
evfgbVjb688
py1RrSdVt5A
g2J6YOiLNr4
rAA8mMQi0is
dk60sYrU2RU
Oa82WNk0mis
NHopJHSlVo4
OkKhI6-t40w
RgqtrlixYR4
M1o3FS0awtk
8cwW_S29faQ
X-85KAYKOT4
WF6-De4U-vE
__zRf_JTNW4
pLqjQ55tz-U
Yn9fTc_WMbo
RmXiItk49Gw
GqnJFm1C-3c
Uieh3RfkCng
hFgPtuzgw4o
jcp5vvxtEaU
QISHX5UKky0
DUd8XA-5HEk
b0_VSkoZvaE
lDq9-QxvsNU
DL0_gcP15Ts
fVhggGSjXVg
F8bM8K7W_R8
_K095wuE_eE
HNOnvp5t7Do
Zq7QPnqLoUk
vXPJVwwEmiM
OLHh9E5ilZ4
7gouSXt2zE4
fTznEIZRkLg
1BS-XUntiLg
Z7CtKDNf2RI
ay8OMOsf6AQ
Rw9s0ivfn3w
8agz9FcDcPk
ooAIIeo4AJQ
qu7ZpWecIS8
J_uTsrxfYWQ
KElS5nZD5yc
dBxvZwJZgdM
6X-8TA4RBog
MkS-u32xfGc
UROCz70tlMY
hZ-5swhJHUk
nx3GuO41Jyg
mKe3QKcta-8
UoX-YihV_ew
b_6-iVz1R0o
Se8kcnU-uZw
UK8ccWSZkic
dkLcwHmnPV4
hPsUXhXgWmI
hoF4FHCbHwU
-A-Tv5bIqNI
HdwOlk6HIVc
a_1UEAGCo30
0HEXx3-P8kk
b6YTQJVzwlI
xyf_0SMAsFA
nE-k6_teXg4
nncPtxLCPrE
aoGJP02CtPA
zL2FOrx41N0
r9LelXa3U_I
QHIocNOHd7A
GGScU5ESei4
5aLiFw8C_EA
k7sKMj85hDw
B9bDZ5-zPtY
Ysxz5Ug70G0
NWUFjb8w9Ps
6ul2TSvUDog
kcwBH_Uevxo
2U-tOghblfE
ZrSvWuqLui8
FWltKRx06i0
JHk9YVjhk7c
u0VHC1-DO_8
qp0HIF3SfI4
0zvrGiPkVcs
1Totz8aa2Gg
whjLZogf9e0
dXqPaHQp4Xw
60P7717-XOQ
n9Z_pccScW0
rWhLSORCwW0
H0_yKBitO8M
EHNP7KqLrW4
c0Z7KeNCi7g
IThAD5yKrgE
EGjxI_5MPUY
ww4kNxYE0c4
xP4w2DMscGw
y6MC4iXhT6I
7OMLSs8t1ng
vXVCf5VTHrw
vXDJ-nAykKE
cfR6tiSW-AM
rNgqQNovWTc
LoXAAEy6YQU
V-bjOJzB7LY
tWmJcR-x_hc
V74AxCqOTvg
GFivy8eFFBo
jZxLsDkvkVQ
XkiXXP_hycA
B0cphH1jkQI
n8eyF4UWG38
HUM2rCIUdeI
C_SBGTJgBGo
MLU7qcMYKO8
yyemG7V5ynQ
zDcaoTVy4fA
Hj9oB4zpHww
bSidnKdH5_4
dE1DuBesGYM
F3OhcpK-UBc
uVAaZVz9pDs
Cb_6PPBJJB8
4EUAMe2ixCI
qlty0OPcU6k
3YcZ3Zqk0a8
LIckScLypGA
PVfd6fg7QsM
LT_x9s67yWA
LbIXYEW9CSQ
XgRlrBl-7Yg
I_4IK8CiLg8
JvZZU_WapH8
xeFl0RE31x0
fn_9f5x0f1Q
pTZM9X3JfTk
IWdzrZdRa38
GS1xL1qcBa4
JaF-fq2Zn7I
dTwXeZ4GkzI
3ELnyoso6vI
NCPzji_-2Oo
go_QOzc79Uc
OPA-rQyKeLY
IRxgDMSp9Gs
-ew0bn8mGAA
WQ2PFoHptK8
XBJQENjZJaA
1K5SycZjGhI
IwidCkCmWg4
YhG1Bgbsj2w
LHHlPnfOtRo
62cNtvx6P8E
7SfRgg9botI
S4rBC2lRmY0
XFnGhrC_3Gs
UcnYqyQyHd8
p_p-Ex5KR4g
7Y2sj_G4Njg
pZni9Kx9Jfw
o8sv3pbCJTs
vW99KFD-Bk8
I-jk9ni4XWk
jguSkEMwrcc
t0pwKzTRG5E
lxYFURQ7Ehw
jxMvDpIeu9U
S6BLFdBfgfU
tUAepQYyMY4
2cU56SWXHFw
WNDWYW4yWEM
tPgQsv2KPwc
7NJhq163t78
uXl-mKZ7aSc
ROgFmb3oTLo
b5QCM1_gVGA
F_NEIwDiCSw
3XDdhbrg2kw
jeOumyTMCI8
EHxR9kBVVV4
eJCTAXb_BWs
c8re1U9rCo4
FV8n_E_6Tpc
EiTrl0W1QrM
mclzytQQMGI
3LzX36s_hcs
PXMJobWlXks
fiK5-oAaeUs
8meWY0W40OA
yioZhHe1i5M
I7QwxbImhZI
YrtANPtnhyg
8mPpe8AL21A
BEsJI6Nxo4Q
QlyorcJ28UA
Jm2dWbNsnZI
_Lk5nU8FrXo
5APf07w4J2c
415VX3QX4cU
KvvjDOtS2sw
nAMrtHC2Ev0
folTvNDL08A
KuWXfjyGhk0
9E3a0H-Xc_g
R9g3Q-qvtss
90AU6D8qEhc
ONXYcN-7k1Y
rRepnhXq33s
LS3wMC2BpxU
audakxABYUc
wjW-v0IPT_M
3z1cCT2NP4k
F7oT1gXo5eA
mf5otGNbkuc
D9Ihs241zeg
xTkKSJSqU-I
CLWRclarri0
MNuOmTQdFjA
YPLGuwXomYQ
UAinLaT42xY
bhHJ4DRZNZM
XRWTyUVh0BQ
x4m6j7rSyzY
jKl0tb3VmfQ
crjU5hu2fag
-hFk6FDrZBc
P65XdTlk4vA
Vvndzh78nf0
SgOTaXhbqPQ
BxFvxKa-mWo
4AYE3w5TWHs
XO1Me-MY-Q0
X1dm_mBo81o
GOCUH7TxHRI
HALd9FY5-VQ
DjeIpjhAqsM
eR22lqzdIHU
CsjV1gjBMbQ
auSFX0o3uFU
CGksAjzI0go
tpKWHSsBpnE
Uwl012o8P7I
vlj9aPKB9m0
KVhWqwnZ1eM
y1GqNN2Xe7g
rrkrvAUbU9Y
M0yhHKWUa0g
pxr2GRJ6tjc
QOSPNVunyFQ
WCGuG0uT6ks
nF_dHdNOgSA
k_GFq12w5WU
mSHBma0Ithk
rXepkIWPhFQ
rBKV4rOgSJU
gwPoM7lGYHw
1G0MzlfMPuM
MtSE4rglxbY
y7rrJAC84FA
u2V0vOFexY4
Cj04JUBXe2E
TUxwiVFgghE
wJttdkKo4nM
OyPGDBOqPFs
wPFA8n7goio
b0vDWqp6J7Y
G8w4UQL6aI0
hvHViFc0ekw
BhMKmovNjvc
_mLeSPk3ddE
sfIpMJwRFk8
TvW4yugCPZo
bo4HiVetBd0
iKorq7dE4gM
fIICVeGW4RY
NL0uxDscjdo
c_iN_QubRs0
a7B39MLVeIc
6W2dsnhC18Q
CgNx9Bgac1I
d3syTrElgcg
3EvQGpQtX8o
aSCsNcqY1mk
VvQ_G24Zwek
64-bHvDcgQQ
wJxSRo564Dc
HMYVH-hBGWg
syqScVtnKuU
TV5JBCBcCO0
r8Ff1Xj_-eM
F73O3_im0Wo
Z5TUpNZqjM8
jLQymiwTrW8
5XnR-w682bw
l2_0V1DeDa4
7jx0dTYUO5E
9X68dm92HVI
iP9QF_lBOyA
JNJlhtNpuiU
2cYDyMnL4M8
3qRtDnsnSwk
XleLQUcOVsc
uQGYr9bnktw
UZmXwOgNq7c
d3B541KM3q4
7zT7iKmfrCU
6Vy0ncmUvUw
emn28FrJ6CI
YnAVjkuQz-Y
2lJvr5UL2pQ
sucza6EOIf0
Z41BTeAU7DI
Ip2-Qa50uBI
fkPI-Y2Vg5k
1LecJKz9o8w
qBHIT9yEPh4
UAq4yBdSYZs
zGEDHMF4rLI
VIgzTLDyObo
iPE2_iCCo0w
u-D-zEToJQ4
hVsnkRoYfX0
FcoJt2KLC9k
-mQJYte4T2Q
grtGI7QpPdw
TVfmUfr8VPA
ts5MKtXNpMQ
YWZmqpQi2y4
M1pr683SYFk
ZBWwREYWzbU
eXp5QSfXLQU
zHuH8P_Vqc0
OV_N_eFTaso
mMEPV-NTeZs
0MM-psvqiG8
mJxA8eIWQUc
oD06XPtmLZY
LguEk06Wb-U
gmn7tjSNyAA
fOk6HQaNpdE
rEg-ZNB3qyI
nUdsTizSxSI
TzN-uIVkfjg
OM6XIICm_qo
HHwXlcHcTHc
JQ0iMulicgg
nZ-VjUKAsao
RlQEoJaLQRA
OFSNR8t5KdY
IRVdiHu1VCc
rN7VcY1f-1Q
3vfuCPFb8wk
y6FT80ZoVJY
3n_EitPb7BU
ScJVrV6bk1g
19Hj93IgbeQ
M7K-nq0xkWY
jUIfiLplNqQ
EszGIvRdgTE
43DuLcBFxoY
amSqQ5XNaGE
Uintr2QX-TU
JNcLKbJs3xk
lA-zdh_bQBo
JP0w9lZoLwU
86x-u-tz0MA
tsgvhP07BC8
TSMzKg6fwJ8
RzP_kIXsuvA
2od4mp91q9w
pG5X31CDg_g
3lYN_lXU9PA
HF9G9M0cR0E
W7_Zhcd1Vlk
_xJXZBCOWMY
mPhuj-W8kyE
tFpANOqSdi8
atn22-bmTPU
2RD0OZCyJCk
gK8Yk3mEEb8
fXYckRgsdjI
4mNgNV533nk
DeyzUysMLy0
Ei5oOEoGlIM
TgxLl-jBAjY
uNYMw9O2bu4
LNOtiRB3uyk
U6MhV5Rn63M
aSNrKS-sCE0
NWvXyobH9fg
7_XAMm_TBJk
c-4flnuxNV4
GQDQ9rUx-6g
3GXlvP4kLHg
KrjE6ndwH74
x72uoP2a55I
EZeVtfQ7bpI
YYtr9us2pGw
Zw7zA-RV5yE
lHXXsEtE3b4
_m8YaW6JBZQ
WYRqN1F_DxI
9o8rd3Hx1NI
7EFiwkbMDQA
gvrgD0mAFoU
LN2shXeJNz8
c64Aia4XE1Y
_IlPme5LUtE
eSn6GP0UhKM
Tq000rAZBMc
57eeP31s-Rs
3j1CSYZrV-Q
_lZ55gHabAA
Y96w6AFVi0o
yzOcvINn8Iw
RjwUn-aA0VY
NlYJQ0psZYA
h-Xm4ufnoxY
HZCeqs-fR60
PLXsUgL_wpc
MEfH6-nJ--E
eYyN_6GmzWI
IESYMFtLIis
T3vZbEJXCAE
fXIeFJCqsPs
fu-IhoOsjkU
8W51H1croBw
CbVflDOWCbU
yhHePLaMP_k
iNEGiPXhiAY
y-Gk_Ddhr0M
US76l775sLU
X6laJ2rzgh4
vgGmnHHlIXo
cDNEjS4la10
mfv_hOFT1S4
hB6ZbC53tVc
Y-SBzQnFx7A
UdyRmdv-KiY
2OUFCyKr-t0
l3QbzvT6vko
BOba_zGoZq8
CuQHSKLXu2c
ag-Oyn8vIPE
RYsTv-ap3XQ
lzDBrMisLm0
OsFEV35tWsg
yEF_Dicq3c4
vs41JrnGaxc
qXvDLPu5vh0
zIT1f3CrZag
uKabYHpXlDw
eIs5CKzckq0
pXoHC2D15hM
0652vE9Q3VQ
gCPH4p-Zp1Q
zbOvPUO_UWw
5hJCxSiH4ts
a8AtVBQ8MBE
sUOBLX55h4s
WhGG__boRxU
mAp6X0zZfx0
xRb7_ffl2D0
KKHCy3f_6Og
laxxj3hQWZA
oIbpxHBmvYY
GOW0IKO_zfM
1_oa8m5Oq00
tmHloU_xEJo
S4eye-hqQqQ
67P_B-wbUIc
NYKcOFQCeno
nyLYQYHGbvI
yDYCf4ONh5M
H682jmofwZs
PzyAP4zLb6w
z5lZ9wciZQM
V-TGxJI4JwA
iCermULRk-I
9FBxfd7DL3E
GigYWy2UmOY
B5MkpzMAOZM
90mj79GqWhc
OYfoGTIG7pY
wVGjQSnLg4Y
hU446HDtGv8
sPQViNNOAkw
rZCxdbqMc2Q
ySRvKzZsDqw
DRmW03Rd8xM
D492MbAfBJc
bpi6us7wQfE
0VJqrlH9cdI
TUIzmzgOheg
y_TKjfgjiQs
r9LCwI5iErE
um5gMZcZWm0
HSdXqmnNCp0
z_VdcDJAlWQ
BUmOKfllAEo
f09lQ8Q1iKE
EF692dBzWAs
gR4UlNoOrlc
y8zWH3T5RCA
l13ezJ9rsAQ
fQ_9-Qx5Hz4
VhAD0dMslB8
8oVT8jg1R6s
bPfn01Ndc1g
QGn8F4j6pH8
qHU8G6icwsY
6Ly7Btx0Stg
5YkNkscBEp0
bXQAgzfwuNQ
BS-LyKorcq8
176adlNeRy8
XI5frPV58tY
d21Eyvhk9Z4
U_ob8SBXF_E
_6uKZWnJLCM
YtdE662eY_M
8D0pwe4vaQo
IN88mI8zpSg
NgYE75gkzkM
Zj2QoLhfwew
VDX3RgokKxU
d3xlb6_0OEs
3qF26MbYgOA
B67LTsGENPQ
VxGMqKCcN6A
640BQNxB5mc
wcZFIy2mfyE
-YpticqS9-8
8T_jwq9ph8k
U2Dd4k63-zM
vbLEf4HR74E
QCFSrb6B5nw
Qn2NR901NMY
W7raJeMpyM0
tijEl8I38mo
QgKCrGvShZs
rUO8bdrXghs
xjBIsp8mS-c
bEol611ADM8
8Y9ppbU0864
7vXsynj1QkQ
Gj8IA6xOpSk
NdFJOcaVDYU
jNgkEGs1l4A
UNbP7O6jasw
SJMm4RAwVLo
FaSF1gPBKrA
Sp7ZjH2IHJ8
UyyjU8fzEYU
vc8Ks6KOySg
nKZ-GjSaqgo
Eg_ToU7m1MI
NPu2j3JVmnw
5ax1iSHp-ro
qGIBN2gEIeU
cRYzjqchNKo
wkJRYEe9nUs
domH58hRzx4
3l2QopJbDBs
X-ywH1Vj8_U
d5s3Z0iesRM
TQPN1O03z8I
seD2MuBTNuI
haKh9mCk3xk
-tzZB6RbXsY
1NiB2ZAS-tk
nbpdcNwrpwc
xF7cHmyEJ-c
39rIebbXshA
WtvsqRmvWUo
xoHBiHFV9SA
FWuix2tbk9Q
-bdf1NnDZ8M
vpjVgF5JDq8
YVvn8dpSAt0
ukS4UjCauUs
waO8KKtVgaQ
E11cDEr272Y
C-VacaaN75o
rG6xlKzFFrI
r3wyCxHtGd0
M4vqr3_ROIk
kMTCNOlozTA
UuRxRGR3VpM
7n36qV4Lk94
W5vka0MRzXs
Z4PwHD7XKj0
Ascql_RoeBU
7Q25-S7jzgs
aSyAwuQPMRo
XkEys3PeseA
oEZrAGdZ1i8
9ZwNaaJxw40
Rl2LwnaUA-k
Yn1snjEtk54
esBPJQihKyg
lMkHYE9-R0A
DudfBIxw6do
FQDBfcfFMik
xxXa9pxwzoY
eneJXqmh3g0
v9d65u3LfKs
xHsXfmHaBUo
JVbl-IaklIo
bGV5-DJ5_QU
LjQM8PzCEY0
ramBFRt1Uzk
b694exl_oZo
RfobLjsj230
J4VzuWmN8zY
RiJzJ771vDw
3-RQ6i0_qRw
FbcHBqUchiE
LW0SMk-HJ3M
H6kBP9b3I90
nrbiIWD_CxI
J-KfKxCaDVA
3yfz8yTXKXI
bG2QKbpjDqo
ZnepHUYFqgg
G8yKFVPOD6o
HTdY_3wyKMs
Id2rZS59xSE
ORYKKNoRcDc
e3NA-aKpgFk
xGXt3GUJ-9w
zAvNlh2Z0GI
KzGjEkp772s
-Bn6Gel7yEs
YpKbO6O3O3M
M-8k8GEGZPM
SuWH0ETXTfE
FOZ6KnVPvIU
i_C7jcJEo5U
eXndL3TNCmo
eZp-H9g_jeY
h5cZITQDTrE
Ntg1Gpgjk-A
zQNfa5xt9Uw
nuXJFbJNltg
Vld1zXGtZGg
G6CVj5IQkzk
KvHL0dHj3RM
5u9YWWcgheY
n77BfxnVlyc
IoRjz8iTVoo
ik9x-eu49_c
2wdkxdiOFJA
vkA4CkczvqI
7-onVz1D_uc
a8nDJaH-fVE
RHTTIg7HY80
xBIVlM435Zg
ipfqKyxm5Hc
7g0O003kufA
YqO7VXW3ko8
Q1ZeXnmDZMQ
Yd9cf_vLviI
5KdOPY1Iqiw
9zcSdv3j7zs
vMKNUylmanQ
51z7WRDjOjM
2HgL5OFip-0
pANJjkU0Whw
2FSE3TNFkJQ
85LGttCxmqk
IU3V6zNER4g
J-brae31GE0
VSWBcizzpKM
fjbWr3ODbAo
E5X6Qy772YU
teV6Oa6mVPE
-3casC77XSc
zjyKc1d_uRE
zjcX8tr7Eo4
GzOQLDwUAC8
CIZAZYsKM84
e-txR1WSPBs
ft24bHtNJwY
AGKZhNK_pHw
5n-APFrlXDs
UhXiHJ8vfuk
KR8SwPmCFd4
81qHa3gJB3E
hVimVzgtD6w
Cpc-t-Uwv1I
NEjZt0y6OOw
rDiGYuQicpA
DTepA-WV_oE
jsyuyQ1bel0
MNhiHf84P9c
OtIyx687ytk
PdcqEjmuxjA
W5ySOqtxhbw
ac0E6deG4AU
UU0MX8epDro
-yOXsK5-SFY
sWqkKYwvTNw
FwFkb1x7FJQ
RlBTxuWCuL8
WQR0gx0QBZ4
FMkJVXi7Rp8
x-ewvCNguug
NQvMQEB0j_A
5UGC2nLnaes
gQliI_WGaGk
1APOxsp1VFw
VO6XEQIsCoM
iIiAAhUeR6Y
z42lVW3z1_w
LTO_dZUvbJA
8iYpxRXlboQ
Ixjxvzb2-Fw
8k_XH-ajLo0
18r6nchs91E
RUwS1uAdUcI
1x0PA0Rnjho
A6GLw12jywo
0Bvq8Vo8F8U
1VOlXwhp00Y
wiUS82JBu80
nwfSENkvJXY
kLmzxmRcUTo
IfbOyw3CT6A
ap-ZC21bk18
_2Js_g7M60M
HLuv7lsvWco
NGRnJ-zhSOk
Dtbn9zBfJSs
bL7vK0pOvKI
RRymi-lFHpE
iG9CE55wbtY
gQ-cZRmHfs4
RTIY66IPjdY
