lfWXsVvqcTc
cauCMGkPycY
Ewkeok5na50
p1NZiXslnSg
5lpo7b8x_6s
KMWF2ulZwtY
3mufkUe7XHA
zHNCpme7oIg
zjT70ciElHY
2MBancGgyCA
5JsAYGPz1yY
9Icg4fqFRhc
-h87mJV19Eg
fiDK_QUYyfQ
Nnq8wlrO8t8
mtJyRDH5J5w
zNGfdIBvsbo
c-bemNZ-IqA
ESmSDGB0suc
WJU7So2X0WI
63ZbliEFlTs
8agLLpDFjeA
PP1a-fFwYRI
1UIANFpWnHU
mTsnSuEW0Oc
PMu317YfYDQ
Fe-tV9Dd43E
d6TMfZJ-NQY
kgFLpz48_tg
4LcM9BoPcZE
pGUqt9-G8_o
gKZ9uz38vIE
mua3XyVaL0U
_RjgJiZhaFk
XYHlrpqNDTg
uQ6imsrNqtQ
SUgDUk8iqBM
etomEil9e_I
qijE01uxdfY
X1cmzikcy3Y
d8TxoQWFW7E
DXmf3WPuFLc
nKrE3DkX-gY
IcQWyhtvLH8
s0xOAxQuDfI
lV8fqcwRa1Y
DKGy1Ix0OWg
73unO3ABKdY
VJyvKvd7Z-0
W1w1QRiGAsc
Kiw9rEWF1fA
chdPlGb9Ddo
atWfy0RFjfg
qrrBlQLXDmo
EFnAyNtcDZA
qo9dq8rw4Ao
HRx4ZNblvB4
GxSABgNOspc
3oF5IkImJdU
x4C2vymxhn8
UF61Z1Z8ntQ
Qk_lXaCG-6E
oAyCEVWcErc
C8oYD_LVom8
oOnl76UqUcw
p9lyRlBljd0
lPCWM6YCbjo
QAPId_JNcjw
RyqDCsw4eRM
JYlK5QhD0rk
6ml5GDfBgac
pn4OXfntD14
PNtaaeHL_8g
whECa9XPPCI
o_i0t1YzfSc
-ibrMK6udq4
zFTJOXQRBtA
s61n6iCiNJg
PEYWqUukSBI
DdpFk_p2taM
bBYfFkl-4d0
c8BwWaa81Fw
YsCeHAeUM3g
Vmh7DNc0rNQ
pQ0mSZuxugo
8Zp9BmjdDBY
2ZHFV5RshVY
BrXJs7qjcx8
oXJi1pr4J_g
V18sw-utyt0
3Nt6Rvd3wO4
-ln5eowLhEM
3fVhSxlc7ss
chyxmmJa4yI
9gsFLONbfNc
W7QJQSHHYXI
6mVrUMKw2SY
MFGieA59nRo
CH20SWaxngA
ZmLDFwQ0_gk
2fbfU_2VQyI
LFFF_So59EE
Nax8brsl2m0
K-S544mTn_Y
HASzUKYp8F8
raVvKWMNguo
ALqyWTMFrX8
kExkrXgxshE
wK4ID4DqRiE
ap6SWdQsnNs
B_0ChxXdhWo
LJrrI6LYgmk
SY5O0-wP7Kg
jVt2B9YLEDc
tTWCdw9x7wk
l9CAbK9JegI
UEtE-el6KKs
_4oFYw2H-yM
fizDm4v8B0Q
-0EutbDdo_s
NA3IQnPdXXY
fLsvasxw3CU
4JKWEV-Kx30
_p1tn5RLE7M
PUpEAYOrgAo
bp9B-XS_mNk
AJRy9z5-anU
IK_LK6Dn1NU
rfoAr8q7LUU
JAq6Wl0Xgrs
r24rfG58qqo
XBxfj3Gu5eA
hrrs1UP9mjo
H55N_rshBos
NYye2N9FoMA
dijR5X92mtQ
ogYS3sqOvtA
iFg8ygT6lac
Zdc51mWCHpA
ZJMsNvu57xw
r5QMdEN6N28
S9dfpAmkIAY
BX8qdUNGseA
2qZdnDaR-3Y
yZujHHXgI3c
NoQ7cwLhFLE
gt0Yv3kHd7w
uAIHW1uAWTs
Iomx2gpKX_E
vyb1kAvkt9Y
8fnAHJ6scnM
_VWoYHVErVI
nBf5lnmjt9k
XVH1sZmubTs
3dQqi23et78
brRlEEqT7Bw
nFeENLlohg0
6sRZY_Dn854
bPg8x43FBVQ
GglSZPbwsoU
2O5yzuh1C3w
sd2qyU2_dqg
CR4RBLPnmiM
c6-_b4qBO3I
7c-RGiwtfTo
6-FkYmeHmN8
NaqCG33Zq_k
AIzsKc0jGcQ
dwC4SRQx7Zg
jiF--syeKf4
UwAQdpAjo9c
epH8vVelBp8
xzd6pIPKkko
ihGeLnFD7no
yrSJe9SB0XA
KG1RAVimbrI
0bQCL0j2ae8
eLE7MZRZEZM
KbjTQUxMBKQ
pZiOtMAfwLc
fPtJLldmsAg
ogupxnidiuA
O6-5tbSfuNk
ICmok9ElvXI
5Tc13_uLeUQ
7eXnARU6wlQ
wcATY6DXsJY
GQve519yKN4
maOshUqr_JA
c9XcHXfZG0A
cPFjaiXz1gs
pqM-XQySOkk
_D08lQrxWuo
XjVlvH5LV_E
jr4p6wFC5m4
9-VqoCJrq1U
w8SvBHQN1hM
q-WT5zjUHgc
Bv3IorUQMS0
wlvrPhmjo0k
iva_Fz9GUk4
WR2j_CmpRyY
jJ9KRJXERlA
mEE4xcux0RY
un8FFCwnVKY
zfdUY7jPu_o
5QJeeZ4NK-g
glTM-CPF4ak
euxqGBkVacs
HiSpK36RN5w
Cv9k725d47g
mOyjswPUAW4
fe6StskXbIk
6ZtByVRCeVA
-Xz-XlzJ8_M
ZtXxs0OVg_A
TC1qpIssxpE
zpEOkry1Fvo
rkFsPzCo5-0
q8TQiCBlHNA
-8JjAYKr_To
_womFWYueQk
5liNas8D8PY
Boa5vBQp9YQ
ABmJBbUB5no
NlMutU65AZw
29a2gZOKJSw
DxtqQxtdkBQ
18AtHAoiAdc
7ErU4uMbMAk
VuQB4n5AoJU
ZldBQcfxE0I
p-ebtNc2iXs
Ze2CuX8xfJ0
_oL4C0QaMgo
8Ju8EtALPrs
j7_rK2-19GI
JG4dF-uZVlM
yAiC6aNehSY
JtINpW1j-m4
IUnvlAjDr6E
swY2hRVWRPw
5n4awzuX5ik
Wsd5lXE3-Ew
Obf8pc2w-_8
G9Nl-4xAQMM
_D08lQrxWuo
hjnF9s61y_o
XjVlvH5LV_E
ZtXb7SFiWU4
N8z9c5iIwtA
bRtBHF-WPpM
KfaU4k01C-c
ohjd7tjScpo
_3orJwoshTQ
NYRUcA7REAw
KsVr9SgZl_Q
LvPgIOOj4RA
jBOQsnWYGmI
Lo-eonfSGn0
ydVvLDrOPsw
6f5I0EiIKqc
StTShd6oJ_M
_gheusO-Q_w
eAqVR4JQITc
6IRJzrBBWb8
pdurPgp-Nd8
tYELqYkGJII
n-w6v6W5Qao
roK5Mwi2978
DcHAJ3SIOqc
fj1slX9tuJ0
IKoksavM30E
nB0rHtD7MmU
DO3woAtSLc0
U8SzzCFv84E
y0EHkkHgQ4o
Lu8lzxaxO_s
LauGBVbBdRY
3DbzrMiIXuI
CQg27dCpibA
CwTRHEOYF2w
3_5rWT7ij9M
f9w1oD_HtkE
TQEKO8uPRz8
nsLyRiJofdU
1kazgY9_sXg
P9Uj09Qo51g
tnkCwt8BE4Y
4aPYvOmtPyE
gqiXn4Jn1sk
5QOBzSez8JU
KtS1X0sqbQQ
ANh47JK1sjE
u4lpDKMja-o
5BXxchBUNOw
jgPErCbBfeI
jRRUDlS4OTM
27wnEatIpD4
pCz2kVbvsck
MkI_TrPmKgA
ZM0u8do-VcE
5BXxchBUNOw
CEDVvaSmUYU
5YFF374cJeE
q18ux1DE4mA
S8gPzeN3k2Y
cTT10ltoM24
c6x8pD8lXgw
1Nv6tNhxdxc
HULRReZCiSs
gWmSp1pNEA0
RG_ePlHU274
Te74n_O05ZE
8aqArYu-wl0
4IhBtKANmQI
THr_JyCmHWc
zvu5cIMd4mU
CcVm0eXVCFM
szc-kqNHQos
xIaNin_pRo4
uM81Vn55IzM
ev6QLmflT0M
Q0mSUu5DwOM
x7EklDSmOPQ
e3VEYg9Fsbw
g3FMGjYM51M
aFE9xOYNGFE
EVhnpZf2EVs
1Ktt64-Y_jM
waRqJoehQ6I
1x89tXp9nZs
7_jBL2ooczQ
qyqwtdiU7VQ
_hNw_XkjODQ
ndbZAEyhmps
HRLwAMNSxH0
i5ui_DrtcpU
xUjzpIMxEEg
qA7VcnQ_3S4
6icj2JXVHgk
ubTMEeYCRD8
eZnAAkkA6fw
KLuX271nCDg
Tt5G6_Xvn2U
MOzC5gPZk_g
JTSOo4ki3qA
Fu3_FabRucI
aAtD4sx4p-k
GPjR3oCO7gU
S2KYU4EmSho
u9F8WvUSgr4
JOEJaBhqvrc
Gj5jCHlcPwc
BaXomnKs424
OeAyTLgWiH8
NYmDu1HW6x0
ponRphrVv1E
RylDZFpjx5I
1Wt4cQP6eaw
7MzV8bUvPDA
wFWzKnZTKLk
rUebWdAug54
cNH_vLnGoJ0
P93kTaXN_Bc
piOKuwJH6po
QwwWYMjuX4s
lr7Sg3DnFTk
YIg-oDlfZm8
VvnWSzxBiP0
rQdbZNxzbCU
ZWO5o2xDHfs
jnJDtX4zGiM
aYTfYc8giGM
_j6j0Nzkgoc
YzoVVxqsQvo
2nakuMu-L8U
bVgxUCva3EU
vZTlki_Bpc0
yGtzxNjGZ1k
618v1qaMr30
qMElEhhSb6Y
TjUsG-GJ-nc
GItqyTpme84
t9s2-VLpgnA
WIXPFTpd8eE
oj-WkNHI_F0
OwUxbrj3t6c
9nx-jrD52JQ
x8ZxTnRHCLs
ALGpx37Qp8g
G0tSSQ1U-6M
4clQ9VvA7GM
85USKTUsJbQ
jfICRoAdvG8
4VjurUxE_zw
RsI7Iocyje0
hfeMmPZE4Jg
HkzNJ5wUvqU
PlYRMGyqqtg
lTEJ5fnwc5Q
R-A06dG4LQE
WsZDvVlBsVo
00BDWl9p4DE
Fy-fBuFeJoc
yQcGLqDto-0
gzUoba7y8ek
KT7pWJfl9dg
XXyDCH80yb8
R6eofOGppfs
LnLXZjIwixs
nwVYkqLGuSY
3-4LjXID9IQ
oGP4Ko12eUk
EsrA8MQD--U
d3uxmrQTpNQ
5zqcWyuPrpY
iQYShsKMg88
ATVrBjsyP8Y
A79NIh5ERNQ
x_sVIV8-vvM
DBMY2plNiXw
F6_p4WiyHu4
s2zvU9K46Fw
2szV1aBB7VQ
-nqdujqB5gI
kfpJgsxHq1o
hsX60N8AyZQ
0oo2CeEkn40
WF20GiXq2BQ
HTNMwAB9A_M
F7nCPcE0csg
fCOmYOgLXHk
ugcsITP2SBo
w5QyXyEH1T0
-sfonBdlPMw
mI3URAZvpUc
DTkj0lOwnzA
wFuvOB7FByw
nn5K3yO7L_w
MxIe55X5q4A
wif6HyI8ay0
PnXpj2hsyaE
_L7wcgD8a1U
_qtpmi4yzSs
YIla0fVByWQ
kc71rXP8Kjs
xAyNa4ZO5so
96vPNgzo1mE
JtKl3XUH1dE
eGVuO_H8yyQ
FEgwZqAYLQY
LRX3ChR_QR4
cZ3_BnN8YmQ
c2TMD5Tx3L8
NrVFInr-6-U
dmPipuC3s4I
2BAjoyTI2oU
WCtdkLePuCA
LPnTH41azks
05uDWKl-5ZU
3j8JR5V9kDA
WlMD74ndJbU
ysE8i7pskH8
ZnLayjbhgwk
V4bSRqZgFlE
7hEQMqsdwC0
LX5XNU7HkuQ
kXtu-zE5I-I
ddl4V1gaSgc
7j6zjJtGW5s
2nakuMu-L8U
ZpviKGlFbK8
-pNu0_fQHTc
WGbRkU1DpUM
KP1p_R7W3s0
DnophfWFMSI
iMAM0EKZ8o0
Pj21n6mFwFY
vRiScDpGGCE
tGDSiQww2qk
KQsM0TEziUg
rsMtmlFAXcs
JiWtzpkGMes
5KqloYZIPr4
lxZGWH9CTJQ
X6YWtQi-MOw
lPUb8zM7LbY
Di_wWB3_Ojs
GOGk46jVB2M
j5oijUhBAOA
76F1zSVArAw
1xicyuEVCmI
LoHw4BkmROY
UAPrr0-pTZ4
L43Np8B9xK0
o0uNBRo3ptw
WwEC1NBJUKM
vDAdFYuHAio
gvnp_N_OQgI
2v33Hm3WswY
eCXY5t1Q-Og
MAZdbUC4Gb8
pL9vTnKg_Zg
bP-bnmNFKwA
Y6G5x0LTHDU
c5PilRtjLqw
zqWmfE2vKDI
mRFsxn2DgYs
LvcpUUXJDJs
UOYM9Rwc6Ks
kKxtmdIFVMg
Ufc_0Js1UFI
gA7PpIY29Z8
dl96RhvWk-w
kDZkL3q6wRc
0W0woRBDhxg
CgfvmmuNmNw
TZ-AZWu5A6c
F9w6gTH3bz8
KJMLAvOMVLM
CO0aAEjx0gM
JLK68lyw4FU
8fiinmLWgAE
PlDH0bHJ9vE
8ovyQZ_Z8Xs
WMD02R0rMCc
-xcnCIG4KJE
PYNkRu36Lf4
K5AeZ1IvZxI
G5625rQOjzE
1_qpZ-Y3kc0
htgyey7jQq0
d1Cq6Jjc-G0
WwEC1NBJUKM
YYPOhh9oeOs
qz5SJoDaDj0
Od5z1amOUcI
TrpfckUJIHY
zqe1SMgXlYA
9nB7IGjSKNY
hwvAMQ7qulg
0xAav0pdDe4
giQ8EaSm5J8
0SYlvGYiKb4
i32V6-h8KIY
XwC5Gfh_h0U
2V49jUkzrFI
Ptidyri6w2c
1r7514iDUJ8
E_R3vp4C-0U
tsAHyvF4eJs
Q0bZZ_NU0iU
2bYFAmz6gc0
JdWnBsaviV4
5nHuOambKcM
dXTQlnhe8I0
s-IoOmJcR_I
RVvLIEADrUg
UQ0n-DP0Iwo
y31u_Kysz2g
UcF6iby_5QA
WWkRKua6Apg
P6c6KfORXpE
m3hQ4E5oCf0
Qwbr3C403lo
ikPW7KC3X7o
zi2RoheTSuA
JMxDka9fG0M
Cp-eM53kyMs
RW5SU9GWql8
0QlDMPsDVJQ
bfwVsQXfUJA
Usfxge6yAaQ
Nb62QGxZQL8
9yCrkdai2HA
fnaSd--wMFM
gWzf52BgXBk
yOBHz5yD9Vk
iqZAQvKG7J0
eoQx6vigMBk
c3VJiLXSK-U
K67Qou3m4_E
LYHn_ZcBNcM
wFGbmVHL2bY
domnf5-U5ME
xdSyYtmv5gA
e4trOn6pEDs
C-9g5scDC9s
dmxf1t52mMU
Lk0P4L2BRnw
1-1ipTJ4sG0
Wm4fxeAbaBI
Kql7WW2CdwU
os78ioHiez0
He17u4fn3Eg
pPwl-2pOAqU
2ACMGrZL_vM
D5toSrFwGZI
Z2EqkoyxK48
9Bc9GGe4DFM
RxyjseKIYt0
A-rCervbH1M
N6VW9Wz5Q1c
3zjk4YwAxc4
6lvW7nfWlL4
pDNtlq42fW8
4TbCxhAdT9w
VR1YU6Ln8cQ
yV2Qfj0ft0o
lAl_H7Qf1bc
uYtVAMXLndI
rvolfiqDVGk
TxxfimCuk0E
w6cckBdJm7o
5oLl9cQ5eSc
e4giXBcu6xc
XUpUGNqvgrM
kaLmw4W7NsM
d9CJ9KG-_XY
FdxnOzHuEVI
8plFqm7_Bho
lZ82r4v9RCc
QNyRq-2ftR4
L1vJq8ptSpg
64OVJHxTr-g
2VDsMVOxW3Q
lNFGz8mSgow
RucO94C54vU
NQmJon3k7LM
LGB-KmRhmBo
Inu-x0DEmvQ
wemqP-3OuS4
p6CMcngDLzM
xlc5IWt8o6s
vrtlrj_8mRw
e6HdCkm_Fik
azNonQPDVQU
dOCLdYpbwN0
qOAnwR2FleQ
SAHss0h32Ao
x0g1FUQEP9M
nLze0JftxtI
C2H79nagM5w
naOhYP_8648
s2A3mnCm7yQ
TKYbgWnFwFg
bk-MwhOrXOI
5G2r7iS6ENY
mHgYm8_kVCw
aad7N-qJE40
raLCeYkAIO8
fihSYyIVoGQ
i1FjJmxa4Ic
ne2zdztCFBE
KMm_VcfPUIg
VI4NMhwOJBw
8Qgjr_3hOCg
8xF8JjHDQfA
yOBHz5yD9Vk
5PKA7tSJuZk
ZgyTP5ioTEM
AQbTDp09dco
px-NIHeLKvs
ko8vJ8kKEcU
dpvzBbjFMmw
LxlgoXWYmFk
rY2bzBjJ6no
qUHovtQwtTw
Nn5UEUJdg0E
Mn58snRLT1s
FGVlSge06LI
YPjHWGXu_Ew
eaURpmJ0Mjo
mmIuO3XuJ6Y
9hwlfxBBZ4E
xPG1ugEwYUo
5VTN2VcHUYU
OGjBgonFJYU
J4-yV3pOTWM
CtkBRG2Pde0
2NVddQt2QV4
N14eKSfN1vA
l4V31iXtrWo
FC4AorZmwEA
OFK5Q8vtfL0
Kpfpijrb4UQ
KO_NnCNUJKE
N2TID8ZMyY8
eneOzuSq574
9oohsZ8spFE
t2yWO1gkOho
DIy7rd9UY9o
TKOcr_Fgb3Q
sGNUuwQqXFQ
q1pfYNN0iqg
BTTeCHXmpE0
qPy3ZwM0wSE
bUyUU3Kpnw0
JKQoUON8Jhs
YyB8wuvFA3g
A3L0LBgBC7E
s4hURw7_bmI
qcQLPPVJmiE
wemqP-3OuS4
V2r2F01fFaE
cA5lR-LcbkE
PukWwA0yUoQ
NSCKPSXBqNM
-WZQTGrU528
2wMKK1-pt58
59DWI029_3s
A3w9EKzGwHM
XsUaCH_cY5k
DTPgq2tzCgU
qqa6SKiWT7Q
cezP6ZWA_ws
hkyxLTQClds
J_e77rsuqWU
rzAeBQyNDSE
J8ZzHfpf5A0
8woTTl_rMsE
1ngy_2MImfA
5HLUh-mxqKs
4Wds8PQ9j98
0axJQBx3rTo
kDkRmq0nkIA
LyqLmRxV228
orV2B-g8yWk
T5RhEStF_bQ
xfiYvr7xWbI
uqp9sAM3bYI
uR7-1qqlcKo
RxTIM2DPWks
6iq2QI5GfmQ
XBd-z9TpQZw
g-XZvGiL3ek
5PxLVkkMsbs
GfZ93W0b5Zo
XfROFen-kyY
aIKtyTbrRdM
U7G46liDemI
oVhAwVbrOLI
UWDFvHzcOH4
El8bs5p79KI
JvDIMrOpSBE
YTeC1z5gYco
q9OxmCYT5-M
KBYej7UYmrU
vDpJWiJQ9vQ
p2GAUB4R62w
j68XODL0zKM
ilVdOnHqw3E
_0QsorBWH1c
O37gc3PS0ng
O2We8TAu8Fg
T1Kck74qp94
3qQbVYDxUQM
C35Azv1Ji88
C6U5e6uEnRk
B1zqNiUcWOo
CFAX9M9MxRE
xPkWKMFQP5k
VHjIjk8ZxEU
PRp23admuvE
axZ1pbb6Zuw
UeFlhwlVw5A
y4dEXXsiOrA
Qh1saTuEpRI
EE0SWH81RBY
ZW_Tg4L1w-g
XvllsazX__U
w77gCHCyFsI
rw4SnZLbd6I
91qpzZFTDJQ
3SoTwSukK-g
H6IF_gr_oR0
W1cTnGUOKkE
NoHNFhrGihQ
GcZT8jrFGRI
29Qlump8LCk
7hpNOMBkucU
8G3ab4wS3P8
Jis9j5gtZgA
yNVnbR3ctrw
NIySKEg_PC8
1mfI_go_fts
JdEMHJy9HmY
A5DrajfBVpg
10adOlL_gWE
yF9CGRELYFw
4vpNYPADSFQ
16S5V0M9-24
1j79MyZVSHA
pJSPEeVJzYI
szfBGuPXzUc
3WCD1fCGybE
DpVTIDF8E4M
hLGiYnr26yA
6MUKYyPsYCY
lon25Nc1Vx8
bHL7hEvNv7U
1ngy_2MImfA
xj_uB8YDzmM
fwVrQYJsorE
0kysyaviIjg
UPfdAX--6ME
CM2KospQ798
7eva8k8sZ50
Yr97FLFMCZs
4g-ov94ZWOo
f3gwmmYuGbM
4VbNNsp5OhY
nnUkUz8iNf8
U5DDqVg0-qI
pkzc-t7hRAs
agwsjYg9hJ8
AEzsxKQ3Gfc
rJsJPINyldI
x4TbCUeIrmI
1zH8rDAOr58
l2oD-0uir2c
3oCUDkUVGU0
uHmPQDXgAsk
-ZXHIrZMeCQ
4VJpqYlE5r0
CCJKESduMak
oNlq3iSGdmE
286BG5YaTWk
c1Kxc-Jcq7s
h5hlIu68Vk8
K0guO64NULE
FdIUzLfV5O4
bb2T1Snm6QA
dtBQ_7LC0S4
k11III2IENs
-WG1CoPgJfY
-YlkVH5opcU
8Mb3BWs9uUg
vfJWqBshQN4
pZEpEpKY04w
uwWRArh8wAY
V2jjxFj2abY
q6JrDxb2wu0
vqgEtMgA5UE
eDCMvlt4MJw
OF4jEQ0z6o8
dN3sOoJOrlQ
pf7tnqNM7Ug
rCpbNV4boTY
t61XGyc9RVM
znrBkuoOfsk
OJpiZgSjuho
cBkTztsbe7U
W0gN2jctbbU
VppNIeX9fjo
NFU7QwHvpB8
TC-seWTC--M
UoWJfHSzFgU
IpfpEcH-XGI
ACGPYyHSM3s
wNF8-aCIaCU
l0YQOim3lGU
QtCwILy3cLg
IZ0sMN3TQmc
PWUPkECgDo0
ihh7cyPIz04
Mk_wIzFNcw8
A4ptklIdALs
aIXxu1YrUPM
qLUeOy4J9gE
kaGOLAvUVGI
LAdNthhyY0w
-ioqc7-K__M
sHc9vb8sKFs
lYaapSRJ0cg
ctDdw6_PotA
hDhGTf5a75I
XgQd6vBalgg
U9pxG1Pq14A
gvN1AwIbhbs
gjJbzmYHzdw
6-1n1pfKWsQ
8y9_hegbvbc
PFniRynurW4
ntKEiJWvTW8
hCh8yXtXAW4
rsYsd4FxAqg
BMue1Mkc4zE
xiK1r0E9k98
MH42WV1Xp7I
D_CNkzQeM5A
srA8lch1FfE
15Bw6zAGEkk
sHAPKFrNjyc
S7Vwvu41uMk
IA_iB-qp6wA
YUdxLGg88lA
vmyhNNhyTOc
g1t8DvtoTzw
Sq6Pq0eFawQ
GRiVLnNWAec
cTgq_SOmP5A
RU4rsrc0fwk
KXFTAGjhu2I
t5II-XzmI6g
d0yMq0-lHC4
mye8eMHGgaE
Z8FHZLfZYUc
ut3WhMeEPt8
8R_0PyxMrOE
6-PWcE99us4
Yienxhf7lxw
ZQtAEgLvqsE
EeQhxfAt9Uc
HXyoWubMZXI
WuytsR43zpo
uu5dlWugK4o
x7ivvFgM_wE
otW4jpeHrGs
lGIxg_T7Sew
FrH80ptb7XU
F_b3Zja6YuQ
moB4DWTR6lc
QjUQjFLzZBU
Py8sWqnXsOA
JssTIsUlOzQ
WFInnGm5PKo
YUdxLGg88lA
HPRhd4onUw4
CUopkMciHzE
NxROiXgUSi0
mB7hfJVE-l4
mKOWdbWQsR4
sLEUNZtc1mg
aIonSnqWZVw
r6a3tjmMaD8
FndCTQ17JPc
bWM1GeqttNs
8cHgOMED4O4
QTojaVZW80Y
5yWk6lhoF2U
lpZyAcEFMbQ
FffDAlvN_XA
t_VwD_28q6U
08UeXKfgYEU
g_vcWB43W7Y
jyAGlb8PMRc
pxOqv6nGgq0
P24AV_RSOaY
tTtj6IAHsv8
wcMmTf3Fpys
unxryjnBMu4
iItkFUTnwUM
OnN-ym-ZuMc
ncbJ2C4YlHI
IbmJ9eZpMJw
KrlCMd68-uA
DoEPGKPokR8
YZL0EdQ6r3Q
FgGtlLjHMgM
efmIE9ohSr8
Rr7y4JXnfmM
C9e9gmDf-N0
o20gFKCvQOA
dLFqoofiiBg
SSaNwUJ-cH0
ZdinwhvnyYw
stPfQ05SRA4
x3lAqvwADH4
ABZDKufGbeY
cxd2kpnq0dY
UBP_YEgory0
n2f6IKOBgRE
qPVrQdABi-U
UFgOOgv_XeM
5TestZnUhlw
L74x7SCrGGQ
EKzZOZUAbfg
v7IV_-WOa2I
e0vBHyRDvgY
3HvIVL-bPgA
2fkpqzSe7aM
H5-6sFVg7m8
kieF8V-vJfo
vuRebqdvU6Y
COcOrTwP8CY
z0MGV1kxZG4
zBXbrOw0OoI
2tHxY3jYOek
a75MilY_p4w
0EJKqWNKU9Y
_bswhtT9Mkg
FlQlN0t3hGk
JSfOhgdt_ds
d2e8mRvBz4g
FjJE3Xk92bM
-MtiXaopx8o
4PwPfv9qdk4
FYhEhkj3Z-A
pvXmKkTzIoQ
S0cC9WvrrCM
Il6v1fSCDWQ
65G-FuGlqSw
qTXnG5ut8v4
VS4r9cB0-nY
aE9qiW_lIn8
6AJGc-6Ai1I
O2BC-QxgrxI
3F52cJJtWxo
xXgZkiv6hqc
u9aNlBVRosI
6jUzFcqAH5o
35n_H7ObY-s
fD8uM3zX6Ck
WqMTw1be0aY
jgZ9x6x1FmY
VWg0TPWJ4As
nJ1dQei4iZA
1QQQcnsVDAo
_kxmaa26jMI
JMAzRvmNs7U
7gP-Ok3nP4w
GgN4m6uYWUY
9qrLCosd-AI
DQ9vPWGJa8U
oiuJ3ftc8ZI
zNdCCgB-K0M
fKm5JoUktig
mDMI-4f4SMk
CwF2tdIlZ28
g82tiTQ_01E
147dJ6RSkg8
3UgRue8UjAE
XWdprZWbjtM
9MLjFNxi9Yo
RjDDkpRgB0s
Br11_PTXdvg
6O7sM5q9ZPE
nLdY4rcPriM
IRve0pVolJE
OZao8Qcwu5Y
kSx6ShFOUL4
ANFzzwoFCCs
98eFm3nb_VQ
9M4gkVC5yUc
0nQa4LiKBNo
qaS22NMJqbU
g8U8yl3nz28
xtmGg7wQHdQ
tcwNGFs0hp0
skqsfGY5adc
43UJUt_Omsk
Lis-qI5rwb8
b5ZthSIyVxY
fEo1deYmuNw
2W_K9-txtFw
mQ1EglQOeqs
6al__jdiCYk
iQ3u06Vllsw
zWuYsReSMVU
DlpJ2Ki4_lQ
QWSkH3UNwRg
Kdsz97EWM78
YI4JLGYFSDE
UJAaNE531B8
zmizDSJp6Gc
_lsvjKyfeRU
Ao4o3CXEdAs
PB3TZnFFbfE
QyUys-PMPrM
7RVbpRBW9ZI
UbMKKqRBbLI
U1pg49xB6VM
lb8uY4k0Bmo
u_6yWJvszGI
J4wp70SwThg
U413ALSwEOc
k1RycrhK36Q
n_Slxq7qajs
eCxuuAz3m4I
tOGBJ5Fp_0I
C62RL0dEE98
_k4wZetVBhE
04EkkyNHIJs
3BnKF8OD7C8
pr_IOWZS7tE
vP_vcxMYXjU
ekM1xjivbiQ
KQpgcssX72s
T8RUgtLlBmw
95TN3ML_5ZA
A0yC45yFd5U
AI_oB1k4Rd0
jEjSSESbAgc
9DhWneGU-g4
LWLtnSZ7zKU
WNWSZzsOZao
L9Dn5I-qD1g
iDtmsDZ-C8A
BRXe1p3TTI8
dtEl-y0Zzx4
ay4zZlaqawY
otKf7ntj0hg
eq2jvk538uQ
cmLKiO7oh3o
T97GBiaHP2M
bHT821Ibrd4
AA7B3Fn3pl4
4VkObs1J7Q8
14SOoTXqRys
Br11_PTXdvg
7jcfHujg1-A
hPuu7YvNtYE
FNUSOoFRBg0
FE6an2NjF-0
X2CcsAwjhLA
kWH4lCkagtc
dk8jGhDqulQ
ia1DVlFxg9s
_I18fj45oMQ
Vo4MhbcdOyQ
_7gn7VH3TKk
f0DlcOChEG4
BFAqj9NOelI
v2SGdwDd_wo
Kle0zEmPx8w
PL9d3av6F2Y
fF4_MkKQLwg
izKXpYpfFMM
kbJ89_wOmAY
jIcxWcNh73A
JDDREsHFyH0
j_77RIsYvNY
7IoPMe1aICs
lJWcVXVYFGE
8v70mRJ7vs8
MHxtcouRVdQ
cfsFzy3TajU
jXXYHUSArz4
p0LP1Gv8f_o
jgqzPluV9t0
RigeAs5dCwY
ms-L-5XNdMQ
Ny9zd8aU-Lg
O8JW0Oys8TE
33ycvitw9_E
RXegC3zOAwk
gTlQMOdeW_8
xqQe5KRub0c
DKHXAP-91j4
hVP-2bfykPg
WBkoXabxsxQ
y780d1vSVG0
Aw--rOl212s
GtOqpvAoQMA
josT7-n7l-4
DO6pZyPMrCo
ROpdUwMBWoA
A8VDyfEbPUw
AjM46oq-cqU
2scOGQ7dDzc
3f5M4ed7VBI
7OS9mSo7YLI
y12j5y8T9WU
HR1_ob1ABs0
BZA2Wa5Ra-E
seb-8WWVqeA
DgqdA_sv3V4
r4yvj-yDDu0
rojDfE6Ac6I
gXXfHjvfw4Q
5H4dNpnz_KQ
lIaIwxOVZiI
7Nm9laAWnBY
D8Kpgjh9LQQ
gbKPnDDnH_c
vsfeBmCSIRU
-6dKNtNhA1I
kkP27V-bYOw
V7xXitndfN8
oHpGiAStkY0
GrtqdYAgdyo
x649tNBNT3A
crAbGjkxHCI
Jyzy3IRan7M
hJ9umbtS9vs
7HQtT2_DSIM
Pup-1VALgbs
DQ1GO55f4e0
rolSq8lVnRc
VDLUza8EJ9E
gOIme2hu_ZQ
EqEgjDVW_54
nx5wdXm7QT8
6wBK4LWB1cI
4P1wq3QIa2I
22Tb8V_QjNI
2Hubvs2TiL4
2HkX7gd_lb0
RtnbNyXrHC4
x2t7zSbA78M
ALUzEch4W20
8AcKRPhdWIs
9WspWJ-CR3w
RXyrF_G0XII
eZdgIVzYNds
EzrYdZAI9So
qRjk9QL0cQ8
hMXIdRZ0Ys0
_RNXz4JzPNA
ELeWXLG5dcQ
ilf5vDptOYk
Qn9nM5mcIHw
lZ1iw70cdTM
QRWT3Ls4co0
NdPxodwpwQM
zq_2QnKPgrE
Izlr833D2zc
QEPRAee6v-0
ovrf5Miu608
V2s6EYChh8s
yslMJRzsm3s
_O_sWMA9l1g
O_8vGzfL73g
fJT1PLQU6v8
Eqhvd7Siw8s
71_WlK_Ll08
_0WIF58fKb0
wQxqFw13aWI
hJOkrWj3o9U
3-g9so1uASY
7HQtT2_DSIM
Eq1b7m0i5dU
ja6NHQIFqHo
Ru7cfNdkoyU
GAyuko0Ax3M
VqYlUbqsqDQ
hOZqAYy2Pys
6uU44gmQ9NY
IK7Dc-fLCCg
Ci5--j_qFkE
ZTDUz_GY-fg
HlfMBN-Znpk
3wvB8sr4xW8
bfJxZ6oLdHo
xph0t8Fp6uA
3Hv8Q08XcG4
b-XmU5WVdbE
ACh5QSRZm8M
4a_tyA_p3no
SRDi2bIxf0s
z_kifjsDk1A
rHzpqJozE5M
5n3Dkho7kk8
r2ecRrmk2RE
oSg48BGXACU
QuufJ8ZWPyk
UvPJS6hng58
k69aT0S3ymQ
PEpL0XGhnzY
7qsGE_vMuUg
c_Q-BaoRG5U
XgezgVHVciM
VIp4f41zEAE
0URprTjAFE0
bBqqVEJ42iI
JLkwuMu9OaA
1XfdLJGhiZQ
VQZnNKP8T_c
o0BESTcKOAA
WqsrN8U1szo
QwHWYB4GvG4
gE18wH9_e6U
i8YDkh0NHG8
4o_Kp49zuSM
hU1T4szu4Rw
MGax1SzN7-Q
4pcvV7T9IEI
93d-LWVAhWY
ZvS8sXvGOIQ
Fqvzk4kirLk
KX5Db-UanJ0
tY0Wo_19KcI
pB1kWfymJas
pDiNqpObU5s
AlOF7rXDXrg
JZLhunnDDsc
IF8Rq6mqHQo
F0ZR5GMEDu4
_GbXictC9eU
Y7J-WvrI4DM
JLASaTcX-co
Y-o37zfhJXE
8DZMFqP2ruA
RKjWQFi8blY
5hhI1bl6Q_k
TtrMb2VH9p4
DtzyzdwiR5k
xR23wdlFGwA
K9yDyl_LX4E
3FHPDlYB9gY
UUltU2qAvMM
NMCV0HKXY6A
XLNv8Y0bYSM
VQZnNKP8T_c
piGQP8oY2xE
0b7u-DhIRfQ
vbdSf8VjrDE
JWA1cBZ6Jlk
DVcFGGis51Y
YeXct9hyN84
rICqc0Kmaq8
8OscPxNOzfM
6Crvl_AwxFI
YeEiTLxb0WE
E2I3dEqIkac
a_tcATw8-00
qaxPYqqE0eE
qmYjxeXSn4w
Mg9jZYzpEoU
XkL7yf4llLA
ytWi9lA-c-c
qlayKywVvZo
twgnpvfsd34
KW9h1Wo8FB4
rdnibzm7-mw
iBiSfS0Rqc4
joWNKJlf8N0
kePzepFzfrI
wau1qJxdavk
kjX6TLbvlqE
XWcQPC-AehU
Zi6xRsrj9mc
OogTP-wRiPc
ZV41mnGPavk
9SXplZNrT5I
vrOfx7ZA4Bs
p591FxpwOOk
2kKlrGRbx9o
8BORj1unpU4
op_7WfEFh_A
y8Cfv3kg-eQ
JkB41456YUY
WVn1UKg2XLQ
wf7rOkqh0lM
r9Z1Im2ZLCE
b8pf-K3gXyo
wUmcjFCzbdM
LhFVnlLnKjM
T3_SUDG6b_o
w7kD_O0-fi0
vcxmuXVSzFw
5tOI4tCWRjU
uiNDjnJBSsA
wEsKHgXhDV8
XN5gTrRv0aY
v-9O08H_VbM
36sdDVTQuZk
e1ebtA4WOf0
8VkNW5hQ8u0
hGucc0kNzYw
AinF06mBUhs
L8US5Qn2zwI
-QuP3XICf9k
JdhM0Uzz5J0
bnoK56_-K0M
4Xf7xS9KDBY
uXAejYrrT0g
YuWwI2mxLJw
xKiC4IoNk3k
zsy-doX0IUA
fcdHC6Oktzc
9jsXcArQID8
JF8PKzWDvvo
0NLiVFzExUg
BMjG8Wb-liw
k8S_6UMN0fg
p1QJgSY6s2o
DEOvAu0knsU
D4jMNILa08c
zo9MIqOWeUo
79r3yRniE8M
22gc5g2nzFk
fwQZehgeego
Yh07-mnRqsw
Bv07DuXMURk
SkE73mxKhqE
KVymp-xjYKg
cyVxGrw2LjU
TawH_snYmYg
uYEIhBGxkfs
DHb2Ku0VTGU
8RQ8PcFek5E
6GFwKHoiAHE
N_ffdNIH4aU
AUeGWKj6ItY
ppRVjxOZzGg
uojsxDMp2Mo
_6dHvUAs63Y
AIXfjyTUQzY
f7MaZShik5o
BctJ5yCi3eY
foFYGPe2bq0
0OEz7xwigYQ
8W7_QT4H3cI
RFOwgJo-nwU
aoaWb5cflhU
UO6jgG0qWKE
7M8geSarick
kuXO8mOpmVs
oHVXByazDqI
pqLUMSzfJuw
N2ySYSxRULU
Br77njsJyac
fzeIGfOxc54
52ofIrKV248
aV-qN1VIK5g
LbluqtaHI2s
2TxaDTqFJJY
BWVGFI8LsFI
YocGVtf-jek
yc2CVetKskw
rr6uz8rXhEE
Rn4S5QCn1iI
H9EXvWAK7IE
NVvxbRPj2VA
fccNYsW4_QA
5ONPIsJtBOg
C2Hd0Y6xifQ
y9n-DTARqSQ
KmVdjGeqWD0
pGEtwQraE10
HTdpCDxV0Tk
TeGpgNnPit0
a8HIFkj9vSk
NPF6q3EeS34
Vd-tEiLT22I
FBx5WCKZhjw
lb12Nakn4Sg
lkFxoN0QjSg
t2Ji97tPc80
wuGM2G2KbTg
btp8YigSXDU
qPYmQx_orEg
olr4z1rGtIU
olQkRThNCO0
uQzlA6-SjnY
R54MDKSnLPk
UP3O8fSI22I
b-eploBXESs
Wcac22ssTE8
ovfZHA4O7rg
UwriK75lLn0
k0uo6MF-LOw
0IOm7E94iNA
LBSGjt4rFnY
FBK0euDASTk
3WrRf0HbXNQ
SSeFOxTYG5A
BEeBbPKKbQY
Rw0h-b50Sfs
9QYL_npQvsw
TWrjuaAgM20
qQh36fvMZe8
UoieLDoPxwU
p1QJgSY6s2o
Qh1G5gZV1RU
kn3XfIvzE40
ynO36qn7aQ8
dwMi8np_4TE
ozz1havYyW4
bj0OpsNTSzA
k-E-gvMZbOY
CwOzZRPuhDU
W2bl14CgTQ4
EJ3JPRuHlXo
npaH8fe_GrY
9gZPsRUoI0A
CuZWxBrBAtM
OhR3j839pm4
TbdG92CEhjU
BLUaxOmQxcE
EeQjSetn7HQ
rxXGzVAjWrU
K__5PBtLrgM
j5uVK2EDhhU
X_9cyPIvdyo
5WQF1reK5_w
P5ctqWh4Yz0
FcwgqWAAStk
7vHTPIilZ7A
sbplQOmBCeU
WzHvzRt4l30
Ck1J30WUSrg
j73dRQwlBPk
VsugHXmi1VQ
5wVJxp0poSQ
6nngoGKNddI
R31sweBn0HM
zsApSkaYhJw
k5MfuwMNcMo
ldXne4z2vwo
C2Hd0Y6xifQ
jcUDlpfR1bU
nmUnxvPhA7s
MKijQ6KN1s8
Pk2ragaLIc8
91usAQGuP2o
iwCCfwSUwD0
Jo0xtCyjfHw
EM5m0czvAwA
fORnsuG4FB8
Rc-6RO8B4xo
FLMYpROXpg8
icI5ozUHzDI
b6tQ4Rc0O80
1PAs9pfPxyA
rPdIPx9YVBc
0I10uJPRAPA
1RkXihA9WnY
G1cL82d_tEM
G24eD185W_Y
vAXtRuLieZA
IM_XW_sGMaI
06uVMoDV1jQ
yIIkU3LD7NE
6lD50kmLAwU
qn_p829w6Jk
fOLcgWkorhA
cRNCqVQW0g8
NVdFHtzcZ8s
nQBvNB0dFSk
p60srKM5SvQ
P5_31JYaSD4
0I3bB6jFLmU
D-ISe8GcSq8
LOFA8pZzP8I
6-Q_tFmmtk8
8G-mS6xnQ_k
38QqyBZ_ckQ
9LqptA1uiIY
p52aR4RnQdY
u3QfomKSJCY
2pR7H0B9oVs
3egXdrExDV0
nZ-SF0d3du4
0P7gUnzjy84
TWx9ue7hJx0
7aJLlxk15Zc
UgA654HnFGE
sbVBsrNnBy8
bhFIvdzFgxE
RXMB2PQBZS0
CEhjv2NJJ5o
REZQGG7y2hI
E2scPyqad1Q
OtsaN_gLiDE
D5SiX6sZXsM
VZp9fd-RJps
JKCOiWZKB28
-t5m8ERlMYA
mLpJi9mTxsA
LWBRiXrCRUM
Lfymatw4xgo
LYwBmCpauyY
yi6Xv0DxpCY
p8PGGmTMjWQ
FSmzUHIT83Q
hFBwjMVnB_k
rTDG9J_XDK8
pvvSSQIw7H8
pb_DRUO1pvk
FudzGuU0Lzc
k4icD-msPq4
DONApeQonok
fCKgTxCnvN8
kVWFLBu2aDM
Kcvv1Kzq8xI
BKqRhEFKHsI
7Jg6V_vFcH8
1vNul1B5hqM
PIbwve8pjRk
q1JsJuIcM9w
oWKg4vPIc7Q
b321AmixDeA
Dg5ifmBfBbg
10S4vIg6q-0
C-MoChugxZk
pk5T1sLhO5U
kiuWfrvywBQ
eaxVmZoxj6Y
VUnAUWTKzp0
wx1uOSB6tzM
afaK5_TbxuA
IgvHg4asppQ
a5oVL-Tz-3Y
usjrq4STk1Y
I3DAFthN76g
I6va1zMMlOo
5WDGVPNrgQI
xezwJOzSqD8
Bo0CmP9J-Ms
kH6Dldh9F04
dCfgQN8JorU
Ub1FLkb8ZHI
VkjssMZrjoM
a5XKw5T6SIw
667zDL79xEI
OUAzK4YaKNM
egPhIdaVuCY
rJO8OW45O6s
jQ9vZNOdSz4
AQGFop6TEDU
IQn2JJNrQPM
2jSgXL3lsu8
eZw-JLW6PMg
UGfhs-OQPXk
00bunXTIKJw
d3drmuf2E6Q
wYEh0bsnFVA
Ex1K4ViLSok
8DOyPgXylNc
MuKbW3eB_mg
xuWceynthHs
k4SjW4wMZwg
FSmzUHIT83Q
RccyqAVcOD0
7F0qocotBj0
CTD58JMEExo
ao5ua9zJCPA
oNjxirApkZM
DY9pZl0DLc0
mrEVvWWtVlo
5m_fkLpVKck
dZ3i4LRfHM8
RErzBmE0Rsk
4trTDEQBxEI
4Pcr8ZGMbt0
C9NA_2BoJfw
Q3nbBi_O-Ak
rmFiLvhc59k
feXMHCkMXrc
CoWRtTkq8N8
f95wU05w9HI
i-iIDh_1CXQ
Uu7Y8YcZMXs
dOqsdjyvdMQ
KlHAxlnuOdY
Db_S3pOTHrk
RVzd3Cy7YAQ
u6Eh26k6O8U
FmTKv331R1M
8Ft_-xWmK9w
4f5VnLzOP-c
oijJGeO00J4
uaC_ZnlAn4E
_h5JE7omI14
3vJEDuw2Ugs
Qr5dgEyERzc
l6ibDqzVYFI
nFx8D1c4OEw
4Wi_mMEKuOc
baq3DJ3qP5w
yXj291auOPo
vmyyKNAcPfc
huwpNX7BepU
nqSXwWUwpRM
xUZf2ZUl1xA
f-_GsvYuY6g
ApbqizI_0rs
xwqivojxXME
Uz7vjIOX4s8
iPAgepy1aOw
uNIATA9U-Xg
b0EdU-mTkZA
O8R7M2xLKAU
SpUhPGSYF-g
-1KxMC96EAQ
7ZHIsyenoZo
ASfO8l1OI-k
Em1JixPok5Q
MLBG8goKKBs
i5RGnQyKrmA
YhcJHkCeHDw
GiXmAG7P8u8
-lgIAFLgY2I
bCFZQcaIgDM
-sbe0A1Zfls
CJglhg_wN5g
eNXLaNUbjOQ
O7ga67HAGf4
D96VWL6uhm8
F0dtEgcl7v8
CSDmfGChw6U
F0xzr96l5sQ
zTwvevambwo
h4ReT52nJA8
Jzh-X6YytoE
-hE011S3q_o
q5xD_r1eFNw
McnZei0wL-o
LPlJON-YlUU
zzGkFvS9OPo
1AdJTI6XSdE
RIVX1bkZqpM
IvVIRx1ejz0
16YjDJP-I6Y
eoUAhfKfQIQ
m9tNBHBKMpU
_xkyMaiKijM
qLJ8C37ipME
jgmtwNq3k-o
8L64MmTDQdw
JbNx0aDbb1o
t280lMdXRgQ
jRp0UP_BCgw
aLz8G7a2KUk
qAxeU_NOVd4
VemuYcE_v8k
6c5B8F19vjU
-eLgCDFKD7s
Uq1cdT4MBDc
DF4ipJE_t_A
u2eRC-IXkgQ
587FCkioktM
UY5bDA63b7k
m5jeaTARaUE
6ZsIms_jAQ0
12D6gTp2924
1_FN1ti3r74
P50Rk_WozbU
mKbbC9zx8oA
sXjbTsEoIEE
tji-T-IUy94
xy9hkDH2ZV8
ApbqizI_0rs
QKP-8lmOdmA
3SfhBGp_0-Y
YY6Bp8Ag8fs
vgungeg3BvE
6bwQPTA6Q0g
NyEdORh1i6o
lnY7zn18rrg
q5slk0ScUXU
qs0IjZk35xs
DzGnSy-0gSI
vDko82c5DhQ
oWOeGiE3Cg4
7vDjk4Ue3q8
7IV3R-XdRQQ
nZGvRoJ7isc
UCNl8cJh_eY
vEJks0vSsBQ
QIULhTlv9xU
VCZ5jidqrZw
YwUDhttT_vE
M9mjBxPsEMI
aIRsv1bWib4
_J7cmSQ7zGk
ZMBnZny4DGU
4RwYYh1gQuQ
3H6MhsZTHh0
W_7cd-eaa5k
sLIH7Af3Cu8
xacecz0d4fY
tCyPKd5h1_I
YutlW7o3U-I
MJFFWW-0eaI
JxBn-A-CiGU
FQrrz526hZs
Xgj0niBw6aI
QjVNcAAf7pA
b_qYrfg72CM
Q0cwmwHaTog
M_MWPuVRJqU
k2wVbdI0XwQ
tqj8jKK9jEE
ou6BQ7TBJC8
wtXN1ZrbnN8
qHkqvAce7rA
qe-iH4rfVGg
AOHUdAryVsU
YgRmHomZ-OQ
AstpmZiVmIo
4pDXl8FCfsE
wmH-dii1udg
0WEBWylYBlo
ZvQ3ohRuZBo
YsCFYcDA7zk
W-wnVx5MF3Y
l44gH2q6lmc
uxD3-a3ug0E
AA02-oDxwCg
XedyCYPQLbc
32AiqKNMw-A
yHe4AjvY1WE
hVtYb7b0cz0
3ZLaFOwxkrU
A8jrX83FvAA
TJoPVxnV_Bk
z3vVvw0pEe4
l-hPk76Cj6k
bB4bqeAKLns
ZmI89Wu5F30
WKqicpyn2iU
5PMtwn9iD6E
LMeQ7mzZjew
AcA7XN7fvBE
DPSXl3bWvsg
HRBzRphZ3rQ
3VdL1ehoISg
1LJ314_a6Yg
WVQaDUFdE-Q
5Uk6uxu_WMg
QRb2UDvACGs
wMICNVvdlfM
y0iUml7_0HI
ww5Y_rcD28U
M9BH31NuQGU
SdatqXWfuVw
bdYUHORjlrQ
Cw2pR6cbZ2U
T54kQI7_DVw
Wm6P5_Mw9QI
b0_xA9DWfwg
8SPIrHaDX68
o1i4EsnB9KU
N8NMAYsCTOM
cCOx9Y4Liw8
UBV_SRLBvRQ
QncrunVEx0E
1bEyl-KDprc
Cby0M7dnw1o
IkGlP0nUCcg
TePRLp2p_8k
Y13vJqc6OsE
NvnEUg4Y0sQ
lTYn015w43k
FOnKjp8A1Nk
5NwFVNIy5Mg
8rLryl1xMkw
XPT8HNSc46s
g2UqBKFKR6M
XDFfgLgiE_U
z3fJ8ZFTDjU
0jt5CoupjEQ
dl34byR8r9M
AstpmZiVmIo
cCoVVj-7kR8
hwdac81rCEc
9QTNqR_vhV0
1IhM3XVNmV0
gZedKLlRJIc
5-zNbUQCdck
ZxKsWzkbYxM
wHgcaVDeDGo
2165nqRjYC8
E1U5HqwVIJA
mxcEjH3MLAc
ohBRQV0qY00
BaIwFh3geLU
GYjVSrWZdbk
e3iGJbiIn44
Bb0bY4o5y9E
-f9o3BJfmcY
YVI0DdBj-pQ
PU-eFo9tWQc
7ISTpWNL_g8
JVp-5G3ZQno
zMmZ3TvXW6w
ClnrkMRSrH0
LNlWLjaQcJA
wIhNl2yxKX4
ACg2YYJkc8A
BTYY2IKsdbg
5VakMHvC5lk
clnhiDW2bdQ
yg1dTKh0RRo
bWWvTGSibw0
DTqx-O9VRq8
iuw5wZaRuPY
mY1D1EU_Cmw
VOX5J86K_iE
Yb62RW0xb8Q
HStbB7s9tg4
srBlw-9cvlA
82ddXaXpipU
N9q7QWye0zY
itptti4f-V8
YSB3X3Eq-Zk
X8owz42Le1w
rdJRRjaZNj8
wkj4aLkySWY
RtVQhRtg8ho
yEMneKKHQFE
X5pN9nfKmGY
1xOhe08LGT8
SSrzaUpXnNQ
QrwycI7i3tg
0gmk8QJiH_U
DeI1eiPwC3s
AWedHaZeA4M
2w3K-YtZiZs
tO9vicwZuMw
Dh8C8_X5mns
HHka-8exGXY
WmTSzzNLwqg
98o7M0qRZKM
09YEfxcuSck
GVlF48dxipM
5qgqUd9BBKg
-PNW1Ze6Lpk
256pxbp2kj8
A6Dkt7zyImk
meQwvBGR4xA
WPpOenyw-3U
S3Ins5AvRLE
6qnRZk3n4ug
7LYchbCEzTk
g14bPPx8Y80
XKLvhBUErWU
j_zr8phTj0U
4wfY5A7YiMg
G-ta1QF8RuY
N9q7QWye0zY
xm8uzOZi3Vg
_gFPU_vnCi0
caZ9fK6aZZ4
TMNSzaP1vhY
W_AbOrVZbJI
WWL40scyz6Y
8xU0isAh_pA
TJIPhb5j304
Vwz5C42env0
31GpSSb7Dcw
4JUlg8uliy4
rv61p6yPOkw
ohlMszPr3FE
-d9onnbBC30
dTH4Nk2hwFo
fGpFGmjelGo
153CT_xwJNA
yTqwuohppG8
_QGKCcYtnvg
fMURtTN6ejo
_TkeHnH4d9I
EpXM5pH7-JQ
kUd-YvFeHAc
q8k-_X_8SsY
eiIw-uZp8_4
11dR0ZHd2Qk
PITS3BrGaXU
aPUH3Hp1t9k
bxXlYdixve4
4QyUdMFNb6s
0R7SKGo34dg
LzXp4oO9kVs
S8_OYq6FsUA
QEwSHrX9FUc
N8ipc-MmpPA
Q9XFOhcrak0
fvjeG7xE-wE
iVnAqc_5ppk
lELhEJW9HSg
i0Y1pyD6jag
6Nbp0YumfYk
qNvKWhzdpW4
qwcaSuXnRkY
20uS-1LxxEE
iUwOCVNALtw
abHQUJZZbKc
lxa9V3BQvOc
fbIIHG1MzkE
XMe9qi-e5PQ
xlbfcdp1His
wktuNL8zkOg
ldBfogCAaP0
BcPeswdW_Kw
A7szUiDWp9w
hsjvIUrxsrc
goZdNUpZWuQ
4FWQuGHN4Cc
OM6CoTsyP0o
O3jwhYakO6Q
PH17Ewwy9Wk
SUD6dikbyrg
kq6dQJnJHlA
sVOiOuRwjnQ
GSYhcHRe9Es
aiuMFDLWdb0
dZih64Z2wxQ
9N_2g1tmLVA
Cot7gk59Ya8
dTAKIsvzaPg
UzUT4vagJIE
64B5fGzBUvI
CX6yJJh7VeY
55HERZnmHT8
qcwd0utlT_E
7PQ6wnqm530
emmxC96fU1A
SwRI70Ka5TM
OtezRQTSDog
gDjouQuSRck
PTqdiLuDDGU
5ci8kh-WxM0
B7QTcTtm16g
dJwp_nJ4_YE
hhRg-FzdNm8
I5mDGAzxyb0
AmiaRo-5gPI
Y6vM_0Tjdd0
bnA5KzfhXok
f4B2stiWXIs
nEBrM7xsQc8
Ka86SDfgBZs
EoUr1sM78Zo
tazlfceNfHs
R6YUOxZxATI
mYGI2ReEBtM
_RV6hJ2qOH8
ZzZ5R-eCYc4
Vxn-P_Hpki8
m9J3vDVkJAA
fbIIHG1MzkE
WwCSz8K3OKc
oZh0mVas1Pg
a8vxE6EqRM4
vKT9oJ3yFc4
6l20OaaWQqs
nVlexTcEBz0
VcctoYgMMB8
LeW8uU7WD2Y
zuq8Blpbsc4
umevZWU_hO4
SiusxzK_aLE
JzY6wOuuiWc
ig89u6RgppU
zRz_xh9hmVI
clYQBJfJW5E
MSBtceXuHaQ
UIw2M_Ed69k
wPynmDv6lVE
EW-4h3QL3ww
VV5scv828vg
rTaeMlxHdhA
oIGKeCX4_nQ
NilAJOA8E9s
kImvLGVZk10
-bqtyw-IIqA
JmUSmb2y-RM
Jq0s22H7Kgs
w82LTVG8Mjk
-lHnkdfrR1U
dyfp6c-6gxc
ElDlfUDCSvs
cTG9S-J8Zzw
92VwJ2KB8A4
KAHbaEhOzr4
mIYXMj8fBUc
8fyX1UNue6c
zWmaDQyOtrM
nruMLxZn9DQ
G9FT1AL57YU
kYizQXO5WiY
98OXK9mxmAE
O_-_bX8izxo
5YwO_I1q47I
93I1HHl73Lg
N5X9vqFEzGs
fujLZOrzn4w
H3cT3UBMdcE
WKAtNwKIJTA
3xdU6dVXk_4
vs0OaXSgjww
rjcWw-leL5g
jaUkjaDn7l0
uUAsKgQjPnI
_HvnElPjAUE
wyxlmRtDqbw
dxQUTXvgJ_s
cwhpbFG8Tvw
fls_iQWMzpE
ywACV0C8qeM
cE10vPKdbcM
jWsKHhc9-T4
QGtJlnU6xnI
nX9h-B26SUM
trCFiJgi5rU
S5w50FawwM8
wbD6N9MWEHQ
12hXnD6FCwE
Ee2417Bsqds
1IFa4zsTELk
-XfnAnJUD2Q
IVi-l1EUNtA
FUMPKmGRDQA
CyuN2s2wyd0
d22wqiP544c
47laVOUWKX4
4UHLwCKbZ9M
MEWivDbAtGY
XZ9Bcj-5umY
yI99TPZqDc8
N24lVuGHN_0
wAZ1N_RAJ5Q
-yRKAekvpBM
-b6rIE5BSYA
kOqNKdSubhk
ddeMR7w2zSw
mjEsGLWaWek
7aK6hxgDZYs
98OXK9mxmAE
f3kh15sH9fo
Vtn1PT8j72g
KQxnLu82D_s
i4Q-x29NbP4
lVOQHQ1Hwe4
YJU2T1oRIBs
E4tEIZ_Hfp0
yaLvPRMHtaw
A6ZlLj3m2s8
LT6LOcp8NsY
8k4QxeJXMVg
zE63bKFckgs
ftn4aBMh5Ug
ifEE72anK7Q
UgcBo-qnlg0
wQdBwKAi9ow
c4QAo6mWPoE
GEoMhht_PRM
sxPdeBvZHUE
9rtYz7U-7HE
p_4lzpsW4Fw
6QL0BiCW_Vg
EO9i1qFQe1c
V-pQdl0tRBU
jvjXatXXwcQ
7eQuea_hgVw
hxEJC89di-k
Qk_xly8c35Y
6q01TMQWmzA
FHV4eJP8DXY
Q4G6wME9edM
FdZ7MpPbtT0
kg9WvonrVvg
mfuSimFc6Ew
XflH2ehpZtQ
uP634HbszWk
NmIvyjSPFw0
MW5nU5lLrQQ
YQGoPnHuwPs
QkuT5xu51e4
dAR-QWDM8sE
EG3-Ken-V3s
UQDNEOcc0LA
USMEQBLwIqU
xQYa-qGuFZc
BzhBrqDLX30
PJgQLUrBVqY
SVYmJGPgyrM
t4pvc3R6gu8
NPUkFWE6f6c
saC1h59u3ls
cQE9v0nGYEU
9LwjI5Z8yEU
zBDIhui0dco
SXuy2v8F44c
xJLp4uI7Lmw
hukR1LysU2Y
HUclyiA9mXc
KvGrLQ_CRtY
LpjWWF6isaQ
vt35sOgiBBA
GPqGa_mjQBE
Jis3vTU3RkE
8LAaMR_Wj04
isJxjBdfXdY
geVl1x_OFIM
DUAeqm_tPpk
-ic0uavUSBs
8tcCvGtkX_M
T2s-EPU_u7k
bv5IN54l8cU
12hMpAU9nx0
qcCl1ZNoiTI
8Rqi7JjyVRY
QQi1ccWv4dM
AypWPSwZE34
a_JBiKZxQ0E
chLQpFwlyvY
C8amzthNjys
yJG8EqliYsI
ZIgCUfFAWNo
mgXEMmA_Zjw
URlQ2F_91kI
rdRJ0JJXeWU
z4Uonq96CIE
L255HjcrP3g
wSci_YIGOAw
9Yh4ijYlE_M
T4OdxKnNhFI
4c45U7tGqV8
lZrRxbQq_Jg
y-zC4iCGslU
w2l8HIhDy_s
QIKB280E8pI
3XRF9erlMmU
6PtLH7RkNOc
zhHS0IgDmtI
2w7CzrT0e8k
GTHi4HsoMPo
Mcn8IuqXYu0
5IJnqq7OY-0
bRUdcAf1b0Y
OoGrxxe9Q68
eLrMpSnIdW0
KzXmzi4_SG8
IrkQ54PHVg8
QQi1ccWv4dM
-krBMQhQRnA
uuM2Q4pO4vk
aEDcaw0OjqA
zFwj3LraWJc
tKHWLFMiayo
d76uCCJVTqw
i84wEpAjlGY
VZCRe0aeKgM
lCd57zrVDQs
DWtH7Xxf66M
4JK47QB3C0s
9L64ZU4315g
blFzWwXEV28
wUufYlq5Qek
bckLApf3TaY
bKuVLALkIDs
oq4V0nkYZuA
f1xwebGcdqE
iJ-Rf6FUmFQ
DyvTPi9AyN4
iQoM3fatQnM
cEv3-t-RSsk
UMhu7trCyDE
fhZBPDSWZmg
HlXjDSw6Ruw
0phMmeK3s8E
Hl4bcRPGJkg
6a2CL7GcVy0
lKzxLZnbl64
rj2unktKJmk
Vb0YSNd_M8E
ZbyoDl37mXk
9EJdOM8nbHY
5sRv_a9TJmc
YHn5eNrCW4E
j_BuRzaKQGE
jzU_OkZgRe8
3WPBUM5-Vus
urd_JSMxiLA
9QjwUNlhnFw
-IsDtcftKQM
TLzC72BwOms
gjfnKO2ihr8
IMkKUsDSlB8
2P7pmbRLPgk
RgClxvQeXc0
1uJ1n8iF4zs
mjulylDXGZg
DgbwNDiq66M
caLVafPMB4c
rMug6ia7aNQ
NJ0v0D183aM
L6tt2OedQEc
zmipgrkmrao
5OoaS-GdgPY
UcHk4teuVO4
WbuKaVxzGTk
gwCzD_wX2Gw
KFHVymJuAzg
OErHugGvsLE
j9Jc2ueo7QQ
nFsOb4jOQvU
EMKFelpYHjM
RLLUsdJRQ-Y
_VP_q6G7Mak
Y4UOTRnY9A8
lD_fzCihv3s
WfkVDkT4_Vg
D6p1AhlcWv8
N1Pumv_lK9A
7ZFTDnIlRI8
oKsufV1e6l0
LDWhiiaHZtg
JbVgtru4sZg
VadN5wpk_-0
HTVfMxV2-ec
MKqi4nbUjr0
0Eqzd5KEIxc
3TMR7SYmU4A
ngo7B5Opejs
vsOP8DfLYR8
lDn4o_IEgZ0
wBkUZizl0v4
LG_yO3PZr-o
cXkH_6-aG-8
He6oF2Rt6pw
LDWhiiaHZtg
XVEgtaJwhGY
DkSuqtnsyCE
UWpWazsblpA
bPtpFgUj7Fg
OagxHT0Zutw
uiSnPUGuoC4
8EKr1kS9dMc
9SLFpMopSLk
zr0BWxXTFho
n28h3s8_J88
9iS0kWdFdpI
3QuF5kPnwu8
TfTl3HLedw0
LscTx6DHh9I
m8yEn6nwfvA
fNn-LLdMGrM
Prt0bS_zZ4Y
RwrUf8k9nNM
__B8Pc-KxX8
JcEzyhzY-Zc
YBukXBBaKa4
FAc0Y5CeNFs
WEeZhGuc59Q
BnVV1nG6zes
oyiIRZeKymA
cnJG-T_dgTo
nT6GPxauUW0
xCejQQUGuTE
1Po9G4MhPc0
QMmwwzohxlE
gwTowqzSx_Y
ecmGGfi5KJg
1jWazr9yXBE
CaSM7cgrWbQ
sY_dfAqPdKo
J07Jtms2ZF4
QtnuQpuI2ow
OJMukUeV94I
zw7qEIQl-Vk
7sAGeB15rck
6KI4vWQe6Z0
yA8qJC6by3k
Q3kOjXMOjeA
fgoJE_nQwUI
wqNeoCycuLs
p2wQ_-jkEdg
kTS0Cq_Ywtw
iZ4VFLKUoJk
63LmiGxw6Zo
pNOweXbm278
IRwW4MOJd20
pWVdcm5V6cQ
_9D9-l13nIY
kP1BOp4P_tk
mBBjplkpQK0
qN5tU3u-c54
v7g1OL5nSLQ
xWIRHLwQJhU
JYpdkv4YZrs
gQAGcVyTeQA
1h19i0hZDYg
dur59iETUrU
IfbHPRRmqS8
xog7J8-FsC4
x3nInt3Ab7Y
Xb1B-w2zYx4
QnrfGOgd0Tw
U5lWqbUbVtQ
m7cqtt13O-8
NuSM_mMMo0w
Kzv-lMv4qRY
HI0YvL9wkUc
8kSUtIPKgdo
nrzXdfkoebM
bH9hjYVofVk
xUSIklz2-_k
PlrduXFtUQk
HosnuEMYRKc
-Fa4gmVNVzQ
NzOtexXEUB8
LZ_d5Ubg0XQ
AdnLBjVe1EA
zzJIKkabWdE
ppmTwdYcbxA
DWEYgvTHDqE
zdacuoigGqc
ewKb6gnAnLo
lYWwuSQ7Irc
_cvHSuHqhM4
DG5uzLkFFNk
UwPgyIHqO5c
0xCIwqPKmrU
bc5J9So7f9s
furFuGEk0_0
yWZWfq9i2Ek
LYjzHayRaes
n4Lyaa2FvF0
RbjRKu5Tlqg
ua7b4pyr77E
Y1KWiLLrJEs
6qbJxdk39ak
Iou8yyyCfnE
xBWohH4g4cg
gVxAmPj9Vjg
eQYG5T3dU2E
LZ_d5Ubg0XQ
wAt4bmD58wE
DYSL4A9Zhu0
rJmxIrk8PIs
Yy5ln_75g9E
SIxLQzzR7xk
TCzbp-apq_Y
dJtUrxO_Nak
xLXD4MsCt74
AHlNx33-gPY
YAQeJ1RKn_U
p_2rzHMUmxo
M5hN5xSeC7M
I7ERvm5WURk
g2i9vz22zRM
Qqtn76kdXyo
CCNyJNcvAPY
SdPqst_-PEo
o91IefP81P8
-ftinnoh5sE
MfPv-GNmbcs
hUN64SBpxC8
1qN-FbGZfIM
9DsipPjkVHQ
Mc1MFfssdqA
SuZMvlsISos
_U5JOIx-XqI
zN8QAqMXsdU
o3QgenR4vME
8o-HQWafTpo
st3B2OqE2Is
8z2LAcW2Pls
TITokpLM7r8
Y2C5ZFh0apo
xw0v_SePPpk
PEyyeycZbsc
Lu-Yic59bjI
QepQaXq7FMQ
fpTa-sMuIzI
sFTK_vEENEw
DSFndI7JVM4
bYLMIIYqQSQ
5iD1vndi2hs
yY-GZgVcepw
4xczY9WDSBw
99Jho451FOw
c2EYM27f8ho
lMHocVwANNI
MplBF_AYYfM
cJDnCGQUKVA
Dt6sefbuMXs
ycALWKXsA-k
J7nNtzR1FgY
27c3BVkRQhE
mv3dqY3FtlU
RK0uTkOh5qg
GvJ8ibkIqsE
dYzxH63Lsas
9XfIJj1CrRE
MSfe03DmIFc
zG0zXJ8bUOA
5draX37ggPQ
jajmyhXDmyg
ky7x-rjf7dI
-0B5q_UnOjs
oPwSBdIBmLo
T7mwXEUz3CM
Zo5CM9ZD1yM
xWmGINr9kIg
EMfIgqG-oS0
bhTwCgYyfAA
A-ScP_N2GpA
50t0Xtj3iDY
LA2PpzImvCw
ioYVvPzJOOs
4FqM01XzC3s
oPjRZGEHTBM
io3oFvpvLqU
OWh0ajQL1o0
4pmenAzw6I8
21fCOLrgUWo
WpjU2cY_uvM
F0R9UUexHhg
h-cM2QA-aFs
vMnPXQT44hA
mtoTU8hq0qs
mYr7ZCn04eA
B8pMOue35Zg
UyaYMOCt_Ug
X1yKKGchRcc
4OnOdanlG7E
UC05PVN621k
Ox1dJDs451o
br5iYsv06CM
9XfIJj1CrRE
wcz85wgdv8w
51VsPbGV2OQ
WQc3Tb4FZxo
wUgrNExxw4s
ze0lzh_ZQsQ
xJSyH8_uPdA
N7EJS4GUQqM
gkKHojo4ugw
tPGxquw2uOo
4Fkq3cs6FbM
usq6UsLDwr0
IAJ_95KGn2M
kK_gbrVjSOQ
S8eb8RNQ5mc
o10JTOP6MeQ
8Z76EXf0AUA
R7TL74V2W84
4TOPJkS0Sto
6hVQWZaStog
fCOJ5N-fLag
XnPGYxZBW1U
zBMhksjF6T0
DbU0NCypaDo
nVvg2DTmbfc
aAu4UA9jVZo
yeojAB3lwxI
l29Bg_9ck0s
Uf4VybS7VyM
6Edsc-o-Qsc
Przr7jj7ga0
ykgCbt_kz20
6GcW7yAAHfo
eXYOfWaObnQ
lYELHp-XCvM
CL9TedKHJ_o
MjMJWhFDu3M
NYTIas_DOUk
VXrh2UKTuNw
ukdgdAklj3U
J661N6Kg410
eJ27uZbMZXM
qecOyySRAJQ
RJBgFiejirs
kMOQ87VFaOg
dv3-OUxuZOc
qrbpr00LEa8
W2Zg-JBhVyk
cFzgoNyCuso
uZa0RXxQxT8
711hKrPnpg4
4jpcUyup3Uc
P_zA3hf-iRE
lsWCL412y6M
MZ-S7-T5weo
em4KNMWbfKU
VaNGFls03Os
iiWJQTc4fE0
y88aoJ8U-hg
41BGDObUhgk
AkohmjiE38g
i3hOhM58mjU
RvBWUKG0djQ
XesXIRON-2k
IvreZE_FJsI
gIU7tKSDsEw
oUzpdHwz2uk
2p8ET3Vkkpk
3j8lEVuRqNI
VgTsgvgmUts
h8LKxuT7fso
4voXQrOX35U
qMkwz8ACi7o
Y6XHdxJKpxE
pQLe5jshjq0
WawUnTajIgw
DthKXHDF7aU
E3xHHmjsFto
o_4yc1u2Y40
i9PONeY7TiA
jz5sTyDe9sY
SUR1pk4vUBM
KOUvAkJwM2c
JiL-79stbKw
sxXWnNlxKPw
Kuzp-nOJcfE
_kfhTH5zYpo
NgOuAb2fQiA
LCrNfC0aOyc
N18OWb_ajwo
_UXzA5dTen0
iLZktOCow_8
fS07agoO4Io
YFPF6-xwPgI
nwLp3B5m1es
wRzlYLrreZI
tWjWgDbXnps
m4H_uXORJb0
0ab51c3tzdQ
34IGA-mrfZE
5g8tHEXtCXE
MudsYJqdL_k
mMxv61tIEhQ
j2YyDp3-XvY
pQ44Rrt3Jkw
49NNf5hOm6c
ZguaUpfs13E
EWE1Hbm_0Xw
yjlYjOeuEZc
MoI-QxNHvNg
JJjuQWcmcO4
fU1ocy9ideg
hPDGRGu4lyU
alSvk-Z5KOA
gQ9ZGZW8ty0
qc7zS_FfmJk
rfZa6xHhQQ8
Hs_J9rK7oUQ
GEZiPIYLcTA
cv3I01xqzRc
NuBPWEMsZ3w
2VGv9tPbVfY
1waRg0Dulx4
Zzab9EMDTFg
AxsETTLyNsE
HUQQgXyCe84
Ym2vzOJzGDo
48Oy10mMSIw
49ADXaQjKJg
qzMrk30A4is
tk6nNEdnV1E
4s6qe4_4Q7A
uIPn1TFy68U
SE-kuI3iPi0
TflDayt6Xtk
CGhACZXzjaI
8cuRTyWAqmU
SroZWdra_ts
fYmBItS3pjw
VK3EJ9dKaaM
KQB-kyg63nE
ih6uh8p4Qck
uAiy0LttLug
6MsXKozummM
XWAEgJ2xtyY
HDLbsRYCvuA
qrb62JAmTOI
XdBes0lF4Q0
j3iLlZ2fQHs
RyzOsStObIo
8FPCySzkv9w
XkH3DYD7DIw
_UXzA5dTen0
DQcraSYkakk
HRZ9LUAnhJw
MtJhRMfLBCg
quAQF85dZfg
7wEA_zwk__c
VRSck9n2vM8
RdHg-DshZBU
KLS59mQgqEE
Pk-YEKCzKOE
VhmYVlMiBqA
kJxFeHjR5tI
Z7l194OXxYo
YzwsxEoTVPY
aTidAPPBeG0
VZWOTFK0qVM
y0AgTHv2Oho
Ik_yI7-fxig
xYXujbchPcw
I6HR4Ioa8jM
L80Zed1wMzc
Kfg5mCK_dkw
uY37Tnjy2Dg
kyUj4gogY0o
OZTNHEwuGuY
7tVvQ3-DvUU
H-1WuKYdp6o
4Z3oHURLkds
kTj1p4TqxlI
aY96MJJoBa8
nA3RjCloVOE
uUIw4y8ipMQ
P3sWVAG2CPI
l6ew-dvINss
iexyh3hcdwQ
uy76P16dEzY
vfmHcHG0vEg
e4q2OBdxco0
p7emls4asFM
LZ22MARE_k4
JUzWwRpR_Z8
EsfCmJieW54
sXt3tLIUibQ
z3WR13hx5-U
WCoDuBXatTc
XnM5Of0C5YQ
FZ29nFINxkg
49ADXaQjKJg
T7KWdzvenmo
sALC5l6VklY
zar5OkgeQhM
uN9KFld_rsE
cQ-vrAxOg0c
KqWtP45_3d8
WPJwk2csSpw
wG5fKj1Ddbc
6RZv-1TKFMQ
M1o5s-P0sP8
mNC3jj3DNeE
3BPTWUpZmVU
SalS7dlNKRU
9AHWanUTfLE
L1nk-z6fPL4
_iZHqG4rB34
9Guo_Mu8Wus
1HGZo7vppAU
eVkniYGYX4A
jikuG4RTWhc
D5KusC_xbRg
C7dUYzovcmk
rOLr7eZ_bug
ykkG8mik-Uo
MkRrSe6048o
3I4R_em_6wE
qjzypQHQxNo
3n3kDiZ5oZ8
L_rQraFnKWc
4RxqMSlUI80
ym7GftclG7U
0kL01jgv-D0
RfSJzKz-16E
e2It3cT7r3E
FClv1h4L1H8
zcEOKE1vH4M
2SQkCpqicq8
ejCqlZdbT4I
GuzXchXoun8
a4caX0F3lZA
FeVlRnE1gFQ
yByCfIoCYZk
RkgkIvO6RDY
cT53u4Cwm2k
ukhThioOCBE
2lzV3otxLYs
YMIaPIIVtmo
PQVvD82FOD0
DhFvmmGkdkI
Lx4mW0O4Hd0
qc5kFgfebeQ
r0IvVtwPtcY
akV8548fNv8
e9EjfVBdIOo
k1HlaKJwz7g
BGTRqbHccLY
4_sOGDf2Ybw
vvkzEEs0kTs
w6E-wre1-Gg
xJ9YCYkzK5w
_uJ2tGnBFzc
4Lm5a-sfBsc
hMOTavjqko0
OM7pN5mOTJ0
QRInT00ULfw
Lgf6oorM9go
U6fF9hZAbfU
BIYfBcJo-M0
yXF1kfIv_zw
vGq-jgy0Mbw
fzmKSlafeL8
SLv24HxLUUY
Niq5zujLtlU
7tgUZe6wAD4
3TWSGtWTRTI
frC1FxbOhBI
KMBZvjetRqQ
Nd7Fyru6SCI
6axrEO0idCI
6wYd6eQiIYA
YiYvd0cp9hU
POYXi6FH7bA
5q83SDuyuYA
tagHXHy_KTM
fnHyaYbJp84
ddLs56cP8Cc
qEZ1ZtpDxmU
wLn2RkXC8s0
u77akQWTPnU
SUJ_oRFcM3Y
inzaFybFsWM
Q2uKhxWnsGw
