QAlgqmttan0
uaRO0AV6Tto
z5M4otA4S3A
n-PNTWyXsjk
OI4cskHUslQ
50OuYwFK73g
KEI9VRcoh3E
T99oyqImToM
Jgm25QdF90A
UTfQwTuri8Y
Un0JDL3i5Hg
tAOApRQAgpc
kPMpmcl_Pyw
6CwzDoE8J4M
VwVg9jCtqaU
2h-Wg5FDbtU
89BGjQYA0uE
5pMQGT3O4CI
rP8CGyDbxBY
D7ZL45xS39I
drYM04t57tU
3fJsqGHhlVA
Jjm7MT6W0Dc
lEljKc9ZtU8
yQuUDX6r2Ic
pmsNVyrCh4A
pECXKyaRfYM
kVEOCfBy9uY
ktF2y5NbnZs
oXj6ew5ymhM
drSpCwDFwnM
IzKXEbpT9Lg
guBrLgRKJuw
uLk-FXWzklo
CukaWaWbBHY
bpoe33TfVAk
P4_rJfHpr7k
1YbPmkChcbo
rlpQjnUvoKw
HgGyWS40g-g
e0QK5glozC8
GRMvCeIKvps
D1c2pi624X4
ABBnNjbjv2Q
paJNSODuu3c
Y8Nfcjg0faw
n2MwJ1guGVQ
lNGegNreehI
p45kQklIsd4
v-FgOACRgfs
A5wiwT1qFjc
0O201IQlkxc
BrwKURU-wpk
-TTziY7EmUA
y_qUJIfkbPs
x35pOvZBJk8
8khPUtwaVaw
e_Drpr-wfAA
bDZ2q6OktQI
k5c-vg4rjBw
s65BigoMV_I
xM8sO33x_OU
-nTe44WT0ZI
Up9CvRLIIIw
DKosV_-4pdQ
b5Rs1ToD9aI
tPb2u9kwh2w
gylmjTOUfCQ
-vHQub0NXI4
6o0byXyfv20
JmSNUeBG-PQ
16ZfkPRVf2w
tCYSce6l8gA
VMBqawcWVG8
_VTtrSDHPwU
uPw9nkJAwDY
PitcORQSjNM
epSgXU3AyiI
ErlCwE-szxw
inN8seMm7UI
QSbAUxWfxQw
jh4ITuOytE4
e-u9GTRLHQM
ChidCgtd1Lw
VYQ8n3Besrw
MOSbeS6FaDs
FtKUj0icUz4
TOP2aLxcuu8
k-21vRCC0RM
Tw5AAGh_P7E
oFFbKogYdfc
ZMkYL942RBw
mu0j4Gd2YY8
aKLcvGdOP6g
J01Jf2JYNm8
lDAiLRcS8X8
2U6Jl7oqRkM
ot4RWfGTtOg
hpHfzYTOMGI
GqxmRKplj4w
WwON0inOEnc
wjTAQkzn7m8
HxtBIwfy0kM
yxUVu0iN26Q
GMrTBtzJkCg
vPrSca-YjFg
RhjBDxpAOIc
BO4g2DRvL6U
MZx1fhbL2q4
BecEHOVmx9o
zqWrHaY6U9g
FiNglI1wRNk
OfgihHufGUM
9pr7j27G_TM
hYOOGstEzzM
oFvP-qev8bU
4vN1tHpCkA0
hZMmH5yHvIk
pFT32MKWtoQ
WlPP4MJhQkI
sLtXkU4QjxI
s_uaGHXV54s
K9ypGzuP6xQ
hjeuiZObPP8
pbCExciEbrc
G_KhUFCUSsY
T7G94kEoZTU
psLkp9DE-h8
LRqlmjL3-n8
CQ-D8o9H10Q
8jXsAnayYJ0
OkQDzfRz3wQ
YrzE_N4bjDM
6taR4OOvIoo
bRMGoPqsn20
t81QhHaMS7w
ByJnpbDd-zc
t1A3NTttvBA
tBT5Q09d-h8
CxUc5FJF_9w
OmofOvMApTU
tjsHSIG8I08
0SBtAjUauOc
Ow3GkOUAfuM
uPTm10dqyno
EHHdyM3NNiA
JnhW5tQ_7Vo
JZ89-0gMwd0
wjd-ng_cbTg
rkpaEPQtOwk
AtFZv-IuVwQ
bUjMAzCgk2A
5J72iMSQmy8
gplTc2F5Wvk
lMJKhrqPYSw
vdG7uKQ2eKk
nQ1Ev9Inqco
WIV6oUc2JOg
rirzJ-e68cw
Yze693W4MaU
nH6owuKfCbw
7wi9NdGh9oI
Bb1_zlrjo1c
Zhdmjq0-Hng
FAMfy7izB6A
XcHWLsVmHvk
-h0cWBiQ8s8
4oNdaQk0Qv4
SxOsJPaxHME
YB-kfeNIPCE
T8AW0fKP0Hs
uIcqeP7MFH0
kSa3UObNS6o
NlpS-DhayQA
Qyw7tknDOLk
8cWrvIZbkMA
uMVa-S55uK4
3d34Hkf7KXA
