RZuVRQq4AZA
HeVh_dUzuPg
mzC8FnMeGZo
WPMGKL-3A4M
nBGhjENSEuE
VVPDd8UAaI8
Z2rWoXicLUI
cH0tBz3tu6w
ltz47wDgPrY
N71rqT1dJSQ
wJcpXH72dF0
_xm236zqC-c
ah2dEeGjmVk
Z3TQ5Uq6Nco
6xc2J6VKCXU
bkG9EyC8cNY
QQUtJduy-zw
FGgCaR6evqI
YhPPVTUBNhM
T_k9uwvpGdA
fLeYqfqW7aM
KKo_jfME-yA
ZiHYi82WZ1I
B6QWE1juM2E
FIiiajoiqyc
PVnVYHxdAIw
hLoHPlJZGPw
6yxqf9rLKQY
Up0gWdT9SnQ
OlNVJfACrnc
xKa4SApNOVM
Om4uYXfGe8s
RqHYDaX7n3M
v0L9EmXIcN4
8I8d4NwL9pk
UPaLs9Vn93A
rRbT70uOQrY
M1Y9I_521W0
jbGuOdZxuYE
Kz-5eIbRu2I
l6gwxs6hViU
BLQDjn4Ay-4
WAwheV3rhn8
zR7Vn9nECps
Ef2H6VeRnxU
RuXh6TIENu0
x8SeM0DmHDE
X_itCgZPlQo
zuY4iSJe0Tc
_oGHvkl5nbQ
3NEYlt7fYWc
IlzzrHMSqu0
k3cMSOVt0nA
R35vs2VTwug
FCpgGywGFRM
_PhGE2LqtWI
HCLpABEAdPg
G-lQ2e0Zc88
OiUdk-WdmxQ
dN3Hn85yrTk
Xhoz3HwmKho
6fjHwN08948
laqTml7s_a0
haRZUwVX95I
OWLzEI7VYcI
nV3tSIL5nJU
eW3UTi4d3yk
Ut9sBjUYRCE
9-xiOpMY1vE
UFVIAbUFFQw
tbAyBOVsl7o
JHjKUbZlpsg
eREC2ixErYA
yQm37KhIhEM
YajeC8NjqTE
YQZEmieP6zM
uTHpaAxUnQg
Z9zRK-OHgfw
48Klc3DPdtk
Lkd7Wmepf3Y
JkCYCeG85rY
SSK2B8lxuGU
e_EgdShO1K8
qEgVwQJg3VY
_ZcyuHNLRSU
8_9X9mSf8Q8
UORV0BxFxoI
E-TOB9DglPg
_0kz-OxxEkQ
85l2ZKbNwwc
8-xd1rdDxN4
jWaOyy3WfWk
NRhVcTTMlrM
-3GcdqKab9Y
reQM1epROXk
0lxV6jowuJ4
9zMlPpEi1kw
DvOEpmZHA1s
DE60ig0CIZc
rutLHk_FPlY
Fcug_0DL0F4
Ff0jwWaPlnU
