N13ic7V9klU
BBNwiPgknn8
uvEp8Tc3on4
RI0lKEWDpjs
N2mrK33gCYE
Ux3e_gWK5W8
Vug_9PO3Wzs
P2iklRHJgTs
2uocOpKl1Fs
sLbmVmLrblw
5v-C_y6Nqhs
FPVxnauTUqM
wYShqrBKmdQ
Jm2BFhpt2Yw
lJb85Hnstzc
seA562nhX5Y
AH14ebqez-I
p-_LdW1quyk
zscZWRrFRbQ
iS5EMI-e34g
5efOprHlOjs
U16ku9EBvt8
HEML_VF7Law
uqb-lDZrZDU
InDLX-LxroQ
_aSgT3tpMVw
1MANyt7PGyE
Vk8Hqo6DbeM
HVc_2B-yYOs
xr32ntjmOGo
fAGeJUuqSMw
B8AkpRCFWTM
MY6zLIkzXHU
Tt0HzrV2N_M
8Bjbz3XN0Gg
mOylRgjLDrk
sVoKGowME8Q
Uvd6gxzq3So
Ylh26yxkaq8
USZMTvxhBz0
Icaitpbfi48
kvIQ_Af0IQk
M2S0bBTHu-8
Gwn9633YIrQ
L2ir77y5ho0
N415ae_T9XA
Rx5sUa_2SD8
BQ2iZ9Sofl4
ZXB6F51xXyY
RB4jgBx16vY
lm8l7PbEr-0
FqjbXXEsOdQ
m7sL8LuMD8Q
NjyWl-Bz6Q8
JoI0b8-QOBI
7dqgNKvieAs
AnBfSwyqtdY
E5LUE0fFzgQ
j1jiKww4jOw
utClm-TQJiI
TOeMHxBgShs
_QzzLGluPZ8
hQCdD45yOks
GU_VsIT4bbc
KHcd1lfZ4ws
GLmCNfh0dQo
yJBsfURtOMI
GDRVkHputjE
RKcRF2D9GUc
OxS8X_V6TCU
oj-slB3QA7I
tywtIA3g9jw
L9fKj5IsZec
T029CTSO0IE
XyQcR_c8Gfs
o0Hvjl43BpI
SZnWCHNUZ-E
1HQBHONu0J8
lekFOMz0fuc
km_GMH1fu8I
LAbtlJJhUlY
YHcOit2QgRs
fl6TBQSncuE
Mf1ovwTi5Xk
afK7KRFTZ9E
u-vYvqxHejY
998yzngSnaM
3R97JI_kExs
idl4PqhXsmg
rGZYfSzvPvs
wZfzUXbE8Jw
GoE2rTyPiNY
KIzk8KxscY4
31rGzgN1Kfg
mG6mYhEGMXs
Rdk2ALgRtdM
IKLegAjO1z8
55d4vs9MqPc
wkeG207sLJY
xmaqrw6GJPM
KDU6Xh0Gc30
y40n-sifbcw
ho59e-FH03s
sJCSF1PxsZg
_1kZe-2kiuQ
4j6iZDKpwTQ
sWAzhHQKX5c
jukxImvFdWQ
D-Ghh-_CJEo
cQvGzCvTyC8
1pLrNJFmz8c
rE1gJU3tgag
uC3kgpO4bOU
Ts7oORrI7cI
Tr2nL7FunuY
EQo3onb8kSE
Ny1BZZOTzQk
0W05CSsmISs
QdRXgggVjkw
w4_uzO9JQP0
91-htuqmezI
gCatO0gjAXc
4ZA4YqDkVlY
8z1gPRT6q3s
e_nAKiSutiA
baFsMWNavQ4
COYabX8Z4cM
19Fu8ydbtaw
Zs83RSRUmDU
n8yLH4viZaM
ueqE2hQK258
tzgk8LQWBqA
vhAFNR9_h3k
8eRMeVTvxqE
hhTzKXVTTtQ
nxUUliRA0Co
3aV_fLbp7EQ
mG_FuEJuzhM
eJq5lO38Plc
X4zjmMDENO0
YW9B9basTxA
YtBX4Gnhgts
NaGds2Do07E
TsJan9FHjKc
17MtuPabxNs
VhUDu0Q08UA
EKdZSftI3vw
KyBSfmpuzPo
o2GReB6j7ek
PTPCjXJXX90
-qpBxBtvMKY
liRm38L9EC4
lbYHzVjAjnA
OlmGB_UBitE
NrNQvA9K96M
_8Hf0SeNHW8
3Q2GDI673lo
nJXsi98pgWc
X_RyhOz1JvE
deah_NeQaQs
yIzcrQdx45c
Tvt-VSgPd4c
hbrrrnXu4GI
i5xq3PfV-wo
cb9PWhDfrhw
OnB1YZ211w0
OakNnz5rDLM
heg58GqUfz8
NmvsDXxWrzM
tqySnbbyB2U
E7s_kaH1oXY
tH0UCZ4gqOE
hSWaKatKrgw
r7sJ_WNiSrs
dxiqpRNb7OY
6bYMOFuuNXc
I2Fyzav8MxE
50_40GRbZHo
Fj-9E2IShWo
fZBC3nmvJb8
udlvfm93y8Y
pjv-Z-U4kz0
d-ADrn3UzHk
ZjPOj8OOLbo
FAb8QRIgOGM
E1RAI38WePM
J-YGPnrlyR8
2M5K7hpgfuQ
HethsSD0jyM
uUSkidTIqSM
HSQxWsSHpQA
mS_9fU_ZDyE
nnQtOuyUnaU
wNJO_e6hJWQ
8vESS2T3vEI
UADiBPoUXwY
g8VyXIYo918
5uLpVYDJKpk
sbnFo3JFTPs
KXrNrzpk0zE
XbzVGAWZFHk
BuefUigp0Ws
KXrNrzpk0zE
lsQO3gMPslc
_Fo1Yoip_4M
u-ew8wqi3kQ
vvO1h64VYQ4
lXXOBV42Pfs
Qad-hmC4t7M
8-KJybnlPlI
xjiIScd0aJw
h3gYvzb9u5Q
HU0EYA2d4_0
7VbJoMiWGlE
whyXxfmCbTA
kQNPyACbJwI
hIdC6QyreQA
fpEVrBfj_Ys
78RVT5LSX58
CSys4-Kqm60
l-XkAjEJKYU
uAPaqlGjJJo
aq60454tbjM
6WxYiMd8FbE
ZitrC86ztNU
A28Hw_yS870
Fqt2Tu3c-lc
kzjtQjhC0GI
QDomidqSs84
CV03QsYVlC4
uj8reAARLeA
H2Lgs6xmCUg
IruEZVecRRo
Z5NczwrlviY
Z3O3VchcpEo
ksyN3rew-vo
60-ADf8OL9A
Fq6jgQ6HrDo
RXpawfU9Gxg
kmnQIczE200
ERq7Uqi_bQo
O1Jc9aU9fmQ
HMyrZKIBANE
aoDemoQ1ihg
OL1JC2hU254
DaAKEXngXmY
Fp4eovJQ7d8
Dv4FdtU1zmc
dIf1BMXDc0c
t1-SFNOKiYo
D818wg1gVCk
kltVGARh7xM
tjaJfxeaA7Y
BX5_GsTcWrc
otx5yO6YHX4
HAGHz27Flcg
xQjCq1NX7MY
dFLNOBKWlds
chhyDJnhIew
Hy8vBP1zqr8
aSpNZpzAnP8
a-HLLWCKgHw
7kD5IyX5cCg
RpByqwi7FT8
goH0BJEYvM8
wauHFFd7Hio
bGJuBwB5iwE
3N-BtV66hvI
TRq_R7WBupk
X29dPzJIMbA
E_hv8-kEw6U
brZugTJ0odg
w1Uz2qTzeeg
kViobGAVWpc
sUawV3ZVKKI
juzWDiM_JWA
SUTiWRrJyzU
dHEYySHZywc
wyuUh7ZEp8s
7SX1RUXCboM
w2UNXLi8yg8
20J9hyoHh4A
arkh4h7jyG8
v_iQmkP464I
nsYIgCQC1CU
Pm9v8yFrQic
5I_UJHZHKUA
HhgWibo0ACY
U7lepfLW8T8
DC8L2O7I0wk
cjyBOmscDu0
O24b_EVxiMo
_-dfARBX3ik
7rlN7T6y4VY
PeAiMZlCrjQ
Dq_pEXSHFVU
qfvNShANoUI
Yn6QgHtwOAM
pRtsMiV-zGM
q3ADesscx2w
q3ADesscx2w
A6y4R-UEt4U
YdR0GOLF918
dTDNlD6yMxo
IIU73hOUmuw
BOef03Sy3x0
TirjKCOBT7g
gROd8BEUHEs
xwxP4R_IKh0
76yWLLoT-bA
RXmE9uvqhws
9ittFyj5Btw
LqsK18bLipM
1bKuXZ0iYVs
aH72lU4AGpU
wWeYsb8i7qo
fwgt20aOBt8
kei22XS7qsI
bsFsibTO3L4
tcWKXtEE3Wc
wUuZ4G_Ydhc
mqdaFfGO8XM
zfRqacSQWRw
ctLlNUCJc1A
aiN0nb8dxfQ
Z9kL0YMpQDg
Aau-XoIebno
cZfo5fluhSk
houQTU8zYmQ
R6-XqFTT_nU
aRp3_pUD7zk
2W2hpfKrtu4
JJerVsQOQQk
ML1BkhqKo1Q
8OWWt__nRUc
j6VQy_saP0s
aVCE0LUm-DU
K60WkuN2uZg
IbfciWs8byI
SmnZZg944zE
eYqKSTDpjrY
boXJNJr2FUU
GrJtQS6D1xc
UhgWq9tQGWg
Dhiafs_zmeA
K6aRSv7EFTc
OwMgTqB9P6E
Wfrl2wGrrXw
m61TS2CKyK0
0v6vMTk-tI8
eadygLpREWg
tARfxHZOM60
kAB9kHdivN0
EN9aySMKdmA
7xstflp3s-4
J2CczKseZNc
MMhwA2FoptI
Hcv-rQUlRTk
i3fBewG9LoI
ZNZJvCkHpsw
PAB4B_g1qaE
LbtPUcIqLkM
ZGeLdEdz7Cw
Wli6tGK1Nek
ozUuKEzgUas
G2leiFByIIg
zxyDB4jLRhI
MUL8FIF-jVg
Mngjs-QsaPM
NICodKeadp0
DCgWn8fFKAQ
GqukPl3u5Pg
P_8Tr4XBukw
_Cabzkxqexg
pZ_aGZhxtLI
pC_WWRYkwtY
Sj4OysMPjio
Wxq4pmHysT0
1bPjFhHr_LU
JSDnkzL2qTk
uMT4LsIbmNU
rX4Opr2bGsc
JASFwBtUK40
-KI9XMphR04
AAp9S4D27V0
APY2KxpQGBo
WgCm3PVdhjA
RFlhlTuGx0Q
ZWfQlmEYJZM
16c_5ShtJao
nZM94NJWzOA
zupc-pM4MIg
RxLqDxZjeXg
FLqJhiZHPPw
PgMY8BSzv9M
sAmiJpqgkF0
wMzWpLTSgGo
7Iy1rHwytgI
cppyUjf3-TE
oLb4NEUDrIs
pdPZ5Wag9BM
iIEhFh0N1P0
4I2mc1qIPpc
cppyUjf3-TE
QQxy7l12MQ0
a_CJfckFK9U
yxbNFerQcgI
uX_E6v2acVg
E731i0jQpRs
6e4cvzuHwjg
DkxjR_I3Zhc
9r54-_reGxE
Y82kDauZDyE
Ip9DbdOtqF4
KnXluOQ1WmI
1euzh0GtaVA
waevh1fuRgM
GxC9itRccKg
hCK06kVujDg
jW8mZOHbRyY
e-EtQHH4aWE
h4q0q7y65Oc
DIW5B_RWzUg
GYcbf1f_Q24
9OWw7cWC1ts
VQVpUeVgUnA
5t1kBUx5mzc
C7GAKmFjZfA
9DGg8XAiY2w
_b9E1dS6WIE
VmRvmAz_FHs
DP4MVA1CUDE
NSuXx4YfL-k
7zaCXjJuxWw
BkX1UX5ili0
Op-s0yleHk4
Lu-B90_gJ-M
LsrLC98eF8Q
WXg-6mnTPDw
NHSkVsaEtb0
Qw_M0PgpOis
zS0upzCZkcI
vM5gEok3v5Q
D6F5mhFyemg
vCQXfAWI3jk
Pva8Y2r2gyg
LC5Xgk0cCgA
HJVE-VjC_ME
7cAqT6dSBh8
QLCa39z1Mp0
8IZPpkI32pc
EiXQ5qaUGDI
BeAsxK7PRa0
PzZfB40LoDg
g1T4lcGL-88
W1hGgzv0JW0
45fpkAxyo8c
-dhZu0wPiuc
Rp6IA1tOsNc
bSo5zrOd83k
VzbJBKa2DnA
YF4b8M0vGcQ
V3dGOXX_QLI
zPohqkpAGIs
orQNKf2sPxo
SBW2PHzPf3M
vVfcIKBI-c8
ssEWoZ8_a_k
HHepS2I9Mr4
JcfxkCCSULM
u1D4ArcBjLI
uIki912a3mM
n9JrAngqpl8
si_GBCJGIP4
-rke7RmxwfY
vxiN6N7uDwk
vd8B6AytkLY
f-ORwob_PqA
whRvKKrrr_w
mS1QPVgBDQo
7nj1yK35Hdc
bmUVGmbmQUQ
sbd0CJ9Ho8E
gqytu6ChMqw
j4WkrZFrjSI
vj5x85KYO1Q
_wtdrFn3hbE
N-g4TteHVjE
XG2qmCYQ7Ps
YwLFpYDrpA0
nF_UxnFz_Kk
nmE2T0HU_Tw
uEujn030uLI
i6C6r2g4Y7Q
ZLXnwJFOec4
moRVrO9EHF8
B6it9nOh96U
C24Bfg90iuM
X4TuPAlQLcg
atE4z7CEHYU
M4_-daMVk7c
T_2bkeCR55o
B6it9nOh96U
-SY0YRwE56A
cQ0Y1xOoIBM
K3Q_TqqMH4M
CeeU6fJaKXI
gwZkISjxU0Y
F9OicpNa5Qs
DRIpznER-VQ
5fBYs63b0mk
tGOjNzOQZek
u4m5mGw4PaM
otzNXFPg1j0
ONPYKR8jNn8
ESO-EMKJwmg
U_UgGZuUnkU
63yYbOnJt-o
8WkUjPz0nQQ
wer4F-2qd-Y
beU3xkhwgs4
t8nLkge34mE
Pz_ZICqJuc8
ulHnX0DG8_U
lM32TL7VnOw
uXcFWB2GMEY
fSoEcRw5Qac
pJ3qc516GVk
SRc-XAKUmrA
BSeQPlYD6S8
jCByVqB4iJQ
ju4adbg0DB8
hhvsPG3STho
HWivDUWFaX0
4pj0MPnrEBQ
MT4niL7TCLY
UWMNAdXEDlM
RcPI6Mb9J6k
-bX9cFGKm1o
Qo47YQTfLj8
2b_BOHeEPJY
vx9aRRFQqBU
vnrdgyBi5wA
AN2DJxMLFOw
iJFfJjXBiqM
S6d5oAS-jUc
kl4GAUm1QaU
ARysRxZJmaA
BkvynMlfUwk
T6G0ewxKkCQ
hqynp3DH9NU
N39v_hNWi10
eyCxqqR7cts
vaKTkOCOzgw
ubFUx31__kQ
rO_lwjhoSiU
-jXFckR2yoY
1FZZrxS9N0Q
Xn8pzzNKHzo
ESr9IFcVM1g
eB91flTprsI
e1ncARPl0RM
7beFNpp4FxY
NhllG85qiwg
RaeSwi80g3Q
26_SmkN7M_Y
pEsebLFxqXI
e-_92MYcANk
9D_oeKPBd4A
FpUtsUnuDIQ
MCL1qhlSq1Y
iKGCnjBi2sQ
DRhDkZFiF38
WdPMdGUeYGk
Jr1oVIzt-d8
lkCYIH-t4co
4wr1exwkXaE
V5NWLDOQQ5M
PkzACPGZcVk
GLEJgVSL0Ac
957qMMlyAcs
sOXeKd-6bSk
QsM6-7yF0rM
SHqF-LcsWyc
6g3LlP7wLR4
xbrzs41JysI
FM4P42ChR2o
ImX648BEVig
0Efs7_LRasM
txHg9ItLH3Y
0xRx2s3FpSg
7iDn8iYa9fA
ZmmOilXjyOc
cPi0UyHB95U
Uy_o-WCq2Cc
F5jYq10_L14
X5IvFjB6UDU
GKbC8oLdtTo
R_o8LO2luWc
hvWZs6dB15M
AGXgGfA4PHA
RzsTt4Z-CTg
nUXDltQfqSA
evDXCaN8kXE
3XEuyshAim8
sKNCEon7ddk
Q7Qj1debVMM
VRwWJyy24So
Bjymxow3TVQ
4Q2oqG6S4Mk
-BYHn5Vum_A
G-PFEbQ5UGc
lR8yK_aKb2Q
z0HS_DU-stc
zKm_NXTBZ08
6nHlkB7nsRI
6mduLNe1yEE
0_YDrJoUe8s
zD_0VrEV02s
iVWk5fMdJCc
cWhWFOfQhEM
TD9pIzV751c
YwnfVj5qeo4
qxqR3ld2RoA
s0yQu2eDJQw
hKSsL9s67Cs
E1OHl8_MPEg
h9_jCQThICk
_NSrJypk6QE
Chn4Zn7l6iw
iuJdI8S01-k
mbp_Yy-UCSI
25AAM1V-uqA
2EVexMckdY4
uekIOUiUAEw
smo4OR3Gvq8
A_Hsc-N2sgM
5Gd3BKYb_jY
irr7R5OP0DM
Nu4qBg9rP18
0KRrDgHq8Fo
RMhKa0wT4zo
pIASkq7T0H8
nYVvbuVjyfo
N8GQQJZQrUc
fsaRisPpzjU
q7STpNRwzzc
0OrF-ls7wmM
ajeETSrukxY
R2cCoswXvZA
koL4adsku1g
GpBD_1pT_mw
vSiu8qzHV6c
jSGGHmTXA3o
EncR_T0faKM
GacKM9yxiw4
1xQTlp0hscs
JPoQeuWybIo
p5nej7Gy7kQ
oG45EoRh3Fo
wyT4IvTGSwk
qh10-sfZNJE
xyTxrbsfLpg
pXioeYcT0AI
UiWf4a3deM4
DEUQKA7tk60
3pTVbQilDqY
pDDEuWONoj8
Q2GRHDuGr04
-7467khTEQ4
rjNGj04DAAI
7GMHl7bmlzw
KQgmcGC4pfs
LJz4P9icOEg
6yoPbjgsSmc
J0KmrsocwH0
yyjeZ4PWYgA
TE3RHOH8QXc
mfdtj1UPdfI
FhmmxpfdjAM
1QHwwRfHRmY
BYSE5ZUsrRg
tyBTrVNxvfk
9CzuYljeEQk
6QPGqQA_FXk
2GD5PBK_Bto
G-4JSfCH8Gw
ppOipR32GOk
1RxngIFOGas
FcyYynulogY
1DxZKAQ9WrM
OUrwdqwzqMU
6Rp_av9kLPM
Yme-3crYfF8
Uwo4CbLA4es
9kPgjV3MJEA
kOOX-G1VPBs
OmIIfIjrIZY
EZ6g_pmMtJw
sCkBsTb58Ww
1UhpFUVFtNw
wxMXY3Kg_Tw
yiYsGBMHNqI
BGDAZU32Kbo
Shrc6dwjI5I
Ez-tsjPyPDE
pBDBfckMRGM
0z74zvAnsPM
c6xmmt7Wu9I
FfQaVLNLk8o
KZN_4LCk_1s
rpUCzbkXnPw
mANsedYvsBs
kFZ3gP0pqzE
Yh48p5efBTk
iN1_zEjOQ6o
V4O-aVrXUjI
om4xeDlihSs
kQwCtmom9Fs
MRc-riqLG9A
d3qROZhAzy0
VBerPUpTuKw
f0U0Te1MTCo
BNiwsDnzFiw
6eLbfl02xFk
qDuJ2ZHBadE
Yx5e7s2QR2o
VXoNmR3uQC8
1asDBoRubj4
PGl1y-8H1ek
Y38lyjhXXok
WKDI3Hvy4p8
9OrSfCKd8jA
IpMuHDJRQfc
DmnIKihcBHw
rxIj-fl1fYw
h_2WCFAYgaU
Fyh2HtMIFCU
8LgioAVEICQ
QZ-x7D47Oao
1UJEoUifVJ0
sCvQ2OpCj8A
kj7X0CwulMg
t7U_jONbjCw
UsxV-q4esg0
RPSx6z0BHek
db0zrWvp3VQ
wPWee9xPH8Q
DBe4VnpCSwY
g18_6lOGCn4
ImMUqYbYOJI
9oJGwiEoj84
IbH9VTMZQ4Y
c1nIGcVpoXY
2VJcIupUiEc
eokZRcJxG98
szHxEe78-Rw
zyOYUVl7ZRE
YvOpvam8CSM
Kfh8dOBL2x0
5AFvUOOMrKs
XHm2fOWwyZE
89vgdELbVyQ
0xx0YvrYJWU
EKcbIzkh0Ik
lL3NJdxfrAA
x0Bx8PhQ31k
xuVNo1R4VkE
vShnJz8lnvQ
XmrkvjjGK1Q
pfEjADch74c
wsv8pqHFvw8
DApR17dyh50
iTtLQu5yAJk
82_6cH6JXHU
Ey7EfAu_lq4
eLUaz0QG3TI
XCbzusJcSNU
diqXXskG_rw
AOiuQ45PGvc
NzB75PkQC8I
61f1vwwIv8E
a9-nl2aJwcc
cRhTgmC5Ky4
mlbgj3YS0sM
eBLYkB5M8xU
nptGRp7Y0G4
z_aBftaog70
-8Ien8KeliI
V0xd-FDs6KE
wifXNnHzTbQ
j_JdVTKIKqA
QneEh84GeQA
dM88YwQIF3Q
dAHUeTcizx4
EQOXSgmQAxw
H5dVKvIfrJM
EkT9qs66U6I
repcxI36K_A
LtPNqLtR4BI
3mG54Hn2szU
5eOXiy0P_JY
_shI-rixzZk
6gDvQeSJBDs
btHp7ZzLMOk
LBdGU1_1l-8
zi1loLVyk-k
1SaIVGPfM7Q
Ykx9WrluQC8
oBlRT7h7FEI
CYvEYhW5m_8
JoRdCTDYtNI
xr6ZSEIsMC8
5L0S-2smlmQ
Ee0ulgoUFv8
WpmgOqVJFsg
CiuIrAYPJ14
lc3MHdaWt2I
Sy87T7oNZts
KkGfDCDcVcA
AMdV8kj924U
X5EgGexf8jI
4DpVnWG0F0I
OtZs9Hro5f8
o3HH01JbX_M
x6BkyvyZ31E
Ql-8R-RCJf4
derF1k_HUOs
6pYB09Vc-gQ
W2eDco07KuQ
gsef0vOGK-g
ObDqHSGpklQ
Aq4CvjSA4Fk
esYU460tpuY
inFS5QHuoNo
FJWKImMIZnM
WCR0wpg5p1E
d2WvmSIstfU
xYyXepZvWFM
ZvyEE_QL-1E
elmTjgCtU50
uBOMTGHCKC0
jdRkhD_hmo0
uoPdA-PTGNY
_HasERJXS9M
vg3I5fkWePQ
ZV9AIkI_XsQ
nZbsN8V7_ro
Z3gAa_XFDX0
YMvUvVvvE5c
c1bDQzYnEqg
ClGXurOVZeg
wIgEb_nxPdk
8MD5dfLqu0k
sPOztEsyv2M
FmoLWDKbP7c
6-QgwDyNL4k
fygqkNoRnc0
ZIYVe-wbLRY
Cg-zsxsalS8
pngGDycLQuE
b8bSVjen1fc
ujV-KrhZjio
UVRds0rTILM
ilWo7eWY73M
GAQ9KyxDYUY
EPMqMJpn4ZI
C_OmWlMjsxQ
w-lFT7CCuT8
d9KWXuf5RSM
l1sBpsyRNfM
CkXXNGfx_3k
jBUM_F-mfcI
V4B8xzTd5t8
8N8VsdaX8RM
EHVBZh5HBgc
lz8wfW_j6YM
LJaTjc3TMyo
-fLVIQFjqP4
