ySWfb1v5bUM
WpiJtyPLvWo
it3Rlx0uzG4
-H0UgNafmwc
5TUA892LBUI
mILgB6QtH8s
-VS2r-L9jh4
WwPrFM2bmdk
wpX1DwQy_kQ
Vh76DC9MmbI
G6VrJfXgBcg
9kQW3Vt79Gk
0yuCCq9s6fA
zCZnK16R-Qc
RsblePo-oZk
d4eJGR747y4
T5eksPZmqtk
kAfesltn2DU
wxpCSl63IM8
t21LLus-LAU
76sqISGXe0Q
Ui3YzTxYMmQ
wCGeze7vzpg
ye3KiAe-2-o
t0HJq70KXy4
mavzT_LYHL0
mrg-42S5yeM
RnlIRNbN0cI
SlkUkT-ybyg
cdSOX0NiqPg
lWkhFB0f2tw
MHtTxty8Fe4
z0bnYc2-fe8
KmZxgf7obg4
nbBDctK69S8
XzVb9CJVTM8
9MfOEX1kQXY
4xzDgesK2wU
Vs6nDW3B7Wg
DHDid-hHpZo
9bePKi3CsgA
v7iWP-4rYg4
TOuydPOPj8Q
FMv2CudhtOs
HQENPOhJH8g
bxdmOWWYqs4
cFC8baZnvJY
9GpGbl0daLY
JbEaRPYxqA0
k_80lKvmTVw
KYowgdR-KG0
_NtAKX9hQpI
1sxZs-FkDfI
QVv-scknVbQ
g5u7yilwGOU
K5l85j2TgNQ
hYLbA56d6oc
ywUNc6AJYIQ
zQuIjwcEPv8
AiVGmBcggSY
O6QHGEj0Jqg
Nl2s2XGYk3U
WZfV22YHdIU
8rKDP5FMQJs
2kZ6mD90VnI
UY3Dk_mTtcM
Pv4AkAsFyJg
suBqUfux-Mg
WBJch5FB5Oo
lKpx4IHmfkY
UH1tQidGR9U
Vz_W5Va8PqI
98U31bYdjnY
cPXJqUHPNlM
_JJ6Oj_u-Qw
E2AgxDT_494
O-ZvhEFAjaM
G0OE8p-fc10
3LoWsdzJIZ8
JD73s6IES0c
PKny9ym-9Do
nADN5LXnWeA
UShdj3m4GwA
dTR5mjoDonk
YDD45sFpDWA
6fZDMklP9uM
7J1ekQUoBvE
TgdGI5InWqs
EaZJfKID0zg
puK74qY4RgQ
ZUsiNVE8Vio
Zlvgil4zNQk
shlTn7swxNI
fb0mwhDVHy4
bhiA6pg4ohs
kytZpVRNnHo
j6WMuk2dLRo
RdyawIaBc60
OwWRa8P7GW4
5mI_9FsfaEI
gntn4o2kET0
lFifHc-nk5k
0gpa7ZdNrpw
4SN0nU97yOc
x58kuVHB_58
WaOqMwgyXts
Jv3ZKXvDxIY
TzbL0QjcrD0
jO1LrcTl0Ss
AYD00lnWC38
qzUMBdWULD0
ZSzhLVLcHBI
DpE8Pw2kfDo
i-ERKeHMJ5o
rbQo05aBeF4
Kq-9f-Dk_g4
g_Y6R49DPb8
JWJH0zmg9Nc
FFR4HsOz0QI
G46N5xGYqBo
0kjc_bCFiyI
qR4MSDLSP_4
PH4CNKFV57s
qShE345MnTI
6nfIrslWNAc
nvwioFVSNh8
YxKslv2nObg
YGnceM7d-Uw
JZ57Gyjur3c
pz-vuJSWTNU
tJC1aO2L8I8
WwfTNvjEKrA
thRBsuo2gJo
NfY2hoFoDzE
HFdE_hHzwn8
jTFRJCauVH4
bNA5YZ804vU
TBZBBI1_a3U
1oQF3jdaocM
3m3wdzz2nHA
vf7KpfyqXBg
qF9p_OKwSiA
z5CIA5JVfYI
j8zz00fdNf4
uWEOYXv1iEQ
kcnyGMwgsgg
TEIOjdjBZKs
N7aC4De6NyA
PsdjdrsAfl8
6ducm1kWAc8
-pMbqe3dNOM
HoFXBIT_WeA
iYPnBdgHdrg
nssQC1AQG1w
7XXIqosS5ws
wZbfc0p81jY
PCCnJacQwRM
Oqq2DYP4in8
WqZP9wNOcmU
DKROSO9m8W0
rPPGl5CBsFg
b1XX7NArEgY
0IBB9hVvdVM
quMx35Toj2o
UvIsyWtjfoI
I-duW8VRulo
3SyQp7t65Sg
sM1FiQUzpbQ
SRKLiH8gnrI
YQQnG1oPVC4
00VcaiUV2IM
K7TvYfpvMHM
YVCc4EhOTwo
4vIemnZP7dk
kwXnJoG9Gyc
G2-CxGgR3hQ
Gp5QJO9W4tc
JXytFQW6kOw
u8NMvBT1J2E
s4O3kvD_eSw
M_ldThkuQco
gs_DFz0snXc
soNTWeNt_So
DpDei1batXE
K-4LkJfEBDw
NfLvBVqiRyQ
nDj1quRZFiA
vitwm0k5gX4
6N2aFNwBP0Q
OO-Rwi3jGNs
9s_EpWjPKwM
XzNu9LRwWkI
7fYeL3WH4Xk
q-vZpxqrvrE
a7HCRFK3cHI
NpDpOrY5_Q8
Jf5o1Dlv28w
S-JGas8b0Lw
tAmM0On11KQ
ywQj8K_OnZM
uYRafsRu2NU
XlVstijpHF0
x7pxDSPLR6k
eVPKFK8RIwc
jY52sTqqrt8
xxq0NvU106o
kZ85lAPlUJY
IHtWqAMvb-o
ukjYojFWXDU
1uOJlQ1suG4
qHqVLDsUXwM
w2um7tQpYR4
Q4uPne3o9tc
ImCTgqAsf2M
cx0Bw5eS6Jk
xlXeMScO3F4
e6vwkuSH1cQ
GerxK3eBnUI
_TI3Xk7eWxg
fsBoNLREogI
nXbcT0xx9nU
G8_pMvkNlc4
vN2i6Z3ESfw
ba11keP60gU
03CT8C18JWw
rVFCM1Qfdqg
EM6aQGdSaYQ
HJSUpPDMZPc
8UDDXp9p-sU
fdP1LwSbdsk
bFiz8npff_Q
fVvYACnKcl8
n80fhZnE_zc
J8DX-VJ8RBk
CltUp19s9lc
zDn6f1yxUn8
yQkT_Nz254I
0UjXTm3-UHA
xcMo-jnOeMk
0KMWBdrf6qA
n8XHkH9rNsg
u56GxZD9Mzg
skdMH6Y4eMc
7z2fmZZn0wU
k442CoNF7ok
iSlgtqxfWkk
HVSLbZxXnvk
3QchvWsuEpg
N7VgvPB-3DU
_EbbQRvL49g
CadpB2I615g
KWD2v0SJAM8
TfslrakKHyo
LiGP44mvNcs
5SzAsBowxg0
-UjzQGCVIy8
nMnUjIh6FUg
25Kz7PqapG4
LIq3XDBNIPk
Fw6yBGH9RDc
CqkonSY__ic
00Bq5n7wYn0
CvifyxfVmOE
2CmvluImR_w
NB1wXuicToA
9944cuTkE2A
3qwO3UslOqQ
kBwKua4FQhY
bhD90Kbxu3M
pUSctMLLNUE
ugvtpCB8yzc
nqmkAa5VNGc
HDWfUGmfDUc
luRmMAtPFU4
VP-SFmrherw
PnjEXgJ1Ge0
Rwld3EGMbKw
_73d-X5pn-8
VirAb9QU0Lc
RdeI4BjAAsM
EpAcUu0Jdl8
51aUXu2cbMM
wIEFb_ujlhY
RNAF6z6HnIo
13A6Hnd3g6k
UtWx5e7qR7g
xhmLahgVJFk
CAmNK85s2l4
N-l1sccZ8fs
d-YGVbOyd28
2ixSpBC5rJM
MEvg1K55XEM
UdImE0iC2IQ
1jtTM4u4v4o
K0M-oUuh7iY
8fv5FF0zugU
kYUloapzo5U
f_PFhJrPxoU
cPAADQXsL-0
iOoPAfJmZb0
cCCg_vZJp4A
QVe6dCuJ4M0
XtWow-tYHwU
0izqmst4FQI
eoI4WDEmF_c
c9rWvTogLd8
UXHJFcyxvbM
I7eDSRnJKq0
sFiKtoE9huA
RE-vfJAFt-k
ASPT2rr70G0
Hs4xN8hQE2I
dmkoOImf5gI
Z9q6JA6f5Co
KV8dj-7WA4o
5klmKVVqLl0
SZs4Z6V4SnQ
bn-AvfAVMg4
HA1LsxeGJFI
BLX65vEVSPQ
QmStdKU_9qI
_YmnWVDO19o
uP2BnwXabIc
oJIiZBlAOR8
H5owaV5yQ98
YK2OXBA4bE4
m8bWj4HB9pw
hpmJ0dwFR4A
3wBhhv9KQ0g
Nhph99cMzfI
iWfpEoMHy7k
8rWrrn3Kztc
MIjhv9Wmpdk
turx88kpgBc
3ISstJYsCWs
4-2qLmmDBnE
_xHEcRFlLok
t9wqQNCC-Vs
h_3K4rG0RwQ
j4Kh_AkArHo
zBNsrX7TFIM
5AqLgsI03ZI
M4gD1WSo5mA
stKbHeByAd4
fNMuzM-C14c
2GGE_ToREPw
HYJuhPf9s5k
nKyWusznRgQ
hsAcrcveg6k
zvNof9OqH7I
KEJGqNf2rgk
yoaFcsK5OSo
VgEIt7MnxfA
mPhA7ADcPc8
WY7fuR3eG_0
hydaGFCiJ9M
6iprHlKR6Eo
XhcVSzH_IcA
iEuWgPPPJOM
POj5N5SotL4
7CJzIXG0T1A
owwQXwDTUfM
FP7In7W22iM
WnObpjl1x68
WJdKQ4PkOA8
x4pUNiGZ0uU
k4fi2Jpa-7Y
gpmJYKZAzk4
ALtnjC_vHvg
0bwEYJrRyoE
7mizy7qdw9Q
N32kEHjHEwA
-8n44eLPo_s
WmrtI2fbOVo
9t1vXYDexQU
a9GoONiGrh8
Gp5rGm1p_XU
wbW67cEi6I8
cXrrysTwvMA
ykhFDyPfxzE
D1ryWwS9tqE
G6fPD0NUGjE
P_npVJQ9uCw
GCbth0bSIM0
3KvZmppzQ9k
jUXTa3OX7zo
dTMhNqz7XWs
e49-iTfj-RE
Chobm0F-bVM
-BEwW2sQi1Q
SyfpPJo2gnA
QkZBGRW_LXk
sjuK7I-A4os
17FONPHwkcM
w9AMYjQRJDY
V7LJ1OX5gYc
OAguWMx6RjY
rWJC5ONg3Sk
TQ7hp2hP3Do
DcZ5HJfN7Hg
slhuidzccpI
2dtsX5BdOKU
DKbWw5FQO40
2J7vgJh7aDs
_s8cO-thY6o
XU0GkOBlbAQ
kNdvVzyORpE
HJzVh_g3qsg
t04LM3vCDSg
90IUndVEoI8
GR6Qb1GY08w
yhb8iETAAWo
ITrbXXzbnrg
j2nAuxXejH8
08PZwIdHdWs
fdEYxxQzSMc
YhkRjmLUmOA
uLsRzOHa9eA
QlVrXSP1LhY
YyxtGQ-tfJE
mTXvS8RBj28
Cp18SoSNk54
Wtt1BTDgEiI
ZA7N0deag04
D8twHFWGSQk
Pj3n6sUynmQ
gpVZoCZ3HYA
kz1XBcWI6LM
j7OwxAVkYlo
YLrKGrUv1Fg
Fpr9l2S51RU
5hO-UEcTr6M
e2P46ckkLx8
dqNkaNCF43I
fmqhKNiSdH4
WQJ7qErT0pU
nB4Y4vGObbc
vjkw6ZEOsdQ
jZH_qMh9HBs
zJZfkFT1Azg
DOijuxrErKw
ThUA_iJ53dg
ZMfkjCurV14
lzq0GTpXd1M
97rO0KSmTac
lJzMCu3wP9c
8AGCUqW7SV4
uPSpok9hKjI
dNVFVg50r0w
1QXuwl-HEvM
jFSzCQHAmC0
aHauLhumt7M
_lW0nyKDklI
6XN2Ah8GiJs
X_dN2ERSQqM
wn92OgqhB6s
362BTlY4h0Y
ePoXbctoSTY
F55BHwWChsU
b615mlzq5PE
FoJPpjgjE14
8IdQzYuhCHA
wdk2f5JgM4o
9KKMnoTTHJk
v_qGx4cM11w
hvBOrXsZb6s
w6QrEMBiCQE
R8L4n7DJsIQ
8U7bUo1vChs
RlmUkG3o66s
z16LF8kFx4s
9y7niqaDG1I
5V-aQwnNXr4
VTBtmHgzKfU
b9X_2IkKo5Y
KnxgtnefT24
OdI-em4f0cE
etYHARSWCV0
s5EN8QWL80w
R1bw4SyJ4pQ
G0ixJfISlzc
qyRRQEO8pDo
7R4xhwy-1oI
HfS_2oXVch0
IrWOi7L6n0k
tYLU755T6_I
Nomhf4r_Y7M
Hwn4fRpIr8g
OXt4QAy5nik
LAUH5MbXc94
nPzjUMdpmSw
jOkxuQckw2E
8cn-PFQqUXQ
GQEuymtwWUc
ioXH-0IH9Hc
Ye3vZJmdqpM
bT9RcdbDaCs
BmdAUkEy760
EPB_DPdu1Qw
dkgaveHZKMc
yzzlaVeV_0s
q4sLR4yIOJM
6F67TBU4MMo
9lPfNQuY6xM
voHv1DvhYys
tdsaOK-dsNk
DjyBWoyBCX8
YoPj1eYWMpY
lKK7CshbXxg
jHy3Kni52hU
2tIxbZSNF28
vipg9GbL0S4
dpdoL1CUsRM
J7UhgI5Czl8
zAfepoIj2M0
x1UOKxQQz1M
YZYf0Li0wlc
x-5fBkFBofE
sIDi6DZpjzw
3nWuF7ZVG0w
DweDb3Z76v8
wJxuTM3XuTs
YnYJ0jnBi0w
qoqV1U1pYHs
HfOuImPvIZ4
rqSfoHKNjkA
sQ4ExjlP8Zs
T8AiWoJLJj0
GAAbY6G-nZg
h2RjSlmfJd8
CGQbFqH6D4g
a1sFnkGUCXo
saQYiD0ipZ8
K3TRKPSmoZk
cUhX4pY_rdI
3nhokUJoPC4
aDNyGuox3Lg
HaQAxq2JVEA
nVP3qF_HVkA
UXw9DHQLrtU
xee1mD7Vhgk
CyOIfloauuU
lraFtTF2s1Q
u70EUl_qUHA
8xcbnKmPUGY
8xku-YSkrzE
Nm1uUGtEiOo
wbNcLpzVmE8
fbP5Kk8UGXI
PkB7vadYA68
jnNjemROFgs
2Cihbd6w7tw
doegjamgY4U
kZqYWP3JOVE
wyoXWBGV-XU
zwNpnEuC9gg
UDAyIAkw--8
pI_Cp9B6hxY
MLkux4IFaWQ
HrVrHkc_UeY
RTTBdfQuGdY
2spASWyiYLc
040mrY_0lGQ
KuVamEnFbns
v2irQsPRV14
M3Ko6A8d2es
LksOa4PYeG0
aCZnb7SWZx0
wNSDk8X-oBQ
ay7IPPWRSxs
v7XL2ttiEKc
1XKVgQbQrKU
aohsqdHAG80
D8gbwnrDTQo
-HTXLT0kSfI
-L9fnF0xu_E
J4fXG8brX6s
8HQbQa3va6o
CHnwdRx2Hlg
OxxVzrdVHcA
YodeJxBkTbo
oTtPMrEWJz0
r16S-QMd0Y0
lpjoEXgbVAE
L2JqBu3SahM
fzTVHxLhjDc
3Hc5-zIqHMM
mURnv0crXkY
rrPpXjn5B_w
XK3b5eE4QJQ
aXyfUL2BmsU
AWS8ev6uEXs
HC-WJwsyF-w
35AP-emMr_I
y5-5ZO-JvB0
sbHR-Nq-MUM
sRt5wVFhHC0
2g16PY7xNUg
plAJXVUgibw
LME2cTATww8
UnwVHrZ6Kr8
Dibo5udcyQI
KnwFv9GbPfk
ZB3N7vSAA_Y
hCMn4MyuJQw
SNJERnV4hTQ
XAIGiLs5hGI
G-yEpoSTX2Q
sCk97LyrqYQ
mEi0tXFw27E
dNh2FVg5DT0
FpUQDeSgp8A
7Zw6f4ygYGo
tAupIJJiNHw
pltrZbGqp5o
aHw9gCaPeNw
llO7wINmXUI
hDNCv3XD8bc
pXwTkSS89VA
ygjoW7r69vk
p2_REtk3iTA
hiarT_6v3E8
8LL7KA0Hatc
OQ1HDn1Ayq8
EgE5WVWwn3s
1ksyrkNe4Ao
1uJWwLVkKTU
s_n7ULCU2qU
tDnrez6XiqE
gSIQIC6fYaM
4KArQHLcJ4k
xx13GO2kJU0
dPbE3WieoUo
aI8J-eJGWLQ
AwbRvaj7vHg
hIo8SYulAfM
LM0jRLoZ6YU
vC7k80r5hPk
BUbmJI39S4U
l94pmmoFUeY
v3NiF-v_xe8
xReMxcSQrZs
XtNtqsPhfok
guG9IHz4HnY
IRDWrcX_bAs
vbc28WdGU2s
UGtgwJumlTo
xwkcBlD_YVE
iffW_GWBQIU
VWlPOdcWKHs
HC39bJUeQyo
YpoXNMptiGE
hvIP_PKVIDo
iJROcH-xhlI
dyoFKM0fucc
SfsZxj9X88o
Jru96K-pYHI
iI5HzUX6xkk
QMxFKmGe46g
whmMNRHktX8
jV2q99_UDFY
CoDux5qAW7Q
EXOv1doHp88
hYiX80BDKAs
NTkyHryj1iw
C86GWoYX6z4
pTpQfssN8tQ
rSp6djn86xM
G7ysevUG-nY
hVBYp67unTw
f6H3rU-Vdec
BNLAsORGRfo
mPfzO7ldgrc
ZBomx1BZKyQ
xv3PpD1SmZ0
N8vTdwWiMNI
nSZraJYLMCE
in6MEh_DfPI
DLxAZhG8ySk
PWrgjRYwTsk
UuOHtNwspGg
M5gkQknYOjU
fICoWa4vo7c
ibuponQG-s8
EnRewYB2o1Y
7C9kgLDxCS4
r1qVzVLE5iM
-dXZduOb__w
KzdY1OIc5qo
SQsfi489lOg
bdLCKdjClFw
AZjtWDcPlJo
29cbfplfaHM
HmSr3nt8VBM
c7qtBhE38v8
Uk1hFFRvjLI
1vmjVMno2FI
q79szTlxuPI
UCeM6Qd1NF8
vwpZyuNPmL8
zrmO-qUzjxM
InJDLLbK0zs
mcvBZIhwD-8
_OdaDJ2PLmQ
cB_D6FE9z-Q
KXBP_OEBCCY
2eG3KBDc_-k
MtANodeeEl0
87eLgCOjcbE
uqYwRFRL9xg
LVZLl4EKQis
u0qEsULb7E8
sSBKTgEgojY
rPQf7GgcZ0g
YOqHFq3h7Qg
jS7YKTT4G7I
_UVM2a6TghI
GKY-ir3bx3c
MclIDIp24Og
YAkrpnIh6gQ
ZAQNvrMwu58
vvFim-KLaBI
JkUmUEKNMzs
hXC03_-D0ao
0HLQLzb4kXw
P5AaXuzaPtk
Sodqt_A6un4
Ddpfq_Bq-W8
3w6DTGhVHj0
2Zp47FTw2Mc
inXaKU6Q7Q4
01hhHG-mV1o
eJVyUwhy7go
Tefs5zU-iAQ
GAyWUUdt6Ek
II0GTW-XdUQ
HQBSHQIyLBY
LC987psJd-w
ukHbRcoiqXs
zuQ5QO8eWdo
ZKiYXFT1jhs
vSU6y0EIrWY
Vgc0o5LmX1A
g_rModONgKE
_kpur7yJ7EE
cnEL4aAAjgo
Ex6muzQzqI8
QABM8iMEb58
Gy_66GYxuco
n2VL4Gi_-UQ
ee_sFmyMyE0
7dyUynPwy_M
qAD6Nd2Wx-I
0LDUGg6lYUM
Dw3h-rae3uo
Q17H0lZQats
aYhaG1PLnpo
XwxVA0UMwLY
lQr50zAPtns
LyMDECqtruM
jpD7oRuJGSE
tnW2Lv8aFGs
7uuanAaV5Y0
IzgJcRvNtao
_6raQi0zJPw
Svytkew5qPI
I2o0lImxl14
jMxz7rzwee8
JPg7bmAOiI0
Bt5-cB_2Yf8
lV4YkU-HHCU
YFo2VcfWCBQ
M8m3_xNeHT0
6IDNKhAIOww
nq2ZhXpa5Gc
fwLnaMWECOw
hYhLsQPHNas
5TIOH80Qg7Q
fymEV1ZdP1s
sKlstGYQNn4
croG13KJbWQ
t4omD0j_e0k
LcN6ToEE7NM
7JjoStCYP-8
9Oo7ROQcFzo
p9kV8QLpYC8
PJlgOvTWDSU
4vyK3D8U_Qs
yBCs2_BEPzg
NN95GE4mOIw
xGLHwssIrgM
tStVPr0PSEQ
NggzBHSXdCo
8DsAEPAAWS0
KFTosjzVnMI
GPMQHOUoMUA
2EI18uJ7hXc
3NN3uej7IMs
RNbJwbGL0dw
7DI5e3kU-yo
1X45654e13I
wh2Eia_aSPc
Bp1a_F-cF_c
F0sWUI3pZ3I
Jcz7awW9EX8
kg1CKuwgGtM
LhCoz5hMhTI
1-3h77Xyb18
AlW1ew_sNEk
1jWEjVkXnkI
XJ6ac7z6tKw
ildrkHXdPe8
BhjRLmkhJ6k
D3sblfBjh_4
71byiZMB1Ck
ylbDGlnYQUc
dl7u4KKEJIY
GcLqOR_VZWY
K3AfeVUbrPU
_ThkQMjIBfk
rpWzJEnfriQ
1EY_Wt5FhJw
Oj6dHLsih9s
jySDbTNHIpA
KDB5TmB3JeE
DvebfVaeUt4
-wl2WR7l3zg
4JouKkRe9bU
jYO_-268M2M
om3Bsg4lPzU
lsN_AgQAbwM
3d_d4N_lUZo
i3nTFzzzc0o
nikX4VG6Cc0
tnwZDeJ-aS8
lxJRAq_K_hI
nVsq5vM3VPw
POSFITzU--c
XI7CdVHumEM
EBie3sRQ4zI
Vsgqai1Oy4c
fbQuhtBoJbQ
lyhCoMJXVmM
l2iINz5YGqQ
J0lAcEoGSnc
McPie3DhjVk
TqJEQTX7xkU
j-lYO_8mlf0
ammkwcfnRrg
Xp8FN9QAmrc
RyQX087o4fY
98FXpu_wXzU
Uay-kKkd0EI
8nKKOz1K-3w
118old82czM
ummx6OG1GbM
dcN5Kg99Ug4
FDufkbvlEBI
FddkKog280M
8OTYI-YUib8
ssjtxft0jEc
TcwTlA7dGn8
pDOshYwOadk
zVKGnv29jaA
vG5pxYv4Wp4
SMr7uxs6T8g
bZK5PZC-BZA
jav-9Wdzh8Y
bZaKUp14w60
zcqQISnw1V4
rtEZ5Jyyy0U
IeGbtapfVSs
yo3ndRIUlZ8
_Gw-Yhq6Y2E
eWt103jjoxk
zH8izLdr-yQ
F7O4uMRADB8
nu3efDQwULc
6nGGrQ2YSrM
asPXmDGPp_g
ZzyC5hH-m5I
-2WpfSBQrKA
5CHuKw1gniE
5OD9K11dMIs
jwUY0jikZqI
1Zm5HfNgMco
q22moHmxi2c
5whFjZGahJY
A_0FgRKsqqU
ilS_lgWcWeE
wX3fvn2b4hk
ZQ7Ylaoton4
PjTWFBNn1rA
CwQh-43b1Vs
4pSWMgfA0wQ
zF5N1hjceyc
TSq-Yxap8bY
cOZoNdTBT9Q
