bPEyQNEHTnQ
GPMtahoDXm4
2Hcdnj0ILXw
soegSDWSXGc
wrpXt6v9YYU
HxpMzDSy2Zk
zpSHUigUcc0
lSfWnfaHGx8
WL0lzcK7pPE
ubwwY6U6D98
7fFf-gtesH4
iJRKHb7U014
WgW903ebXgo
bkRxYf9oETo
vcqMffPVfdg
LZnIzmbLxv8
J5KwOK3z-u4
Ed4gTB6PVNE
xqYBIVhUZa8
bKZ_e1iUCJs
cRh8ImHp5fY
MJGikVRq9T4
YujN30NmnTU
VScaGKcRhOE
36ouXiPg9k4
larMS_uMIVY
q6HeZi70vYU
rCOllOOg76k
LgTymTl2AoY
R6TSXJWBpX0
ezgbmk3qtgs
4G-qIdy82YE
x_seSWpYqt8
myL2ZXEsibE
6kvSN_XVw1g
k_PIQMRZc3I
ydv6lYKY1u0
bvRow79ErkY
zyHMcgbWHNY
UC25Q7GiJG4
8Ab3hyDKsj0
DMHVxiAkprU
8TsDYiWRR00
LHYUTISoVE0
YbQbEOblGYE
ZjgS4aLZD2k
foAKpgV6rJo
KYZNq0g0sCc
3WOSLZ7GEqE
S4-nL00aonk
_k69YZLZy3w
_6QsYTCA9BU
mSIESGsoLE4
xZr88fie4Oo
dxjE9O0n6YI
Cvv83N1CdRQ
0UEfXsu1OVw
GkOEA3c38Qw
-O4v_Z0YNu0
HNFwBz01jRU
d5Z3I3HYMTE
ellCMgdf7Dk
PUFQW5xXouI
fFQX4-xbpGE
_jUD5YNdIb8
QDje_z2O4n0
EkKcufVPFB4
g29G2dM_5v4
pDNul6468oQ
LM3hWeEXubw
9TWl7QFTZ3M
-JIeRWknMiY
7Tx2nSGQ-08
zn9F3A_jMPE
NNuKbmDfuug
5BWV2UrhXjI
NuEQPKJ97NI
PWwYnXi6Cqs
e8bdYSIWMtw
qHufidM4a6c
2SJjT488SEI
mKKrTpMCwWk
qA0eGPugFrM
ynBv7G49U5U
PvTe2eMp-sw
n7xg7OZHqKs
uu0ZP34gTz0
_GGqdLeAMPw
d92ZQmSOWGE
k5m2kX7HEQ8
Drzb42GTWT0
9OdRtdOs4vw
nKyZIPEHY58
7bPVCqE8Y0A
cuoTNhbXTtk
8650omEoKcY
-F7KCiRtmwA
2ePxVHwwke8
AM3rl1JFsuY
zBm59Joge2U
8nFwf5Ydp_I
xvIOSlW0yz8
4SPQNEJrt-w
_EECy5uW3FI
J_8xSp4eug0
rP-EgEhkMwg
fX5waZ7wnJM
oklQtY_wa2Q
SZIA4kJPd6M
wO0oI1d4FsM
pgXrpajvAN0
WoNGjfpdxzM
tslUUsT6VMM
ohbMXWarqLQ
CwM5sRFf3ls
exWS8dQ8gWY
ysordqKV3Dg
N8iUXIRFoGk
FfsYh10_fyk
dp96cglUMgA
_uYppDCWHjM
1eHuoteYqgQ
rv_hDooLvFo
EhtZnBKjo_0
d8pPcnbWe1E
s8AZCOi0Yyw
DuG9poGgjcc
W2VInliup2s
BLE6aQiOxtg
w3rOpq6otgM
7OG0mRdPSoQ
xu94tI9yimU
LUTTzXHbFVo
ZayoIrm3fOY
HJA51LzhwcY
faKuuzObJlk
verl9MIgIIE
JiBK7I1_o-g
inCMYrNR8ug
UdvnoFzJZkI
EnbKOvdbMq4
e3v4xWRc_B0
-aQM4p6WqhQ
GCi7jPGN7pQ
rd6rQKj_FLY
p44qizdqWO4
WaDs5UdPgHU
r47gJYPVKnk
XhuDC7iIL6s
UC40FInRxwM
VJRX3qoE6NM
Po4C-IiAJlQ
X2xe6sfVhdA
AGB425Em_Z4
z-b8DHIMcIM
OXp9JnlvEj4
737r0mRf0hY
o67YBYs-4tU
WxWn_Qq32Po
Apm5LrFQYZs
mqwTBXQb1so
nmpPTFBuny8
SOWQ9zs8iN4
63BnWsYNc30
rrWbvwVTzcw
vuC31pjG-Hk
YYfVmgq1Uac
EXkq4PXz-sw
OuLBmMeNE6I
sjyM1Rpe7ZE
Ep3Hnc7KZVo
3pfrIttHVDs
z-nH426wgaw
QeCtg6JVfDo
VpIM1WhmqGk
BTkSpOdcl5U
TZ4s9WYkE4o
2nDaFMhEsMo
YNkkmYNZ87w
CGtnKks0gd8
20J1xk_51Gw
RvV31iIhNus
qRNuyIflhLs
ldv8rc_UMG8
rBQQY3f6n8Q
zPrCgGRc000
UNPTtN83hVk
IiYm6yA3nh0
dg0CuewXHLM
MCOamVlWk0E
pqXsqBmJ11k
sT4_xn95BcA
yIfi3j8AKmE
RVfvLO-NubI
3xXVsihptUE
ctPgcRo9ETE
lGuW_6Yg7N8
-9uWAldEQXU
jkMVSTZBDQ4
Fbm_ygJWykY
h4K0KIsPIB0
DaCmvJ-fSDY
EboJj8xv0Wo
UcggS6gSkgs
AAj9ez8syWM
eTLIc1pgqJw
wv5OgsMn-Cs
q1ipfzJ3qAI
mEUHqDtApS0
CRr-xGNcLWU
fd_6VnLEabA
WYMUpCNJpbM
1RGOPZXCIOQ
8oBKPHfMczA
q92svGxFFV0
lOTaPC0nDP0
DWhawVp8ISM
pAeC0oQ3s5g
DdFxodRaZ9U
wyRiMvEBzc0
LGw6EjzuE18
CggulqRHAPY
rdmwqWvVmwM
Lt2BKxICVR4
70Py2N2tNIU
ikSAbEngdPo
G1GrG7Aq-1o
7hxyG6OkVqY
QseQGlZPcVI
EkmhI8U4ga0
NEfaNRlMaWE
POxg-72hfno
1Ggt-41PbB0
KVJxhoye8l8
daQcqPHx9uw
Cejs6-uJpqQ
oMnjbai2-MM
85gKh6icyLg
sIpa80_XGyg
pvw98lrsHag
sg5Nvkf4ByE
93rziz4ZkX0
yLnXbPaEM1s
BME9CxLZajY
D4RILT64F8c
TpqUr6bEYOs
wd0EjwLBp5s
ZpMuN8jws1I
EoY2p2eZHrY
cKmbjF-sL3Q
L9tWKTLMSiI
JS_H2MsDqSE
kjhWzmu5mYY
ur0k8XDFUro
C2O33KwWyQY
kuT2X_P8BgQ
lj36jjTRlGk
140vNQ3pDVw
x26jD3XQRFg
68G4bmCSjDE
_35rHuzHMi8
gAbPoYRlQl8
-bzeBMPDZMU
UhyTvcsSg-s
L-faVWN9JZ0
uzsfYYRqioo
MgTtR5YTzvI
mz5r_pRKjuM
1yIMonRLrjY
zP1dRs1aAmo
F-Cge4qSOms
gaSzbHCqSpY
KHf8jzdZOFw
lKoUmJp1NIw
h74-kFHY_EY
zliXBtCQDow
WjDg8aUBN9o
H463nKFzLnY
BvhNsTYSXWA
DQ8-XiegICk
RSxqM-0HETM
1eFLNpzCFso
e7sIvcYmuk0
EeFdRVWYFkw
73phHyBizec
K_Hc1Ju2EHs
6ijnv-jNhUA
ZWrkOm98VWY
jKgzlzpGw1U
OhbxQyX7UVY
nUAagiQ4zeI
bS4ZpxIZibY
8lz9qvV47Mk
gpNmTrTWwWY
TBF7eTSTWLA
-BVZxKVsV04
zV0zC2qRFxE
lXtRG1zoEEA
EbYulfRzt58
9_do_hnnXYE
ksUFBSYROMM
5-TTR926fJc
ytdHEft9ne8
vi3md3564pk
njgUsCh8XGA
tpJggKMUcWE
eSdQZWCbqbg
g2ZVw42u9kg
XP09AOI1Sbo
3wxng-b0__g
pLveY1PETwE
jHsbUTwIl1A
HxuRKqGx0Ik
am0iyFCld4k
8yJn9M90EOg
dAHolupCEkc
sEiSVfnDKEM
P3-pk_d12ho
z4_EltuWawU
utTQXTfverA
HtLbE_SIuxg
LrmcPfpH7jo
1QkouvxZnjs
uwbj_0gYmjk
m7Ege1M5Pag
cQ1UVyn86lg
p2XIMKX3ktg
EuENnvz54ig
YeT8aqgVmYY
_w86ih1uGRY
jRq7HXR17gI
HkrlBdtEIWY
vnjpfBfA-ws
Fy2KbHDEqAE
GeSY0INFOEE
i127F8IKTqM
Z14-S1X87z0
Fo_YxhOBO8k
9QZ5In6P-A4
oUFhs3LYoqU
n-H6zIeMiUs
96zwdKf_sUA
Yt-hMdY9ZJg
k3yqCxTPauk
5namxy7z82U
rQQjjYyZpa4
o1qk_2fua9k
cTJh_bzI0QQ
7MYMUAfKVbI
Oyq8Di01nN8
IPq7m6MVLlw
7OsFH1XBUG8
kB9fEC4CK6I
Nsm8l89x2H4
cwC4LSPA0Pw
fmtU3FFpHtU
44L-CV_pLI4
7nxG-9aRtgI
cSAYLaaVvm8
oH8Pa2-9USc
ytxRJqgH5b8
rBEV-GJP7KY
Qf_TZgBWE0A
08Xn18D44Vg
Eswl8SSywzA
VlX8Vl77G3M
OlXwN0dBreI
SA8XRw4WIeo
TzvCg1tH7IY
02N508BDngc
x9K3pPwrI9s
CCd3My1xeXM
NERwRanxWXQ
pwnr-o2s0sc
RiTqBPo6Wak
oyqyhrCfRrI
XZo5o1Y0h9o
sTSQwtwr-Gg
I_aOfsCJKr4
lkoApbQTTG0
17bww7GBHAM
MUR_ibKFmDg
wAFAeWtC4VA
QHen1rXttFo
P27walDc9E8
Yb2YuC7UbwI
LFefJyQhw0c
-T_kebx_KWc
QDwN41Px_sY
luoW2M23rg8
26hpNa_zeaY
MOP0scB8_mQ
9G7vYtKOu4A
a5g6W5a9_Bo
qBp1XUFHfwQ
-AGEHJQ0SY8
U4wkHIHnex8
nzKpPZW7Aco
t8k9yaz-7Rs
UZMKgIx6cTw
PHFGBtsfLSM
CHvfdddSjgk
spuXN0ccRQ8
Gog3HEXrQzE
Lvcsl20GsRA
q2QxAbeAOTo
4A54KxcMwLk
GSrN9Cs_XPg
y7my1DmP6-s
0NRKUBo9mSQ
DuHm8dsySE4
wV7RsaTY228
l7VfDVVxiMM
AzTbV39-AuQ
o5L6W0YoAd4
kHqFkIgVF3c
t2BfG32IDqs
M089VgBPEs4
I7vXvLvowgI
gbiicbz6ePw
NxQ-sFeDtio
ompOQ9OYik4
MeKIiVIctf4
zozDD-B5cDI
YyJAeyop2b8
OwUb7WvcpIM
czlzY1PdN7U
nrAGyavtoVY
OZLi-NFLhG4
kgS8Kj2Ti9A
BuH-hWrjZmw
7DVpSFL_bFA
jJCiVAI_GPI
6keN8mA1jr4
xBXf-izM32g
zcop2J-RQtc
YqPg8wDrdfM
7kskZ6rt-ZI
Zuc3Oc3r7ww
W1mqlhoYX6M
jxQ3XtuRRNE
VOgDdGLdZ_k
OGuYNwp1OUY
BEiat9O74ms
F7br6KkT7qg
m4lo_i2Uevo
iTI0j1TryB4
EAt1TVqqoao
sMcVfEt6Di0
k4KxTIcxtA8
gBSZHJBUZW4
8IdjbdLdXYo
cHvukGzk3c8
jY63x9rPLek
eOxZrCAPhok
J1-7k5brX3s
CQS03QegBMI
JUk5j500U80
u5zJc6w5GFI
CmwPMQAWNKk
O9WmnqSS0HA
f9A-rCTmmWA
p1wP6RxUzRU
giyVAdeswSg
ypibvfXXOmk
U3LRmi3E5QM
ZJogl5NPyFY
SX8ifPeyxX8
gjrWNpKbAmw
13TzMTmdXrs
I4LsDxQJCB0
z-XeUOhu46M
pWEdEb39SG8
Aur1zoM1vTU
OCwG4O-p3nI
bEhQ_nLeTmw
YJqvN4_2rxE
w8b3ag5XIqo
09Ty96uYKVE
JjZqEwiIEY0
I_qKVyQ1ry0
A0_AiIH-JfA
iFqsInfA2kc
xShmafmNLpY
9FiSeHrS95E
0c1d_BClKPk
gZQbQohCEW0
f9KoGE2ybi4
iZXJlVpgIVw
NzpK49JFMKs
Wc3T1ig0n6U
Oktq8lPHPZM
irLPpr7Nf9U
JAPIJUYm2j8
RO3WnltsOx0
xFq9wpF0L8M
peBQ59DCWog
pm-7WzUrmzo
TNjOaAIz_ZY
c1isRmD4ezQ
9rQLj79hSvg
pkalXaZG0F8
sNE7UdanK4M
ttPyIRAfhEQ
Rzj6PTMEHlM
c68IAd-J2nA
1yf2uBiaOmU
OlHJrWEAFAQ
UdhHUwPMbg0
mnZ_Rk6kD9M
GE7H3vUYXEo
aO1pnmMbi_Q
2ctlWfBMxvI
uFAvx6vjeHA
-WbziU4NgTs
_30lR-nbpXg
y2RYYBRFu1A
WvbvMT-ieTw
OkLE9afdOik
wATTQSuIg48
OINRkRf3aFs
TRy2sD_k57g
kRGWhTNLFzw
jjkgUu7YE-8
ts0E7KCpD1s
iQMTiW2XGDI
RSBELBEFoBo
RM9GY-n6PEA
uEvM6ue3L7E
ddenqErLL0Q
WtPrIH0T3b0
MZ55XgZwPPQ
T7DG35NQlfs
zXzM41uL7KM
-X2jBHC_ahA
honikQEuQ2Q
tewE5moYd4I
NshDkbyQyNs
KjLJiydw6do
17DB5ZI-xhs
e3eIcUCnu00
_iD1wv-l7U0
Nx5VK6DUUEY
zXRFqoDGcgs
2GkmucptTNk
4o4eaIklu5w
nPYOqdv6uYU
xyn8Pq6s7hk
QFRpaedfVg8
Qm1b3qn4FiM
6R6qviG5rw4
gvqgdN2YLbk
3ji_3qRCGAI
IFhTphJDSfI
YKppJuc8RMY
-wivMSMxBNE
DD6EEf1k1x8
PgqWhF-TmDc
FHGJCSbIsIk
79nDqxfMTvI
IgeOX2a1Sdo
ERRMoHfrjAI
ZVubYQOV6ko
FxkhsGkTQEw
5o3ytB1H0YU
xvOGOUB7lpw
jpZb1X9smh8
LGDlLXVTFIE
Jr3r0ZBtm3Q
AvzqJrh1qmw
lIz3lH6PWos
JZFpJ6DnWrg
t5F4yzv7LKQ
qygQVm4jHIU
mwpLg6-ZZcM
MYPlIalfn3s
4VHb0alkHVM
aDPJ3mFizog
qEWsuE_yAQI
qNCYrTHEUew
phRFZyaBOBE
05LQW8n3h60
caZLyI3-ODw
AL0C58cGLBU
rjBcOeXlPPA
UaZO2N4AhAQ
jnsDdJwW-KU
uOfh76mqfLk
hNze31c4Ekk
CEC64Bqeajs
l2FuvKTyRMQ
ABVWWecWlEs
U-Q0NVX2nt0
Cb9W9paLtUk
znB_M7QqX7k
T9bXoOa1qTg
MAOef-aimMc
kKzqHBtGjcw
yaod7ulUNEs
DX_96wlEoDk
7DyVKPSm0ic
7fwytA5r2Mw
qPiXdLQT9pU
ObmQoNN0Am4
_VNX4Es9ViA
GPJqCMrts30
51Yke_DyO0s
lYnD49gwByA
k7pORSrOOk8
gxA6r3_5Fpc
5P4jAjP4-JQ
EcTuhKz5Cgo
64_kZrI62ho
-FR4sEmY-54
1yvZbX_0lPw
145qytKw6PU
1FcytXNLrW0
cBgsBjvnzsY
LbRkKXt86Es
BFmw5QqXCxg
U53FAVp2i40
SgGhNfJfSK0
RmcqH0_kUms
qsKuPZ2ep_Q
amK040pHOtM
TiGCaHNs0uE
BRwLxSwXpuM
YHhqm3aR20k
U6Mk7w_c3tI
-3jCwDFXHVY
EYjv89fqeT4
vMcgs7Tx3Hs
jdwIPsjbV80
3g6dwljJAJ8
fjg5gNQHgOc
KUj_kjf4u9M
yiGbfySfkv4
0Nv_J5JeIjI
QpxeEjSkwZc
IzPbpScJqbs
pwaGDTNEed8
bfrn4TQuOa0
wWdeBPOC36g
dpA17_NCFgM
wpaO1MdON_8
em29Q8cxwHo
7rDRFFSUrPI
OiEtJLUpZII
WbjEpPaq7e4
_g6Q7RmxG0I
9hR43tLcgZk
sgjfJbCVL4Q
5iNgLVP_ZiM
IIoSmhxwt90
jrRmID81wrc
PEgm5NFXlFM
l1XRspReAvI
BTr_4fbYYwM
met1NC3y_D8
xxRUHbH1XtY
qguwfs8-W8g
g2KkkMoyFP4
n-4Q_z_FMN0
aJd52RQ-zFo
peE4BIZQuwM
L1uMSi7bJsM
gIIDNLqAXmM
z0T8uQ7f1sw
8W4gGz51d3A
ZJnXA5kqBcc
eO8NwseRxSA
v0eZz377KVA
N2n_EbRzZ0g
jFpuU6NwDMo
E2eKK49cCjU
hHNnelxRKoo
kS949QQDtWQ
6exLkm5xFIs
ctX3juq9Okw
dLjVX3d-beY
r2lDXoW78u0
m7AiypPxAF0
yA5N8tReqO4
0BOLedCu00Q
4v_utrMar9Y
lu87Zt8a9P4
VgA9Wey8bE0
CISZ7RUye5w
qyZX1u9exyg
wWient3Yz9w
sY9Uo2QKT-g
EOqNlkSDt58
s5Y90UkltzM
bDCmJWk2z-g
ykOw9GUhz_Q
vUeAKOBHwVM
aoI0wdADYbY
wi8daYXZIrs
JSD9gYgVuvE
tjWVuvGTSHI
GQyGDKklVPU
CISZ7RUye5w
SqSZ_cZzep0
8a85ntmwbNU
Bz0JjRLJfN4
Wyvj2MOY51A
ITViqLkfKGc
_ibeFSFCNJk
NGbfhQqux8g
VKqpGCUmfXM
1_u7Lq5fnAU
KC_KUKlKouQ
raQdS0rEP5E
n3_dV-e4d9c
p5O5eeuaREQ
7gRl8vqvTao
IkJbE07V0q4
QGURNgLlUa4
ujSN-GDY5qU
duoxvqxASak
Wufd18_QbRg
U-F_NexlNJA
GMOjvrvLevw
bPKylUWXpo8
IT3I5lNlQWA
tH-PaNugz9w
EOVpldbaGq4
9M0R2gEqh74
bEAQGEQrZs4
VTzKIs19eZE
M-0Nqg4UDwE
zeZeKyjmn9A
JIlZsuRc9jQ
dT31z3qqNKw
nfkYL2hfSQU
AoRbGvdLsP4
YgT8I2uxJ6o
Fb80s2oEp8E
sGr_XoFTKmc
hHD10DjxM1g
C677nwj70yE
18sC_M_IQhk
RBF8zUjAArE
lSoWxG30rb0
FAabcshGBDY
_LAunryCu9c
a5zNFCuKsSQ
WFyKgmnCF-8
Q6wlEKhqXVY
6fJRDjaoLIk
N6WjGD59SIQ
Q_L2yRydMZs
ynRxrBo5uk0
rgY7j-ulcyo
0IeHcFf0esk
I8gf0ylFYIo
sTSZri1Ivlk
yhJK9yVuoSE
8xHXx5HARC8
12fR9neVnS8
29iS4yNgOC4
8BIBV0Mo5s0
dXq0ao2GmrQ
3aMMbbF98Cs
8f7vNutHmR4
eDxhWISRQho
SurIXZa3P_0
RVwrbhmcOUY
tC0AIh3yyyE
DlcQagX3g10
KCwx9SwGuG0
yYCc9KLlhDw
AZ2GEE68-UQ
WdPQhg0NaTM
m33X696lMjI
kpUh_r8Ko94
JUjsvf70e0I
SyfxIryiD8A
ZXZGhBVsdu4
N2tlvo5CI4Y
SWFYYoImWQg
7qn5dSEcUvw
ZIWsfglG2uc
ja_6Yin9JuM
KMX5QmO9L64
sJC4ngQvQNY
FhZ8SWTj8pM
GRFa5Lv_acs
0EKSzyDUwFo
NSM6YDP2EV4
wUlJSgYGmFw
_vu4i1jJsrA
R66umlzucUQ
Oyyltmw9xUU
ljcaBCnaw2s
PlPzPoy7Q6k
i4zq-OidaU4
hELKgWjv1w0
M9vmErUlfM8
FcZ1m9L3GP0
RFj4ztxxgEA
0z3tokRueSI
uWjpor9KyqY
DvDwlyGthtY
3LBo49MGFLk
F25_EL6bm0k
SkGIr2qUz-4
IUSA6qukA9I
-j7Hn30FoZI
NtL4IEn1Sac
nCT9sC7JhFM
51PDMjjO0so
DMBtBhwZDug
Alp-oZl5ZU8
BQcOdCYTooQ
9oxcHBM4gjc
k0B0fHobGOQ
_0J4dRqg7CE
fqXe7-CX1AM
GbXcEt-ZP4E
HA1mXWB8fxg
j4-jKHa28-0
vkjOq9C5JRI
Uc8nW_sE_40
mS8ZIrDetJM
vC2BSb9MZYc
GfINUz-utdg
Rbzx-fIAQP0
uPK_rSf1WUc
XFwUHdUElv0
Lqk3lGic3D0
kE75vRV9tos
6LrDLl_NpCs
13m1U-3rzUo
NBbolUIkSig
3rJrb4-aEYU
OHRR5SwmsC8
PhgXkkwZJZc
pFBWIWO_A5M
Qtu9T-D0-4Q
yi_aio7kxPA
51FVTvRz2nI
nqQalZ4r65Q
wwin8xt4KOI
uLXEiMIiF5E
YPtQ_rVSfSI
KlAl5RHAAns
SnKk2wVDLf8
sXb8rJ8Rm3I
hYyWgPXfx9U
epsr4c_oZoM
HudJ0EPfXVk
HCyHC7lnMyQ
9yRCDU-80IQ
frBhtBINgbE
4_c4HjVGk3I
ygyD9jQxQ7Y
i05IANQsk_Y
dxyla_OJKgA
kssQlomJB58
vaho7JSVS1I
CL78eVVW9_M
DG6own141z0
-Ivg6Ut4tqk
9mRTBHdclRk
s1SclgZdW4Q
GmogTqQk_Gs
MTMbDII9IiU
7o8moFSHrAQ
5T68TvdoSbI
55N1SDcFaXY
HnKqXYyO0ic
sQdLttUh_b0
Bp7cBQHTVfU
LtPF3RjqqPA
EivcZcgVjxI
yQYsT3pw0GY
8aud79vS_Jw
P9UjxG8sN1c
OMG6asig0hs
Wmpx6UAGed0
hsfgwEUXtTc
6LEZQoLRSMg
MIKh9P6rnPI
r6oDCbcmtWw
72RCbjg2S10
iLcBeJQJlgY
WQtFfYPFdvo
nTDx3sN2dhU
3hvyITnvpno
qud4fgVDS6U
qodHf-ryy8Q
QP3BYh5yn20
aI1rAvYZrUw
2WzF3GshFro
Ge1O9rH__5Y
tLNHDxd6nDc
sQrz6sRjiVI
_NaQBvfEGMU
hCxmn1ERbXc
7Z-L4GliAts
uyZBH6n2XU8
Kj7aS7ToNWs
vrlvqib94xQ
itMj9kShqvc
8Makaciz3Xc
QwQJ-3pZfwc
cqjn3mup1So
Awef78YtWmc
d5pGN6pqkyY
0YAu2Dsh_Zc
SkWJdWGdgaM
w-H02hwvVgI
jrje73EyKag
XFw7U7V1Hok
gNrXrah6ohU
nIq-g9vaecw
l8C8qPoMZdo
rIdPfDHeROI
VgZhQJQnnqA
D0JrJdEOxy8
yUYxk-y-tU8
RNcpJwu0I5I
GCrqLlz8Ee0
X8f-mxV9JXI
TVkioe3PJz0
wy3VDL3aQek
Ayx49u7kG64
tHg51GOzCXU
4Ig-lQqNrYI
