2ReBMjJU7vc
knB8WMzB6jI
J_evWNVWIYc
VTIWcK14tQE
1RkCqX5sMww
mIETUy5N3x4
M_7FPrjCsT4
Fnx3ipM-rqA
aXmtHo5bJ88
GHNXmhNnLK8
4WSQqDHK1Yw
2QdEvOLyXZI
mnCzYaIW50A
724CgP3OGtc
JMFep9n0izQ
s2yIMJ4iayg
AWtr__HHjvE
Wen6VQS6NG4
nThersv7rh0
5fYkPljB9Zk
4JeuVbImRy8
xZYf3R-4j3g
9UYe8mxqKOM
Vn1CHkWMIOg
9npSxELHxGo
DUmIDz5L0O8
lMi1P-J-nmY
CBY9YK5JGH0
2Orf3cRRv4A
Dk_OfxQmzos
pIKOLcZ7ADI
cSusDFuaAms
-RbQPhh7EyE
govKYxJ4IxY
cyTxxEhS4uc
-_AshChTEY0
URUhjl2Hxtw
1BxQd6AGYiI
mOzH63wauAc
8mh1H3m9xJo
-o7CHr0pMSg
DeNgIWj8ZM0
xaWWZEDjMW0
qrKfaX1lCUM
BDS4DHxPQRE
P01zSWCniH8
5D1ANJTb_2k
lBEWzitYDjU
vUvfU_2MaqI
CsHiGU4_fik
Ng8YB48OWT0
T85d7ST2yxU
dhbWfhBDNzk
Sl0BHueSjvA
PDRWQUUUCF0
DuxXm7Y87do
PTqna2X7Wvs
8kQAmwcI_OY
bWU2yQunAHU
hPwc2fDhuM4
yNkFMs3aR1A
nUN7HQ5Dh3M
KdpQo3tRPLY
NPJilSZyKEs
laFwmTXpOQ0
QeM7v0i4nwM
uPHsXwGEFEc
pvdYwk4boYc
rOZCKmSbmWY
9GulR31WzMU
HlJswxnDVV8
ZdeK21hg9vM
f8GWLZy04x0
rLChrTPrN_I
Hveha7PjGeg
oHI7_uxkJms
htvFTahyi0Y
OhyzFGDvlO4
N0S0pt0wLoQ
FvLfDpTONNk
VgC9YsODubo
tj7S_DNFgEU
BAHrhv7JR6g
NMVgBMeSgzg
IApUK_eu3Ek
fgnsXPnAX8M
M5gHFJyMQ6o
nAzQsl3gKMY
_F3VleJ4ibg
e2Ehac2R4Qw
rpSbHuv5vFA
TnL21kSvlm0
wDmMpZKZYcE
1LtfzDovuHI
iYj0sSC-NRc
UReP_7T-w5s
ZRcxQGDspyg
hWZDx4rsShI
7lUdD0S_fQw
JEEOkMW1CYI
GM-MjelVzao
0woaqeJ7S-M
9XxihRnt-Uw
6E7SbZLwPNE
IT3jXLO0w8o
6mVYLYuyY8o
sP0kPe4wVKc
fyAp-w177x4
GQKwr-Njtc0
mCCpl08_WjQ
9WkvfF9psGc
br4M5OGCsC0
h54XyEnYZDA
6XkpVzDJqpY
9xeGLcWBq70
GsEM8F_rvkI
ZIq9DDFkonU
k0vwiTyUzzQ
jEdK4BQCr_8
rAZHmSefuYc
hHd5FqV7avE
ylfSF5cxqD8
WYr7W0LjIwQ
yT8q_ITh0uw
f8zK3lB3R5c
K5TOfr355bI
0_kon-gYheQ
q609HRg_4EA
cyrVMPU4JpQ
4VSyEequCII
4Mzq2lu3WlM
c9qcqlBjhws
hc5gku8LRTQ
9sAZ-J4h_-A
AgWDMPfvXSg
SF7QQP1nUeE
W0llcNIoSx8
8UX0SGbe1zg
Y30_fSrL0EM
3WHoiSmrfYQ
pWXGEbTJ358
X4Dq7KDAl7c
-Tm2x8iZQCE
C-_9XSilyW4
