n6VNAhDjOks
3l4e_TDJ-Ls
xh_BE58Axck
Ere0kAojeF4
cWnZVjD-m6E
bVL6hneLbhk
FVrXtVn0HpU
qBkUgDHg3MU
dMPCoBoGr2Q
y1rib64c2kQ
4s82HXeWf90
a7equCpO4pc
Cu0gKCdhX_w
aySDk5hGpLA
UJ63dMSUe8w
a4l3YjEXOA4
vIb-xtdA2O0
AeFVXqh2TbM
CBjKSePcdbc
HTJZyFgeqQU
HnGqCbXvW8E
C6uomomaltI
pSzq_wPEXAQ
lSzUQdhYeKI
L8o72LWuxNU
R6sm3wdl9qk
DK3dYPxUrX8
DwYCEfLdnE0
mT0zb_Wd0GA
56_Ikm9cdbY
QWgx2ido8bw
ItoaPwsYpK4
3RuWeRYJxsM
ZpdpxRDSn4Y
R_BLQk7hy88
lejW8Jz8Uwo
q64uV5eyeag
pHo1MmGwHfg
0tcCbfH4ozw
KX2pAR0E2kw
XuAWjNnDLq0
ctuU-1-6EhI
kilrrZR-1lE
7fwqd7V-cms
hB5RwIzHN5M
kEVWk6gFXC4
qITet_MU83Q
NlXQ_PunGBc
dp25pvGxo9E
RkbvTJUrMbA
352uKxC6EHQ
6IGo6uLgLiY
JXhXpHhOc18
FUFSJ_dNPAA
8kVGVFaldpk
JbhEclGbaOs
QFs2V-DQpXo
oJV5AtAdVnk
q9uBt7MYi2Y
3Lm_Ewq0ATY
MK4BQTQWRZM
30r4T4BEvHk
N3BlWRaVMfo
FM-7UF-6avM
KVMpT9r-GRw
vzQyfcG-xvs
0RnL_7ni_hc
MBFSsURQOWU
PaZqp-e8I0U
ZwNbTQTqtLw
rR8JgjnTdFY
yfqG4uJdi4s
rWGn_5Yp-O0
sm5UpSKr00M
Lpc7YDvVBOI
VCI7o5BhahY
N6JafumLhVg
qEO7lFXOxlU
lP-fHpJ8s6U
GgMhkW8NAhQ
S0kSsgjDBNU
y9EEddCO17s
a4iOOXgKcEg
5hRFmifPInw
_eDabrB8xZQ
0vt26NYNAn0
wLtkWnSF9uM
5SN0pPyRvqA
0d1SSIs6vvk
lFPa6A3iF_g
P-NKnaxQcIg
J0dYhpR-0Sk
Vt8OebrciVs
8dV4RhTg6eI
VD_ai6psJAc
yCIcExxgFSg
34ZoGiK1Nrg
LuXerCZ_Lbc
Xji3vuprPcw
lf7c1juIAUA
l4nRY_OLgTU
CeDek2_NTLo
QF9POQdNLok
YFdyuJphOs8
c6kwNt8wBW0
-uXRE7Ro_0k
d83nSNifF0o
2uu5ntfVgCI
4qZ_zsmlrWw
k_Ii4oeG7w4
qAdzc2NwT1A
NtyT9DERmR4
WHKz21yPpuA
SgDjWjBR0LA
r8mLIjPWRSk
Jmq7bK6Vo_U
8SCdGHRY9E0
2g0FRkI73yw
M-xeXJvVNsY
fjL_HqF3lqQ
4oBhV1tmNOc
tfocMLL8t54
_UVrNecUGaY
tpfxF35oOpg
LPuMSjw1U_s
d_6e5Qkkr6Y
9l5Jva7sY_4
6lji3m3k_-0
IfL287sOW6Q
yrAztnwbjzg
YcJ38J328eY
TSOazESiokg
ZkiyMeC97Eg
ScImgkrLb0k
gIdjO-6AfBI
N-D6lvElCGw
abMBU9PDfnU
Gz9uAc193AU
_kPxjh5R3j0
QCNQJ-A1K0c
CBeuFiJZwjI
pLg1s6MRmBM
L3oIHYQqwg4
7K11DS00JqM
YI5lUHq7qGA
47MruDyFbI0
lpUEdbzlVPw
2uUM3iyrroo
FnU9gxOYaa0
QaNnVhVCbcI
Xe8Ul2xKLM0
zhsZjfh7KEA
DA3XochtRRs
fW-9X4TWLCk
Naj-KD7h4w0
FGosAeZmJDc
pokfSry1rbw
FKdt97L8Mmg
Lz7mvaVwrfg
DmI_Ki41i4M
kRQ0unLhWIA
6WhZuQj3lI8
5C_9UVYQdP8
9vmYmwBCFgY
ZvKZ92gn6-4
oRuThYFhpJU
7a5Y33QP93Q
GtUGK_qt40s
vWMlXJuQqng
XR7Epy8MfhE
OT9KhQVTUIg
uaheAir94PY
N8QdpwbDLJ4
N_Y1NX072Bc
pb-nO4cZZbY
9d6LZdAKMUY
2e8_PUptyS4
zgtn80eNeto
tAMhpcCazDU
ys6jtc8SQOA
eRoJ8Xoegvk
8NfkFokOetA
IJNKAoAtOFw
a0G93L7HT2w
6qJTzU2LE0M
xB7L_LneIfU
Xw_ir09FXUc
f9cI8ytRR-Q
XyEZnKEIes4
3gnuEwaeqh0
DYt7lX5qv-g
ynkXl1Qe6rU
LbBfTLo5FSc
iRKeaZnXQT8
i7ic-rdEk4I
jpa8UX_WUt0
3vCGUf6c1yI
Zcfd0w8qDsE
xmjxMEemTR4
vdlYG-vy7q4
MvFiqAKPj4c
VBJIZIKnTC0
XQkxzmrL874
ZuGlSL4oWJA
ElFCiq08NWs
NxI_V1cxNv0
Lp49PAX8urQ
NcESF624w2U
UheXjxyGS5A
f4YC5pxXb6g
FcU-Xaq6Xsg
dy264D4zYB0
oOcqEDzft-c
HyiDuf8kkTI
4tE6z4guxS0
J9S3uOSuQNM
XnOpMMi-Wi0
Jz0PCunN-hw
5PShACy39Fk
5XZZlNSt0DI
6Awtucc4iKw
UVhcGfsQd1Q
kry_mPZEpFw
0IQLspHwuK8
R58EerwnaG8
JYFbuylcPM4
fjsaD6u_yy4
ZgRxn3hY-SQ
Q1XMaEIfQBg
DES4nHeakzQ
Hjkg40-1J-A
JdsdiPHzO6E
Rj1Lobpm6zg
aZq8lrjQa8U
CzmCB0ddO4c
oFrPkso3jrs
RbmoW8Ku48c
n_E5rb_vnx0
lAk8f64s8X8
PMUpko724zc
EQQgHV04-xE
6wf3YeK25cU
MPdhrCzYtg0
zsyKqrulfsM
b67FyFJkLv4
3ceM5YZ9V2M
NPDEkKHt-Vs
4oVqwjpo2ME
whEwjcYv_yI
dMbzrUQ4otc
_y9IvoMe5eE
ZkZDxtBIWck
tIrkykEyPjQ
pLC4yCU7Rs0
t_tM0_peU-o
y6ZCVKhKxu0
tfi6P5A2qU0
rXNBUAsNRO4
Fu53kXZbQsA
aVRx5zyIl0k
06stB1j9CVs
x3RHSPdoO-w
YxYnKxIj-Ro
IsLxeeiEx68
uHyTkZuO2fg
hoDlx5xNLYY
YXZbZk_y4CE
BxaCvLqO_YE
Hsoju5NIl5g
NqrETz_GnXU
zCN7XeAqdME
EE7zz3FBwnU
gbIaovUwUio
c4D0FlG7lng
jr9W8GvjYyU
K8L57LQphT0
HQiW9k-cvi0
fAEPQrF7HIU
7V_T4hTgEW4
0kIUfIL-ld4
0u0b17aC00Q
JyCp8BmKm8k
jO6qv4kHsyE
Hm549Lih9OI
O3jeMu47iAw
lnRaHQQ-w70
kLRAzWiWeE8
HQKp5lIy4Gg
abL0hT4Olcw
fJQj19PU8Tc
6CHrWx6Xhx4
yoNzsDJCpTc
79NW76ci3ko
3A75Ki8H4vg
xp6dB2ZfVYI
XPNIZ-BlZ0Q
0qX_XqJcgvs
ewNDofpvpII
hzdApKcm6ko
6oHht-y64Gw
edkMzapVsXk
vy4MYqDjrD0
LZhnhigNcyM
qYbefRZBAUU
A88XimdT2cI
UbMpIn3bNI0
zyVX4Me7Gz4
C0aEipMRNaU
45Ct75mp3Mo
-rWut-yhx4g
vVlXeMhwprE
ipos2hLizj4
yfbZlZ3rhp4
b0cQbh0DSFY
FIiDD9eWW8s
RHWfUFeuFYU
OJ-OL_102FM
aOM_nh7RfYQ
1GqaaLoMPxg
d2swdMdnw34
hQPgIr4iHcI
Vfyn3rsQ2c8
hfxYCzgXnxQ
zHx6fM_SkuY
xBndiQMX0vs
u1mFWKRxXw4
eOHL36mwlUw
6LBfj4TM0m0
ncplJG6_7Jg
kNpcRxp1eaw
jNQo104hkp0
R7I8K9rktTM
BbbPDFgMwkU
0Vhw-HXdpwc
fPdhPsIbegc
AL9e_ZgGXoY
juQmarLxpig
L1AIMKBh_Ec
k3LOViERgV4
vH-DkhhTn7s
FXPIHazRFec
ZYaGg3a5uhs
VQp1BjNxac0
7bpyOTCCOQM
W_Z8XgrgLCQ
Az39pbQuU9E
KGHLRXz3wA0
w-4KU6kyzgY
LGTxiPe-pVk
ZKXnXNmoURM
2-OknV8g0-Y
c45XnlerSiU
NTiT45lk13k
VSo0rAx57Tc
YdUTnwt6crw
VmpMpjJsdwc
tYejmbRdXUk
378XnOo3cuY
7vU4bpXi2e0
u6qCV9dhgRg
DWgKFasFA1I
-AFP0JQ3KZw
xKk40Zodq7U
_nRR-cJbeMk
cQjyikvVb4g
ki2dczsmmwo
bemv5Mcf0FM
_PNkyZDaTpI
6BmAUjLYo9Q
ZioAtmejW2Q
2fWOr4GyetY
tglUi3NWf4I
JtcyGH0nsx0
LBhDG00oJGo
ycOyDjRqkFg
yhKOtPK8yfM
SWpOzJxGZfY
bJn-YsoC6-o
AmfizEaI7QM
e8Avv1pAzuQ
323RpiDJ3Pw
TPdFBJUvKTc
WqXO_KU9s_M
cFb8-5RYIBQ
4DvJIORivxc
qj_nkibMIOI
JWFKbApBe5I
zvxzHD_XJJY
_CSFmdO2-8o
gwsX9o_XcM4
h9oU4Z4h7MI
cxoY0Pzelxo
xuzT6bZwpF4
xuInvHlHcZ0
qyFxjiW7Qmw
NECvVxvGtR8
1qDYzkSeyIo
lhMCQc7IkJ0
FQ91PJeoVYA
dTYF-deTFMs
96l7pt9DsUQ
Po193RifZh4
6woamW5Q1AM
nj_FA6DqfDA
AQCJ3He1TtE
GrED8FBuuzI
dVSNFLFKtts
WocPy7bNRwo
ohBNau2RqH4
FyKZ70EiLHQ
85u61C2NNDU
Yfy3Excl9HU
wumKv0_XkmQ
CuiYVaOk0mU
DwO979nTq7I
fW_9n1_dyXU
t3IKPvP0V1M
sGyEWlhlcK0
WpO5xeOEFhs
WBOXMf_lUDc
EoY0_4sqwmI
7egAth0DM2Y
rXwJNY-ugUs
jJAa38JjGT4
Dm1gdkJiQqo
Nez_nUXrnII
EvbUf34emFg
oEE9pGAFRw0
do2RxyLKgFw
LLrndFV8yzo
ZHPc0BVB8Hw
3AgN9gMvP3A
ps28RWIkKM0
rGXu62oQJ6A
uEuap067ceE
iEQiEW78_Yc
IqOxx826_K8
5k-6s_p-jbU
F9hatS3-Wko
fpd-xrEO9nI
b_wZkolKXOY
z55k6iNPzUo
_6gNWsM1OLU
Zn629G3eo1I
3zZUsADM__o
ncb1kWL5Hl4
9TtdF7XNPsg
cu0U6Yo80YI
AivOFSdilVQ
e63HPMvJwVE
ckxpCIYNyf4
Pc4wucq2aPM
qHvYLHoDfB8
DSemfbwxd0o
0IHZCiksExg
8BG1dGlWIPc
JozAvyfWPvY
ZG0JG0oUS2U
3fbVYDFLq_8
DuStVTeNXWg
oJl4p3AuvRA
AuPEtFf1g9Q
VcFIb-b3kPM
een2z6jVPDE
CSfmpxssX0A
OehKCiQhnI4
J5DNuuYVTCs
Fe6VEJPHsr0
LfuW4rbXnZc
7djNgf9GMJQ
A9F1k7c3u-c
mDJRjetKh5k
ayDYQjsub0g
f3sY96bTftw
DUlasYNHAlw
0c5l96lj95k
_6GtUgNBQFw
UHLxnUxKNEo
fRjtWyBKWQk
K5cIC5q_05c
m4-zT2v9ZO4
Ki1E7g-B9hc
5Py16hTKVm0
MBGrDfQmSVQ
IzpLtUecPWs
IQze-1ecHzg
_Q0TC_5IGUA
m7Llw-8UnQU
8_IU6myz6Pc
0c8076823lg
JpH7YdE4sCE
uVPP8KIWtG0
qmpyICIp85A
YUYlzMXKh_U
805B4BCqQro
HTTIR8wvjKg
Eo5r3jvwK9k
YzCCzMLmjzs
plkZxDTTm9Y
Jf4stFJNrVA
BOIiPgwy0TI
ed51Z1oTpYo
GOaJXUiDaJI
O1SQwQgr2XM
fRTuN2Rf3nQ
4h2YkDVatiU
hX7anAEv6WU
RePyE1tQJb8
d7m96qzzATk
dK0RzoSlzYg
19uFtqeGdeQ
wBDS64Hjmyw
ZcFjT4ebAj8
SB7A277cjF8
2WY0NOb0l6Y
cXYEgjE8wtA
TFOT_MoD-vE
HkGsFQO3TRw
ayE-TcNPKkU
xtLdNU6hq2g
MlZiy1ohYKg
Dh1D_Wrge2Q
sTQ2DuJM6Ns
iRafYjbO5qE
pm69uaa5UDc
SJevsImJAec
yXh4XMmJnZo
eKpAKy9X5yM
e4959vkdUAM
oq8Rl3p4-Yg
InNLQaofbxg
JKJOX-Nf3lI
qcCpfIfQiRY
rzRCIVSAvWk
Yn3LUCbQypA
DuS0H0XaZTs
QOC3_pYdZxg
AARgBanY_vg
IaIIkwp5G1o
CRgHvtGm8Gk
6a-k564Ysac
Ifx3XE06fyY
NR4GIMEkR7U
Oi89SP8cfyM
vSwsqZyj_9g
0LLAIcJijhA
Q9dl_rmSrT0
-sWKjovDOGA
4LhrGHZcHrc
f_jMKIVrUlM
Ei_pUX7rWHc
7S-0UNWTvqQ
2bNtUdsBcL0
pKWhHSNP9J4
-mK27GTDX_8
6zcY5vQV35k
nB1ieYs06gE
HdEg-8mt180
plUELGudv-M
_xfs3_0NJFo
5Dh1HaqzZo8
NOjMqVx-D-s
IIJ2gdCQifA
JrW1RHhAKPk
A0EAjYjEWOE
GhCiKn9CqIg
OxEykKVGAEI
Z0F5YNrS9p4
q2Z1tSjYdWc
pFnJg5bGW5w
4v7f6nK5gDI
FSKAF9HFBkk
8WxX1-iAFBo
TjupzXAhkxQ
smHRslKXxyQ
odjUdCI6rgA
8T1CTP-MFCs
l5ByU00Zkyk
1oSwcmO9aqg
m6Egi8dzyXY
gOeR9e5gdho
Zo7lJgKK3dc
GpmD7MfQK38
jasq9e7t2sk
0nzc0sMLKTE
6Db0oHq3Tg4
yvkGAZoSl_4
2ijMnJeMAAg
a7PIXBGgAro
FCwuE6A_Gqc
1fjxIP0UdHI
5lZWRhWQNgk
uGh1j35O_JA
R3YZ7wAj8YI
bho2PSnVVOs
DVkMrqLGGJE
Jag5bn077Fs
FxCPK37XmKI
WhrHWDpKgd8
pffF3QNdxc0
WYQ8WIZN_vo
SLwsWhHE9Cc
T6KbcZogf0c
bajrWlBnDfk
734aG_79EOw
iwtYabf1khs
YI9AL-6IXIc
h1I9TGuzAAE
cS8mFwJQkew
L_ANx6wzPRI
4nvyYm2FHIc
fBzmAYyIQsM
AGYh7zM4BCM
RHkszEXUoKU
SbyFfrZQwrk
HOkcQT06OjY
IJQcIPH8J9U
-D_a5IHsOUU
to0P5EaTKvc
bxzXTnbnois
TBGZr16x0n4
Nz7ybxtk1cw
CBu4ZIMdqA8
RnkbjPbhv2E
QLaZuJ8q8OI
ig36XnlB2Fw
DTk3Lx7375o
t2AGOvfgvO4
aocx0spFhDs
NEBO2PvrsoM
28QI9AXTOxc
9bu6atWGvoM
FOU-XtJQZOk
ydAAlK5_RKg
rmoHv1otD8Y
gWuVSoBSQFQ
wy2q5ObWMIo
lHAp0UqF7t8
qL4KvJ3wJHQ
dN2Y1_Wsyro
28hGyy51yVo
D663pPWhsh8
L2TiPlZBX3o
PgXMBATMGlw
pi9Ze8A6vFc
6bIcDiGcNok
fmY7C8_kE0A
e9GC2TRBqKI
q3RXV2Rh0-k
FjFfdzenYLA
iF6-uQP15bM
drn52a-vs1M
DYTYl23fWEA
yslddTmChRs
ZPpZVELoeZs
Q6IzfcPBF3o
_2VNgLFkBk0
Nc7nk3MZ3fE
F8kNXswoDe4
CZBasOrdv7g
EDGC31ohIv8
WHpkNVeUInE
73dFU0as9VU
8XBw4bxs9JA
6TBO97Ok4rY
BYLv_w56uS8
0cRQhLNHbHw
58m-EcIie5M
VJu1qKwEfRg
lS7pvyDXdgo
He7d0_N4tBA
WRienSDM1Hw
F7gPHqaY51E
QkOhHP8bnXk
SO4CxRypwDg
L-OUrFiyg9c
1f-C-TwQOm4
CTtOvBrMuZ4
Gu_FDfGthTo
F-g5tOPc-_w
XVYgi3w3M5g
FYSe87ii1eA
Ab66tMc1D2c
3CWappOogKQ
3AajKdWW5vo
24sO56m650A
N3unrIyn-Z8
5xZv7VBGLv0
8Y3P_XlEyxc
u0mB1KEiRtY
n3bkNSUO61Q
gbvfq2d5kAM
qrEx7gPvtpE
3zGcEXSCN8A
5NAfXL-C6Ts
nMmit9RR7iE
TQgBA5xJ1jA
gStC3q_tY4g
G4EElWhG2MA
E3g_5J6BFfw
SbiylWPKJCM
G9CgPXjz0hM
wfeBsAu8I2E
65w10ZHUKPI
NPNaiwrz0mU
vDQ7YOrTWZY
4QfMcrDsjOo
5jPLwIvRQ9s
IJ0Gn_VvLQA
MTxfQpMaWnU
V0Pta2s3V0k
Gl1zsDt-sAc
BS7Q7vR31Bc
SBnPzp6B4JM
Nt_RwXaQnVE
avHzJHQ2id8
ks0TlM0zlYc
XMC1-jBbMuA
iTEnWpt1-Ww
R6wm5b5MZq4
hn70avc7ihg
HBnZOkFz3To
2GOOAdtVqf0
ub7GDg473zI
gpjzg2ors5o
Mzl-IJHT8yk
iRKvqMBdg7M
EtKvvk5QaGg
_uSDUvqaveQ
jruhw_yI5hY
tQVB_pQkwbw
Heentilzlyw
YKWMpn4i8Ao
Svk_fMAln9M
4KKQ_twHnTA
XO829w0oe1w
o5Uy3NkXcMw
iW-rhg9Ptko
AfP-Seviwcs
7lePokiUefU
1TUt97biai8
MQxuG3oWrLo
-oEC-vXe-j8
TLHCq43AB7Q
G-H26h09Hjk
2h-khfnoi5Q
aE26FJg-mUI
vL4QBeO6TLs
9Omc9aoyPCU
rfqbJAakFao
6lKFwmik3P0
q3Q9YoXFXnU
bH22AJ5i5Tk
ehs0W2QUMjc
mmK0vuF2QkQ
_y78pbHK6Kg
u6UhOfMHi4E
jVwwsH4FIpM
mmjy5radLUs
oDifNff817U
BYkgPKIKS3Y
pJDmk-wnJeM
dU7MqIe_xPc
60UfrMx1B3g
owPbL9XlHDw
k4NNjCkINkc
pzWrNnbcbTY
kjkBNlT6VtY
OgWI9PcSzOE
EvZ1gbxrg9I
AIooLDoTpVk
OIISFTVsYjM
cpQqkbjoMbU
DC-vLq7LcoM
MOkF3pkVRT4
GQvSKltffKk
NESFtnrZHOk
zFfCiyCzxN8
1Ii4BSas_Qk
DGbSXEIvOkQ
CGjRawvUZNI
Tmaah1UJ_30
Wcw349Y5Mio
Yb5gthpq-Ys
rr0pe4Yg9Cg
iPNqI0_lg2Q
mh5zOsEEdt4
puh5j6A_3Ds
490H7WhKKRw
UkJBQTDPEu8
6DguJDbnX70
cF9PjphVyVY
u3JSugrDvzo
FDus-GWt4g4
ca-Th74vqqw
hQDIK13e5vk
X2KRtBwaOOY
sxZwpq0zUhQ
qV67guPvbvQ
LURGABQPheo
usLGfCFzbfo
PqigHyC5PlI
RXbWd9POJSs
M5iG2r1w36k
nfYcvIlII28
ZsN_sECGM6c
z7QyqgyJ444
M5vZB_qPMDc
3r0wcooR5-I
XdP0oKN73p8
BmMWedesWls
nKRpopG3ICE
7safm0tCdEw
JRvMQLRVrus
ZXkfx5dPkHw
pnSZ-YLHFZE
g79eqx0nddY
Z4K5mBIzI2I
Rt81ZB_Dm7Q
CTC8OdWwCPU
4vu_AfCnG0s
B1O8HalgLLg
N6u6-D3dtLs
2Mzy35kbe2g
7N30P7Hjaxg
rpVTpbM8n_E
Guk1OjuKts8
ESr7uDrbHmY
NBLCzaW7t3c
AuZQaiE2-Gk
PPLQ3I7Kdfg
O8PcDFeiy5A
mhkBDrUPLeI
KWKLToSdpdU
6XuO7WP58-o
eMYQz35E154
IzDu1MZ4sRo
TKCbEB_HdXU
cGV1gfd-4pM
xi-2M73BnQA
h1tG2xU24oU
WQzn6VrPnQ8
j8BD0N9S9t8
sIwE-9g4GSI
LF7Hw9XEWMc
Voe9eiw20Q8
vtMCk5b9fAE
nGVnYNK_eIA
_A1lzJOY6vA
cHBRDdSXLtU
yYSx_hcML0c
NDBl4gtR3Yk
tnZ0OGsYhHI
nGKn-51c4lo
8NdT0o4fR1U
6VA5E_ui5BE
kFtAddj7Zpc
uyOrVTq8Tjk
hqTMXeLElhA
udcORQrKDTE
HuYQIjdtTSE
iWjSKGcylhI
Esez42EJY4Y
UJYVdG1tGV8
Yhn2jOis4y8
Hyvjgu8ds4M
htAWukGZOBA
Dn4mJkoe8a8
qBUsa3ysl1E
uNT97ce7cEY
Y0AKggrWRl0
U31zbwT1vVQ
qFtlyVj22Oc
v4E3jVPWC-c
PDgXsBk8VQo
J7vwQL3oAto
wIPUkFi7g54
NKN3b7SjtYM
2940pUlhYlo
Q8naC1qriIU
_HTONzU37eM
epOE4IN44Yw
3GfLlx2grsw
FGXKx9Tvyu4
HdR7y6BhBOk
RGTQvZr3wg4
I-yz5dK5pS4
2O5M2U2GbpM
Y8wlRBN1Tjw
r_LDa4krYxs
vMy6JJOGRWs
9JqwFRCTKOM
2khnuRJuo90
CL4hDu95Eqw
Pb9V0h5ih58
XCy1lajKcnQ
J7zA4UuMtKA
0o7cBB3v8sM
KPsfY0VYsQc
RDqPudswdSY
7Ye6cYajJx4
rgrHQfC69z4
Ak4E5eLTwwM
NgK7VeIfFO4
fSLqwqFjCq8
2pVNI27u9kY
Xb0wjyJqFQo
DlzHtJ92y2s
e3SELdu7HUo
83k3zHM2ebY
rbIAYOU2IuY
gisjmnISkUg
z8-QHCjpbew
Vo5ORI2jvBk
6Mfq7pqjfh4
f-_odSNdwHg
PvJd0jHB7EQ
ixZAEncExWI
P_QT0SbaaR8
B3vbvzQ4ppE
To_7xFOMqLs
pbZYDc7bPjw
sYOOblEhYMc
vjDRYii7yvo
Wv7oduYUSbk
TJ8RzYU8rhc
RJ1NQb8J_64
m6Il3AXR-pY
QVzbnRxLmxQ
-iQNl3HLLKE
jGAeMtAMWAk
-bWIHSi_qhA
KSyX-lejDcc
RqOgkJbqFXg
T45wqhJlSQA
5L_vklPN0lo
1-yG-_qjoQM
1veUQ2lrHK4
XkGmlwbaYf8
lj7gQJmZp2s
IxcD5Lo4cR0
17dIhIHldCg
njW9ZoEMUzQ
UfnMMV2n6JY
MYppufNrCGg
a6qgXqgCygk
nPabqVMFDsg
g2FfJf1Qfsc
Fij3YpviPLY
pvIQWWiT4-0
WIW3-KY1U_A
_-6UGLtjqik
V2BRoZaaC3k
jvs81XUf7NY
kuQWPuhnlHs
DVAY-u_cJWU
bmL7fjumcnc
1d_cBNJ3RIg
dOSyvhYsfFo
F9NruwaEmA8
479Yz0tI66Q
LD3HYOwk1Bc
ysm5EfXnwwA
r8Jyl2Bfl14
4t5k_yILGJM
sK9_de5Jx4U
ZNVCIPyqI-g
P25QpOXzbK4
lO6N9dyvPTA
QWzIJuhLLrc
m-7yRWZLwLY
ayzmnROSjF0
eddMCBixljM
CzpN8CANr6o
B1aCKk_sMI0
i4Gx6PiFTdQ
jlVz_26lxiA
xiYUa5oLE5Y
7yJDsZwVy5M
_NgFaY63bNQ
33ueXDUn3mA
jFNgOznarMo
PI3Y5_ea8oE
qaoSn1eEyq0
J6Ss-AP_wIw
FOSa4-hy9KM
Lti5Il7j-ec
JXYot3NDQn0
tLdws6cYQoE
LhJ_YLSZeE0
dH2LRuMX2w0
dYMqhhWzU_Y
l0BT0ztS0b0
g7QqtQMU1no
gv43BPYYxKQ
KkKWFZZmmCM
2ySwbaNuhz0
0bxhZ-LIfZY
FaHosBIr0xY
TbAGVV6AqKs
C88GJ7Ue31M
BFJpOM9f1vs
aHVlIdXhw3k
G3RPgs_7l3U
L_8apyPV_4c
IlXB6zvA6CA
0L2eF3ZYQ5w
7As1AmOcdGA
zfKk9g6Mr4A
F6uvHEscWhI
NzvNW7vP-Co
GDPv7sxZMZ0
LTsgwWJupeA
jXp595jj734
dbk2pTiiqVA
XCnLvplLIwY
pmcRu03LIDA
LFOwCSiGOvw
44VthWl6BpA
V5lfNohNlEg
VY2aLSDLWXQ
EHbZ2EeVags
49W2fKWjltI
xmpq4kwlbDk
mRkb8EIphHw
MkTlVAy0A4Q
Tcp4w8kk3K8
O1V526vpZ_8
PgfWbsbtJFI
1wIsnXu8Oj4
kiuGVHQJRz8
IiGzuoblKSM
xQc48qrAIhE
hIV0Tip_SSM
npowYVyy_q8
8f_lBxZgDb0
947T9u06xNo
6DBBlceOUrA
vbqzKbkz6-0
3zYu8Hsckrk
2FEMfk88T5Q
VKU6e8Zew3I
33rI2YG0oHU
foVgF9lmn4o
w44JDB1NmqM
xbtXTTox6vY
vNp4hAm2UYM
bR81K-hI5z8
JYNyRix1_ME
6Z1eNWkFVu0
Wnv_Kajsi90
FaQ3TmbXnmc
EAPBMBwlnKw
uvr1UB990o0
bGvS2Bj4bBY
J-Fll_f5jEA
VZcP-RHVE0E
HS-2vVP95u8
L9i1ZhfNPks
jlW4Iep4mmE
X3TAPr5mDGc
21Kxt5L9OBE
DxC875cqNQ8
iM3wSwoAtwk
yVEgIwlFWZQ
gWppz-OTx84
oCt0weOzOqg
0MAxLeDCpZ8
HE2uZMh-Mg4
eTkD1qQUO1c
JbeDxd_zCuY
qfhgr6CCT4I
6HkrVIUq590
wj4snKbUWZA
f5JML-p7-Bw
o-tBQFfQyQ8
Oax8twiSUaE
vTiFbU_cgHI
nXWNHVZtV9A
3zRtJMXo8tw
M2bm168BgmE
74J7tkcF_cM
O2HAwXUjliI
DVvJoMt9o80
4t4hOs9h960
DxXamOB_fAM
YKaJLuedN-c
wC3dgp_y0V4
e1TOjwNqDqg
JcmqmLaL_MQ
zCW0a9dZT1E
_ryDm2QzD-E
W0o0a-ppjEA
DZBpdzrMelA
G9kRncTLdcY
i9rLf2Js9X0
ScekdO8wK9k
xPN38lYBQv4
8uE_wpL-MKI
hwxw4TVsomQ
XEJKLKnJFC0
Rr9K57naBcE
yA6uZMIgwiY
tmxDTRXM874
LpTbjgELALo
VTVwmDAnKAI
i_Ppwl3SBCc
Dit1DS6g5No
qinTX_vpCH4
_IlsS9PGlCE
_WA0HtVEe8U
Ncb_1mMlJts
3pkraQm0lAk
FWkSV95KZW8
A-IoWAluXvg
D94LaaaPmm8
O0Nn-5UkfoA
Nt-R3IoVrQg
nF0AMbTH4VM
Y3-SnFuilAM
px0wZfZC6LI
Zb7bdrjWyEY
3XhcggwW4T4
YPdx8rI9iEw
MtIklGnIMGo
9T7tTQ6lp_A
_CQ0dKsMahI
5zod_GMXMhE
XtrRK129_HY
zWfDRPy4lXQ
1jy0jfMN4To
Q8zbMJAHgps
X8TkObHvPAo
iwyMzRg7O_M
JWG_MUy7EWQ
w03zdf8DwV0
YExI_ceU-oY
R7kLuMHkaEQ
-Y-4uTHS41g
AjgDuPEp9sI
dDFyJp_OkeA
EeJ18zBkd64
uQds2dN1AiM
l4oMbKDuW3Y
zGn4wxfM__Y
8Sc2In3Srxo
63SypDK3v5Y
K72w2lNI_Wo
eNVzsRzG83Y
ZzcRyHK_qRg
enYxTT9DWT8
prhQcc55fuk
gn7yV21k0E4
_spQQsYq3XY
nWMYZmwmmWw
dO3koRW13GU
ZdMydiR4j0U
NrCUNiS-Lvg
TWszOxkOV0w
7bexOLxkNzU
oBYZYr_7Trc
O13op02HnTg
Ezn3p5FWF_U
GZpV19YElaM
856LGms_0s0
01G3T_i0_T4
ky7Q5onqxGw
s1UAoH068u4
tsqb0sYwhoU
3oHPsYc8bmw
SH0OYx3fR7s
yA9kkkW2Kww
krkzbGWBNjA
0TPGAmuM904
HOw5npyTDXM
6tgkdCR1I3w
msC-rP0Qvfk
MZqNg-C3Ylw
aWwjhcYLbRw
MBEQI7ZOqYs
ZnqZ-SLtpA4
zdFIhJ3a_9E
99QCPc9ztt8
HJTxq72GuMs
bceCVA50Brk
pgzA8Z0nL90
GMAfnLlrA6c
o1cRmT9qnOc
XblL7mcdDdg
8wQhzezNcUY
GI9reVui_48
pqAGD3ijMPw
FkPCuMVZ-8U
9POtcSGa6gQ
YVBsDJtAbk4
KzSUHDGl89A
OUQSr9KqP8w
QDHlXuQG590
X7yi7dKpyQ4
iH6cmhRULfc
Zvisaa77Cng
hbOszGbg0Yw
oNCvb0F-c88
jaUoYU5AH1c
_M6VYmXNaPs
N8Lhm0vNlDw
GWzhVvKLo9Q
2xCplWrq9_w
rZqWAnrJ1Nc
7e6tBP_PkOo
yEb-IO6Dc-A
mp-K6xptpQM
RYSnzWf2PLM
YD5vqR15nco
ITZNVXDn4kY
OvB2LAPuF8o
3HyAaqre_Fk
wR_Ck8uJKsI
K0m1tO3Ybyc
7fWyD24_yjA
gwjdBYz7AdA
I8pzLAUd1CA
5hX_vlDfEiY
H_x5O9GdknI
RfKxYiFd-fs
pox6bDS0PEo
120vnZnmhq4
Xc9kZ_7b8dc
tpG8bQ8yspQ
FOlMndCH-dU
53EDcLK5iE8
G3xYnpf11bk
gufoLnTBHu8
4Yxe1_ohz7Y
NIS1Q7QMu14
V9Qic4PXhJY
YHZfnNtqd7o
ZLCK8WX6qFQ
YqMEl5zSs6I
AsrhHuCfvF4
NnomF0gbNso
55T4QNcdpOk
hfvjpsh_oxg
WhASE3V3olw
94nu5kb7Jhg
GvUn4FWb2tE
CrE2UQJ52I8
oeMBGHMJ51I
DEtbgK1abcU
5rrTKrMXpmE
szRc0eZO6hA
C_GR9Mhrvbk
ACOlIiRdDyE
gisOW8WOiGQ
iMss8xBhFiI
Jv4CxSgWP2k
Bk2fFoE7FEY
oZgihKSRmug
i6UngvEEuNs
9K4aWWoXuyU
ardAVAKPvMU
RhZOHWGwlHs
RaTQZrdICKo
ktqVVAiJj0M
NVd2xKxpDS8
dpSQQP4RIA8
S8NddOSTfpg
1DpS3khDKFw
jrwS3exHg-U
qYZpVFeEr6c
8OACqOFhRLc
FP3o75bpi8k
zhP1BthR0UE
LjpkCjiMKLM
WaaSYRPwQBw
Rjo_JRG7sqA
zon_hWj7m2w
Te-vgmYgGM4
Q2uHXKA8cq8
R3zARhuntOw
uTijkq8CR48
jATFi1_muQg
l1EdwOnjJ6s
qlDiE1d45Bc
ioRWxG0eRxQ
P7KCndMa4EQ
BQ9OnCw8tvs
tI_zvUbKwn0
6CY3nz8EiM8
-Jx53szfw-U
NvzJYMGrGiM
t3isXo-t1xE
Dv3cpPmKviY
p1ARvwGsCW8
3IUVpwx23cY
QmPkFVngQHo
qtFVx-eo_D0
EPyVEqK_RjA
fllxVye9D9M
O0iiPN1eEZU
jHRKt9VX_Ps
cOiSg4ZWW7M
a4cksBu_ksc
F5duH7uMHaY
OV2GO3iRwxo
4tKZKoXoC3c
argpsWI_zb4
j2Ec5M14AN8
wJ3brlKuh6E
gOjaaa1h7PM
kRgU_GOU3xg
sP9z_ArRGH8
FHSIKLccsGk
CcIXCMBPT3w
GmRjAM7jH8c
je2FDmsrxiA
Czl_zZqgJ4g
bwj62BTxWz4
6qVYmyd7koY
4yVqxbDFD6M
M0u6k67PMuA
uUgIPwFAMew
7QXDk1Ec85Y
CKnncpynfyI
SQnG2Vb9VYE
OlNAQygjgNg
HHu2dfjP6hg
JQDPCD5MCtA
kvESBHQmiD8
6eoyPvHfugU
KyD-Wisahxw
8g56WnRDyxo
PITl9pP0ywM
xd25yKG7nLk
l9SWwthyq6o
3wzUj_cErN0
_byBw5XDk-U
066rTwb0rIc
6jfO3vZzw9w
TEgQcmyb9xI
dxNKMRpkyyI
J1GyfRHapBw
jxzWnDotIoI
Xe-sa7YUpPM
TXgMyzzmE5w
qXuke2usy54
lnqhr42rgDQ
5Td_mPlKiz8
Dw-omf0oHzo
rlQdo5bbhzY
xc52ZxbHhHw
hzjbC5LmFzg
uOhoVv2vrOQ
I1Do9vut6tc
0rB0Dt1-piM
aDWVs9AJIeQ
Kfs7fdY0UcA
UBXabHYLBkg
AvqfAVqLZA4
9efOIJSqHcI
Rx0Acv0Zc6s
hwYrwuewJlU
Hm9oprifCRE
XzLlPkvva3U
04uMVzDCoKM
EHv5LWkA-EQ
t-Pew3lY91o
mMk7JGM_0D0
HJlAdX3kvcQ
IwcgXiSb_7U
NDW8880TQNE
H7KuHjev1Ws
dh94fbkANV4
iMcTAIrf_as
mtRFOsPxX7c
ZctN76M_I7E
bNYuQGS9piM
vLEYl2O_4e8
hkTeznd2Vuw
CXojk-oSaEw
BDCFV4EqHjY
gPGkOVht-7s
84KGCw9Yvy8
9s5BxBxjnoI
qOD9tmB_Dfc
tzLxx_0-Ns0
vhqh3LCiowY
mIJ2hx1WvX0
JKR_EJMX3Uw
mTmPNTDuils
MTTqP4r6bgI
lV5PcyIBdrM
5W0llPmsiYQ
phR8a_GHfwc
1d-9j3ySOjs
ZCA9vhT_In4
JO8qrvAfzYk
zgr5GwgTL5c
oe_7o4qUH5Q
KVMGdFa90iw
KVMGdFa90iw
fkZzKV9d_30
rwf_d4A_ezs
mYyNvNWCCks
z2NXmF0TLMQ
-C49-tgsMBE
3UkK7wshwZo
IxZi77z6gvA
BDqs-OZWw9o
