QNPn8dkJ4Mc
fM_R-PvwPbc
TFMGyvHJrX8
MvqY2NcBWI8
Kr8LhLGjyiY
aH-f3iPleY4
RYVdDJ1cFrM
arVZJPkK5-8
XE33mycJNNI
dW7J49UTns8
ZejAu_uPxMs
giB8sZmPPa0
A-V6B64MLaA
NEvsjMvztUs
acrzKCsuKDI
f0I5PP5EZvw
JwVYOYOp_tA
S6j9v_L0MoE
i5FgGrMQGkI
6oWliz-bNvQ
Rzhpf1Ai7Z4
D04Yxki_Ug8
4XN6GClCOZs
ea9G1PHpNNY
rEuM_e4MvgE
b8_oVlcr3tk
jgIIvczitwM
vINtD58nLPQ
M-a1eU2_9qE
BYz12v_sqQc
AjJMYDL9wKE
lAhSVzfoQ9A
Be3lDr--l64
dsTyGKKl8UA
vKfVmR51nQA
6JwEYamjXpA
-LUuqxQSaFQ
U51GKNMAwrA
icaA29-DvRU
y9grdQk5sBE
o3xNlReJPvE
5_0o2fJhtSc
bBgnqVLQm5s
EL-_q8ufYO0
O81Cilon10M
dp8wS0OZAK0
8emPcpfqPRU
GBzS3a4a6PI
IveC1odxT1s
SkJqkGX0ThQ
l6Sw7yWpQEA
kEN-h5FN3yk
XEr4gJf-L3Y
ejKCiBZwB34
U1Tl1IKtpSA
1M3dlco6-SU
Mu9YkBY3IQY
KrFJsfHxRjM
uF5VqrH-VKQ
gAcf72H-EpM
1Qi4rrQoruQ
rrb4KgM_t48
Kn2OyQh6o7U
r4Tf45HS_QQ
p5ykybUJQvQ
8YnQkUWTS64
K6Ya-YlTqSo
TJtTywjOT20
c3EVUogQr6k
Ma3e7ROA-DY
4RbGTSWrfe8
2GePVZ4Fx9c
O42NaziRuOs
azxchX0umSs
DGH3GMiHNls
HongM_X3zFg
wUCq7iDpiE4
r7rKKFOui8w
6cS3tJ1irME
5wwYDMdji3k
OzQwPMAvl5k
ik_mIeE9bnk
w8EcdiB8C1o
Qz1mvraetEU
en06PYwvpbI
2YjLm-3NcvA
_eskq6-zGes
4HfRVun0MCk
MRwRNMgOGL0
39ILoDWK-P4
kTbw2XceDTM
IF4UhElRUFg
uB6jm5IkQbg
GVE0U-TmXdE
W1OoVw-M6os
q7v5NtV8v6I
4IbyxwaItcQ
Wovy2oxLPLI
7Xy9uqHkfSI
vhchHbTVcGU
Wi5CGT9I7QQ
WHT1IUg-ID0
67ijwSZ3gnQ
JUAa14kQpmQ
LcAj1oxMT9U
o72GGxQqWt8
bXeBVTcVOCU
zXPYPkgd-JQ
nNMRiHaJxEA
IdKFVqHES0k
yQXhFa8dRCI
-qseSbSHy_M
JWV6eHNetZ0
wgnHOfqMwvA
p9Zmzcl85Ds
6YVHqLE2-vc
vooUIXZGf5M
8TaM7FBpKoA
mM1pKHTWkTg
mExi4NuLn9Y
Vrb3FGal-oo
xNFQUYPX1Q4
OYj-CxCApUA
VrIMLt__CJc
ThTIAhpUBxE
_HU8l8U1BeY
coipzEsETf0
tGd6wIqSEv4
4-_rwDgLMpk
MTpZsKCUvcc
af78RPi6ayE
asOIsbPIaG8
WNHy6Fqc4xg
JmUFAGgKqjs
lcjKY5EBrCw
Vi6JErJJN4g
dVf6q2gwB90
FjW8wcdAK24
47LBKOaO0JU
NXcu0BlbTrM
-6rWqJhDv7M
J_uOVllsCVg
0MDW1zgwOhw
jxavKzgR-g4
iBq4RvSjktA
ZK5TABdpLvU
b8qSt9nwpwE
tYBv_Vk8WkU
8_zzw4tSOe8
UPF6zwv8agU
i5BE49fCRqo
u1nNeEJiGoA
AyqWLrHFn-8
QPuOr6_4GhA
h-2vuT1fRbw
wE1OCXvaDtc
bhmpsxXIi_U
pOJYTMe_bp4
ukVUuMJ_hxg
HiyHRp9O3-U
l7Xh_aphD30
AJt2mhwUlq4
nAWHJViVfcU
ubJ7iqLkXfs
CvvdS15esEc
9YhWw3hoKUU
MUMdNTx4N-4
DjXsgN9ZRHE
yjgACB7urOo
l3ixmIpUsBo
wf1W_ZfqYEs
YNjjzUKd_wY
Os4cMrfROLs
Q-595xWya-w
dguZLChkRV8
1M_19HZsXMU
-1Fv7IPmJo4
tpjcyY6FvtA
nhzU8SQTnHE
-n-ujBex62o
OYZT3opLedc
JuVc_pIwVYE
edvdzh9Pggg
1ULGWy5wPaU
FPxBhqonZEQ
2qj89q3k7U0
Q4QS62qMImw
B49P83Aqxuk
BroXmOMC670
uPnHzQ7qJ2Y
EVK0ytGy6Bw
_w2Zgl7s1hg
wv2lCx75tPI
G_0NIjnLwiI
kpcY0D-E7RQ
Xbmh2cTMd7w
Kpxs6sQ1nks
IVAf0x5_Uow
oxB2dJ-kt8o
hbFq0I7YrYQ
FkVtoiT-SC8
W1IpSGHf1gc
ONgGRIe5tAU
1OnmRf7gHwc
hbFq0I7YrYQ
pzEvmnKuHH4
Alp90eVKHlw
egsW5jMnuIQ
tCS72rbM6jU
sSJ63KXyMqU
EDTx3meIeT0
GY0jE5blL9M
qFUxH_zjnJg
qly7tVDIhqg
0kWe-KlSc-Y
NDbuJxDjdMA
OFo3Iz3ABwg
z3VHbLeq0BU
KEt5XQuE_cY
2JsKwyRFiYY
1SW7m3OoQHE
V3FWWwuTlVM
KvFKo2ifuVU
PRhmifgkNQU
0GZRt8kIdVE
laKp1XeEF74
hv6co_GyxM8
l05fans-PoE
syccKpYpOig
6Gpxjeq2CJ8
_--JgyZ2UPs
wKavBNKP1wA
HfHjzomqbZc
rSwhS_HZWe4
xlEFI5A3QFM
bYxN-dV01Xs
DiOU2zanAeg
SaSntOkK-Vk
3k5R3_b4eDU
w6JZSzVcKgo
q4O0oYjk7YI
nxRHQ1xfnWc
A6J9p4iOr3A
jQPb7DRMoZY
7yBMUrlpe5s
UYUiX7SqWn0
uOzFAzCDr2o
B4duk3RiQzA
s9AuqxSVHUY
xLmYEuEhYzU
eTWG5WY_XoM
f-jD7kQvyPs
9j-WdPIz2rU
1grXMbvZOi0
DG0NQ4CwRuQ
HsxLCiDlIp8
KB__BVdWKWI
eb19XaOE1Po
WQA8obfS4fM
aClJ1QZYsVw
zvJdnLkJH6Q
AxSXjquTkXQ
sxTpDpWSz-c
5KMnZfAvlbQ
p7VPg0phXt0
hle3rgkVEs4
lnq9m9yTtgM
8FHBh_OmdsM
QpGy7wqiOvA
pH9dAbPOR6M
0gCcWBnChVA
WsPBB6azzX4
v9bMEUr2II4
klw9yDZGWLc
jN7VkjJuOR4
x2J9wGvoa64
48e7aygIxA8
X2UgnEWuY3M
0GJa0xKKSOU
TTFoJQSd48c
XBFXWeMYW1w
ZQYmoFbZSLI
iH4XJHJ8AOw
Gm9ZDzltp5M
B5jSMZ8EQBI
2H_Ox1vVnTc
kxmXl8wtoeU
gy6LU4iQ9M8
tNoFL3AF69c
2xt95zN3EDM
31XcfbIz-4g
QUMeKDlgKmk
zNVQfWC_evg
0A44-TCJU9g
n-n1ClDhVdA
xRel1JKOEbI
0JkxTILe2Nk
l9MS8XlP3-Y
wmTRMHN2f5w
ccvunAdkdy0
jS4WfJeGP2s
reeU09R4TIA
xFpeeQQiBJQ
TGs4C60FR68
4sMPJOuskUU
kswiDQ2aAKA
L46SwgDT9To
gDW4VUkvEfE
pXZ-UTfTaOw
mGDJO2M7RBg
pEjMi1OPnYY
aOSD9rTVuWc
lgJ2_LBRA70
sScrtGdKmho
ULfAWBPdl9s
Rw9tlSSellc
1OFlW8OXN64
PE_zpk-EznQ
q9B539L3drw
zpTUjb-iKf4
TgfYjS0OTWw
iHKa8F-RsEM
-tBiFRs0iPs
K4GBVDn_Ldg
UOymDhGxS9Q
XblwzEemP90
YR66Z54mRaQ
MtFBFqevXRI
V_hirIK9eFs
Lt7votAzI78
XOmQqBX6Dn4
ZQ7kyocgiho
e6Rvae1IBms
95otBlepVHc
eWc0jywR-H4
1shi5uQY5Qg
uSErKi_HWg8
LR_aNOcnH0Q
jLmciZdh5j4
5UIf4IHWtuM
-F9EqYLQKYI
5HXOfIwl9Jo
63JbKXfedRE
o0XxbHnf5ro
658xlubwnDc
pW_F9VazZqk
Jve3p0ws-nI
P9k4FP_b1fo
dYc2rvRzrxU
8kk96tTcdJo
Qvuj6lFAo_Q
IZ0EvEmLk_M
O0Uzy35uJzU
XKm4VoExc0Q
V2Ci4ro75fM
kStpU1bU-oc
zn1SJOPgewo
1swI97JbuUA
uqR4cw9Amlg
BeRl5aVIrVo
K-Oh8_wj8q0
yzDISuJdfZk
ysdglvr7s7E
B2Kms5xGgck
v-DROlBbZ8s
En26p6GvtHw
-VDPmqwG9rM
_FfNrO6vGTs
9Y7gAzTMdMA
2i22r058GC0
V73bl99UmeU
z0yKavgUgv8
cL6fWOJWvFc
8V669ohFOkI
VXfaXpUE2T8
IyBGWd6IddU
XtptrdsToXU
HRBVfqhPQQ8
iPnkKf2FaTA
gAOPxpm_3EA
TTcZBu5xGQk
jYqMWP2wxW4
bPf96192PRM
A_pLzlsnztw
xI3VUcat9ro
NJW3KfjM2aw
825IANqopEo
GqBHjBDgLfY
n796FoQjOHI
IcjYdEW_HLQ
1e6iXIxGj-8
o0rwGJ2b_U4
P5dNp7i-API
rzytpxtbCzQ
vja7DJZFuq8
2Z8hFKg_Pmo
mVJvyteAH0E
Hije3DE9ccE
rXTTXAJJkhc
WzQSJXY7Zfk
A_R66fJtyns
duaC3JOxGYo
YDbUYiTAMJU
dcLG5fzP91I
0Sb0eAUAYNs
asWNJ2zMUgA
pa4S8h9HVY4
A49oreXOOzI
rhavaxv3a40
KMdTbcWkj8U
RM7_we-F7hQ
CswMMByLOf4
XXaXXak5SG0
7rYAnYXIhL0
OV5J6BfToSw
n2axFXzRF-U
O4n7rNpF05c
rgdKlabAn1c
acqpSo4dII8
sPbwki0qpQ4
7RVE3WRlR0A
L4N6ws1YTEk
gLcWfecmZhE
DFfRqoIdArM
MYxASuEqMlY
-mKptXNhXzw
yrJFesJY1w8
HCW79bxW0Fk
O4bf2IO3-Wg
Ch6jti8i6u4
fY8fbA395N8
cmG27XasIB4
nrV0OWSJDHU
e-QbxjXDwXU
WUGePhoaCGM
WVkZ8aj5V7Q
kZTKuMBJP7Y
hUgemykvVbY
g5H9f3nGHw0
hcGgaa2mFc4
FLFd85y7MUM
xO043PSBnKU
AZX6awZq5Z0
beKC_7rlTuw
xP9P2i5jx-4
suHqfsJdvwQ
akwBX50k504
yYwydG_aHPE
J_ozTpZUvs0
7kxRaVTVNjk
qPnjyqRdQhs
5cymMThs4Dk
9DAcJSAM_BA
2gDAhogoeBc
bgwjnrIL08Y
xSXjTjvyzlQ
AGGoNIwOKQg
5OsO1VHmOy0
f3S5PY9R50Y
Wt_RG42N3GM
6usyUfhXDSg
YJQAzqx8H4k
PKUwxQI0wIo
Na7Bp4frYGw
CjUd7Tjk4IQ
z4645B03AC4
sdAAv6kNfsM
nmGaq9DsUfo
BrCBSvfsX3g
Yhpiuibv0LY
CDm1Mpixjuw
1wAaI_6b9JE
43w7rcYPUnI
qz9hkWhZfRM
AlN6zVrUewM
bLeEsYDlXJk
Rakb1KE_6X8
Uau_eKoRn6c
UG6N_L6j8_o
K60F97qChKg
ETWawGe-X4k
_pR6w7G06tw
qV4vaqQEz5c
W3ZM7Sjvdgc
7F7DzjekbqI
jMt5i2yDbD4
aD4HUGVN6Ko
NNCF4HM1LYM
RPUDtMwariw
587oQ_qf_wg
YUEyXOijJJE
Iuw_cICuczc
NK65ehLFA-U
AkgeeqakB7Y
Nmcl5J4myPA
tNyLJ3lNp5U
GFxPMMkhHuA
O-0sRSo1Ir4
cJaFR4YQ2-g
xFjMznLb9y8
1uzsuCFUQ68
O-0sRSo1Ir4
Q944yL8wSFE
sQX2WWZesLc
z_wruqOQ8Hc
0vmvHjmcR1o
M-Gqe5e4_Ic
jzmbSBrwqzI
_3UxvycpqYo
7AD8-umRX68
8T-wwhY9LL8
a-jE7BM902Q
TLlAyaG5SfA
NHXCi6yZ-eA
BgW9a4n9SD0
ibVZHTU99CQ
UpWU2Hg1sBs
-kYJzKudUmw
7DHs02PbWFs
0m-sJBCTj0A
8Jjy66wigEs
sxG-z4i4ZQc
FNTmzX3GpOU
tzPQ4ktzi7I
KatJF4ejSj8
JjX4PKBt96k
PL04Y_QdPZY
oq145AHJPw0
K2RMUpFCnos
HESOat2iPzU
aN4zmEY9i_U
_8bhtEgB8Mo
cdgpLKcEgaw
4BWRoHGiwrw
0g8lANs6zpQ
BJm5jHhJNBI
20ufMGhA2e0
dWeFl5iMeOs
F97UvxQWqrk
C0svs-uGx8s
mmSMt-jU9iE
r6Apr_X8Lkk
lr_PDXyNu1E
IT6mYQviTAI
JPIqS-A5CQM
WJKvDUo3KRk
gLsC4wlrR2A
Lyc5Eyw8SoA
qUNzoa991g4
gdzmNwTLakg
y1lIdkoIn0Y
PvLu7BOsJhM
j9p2F2oa0_k
k2vUgFZYi1U
h5CkFYZTdoo
KZGrQZSF1xY
ceLuaf7low4
0zVM27vBdpE
cvWF_Q5-Kt8
Sw88nkLzbgE
th3YMEamzmw
ru7Wyt778QQ
QK01AYjPSyY
-Iz8xZD9LcI
DdJqSb4Y6pE
wtebnV_QFQU
amaOfMv8cLw
omcooupQ-u0
OjoI8P-lBLU
azyUTWBL7Os
ouP6i3_SqqY
kaWoN4PmkZw
E1XYe1tuvIE
qnTPEvrbtsc
jU-szJFw240
BSBQVPjHAB8
SCr73nkoa-I
i5G7u-r-tpM
KBdUvF08yn4
I0J0WqssIqo
SLP2k6jlaig
bB_sS15o9Do
XErJiPKZvKQ
nuVn7QGkv-I
GkVmhXhPvqk
_IL-cHlVcKc
DyXBCjnry4s
z-ZnLtFgGwY
ygdbRCdsM6g
gBxZVF3s4cU
jPrjBJt02ek
0Fy6oiIRwJc
R4AP29ejnOo
uqQlwYv8VQI
Cu7O63gPkTw
omsUZ3u5TX4
Rq62uPdKSWs
bGoZA-hvJHw
jerqq06uxAo
vbI6TDHCfe4
jerqq06uxAo
RiAWrH3-xFk
zPqEEZa2Gis
A-0oh4smVts
SifcDzDcfkc
gm02Oid8sbs
tovsOiSvZ_c
CB5vMfPvJyg
lEvVcaEmjjo
dw4w1UsOafQ
TOCV3fYY-_c
cWMlUDT2sK8
NC45vREoEOg
H8Z3dR2BSyc
ihOD0F8Ukbc
GEWFJiMK6CE
7xLxcD0WEXU
yvDQCa7rleI
iPPYGJjKVco
p-oHcYpCUdM
jepgOQEvWT0
A9tKncAdlHQ
wwgQVZju1ZM
rz57PJToGEs
aom5SiHakGM
sSLGaUQRWHg
RwdY7Eqyguo
1QbHRLpYc-0
AAEnwkHnBAI
5piP_qfDvBA
exNziRW-VY8
V-E1PLZpJG0
kdmsVa0CosQ
9jhSxXaFW6A
1mQ_BUA67kw
2ODdj9fhCMI
hIGK8kDbU2g
1at7VbeYrT8
1AstvbdaqG4
lzKc8ZF2xwg
IuY4h3Xh7S8
GdWOhvmZr9Y
GOF-saZ1XSQ
4z3o_cWoPsE
gp8KnAHkwdo
-OtiTeNWPH4
TLOFaWdPxB0
dmPmHSVqfZE
ik7iANixij4
Uyug4bzX7VA
HUMykzHiuYo
8PKv-InLaAI
um3gIqFq8Zw
H7oZafSywow
-4clsX2MTNw
UGsH1s-QZzU
E7VWjHTDrKo
9OJTP93ptTI
mvqrcW77nFM
wq4Af8sdPRw
x-G6DYuv5SU
i5ZZr5Qcd_M
3C7OW-sU1ac
2QVYDF3orkM
rzwN-EPUSZQ
DBJAbSWrymI
ikcpHnHLSfM
R0lWI-bnJVA
aJK7_yXGjcc
HEl0ag5dKHI
EMNuYOEBOWI
6Ul8CmUkO4E
6Gmi9wRC5OY
PuUwGXRwViQ
0oRhyxJO2sQ
LCRzwOOd_y8
aGFtjU5juEk
nLuOM9aOWvk
uFQdcKJUijQ
CXL_oiHKNm0
-7d0Z9yhKSg
-GcP2YTJkQ0
SgH5ZwZ1OdI
GIZr3R5JnEs
tTaVDoLMpo0
jfSAiUIctvk
eDb45MsCdXY
digTC1Ne8Ug
aZJSMxsjimQ
OqdWsghVvoE
YTDDL88lLGc
4Cypx0CDtHQ
roZ3eShR1Cw
GRJT9qY21nA
nNsDXeHUkLw
hb7Mq87RwBM
zjgURBIqJ6s
NBLqd-V9WCY
HWk81Lh5jaU
kTedJY5VP9M
kTedJY5VP9M
v8uDnSm_W9U
feuq5x2ZL-s
f6QR2AN6_es
9Llha3D-5jY
7WJne2TgW00
ti_E2ZKZpC4
rmtK2BgmGCw
9CWNROmhplY
aE1vopGpLYI
QDr4Yb3v3RY
kO7kRvzC09E
hmkRNRJPROA
CDsfAnSG2Ac
2xZqQBka3Uc
6QG5QMQhlTo
VxaFk7tAUj4
t8kc5oJWcsw
pfu6-SGTQSE
p-MUCzyCmC0
EOeo8zMBfTA
n7mY0gGN-q4
pRZ7cSP1zMM
RrzI0dJhwZI
bzKe8BdWAOE
DESpWUcLJFk
z5bDNNTDh0Q
7Ir8Bx8eDOU
YO5S77tfDZ0
C87V_ZC8y-g
8dwOaQlnFvg
zEjWWQIeV5U
kdWrKhVbCLw
Cwp36jqeXsM
lP5mnf9ezwA
3inMTtgNsQw
m_dOkQfXDWI
vDR-9i_kVPE
WEcddhgrErY
m98OCMdDFXs
-X83sMnoy-U
EB7Gw8EAiPg
