4lTbWQ8zD3w
CHm2gTkNQxc
k-J9BVBjK3o
771jjzt1vI0
xum35-XplNY
aGdyVSdkejg
e0iAJA5nGfU
ynQZBhzY7YQ
L0PKWTta7lU
tgBIPZSwi20
wpnQg5FWCXI
YLxKQxu0nng
00SLmJuJ1Ig
FX751crlmEE
tOtpV28f5Ew
EGOgNthAO6g
aCYXF4W-05w
y_pGong8-68
-k1u87s2Azc
eEqpFkIpl4g
qN3DDXegxxc
zjYKSUU7Chg
kofy5PSMuUQ
wkwylCdoGPU
P9Q9l7CHx3Q
qFAj22RyHw0
9f9fiNhXyuk
N1fSziIcP5k
z2zkUSC-Zm4
kNa4HnKCab4
IWQYZ63eJtg
9BSXKgZKrts
qqIHTeBfmCE
ECQNDVUTag0
TKhYtRQYIcs
dh0MM1TFrXA
UewdiBh_52U
5jraZdnk9Mk
srnSa8QHtzM
y_sopRiMkN4
O1poLVn7hbs
OYoIVCHVwKI
XjrROc1Sqok
JJPIqEu73Ak
SrK5NAgw_g4
UhXsqv8b7mE
AcniOW0wc5k
nxYQhuiTSNQ
CCl8yd9HgCE
CB9GhE2Jk98
gIUjpXAcH64
QjLHwdpswlE
LGinimRIl04
IKTd98LzAp8
MgnKeZ6UOVU
4Qk7fJACO70
PWLu5bVCY8A
xgEZYKKZqRA
sURfvZQ04MI
zvrCG5ePcME
vWy3C38U7Lw
9vbIO3TpLXY
e9EgUvfgojY
Ob14PcHtazQ
KrpDJSrbta4
2s9ACDMcpjA
OI1pufK0zOg
JkSGP3Sk14U
f4d6UcRCQDc
DuXxcOIU5eI
bw-_iPIcGIU
Qttya5Fg7zM
oXfY-fTZn1s
9POZtEhdmIY
-C_7OuhXh50
wb_cnk7Bm8k
OIF5QtnPA3A
PTXWVKhcXRI
eDpy5gERS8k
Z8hwwGsPRvE
aymvX-OrlS0
3uehdorj5_k
q5nFEn_MXng
vOj5KLcymgA
mlGj8T-L_os
Mn4AE44npek
bvXF850K9Sc
g-i6QMvIAA0
es1KtHW45nI
e4t4PliUmdI
Q9yKaI0vLJs
xHa5tWKkvd4
w1Sj6rOdo_E
nYiHToiki28
VuNAQIfv3Lk
S9ZgNW7VaFc
1XgMZ1YgyoE
axXn_Vn2vYo
JOOXWLLNfmw
bI9eAbr3Bjo
RZFAGBZ-zxI
8egCkIdwdf4
RpQzu22zq7M
zn7Q0m_o-Xs
fJweTjq6qYk
yO0v_JqxFmQ
XvB6AWN3m3s
g94_RpvNKSs
0hAa9BIGNpU
5yZ8a_zAEl0
A02Ucd6monY
BTzW1ol5vkc
8hYTPl7MkiA
HC3uUGCJpqs
LsHyE4s3YuM
9p5KWIhmFaE
pMUP48stXDc
XENTaHpbb74
uHVZVCbicTg
IgUlowmSeHo
s2AUI-7GRJc
ERhTJaPaoxU
ewc3ziZ8ReI
yP88kT6ZvwA
-FkvBA3U5lg
4ihuh6AKyY8
IQpQVOPokhk
-yU7YRR17Hc
iIxUV0cEBP0
QSamfnvVLcw
BdHKQ2hTn40
HY-E7l_Gfe4
-d3Km0qi7Co
Hvysy11716g
fOWm1Fcdde0
ZbPt66TYsFM
y6K12BahFJ0
hnWJpAMpEvo
XoLpXoMgNdk
2Xzh1BjCA5Q
qP3ohgOM3w0
z2tlif59E1E
8RMScghsI6o
RpXLpfMWrlY
X75Roe_davA
p5zLY3Wi8Uk
wHedpg7buow
qI-4-hA4NtY
rdAvKzX7Llg
zcUI1Hk0GRU
xv5TwMVkd0Q
z3Nj6jEIFmY
0lXX3dJUAGY
ZBXZojt6dpM
AH1FN_y8IP8
82aa881dpr0
petg12b36UA
YqI3aEeO5kk
Xw0GAInXkhA
EJJs0OALuW8
B4gXsobd_ao
XFTXKqRujxk
okdsAZUTJ94
GocIobQ9MLs
3hrPJrG2aHM
MVAPn4jIG4E
c5-LfK2i2J4
HYWiIWpcCIM
2K57-24FnIM
kbpY-2nOYRI
ypXwioZXUrE
fhdsaep40fU
vlzHNY2SWps
e-WCz951EBc
PJsJ96yyVk8
s9-23v6v2J4
Wb-6fhfAn2I
LDcm6twPEJA
b197XOd9S7U
8eq_tjJDzvE
nu8d3iW2yxM
24Lof8bnLMs
_RO0YjXM51c
dQS9g9JFI08
DWa13rkEUkk
LgUCyWhJf6s
iH3xXrk9JrQ
TPMrWGUfkl8
-EvvPZFdjyk
0_63BBa0JPs
p9Urng_hGF8
-HL3PPNrUhU
d-K5btaxEFY
xw2OEKAHIhM
f55QO2isoKM
DI9UK9r7CQY
1tkiDsLR1i8
HKviVOv-XGU
Qbz7DC94G2U
ldmPgQZ52Ec
g8pti-Swh_E
IarVaYlhWtQ
WODx5T5OKkE
eLP3a2CJ1MY
oLq1ktogxn4
qtAeINU3FKM
Brpk26Oq4aE
TaUkjl-VHig
tMjF_100onI
43e51vkffQE
uWM2E9oHlhA
wMOM34XEi2k
gaDPUqL1x4E
Q57uokrSgsY
Roh7D027spA
QQmqMZ-1v7c
5DTIzzf6ncg
kwwAJSI-dgo
6VGfrDGY8sc
W82s0_NyMKQ
iEg5_MaxFPo
s5tjjHoXoEI
b3ebIebpttk
SpgOcWZHEcY
WmGaR_mcWu0
v9OdeEzon_0
aQAXMyAnWuk
pICXY_6p45o
lshzZhHAYIs
RbtflLkVv4E
l4IeNGE2qX8
5sfuvKgkjs4
kWcDXAGRQEA
WXTU5jiAFUE
WoYjIDwbzLY
WfdzXmpAJrs
OGEr6P3MDpk
uTuDks4ogs0
UoLWYhwROBI
E7qhI2Hz6pM
-kArjCybqpc
qVvxjGPq8BY
sswopsUW1mQ
8da1nXckEy4
0waMV_4Fc9s
IuV80wYRld0
xtKhYhZwTCw
5ITyd1Pzek0
wFUxiIjp-Nk
I4I-nwdBjuw
MTMJygaGCBE
Pi-8FtqVMas
bEFOF7j7XU0
3ov8LxC1raI
y7KQT1Yqf6A
qb0LIvuyaOU
oltjYiXvMnY
XVdVTQW-5KQ
DPeVVGCmwx0
X7hKC01e-NQ
v1E0xsiYMr0
LiMNSJtk1js
sc-6ChAKBV4
GTQlnmWCPgA
0Tk82hEHNnY
Yk3QsGzAjKI
KxfmZC6aNzY
dH1SvGMY4Qs
M9i2HAE-ZSw
gugnXTN6-D4
24L7r7SoK_Y
O3npvris_TA
q54VyCpXDH8
NEhSbUwHqFI
NnCLoLhDkRs
q8uM9_tbfCI
rZTqF5oYUqo
aGedUxTAfBk
j_4FkpUIh_Q
yCQfi9Wejio
steu0fYGqhQ
jxiYsgyn1yU
coiCkmcKjX8
tAsH_LXT9P0
pRbV8Pjlsow
1MolmoFuXu4
D2pZKTUvht4
WRaaqN2Atxw
lCRBQGs34FE
k6USqt3HztA
NZthaua46l0
U6n3Hz3jDik
6Gv1CqAQVow
ohrQCzZsgIw
2Fvtgt736lo
fLJBzhcSWTk
kvXU3vzHq8E
gaii2uvHkpI
-wUoRKQhBXw
SCFcfHEDs4M
q57MLYpWJmQ
3VJI0ecVO6c
FFFAytPASD0
FUaz2h8Wz5c
9vdN15--hro
s-NiJzwdN0Y
LA3JnqjM_iM
nZWceRO94dM
AtCR6P5rsXU
nZYzzn6W2qc
ZpdaKbtGyMk
8Qjy-ydl9QE
laTdRxRcDCQ
F164UeMGltE
78LxbUuUdr8
BqyChjVdM3E
BESJqphtp2U
HS52H_CqZLE
Y-Unq3R--M0
4RJCWeRS_Jg
caUVnq-O1Z8
WPXbaJC2hLo
iTt2ttP6Ngs
hRpDzJrC1OA
xYX74Ddbzs0
6GeM-E8gMzk
FTBEb-W6Xgo
bY3As3lKMno
XwVJJYfEV1g
BY6bGhcnDDs
MSE6ZIaEFHM
hu9L5zQ4g0Q
ehIiWha1oU8
H0tnHr2dqTs
CMGtCBEe1NM
kp4FLeY6F9g
ZRfXMGHgG90
ThyY7efQJP0
vRk7VFLH-aE
EHpWVasGZ5Y
CL_IoZqyb1I
2MOP03V7hrI
VgGDwYYfayI
-A7VrTxuZIE
1SuHkY2wAQA
Ds_hg40utKY
eqhUHyVpAwE
sPOuIyEJnbE
rzCmnUxAWrY
ddKwb3Wzz0w
pssTJP2hYtU
ylMnFrXxEGo
R45wnNkeuCA
-Egxm5QuW9o
EPjhpXTpHjs
8lz-qrVUecE
EtXi4mCmD5E
SHsCkinrCPE
aEzMwNBjkAU
du035tg-SwY
3nb4nYqNXyM
GRwWt-cFKNY
4RaS46syJYs
XK8lZO39T-0
VPXIzJcfAMk
WhiItOzlhu4
N9dB9BZWDBU
2fG9-W-OwCs
YSZky8dk7OE
5OnhOXq7m4w
5motuzyLXIk
N3zqpAleU5g
Q6sogPTjJXs
q_xJpVlry14
jJ6K_f7oSdg
PWJrLkV8Ggg
jltM5qYn25w
MMmSdxZpseY
wC9S_fFMnaU
7jnlu4_QMfQ
fEa-cd2nWS0
OhVamhT4Q3s
3KjDfVbYJQg
oocunV4JX4w
LAzKGkTIKpg
qDC9Lor98vc
fKe600qHEAg
EOkdFMw0pmk
gGuZVuUBeiQ
ES1SefbIx0c
-BdbiZcNBXg
L9RysEe8SUs
K96AeGqKVbs
5lN6ttV2SXo
5Gqe1navZYA
g4LyzhkDNBM
YGV5o6UHjxM
d079McwlBRE
GJvoFf2wCBU
ihSTGqCO52Q
3U1OCK4xA0w
2YjSiJn2mD8
v9Cev81hnWk
4bOer-y_VNE
bZiWZJgJT7I
84Ly_9Lv4p4
wCEJHxd7KTw
NvZi7ZV-SWI
pFeDOqgoE-k
Rpb0LEc1HZA
VdVAGwbpgKU
7Uvmww35oxw
9ypg71Aixwc
350qUmbcAZU
V-avtiJzWks
7kaKYer6x5A
NP5zvXwwaUQ
USlJm-2qT2w
MgotDFs6cdE
5u45-x0-zoY
npNc5P_66tQ
rUOvFGh0l4Y
oVzEtg5Qil4
rC5QNe5iCvk
JCTzbc76WXY
YasZxwYzlSI
DwtBYjKWeDk
nXwpn90Gdec
IeLGP2dsjME
5n6gbpCqA5g
EBUTQkaSSTY
IwdPTDLi7I4
shanIOl7MyE
Lr6DYLBkyG0
CO9BvJTpR2c
-kfUE41-JFw
CPfbwp9PUb0
pDd5bfyfIEM
VRPZL5ZZuU8
ox8XlcUppbo
i-SrtkVmaj8
BvzG_p_sdOQ
Y7OPc65HdIA
tYfQSyDuriA
zNEpojtXotE
Vf7-7zL67Pg
VvTzaNUDVms
R290WXpZm8g
SWlUKJIMge4
G1TpQ_W2KQ4
jgvTSe7icKU
1TX6advvbDA
aqM4eq1Y1pw
zOmvDkM4qNg
Yh_hRS15n_8
Z4rRjGhN-gs
ni-Gqp9-Has
6O4KR0TAzWc
6IUj6jyoTl0
3cfDGX7gB5M
1E_UtG0nDq4
JmSFWklVtv0
QX_cp1K514E
Rov1xxqYsFU
EUN0gceRiIU
z7ECzduUWx0
dHX85pHsVLk
QmHLYhxYVjA
1D-vyjQIUDc
tZj7gt85AP0
kix2L1j2cDc
UqJdmbglOtw
tSs2dXDf1Zs
LtU5hzfHvd0
X5JdX_iQ2Hk
ilEwSPljeFc
nsgAsw4XGvU
pLj4iwa0__8
lJjILQu2xM8
fI1OeMmwYjU
DPiSFGrHCbE
DFfHGGhCxCM
xxrmOHJQRSs
DfEY0mBHCQ4
vWlQXXNgwc0
5jADnNpx3R4
TBPo3InAsSY
PafEBhLPtGM
oEl_VxFAjIw
vUONE8UaETM
QAJJ35DVlTs
JK7mGE3_Awg
Y9zThcMJzQU
LIYiThAyY8s
maxiipwly0M
H91JDqeR_jg
q0zmfNx7OM4
_zn7uD3o1uQ
mgsErxFEPSE
bxiKqA-u8y4
bxiKqA-u8y4
iV8I9lQC90A
Ez0Z8QjzB0U
d1W7wqXD_b0
3pPvY7bHcLA
03263_ieRZk
CAjWUrwvxs4
tTbT91tzOpw
5lKfPnIvf3Q
ZporFnmDS8I
ge071m9bGeY
4D0fLisyjBY
IBsOu44Tj2E
90-2Dg2CJdw
PaZ1EmPOE_k
bTDGdKaMDhQ
Rzr3AOtFA8o
ghyamhuKpd8
9TRv0cXUVQw
81KfDXTTtXE
0hdDVysvOsY
Bb2mVGE63YU
6fIC1sMNvgo
fK2IJ43ppd0
cWuglG7LZD0
85Ly9w3XsTo
ldj0RX3CqXA
UMAELCrJxt0
9i4jb5XBX5s
MIKPLrQaIa4
HUt6fRWURhI
dIuaW9YWqEU
P8b4mZvrui4
OxuZiqY5ypU
jFCFqjovH3s
Ph0Sr0Oj2o8
cKnSMCjzmco
K_WDqtmobf4
6QcbsedsGdA
H5JGE3lhuNo
NDNmC11vGYk
iUdhJ_S_z3w
6Cf8Jak-OF8
5Cd2SM3zAa4
BBJTeNTZtGU
kjDcM4ZXtfY
dcbjWGj3jBk
XJA870rOMNs
D9JCwkx558o
k1eHm0PNnjo
HPFnfQVWvf4
J6LtABooE2c
AOXl0Ll_t9s
6uLL418S1GQ
vT-ZgA6qcKw
MPR3o6Hnf2g
pVEeXjPiw54
JsGY_dzVZyo
ip97YDkvbtY
308v8sNWPqI
j6wpHzE-tfk
4YGnPgtWhsw
3Rw5i8ZkrNg
VfImCA22DmA
9mLdo4uMJUU
MOdOYyDm4xY
kzoLlL4mHlE
WlckdvjK0Io
z9W0GQvONKc
hUE9dvMSoDM
VrC_MSG9zSU
jQOfbObFOCw
HndV87XpkWg
vqCOss4hqnE
TzlHdvoh0wQ
pQ33gAyhg2c
mW0gj3n4D1Q
sVDLAblwRQo
QiNFoJqOJhs
rD1qKMgTnAE
Ebt0X5ybm9Y
MBAGXkr4400
x40l1ov8hfA
WEt5uxM5fyo
_uYpwehCoYc
E56P55i3HHQ
bbPx6QYdNek
a8vjiJ59ztM
9Tn6vjaYIgI
JJL9S0J8-4k
KBX0ylUDfXo
KcUkgR4Op00
go87azXN5Ms
fNy5umFAnDo
oGNg0FlSQAk
3LM0nE81mIE
NhyfBi-Ad4c
c1H92b_uLdU
WLAtXWaz76o
pp0PUY7cpGY
rAAIl_-IM3s
NwPdAZPnk7k
rluUMpndKbo
t93LeMFaLFE
BMnPpuEbwbA
8CEvFA7laik
aaExiKsvt9A
otxYSGjMAnk
hBAxUBeVfsk
TeM-O-kgXD4
axe0WIzPCTU
mTAE5m3ZO2E
ICppFQ6Tabw
hBrpY_LwFRI
Eparlp-8uVo
ddhQtshhieM
OiRWBI0JTYQ
v2HeNz1ROhY
E26EM-hR8pg
tUhGRh4vdb8
CL--1Z_g4DE
Tk61yzNQ1tU
G63yt0bJmZs
5QmJofRAB9M
Hy4QjmKzF1c
9kfeWpLry3U
SX3C3GnvKVI
veriqDHLXsw
HU3iSW6WTo8
_ad-L29tTnc
YOaJe68C-bU
5-JQ17X6VNg
9hru-MCygDQ
XX__3Fk0YXk
v80Nd8w1uts
xMigomn8KLM
ejJRhn53X2M
YNXUkfNFZ0Q
fSQgCy_iIcc
bjAyarZgtIs
ZaZkvvB367I
zuKV2DI9-Jg
uquRzrcwA18
ZpE-XL0u5yI
pGsE9pDSHGs
Iipn6yM43sM
mQaqXK7z9LM
u3oFQ7koC30
3Yh63x6-8po
9-4V3HR696k
dFb7Hxva5rg
eDNhdg7R0H4
xXPLbcsDOJQ
0Lyuo6-likQ
3QetfnYgjRE
tilBs32zN7I
1RhQ_ajeOiA
_8ZbwsrtE9U
591zwrqsDVM
3bQsZxDQgzU
yg6i7nppkAw
7U8bhJHlrVI
hLE-5ElGlPM
csIW4W_DYX4
SawYdOz1Wa8
pPsGxluHJgk
VDiyQub6vpw
-LWZkL5Xsno
KWjYaZQb_rk
wHWbZmg2hzU
mIYdx6lDDhg
HrZJxRoh_zU
B96o5Hbvb88
mq7zUs8l9I8
88q8XDJKZVs
Kg_47J6sy3A
AaKsJpD6oT8
NH6HBmuJ7A4
QJN3Xd8EV80
4RCFLobfqcw
yu7n0XzqtfA
JpenjeR6BXE
Br1sGrA7XTU
MU0do-agdHE
JK-dmKLFGnw
sn0bDD4gXrE
dh43cVtfMYs
jcgW8pNQvo0
q28W7N6Th58
g55ikrnKcdk
I08u0eKvwUY
jXcCEv72oQ8
x_DgOoKrkDA
ONfVTtsmQ0c
cbwB8-keSUI
qFnNgTSkHPM
P1rCc6JCwdU
XgUF5WalyDk
XASQo5uEsjc
-M8Hl5MUr8w
k3VuFlhPZc4
lbdYg_z_SAE
Aw1oLtuJOXQ
WY08aXxor20
mg6jyXyK3kU
3G63EbETQeA
nD3UiG49Q4w
osd9AKRCFRM
