7sbqa2Nq0lM
Mp0r7gkAhPQ
5x912QLs5uY
0GIdpgCL5_k
LMSYbv1GBTw
hN7WHulu05c
VCN8MQ4NWy8
iHPKTby9z6o
05YF2u0UIjc
yPXhoQRTP9Q
PQRXssjlk9U
BH_hf18ICqM
8p05pEpwsG4
sZJpDDRkk4g
7zQrrfh3RZQ
hq-SmnoQSk0
wKo5pVV0X64
4_ecJceRybg
pV3TLyWKhuI
l73FKkh29yE
7-QWVAz8ym4
xC0VN-DCM3Y
yP9vY4NTRqE
YRz7IaKUYnE
EIkswfakF2k
3mdYUmvTeig
HmSBNIXyWK4
l1glGaL3XW8
0ImoTTEDE8k
nzeTPVYijKw
idDcB10VSas
5dRZJudoYPE
u9v_MpcUPdg
plh7-gU8OC8
9qeWQz7qCW4
KXmSzNu-BkU
xegO_3sBh8g
P23JA3CN4kU
A_E1t7FgAcU
ljJpr7RwmCo
ijQUxsQIYFw
h2GO0Ks_VGg
P-IUIRDRldQ
Op1UIQ93GFE
Aw6pl9PoNQE
H67o4qTKY4M
TxsTugkxqRw
K_Oc05xM7Fc
l9mzory_7Xc
r0uSd4Q4BW0
o7EVMjgsSME
6vhrfFjHNC0
Yz6FlbriyuA
6b1n1dv2cPI
zMAvgFaP66Y
AhVEGIVAGco
jTbRx2B03WU
LHAyE0UC5I4
6Wcds9TDELo
Rts5noEpvBE
d__clnArQA0
PQMkuVA92DE
cbBXplrwbyQ
JLlq86-qJqM
TymY16Qqzng
-gJAwCtqaWg
dJH67GR7E-8
_B68z7robXY
WOYky1opGiY
DB_xDajqiNQ
IEgTsv6G680
aCJmdZgeZEE
31amxAJYwAo
eSdoidIMGNk
eRpzLk8tHIk
dY1OYkOJ0XI
ghVdzAeX0bg
pO6dZsKwFYs
MYwBl3FlnHA
xWeJ9psU090
PYugsVrKB0U
wKXI9tG69fI
3REpomoIBs4
CXEr2UDb--0
Jis4pXgfW7k
gJT4Jn_HY7s
MwkZsAu8BSU
6-g-6bdmUu4
0kp5O4DLbrA
5bvuKdJi0zk
yPbZFbJ8GMI
ZXzFEZmsOj8
ZoF55SXO6ik
dmV699nDuTQ
QBjM-G_d2RY
vEJ-HpBMBn8
kJ3hrVhYfew
YFF5GxOYGUs
Mw-GnpfdgMM
Xao9DJEpk8I
H9B5mYfBPlY
PXkgVyjW7bg
4u3HZ9WduqE
x3oxwAQDS7U
exBW3vLvpN0
VebV1tctnEk
Fyow4sqGti0
FBoEDuEZGDw
qIXVyqxUV1E
KkGvcBD02Hg
Sw4nhhSr58k
UuuKbzwJs8U
BfMxs09hBzU
RLYoWnvth6w
w0QiqSVuAyE
DyM7vi1HMvM
o5VQVIyuKKY
qG-vQ9U2NkY
3-wA15Zt-6U
dljj5Qp_hnI
APRKJwJGCI0
a_JF_XcBe08
JiFU4CjqgVo
ArZhlCPFMA0
2EfustMcNag
BEbrqh2BwOs
HT1SbWj0xT0
6ymKfqFSHck
kMcgWK6LYyc
ALMg-7-2trY
5JYLx4UmwMc
II4nyW6U0BE
DZhen9gofKc
veRIlVdIuyI
tXShgcXnu8Y
vcrX6tjU4ls
t2TSkgdy7jI
QkgxdlpDck8
EyopAlh04iA
5upGP_t81sA
KxL1B_3_KHk
N-Ml2Jrs5p4
8lPimeT2ZGc
CYDdGPslMDg
hRM7Gsyn4H4
znSAWt6QIIY
IqCwQQMkW54
cpVPtoe6y6A
-2PQ4eQ6EKc
V3M3BRLL_C8
6nSomRHWVqU
FzgrOiQrAjw
ymiBDged-eQ
3FA3UjA0igY
NcPjS_Mcktw
P7YEY6ze-0U
qV-xZigs75k
RlIeGVHZdYE
7xlvsdCg3FY
Qh3p5E1d-5U
3Mlzz1OaY1U
RkDAD0Jb6hU
TrvLEgPpV8s
ZwEquW_Yij0
A0XxceO4qX0
xRxVEcbh-Dk
wQnivPKXkZs
TSh16vvYJBk
r1_M--Qcrg0
PsGkGrUQYys
BfLuQ2arP48
DPd-mBJBE-o
DsMyzSZwr7g
1EAMunmlcWE
xo4yLAAoXCk
XkFYWuc5MhE
HZI2QVC7zGE
FwbYRXYKkq8
Hu-sCM0eXaw
PWU3FUy7yPA
cClOBzubHWI
gAfWKuQXd2E
-e0iPI2WLrs
X17p0ND5URg
4i1CVHzvUJU
4SI4gE1UDoI
pQG1yZFzbAs
61ZJWehdbGE
2_yJILwjdlM
wSR9PflK6Cs
Q5QkGKoMjP4
oSyMmleisQM
2w5m_cm2O6s
YBuTkSVFZdE
jEWwy7sHoFM
IFmilgyK9fA
D9IsOwA4Z4M
-FlLj64dI1Q
DzsT-FS1OKU
8S_Ims5oX-s
OawCY63Mtrc
_QCKTXLoZh4
i76Icf8WHDk
JPaE9aLiuig
wB0A9O1EXg4
zSggztqUYaY
7Ws6E6CLonk
i_7aWnSf2mU
xFF-zFg9y5w
BzXM3mPs6z0
PnLUpoU714M
5WZmfAs3OXo
3Wm2_uMnn0w
HOf7EV-QDI8
j7fzCO7rtDQ
VGrXxxZPPRM
GUmdG64WoYI
_U3VUDj_X-k
859sFFE8nWs
l26fF5b9mek
elAcQPmC6NM
FTIVdlqhjQs
KRL4gdJSF98
K1r8-Gt-vSo
SreR7u46dwY
PQvTQebCqxQ
DlA_O7QguEk
wzE9xl1vKsY
3dH8X7PK3og
ZEMElUYsWao
7OHehcMY0a8
vRpfllQMhb0
j-UGFsgf2s8
hp165ITISr4
eLYqhezACpc
fNH4S22Ijao
qfbB53gEAHA
5Nw6EK5TDfw
1fHm30-66Do
38DTENP3bQo
I7fflsbVEFg
P-WHw_EPOKA
yopZxm4smOI
pIUiiSHxTxk
SlVBXmxnjF4
GM9xKm7MIpU
1XCxbeF7PJI
z1K2NV9GecM
m6H3XCBo0is
VF6P3vO4tlA
nJ2Zt1lIrWA
dOBqrunBIUQ
jTTUKWBEx-4
IHSGLeNbRFI
2lJ5j2jQSS8
jrGqH2Pf5z0
3cumUUDFksY
vrBEbgnG01s
uIG-UhCRDGA
uHjbygGaPtQ
iCbrJN3XrCI
qg6-mdcVBeo
GeOiOnO37oo
2omFKcCmX-o
7gfoIzzH5-g
EzyAPEWOlxw
SCwx1w-RgMM
t6_FzG71lOQ
vh03_TK3fnI
bwjX1MxrxVI
1eLfGgOjHRU
MtZcQxBtP9o
jBu7gGTYzz0
Qx5herormrY
z3EEr41xoSk
IKtJU63BI0A
yxABYjEnAlg
EOOfnAyTeOg
xOiBCW1oxCk
BcUBZHOljzU
NCe4xZxczz4
E0fHfYeqx30
A7eGdk8H9NU
-kD_NperbrE
-_KTLaMbFqE
xO3VtwJHltE
vafLtAoIYoE
I53WciFh6ik
BQ6IcUoXpzU
IE04M424WbA
isMclmWu1-A
8LPwyy4scAc
cqCEJX7hMls
1DzzbMYVoBs
8DJJO-QoHs8
CgoqHTiGwvM
UV_VwVGXjig
gnk4sgOFjBQ
2sr_xn-7u7A
YGnnEfmP8K4
UV_VwVGXjig
RllvSIk4tB4
VKHxUJ2BF4c
q_b8pbyFdGY
vB0Mz8iHDyU
2KreaV59NkE
vozwY_KuL6I
gWVH8xkdhaY
bZArixBbahw
XThXY9jXxr8
d7KdASy-2jI
y6o3kOR1uEE
uKxRqq5jNPY
p89RhmcIaKs
dmgyKkqDK5Q
33lC5wLE71U
W7P6ETCdFTM
s9ZpbLSnUNQ
oHR9Nucp-7w
UGshHR1OjJ8
FUBD84YaCJE
XXj0_a4mf2U
YGA8FfUwwjo
-21OntkYTcM
_NmmlQbEHSQ
5W_hPKukIBE
t4hYuqyJeMU
A7jOqYWJUKg
7pCIvOx76p0
8X7jVnBNi_I
WQxBr9fQjhY
hGF6eSJhy8c
iqaXz2BPsfY
-7J-Gwc9pVg
I9dX8O0eiUM
AZIR3bSIB-4
XiQ7ka11QnQ
pXNEM4wjSmE
3KFgzvC-ao8
4AlZGl1o89s
yA5oDZ9TS5s
qGavTiB-sQM
BgM_-0RgGAw
f-7ooqWU3ak
9Fx8hR5DwfM
GqqrTLwxE_Y
iTUz_MKyMzI
DHFU_mRVV2M
51X3FxXFvYc
JWnTzCi5xG0
zHVHsxkWXt4
518CG5zbh4g
n7wsRIzAvB0
7kgh8c9XydM
soeOGIjbWVo
PIogCyeDxCo
kc1mAkBzio8
r2YdF58trQs
TOY6s3yarbs
7g06kP4AoyY
otZDT4kr05k
JHNSJCC2xGM
Axwz5vgdo8w
jeOHqI9SqOI
wIVD3-SRdvQ
ZB2jE9euVPk
tjSrjSy5cj0
tPNhvRUBow0
WI8wj4swago
8bh0xFWs4hU
vQ9ih9-7-3M
RLD6pFPt5Yo
J-ZxU3rokzM
MeVvrzNl2ew
dr-ZDfB6Tb0
RaypYQX-dn4
snbK-5J5fIc
mxRfazAjIqo
45tFbbVZOZY
V4IuXZOIf7E
gPDTdhGLCQQ
YTbHIib6_SY
2IBlTjNqmCo
f_qfaN_q7oY
QjCRGJppaq4
CMuZ0pV1Vdk
hfvH-YfbOEo
5i4Vq7LgjI4
f0gVWbXZ-oA
vDzuvLQD9zk
GgxXPzae1bA
W7LvxGfP7II
fBRKy15I-pM
jIA3OMStLb8
9EtkaLUCdWM
QxMGquDKDKY
D5E3lBDHmMY
kwmtN6EhPQk
XYZlfotxvSc
l9M8i8IZNgI
LYaMtGuCgm8
twZWI26N3ds
YdpvfPcHAyg
gmiT-uhNE28
b8lftS_g9cU
PWWe5l7WHNs
eXeQMYb2zHo
-U3UFtqR-hY
WmKhki4MLhw
xQpD2nKPVi4
uIQ3v2Jwq-c
ggPRJKTgQL0
2c1TYljQj2g
Xsu_r2i_Ohk
d7zYVGs596o
DWU-HOLi_O4
try-PFvoh9g
YCPW5ruSqqU
bLyY6eccGVo
uiDJ9alxsq4
qdL92oJfODI
LOJmp3mOc-M
XF3V9cdj0uk
im3UjCKYkcA
7H75YIciHDw
QyHv9FEhbIQ
-5_Jv-OIPyQ
6EH6vwC4pmE
zXawi4JFEac
MpkX_Y7L-JM
BSeqscTC1wg
LWf1zkIagTg
OYWCVKAxg08
I-G9Xspnxzg
yTcmosgeimA
saec7c09XgU
qkqhoprNTuI
sW5HfgLWaHM
3hPObrP2-Xk
BiYp3ww7mrU
oyiHRpWYgks
pSJa7sgPX90
K82Y85u2noA
OCKuysFsFWU
FI_jLfSGxvA
LsrRa0GoXT4
LG_EtN2kLZ8
Z32NqQqz32M
KhIU-lIE4Zw
KMXGrD2Hwig
d1q4QCJ5QH4
SMFXZK6fStc
cil03kdRvrc
yjRc9YRZe6k
qt1t_JnzzjA
i4VpsJ-p0i4
213a1qyYmR4
AgLwHrtDlCk
O1f98g5YYvM
ubgiBZpyxrA
0-6FExEfaKE
HKbc2B6vYis
ysGfOdJeVaU
SStVAtF9jYs
c7MrQh1_Mik
xge_w4bZTgc
cBMrKQ4lkZM
SxjNIWMLhgQ
GfZ1KStbZ2c
cPwmn4z0aYo
yoRr3G70xvg
ig5kLsTFt2s
XxAmvlYXlj4
8mmLUUMHgKY
RwosCDOwRHQ
96Gi3QNdN2w
sD-yct-f8fg
HUad2c4jdK8
iBmxzAyon60
a21fUkST16g
09_YaUw9Rm8
b8hJw6sihXg
68wIehAABPg
hIaWdH6XaBM
PN2gYHJNT3Y
Ntr-OPzEM-U
e4d-_b7Dnic
4q4wGEH1l_k
HdkR_kZskVI
9ZVXE6frUAI
WeCV6KLnO7g
kdLtnKTnk2k
fd-7a_wdVZk
ZahSkMn59dw
aQfJcEtenPE
o6XCmg8dHic
Wmp3Pb9jV1Q
rOZtweIb51c
iqUA1ezOtKw
KWoiAS3fzeQ
ypMTQQTG93U
AANEiNhu5wk
5pWmhBm-CiI
OYpRja0-vrU
rIAXP5KiMYw
YCV0b2hukeQ
OlgKFFhtQdw
ocGeKUWmRLM
DIRH088zGPI
VwTdHEI-e6c
To8XMeKuYWg
9zd-_PLH7lQ
PN8pA1cZFBQ
olpmZTFoAPE
zKBJ9_ofK0s
eitbKsDg1Mg
Q5GPMHnH1zI
S0sGXYOCfqk
QxTW1TUqohs
qwCXE7lqeGA
ecRIVH3ttTA
-3IDkvsZ6I0
vOxJ_uho02E
GsHXco4KVyY
w86YIJob7Nw
JUMfvB5BjKI
k24zlb2KR9I
ck55OkQsPro
AKabY1iPaBQ
BwCqylUlIck
9HkWaxsCzGE
MBy_s6eI_bA
wX3eJRwJqlc
2pu172VHCjM
YVyhILwQxg0
ynjBJMVTNZs
ODoVqXgblyw
H9pWKB2D23k
GNfTNH84Amo
3DlbfG9Ktrs
Ab7PyD3XhYg
B-iwdRdgHxY
IM5xdWQEI_c
