hD84SfkPmFU
LleIReFt2hQ
Q9HUM0KwLbI
5U4NegPnrAQ
KpnELLod5zU
HA184kOnQW8
eyoJXTohKOE
JFxaZ-dkebw
nMDWzLvpkCM
7GIdteDWeX0
_NL9fXY1Xdc
shqVaAnuPOA
MH9zGMkihYA
nqX7xiDyTLw
z4ZrdEt6D_Q
6CeVHeQaDw8
c8L1yGxCla8
6Mu2p643Vss
Wh3wjwLHcr8
0pQ-bWDgjHU
jdETgSLhjT0
lg0-Hk2giSw
PLmMcLIzn4U
XitSlNH4KL4
KV3etSTMSEA
zVCvn6lq_Tw
JiqGBeyVD8A
rUbP3-1S7dk
Bzof-se9VKo
2wEnMQJqsJo
8n15w-s1qIM
HRIN9ohgk38
oNu-Y5ybJQk
aeZ7esmQcm4
ru0tfK8IodQ
36GXIE7rvNs
WAlVtU7kH-s
5EwDLFes2yo
cpwF1F7iD9g
DYtiEx6lKBM
gK5YJO8wb7w
ZVVEym0suvc
ZHTa1yKcI0A
bSggIhQknVA
wPYLy_EFZtA
CuV8-Zo7Y_w
ZdYbQKthqoE
K_eTsVhLfuA
6hivVCSGfHY
ZFm6bLG8Uwc
VS4di7AHuEI
cb4VNKdRnHI
eCTZr84duls
1emZGeZDW64
A-FJGpD-8Xs
txaayGH5Ryo
efdBX3SjdCI
F2gE4knl2Ac
O-lhLVUlTcw
t52mAcB-CLQ
IWtpXZqscFk
FtZ-asVRn_U
rs35U2Rk3S0
rraaU03fj-E
AvwMgKp_tKQ
Kt-Fh5Kngqs
-Xn4Cpj2eWA
pzA_LjGeITE
3tNft7sv-Zo
_uR0_SQiAeA
S-U_Cn5Fvj4
_7vUbe4OMXs
z54akiD10gA
AB9_owT0aBw
rZcrmy3a1fU
xNoCEHDHKKs
aKbkpVEVrck
lYAz9i40pBA
d-pUjhkA3i8
K--qSF0GmOY
KV2pwE4Zj_w
jbgTdrNA3gE
ljw3EGq0dIg
zjrJR8mxQ8Y
SsHDO-96KGo
d5yjc4kC3VE
b_autVoFg-0
6CmDeVum9wg
RS5E9LRKzmo
YG4mqYZvI84
q6ficdLPO7w
ULxoFXtXE84
P56SMm49FNo
-T-WtjfSTVk
sGVSfuJ5QY8
uhRvaTEWHF4
XObk07uabLI
r_y2sLUmtv4
bhHg2WzwP3U
BoKrKg7ZCQ0
eUuHRbtz6dE
2JsFvcSr7BA
Kbwx4Ci1vNo
GFoOe3VJAu0
DVpo6k3n6II
hiWuR-NSLmw
SaOWZNNmp9Q
SScubWbQKhI
r3WL_ot76CM
XE8tMHUmQsc
bRPmFXcL7mU
8i2Tql4BkLs
8LAc_-ENRKw
hYoLvj3b03w
t7vFRifagSA
d8oN-p7CGsM
i_eJqsnPknM
q05rMyTzMrM
k-ODFx3R26g
39GUsK-dlrY
9--M_tB-4S4
WOQxl_6a8Mo
7ftrUdKFKZg
0s02ziiGB-k
c_lljgoACcc
_bneto1szFo
SFKg1jAA2NE
CR-R0XFHtng
ki79R_Cw1-w
_A68bzlrN1I
s-dS092boi4
QX7BnukmvqA
enbdsdKfhFo
amc71GZ6YJI
rb2CKfBfHnU
iMG2B9vxjYw
wyxKV0B72Hk
-yJK1p4fKyw
puN36_2axBU
R2m4ghw2bsQ
eqLZb_md5HQ
_uIRJxc5A-w
sHIcV52DQss
zGS0xWaVDEM
4TgBR1-EHbU
uQ88yC35NjI
epZ1KT5cBrE
EAruY1lv6N4
wz6UEaBsgh0
a1B1rnyUxLA
s46qP1l39V8
MLkmoHiSIIQ
Bojt-clazxM
8XpnseaS3TI
GZmpn3nn2qE
axlFQ2IRW2A
rnbM0cGUTAU
EiDnNUdeoag
_VHgw6epe14
Qyrrdoqspdg
ga33ZAz11A0
k3QiW0gEpYM
ydoRAbpWfCU
fd4jj1XyLGs
qNXKovYM15A
Wo6OO992ywI
tySz3vkk788
PhiJcedqTjM
R-gUy3X29vc
V2eVQAXGVps
93XYE56KwSk
k0zBG5R7TXU
XGHVD0pih9A
OecWk-y6uV4
cYzCd5dp1SI
YFWRe2TqyPk
wgehpjvo4qs
f_YXxDqndZo
eV4c_ILdcwQ
lIknRGKCKZo
PH3X1c6hzik
Bdd93VDfEoo
AeMIS3qVZek
PRyT2KKooSo
EUZ1Bw21KdA
2cTiTV2B9hs
dwd6DBpVPOE
XPkKqUWA7t4
W2EGzLBriPI
haXGsMsEnPA
8sK0mZnBx94
e3qER3Z3QyA
TeFRXB1LLYQ
fG1NpCE1B5k
SB_OThWd-eA
r0py0N9Tjzg
B6yGMrkSFVY
70O1ex5Ixfk
NOEBVWc8crI
3q-wQKlKPiM
aykbu-ImfKM
M9MBokHhhPs
H9-bj_8iCMY
1Gpectv-3uc
tJE9Ov8LczM
79Hx7nvIdAs
Swd3ISRF_wY
dr1IAfl0_TM
SOgDbXBDRNo
3duE5TzSWco
bR_bmsrwG68
MBBHfZwjxYY
gB2DeAzCBi4
JtzwBGBs6f8
pvwnGQFUdTY
GgbEVDi8Zdc
cjve7Il6mRU
J2DKtmNoiKg
J_TEiWkzQXM
Zq5L8z6zXAA
OWt_XkqAMPI
hOsTfZ8gTM8
HI2BwFyZpt8
d2MD15kt88A
1xPYxroE6P8
rZ1C__2cRCI
QLilwKbbr0M
Jwso2knThRI
In0wnzO0Sko
7LX_X9L0jv4
8JA5oFSa9Ec
i7Pkgw5Bs18
bkRftHETKjU
8zNkmlf9G90
y4oEedkYtaA
fR03Mmv2bUs
mNu7YWay4E4
4kq9sbtFCR8
h4YEADagu0o
9LZZk376voI
1L8oweV0Cs0
ZnRX_Cqhwb8
SQOEC9gHpmA
vIGbOoZzlYI
_-Z03Wz_guE
7jgu7EJ9A8A
rbmqyguO3-g
t_Dlu-zVHq0
MoaDP-NdxSA
9DHHWMOC-ZI
i0oFAij1l7c
KaaZasiRzgU
6eJZ2YeAw_U
DJVZXCribQs
w_pl7-klfBA
OkmaGvdJIZU
rr4frrAodRk
XmjKODQYYfg
xq75Cl_osxk
UPJhAwm_6dQ
YwEQyH5_1VU
gbmMYngl6iU
pZcfyJOOyOc
V7ktD66YvJ0
ubhfGcTsJYE
tT0EuyQ9lZs
tNL0XODSMwU
M2L57HxcomY
xPRBQadLNIM
9JaxlCjuzqE
tTXKAYO6Z80
5h64_fTOUVg
ftCL34vHw70
RsBoBS7t0go
bGUVcMYC6oY
F-ALLHKDDjA
ht-pqkUJKyg
htukqTEeNaQ
GVs1hPrJ2bM
BJScqa9jtyA
TLTPMXtnPuE
xvPamPGiMxw
t_wMUNOZ0z4
lZsSB9riza8
mEMGUN5oJsI
kGxdCDOu5xs
7QXmPKJKVOY
M4o1dc41r28
Dj-NIsd-X4U
3Ap4Efp7pBs
ecD5mxJ16UQ
1xkpDeD9clk
ynhSaDZAw2w
ts8_yMkAbNg
YksqcLwzFnA
r2TI3f9LD7E
54GJXMqat8s
iPYxS5h4x34
9hnwBx0Pkc4
-rL9C5_wX14
-rL9C5_wX14
wbHPcg9zcDw
a3bOL8j3ypQ
6DGCyLWpzkY
bRi7qzNK3Tc
6md5qDSXwXM
Npgk4RM78Ug
90ly8GtME3Q
kRzmpCE96kU
SZHJXXrc0YI
E2zrqzvtWio
nEJdWD-UX6k
vYgiM-EmKK4
ojwK23XVjIM
7VBlBekw3Uk
bGZoF1pwb5M
5uojs-EFrXY
szcuw-I2-WI
uhLQpjbmPro
4ggeZJJ4_Y0
zGqeBfgh_BY
XdOxBCpk39c
T6Cas7zsKBI
6WwZW5Roc80
H7mrIJCjTdc
bXDCKk-6nAs
M1I79u5Y9n4
M56-6XA3h2M
duOYnIGivys
a1QapjJzTRE
GfbUJmY1baA
zrQEsidSRHc
99WJDLpgo3U
piAEzVOqHHU
Zq4K0WBXrv8
gU5p6061M34
vJybfmbrOCE
V887sYcmIAc
V3_MIAEdAYg
MATKIhrDZSc
ZEPtuye4AgY
2bWNF_eNwvI
z08fLU5a6sc
S88vie0eCnA
UoIGbYv89bA
dBULkD_FEnw
7uuZ-C7nmj4
51VXjm5itcg
ruhnvXy48Yw
rlII5C0oV-s
4G2qqI8k3do
dIxJLOMoV2k
Rk-Lxgp9NWg
KsDGDzwuQ-I
Pw_0cgO2JKE
9IpG6m4gvRg
FGvkuttgik0
iYBZVSShBIE
fegBQMYmfxM
pixDj1NlRok
SV__onzXDIU
7Exst44CyG0
umzta3uraoA
0JBdedLx-GI
cKUz5Vjq9-s
gX0H6EaIK2o
Uas4hGFXFZM
vNP502RPeKk
N0aI6QWV97s
E3aNbNxKS6s
icTi4rKi3Yc
Q-LEuBqeLzg
r72X5oUPTwM
nvFlEJpuTfo
O7OqaMkymWI
0DnXV6R0nh0
E6kI9sCEDvY
oZUfkWau6zE
As82uPOADrA
UveGlCnbKDQ
3kpiaP_yaIg
rkCXbGcp5yk
ErA2hDJwWVY
k1d2zxek7zU
XEDWaBmKpfY
AJdvbyB2nvg
3f21eVcY3pw
7BLKttn_cS8
v-4qXi8kXTs
-9PsSLAK1u0
tK5WrCseFYI
AXBODH8tkeE
dP5C59QTuKI
PDT00aT24_c
gcqspF9NbEs
oZIrwCylmGo
SX1SLJmeGEY
jIRDidFqOEo
RpESqGjyGVc
l66muLPyXkg
4CAjSAefkvA
DsVzDf-KhXU
CbkJS5cLLOQ
57gaB1VtJiQ
HPe6BgzHWY0
ThSJKXyTLog
NajllTD3Mvg
EzKPnojXXYA
Kkdj39R3bAs
oRSTy9ir6zs
2GH1c50zcYc
ruUe7fv8jG0
qvBril_PWZI
sgshIFRrp1I
2dadCR246-Q
5Nhsp26bN8U
AXlbU5ZENy0
k_olDknVjYk
QNCIGl1OpMs
3xLvx8L_jzM
NK0FNnTX6cI
poqWK0Cyz7U
JClqvThA1zU
mwmlbi3V7MU
TdDlm1zlloA
ahOvTUkzwqg
tV9JT4pZH_o
ieXR3L_DLHk
xM_jX22Iaas
1eaMix9x4HE
ACQy3x3pJ88
XkrxX5KgGz8
jvvhtIx2DRc
