ZROMk_I-PdI
WndcxiuS3ZM
WzSGhOeJxxA
Wbppcmru8eA
O6xVUSpMsk0
TTYeXoXDvBE
wxU20JamyaA
DbDAk4pkZo8
uXZBbo27pPQ
uM-zARWIXHU
0SnUaeMuyB0
H76gcxXed7U
H4XQNOEwuZ4
XBMfCtyW9Pg
Kho-V-vqZBQ
a6dDQaoukC0
6v5yvFXb6xw
VGm0lR_HEIg
WUC_VE5togQ
PM4sk9MD9Pk
EgwgasETbtQ
-Dsy1I1GXeM
BjnwfDRt4NM
8i6Yf8gSVec
O8fiNCm3gc8
Z2Tp2z4-m_o
DgcB0RoDkeI
ahj33RZKPLA
6Y9N2SLaRqY
hj4uF3pdIPs
vN_-fxQesEo
yeg8eUQN6Pc
IEJaqk5XeEs
C3vYsdSrgDI
fgzbm7s_LYI
Zc7JGy6gzGU
koTQfcePai8
N0U-XEmKPKg
G6XKBMs2MWM
vyuj-sGdyAg
ez5JGHEvwH0
O4X01Ietku4
q90YNdkx440
IoTryUyzdOo
05i9ax-uMWg
0iapjPp_zog
iXowbsVF258
7ehlZSDTDsU
3_n0vHvmFII
nDPw_jTEMIY
ipSK8uN3AnI
4BBcpa4aTO8
JWZampTCSMo
G8dlVN5ocmE
Dqmcqs9silk
JWgjXmu0VQM
tqXvwaBKtRc
L72VkG0VhS4
9PdKsJo8QdI
yY8Tcx_MrQQ
YeEyJWggkV8
dF51fnh5zTs
CnwAJrDikgU
IPffjpXKcFk
lbIFJWhCuK8
HuzFIeNWC6w
HpMgne-X-Ns
CzuyG33r6kQ
gMDGhwcaEds
fznrVD0oOxg
qGZhQFlO96E
YfFBacmJBqY
XOIhVRMSq-4
3f8WIhIevoM
46I7VTaLM6Q
K3MG4nheIJ0
QKHeN5e1q-A
4xsj2O_fRnc
ggvdSL8ILKM
UK3OWsDlKm4
s7zbDHAfTco
Zmz5nRMi5v8
yVz2JH5YKIE
esAxw-g41GU
msxQWb4eR14
mdnAp2nxOA8
Ku9bn3bT7yw
KDGJmzqvKTg
__4BPK8JU1M
4u4f9noQd9g
98YPTo8vbG4
WbG8raMCgpo
hJLADWWFEE0
keFqDzRHd8Y
jIsoYcjpeeQ
DTQ7vsYOkhM
rxJ-ANiRpGo
IHv8DLolpGU
PqYNDnw5gxY
ItQ-GFQ9_d4
Ci4lhArVpzw
djH27iQgFa4
kZhHk5lin8g
KPrnizmSGrI
_hPYZ2lYMCo
l-6HbL09Pgw
GOfKwjC_AH4
dpBwlcUZZRI
ygTJUYZlDdY
QxzTRR-6noA
xvJYKXYTzHM
X8I98Q4V4i8
Z3oD6vTEMG8
JktAUOi0Vh8
aWyQWQHEcCE
nt1Qmze8cPg
Mtr_1_HEKC0
lCbit1NM4FY
HZq_HjKCRB4
rUdzCHWvti8
ma78V8kWZas
WJg6gpHU9l4
1z8F9MP6PN8
eVQBHsg75O0
bSHUpgKWAao
BvAEb4lgk4U
IbEFyeM4bow
4m9z6FEKtH4
SB4w14PSqtM
7nXU7fqdGfE
71939OP-NvM
C6GdAnXmvQI
_SCYjHuM2KE
3wvsrcVsq0k
B5yenJmgmV4
kzy2uJj2NKA
olLh6cR9ib4
FtycBYroY0U
6v6-fpIrlDA
LFXG0a8WdLo
RzC9Yerv00M
aQ3mLfMyGA8
C55f9gKAEgs
aw0zbyQVCEc
8VvR8nbIjs8
Q3c-AfOqLJ8
6dY1LIVv9RE
EZMSef3WLlE
fxeLohZEqs0
-LA-mBE9H8U
DIpm3-C8jII
3cXNqUPNw9w
ujTUVWt8Eo4
JUXSz98rOBM
5m7X-1V9nOs
d79TwDl21pA
A8ieFbP-AP8
kI65HaYEeBc
A58LnaWbUMU
OwTe_0gsTZ0
hDJGC1Hrj-E
VPOpWgyKYew
m4YDpNdoZOE
vwIl-yHVFlY
iFQarMf13qE
ZIscTNioz-8
R7MfOrjhwC4
rNaND6RhErc
HrWmJuaLW4I
nJsUvjcqrCI
GG_PiolS0g4
kB8PMaGD4Pk
H6y1kc8Equk
uJqYxKouRS0
-aCn03DeI9o
Y_ZRE_XJR2s
VsK8DQTwoOA
OJHfAVjofbM
LZ2-xQk0dcw
GcHwwBQ1XKo
mrmjr4Mols8
BF9OCI3Fap8
uPcXaQvdSVw
vWoM2yXrRsU
WenVonwNOx4
gjxG45CMNDs
6uE1u0_59KU
u_WLPdF7Mqc
hTZbrRaO2q8
8F8AsOz9kOc
yFqpWGL_EQE
eigEnG9DEhQ
1WoVBqM6qcg
mIJXQtGt4ps
Yx7uYICe1pE
mps3xOhmiig
sbqKeF_y8_k
PGpu7Z3wuB4
cZdeO2WBGN0
OoHXmiIejVE
tekdUmbYBBI
gjxG45CMNDs
u_WLPdF7Mqc
tvfYBdVkdbo
YhtKUiP7VcI
AHVUrT5m-wM
4Un5sVqE4_U
dYJ2qfb-nKI
b-9XPJMl_Xw
boavt6bpPxI
ADZbSG1Xx9I
c9atOkCDeno
QQ_C1nlqJBA
wcSGQiRKo_A
KpPuQysszUI
fmynzMyVAVI
VcK9mraXC-Y
mIY5HnP4ZeA
1vAogGmSWqI
oNzdeBorJmQ
TYBrzw5qM7g
tUbA_34jmPY
b8NtKIxXSY0
zpVxAWcY3lA
25J2c-9rXwA
fhTE8Y5BsJM
Y4Y3YrEn65E
xpawmgVoKqc
dRyGiQMWi6Y
8Glh8MmDE44
eEojr1EFP_M
C8TAwUcbCzk
Qf0x3w-snno
X7UDdoEyFB4
t6wYKII9xCQ
w9IIc-uHmxs
OMYrX2Z-8Ec
1qS7z_rGbGs
J50Ba7psR-Q
l4zFgoR7ki4
GXTaDykmAV4
CDYVsM4ZQCE
9Kjkc5BYnaY
8Aia01ABAZA
al9BI2Zcqss
K0ytZh4CyiA
AnfBDO1gBOM
TBu6s6EPrLo
vDFHn9OQIo4
c7jWBTiDI0o
l6phO2oOSLg
ZiEAV91DymI
A3XrxqzchW8
mRRcetK58FM
sff3EV8B_G0
2t9C5GOxZ20
GHuB9-NeF1A
--6T95cQa50
mf4w5yoeiSM
5bpQ9-IQffw
5qIbN5vc2bU
pI8JyMbwkZ4
BAHvSVNGQKk
e6l6k76cFqM
XFQXh3fsIEY
kU0KkaCQFhI
IlCTiZRzaTc
GTxiyzWTUTg
pZ2vRdAp_sw
B2pZV583VcE
5517DQFxQBs
4gylqTEWRwA
01iDVrKmi9w
Mz5GmaRJaAw
BHQvUs5bnv0
VrkS3VI1FkA
p7-BbGU-jjo
iYlYhUGGPQI
8Fv9q3t57QQ
weZbhbAwCns
Z5KNxYXNKUk
5-IrXFN622g
L5kcRM-UE0A
w3CaW273kC8
1ei_eNTmCsU
lnlI9vSJN0A
eWJI5jVX9uA
5LsbKq_-oEQ
pRFBjfc7TAI
aB-wiSlG_jw
5NwTPYKcg9M
-x997myiO_I
maT-vb458eg
t9hKG-KPp54
YrYLZvRT10Y
XaP_FjmD7Hc
b7XaLkzXCFg
pH0BsNFmTh4
aC5vfEusA90
3m8Ybc4wVzk
b47fcVPEFI8
qu4QBaxd_fw
aC5vfEusA90
O1nUSr8RlOg
cN51UZYMwxM
sh59JYTGi8o
elWc24qaP5s
VWuykQAt82Y
_eJ2ufGC_i0
-BujIlaQtQs
ZMcVsYSuMaY
v0rGBhhPs2c
I9Shz1-8PB8
Xaxal2I1fSE
kOBkxXiOFoY
W5FYZ_8Z9qk
Nhm6tXJIZfo
dW7Begtm5pQ
R124K3yGIfk
-cim8zIZCj8
t3V7hquFegM
iT-ivqvE8_E
Xs_zEqZDGP8
3l68CXGgiw0
9n6bOt2pqcQ
LbnRxPguEj8
7Ng7X8keUqw
vtiAALlxOFk
4LINDsb2pgA
XaRb3NvBZ3w
V71XsOMAvBQ
395rilxWHBc
UBYoisauB90
20kcc5Z2C58
3Owzk1UNsq8
yYjSYafjAjU
kar_AQ5WKE4
GljqJLrJy_U
GX-nPf8N0MM
A7AuJ7KKmtk
FS7pF_DjfSU
ZwMn9VMOBmQ
cL28mgEZ2Ts
uWws3tBW3wU
_7wgTQNZZAE
9INXHlDYoZE
ggQJSIR0s3I
tavbdSpDtMY
ZPt7JXF_Z70
_KKtz5Z9vRk
7oBUxAvASPA
GKJq7SVY-RQ
4cMDI4-hwPk
63W5Uj4bsp8
kPq0MEjOBj8
ubrwdnVFjzA
-lfcAe936oY
2MX5vRv-vsU
sWRlsp9UP_c
7mJWcEC9SNI
FQ1ZdaV7rIA
pAKtZOQLmeE
aiRKN8QFY0I
7e4ucDjkYqk
LKYwZH_wfGM
yid3hJxNdR8
BJuxpf-RE7k
PmG26ESB9zg
J79-dpcj9AE
Z6Fkjhq3CMI
bWDo9GA1_2A
bSaIUrNIeMM
2cNYElfSKyI
T_qenvmPitg
eu5jp9TxlBI
--tloYRgAmQ
L8QfX5nD1oo
btljR4Wzydg
iZldPl6q8CE
M7yCGqkCWbw
vpyWk3_Fc7s
11VVme2nJG8
W4eyl1iWhdk
y1Yw-9rYiWc
Esk3yaWqQfc
2BdK8d4TH8o
FVh-n93cWzw
TqnHwRPAty0
2Kgr5dGgTFw
WuY0nIkt7lE
2RnmSw0uUJ8
zdl1gPpBv2M
cL8nxH9qEN8
GwNz_5sjrHY
UMQj_fnyJd8
3w893mOyHgo
9f9rp2T3jZc
o3KZ8tG9pmg
yreSUcFAUpY
CFh2zxQwxZI
iJw2ow7jBnc
JAPXaTpTd1s
AynSS4z9bRg
Lns303qI7NY
yreSUcFAUpY
Jv4PJ_32rDM
ZF3NJIlCDgk
04Q7EpZ9IxQ
abf9l16C268
7cgVHCqVt1Y
gIZvlg5ytk0
965g2ajUnKE
otBf7Ttrx2E
dAimzghv6ys
9NphTeG0nJ0
i9zMlft15QA
QPFCa4JyvS8
Y8YSwnRlCLA
onG-ktpHiDM
y_kjR9YsvD4
6U0C3LOwEP0
cKDP1MbUWow
ZysBWn3yyaQ
zzwfmvaE2P8
vBY1cWdAk7U
N4_U4HNqdEA
dbpHbgf5_aU
hNG5jira4B0
abJ0v2ttQr0
P4dRglshOwI
Bgp9_97DtKo
YBT40LNADq0
MYzlupkZVis
onXCS1juLWM
UeIjyLYbkUU
RZFMgb7SRKI
LQwPk8wlB_E
kBU-X7Kl_60
KBXgEwRgSno
xOXMAP8Y7g4
bgDxWd6aOiA
SMzNm13f1Ng
gyrVJuBqRZs
2EpDQ53zb3Q
pbLh9R-0Pt8
0JR2O-cMG4o
lobt6X0s-fk
1ErorGI7CUY
sfUCb4ERxt8
D-xe90NLETE
dvS7D8XnT7s
-aVQzm1ILdA
yLvWwoRwqe0
ytqpeHcFT3Y
s4t0U_ySImg
rcaqlJEaI7E
6l8qVOTQlS0
xHoAPNBYz8M
9q9PE7sbNdA
ApiTn-cJZ6Y
MzdD-3lU9MI
TQQJ1Vmy07A
KJ_hHuZsnls
le8akDc6gEw
u_CDBFMA598
0kdzNaUPb9U
LoyRX65XQT4
nfe40-wfdCs
OvLSjPGdEno
J5CmGy5I_GU
7hkigX-MtBw
0r4e54fdyPA
1HxXoTpgzSg
AOCy6pm2KY4
750rRP-VfWI
1PdfmwBrCJQ
EyGKlhG1XGo
WA8vzWdUzZ4
m15zA1mPnY4
GpfZKNxxx7I
gXyYoCfs_Gc
EH0s2fHOHwQ
7yNYYyhI5tY
OHQP6GyXRGg
dFjg1qO_DYM
FAbQ_XCm3eI
lGWTEIBa-kE
_d9OkDLd-iw
-v7H0BsN3mw
duFmGqWgOww
YsSZ5KUAiD4
z7rNniNZZPM
wsxKUjNf7v0
-dMLTW0ga5I
PxiWPWsvMXw
oDYoV8-9v10
_RN1cdifw80
cz9q2xa9Wkw
dvj-GPQWNTg
NrpN4zu_IrM
MICQb4QW448
vLlVZHiJnwc
gSV1jWQpMZY
GxmDeU_4UlQ
ToW-vCIgAEE
HMe2Xw4Vk-8
gyPSxNN8uKo
tAtxYug0tXM
pCfVfv4Uf04
AS4ApDjVdBQ
SFdMa3nk1pk
Edx7TZZVi5I
SLxtMWntPeY
fKrrlVdFFrw
slH4JAUtWdw
omPnUavJmvU
ySOrM4-zDzQ
UAeN-mGzbuU
2RhcinyNVXE
bXfB_LHRVHI
dKwlSkIyYOc
ustoq4b8pFI
dy7ikwzL7AM
Z6ikJttzazE
XcpgmzHVc1E
oyjaUMbfaac
njPdhNKhZY8
ZuV_mTQrSA0
gSeqGL-CZ_c
_qFfzGK-ImE
1MJPiHctEYs
6usVX6BJYEk
hrVEzgIQioQ
l7-SHTktjJc
GacAdJ6B1dk
uo1Zfs-tPds
dV5MousSxms
KTCa3RtlNRs
eWHYJpJcLcU
mHImoWg1MbY
PHC26lWsnWM
qny1yo5Q5BU
iQnMH4UocuQ
NGYHPdMkt-8
vOn9grCVO7c
qTy2kjE617k
FpRA3DR4GXM
r6tLeYJQS58
FK1xIwiBdWs
Vwpx1_hUAnc
0hOKMjLbGLc
hzBIWSh-1_A
NaL4yw2IYUQ
iZFL75iDQ7A
wiIT2Lt1P5U
tOHKGtJUsIc
fkV2NGJH9K4
zZiJ6jHn6K8
eeWmo8yx8AY
dnyIU17KTwY
nmKuLCvQ0Jk
aWa1kXzCk9g
N7iK6HQvgKY
aEIFhFk0gpY
ZJbo4VLMBhM
DPrxO_u6sT8
iglWgCfJBfA
g7pjOKDz3Es
2CEi7KbetfE
cb9rjzIcPqE
DKp7vUFpoFY
uNBSEFN8KUE
QY0a_zosYkE
-m25e-_qqv0
jTBrOqES7QQ
rOOMcglPh6U
iFUFCmfIRbQ
r_2WUH8zAGc
eH2kohmyqm4
aH7mLRIchzU
Dnyi5mezp-s
r60Te2Z-Ww4
Em9yxyDFe6o
eoYWn8nRCEA
5RU7J3M56Ug
IMb1wLNJagQ
e6ONTpYmffU
ohFwINdaO8w
gxgQye7XRjY
XyacEEInylM
iT7oHejmbZw
B06FiZHqjnU
jEQZyQyRzZo
D5W95rzGyRE
VGoc-KKjln4
6dmTREoebY4
0LiHUAghHFI
OYLf6g0Z4ZE
iSPsJ1LPw28
5zFkNBXcAB0
YIQPLEtewxE
ffzbfO0c5Qs
YOpoRaoG8gs
LEk66OXuKmM
vYT31Oo-zic
Ir_r4ZQWC2k
ww0AX6hqIyc
dUYgbCu8abw
aKhPDprqB_c
9t1mSSNkFxE
3EutrKGX2rY
RXr9xgjVGY0
MXikgi7NaXc
taY6F-lXsK4
384r9zOy8UI
_DZ5tnEPAco
3CgvArx1fZk
Bt2JjUBTCcE
PdPN_QMjbCs
qRwsNmo49kA
coUg8kP1lN4
uYHwhRVPvyU
7875DVDdmnE
xfAAmeIEhXE
-6EKrSZ6nu0
gadcy5GxYNg
Z9vsJUnwchY
lUuzeVThj_A
8UayDfnszEc
K-C2cMw8BXQ
0bIdyuLqr7A
2zi2JjfLMmc
836TMyDUw5w
S7rmikML990
362g6800AMo
y08iYUsYMvE
goVGZQhPUh4
KxPCp69ZwzY
LbPG8jSud14
xvHJdTyBKk8
_mTxb4CvFZs
LEgJCeAXUEs
tl6Onu-mhVs
fUcAfF83z3Y
3In4aG2Lq6E
Ff_qyx7BkNQ
Qh32ND8P05k
O3X19xwPvlc
mcVyC-1DfTg
cvv3zJj4O5A
S5yxZZJo4O4
ok-ZX-FQeQA
uQj6x5DClZI
nQ684sz3YVw
RiyflXuhKiU
d6HF41b9gKc
pCFnKTH7hOo
mG_HdzaGsIY
wiDCwqpupj8
5qhWex-aX8A
HbdVYgqSO9E
8vgdQgcs42s
fM1CW2H5l7o
RLIrV2UJ0oI
Vky-GLQg2Go
Le12gaz0zHw
v5GRM4FO3Pc
853zY24cf5Q
rYXPGIDACZI
z-DXcEenXHI
x4SxIkZJyCU
R9jDg4HnwsM
7WfTjfn3gmI
LguuAQg8oJE
xx5ISuQaog4
_hxjlRpkM1M
f5Tm7bMUhUw
62-faOEiGcY
_ABbxQk92AA
MY_dmRuvVyo
ru4DiHVSAYU
F5ddAnCQI_M
8dUTezwZYZ0
hMyvSEhSg-w
rgXB3okWeGg
QtRfPcrreFA
EH-mTP6JMVw
r46KDLzczJg
fhlVfHMidZU
iPG_xVJQaUc
qc3cgdjUWI8
_HxEJidreJw
CtEiS1n3RzM
vE40NPNhWlk
dXe6A9GbToo
RTVpIc6J5jY
OVHhIv4SYtM
O3qHnfxQmKk
04X8Tg9a5bU
7lDd3-0_9j4
qc3cgdjUWI8
YT9f0iDb44s
f8rQ0HyCOQk
l1QYPlbae4w
KiEx40M3Vdw
mXRzgtJJAPA
NPYR21YlQTA
E-G1uXNeFLs
p-_4joSRBbw
GMZ4r6UNuaA
-eBaGes3E2M
0CpZ4ZMUtZw
x9EE7nq3fJs
PVe_cY6Ezk0
k44pO4ytC20
UjMmOYZXLzM
kWCQ4XDq4ng
DrBOJOUN3Sc
CPDKxr1cack
6L0mrhYfEfk
JlY7X-OHFH0
NShrQmoG7Aw
iX-sizRx5zA
xRLW1FvDMZc
Uo_Q7opDxSg
i99FdFpifFQ
UJJzxeGsi_c
smWPojGVrcc
iX2vB9K8aWk
1Kfib_YzhAk
rphIs_VrEfo
9aph9Ntkvts
U6rOSe3EsdM
zhl-nIK1kV4
SSvqrJpMdxg
tGmiCzOSNZ8
mErdqTpl-mQ
0IVwL2ocFm0
DHn1ZO5RyO0
lo4_BtiD_r8
ybm2dBZxFNE
19QbDTiwOGQ
5NXeug5yXTo
9gDjQ3KAi1w
sGb4lAiVxRk
rRVTuwnAobM
uXm0IGQ5PZY
gxp1luSt8iY
wT845hHEkOg
LwApjDJ2sqo
q_gkurTsCdg
1VimJvhLsgE
Wnjunu6zogg
4IfcwnxFR-I
wJRrusMBGxU
PguTmDNISzQ
Nfm4br8iZLs
y0d6SSmQSwE
kVroPfuJ60I
1pi2tHClU_g
CtUytbt0LIk
ZQnPMYiJ0Mo
nlm0aBMKWTo
qXSaWKFsvVM
rCbJUSk-G-A
9g3wDafZKU4
6BFFcaTKj9I
elqTGzbR-QQ
kO_iYEyye4w
aqRdrXUaESg
PoUC22qR3Lk
DpUA8ls13Kg
PxENnlHOaj8
MtPw0DRxaG8
k9hm8fTEzmk
kjMW6xoJAZ0
9KhAVL6jbb8
QY3T41FUKwQ
AXo_b6qJAbA
0JTATv3mW1U
BOWjsUVBXFo
KDR43E5Uxw4
VXiS2gQ-w3M
jO5W25csxGo
KZa0WaN1ykU
nZCl1dE4mqc
tccz97GLbeA
2YmnlhBVJq4
L9X5Wp-LER0
iUeJk4dRXsE
SxX58LyX0xg
2bJkh_h28xU
a1ikGT3jJ0g
ZbR5IgkY0dQ
TJfgwMmCIP8
wsFBtj95xOg
JWYnqroiFEg
Bkgvea_lipo
ttD1A9Af6pc
mirZQ64xf1A
ttD1A9Af6pc
0p8FCybZO8E
tV1Ydyx2PRs
OAJpzWUhuqM
fI4KlxhtiNs
aQR9nwlT9UI
MoQpRz6puxU
IrVWhhqieCg
O4sH4VQEjjo
7xlK_O6EG5Y
45CatAeWr3c
7ySPl_WVgvc
g86iBXzqK2g
m-E0gklfwE0
1TCX2YtcSIE
VuC9FJ6f8mY
jeL0aq3BOV0
ezFtEf54Evg
5nHNTQ81QKg
FmvYIqRp_Co
QNZf9W9zZJY
F-a6A3-b-Ls
SRAhnXugmU0
C8QDYDq1cu4
ti80ErqohXM
ljaFNrWKE1U
ICkN7rp_H4k
axrXPkSnbGc
MM2rWcAlMYs
CW39sZY1PX0
8UY3ryXOrmU
cu83tZIAzlA
OZqrcPlkkhU
Dui38KQReRs
iMc3CTR-obo
_Jt_in4btqY
JGg53f-7Euw
Y2WAn-JWx8w
5t3U7QlSNlQ
LeZTiNsQLJY
DSqmVXU9MSE
9YpY11PJAh8
U-oE7jfXlo4
sYQBTJhxZYk
wdWXODwOcds
Ca_NYNndZGk
45TmPOggfow
mMlnnRouIu8
ETnhft-w51Q
PRtZu5SzO6Y
LTlrYxfzbzA
c20xw1KwMno
TV997XDbHjw
OUcV-nTnc-w
wltCVLdkYys
OXSlBk000Mc
6id5DE5JIwo
CJt9JkqQYeI
untDQ3KNrGQ
zewWRHBLo6I
sD-8DyP7KDk
zCaTKwTy30o
mtF_jtl13oA
v888K9srbE4
kCYVZl6bwUg
5p6nI2OGMA8
cAgMnLg2XDk
x9nJ0sPOV1w
AD6yUfZAHVw
go2op7E73C4
9LW8iTZJHDw
QeowNXMn10g
063aL9wAlpI
M9VXcLs0IlM
PgqjB5VlgQE
W52LL79wraY
TK4IhaLwXVc
KuF5fzwnNQ4
7BvVR5J1hOU
ZEFFtmlUoak
2m6Y5x3foZA
tiinaTUO2YY
B3Brv99wODU
NSFJcH6rp78
l1zh5fSBrpo
VrKs4d300Ug
VWAfOZhvsGo
mAKtMjEvH1c
L2Y8o_XVsq0
NbJ4wn8v6fE
7F9V6yZjJXQ
p6FguuoFcS8
icfXPKawzqQ
BLS3b3BIzgg
WJJ4ORIGFXA
E7PIY8An0Tk
LflbjBf75Qc
maQsQJqLMM8
rAfp-KkqWeg
lxd6KkNeF0I
b29yLwesgdI
xrsALTs5pyI
WJJ4ORIGFXA
5KbABz1pntE
TQjXgjxn7EE
5DVk7TnnsKM
IXP29Cd6ZY4
NBkPvgA2ZiU
IWxUY0IlG2w
xBCyvllTPio
gXsI8aLJcEI
i1O6-3izkTo
BfgRGgeG2OU
v5mYDC8fyKQ
WZYTgngwK5I
jGdoclq2XMQ
bryS-4PLsG4
9HA1i6NqZJ4
ph8xAMvlq5E
je44qy-_MHY
yCC-SXKAoHU
qLN2zaghUPs
K71A5WWTzHQ
0m8KAGWQgzY
6BvaNnfrsSI
JCbc1il1zQg
PLCWPfAREbA
M5wYJibc8EI
yS6dtyjTons
Bni0U8IVws8
FO7BGxD2pBc
LHWSUadFmeQ
7amqdrVO-E0
MAWfNHjuwug
2iW3IJTNbGs
hQ1-D2SNLKo
L_1Ng1yudcY
QlZ_QsKYx5Y
CO7gUtyK8Nc
F7qAsuLt2vI
DK8xmQ5eFqg
t8cb_Hdsjos
C1_VGKJBoCI
cTxYXBi2Tpw
XJ4M71awBf4
x7p9QiaRLFM
TGeGVd7J6dQ
2YKrILmZz7E
CiOZ2rQWfc4
5WUxv_dwACE
TL1XJfo1VAg
CaDaU_vu_iw
3oHfEa2YXFI
uyse_I-zo4Q
Rc3OBs6K4Cw
9JZMvEZTIuY
N_rk5AOoyJE
qLoGBP0eN0c
Z6dvGXiT5H8
emks-wCjeEg
dk-QYYLwTJI
EEUkmP2nyxo
BpRCyLi5UXw
6Pibx-2dA6U
zjD9Ky4zFME
OAI5wjopLdY
dAhiqGZCwNQ
0-yduBFvB-Q
MXYDJ-F3938
VmXdWLWMTkg
IqMleWYgo3s
btKs5J7Jh84
ndf5C9AjC6w
Yc7YKYWLXww
HlY-BAhZonA
0tJh0VrKPVc
Md2M2SKExmI
BH1NAwwKtcg
kJXQ4lOQheg
cCr-D5asMFg
zOsmwDy5rU4
yQgr99fMWgk
mFebjPEgZ7g
fsei3aqTKGo
fhmgAelTXmk
LNvDFUSWux8
ij6Z0ZttG0U
iSrOT8qzuP8
pRPG8ifa0pA
sHs-TMXk5PA
n0wQyo_jt6Q
AzXMdolLdK0
tnISASAjbEE
6JY86dOqk9w
6sCY84s_Nns
cg49nRcHw6Q
9jiAzShQpsc
5uoJj8cGARM
zmadNvrHpD8
Om9-XO0zZqA
6sCY84s_Nns
dCJF4F2nfiQ
kQ92UH-1wl8
-RnZtHzt19s
UwNEY7_7Ruo
m-Lbo0rcVI8
lo09U0w-tLM
6iJzIt0iM0o
p4COtdepj-k
m8ccVofwO-E
oNiYmnJ_kVQ
n958vaKE0kc
9F0Yww6bh6w
CFbTYdp2L4c
6qUzUm1MUQs
KlajXDgwZ78
PfbuLqwW9xk
kpqst6jyi-w
T64jOICmPyk
X6OyesEvI38
iD3PYXIzAOY
8HrCf2b3XME
2eIxo2qABQE
Kw--fovI45Y
TvtnmZeehe8
nkcsUQR7EmI
ML6dQzwi2nQ
ei6Y-BxJ2E0
Yju7leS7-Ic
zWU4Ev7Qia0
HhH-noY55mQ
Lp3Oa8lvM6s
Xbqv1SuQJ0s
4isCXIuF4uw
dQMHd6IYQak
_3XDpAy1jRY
49EaMd1fu-E
pV9DuTVItW0
pL1-QH7eQAY
AbO3e91ZIMQ
RsgygcXSX-Q
gmv3z66AHIs
lwGBLTQVP_g
Wi0yDOFQnH0
RclpeBH9LkY
I8P-NigEtZ4
p2m_jDvwY8Q
Tgjip92-ZMg
0Wqa4LkT_iE
WDxAcnhh7JE
oThApiIH7dM
f1sLKzSLwoI
TB7ySTE2QtY
YMAwtf2LUvE
csgjKBrnc5c
jK-h2x7hZBM
OqjRwIhelbQ
ZEEUn_bBOl4
ISREt4Q6XKA
GtyvOM4hIck
OKEtoTKULyk
0O33I5g_t-8
min1j3Pncb8
J1tl0P4gbb8
XHMm5NCWJLg
TAPbMJ1yqII
HMKKv6sH6hA
8oJRu83IyQ8
_VDUGiJhK78
HBSzieQeC3M
_hRQq5e7Wi0
wQ1lxcYM_rA
rZXiQdF4AxM
ul0hxf-8S3E
VpHgwHoGyzU
7FVcwpB9Fmc
CDu-S_7NB-8
V00oi5PT540
1lafAyRjEC8
poGnGIbHprU
sBlFwqq_qCw
yuIe9eClDHc
9mdPbeK_qE4
PAzMMKIspPQ
4XiVHgU5fpE
KjktCPawl8w
Ui95mBG_IR0
oRO0YVhRxYU
4STkrKEgNIw
q70TJFbOgew
4_HZDxKRiGA
swL-iltxUCs
EORNBYrBixs
tRy8fjND8Qk
RKA2N9eRyds
Lgz5TiL9tVY
-REVw7qjSoQ
yplI48hSt2E
sRSYbPp_ZyM
1ncL0miC_NQ
2MLlVCWi3jA
bnc4wGBsOzs
GVHduNGEMZI
wYrEKxHj_w8
G8mMK2hYHDA
CiSpW_JS4wc
u60O0JpD2UA
h4WFiCoSKF4
k3FifZMjy7Y
jfZ818Y9wcU
4mMa3coqdgo
ehZECVAfgxs
SDnLStUekNw
aGJnwpdJKc0
Ij7QjaUm1ZQ
LwhFDJYDQTk
oskVVmGfcLY
pbxeAUFMYmY
7Tt6vR75o8U
n7gN2kQt4VE
VwVamZGQkng
OQmcAGZk1Is
yD97QGcBLlc
UEq-lFPZgIw
jxMO5akz_kM
vBqQEp0WuQg
4Q7OkrJLzAc
K9MxqQfaibU
CvdOdNzuJV0
n5U9PcExm-E
11eKSlkT2qg
7opCZv6JqnU
sUJVwx5Ujnw
Ux-t1VWNlsA
ieKDiTIUX_4
nCOYUPFRvvI
ThBAFND05ds
XmpKOejVPrk
el-xKbZ6I-U
dQA0RW4AY6w
wtd7Fd83i58
f9sLssABHmM
dCLsLeyMCJ0
A2L3wxTwkyc
Dmwi_nSXN6I
jweApdt-ozE
_en6xJMvqQA
SFizKdMDtEw
3KMzgq-bVAI
RYypzkCDdZ4
cKFhzZsmC3k
Ie4QQJk1_pU
pfdQC2SW4tw
ThXHGSbgsmM
ipsozhLGl80
91k5imRnFOE
epwLpOSI0o8
XLZOiG4etXo
9evhK7Lqigg
sgMa9WMzRP8
DQ8RdLtZWlc
x34rgXhVA3M
yNtpWSRF6o8
B4oECFPQctg
N1Y5ddlP7X0
B4hJ1Vd4tew
caKq9rhzYXo
aDU4vaBAqKE
af2yvR4hVd8
cF2Gdv6oGMQ
WWG7kLBTSuk
HImQ5A6pI-k
VEjgAVlSn8Q
DE_3MFE4Zsg
EDOmb40aEZo
I5zak4XlSSM
12sCis9utZs
zKGk4JVYIrc
e8gZ2zFQX3g
kJUWt98uz1g
9Ck7byi4oFA
RkllNqGXrq0
6qjUgm6BUnw
Yo6QxtrS7rE
hR5Qa628kcs
21f3FUgoSFg
YAoC7FOaL40
7vGML9Oli1U
vaIm1ptLvLo
SUhGl-zXIDA
fG-2WHPy74o
cGDgGxYA7Gg
G-N7AoiPTQU
TdKGfjnrPCg
xyvluEaGkRc
CybP915xKY4
snVifFDoAG8
SuH_61bhRBU
6FG084vjbcY
JJQE1FcpsVY
uJIRIN3WP_M
01Md1q7lZhM
MPmqxlFdw-8
TR6qvEcfaQw
7Kgz15W7PVU
1Eakd_v-G5o
5cyyqRb-YLU
DQ3336PMaHA
Totq6XaMZcs
8-798XH2RPE
c6BbPvwXmTg
JopYDWPLogo
SgS90XaQTAQ
zgBPwm7sZrA
hDP8jQnOcSg
fcoWcvbEjC0
1v9l9JhG_K4
QAJ2XKqKSRw
kWtwDFuRfc0
3OIeGXzd5PY
wLH8U7CMrCo
p7sKvlgbN1w
rpFjsWoZHNs
tc4qvUswX40
bGnAmmLhxSk
GhFMNmK0h-E
Qoy3BWDisBM
c8PS41sRlfg
5GR4gNn0Qrc
IOaFYqIvd4c
ojCtzK_pzEI
nSzlzbgNENE
tp61Yrj5lTA
Rx60Q2S6GL4
dYHt6GvT5EY
j26cZFoJTzw
INcT_zmxgAA
1p3P0aVN4rI
6F_NzmAQbg4
K0spMvHeRIw
MyQyhXOLHQA
TctLmlLQhAg
Am7uIOSxSH4
-qdTW1kuWX8
AbeYosU9w-w
NhlCrm1pSWM
JlnhoYc-TsI
iW3klq1-lt0
aWBqtCmspNM
HSBF41yRVqs
xmZpzVDr5M0
6f3aGJk_37s
2EgePL0eTSQ
9n-JyUV1gzo
6plHOj7kvLA
JNXD9ZbHfro
gzuX2fTzJhY
GKnxW0m4Avo
kC1_x7zNXyY
frol3SRqMTc
uR3KpfWcrHw
EHtGneA5zW0
a0Kiu5gpaHg
93CPk_rrw8U
zBzgp1JfAeY
tBOfhWvQ9nw
Z6rb0co5VK8
QLY5I5fZ7Rs
Kq65MOLx4es
T4HPdfgo7CY
Zb1_n668HTk
1UMrdGausDs
8pymxy9SITM
nqi70fP69SI
4ui_sVKvR5M
h4Z8yWVFZZE
-FTr89MoJps
8C86EdBfNgo
LMl8Sy6wsZQ
cLg8ilMp8k4
WDfTcPmBlw4
LNUsHM7C5k0
1EevEHh58B0
Pg4Ovi8GoIk
fb5D31F5Ru0
jEs8C6TZwVo
8I15Bzx_Ml8
oSXJ1gh9Tx0
OI1F_c8MPVc
FAiNh_ARrk8
H4XSM9InOGk
GSV6fTstaD4
OsOA4eYzG5s
gxE5jtUaJL4
8fh7m06GyDQ
7_SWYdSwzro
3zzn-AwMu7g
4FsYvD27POA
yXWlRxrQEU8
3h1Fck1pAWk
pcn7MDpoZrY
_8el7Iqe2qo
BESfWDMO-v0
DpAdaO5iGTA
ETqA33w8Vdg
IDbke1xOkHo
UPDV0POS5d0
XtWimOK4ZYs
vPUseCtqvlU
0tLMGCBRGmE
GfxjSU57fAk
6g4tSSjpo6M
1ol8chZ8sMM
9LVfkCwnPMI
lMi9MY7emUc
tOGxqXDrUDc
aZMI17oycD0
WbvR1VtfShw
VCeMwgx5nqU
oCHtLR6U_l0
sK7QeKoSI_M
XPthiuw_6zA
YF9x9Lm-5XA
HXsYPBQ2DYo
uz_s9c6uKTo
aFktgP0uxzw
pCpmtI6oDLM
7DA5qRm6ai0
7BRInEvS0e4
EJuyYS94toI
GNTpZeiYkQ4
Dt5ZNl-J2Ck
5WCIAF67XtA
EmUo-TEP2FU
U5GOqMlOETA
zwN7UNZIevs
RA2xntE-kvE
tRURjk8bxgY
HcYzRqFgHxQ
ydW2J-8fdhQ
ZNkfcd-R2IA
S8dYA3rbnmI
VPHaEfx5srA
3vrzi-BEjWs
k9d5dE761u0
6WYCPbWWA1Q
WPEIMwq4qiw
ZOsOBjkpeJE
hhsO5XNDcR8
tzLcp8Gu4ww
CIbihTmKx1E
GJeztKVIEcA
Ji7qP4-FK7c
pAx00qLtGbI
O9zBFwbDhbk
XJp2S8jJb7A
Q1U20n3LIy4
QnOxPcZGT5c
nG4HwLwdV8o
R-KBDzDkjQc
oDXdIqe6c8w
KiZn7CbjHPQ
bU1DT20Aoh4
NsBygd_EERU
4F50l6rNHoM
uAuz4CJdg_A
4KNIDJTTR7c
1pFTdEApM0s
G3zr37qYwm8
cDlat4Pdd4U
ZwilErjfu_c
vj_0qsMKYqg
PVUJB81KuEg
_mzhfKbVbL8
TpK1LR2vCjU
1uGqQ2LaiJE
heDKi42CD1A
wpXitab7Teo
yFGVxRtE1QU
SAjcJDoz9wM
Q26aM-ZJFO8
0V1AToHOdHA
h8Q699A6egU
XJ56zK0xCs4
gFRTgOOwphg
vgdBdmi_e0U
