goD36hVVl7M
f9z1I_81_Q4
SfvRhqsmU4o
QPwhEnAILa0
C6nonNRoF7g
JJlSgm9OByM
tfb6aEUMC04
e_9f5Z0sMYE
dd1kN_myNDs
mGHKFMXdjKU
Wxb0jN0X7cs
XSWqLb0VyzM
hW1_Sidq3m8
iKrrKyeSRew
8ypnLjwpzK8
UoKXJzTYDpw
wEgq6sT1uq8
-jL2o_15s1E
luwP75lPExo
dvzlvHNxdfI
C7Dmu0GtrSw
cD-eXjf854Q
OV0ivJB2lyI
iM4PPGDQry0
QpptSohzuDo
YFL-MI5xzgg
pv8Sl2rWyCQ
1gWpFuQlBsg
F84jaIR5Uxc
lws-2u3LbYg
OwRuzn3RAhA
6fo5NhnyR8I
DMXvkbAtHNY
Do_00r8NGMY
-cOYwZ2XcAc
1ct_P3IZow0
t_7qpPOmsME
KhP7lTLTipc
T8YOzqy7t5Y
pc_k-sgUYmY
q22XWPM0Egc
ZKQp28OqwNQ
V6G717ewUuw
AGm3hF_BlYM
CIDRdLOWrXQ
ozUzomVQsWc
fzuYEStsQxc
zL6ltnSKf9k
o-LU_Dja6Ks
X1cPSvPagNI
duCQUu8EQVA
F-00NhYUnH4
Bv3yat484aQ
6IsIGp1IezE
kBFMsY5ZP0o
txHQoYKaSUk
UkWnExEFADI
DuMmcVOsNcs
dyzn3Fmtw-E
0xlbzCXJpLM
wR2OlsF1CEY
GRQuRcpf5Gc
HvH0b9K_Iro
cEBgi6QYDhQ
Mnu1DzFzRWs
P0fMwA3X5KI
LBezOcnNJ68
eSaShQbUJTQ
MvFABFWPBrw
xHpwLiTieu4
8GUYAVXmhsI
yEOEqaEgu94
2FHHuRTkr_Y
lCoR-4OlIZI
gnctSz2ofU4
KEdrBMZx53w
WMr9ljLomUI
YTup-cvELK0
Te0L5_u_wIg
Nq2xvsVojVo
9S2g7iixB9c
SWW0nVQNm2w
tU484zM3pDY
EQX1wsL2TSs
bcZFQ3f26pA
KL6U6iasUxs
cnquEovq1I4
wm8tK91k37U
fklY2nH7AJo
DglrYx9F3UU
gvjCu7zszbQ
UMSNBLAfC7o
m9XyXiL6n8w
XcxzKLrCpyk
GdTBqBnqhaQ
6FzVhIV_t3s
ni6P5KU3SDU
AbxPbfODGcs
SA4YEAWVpbk
veWkBsK0nwU
oWpp1YYcCsU
dxOHmvTaCN4
UPcR7S8ue1A
iBaWVuaSQ-Q
pVgC-7QTr40
izZofvgaIig
hzpxXZJQNFg
uGhyOBSzdTs
HANeLG0l2GA
3yOZxmlBG3Y
bdM9c2OFYuw
pAiiPNg0kDE
WhaRsrlaXLk
DW1AuOC9TQc
FMEk8cHF-OA
uOiOhVgR3VA
fTBeNAu18_s
Uo6hFVRsjpA
MCHw6fUyLMY
_BPJFFkxSbw
zjaz2mC1KhM
XhH2Cc4thJw
2ciR6rA85tg
YjjTPV2pXY0
QmIM24JDE3A
v1oWke0Qf1E
6JZNEb5uDu4
1zvohULpe_0
M_eaS7X-mIw
6DVng5JVuhI
NEscK5RCtlo
VrgYtFhVGmg
Lcxz6dtYjI4
p831XtyLA5M
7wt-9fjPDjQ
dqxqbvyOnMY
mmeoUZ_wRm4
9xlSy9F5WtE
mECv52eSjBo
kfJMUeQO0S0
9BOdng9MpzU
T_g6S3f0Z5I
WT0WtoYz2jE
2VyhmbEjs9A
nsuAQcvafCs
GNx8rgNcw5c
Dvd1jQe3pq0
aR6M0MQBo2w
14zkfDTN_qo
TItYXBoJ1sc
Mu0ew2F-SSA
bVGubOt_jLI
BjwhMDhbqAs
ZtP3gl_2kBM
mL3CzZcBJZU
qKhSZmS6aWw
St5lxIxYGkI
HSmm_vEVs10
cLC_GHZCOVQ
_DN2rzHkpZE
xp-YOPcjkFw
vmkqFRyNUWo
RygQnpQMdPI
6c2T2cykE_A
343n8xwozJI
EGnbAgbRIh4
twWHwVaBfM8
7x2UvvD48Fw
HUFh8cEDeII
XgB3Xg5st2U
vzg5Qe0pTKk
ldO7RD3s4_s
oltKUPTBz9Q
SauCsNkGr-E
R5t74AC6I0A
9bcbh2hC7Hw
wlAgyf_e-hA
Fevg4aowNyc
4Df_BluxwkU
UjuBLS15JqM
ZEjUqZU1hNQ
5vpklJw7uL0
jDxsGW5KUP0
ugdciqeOPeM
wlndIQHtiFw
2vnLBb18MuQ
D4C1dB9UheQ
oleylS5XGpg
HTUxsrO-P_8
u9UUWqVquXo
1U3YKnuMS7g
8YWgar0uCF8
aAsejHZC5EE
lxNEWuO6xQk
lf3ViWEeKqc
1SHW1-qKKpY
UBORpapdAfU
wz9cUncBdxw
UEPbzj-ekAI
n3aoc36V8LM
bB54Wz4kq0E
YWK-bnyXvbg
8u3Hkbev2Gg
QFu0vZgMcqk
brs1qCDzRdk
u7kQ5lNfUfg
JzOc_NNY_zY
ZUa5sNVSjGw
psOPu3TldgY
kf-KViOuktc
LmYKfU5O_NA
XbuEYcFfl6s
-all65C-dh0
vaFhLAbPi8w
WovbLx8C0yA
Yd4blFeRTEw
HO1LYJb818Q
MtWtY4DdiWs
oitGRdHFNWw
7aLda2E0Yyg
iOWamCtnwTc
dQSzmngTbtw
rAbhypxs1qQ
PMSV7CjBuZI
j7XWCCvBrwU
cUWDeDRet4c
tB0AVkPDDJU
DzsZ2qMtEUE
FeMSEaHR8aw
7JbN9vXxGYE
aMo7pkkaZ9o
4MfG9CDufPA
NnzzSkKKoa8
QkqNzrsaxYc
sWZQxB2es88
u9kvJbWb_1U
fl-7e8yBUic
nK3giIsNAHg
pqkpIfu36Os
hBobYd8nNtQ
p-u2NZ4vUxI
w2D5JR83pFI
kwqme8mEgz4
5-xMV3sT3Tw
ZaAUFqcfDJg
Mx8viOFKiIs
bLFISzfQCDQ
CqFIVCD1WWo
XmM1tF7AxdA
ksCSL6Ql0Yg
HvHZXPd0Bjs
cVZzkSaxKmY
XpwW3glj2T8
heB2tD0-r-c
Rdpbnd0pCiI
gHMY40kEXzs
a1z6GXj8QK8
ZHoNpxUHewQ
1ypV5ZiIbdA
zLzhsyeAie4
a3sgFQjEfp4
flOevlA9RyQ
FMHGS8jWtzM
6rNcAVr-U4s
iTRnr6p7iYo
ZBWTD2aNb_o
hnT-P3aALVE
JKYQOAZRZu4
1PNhuHa7lS0
MfaTOXxA8dM
heY2gfXSHBo
7ymM4cG1zfQ
-rf_MDh-FiE
Uxax5EKg0zA
wBrwN4dS-DA
72_iAlYwl0c
SC0D7aJOySY
5PSWr2ovBvU
_S1lyQbbJM4
LhhEv1dMpKE
nfPBT71xYVQ
OV3Xcv42JSw
aKSILzbAqJs
4Y7RIAgOpn0
jMZqxfTls-0
6aF9sJrzxaM
Ee9vF5eChhU
0Xc9LIb_HTw
ZolWxY4f9wc
a-ovvd_ZrmA
hPKJBXkyTKM
fpd_wiOsgDk
_ZLXKt4L-AA
4h0uC9FPVMQ
-dbkE4FFPrI
UGAzi1QBVEg
K-0KJtk07YU
58tsN03IXlw
YPpIWQnufu8
u3C4zkxNtok
AHl2JjGsu0s
j9FLOinaG94
IFmj5M5Q5jg
ZaFqvM1IsP8
KgIrnR2O8KQ
eI_QUtgJHH8
_r-eIKkyAco
ImIaoKsjgUE
kMa_B3wLxAM
Bui3DWs02h4
B70tT4WMyJk
zzwCbhI2iOA
1aVSb-UbYWc
ziMHaGQJuSI
AbcRlDBnwjM
674DL39dOOQ
9wOBkJJ-w2s
08V_F19HUfI
ATN9oqMF_qk
Ih8EfvOzBOY
JtBTffVVa-c
_yjHPu1aYCY
Q-XKOPNIDAg
He4t7Zekob0
e-WB4lfg30M
iuJwmM2-JWM
8xjTtE3JCDw
mkI6qfpEJmI
sSnDTPjfBYU
Jkkjy7dVdaY
uj8b5mu0P7Y
2kOCTf8jIik
f0Uzit_-h3M
rskdLEl05KI
LU3pdWTD4Rw
HOLoPgTzV6g
2i1hrywDwPo
SmyiKmfnbhc
dH1s49-lrBk
L7MOeQw47BM
kQ2bqz3HPJE
r52zC2VpMng
kLnG073NYtw
-R9bJGNHltQ
UePDRN94C8c
A7Gut679I-o
Xf8JUM8g7Ks
LD5YS8-0Rkg
rCWTOOgVXyE
TRNUTN01SEg
5xLSbj5SsSE
bYGL3fLYudM
C3DtGTr0jX8
-WQu7cLuniM
Hc9zu5-O7Eo
lc93pVlewGM
-1C2kL5pTbs
Zl36H9pwsHE
RuBjYa4Q3dA
LB6NGEHtD7Y
UcI-RnWzASk
cDi-uti2oLQ
z9p2nis3amM
vPwiqXjDgeo
1ziudxJT884
i6KDgYk5Nzg
zZZ4xW0WaY0
Su6mJp6NYY4
Ash4Q06ZcHU
ua8Aaf-XIO8
s6i8AV-m4W8
E69UxMz2Q9A
Oo9oOuC2zOo
HZWwaLVATA8
Tb6-JfI0HA0
sg0pAwOSNGw
vS0g9SVHRFc
AUKLBdyvFxw
WFOjJR3nWyQ
Qgsos_kz6pM
ZhN5-o397QI
fcvhOC5Q1dI
Zi_CVTgqJqI
bQKy3N4TshU
LD6xRkCJ6ek
iKNSPETJNgo
Gm7szS1hQxs
4gXPVoippTs
fSB4mqnm5lA
pjc1QAI6zS0
V1eYniJ0Rnk
cS4Am7Q8wmM
xjiFVSSMkfI
7SFw6sdyzcQ
27PYlj-qNb0
Zwj94pIAwzg
mU-5CsaPfsE
4mnmtHfzakI
