6f0418cmRTI
WUfwTs7NN_8
ERZ5lL6KzNk
HATDd2S5lO0
59Em35xbRic
suPnVhtoj94
StT2PcCVS1g
UN4k0xUOMHk
f7PWWKRYVu8
WN4aovnWxYs
-C5CfdtymXM
yDUCVMsLYo8
cvG8qIcCd1U
B_HfzlhE0ZM
ass5KC_5_XM
v2bk-43CI1c
kGcpnsdSAv4
qElKmHRmNPM
E-1uXbNc5W8
Jwl0x9LXP5g
SzWwtbPNH4E
bPwSk4ErGUc
BGWrKHzz1Fo
kQbrvaiRjNg
eRDcmnrdQTw
GEbA6iuRhm0
XZXrSB5dbZI
BXSHHGSQ1VQ
1p1p5-iZwv8
686ouucfzVw
wIk7nICwcTk
RHcc-JyFsqY
eA2pocN1JPU
oNYJ9O7oXsU
3KHjT7WRab8
ZF-0wlU5fUI
hG8C54QAC7w
Mb3lcuFgCBM
rSJ5l1TVe40
t1S1BtUV1g8
gxr1D-t3itQ
NcLTRMvfzDE
iEsEAL-OCbI
OkqUEzAPYo0
pkAzmMP3QL0
cJjwXfXAaOw
v_0OM0fe_7w
CAZnjRmST1c
ntyfnyY2h7w
pOOb-pWAClM
t4VJGQ5TL6M
5co9uy80k5g
5YYxgbxS89k
bikzfZvQcYg
4VzcWfZjQgI
FX5Sd2i7koA
lLaXOAaoznY
I4m0OAdtKks
XnYZpGDpLOg
ER0HoHNHJos
6YVOlB0BET8
VibkjnuJJX8
8a2-K-3EINU
UZSM2AUya8Y
6QqwHu4hvss
0ywDNQ9v52I
945V0N63nwk
PltNh337G4w
JuDO6qnnai8
52eusVRqnm4
oPiCqRdkf7Q
hSDbOYaY6D8
t1geljdEI2w
UzBykWway-w
kRC2A6012c8
TUqiCp0TK3s
thZY1u3MTC4
f2YnZ-4kNgg
q8EwzdtGvwI
ZYsbPY84dbo
90ZsSjOfdWA
eiEgep8FgFQ
d3DOCHg1rd8
eoQmO3yq2Xs
YdH4ayKUPSM
cdydYraIOK8
WDrjEByLJC8
SYfZAJIvSm0
UYjZ2-K5iHg
4z2cMu0HMo8
6I8eazSPnr8
hGj0zxYQhIA
pJIexCH81po
smSykyP5xpM
Ir8sONmlo94
grK8oj3zcNY
GeMeZ3AQrjc
thqQYMQaLfc
5RAeyd-wiOk
9Jjt8oaxPhY
C0f8jlwPyWs
UvMDI1sFfQE
_bqefOM20RA
9cepfWSIWXA
aHIKo7Ij-GA
8pGDUgNUQXw
DBwcH_9sSEo
0Sr77kSI3nA
qkQ8BgpedHc
78lSxO1Hjx8
KNsQvvYcH04
nwcpz8wtbCg
64U_SIRVANY
ccTjI53zTV8
y60Zho__Qe4
7AU1xwqeO28
DcmhkLYeWS8
IP_3mAJpZVE
kMCW_JpBKzY
vXA30lcVY7U
w1_GiHbLkj4
IA9LFq9Jaw0
dKU3MUkW8U0
j1_9MztIOo4
W4j37cCyDIc
azSYHMnlth4
l160oJAG4fg
kXpqkQKkGDY
pRnlkZfCYlc
hz7wF6IhULA
NTvo1G9VoQ0
F2dfpC9o-UM
qokoJ_FtTIY
i-BL1wmcsgo
nEtlHHzfsGk
OQHdyBH1i1k
vibB851ZS3o
2iOpqIHf4os
gsbyUbSCuCQ
A7EIg53YVxc
71GxnlkBJww
VOEPSR6S4as
DoWmDaEZxpg
9nzKH-f_asg
qOdWp_e2ekg
MPzcLxA_2uM
chk8MNJJ950
hD-ygeYz4mQ
HV43hH0RTfM
GTcvPz2e410
RJ8w58C3wxE
BH4EaYZ9eRM
mqh6RHV1nC8
W5EMHqauBiw
eEbN9bzFo2M
1traMrr46rg
s5KrHZyAD-0
2nJ6mfnCB9M
75-bAOiAat4
YyAxAtaPdHs
FVeTqMXO7vQ
HOsCZm5Z4-4
y2pheT8JExQ
5TKJOGeBamQ
5m5kcq81TRU
TqpS76U4f1k
oMbg4YEpFHo
1Kydq8KIFsk
qQBIu3Pienk
9OAuvXuRlu8
lV3ObLlsUPs
M_RN5knBZmQ
75ZFauxQipc
IOi1J-AlWBs
-z4HYleq1Oc
CmMS5IGisqA
a0Inu5M62hs
KJNBjDbUOaU
ah4nLaLGVNg
IcppYCL1De4
gCm_FxZSfOM
PsIHZwj4NMw
CU5lfkjqtBc
Pd7y_WkbIzE
rg9Pzly8MEE
Jx2Bg0VQefM
AiXPBl-vYQY
PlbCchEYwpA
n3kJkY9huVs
L7VvVzfpOXg
clgUp-DNoTU
X2tkQbDDPlA
c0Gxi19vyq4
t4u0wd6fRic
edT8TLfCjhE
qbBCbOr9sf0
rFAdAkdqXCs
FisKXCJOFe0
po1Rdm6-VJQ
CE1B7tdGCw0
LOFgpU7nfN8
CE1B7tdGCw0
6OKq0fSB9GQ
fwG_IwlicXo
2scALlwmnjM
TVutv-J-kaM
XhTXCDjEhDo
iWrXc3qpYUY
HaUeEB-uADE
-SnS-4tzGTY
JM-h9whNWtE
feA25lIVzaA
CaStDIaLNCc
1LttACE2T7M
oEkX8MMzWow
tVR195ypQuE
Zs3FkL4g_fY
3KQn5w8OQK8
EdHEHaXF-zA
JhWYYuba1nE
crctK4ICoDs
53r1bcHwjUw
PR8RzGOy-WY
RW8i_cZeOsE
fS3PHrepIhQ
F6i1-7Xy1Ck
MpU2TeeYeYY
LlllHqXNWo8
bWQyDEwI9Aw
MhZp48486Vo
UHALhftiNrs
7K70l7j3ZP8
tMVdm1TfX-A
DY2STQ-0LN4
GploV7FfxdE
tSC1p8KAaQA
uL7NaJncaOQ
1wkEVglVCgw
YNdXisiPAsU
c16JSZ2w23E
FmWrv3Nc36A
HIzIOP2_2oA
KvwQRQvCn9I
lHONzl0l1J4
jAxUr-_xkpA
Fx1kz6u8vig
ppzkhYTuSeE
9sTrMAApewU
-EMCxE1v22I
oNp7zIde69E
upAMaaDn-jk
Ux4ZaGOo0V4
GLMlifZd1nI
m9I5RA3VKII
wwZBmA7DZCA
btSS2AIWtAA
U-9VAPC92Bw
zdL3zw4ajlA
FTZoflnwiok
pp06oGD4m00
VmOsbdSO2HQ
GwXQO4guZlA
e-AavWGGvPk
IXz-qjDeFxI
j6QM7Bgundo
SBZUPfCu2Do
9zhegwiAEug
y5k5frLE0TI
fc1xEZy-ROA
e6_4AYJ0iSY
5hGaApJ2TBc
Pn4oNvYLdMM
88mrW5lcNxo
CxsVxUjBXVs
Wzp2844Q-mE
Ree56pTAEwc
GMG_ezDh1Qc
tIT1Smbpi2Q
KWp4xqUyLZc
rM7wnvhfJbk
OUmaJxgt8MY
azGsXmDDBTw
Hx-KSPi2MYc
KKk7hYY4aW4
p_Q_Efe-iaQ
5_yMoin8GHA
Z6mpxE9UKKQ
6LyWuclvaLk
n4F804L7ves
XFWdMBHxRe0
EHB4iKCu65A
dN3Kl-yYg-w
XnuAYZ7vSiM
ZEoosFwqi-Q
05cdZPqTbsg
3VyfvTgZhbQ
PBh29QTW4SY
qjWtBlk6RL4
-BzYTC3Aw_M
g8idANssFRY
xN6dWuZv4Lc
DqRuNoIykvQ
otgCLxDI6GE
86q5PaZ37CQ
zwif3r7Z64E
FXkGT4yA_-s
wqVfuo_4KKU
TqKjccxkaT0
YJVIcZigRCU
JiEJW3eLlZ8
DITouRhKW80
9xygkxDWYCM
OauxaRXQ2IM
SvdfhEQl9d0
Y6UTGuU7URU
21iC4YEgOAs
dyLEd9cng5U
eX86SCyssIA
wny6wwJKnmk
BgZAvXJV5h8
8gk_ZjFd_s4
fR19pzIcYM8
le9xBMwDoWo
5yJvMv0Jz0A
V287ZpBsSyk
rfQa58Pydcc
Jj1_5wpfEQ8
HxW6t-Htbzs
BHBSshKXQ0A
qXoI3UkGJU0
hSMYmSwDFlk
KCcSnaAmcFo
G4jveJLWhFs
t2SA1QG0NaM
YfZLH59Z3xE
6h61AEkG_lM
k765-4UMYOw
p2i_Azk4sJg
INIhX82tlMo
LR8-YRb_3vs
bv6hpRkzSOk
QHdPJVQ2mcg
Evlj431wKMQ
Bp2Y-UZ07XI
NPpBMr67Ofs
KMVP4SXoNz0
kOd6j0UVptU
OKcxGGFlv1o
Ve8oTWrNmUc
ply15nqriaw
nkwLNIDrTQA
FNCeq1amj-E
30BrTQG0llA
wejrPcnhmA8
EI_Wn4fiiBE
2h09eJ8luGE
EJ3iMbzA4fs
1oZQH_6RI1Q
qOu8mPlUR-0
1aQHMyfTy-I
Ut5Xpr-Glc4
n_KqZV_-WAM
VXmOYsN1Uwg
rjnXD0sYRn0
3YeJMsFPlqE
Uzlo-Wv44VU
O7vmIZ9B65g
WQTvbcEU-7c
M7504JKoRT8
iYsLgV84v1A
WBNhsj-S9BY
yVHOqtgLSWM
zT9S5joEZNU
YC7nszZgq1g
uIe4hyPlkCs
Mg7waSL6A2E
3Q5pGV7yPt0
oawHsSSdQxU
GQgDA2okITM
vUs7QPo8hFA
9i6PFFQvIRU
SOr0neIwMUY
VfTuDjL10tc
e9Qhuwu38MI
ZlpsY_wwOcM
j-2IUnfOiaA
FvQCE73upJU
5MYmLOcTU3I
cVKeJxYDouY
JwVp8kd3uDk
ru-1o-Sii_0
kepbNDo5Pik
AJ_NC-Y0TMQ
6e6dEJurd5Q
PDiuFxymSik
3gv9PD3bOWs
b77xrLIos4c
LdOcxMI-3Ho
gxTtQ11gXbE
spP3H0IkGog
VvFOwhZ668w
j2zzdvSQWOE
_KSt1OJ3u2o
zOv81rbOSmw
N1BUWDchsUQ
ADZR5OY_I-0
kNpFLJMZzmg
SfXmxCEx7v8
un4TScUL1a4
gh_r-bzJmJU
XNA1-92LhD4
PWu4fhVMQ3c
HUHIHrkNNqs
jn-WtpkoIQY
0ou0T56_qr4
sJPiLqGNhtI
h5YColHtLyc
NPcqEakuUA8
gK0rVPZkeTM
B4X-TXg0wAM
5hMRMhCWc6U
UQlvVhZ9M3g
NhcLpdJkZwU
K3qsWJ14hB4
9QevNKY_gc0
1D2V2dwX7XU
PMAn1i_wG3E
1wUI7CL5jaY
t0-yGC9ZR3o
nH5VdvefYio
TvhwGJ8N20k
PT_o3aKhXaw
b2iit8BgIvI
4jHZ4hjTS6c
DlnP1xqflGo
fzKBh_rMMoY
P3qRXxqEwcs
vvA4gA_vA4U
TrvFY_2pRB8
KgdFyk6OvcE
LdqhT66KFzs
i-OGP55r_3E
F_dKX8M7Mvs
7L5qVl5VF-k
_al3FMXi18w
NdhH8-_Klio
V08hoaWTQXg
qQwBegHipek
eBthqgo-Jto
uTiMhjZ8HyA
PkASihJJBN8
fLyGKDKki5g
7tK5TOuw8qw
KCi4yUwovNs
fi77FuRLepU
dLHqJwFHbYI
_lKzO8c8kFo
hoeZ82Js-dY
b1zlLrwFEU4
2PSkIsjloLs
t-TOOtyOZck
ypiT5e_azO8
jSpxAYWU9V4
ZF0q2g9VzjE
bgrUWQaZso0
ip5Qi0dMcEg
9x_rf8wIjvQ
5JLm3R76o08
46cadDIPnEg
HihJyySFARA
Nd_5cU9XZAw
ZFGNyOOInfA
9UFsObr7oIY
-nOaSIZXykw
Rd2lOw-nWfE
eeWODvUUnkI
rbBDK2HZH38
MXkZsQOD4CY
vZ4tmw6NyJk
m-y5FsGjuy0
sIrh4vHz4nE
uuRWi_MuAew
cNWIgBejcNk
5uYbR4gMQrE
p3mGAxDlUxo
XWeiVEhxflo
5XQ6Xn0QXGs
Yjq8WWFRVV8
AKV0XvR2uHI
z0YevueGPew
BTY0NATsIQQ
PizIUnWoDqo
rSHkVzhKHZU
BfSYKXTpanc
x_nbCjIopOc
CHV6UpdBjys
_tQcXRS-wlk
iSRog_GwJLY
ZaamJncApMg
dvyzdYR-Nis
Eg9zDI5hafg
QmkzFc_jSGQ
pDS4CiDqDwQ
Y48C5avmjBE
UqAZwdBk7Fc
7igQAB1Ovq8
Z5hprZChWsU
PVaRDCoX9ow
lFInfe-yOrM
FJRwA2nYL9E
wIqJ-jZpLPY
ey4f5D1yKd0
T5_fsaVCt9U
vU3Wqwsj4vI
CZeBkCZagdc
smuN-5sM9GQ
kzWdNI_xWko
PFlVbpRp58U
3AusFWmaDxg
_40IbmAt2XU
JHA-KbPoLCA
lLAg_3RWlQU
eo4jCMgz4Dk
PpWKNYdlU8A
ydsUFaQHVpk
xkBGtwuL9Yw
wxcaTiatsR4
VMwxC1Pz6jI
PR-gS1AA4E4
oVdiqIVvZro
FnYxranhZDk
eQazww4HoR8
ExO6yebzAUs
tR_as9K3edM
IV6eFKD96Qw
xA45qOlvvr8
pKXONyHcC3U
IIZxpT5Pcrg
jsy-hMQJSys
fTAm37YdVbM
stDQofmiql4
1VOJblxKbpU
earODwdtb7M
SiiYFiaigUA
BPyPN-hoAnY
XRRaRs-Ohoc
M-VWUKlXFBU
Xayd-6AVMg4
7pSi8oumL4c
yplc_6UpklM
slPNoYV88vA
lRl-kdpUK5Q
5FsXduflMLQ
miyZ6af4flU
hLrdYrinwsI
9vud222WJfE
MyaWrbsQv9s
T3oyrerbOTg
DnBFRBIVhGA
ucVB5dtdTAU
eUzyTZ7FkyQ
Yr1UjcIPjN0
jAg_Juon4e0
LT0MjYd-UOY
3Upq7HxSDqg
SZXwWy1cV7k
RW8u_MrzWww
G4pCpYXKvlc
nwaiwURVekE
ew5J7wYnZ70
gVe1x2t2u98
5glk7OSmmQw
1ePnHG_abho
t-AgsDyZfPo
SDyzacVf1to
vgtgSzESZ1E
rvZLZmfnrlA
H8SYWDmlivc
hci37665HNY
8yJ5wbsTcj4
_s_6AXVRcm0
8iW6ZRtC1Mg
NgqIrWDXKDQ
iNVgv8Qn3Mg
slAQZO4wS8o
ZvZvd05pyyM
3Zt8HFh_ta4
BT5bdHXhxro
RvJGOwgqob8
gkBExDPQzjc
UpeyXHQl2Rs
KCJbjsMOAdQ
hCww4hchJdE
xPUuphs-z9k
sSA4g2spavo
xy82zdVXCuU
MxWi7nN3OtI
RfCiTD4ShLA
auEpWo7Mj7o
TeE6qNXX2So
TeE6qNXX2So
zoytTP9LrgY
jlsmpOgzKT0
hDfH4VQ45RU
Yjx3mWDKu9I
N_liLPjL0vA
y13zwFWQ05o
vkJt9ysvRtk
ckSa_CgrXQs
0IvlVrv1J8Y
j5H_SoADIg0
o3KFwHgd5dk
_G7_IsP6P9Q
NswoL6-COzo
9YmbaLm94I4
BxkIn3CqsA4
4K9vGLpMGL0
LwS7MFeI_9k
WnDt3QASbE0
6le6lZrxp-I
kJfoQTjHSQE
4dZOOPLsAcI
W_qaZV9OVo8
T_0EEUPw8sc
ulyA-kfuZHE
8uGjrMvteZ4
iA7sB7trXNg
dfpXB5km9z8
rbBEqpuxzfY
QHWiheu1cq4
HT_y5QrId6s
Pz0iDRQq0Sw
Q9NSO74eQvQ
m4JayX15P3c
3t9kmThYJ1w
PtdvU50WOqU
YqNiu4FEXDo
LOLeVc8eogw
UXisXTEZgYw
DtMUW3IqQVY
34JVph2nO4E
MCeqg-glPDM
RLl9i6_jb_Y
Vmx6zQQnB7U
Dwq7CHRWil4
NBJY-cVIr0I
9KPCK5tFqUY
-1HUQ9Ra1NY
xQA-AB_y55M
-NCosvZ2kjA
CIqsbbY87fA
d3vEMgf4W_8
5uefFPZK-Jo
8KrRWBV1OkI
cy51sY1jN8M
bmWMFcvRbC4
396UjzcYom0
SZormfa9OCo
R9jwInvyqZ0
eK8KMgYkMoY
7VF-837F3C8
W9S36aoEF6A
IfaJU9i6uMQ
-8p1wk9F1AQ
1M3qyi2xVFQ
5dJBpPG4GRc
mroSLVa_hW4
nhkGuqDr5lw
FiQgawazN1s
ditP-FIKZDI
d4Yo2fij1e4
9QJoIsIpp9g
f_JSep0ewqg
dLeyJBPn7q0
5FCuHcjzPl4
M4reG7I-8mk
BNDPNXW4Zkk
3x5fqRxy2A8
tBeX59VgEvI
WEimNEpuulw
JEAFz6DTgpw
pKsPMaTWfGI
WdnG7h1ubmE
AAB6DDDw-KA
65YHNMsQEOE
tTtRQH5y3lU
iyZkwwTQ8WE
6DMnOP52Wa8
AmeAO5zUMMw
cB9X3oQBYGY
wGoOU7uLbRU
f--dDx0q6so
WK4kyY-sl6A
fehmx2EOhb8
_aKpHWDpGdk
UlT5JKXlOHM
1vFy89opMuQ
neuS4xpK92k
5U5ccUb9Xqw
VAMvsLnzZhc
Egt8dAKS49U
FvD0Kcme5Bw
XzcuHDuYShw
yxgpdmUC0h0
H310GcufI0Q
rqvayO1kFfU
0UptXzG2Yxs
TV_NTTxCC2w
dYwZv3Gl2Qc
TIwUqlChsTE
HEOyzjohPjM
pr33_vbmpcE
r2tdCP35mXM
F8uu8PJsc0M
AGEN34deJWc
ilTbPipyB_U
hwZRI55IM1s
pIXgDY6AROw
tJqne1knSKk
i-njA9_MlNA
YkSSEhj7nts
aYTvgsmsKAQ
TGonQOGCGkE
XzzuLKDOXiM
gOQKYii0FnA
IlcRVPSHGv8
Wz_fyPff_aQ
IX1K1QCzILg
b-9b2gW8ZgY
7xzDN0wyqpI
1CLhqjOzoyE
S_rYzfaX7I8
P99q5OzVJJA
0G2ooQRh7xA
sxFQ_38NBwI
_PwToRUsqe0
wfnyH-k6ggU
eu12s3d7qRk
4-zSuTC9LAE
Bk7wwp6rQ20
axCZ5N2ygjg
Q5lCBuXSUvo
X-D5VRi0UNY
rIQ7W6-TlPI
d53BWt66tnQ
MqnqRhXtmR8
cp20wuOeqTY
DN6R0aJTAZo
BTavVuUw1Bs
SH2C1oaDhhE
ARDWu255pL4
rptrEWRsr4Q
8Zk00qiqHFA
3KYDBzi0qJA
3BnFd4iM1GA
cQG5GXTGOGk
TWy_T2QtMZA
vgutdGQWyz8
9NsrbEF2kcM
Pdajql-hbFY
YwD5pMNCArM
XdONleKpoIk
VADJQGJ85rw
eu4JyLMJvbY
u_oNFwLam4g
bCYgZpJouLg
imNfPOpVy3s
1N3urF2esKY
_laPDL6-BLY
c8Li3d29kjg
WHNcJDiNmv0
mZBvEw8t_m8
5_pnd2pGtGc
D99n-sN3Xh4
6yZHyNzyNiY
KbEAFnS2fFA
5eN8ofDPUXs
t766Wg74Sk0
J0W7IyPLfhA
UQZrfAcwjSQ
ZqjnVhq2hGw
CjhXrOo_5IY
iH1t3HnPQJY
ddfGMjyqAfc
KoUxRCnoWlY
5VyQcBBNhdM
pld8DEllPNQ
ckwpGC5zgcE
Q5-pFR1Ka_w
4CLny5Cz4Ao
EiN0FjIJk9g
6Sd_f3Uvz04
VhIm-_m0qjQ
CnGR8j6sojI
KMIoQKljDWg
AD0TiddeU9Q
5omHiSPCmUM
mDQVVYYelZo
SchT0RN5ats
eQ8TfuaOVMQ
FfuSr34twpk
dXutVL-I_oc
ACNb5XBIDEo
bTNx_ctjrjw
VYaLBCxvimM
N2c2afl1zdc
NZBcUjmsvJk
Ctr31cmsVro
MlkYddhAkK8
3cflprVf8tU
u4G-OZT7t8Q
uZlbqOhlyRY
loid1cir06g
ozDefpfR0V8
KGe-P24jFpo
t-K_LlrojSU
j_U9Sb30aEE
-6fYz7snGVY
Jl1O7q_f8zk
H4NgAKi_Xw4
SgVVjDIqJlc
dl-Y5zQjK1I
VSezdXpg3ZU
24vHhUMlx9U
6uDU_X19nVk
J7jWNzRK2ok
OYDNJUtuoc0
ReiY9ipz4tg
Z4IGtMaFMeo
5tzCW5jJGbQ
hy9SgGZGrg4
819BorTvI94
gWGE2NvlA_8
cC8u_ZvjSIw
GMpuX3OnZrE
88uDR5iro74
CrLOW8W5lpU
YvY__z3jN7M
DgJqiRZxvp8
W6wX4LcC1rw
JuzB-mt7jNY
P7bUjUt_NEw
5LUZlHSD--M
rsmZjbQ5uSw
E9zvZ8v8uM4
DkB26Q1qjTg
LYvQdDBsWlU
2fR864EAycg
BDrNwSiU3hM
o81HoiD7KkU
eDrydgNNiv4
BcVvoMBJDEU
LFv9XFFHbr0
Y32vB9h3lz4
Wt9X9B0sLFk
8bsj1Wpkxbo
9-nbXAlrKFw
uBzmnmNJex4
dXLhfbNib-I
mkhHsoxGIAE
qImxM4N5dKY
5BtpD9ld8YE
Mh7kFw4YmYY
l5KrEoydnd0
19SAN_TuDsk
1DW_3S_F5a0
T89MLy_GMd0
QBGMW8ubIvI
Bdg8hN1Nqfc
zn6NZa3fv1w
lO12Mw984IU
Js324RLjmYQ
r7ynQFS1Dso
cHpwAJ-FN6o
bL8d7xJhK_M
1mEAzNd_Y44
sN8EbzkhGT0
wnqFmwvGFec
YFu3o-Mb8zc
v9lbF47PU_8
vziIX0K-Gp4
N5mV1Jjk1do
MBLOufN_Fps
dGzhF8FUwZE
G2ImePipEks
sOX6uaNsAJ8
HPBafNYMhbk
Ai7JO_QLPPY
uW2N2Gpc8OA
5HlOd8LWMCg
iMM7pi-yN94
9QM5zhDpr0Q
rHIk41IbYSs
FZd0R5KOR7c
a9VQBvXgJUs
AWgFmE4f08U
rL1RAuA1Kbg
VRvkxup0AdY
JJN6tS7r9aA
YVc5m_dXvTs
7lkwGeks55c
M1vlwgfjy_o
8SWYoYRqhbM
jvkdKLExxss
mTEY5jWDCts
quTKqgwLjEE
SrDsJqpl_Ts
h_esLlyGqq0
2I5-Y6eA00g
hm7eoYe2Fzo
FuOcjUDeaB0
9ymyqEs8KAc
sJCWmDZof1Y
U1Pe8yLuOds
pPpN2uWCQT0
jybZDiNXsx0
89YV3plQeR4
olc6QxF5240
gMAeJki_bFU
rnjy7aYMyN8
O7HQATblPRY
qAAIRxvh3Vo
gM2lELq9gyY
fjMEAq9fpNA
Cg1ILJfiyxc
ow-X9XdUMg8
PA5Zyi_ggVA
N8groasuoQc
d0E86WGJqFU
58gblFp7B5w
bWk8xwTHwL0
BO-wtGQEg3k
Ba1arzlHed4
p7Bmgn-Kjew
UCETNSc6OmQ
NPXEWPsejqM
zlGdVIxdzLA
57YmxD4OybM
7YozdIL9IW0
ZhKqeHefrnQ
Y--qUoHhpig
ww7pAj9GShI
mN5y4KFOfYQ
BM9v8zlMWtg
fh6DJXadevM
LShizPxeIA0
TmXstr0JtQs
5XNvyIARE-A
b7drYPjGoDI
mBhEGu6wuF8
ecBNCSRMfng
VlPwQqpYGF0
1ZXfm-L-JDg
9inNoIIlM8E
vBeTSOHTlZ4
MDhodTWApk0
bCjOgQxDzIM
FdQqy0v_zlc
djtbSmttdro
kP1eT7fGYok
kJUnamGkbqo
joc8ibFm98I
gOdlsh_mAfU
vzAPVdWvVz4
XKYUfgLeGTA
YxFMNXgAW1o
04Y7S3JTalI
fAYyRk0my8o
pTCBOYNlZGs
aMdwSJpoVWI
eoki1PViSJk
83bSj3f3mt4
tzmWVUnK8-o
YLy32CxI--o
48oOTWdoytQ
r11gZkWShXA
Xy5IlbDl894
yAKPIIwrWlQ
zuPj5BOtv3U
JkbKAPbHfZU
3awOEzsjyVo
KOoozPXEe78
GbSuyFBMqHs
TOxbBIPB-no
I132tMY--dI
xlfkuVT2Olg
DOvMaNqZRc0
EXlCULsmELA
Kf1H_4j5FXY
o5n-k0Zep0s
TuC1N3OlkJg
WBvj3Fw5E2s
7a9QuPEt0SM
b_-pnlVKzqc
NOlF1sk3x1A
d9QpW1WV3vs
mS0JVddEH_o
kQ_oiLO_ONI
q1-hw-mBjDg
SHZxmnsakgw
l7pj529NJAU
fgVfIS6PM5s
szrQLvspdFU
7BwBZzS1Wy8
lVzF1g4OCZA
EQn790W76Ms
nTRwbfTp3lI
2S6vfQq8c8s
1qCMQHgk0rQ
ZqnhQQfBEFs
1mKc3mY7UFc
cOm1gNLBT5E
_Ju1ObX6o1w
yIVebL_iNYc
WyZr6rdCtYI
yukbrfqL5fY
jHDAKixWwgc
aprb8uCMCPM
bdGFCrhk4-c
93GyyZAb6To
yLip_svUPXc
s-xyHnwPglg
CJ2kjkTXFo4
60inFBgpx8o
lK7DSIjJYoM
fIqACCJnk2E
Pr-Aeh9chO0
KGcj1Nhcmr0
80n1ITinn0I
GWZjCMnylTM
iEhsMo6IMQ4
38FLF6tlE7U
WNmmjhYRkuA
0pP7ikdAWvQ
FMjsiULVAP4
o7XhG0r84E4
ucFRIzNedtc
NKxmaoOBios
8Ym0WavNAos
BkzhA1frm6Q
-z3cBBqkIT4
KCbUsApSkP8
fpN9PAfPn7c
CKUn3YPqwHg
S7d6L2FTBd0
-as3XYu_Ads
PY4lZtp-Z5M
Yw9bpUR9-oI
nebMnrnw3R0
vs74B7Wk_DM
-XJzj_VwiR8
iI-l2NlfMyw
KsF4k-l-w2o
B6qvCv80Vv0
gSsSRfidhXM
m9r4RgdpV1w
PXPBlNxsUps
8DpjwQsdj2Y
9Wl7EErw-aw
Dz8l2vp_cZ4
rHOPMLFJnA0
qP1VImABd2c
0MV2jhu3WGE
njV0VqfiaHA
C4Uwn6OicDo
dVeiFlFSXLo
S2RJsNap8dI
1UwVmM-Iv0E
xgYNnxLKDN8
pEybJRSqv6c
lN1ZBlPdqTU
Px_hT4CQKBQ
1kuVq_iOrkk
nDnKVIv-VZo
rSuqIWpWJxE
NsouZWLJlmI
c3SFSvFWpHE
MP_a4PKMkHk
bVQfZPRFw0U
8nuqVAY7g_I
9SDYZxVO22k
gvkKbL54KO0
1FlEA5X0OTQ
i0tebRIJPT4
Qz4cRgUfU6g
jAGZPEi9pu8
7YTPsDBOco8
q4D2c-1aLyM
P3-78J9BHLk
-zG_81wai08
JC80oIGR3wM
t8ALKaSk-UM
UwVi794mBHI
CKopXrErl5Y
bHVTW184XYI
s6A09QnHTqM
EJjFHDXl8-M
wFspgFUS95U
dSJ0c8S3wbw
qUvfUAR5NfY
owmVx6lpQ_8
3c6MpVXw_hU
uDEJYKUbutg
OFmsrrcHDLQ
qTRw4s-oHH0
olSzg9ihmEo
klAlwX2oNEo
UF2N0A9x1No
S2c-adsFqkY
iP3XTyD_eXw
GSTkG93qz7o
zEaljySOqWQ
90uRij7Abig
niXne4WIR0I
p6AAy8-0BIQ
sndn7WeHrJQ
LgkZik29AcY
7P5Ak34Dvok
PkwLbJu6f0A
dnUHYBYJH9I
q468Pf_tuRI
pX_ptIEEpKI
Ql06OsC9d-c
Gtc8mFfwHfE
5tjGGANOkq0
y3Gs3tG9GkI
WdkYDTjxHdY
RMOFciQXygQ
Y-zvtxxtmQ4
MUvkpcPks4E
7qL-tKR5-_s
aFmhEqNI_6k
_rOIHy4kSeU
tLsCT3mFUIs
z-_px9EDveI
GuiMRIrOdAE
4CsHNu0lxVM
imQK3JGSvxs
FNHghc7OisM
T_zJZVHnUmg
ch7pwHnOgoM
c65S_qQD5cE
Y-Gz1_DHDDw
Lw4GppKzu7c
z_SOc21-9ug
bpPPS4aD_fU
IBkFLkLiIPo
waRUjUxFoc8
vSsrGr-nKXE
67zXE0DG1q0
DALqUw037Ak
nxwYNYoI76M
wXFa9Ms1aYw
l9uDl8lMAZc
PQaNNr4ojrE
NRbwQ1dDUxI
Pa6tkaf8IzI
55KoRjzrxT8
5q7eI-i6RBk
x4BGD37QLdE
g4NZtzId2YM
kuZIyK5H0wI
aaTOufR8lcw
5ndDmo0zA6I
SeXIEug8t5s
4-cjhJbV-xU
so32krmH9II
PAAoaXXuZSs
DvGTd4nb7vs
FLiDiH9iOJE
mej7DWJMOE4
itYWkEz-_s0
qLh8Am0u-bw
g6O009S1QjQ
ld0CNQUdScg
F8TV525nmvQ
ux6JcccAq40
YZiBGs8_FdA
SjIx4JgbXJ8
7DGO01HBs_Y
0nUrPznMtSE
G3n4nUvM-EE
hZbfb6FeyK4
FovfbOrH_2M
HSqSRjorbI0
6zbY-RKHFu8
UxJohdIC0uU
IRycUbyUhxk
Y7qB42BBoYE
fOjK5Y2fBb0
NvV1Rpkw928
gSwrY7bUgCg
ExRfya_qvU0
15qgMYikaAc
y8L8qZmEXOU
Xj0jb6TWSYw
OWnVcyEO6u4
oFBilb9Nr-M
elAN2MAxzK4
VPUM-YeSONs
iF_CvqkGUy4
wjAki1vkxxI
v36BSFK-WfI
KUPNJCf4o5U
7rmbIfJ5zuQ
BS-ilewYo8c
R8dvgoaMHzE
8kIT0hEv8cM
Z-122kGsIlU
wbIl-Ovgggk
KPr95kJ5FC0
0NYbVYpZZz4
yy_YwOq_BwY
ZMaLVHd_Cjk
a3uS4DeQkNI
hdO_UhKp_Yg
TFoTamtwgGY
Mu9JQpb8EiQ
9FPhKP6TzYQ
Sw0ZoLk0ltk
xML7sSa03e4
bEFGA2SkRUc
uo0CQT1HEhk
63fS4ITWKE0
8yFHKE3kRDA
sTR0aHe3Z8w
CMMW82ljykE
B0HVHx9Q1Og
Q6HIv_rP6qg
UAotIDdM20A
yhBlVCAAqEs
pQvu-xRYf-s
7Ng8jZuXkCE
hEZtiq65QWk
ZI2BPhRCfAo
I4RsDo3ftyI
2nq-vyd2BaA
jGtkjx1vwqQ
Q4LnNXsmd7U
Qgm3oSaNkfQ
EXSVqaGZsQw
GGoeEUMsliY
Vp-ZIWHRAs0
ZH0pTu0wXVs
avHC9saMe_Q
5yZdoYemvz4
T9KwaXGDOTE
UxS6t4pceEQ
73WhUXn3tUA
-klOL2ldAps
MSOyYr8SLMo
YGeRGZRASZA
_-3MVcxb2Qs
cUR8Bjei3_c
i0qX31p4_Y0
4o7yULfEAYA
kZXbnLzfBh8
FKEoHzmAkgg
ppVk8r9dgk4
juJ4_-k42PQ
qzjhnKU2HwA
3nJLdjbKKJc
WLbHUiC_AJA
qpquyZEBCu8
CRDqNeYfAd8
ziCB9PdMwhw
nvfXrIxSJlY
5vEr_YD0GE0
99oDISdzmW0
gvJwb607Vds
lYDXMS41Nlw
1ASI98gn9VI
zBAT3KALELE
hwWxUy-OVuw
-lnRF769044
NWd_AfnXJBU
PqGjK8DD_Js
OT7xEM6y11g
zP5cwh5GOns
zfmb9iJWoMo
yRhjZDqEYR8
nh5_rjxW1ec
-gGPCHrO9Js
-MwU5cvTRgE
Z_HOxC72Iss
4_IU2KbRj3s
v1PPRsRQsiw
bhyUYpySzTU
FZCm6kQ-em8
EP0ISOBLCgA
bzQ4yvZ8HPI
zIADlD89vZU
XK7GUsKSqqs
F6-kOQ3bAHY
kIwODIcA3s4
ThsDIHmAzz0
8b-eSbsnfh8
1MifrvQ6DWM
iP068KDK-ko
P4sfBF42Od8
P4sfBF42Od8
pMSzUDzSIQU
jE9jsXRLOH0
u-Uhr7Nuf94
5g908SprS7I
_Rg8S1XUbcI
P2bDzgMGFHI
axjuH24WTgQ
pOsWbwGWYno
bkW6Uy4-aO8
_kxemlpze0s
fZ8E2RN1gu0
fJV7yPO_7_I
uM9TXanw6UQ
FXn0tnzVmGM
05Vt6EOnYQw
n5fj7JSnjAA
KBNg4EPcQVs
BznqRqTYtlA
KkG1UpTd1NM
Md04gJ0upYE
Uqtw86syH8w
iXbPO6I2W4E
w-Xlo91QRNs
1EHWCKHuPds
q3rz4DYyatI
_ub-GTNqcug
rU6dGBoAjX4
G72mxNRa8c4
Y5N7gHcinRI
8F_STMzElho
oSl8OCEe0Tk
2aTqfQe_5TE
PZt20UjSSUA
GfAskr_fykw
LYcoay987t8
pJ-Dl1wWaaY
25lFsb339j4
xSlGmLMZnTI
WpUjt0xvNBY
KzJppl3kRwY
l7hheInwtIo
oymtVj8mpTM
7sLX-U4FIBw
FtqNf76BsrE
_qA2xY3Avpo
iwr3xKM91SE
04tIphLog3Q
aUOwds7kGKU
rqvGwC0e1vA
KaaHoHzT768
_DSbapU9Iag
UqYiqjzD_L0
HbnVm416wq0
0YSuSu23iVo
fxrVlzZ0R80
p9-o_GZQKcY
F4_aHxVTzX4
br86_wt-14c
CTnTjuetdvg
9eSQwjhYZq0
Gzio5ArbtkA
V_a_ZR9Fxx8
J88OWhTy9r8
W5rF3QBjMr4
j6RvVQBDLzY
Rdt754CKvic
EVrcxUNf5_8
dfCfr-APdJQ
Fm2rgUc-YCo
c4GrTPEiN_A
f-5kfM6E-CQ
FP86EY0mbtU
vZwjtkgoPCI
Zg8JIg15lGQ
twMWcbCSsbU
GWSZk6b4Xlo
vXPPXvbABlk
P99CZi6JdDo
jq7vb_fREPc
3pbQVtmG_hE
7l1Jds7ztwk
Us1cW4IUTb4
dSNYNEkp9jI
LyMa_-lbiHc
aJyZCAO1r00
x7XXZAZkh7g
XoC0p6YRULI
U-C98EiYMi8
4w30d87Dsoc
eYJOXpP5Wzo
fH21aUH4NbY
lLYVhvqjBbU
le0ZvwPmzI8
ArpyvOIzc_I
3pMsSkTKJEM
hRhpFPuW7ps
8_nwmosGWuM
7TSUvc3bWk0
CoMre8BzftE
_Fz2quVfBMI
yjduKpKMr_o
OPqs6i3Cp10
0AgXfxWQZNU
noxfDpGui10
A93MVOA8j8c
uh6AaH_8SSg
_9x-UBxzy58
v4v1GREEsFQ
sP_qEZmi7RU
kGycZpv5lkg
0bPpqisUXuM
hmPY9qBNr2I
UpPfmcDPU9c
BB3nfcdCOOg
fbB7peM3yl4
JZbtvVPbT3Q
cFy2qAiB5OI
_yoPMr_nQd4
MQ0rhUgfm_0
OqJ7w1gIRDQ
Hjgi1L5o-vE
UNB7HHzxR1w
CoRfRCTe2ow
x8gJO0fttMM
OvA8fDnyWow
l3RSZn7L31c
x2MN_QWRyJk
000-0eoUuM0
w-E5o27rRyg
mxV37oQ36ug
gCyXVIzSwDI
3FYpcxLb17U
Vw0TZXUHNAQ
whUFR0QuC78
eEc8otJmIXE
GHikEht2A_w
sKSgSvDgZG8
2-U5m0JE68U
1V-t-0AfR4U
2Z5MdkoA1cI
d2vqVTNhHZU
iTZEwF7dNNc
VNIi5_Pyiyc
fxasKE3bdiE
1ebOL8AjWn8
ZtZxhh1Yd9k
TvGlaFfOARM
AmzMxIutOT0
bwGfdao4Ljk
6hfLlDx4iac
C8yS0N-nSAQ
q3RX9K2BTso
DprdX1Ie_r4
Ir8ltgosMJQ
KyunhnCVEtM
5h0B18esimE
i53GuIQHmGk
qk3ARM2hBAc
m6v31R4LPdw
uPfW-QCI2es
5up2FJpxE58
z7UxF8Gu83c
7m-N9NYrb10
Yq8j_x6Cus0
0lLX2ax9wF0
tjLP7Ewzrdw
iF9vrEuSjaA
xZykARlSaNk
--B3274_8a4
dnVz00s098I
frwJ7HPlZdE
K9l_PRV3zRU
GYZY6_7LWro
uowfyMKQYPY
P7Gb6nCY4mQ
7BtbjVw1ZeQ
Q2MMFZuKHjM
-RtcM6LkLMU
GClEmUdUYEQ
RCfdLJHm8qU
1csvMll9Vp4
yRjgkI5hwFA
Dv56ij6IYbg
PHoeH2IRouE
7ltcMZLfN-A
4GPfTaXtoCE
Q-4x6bUzw30
XkMQ4Dr5r-s
icM-tG0RIfA
5V_Ov2mCxhg
APJFcnrBpSY
a96BHJ_XWDg
r3Ppk58JTXo
tnFOoxtGhJQ
gRmtMLZvxr8
jLcQVDc8dh8
cEfYVoELFuo
ldQ0U_DVHC0
K9aSDd14lbo
ajYTYheZUYU
Kx1huQmPZTQ
n3EzZeI-eH8
7DGjxqtu5Ug
_sjc7gtfZZ4
JF_g5R1zQQo
tU1aaaWhuBw
aU6p7_hljSI
U-kI6Iw9qls
ExXFCpa6iic
Vp1JxErl1OY
6Tqj3D9TlFg
hnjQmqeoVNk
X7AfFXUE7Ng
9wfdX2N1RA0
kiApqux6wrA
3yPhntC9LoQ
Fn-NHHUqLfo
WMtv089BQSM
rFTUWmzivC8
fgyK1oJN4dE
Yd9FMZskCh0
W-vxA54dP6w
GPnnxc1Dfm0
MxdSz5tfdkI
SFLovY803B8
nb-vWQWfYNM
hm8p-EvwXj8
JKVL8Itzx6I
LLzgP8wzswU
6feGp0GQVJ8
ptK2yT5Xrxc
l-WrT-vTMrM
whxoMEtuR7c
J0EcXUEzgKQ
vbB6Vh159go
7iY-cz2Bmhs
kCE0nCwvTDI
FrWSlYdFtA4
wx074ejP22E
NGTyrhHCaU0
Lkr1WZ99gJs
jZ9WYR80LWM
5M7cOxzeEEo
vZCjCQ_vE0k
Hf_UX-hqF6c
YCpfOXnNPCQ
jiPQn9Vjfw4
IZSxPTrmi2A
US7wCbdSn9A
bxESmhr9CdM
rPfpkLQm2rI
BeKNsSdXui4
AB9Qkd651XA
tLv3ETLGDGU
AibwmI8Sjmw
KikfG6nXyEw
yvZDL-CDKAk
PqLAxpEL16c
xBo2r7wffgI
5MYWrUn1hJ8
QywGoB_YgvQ
Og-iLwH6_ks
n7XVLPueSOY
7cBVN-581RI
_5yZTnQM5nw
vwq1N8195vU
DsaSIbLv4AI
7-WNwC71LGQ
X3RgCwncY4I
6y1H1TuyB34
VedO4w929vU
mrlnnQP8g-g
YSx7twcJwSk
QnL_Hl9k8FQ
Zq-Ft5KtA70
jj7-CtnSJA0
zIJYpucoYxQ
22YJDkUvuK0
9OB5v1mc2a4
pMrxKBJbc98
4OFvoh9bFbA
8zwJ-WGrsng
lkw3df5uEq0
XAID7oGymlY
AsaM62fN-Tc
sm0HNvYc-Js
i65psZ87yro
iAGOqcbMufY
PSGB2ChW5zk
MrDYmt2dFuo
nwJb82ntmIQ
p_XgwZ3jGHc
osF1EZiXg5o
yREqoar3_PE
BEK6aL4_9GU
rM3rhFqapto
xiAZ68O-ZGg
YIUALInYQiQ
7Ks4sTdDT1M
4_7gOkJ2ZZ0
ShegSiDDDsM
LjvRiYAWAzw
E7qH47lMpaA
2n33CvTpph0
sV2JJKcqLRs
UDp-aySGCEU
Ool6utFqZXg
LI7XYPakEtc
KpAbzFiAK7I
CgGwkQLonaM
gUa_dl-IhmU
Pu3CRaWBdWc
F7LpoCk8aic
nXUlgUCnf84
n23Ge-vG400
bhjwAoTACb4
Vl6KzUPLt44
CBTjiDHC0mY
iANNM2WULGQ
OXcQZlhwVws
GTa9qhAS5eU
AQQfNmOYbwQ
GTSvc6LsqWY
Ekdbwd0W4Lc
HzUsLDoEZFk
pCst25EW85M
hh7Da1lG8aQ
LCcNuUFWcYA
LVD9rOuD1-Y
ZBo0H59O_Kw
WBqWOgptuEg
XQ26wflPdTE
0c3DNh35piw
ga4wF6Usdpg
4RIukp3mkSM
NlYxZmw7vyk
rpC6F2uCJKs
zWlKH0PRzrU
Y9bOz7-lfbU
fXF8nT49q48
fgUbLhJFby4
Rbh6T8vAE3M
fvQWYW79T6s
CPNPwHlNb_M
4IvImgWX8vA
a8OyKWu86zk
ts0oCqSe55A
BfnjUAlisYg
k4uUGnjW4cM
njCR7Q4PwJE
YXrs3pLeQSY
IDQJ4_FHaxs
vTmNZXdXKps
m3iDLtZL6yg
VziBdp9X5dA
pZn_tOGuod0
g6EvoPKa9mE
h00AoZGqLkE
pigXaRIC-mM
LjhAguZ46F4
yA03OuRaBTM
LqDxLpqWvsE
wHKfZmpWP_M
lcpYA3srVM0
RWRFLsv2i7Y
I1ki5uOKj18
q6jcK9-y5kk
QBfEUF3wl8Q
H4mvQpHjNjQ
ZwvB4Wrs-iA
NXzyYnBluTg
VdjtohkmOgI
H3oaEfIgxhk
wkuK7E2es5c
ljqH2M4_3QQ
oLYaOaXUdDE
2z7uSPG6Qos
ZNonaYwxy3M
811mZXzc1_o
l_BGqFGHZcs
QsrRtChHcQM
5tpHBd3_jr8
ozI8tWCg738
nSJUrYijO1Y
u9IAU20dU5Y
oI9VufbugSs
LgpN4Y2AAvY
PZ-DZieU208
HCwhL9NtV5o
H2pLYyCCr5s
-J3dxb7pooc
Vg8PnPoj0aE
qWd2Fprb3Vk
lBc3K5m6pQw
AN6SeEsZK2g
ibfHH4L1pKQ
fexD5hkQ9A4
GZUY4GWhvdg
IQDooz9q_cs
d07TWydn3cY
VjGIqA4JdNw
NtmwGM1ba38
F2pUhmFqIas
SWzRjtD4V0Y
x7BGCDK3TLc
RtEhfk_guZs
0YEegr8DB40
gaLcROgDN88
4PM1feFqeL8
0XRSY61gdyY
dF_VxE8baYY
ODLsmUUFZGo
neP-1XcBLas
s1LI8S8D5bo
N2u1mHxD9do
VARCLjok3is
Vj8UD_5o-mE
jxi8hd_v2Co
D26abT24B3w
yZejO10X9mY
ZAJVBEwgoes
daDBHkFlBpw
65srz1Z7xc4
0wW1Qg1_LMk
DgTNasbEx1A
2_mYlqDvo_o
sLIN7qL2g_0
9aVD7BTlSqA
hvq_x3rtFmU
2SxooHEtoOo
zBQ0douvWdw
8tal48P0a1o
0LHiqwf3FTM
iSHUlIxZcic
WQ3_7So4DTQ
FZsl-PiiROo
Qa9wp277vh4
Gwj433ycKE8
71QCbkuzqAc
U1yDo0Xo8Rg
5AcTtXulCBg
LWfzcWc7vn4
BTRHAp4gY2I
JkESfO3EQe8
X0MgqgARhd8
0wXXPCruCZk
mZOkBgnePEI
WSdvL4IJeAQ
EToqR5-sa8k
6d5bH-IYaZg
02EDM2E_eno
MXJHOUKXz_U
ExqFrKiwPQ4
JTtBls96uYI
3I0JVrE7Mh8
1PP44sS4BLk
sw_u95LVvSg
TJWDOgRQx4Q
ZdwhR8a-kUs
Op8W71n15BM
baer-1c_lCA
99T3gSnpXEY
9vNsjZNHrfc
_alorHV7LoE
Ur9VeuQuSLo
VHwugKa8xWI
mAGKaWiNp8I
P7BS3Eaf3bM
_agoKDRgUOo
yhLP_X-qPo8
vTYmgoPeMl4
ijoJsB_qFDc
SrrcQ9Ip3p0
std7VEwcNro
3JZQ0XhESpw
OgOWfooRKbU
3N0KK7N5j_0
l6n6UTlaZLc
6i62KEmbB4E
Qr7cgoVVfvM
ucthrJ_Mn1E
l62urPJZD-g
mhE_EW-zLj0
15QifDjsSE0
9r3F8itKdA0
VhhVDxJWceo
7ne0GArfeMs
D9rvAN8FOk8
lxl2CCm1UlQ
XXsHB0vZ5L0
FMQUwVMlrJI
E-L6sxdJ8Wk
vE0R8JLRTWU
_fOPtHqo2g8
N6wHpDW1JL8
2EUANbbijts
_IZ52A5Bobc
G_o4K0rOR-s
xZvSfPBsjdU
bVZ5Ki7aR4o
oVXs7OfbMqY
HJliCOc0fs4
Y3FDLELNaec
Gt5CNa4ggWg
eAQJJebxxYw
unL7ENIWSLo
iCs0KsEwC8E
MtmfY-xQZ7I
o9OmliHJ5e0
FUD2pLS-ALU
HCgntZ9gEpU
jC6K36n2rZA
QbBujMisbbM
13GmSDX-NdY
-us0ODJW64I
q4F51_aqjRI
9nv2PrFPyJ8
SlATMAXp8p4
eFGLaFR7le4
lILtIsvOByI
_Jfjsa7Syvk
UHh7kzNJz4Y
o4RCFWk4OZU
D61RVFdCJFs
aGEvhJ_UZVM
SW7GtGZWzoY
G34sKXzYn3I
LEcR1vqb7Vs
9O2HGeHmXxs
9H9itMtAUho
Prbbq0NCD8A
qtllZOx2BfE
Dpa7V7VnLrU
yuOMRVptsn4
nGID8zqeHw8
59m3gPrby5M
iBj0K14gRX0
csjSTTZT3Kw
c2AJMwjS4bU
NaV9FCDweaM
bQbW5-6q3KI
A2-5ezsdSDw
g8FRHpatJWI
hhmmJylcQfM
dB_bWFJusOM
Ot8A2vhx8IY
08YHxpC6ajU
9qP9wOvZ6TE
yeigbdTjjR8
ynMwUXQs3Z8
IVq76Uj4qrs
D0LsRh6jmOE
pMMVplI9rKM
W3HTUhCOjHE
z2FofLsl-QU
wOHQjAsosxs
9uuB-0VptrU
FH7U_uE280w
2aCNXiXubPU
bg-NEGkhL0o
aZONbqooLl4
WSsrIvL-aaA
pm6natA6sOU
dtECfp5-awc
RCqeOw2h8po
rRM_Na8KqPM
YYDkwtQB43c
HSAFwVUf79o
tFpnnUA9J_A
gH_7eXY75Is
R1zstrSeE8I
04Kn7u7zVs4
WRmpYis69mY
T74bjHwedO4
Im--bCWvLGA
l8NtemuGx8Y
6cj_N8jUiNY
2wt4V6j1EsI
wUgoY9eW3Wc
dkjkVELKVnc
fXW2phoV9ek
U7OFPyeSN1M
U42FqviU3BU
A8VEaJazSa4
4_fb2lWf7ok
w6aabhIo6Bk
bK4yvL6eByI
-oQF09_YIJk
mg8RYJhngxE
mpsxJ5M4mJc
Yq4CMG9Pj7A
d3TZpRTvAsc
jAiYJhFWA4M
qGdj_IXVCwA
r1I_xVIThA8
qONgwRpoZ-g
fJ2fPnG-7Wg
NUtY7svHZAw
NNXmKvWSNZM
IZfjIZeMcR4
VAvIqdO88FQ
kSMrqkwc2vA
efCDe-ZH-Dk
yAN5c623AZw
FCRec4waj2Y
9WjfaSpK_aQ
XF9Quk0QhSE
VQ1GSsoh91w
539sGNdbGX0
6B1XFN8HCzw
voijNVw-v38
yNgFTVxfG4U
EX7B0KLAw0E
Q7JYn0gyuNs
ykNR-2GHyps
8JhOZJxuGwU
g1e11lsrSvw
0FSlB6OMBP8
7TFBn3jymxs
16l6WqzOKn0
kjH7XhTD_zE
I4JCDDVKLqI
wnWdqgJjLHg
0piSfQpmmF0
nqJm4O2Pv-Y
nAsILz9wlbs
aBSVOJfXD6E
GFJ0u4z6tjI
a4zTmvDAzSI
rLvdRmMWZWA
2ZaMHzeOyuQ
ddW6abNm8cs
-g1Y9sY8zJI
3qZfHEQ1iag
IqY5IACGp5o
B2woAfOy0EU
YvphrOFW8ao
dDAUCn6CunI
qKzp0xjvlMY
1p9UnFrspDo
fqnilJ0D9KM
DmCndqurl2Y
VR_omaTKSdg
TTC3DclAUro
jGCkP83bdmI
b55oQlLGMi8
pBZE73vpL9A
bdgDtbIs8Lw
UjTdmIrP6Zo
obIOv3R_3_A
Rxjjj5Jd0eU
sprsjcmhzZE
oBUX8sgv4dw
UWW0S7bhgCQ
8h69A3zK64E
wi0jEjBBiDw
EnX8cQPiB1M
wOBQaAMXTi4
PfwRIgGrtW0
QQ_FbiZBKCI
sGSpiavZAdk
9aT4Vorh3Nc
d0VM-p0o6S4
FpQ7pUJWYIM
XmgxaDpz8mg
nFQz_BizPS4
xyjUlfw58Jc
w0wCpSDza6U
HpuJBhYGGFs
fEB-_MAZ95s
Sf9W4UuXaR8
d4kFyk6WxLU
Eiybkb9LgxM
uY6PSaiNHqw
J8Kk-pXtDew
mMSGUexDHnA
KXDbO6B13-c
2e_dugJ6jAs
CTBQeDMI4_4
qHfLWeYESKk
en87iolC4rw
tDjuHnvrqFg
G021G3MBfyc
gdcmgL9aQ6c
vYOvguQkJbA
KYhApmLIYMg
xXDaLZFcwug
lYMEdjLisOA
RnWb08dUMdk
ghyeHWyA_0s
ajbpiKfGjW4
0XZj5o9u_l8
XIp6j6UsI7c
uH_6dBP3kpo
QtFu7liI53M
L_D9Xne6ATc
mWUfgoOM0vA
cOQvDov_4wc
LHs30W651lU
Epph5qKQwoA
RQMp5FsFSM4
E9lsMwWe7y8
5jGLmG1_R0E
CJe595dOEKc
jcaC24ktEMw
F1fYdsKeo5M
0euY9pYRUsA
Un0mmGUwP5I
eW_5PXe_0AQ
W3w5ONEM4fM
l2BP5FIP4Ug
zFYAbnCe0vk
FnUEsp-mQpU
p9VM64r5V34
lf5x97adFpg
7OggHrWNZog
kiP7EUsFjLY
dRyjnoNpots
zhGVm7IBPuY
c3nmroGY6sg
Bk8dR0OvRvg
PpA_UElOxpY
qGC3ty-4Fbk
eSEp43Awq2E
ui-GgJu5MGU
zIupA3-oLfY
WN7rcAdt2bc
vaaJaty-OaI
-7RyES5gOQA
pOl-DiSNa2A
N_IOkgE508s
riTZrznZWdE
Lewds8rypvo
IrQzk84uUnA
nlUznbHmM7o
r9pOsYTC0I8
eBCK4WweItE
SgqeVIS2wvE
YlvV3-DiMkw
5KGkRRjazqI
hLG5ZLWTYC0
8I9h7zHIPKg
rwEWpXOTbJ4
7sA5Hqdsvb0
ozaexvO6NAk
o7sCTI83_2o
sL6qknDQa8E
NVu-u7Bn-_0
w-k4sunF25w
tnuW46CBglA
4vCK0IZTgwc
VP0r736i9uc
VYjRYpn1578
SrKx1V4PmHU
xUPPFM5IZf4
b7IFbYSDxfc
j1iadUOBPGc
0_0PGecew9c
5HnZLqMRxUk
ElzWLVetUuo
OV-VC1YxRiY
yC-TbGtHueo
6etrpb1gGC8
sTbjsGWcp3c
OutJuPai2X0
Nwg0lx-ZNdc
FfPYZM6Avag
vzhRom5xgNE
4jw9fytN2A4
iVJTdD2T434
tY_bAx2uXWc
cN004jzKeE0
dZGFegor6D8
-ZYwaQQpsz0
LZ5xDKNamgQ
VkLjn8Vzl6I
Ro43euYfAAM
YTgkH1mNITw
lrc_gDgAfgw
m7fhDOa7FKE
DAAeELoVluc
Od6NMR26g5o
Nu4ao2ASDlM
kiOxqkJARdw
Hu--1iL_rHc
jizbwqE2S_M
rBGxe_TSXjs
2ljoWrJpAUw
PHdKOe5Pbb0
KujP6HP7UAA
5ejZMp6v4Pc
BV61oy_LkNI
jc1gcQwinHo
tWE9rqeX9y0
EtXkF4d_2s0
YP_HGvXd5Oc
dMHlpsPYmZc
dXIkLkEWWhs
7nkToO5ZWXY
ibVoevhzWII
qlyr0c-29Uo
K9diqFftlhQ
S8ABoDHCheM
fCnCtQXkw_Y
PPX1bCJ4svw
HYpCk3GQ-Sg
wMnHFiMmOA0
5Bi-xKZwnAQ
rfpBD80JlM8
jtD5oaHmCpM
4DFWkz4u05g
1HH1tez8_m8
RmtN2KZGwq0
78EmmdfOcI8
ilis6-JwOKk
i0t2zZAaEZc
gVqkua699z8
MiNJTzKl_gc
MccgVEbdzEU
3YG_dSFOFBw
zsfRNiHzw_E
bFmSvOY7gzE
CJPGjRFivdA
CPnAmO0xYDY
lXmMCTWCPLc
m4Bg_OjG1ds
eUhwfFecvjc
qQKGDPvKmug
eo2z7zIxEI4
XsZfB5eYxhQ
Dq78LFyXYJU
qbNFccGhm_c
H3lMiIu1Hhc
sRzs7cKQsnI
3Xwcp_b0AMc
nkwm1BASWtk
lFumoPnKLT0
vyxhdTyu9fI
W-h8hvwWfuk
PeQXnPwTtXU
V581mnJ8WZQ
hCFvICluLZg
Y4TlvPkIHjc
P561Ipfp-Pc
OEceb0700As
Sur8YCzXTmE
1krYHe3zESU
LyNI6nt3dJo
v55vU_xFEVE
Mw8w-jdwtIg
vH7Vnvl-SxY
aRh_oDqYeng
_U-BPHNdd-M
CZjS5q4egF0
ll1zZGKY97c
mASlmGudEs4
XvH1pJpJGEM
Mpb5RsFqjW0
Qcug9vLQp7E
OCnf_mZIt9A
Y0OO5v63jpg
vPPVrMdOpCY
SF3n7bOeUUA
lERDjzLjFAw
8foNOXfZwY0
XlMAs95zpFE
UF3LIubO-R8
paVEdG3uxNE
P-o1lGEUPnM
7XnSCc8GNAU
hZKr6peuLJI
jxJi4FlhqN8
TuaUtgBuE3g
5HTpKGUmK6s
woZI0mOOcXg
z5djNp9jaIw
zv_OipTwNOU
T22GOu3ce-4
PnvhG1UHYFY
MVPivGzQ9bE
oxsnG7S0a5g
kDjGUVxfLEk
DOZfz05Roy8
bobXf1s3jSk
Cm5tB1xKoJ8
qVEZr1upHX4
LMwm7FAik6Q
0P5Q_lBJCiE
mROQuXRH9gk
aeBRCNCNAkA
sBmpZJJ7EsA
1vkp1fdYMZ0
Lq90XKb4k84
o4deVfhTU88
hr-Ft9OGPfE
ULL0FXn_OF0
3lHiXhQJPpU
axBRK7NvsnQ
ocjoXXOceq4
9SFQ3E_sMq8
Dnt9HLsZyvU
ZfWWy1NUYrQ
pBmjqrU7-Lc
JbQlQ8r742s
XApOKBMN6c8
eTt_kQpPOxo
7nMSn4TrPk0
3W-J6xaqx9U
1FsewH6asaw
hlqfPjwlqzI
GAGXiwv-cBw
sKjsDTZq34A
XOO9XHGV5gg
JWooiLaN02o
yBN512PtdJQ
cxA3EetOzpY
9pavn9FLF9o
losdANgQ1Lk
mILLEWyFGj4
a6T8vb6Wjz8
_HtzPFILj1s
gYHj8zJ8TTg
GfcbdpRInjU
E-Eg6ISD9NQ
Bh4-x30rUP8
YwSpyG747e4
b3doRen-VCA
nYHvhtX3oGU
KCzkSn3VeHg
RGf9WKmVdiU
Go63LcyljMA
1BOyiVXCW_A
DCtOHG58ick
TbF_p8Abh30
BkXeO9oNLys
z7YT4JGx8tE
btLsc8j6-uM
TGnB2-YDlaA
MbDWYsQHScM
MT2IE8ruh2s
s_uaWMcStFM
v2ZfAjE2PPc
ioXGMAmTglc
3z24roR4xtE
UFj1iZ997wM
z1UMC-tW-XU
E63t6ywjxIc
fVLiNDdezQk
1Qh9fvu0PS4
deMYzQwVgdE
qbBxsaWhFi8
_Bog6F9pF4w
i7kK3KNvEe8
0LzZyajOY3c
89Dy1SZ2GL8
haOIJ7ogeAM
Rt94T7HSRIE
2d2hyPAkWic
ptUXmmsISow
VUaRXI2xT2g
h2oAhmpDL1A
k-hogACQG9U
GN4Akb9lsrk
eH3JVsPN-CE
lcY9D660Jx4
rvG2-2QfUcA
78TMwpnmYz0
-bxKXUkwbGo
E4-UBhSdOoY
57xxMN5DIzY
1imN_r8muWU
PkUIM0AKSnA
Uk0y-MSCu54
DNW6p_TVPQw
Jyi7yTVRb6A
q9hd8pcOIP4
f3Vok9oMveQ
D9haMq5OUpU
jc5-Rodw1EI
ZEUM9oRcfWE
LlVVYIDJ94s
GiuoJtTwgrY
ytEyYeULdNA
ldbL-j4v9_Q
p9fQ6OUcNHg
aRBGHKsCULw
VmFG5JM3O1g
wnWhABfwhC4
bQGJPSqWrOQ
pfpmXuUFEKk
S4mI3K7vz9A
2nWaXiabXTM
Kq1WWIgpi60
89zdiKMHyZY
0nBci_J86Fk
_T2Vj7aYIyw
kiFme5yYmGg
0FJzNvIaOLE
LFMpB8O-Po4
u-ZkXhKPePg
_g8-QWDqTdM
J_HZdzasHDY
yJVcaIUSkGg
XkKaV4zIz1Y
8Y_Crzcw29g
dXtGYc3RLKM
cUqhR9cYMaA
Zzdd3Cddgio
NbM4IFk2oFw
LRYZJU3HMMQ
u5ZTYWTiBIo
-2DN_dDDlZ8
Vihr7Nb7RuM
abZYJXvN1zQ
GvXm0YOqwXA
XuwzFXu3yxU
zv9xdT8OMEE
uTaLZY4SmFI
A75IBbaFYNg
DmL6e7UxV0Q
B2Dsq1aj2VA
w7g4Qmqhtw8
54k4DBfJPY0
0eFCgANpZAw
fcaM0mx1AKE
yaPWTyZXgtg
ZG-cjJaxwu8
5ibjw1jYfpE
2AK3tUSkmY8
IsgmTAh9a-E
oXinPQ-9JiY
OYKht0AsK1s
c3KqFOMBjsM
FjZgYefb9Pc
JLjk_x5vLeY
GRSI8xpIuUU
G3mkXFFLQRM
67uASEOjNeA
V24oijZSWzc
AwvCozx56_Q
q7E5aheMp1E
bx8B7tKATMY
_4sosauY6iE
dR4Oi3JVvu4
r67YY0RRqq4
V8FU8cGrFEM
3_RQgTyWPZc
R21m_O1i2lk
DDpOMgpwbbo
RQ58p7DvlsM
s823PhNwOO0
qZ_ht0JmMq0
39uj5tAc2zY
zf-4wH039Qo
mtyLkYy2Rxw
Gobj2JV2evo
WA906ajeky8
ahnwpY_05SA
MJz60MKbiKg
ujodYM2gHeM
uks2CKl6ZJE
E9g74CM1N5c
ny_5iX8892Y
Wk-H-exUAAs
bPvCGvXA3ec
tBcO3btUtjE
J9t_16tYx9s
oBCj2TsgbMw
PTEuzwNsj0I
bknDzXsZhNU
A4oz_Oi2NK4
jEK2DyVOR-o
SxK-WaF4fCM
O6HyHv0hyz0
Gj8gHZRWOrc
B1qRMhNj758
dM41DSflmkk
O5L6QtpVD8I
ksm7LkzyFrk
7x0UdUghANI
T-2gxxCBOPk
5ycBVcdwWVM
bdlnElGOKMA
yV54LbqUbk8
x-GgXY0oLjI
cAJgMjEYWfQ
hX9o3lpIvyw
d_YMR1Gk2JU
Zb2cWktdN8k
MhcO-QPAR7E
x7hkfLO-FoE
G4zhkekoYqc
MXyuKUlgY_k
orjG3E2HBSI
JYiHc9WG39I
6XyGh5W1Nbw
e7KbpKWvKp0
XA7UNXWcj58
8qFNPdCLwIs
jLsfDXrLXmY
41ZXFyPLaTc
lotvftHEu5E
MqLqMBQMRDg
gAlokVw2Zxk
r6Bnc2xxNtA
ZJeyr-DGKfs
-Fmp3dhRP4w
NFTrrCxtiKQ
kbEGR11pZLM
-sJ88-1p2oQ
D3bvTCIbI9A
_Z8v6zzvU98
Gm8UhK_Ccqk
SdEa28AIo0U
kPnUj04tBxw
1hc1H-FVOVY
KbFSxN5DPco
k9Tms_gVHPc
SBKQ1IZPRfo
SFmu8q6-RoU
-OqeCJYb7xw
ANc9Au9FBzw
7JdWO_XQ4Pw
a9Ysqkx95Iw
7TYjYIgMS9k
1t1AM3730yM
Vw5x1PA-TaA
Gg0hYF07_F4
N6wD1vaE900
TKV315trZaE
WpmQANDUJbg
trCgIGMGdg4
WZtAAd0BioM
wkIlXmrz3pE
lkJDb_0NVFk
cENKP-AOxI8
tM3aAjegetI
D-KFRSoi9U0
vpq3buJyQQc
0JE95gcaw5w
D8za-aRkM2s
QKxHJmij4nk
5NMdZYVC2gQ
sTunFhuLLcM
3Gsjq5Mpzlc
--GTyhxrk9s
6MvobSlQsUE
L4o2cnpEUx0
MRcPayoxYwo
My2fappiFq8
M6AofLTxGLk
Vin8HkWsjUU
LhAvvwJVcfM
w9EH1GCM_JE
oy9ZTNYteT8
LMmey384aP8
RtWqH9-MuhU
562tqOwGeFQ
4s2iZI2to-0
GSSD4Hy8ohM
OGyOlk6tHcY
lBl-gf15YpU
xhQjwGMuTMk
RkzxrXD_tnU
PBxi9Z2IPmA
FZmfHlXwvv0
oOYdt-IRNvk
HLqLGf3Lr8A
3Kby3hXpdBw
e77d3hqtQmw
E7w2eJRwieA
JlBJ9S5yC8Q
X5de-46zI6g
iWy4BkSsPXY
bdaztzt7SSI
_0TEvP6upng
dXBhhcCrQJY
4nA8ugV_WPU
HUsa--jgDJo
HWiB3N75cSU
t9Wr866RIkA
nmwk9gCxjSY
0wo0mf4H3QY
699RKukrhXo
_XadS-nrbdY
uDMRUb1qGNM
u-hWWvt0FLg
dTN224NCJH4
hFpxxIGZKVs
-Pqz3cXyd2Q
m3lrTP57pzw
KcVE9p2lEvM
kA1_qwitI5c
RDnYfEvK0c8
aYTlqYsu3h8
fvzdQXGQlHg
bABGiYeHdqI
-gZSuZYFxBU
9nP0RBrHSgg
kvUq8gchPMc
2vp3t1lVpSc
O4MGz4bz8J8
UPnNKC0a97c
9nP0RBrHSgg
AK4Rwis1UWA
dVEIRoRnq9s
A-p_UPwaFPI
mNvy6q0T7ac
GA2AFWq1pfY
DyCBpEzdjes
bSxZ9LCmGLU
lpnuppaDnew
JZilhSSzd-M
-PNd5b9X4J4
VuNfaiqIl3M
jm2oWEneb5g
pLhKiAAPeZ8
LvklbMzfdO0
3s6_SQ1SvZs
U8DuiDJXivQ
y_9sjVZ88nI
9DqmZXDCKZQ
It9GK18H4A8
soMLA2RuOgw
_5k-Av6Fnxw
QM56oaKHbaQ
K5FvdAY6JSA
kkcYJnNnDrE
Psr0b5Xhs7k
wgXSfmmaeqA
qYk12fnPRoc
ZWgzSWBcMU0
LmQJuVr2gyY
dNseeHHBG9Q
NyHODGE6U5I
kkk8-xCC31A
TtO7WnQE4Tk
3BSc38V9PIk
-llwNYwTaHw
mGqLcbkaygE
BS2ynOOODqw
kcieT_kP4QU
pUFabCtGZ48
aTpoUSb4wFM
MNWrqJtrX9g
DhuyJkA2pu8
N0k42BtlOV0
ix60i9RZI5U
SYCPQz9nhQs
Wc7Mf3IseGk
QtfGMYTfI8c
5lEqPdFdLK8
4D58U58bs84
sOsahif6AEM
CxJzcFpwLl4
rWSMlQ0tdWE
4hA2oGRz7DA
It93AwdH7Kw
U33veZK3E3I
w3u6OaWWaZo
6RV7BXamB9A
TqtY4jhWRKo
IipAXjVk17Q
5aRcLrG1ark
DbLIeEwtvBI
WQcSOHbSfHw
C4oNZvqclwo
w7eYwGpoFTg
iaNH8ETOUbU
f09SOQSgWd0
IP_r6BIO16o
8rFbn6ZlUg0
TpBP1g3EbqQ
qjwnuQE99Dw
8GqfAtGAXuo
wnSsAGbMQKA
2UuBmygBIsI
Xd_tksxOd8s
SfDtzpqivao
Zw4uRPWsSuE
du3qf5xjhNY
6TnwtsurGfY
aa-RxUkku9c
K_bs5zZzS1g
nRW1YV8uBBo
zLUa00SOREk
06SB0xsH8Uw
ymKDYnLcBeE
CkzTkBEMVnA
uyGKY3ZwWjc
wf1uZsulTI8
xv1Sg6mTNdQ
ZGLXs2rTuHw
4zXEfPPlK_4
CIbJ39Fnyf4
kNI0hHgw4N8
Z58iVZEvvug
EOpuYZSAGzQ
ZBsX9cofZyo
dxy95py4a24
kbnVl72f_oc
5_G7-0nk7XU
AeFcHECNbJg
y1FyBukmPbU
DxG6wRmCLGQ
1I0o2l_LGpM
1OBXJZkWh2I
J2tuGC1u3rs
xSuOszqtZq8
DUdk1aCXOJE
zwlgH81Hx8g
mjYSQ2Clxbo
LA02wAhjobw
QAvkdFqPDqY
dBQqLrvKkDg
BzSo0zIoOSU
x-72gF-Eto8
4_LymQheJiI
PoQ15osl9Bc
366-NERz0YQ
w7_7vCNgzGQ
2Ocxs1LdtYE
EKXXuwZBBeQ
a4p-ocIWoPg
Rmwi45gY9nY
zGfFiZyIGkY
Vgls2k4sAUU
kl8PPq47LuI
jjG2EfSyJuM
TEVvyrBdI5Y
Lfh9T_ChV_w
nZ0rfLcJCtg
DlPfqJcJeNE
MVgH_-6LTLA
eDyuasGjojI
mI5GWHgVgFc
UbYylmv6O5M
OtSIQ1tWR20
xOaZBJf6m_g
GV6kVFqxLeM
m600uapQHPs
N3BMp9LYTLY
N4DIE69Gqk4
Legh69omKEc
GR8nZs6Qja0
WXesRYdg8D8
9TFKO_R1NJs
fA1XiqiT1iw
A0hz3dgxP8M
N85ryOFVeQg
qMBW8zvTqgs
4qeWL8kD9UI
vlgWdQro5Sc
XCS6DT50Qqo
BIlpir7osF4
dfR4HN4XDqA
fgdzgwvHsNE
giqd1PoXCkQ
s6S4If-HOp8
H3sUUbAr99I
V4ZdHSgA1KU
KCGoOVCZzfE
P_hjpva8gBM
8GY1K4kwp2A
8juQJeYrQMo
FwtPCW042ZM
gKlIlVdw7xs
dm1VD4kiBus
I_gJOiUFYn8
0yQ6Vt0N_S4
gld16fx8mM0
qv1agTYTSVs
cbfG3kF6AVY
0tLJFb3YrWA
bqAsXMSs27s
kIWNDSom8a0
75ojksSSCrY
JQYjbU258ZI
yIDrKVrEJ1g
ITHb5CpX8qM
W5F-kf4dVes
mLgrbBTo3iM
dQ216c606qI
IDstvy_-kMY
qVLdp6YOmP8
DCwZKVi_VQQ
CW7ZcI7JWlY
-nhJUfQa4C8
AQxhnVZEGLM
jtnfHVOPU-8
LoW3wgtW54w
JW-2A4NjILs
6tWDDJVa8AE
m-PXWvDhCWQ
deg1XhdMb5g
xfrFoQ_1tMA
kfSvDGzA0Ok
r5HCnMVXS4M
inOhj_9Em3I
NtrVJde3VEI
ReQLsqCRuzc
3pRq6tUSsjs
7gTa8WK9kME
luNrvF715O4
cmNFVMMu39c
bcasagxB-0o
3ZsWtEkIp90
H2lS6XHO0co
-_yb53Kvq94
sKkVJapyZf8
t34DVGj_D_E
qDYBJV4ylzw
LZJ_04tQ_To
aKtlx7JAAAA
YmLHyBabew4
02vgBLDp9p4
y6mRU4x64NA
-7CD37Q2TU0
mSk8cxZZuBA
X3PZTjvzrp0
5j6oeJxYUpQ
mV4WvGp01c0
QpKfHuXGZt8
7lReD0ruqpY
vEoDYtIzdOU
WVwfvL3SDIY
VplQ6mCbgTU
T038eq9nunc
ldJ4MWE8Ays
9Fp5HbMSJWo
HAXTeOaBigo
VH5H6uSQUFE
FhilQr0kp48
nqBFlLEUH7w
Kx4zUWq9QVI
c-Pz6wAwguA
bQ3Vv6sfiVY
yr0livSnX30
QNuta6d-23g
y_r9rRe-wP0
9GseTZ15mtA
cKcNimUapqk
NmAOFMAZ6cI
QW2bzYCpUUY
E1H2ko7jlrE
iJrp8X8ggK8
6ThmAqf--t8
jAY40VJC2hM
B6PTTR0h2IM
sStmyJwBGO4
FJzouQVUOs4
wPFbRxXZRXY
QopDbSWoumw
odfndAKMOy0
-KKwbCmLFd4
iNgcuC7DENE
EAIdKEhwYpo
nQuPp6jRo9s
l2e_Szn3L2Q
BcG5oWf89mg
OFOHsOqSPgs
XXkloCaae5Y
4IKsZ_evaHg
q1gd-R5XgYU
5hjEzVZkNk0
lrvVo8Whkms
DKX9KWdgGOU
rBvwfGwURyI
0BNdEpTYXR8
pblya6GAw0Q
3GyNxSyVUds
Sojqm9FUmEc
EiS5lNCclSs
cghP1GvJMjI
whMeP90adjw
7RAiXvGZX_4
sXgJtfe-9I4
DVcVkHA9vDA
1x_j1E69p9A
47rO2Z1SlCY
kYeqwjc_UNU
FNYiLLIcp_o
r9ct3yXkddE
sShXFaRUOTM
4euKddphDik
QYAxHHFQFEE
fx19ltpvPhI
h0Y5XRR-f5I
7SD6O85FmEM
f6snQ1VUcrI
LVaEaDty5_Y
bDR1PkBBn0o
qWjk6zE8F6c
YpP2wLI7Sj8
DyCk_aak_5E
7jln9jba4cU
CJQzdZH_-Po
a0GbPK7humQ
w1xHhoZIPck
3cufT2xWJ5o
DTlBbUunhEw
sZbjTO9Ugjk
WqvyOx_qZAI
AYDp1CuFtsE
aOzYRS2QyIU
ClGlXrbhab0
oENc2DrlJgI
esQ7WSzJUxk
rSlTGW3GDgs
2ubNP3Dw33s
ZXWWKuLKfgU
3d_twfom_ig
Bhdqvj345QU
d6sAaQjdnyI
lT9IWPCaDNk
76XsNAB4R9k
bnLpMtYLRSg
_s1_7MGZYok
LCDJ3CHogVs
grbHJV9qNnc
VIJA6AkcKnY
EiYSAPWutEU
UJvfbpVb25Q
KOudZToktN0
LKT1g7W2cvM
1keKTxYeF_0
DA_oZggFCEA
058Hc2gQjTI
iXxLEPrlO-U
2wjdNzEK5I0
2RqaonfSzQ4
vUWwjy2nUVw
-SVkYNt8mqc
0JnnN9elnNE
XwXWKXFS9n0
Dz3YvXw05EE
-DECuKxgfAU
LaHTeIWUwUI
SjKh1Lbd9o0
6sO96QSZX98
XuTqlEuQnNI
8Mf1QawM710
MLCjpX9aDmY
AxsCIoncccs
AevtLk-jhFM
dAiJOOaGPFw
ot0_16TFDq8
ttt_jkIRTZY
kOALuyuBUcs
psSm0wHkFbM
Su5Qsx8YBjY
Sh8ywi_A5Dw
BofZJfxq5og
E-ZnA5900lg
okTiToQUa2k
iFdavAYCLVI
QdF76GyujLc
y6nWX2Rev2U
AeSpdfefZyo
oyT9sxhvckA
YSIEeoifKSQ
wvYFaggyn2Y
u1vvL3E2gvM
oj8EE27T-xY
7r-dbe63we4
6qd8JYnBbyE
BgvrxpGjj8o
XT-lm06aliY
VBYvVwiXV4s
z8TCtoGQII8
8GmrJP4yMg8
KthHPSer5hE
J2fWKgd_lhM
7mrgGfnNjJM
9S7dOeXYYSQ
7SqI-m04WM8
op5KF-Jggic
lczFtx0zzG8
idfNT2c5NrI
MY4QfsxSpo8
WSQH3b_Z_tE
5E6DBOyLgTQ
jDMrn5h6JSw
IKGnrD5YQZU
8jUbRMqWH1E
YFeAki1XbPM
iQJMnkyY_EM
f9IpLxLYs1Y
B15DJKg3cpE
LdtY0Qm6wGE
YNFyiJhcLLw
u5x2ek8sYhk
s8iA3fpQkCU
aRv1VtUrZnU
CIsJpf5GS3U
dKZQyScAyQw
Jnr2QOGTdu0
-l-3yiseRq8
hV89WCXgFhI
JowmBdx4nFw
CeeF8fhF_Hs
mWshNQJStyw
DH_9xGF6kRA
EvkZ00VCtOc
IjwUovJcDH8
gLEtaK1TFaY
sldx5AAYrVY
bFnPiIFyNw0
ZqWFS3QwpBo
-Cp5y6bSKCs
WDj-vZ9HxcY
-veKI-JAqKQ
gR6NI-CnjLA
ZEZb5D0Z5fA
Ogfq6123C1o
mRkcyHcohy8
It8sG74siIs
7iDolI3dKNQ
f67mBR_k5e8
NFsiiy0yKY4
BIBLaShTPVg
_RBhmH6cwgc
bxbKpr8TEs4
BRN9SgtkLTE
kxs87kaF60k
ouTrm33Osuc
PISGwVq2dF0
r28JvuNTn3w
xH-Zx8stFu0
CrYx25m8J9g
R--W-WFiUwo
ffGgusHkklg
96yV-kx88HI
nlbLdCOGR78
7PKeOHtBps0
U7b316bj2XA
qIHDuktDzQE
SuuybFKQrcM
rRw_MWvwFqc
lX48S2D_E9A
xSdyFPBMmSM
xDH141fnIbE
c6fIJehYBUY
V7vMMxfYGiY
F8xdCINgBTA
ajIINO6ZGUs
hrL9T0zmj3Q
sxWgzetNgN4
U_fg9yNiqFc
Bp5obvZg7k0
LJqFa7CiMmU
lfvi1V-7les
f4JvfAQx9DM
v3driBa3xck
N6hGX0Grz2s
LhgNyl3OFlE
oHvF6dKek_k
Z7CniP7MlO4
deqtoRqFBnw
W9gU1J2hKzk
pK7V3pmVrsM
1HbMYHhXYow
w48YD-YGm7I
XUWpD8Fobj0
m7a1wmK6dUE
pd8uH1WyFfE
nwDQU8ICXMI
iV2bF33-0hg
-ZNKkWl2zqo
B8-z7iGi4Dc
V3YfYQCYTq0
_U-MWkT--YA
BKipMvzrcLk
xH3LxFnEVXo
I0cO3JI57kw
XhDUbEt-pGg
cU1XsfpHH_o
FcS_FAtlPfE
Lk4YmKoOzLw
LFsfFciQJ9M
iviJzlLfIIo
lluX-45ap4E
fHGkxoZVv1U
3iJWaO78jK0
Om_EW1TD4jk
9dVIHd3c_2M
Z_D7vzTk-M8
DH9jxRi2UxI
jO0V3r-Fi1c
KO-4rWVCtD8
cbVbIx7ZRFY
G9rpej_744s
cxngHIduGrg
5OMBfbM7je4
rTUpSK7NTaY
zMYHmWbsJjE
116n5as2NVw
G1RDm7_MdUE
8WB75yB6WXk
oWm5YXqIiq0
ck1gmiQVxhs
yJAL21IE9fY
UMDt-Y4GYcs
7Rk60XtfVbk
UooVPxh5hQ0
vkkKy5KBlAI
dDL4s44U5Ew
q8BvCF0eQaU
bi3AjP4QQqg
zNAvGhbe7Ow
AnCDqkE7TqY
bSPPnRbH-9k
zEtzoqVr8qc
BauwAd-feDI
VU7YpoZBBd8
YrheTUI2kpw
D44VjVg-xew
WuFX-3CylA0
ide1PVxGZx4
-MkyrTV0ry4
J1ps7THU_98
zMpQyirSNyE
jHQfazLD2nA
456qX0ajrTY
nO1XmT_xQCw
cCxGnxpzF5s
41Eikpq7RdM
Phmd_JJ4YO0
J30rXXtL0eM
0KvVBzxMPVE
tK40n2iaCoo
unq-36lddNc
d5Zl3otFI5o
sX1N9JpeVfI
H4hErVLVb6Y
WgosvCCCIQ8
bSXTuDt1Zf8
SHy6qB4UYgM
DSOzkHAIWv4
CqUnJf_P1qI
flz3pysF6Po
wmTX6n3WSf4
KoOdc7UI8oA
2N7jga84fqI
HivsITFFINA
EjyI-JPjQfo
CVN6JdkBR1M
eAicIpiCxbo
mBSAnGi2gac
0bCkrebnKu0
6Ztthq3MxN4
vkc8EgSpVew
8EBBSEFIJbI
0W8kmtOmhvA
fKVTwZnw_7g
eQlPfNkxVzk
bByoQoJFBII
tvVKcHj9iow
E0aTuxtd6d8
w5dQkxfYgs8
8dJdyR6QPHk
Sx9jjQcPJsk
z0sgkxqPd4c
XEb14Jz7AWQ
_-xORMFSYzo
-8_bMsszQW4
R7CV2P8oGWA
dzGDjGxoWrA
Op_N7jERoQY
-PLP2vTld30
E-b-TeeQGBk
F0ESAG6RIW0
YOoJUVbLWY4
dO5ZA_f1oNg
mjYwr0SL4fQ
2fRPiNcikOU
vUVZjMDLqyE
wlDLnkQ_s3E
ptPAwbzVIYE
P93ONW5GUsM
sOLUn8bwffU
kqge9eRWosg
UfzmcN9KmXY
jh9r3PnBhpA
Gf4ydu9A4s0
Q3ZwbrcZ89M
zxls2umwrFI
HLM6nUzTLAo
FyfWfcDQwBo
XpocOKj0lxs
uuGlGclXviw
4JszdywXzCE
k3Eq4RKNPNw
y1KzYTNpDPU
dT5BI2dQoFU
wqslGYf5ocU
JM1bD3UlBoo
PtsrAw1LR3E
fyLP0zj63V8
Nbha3FbOfnY
KD2yqDMQdLA
Blt6mHgl604
4w8dFPVc6Uw
4bxdiIzlvPY
_JYUFmHtZto
NMf0r9r24G8
LibLTOCAY1k
fdDxs1ZSV70
0M5NoYUOw4Y
rHHpwcZiEW4
vuiBTJZfeo8
yU9oMOcRsuE
znXNyKJDVXM
gg10elAQkGI
VuNa2uFQNkY
0upKbybCApc
cFU8BXb7w_Q
bZgXtW5ifog
JoG5duF1N64
dEMKu0DkUKE
QBzX8luXj_w
TYFpQcfF4kI
ycIokr7fBao
v6wGjFsGwF4
eaP_9vffZic
-gIfVrOgKEA
X-ALLr8lKVk
21LGHitvcCY
xfyvQIxdUSA
viyLecE6vTw
SzB93yk3yRE
3bq3eTP-x58
2RPRQFRbLZ0
q5ubUjzByyA
vDUXd57OWkE
8cRaK4XAWO8
sS0ZpRfTP28
u1W2c-dB7pc
WaID-m_y-PY
0EpTULNODbA
6UYMF6qA6Lk
9X1H3DvaigM
K-e_aHr6DWM
7cBgnijX0Yw
rece8rpNf00
N23wp70VeW0
lBp9NdMKBNI
3hkT0Xtqlc8
PLPbCIjFfW4
QXDipKxgU24
LOQND4fVF_w
4VODo0GdrAI
kw0qXeeiCXc
u3KucfdZ0tQ
NpuBHEEs-3E
tz5E4KVfqDc
RD9KZpGTbTU
Hn_mVes09BA
P2Q2KRS_2GE
Zr7LThmNWEw
8D7LKFaOQWs
I1S7EiQUT40
VxUI_rDPFgc
Uvec7iISXVg
cS7qtc35liU
fsUhs2ZBeQo
NFAKIc7CrT8
0Y9v6YBkDZ0
ouXPhNPhrP8
wPsvTORAbLU
ODuyQWcDJTg
VWt6zJg_o_w
TUj5mVySn4U
p7Dla9MQocs
ZfaJErjeOpY
aWT3Y5HWuHQ
CdkS6d5PMgA
WbflJtPyOOA
cmsvyRzNPlg
xfeQ2ySN4Ac
ptLB9vqTdys
NFZsCIEPdQ8
BXCQJbrldHU
qnm594GH8es
XAO2vUNhj3Y
2i1axVYS7cc
3aKNxrzSalc
Ax_lDzVHgOE
rO6WSxFbHEM
Nb96pup7_bs
73R8u4yQhgY
uEsOZoQF8CI
8wbmFHFVneU
NAcAvM5uThM
UzaBO7eTXZ4
gVKw8GX0HdE
SCiiQI-hGjY
jCFj9_SFSIY
xoTsYvUZ_Jg
PHQ8BedNGdc
-z5mo6o3mN8
MU9BV6yath0
J4ijc4oe3CM
d1Rxy6IeOoM
xMlfiZJtwlo
A2379tes-6g
ACPn6aIksPE
5aZSRNWMVlI
u7zkGG95A0I
pe-wlbtwO8w
U736pkhuhH8
yQSaCGTJGWU
wyE2FHxHXOQ
zNa5iO9gWj8
YZUbHoHgks0
zqr_wqAgyNI
t7eCjQ9DbTU
_yM32X_8o8g
v6bo5RA32GI
X1MNcAE3A9w
jO0Mbpgu4Yk
Zqcwp8VuYXg
-WG1znjcQqY
pDW9tYeuTPQ
49IWaHAgKz4
5haSHzDsBG0
T-xox0UpiiI
6ujPTcRdndA
Ox0Inlh5oSk
8GTslqDHePA
HOxMXJIGYcE
EbS-VrhE09o
iexFIl8212o
FCg0kC1FQD8
9nMpcEHZ-9U
n6ul5fe651U
AJNGgfaG-5I
AyvhziYlYsE
dDyM1D1NBZU
DL9SdhOz8M0
Y05KJBLHZW0
gk4w-coFzRE
ovHv3yZM4KE
l1D8vDpPbG0
07G-i4QSjjQ
R7pXLyIoFsc
BDWZWugxWts
lERmLAww3vU
sRinurVbUeM
xQpDy6ykJhA
TDE2CMEEBVo
mcsC_4ipvEg
uTINHVLpwAI
yrHEOhMtrDQ
A9Rafh9IrbQ
Z-3l9wUM1TE
BRzLT738too
5Y5L2R7Inmk
HOc2SfsFoA0
qM5HPNRWdDs
_kAiEO6jP48
pSD5_YMWAh8
vyR6kK7bfqs
X-BdIZwkquk
4uFTO0iIw-U
rP5SgEhKxBk
K7Pomh_6Ddg
-wFYxx8C2os
-mDYbqGQ--E
RTnwV1m-KHo
JxCM9_Od9Kw
A8TiiOK1vNg
6c6k54axw24
e4e1h98qZK0
qdhPmp5fdr4
2GJrxvK0Vag
3rPoAQw91BI
ErJmqyuERfY
1jV0AUjx6Ik
d18fAMp1RfE
mYe3ZBwdvHI
R3lg7Ysc-E0
ap0jRLPl8Qk
UrZu0WA5dJI
xKWm-zPHnrw
ws5zQDIYccg
DYj9fp3mxQ8
mMp6nAWn750
bC9ksnDTQ3w
7kFQ9aYC5Uk
rj0CMx9hfgU
43kZDnyDXOc
tbnBlUX6MhU
TcelokG70Ko
INUfKoVyVuA
eSU8DAbyZN4
IzhaeL-JbhY
KUfDKGsR72s
LyrU7eD77wQ
H4Uq3fpNtsw
UgAy2L5z9Bg
2f1do917oBk
w4TQ2gq9Hhs
X26WHNRhqPk
PHeTl8eEvlo
t5B4RvMA_Nw
W7ASJN_GKCk
ZI2t8TwzqTw
8YwZtCksazs
BA7hO3kwm9I
g-xAETdHVJg
fqsYkvEyPek
zXNNUMg93Sc
wsRmxs0dwV0
79YEPbmDQXw
_xgcVmo1aUQ
3izaIpXcBU4
VHRJD8fbrVk
K6XxcBTanZw
S-4qa-JKpJ0
1zdP1_NGO1c
tb9y4p-oFPY
A_KGRB78ZBQ
-2OWROYk6Tc
zJedVTHdwdI
itgvolCQ3R4
llkL6DBoRZA
Mr_K7bf_YIs
zijIDp38nx4
7XyP5e53tDQ
QFKTMvb8f9A
Lb0uO-JSe_I
LGXyA_Sz2NQ
LziQP3w_Wqk
RjEq4SnWfb4
d9y_de-pJ8o
0ackKVRhXmA
wvr3QqkkJOM
m2FgIeSDvf8
BS4aj_lrFW0
kqdFBpyzKBE
nfe_6Ngt9k0
E6v1R6VUBxA
o7wjYdIcmO0
cf3iYHis-jM
SS6fktt40Og
weYVhsqpWoI
8SETYN9RQUs
43bPbTbsaYI
HmquiPFZcLg
GgLTCWNqQw8
yStQcNm5kXg
FqSO2DeJcPM
hCcDeH2UzP4
ZliHv_CP3zo
JcWzAg9_Nz8
166nUgXF6KI
HlF7QK3EDOA
LPOa9gdEv3g
CfjCPi57mIg
QLUUQdoLtyg
Nsro1C5aOMY
hcGDKDFamY0
w20TPzxV7S8
XxRoqakuij8
qZVyxexGcog
I0QHPHKjvtw
AYdS8fF16lA
H453U5mb0ts
NhGiQDkRf6s
FeMvt615uXA
qxEDpgXKVhg
E5gRpQkkfpU
YGliRmcxygw
4dLfo5xyQF8
BUWWcEUxouI
kfLxmlLMIjg
hjZjn8D16Ls
YoJVbDmdoMM
