NWACb7RHtbM
UMXaJ_4jHII
FDFY6wVHQlA
TFjn6jxv4So
26SMPD0A950
A0S6nz52_DY
ck8-pNS7DGY
5xRtKx3mTK8
h1IVwX-JNII
LsWWkT3xfEo
ayO-BKxOgXU
SCZ9T6j18gE
taLt1bq0OFQ
bAoInIgFHqw
vaup9PfqBSU
4qwtiP4nlE0
9JH5n1pgfpc
EAZ0wAaDRng
AfS4mcl2auA
IkC26S6sy68
20eO0UItMGc
G6JjrXqP_A8
KdkMk0Shzik
Q4z6iXPB-k4
PrVKe7vje9M
brPcAOElahQ
_Ggjp6Ygu58
GjCRunRDSgk
pnj9MTJts7w
JPTP_LDMPkI
_b6k7lWOA6Y
HV3bw3LAHKM
v31u-CVG88s
cdrpsCpdwhE
xTalXU4Dkqg
PJ8dXtwrIk8
Ap9uo8J_4SY
PcIUlqO9gPA
Qu4rXdsD-Zw
t8IgTlpxIbM
238ueOUypns
UkFmK1-JISw
4LGcST9eONM
Co8Kb5XvGf8
v5lIUIFopoU
eZnAompGPVE
ai7CIqY51p0
LmlTH74F40A
OqchVZuy0UE
7vX4JmWiK-8
cU-wQ7JIApE
18NyQJBVCbE
satkUh9jEaw
TjaKpkHGwcY
f9J75kxWY-E
RCFXujhJcSE
PWvLLGcb96k
kfxqKYZDgi8
iJowWOrPFKk
nToB7Omdkmc
3lyFZPiBho0
6qxBKiE4gQ4
95fHaXF7AGA
cirKzjPEgYw
dcX9tANerFA
Va3gIqKUErY
XX60HBoi9a0
6EeXu8NLeU8
cl_zsuChFQE
YNO-UDUjOYY
tcb-WXYBoPc
hDwyt7pjteo
T1j4W-C4jJs
C7Pd4LVcX6s
eQm1eQ60ut8
I4oyyl6l_Po
S-ssBDD1-ZI
muGFLwEpKUI
Ix__8-00RPc
NKnmhjT3dDk
FrAkYBfrBk4
71o9F199DTs
e6TiW76wMi0
eRzt4DC7zqQ
CcwKaHLh89g
PPMoOR8-9Lw
XDjv4kx8Ahc
--FjuVSekrg
-w2b0FiK9fQ
oUn9G220jJE
JBE6cS9NC-o
cuCGLO8lm14
hfAenSlqIv0
v1wum04ulY4
ljAR-Ix5-Uk
k_iLD-PB8fs
nQqD898EaSY
XKDtvVl2RQo
mp3MzUYfDsY
ArMc4rN8Ee0
8yz1-33T9nU
TxuAy9ZDUlw
pDaXyrLkAk0
gyAvMAWQjd4
AjdQ51kOdCo
M8Wh3MCFBqs
E573S0Ezy6g
Hzo45CtWfl0
rwhw7l_7OHw
RXNpilxlAZ4
85i112C9KU0
vIohUc5nLd4
2wYY-pgEkDs
GjinA8UN5Hw
bl2CEnieOOo
cL-nSC1egs0
nanoQWr9o7o
S8AAx54D9Qo
yKKW4lywv40
zmCHQoDU6EE
6VhztI0hV9o
4-KFhr0mjGE
5Zzp1TwB8eQ
3Tz8dT3Yb7g
PRHmOfZkM_Q
RapR0TBeg-4
wmD8_dnQ_Ug
jBj_wO7o1ew
3i02HUMGInM
ckHe1lUlByg
WAGwhVf4QnA
3wdgebSGQcA
0rrHGlqeD4g
GKT1iDIJOL8
VRtGo-70COc
HpFzTAgIXYQ
iz7oXm8poPw
Op0eTSYXx8g
CWe0jdWGayQ
1uT4E7nqEYw
WxmuLnpzDFs
P63nIIpQFDI
V4Hdn8cgtCU
esNuW0AJYBM
3-fLqJp1DCI
OYrfe82JdcY
WraqLzXoNAI
gskZXag5SuQ
T5sQO3TU30o
_GPwSoFHD9s
nMWSF5zZSlc
RTXTQGecAok
zTVrFKan9m0
SRjoONT1rHY
mmz_VolywNQ
UpAd9XNF3F0
3RL9CPymjn8
gdy1FvMkRVI
43crDb4tbLg
13w10bLUkjE
teVG4joF6V0
Hw2jBiqZ4N8
XfyBiiSkIy4
nb9Hw-mNZ30
NM5fqZDAPMg
j5_jsuy-mpU
nGhPX2EYaWg
32_R1yKmO1c
KVwI6xAa8AE
FuOIvZ4szWU
m8TWRA7zSIc
GRmxfx08CZU
VvPOjMyrPg0
UJyuvOQWfRU
rjup_zOmtac
_m6JS4oCVvU
fpbqJwJKUDc
FFNT8axmHGw
Di0zMTbzEgI
0qeTWC1ZGPI
tfRCfsLQCTs
mltQOFfMDCc
b_TYTvv_-RQ
bLtVI8lhQ20
VQIv_xGEyT8
bczKSpflqk4
yUrFjnin5iA
5WuU7M5qyA4
TuriX-7la84
mmOAHFt4pEY
Xj6HsEzrmCs
vm8aLRA2BP0
_IPCM8rgnTs
P_NPKt9WvMk
XUDZKoKJdYA
5qR6MiDG3VA
WAgnCjfXKVE
iPER4n3iH-g
IwJUyJEfW5Y
JqJZh99m6U0
PRWjVcAQwyI
3RL9CPymjn8
4-MVvi_eT0s
dmozrtb3P_o
xzWNFCczkMg
SUivDNYGNGA
eb6cQpYeG9c
oZCAacwjako
wekhBBZqhLQ
42KMMRLdeEE
RdEQrsAClsY
A2VO2E30zMs
3k4Gb4ABy_c
z9_UXmYctBM
zzPDkKuTNCU
z9LXTtRSxaE
smJ6BxT0HMg
b8SLtF2pyUk
WS5D7Tsy6lM
wi2nBfrO4Oc
5NKh5Wx9GXE
otHYRrNhMzY
xsjHJJGNt60
Cbg6LfZE6iM
va4MFkKiTzI
kNJTcOyL6tk
s_fLntjy3po
-8gegU6vkns
z1gwAxTLQRs
7sE_uk2GNIE
lrlouRHdlOc
XG2kyy31AVc
XGAAF1t9oJU
mBWJrfmoGVo
2oBxNWqRZzY
W3Ja8FD4nEw
AZKP0UmHHjk
MLd-TvETSks
DvkYL7c1vnE
uj0WwexmwG0
gGweErhj-y8
FObQbn2Hffs
GdPyz2O0nqQ
HFcpqe-8kuY
MbywT0GEWQE
BWZSa72E6j8
HE3FwR_zelY
TAkv3YY8Nec
m30Z2QbIm58
9pUKQ3WcJvQ
iYDbWBBIhr4
OOkhoq_xoI4
cba13Kh-G4M
j314amPw4RQ
ZC13iPnGmqk
18C11XIa0t0
bfC7VjowoGc
YHusAcEhbaU
bxx7qU8jom4
C7imXI4np-g
yMpwOqAn1vA
xi4IQddJJvE
zJVhVo7p0Qo
V4tZdNGHScw
F4R29WvZ68o
W5DYUuu_6sk
ZC9aDxYicls
5EYPAgYnQGY
fhmVf-IgNqA
AqBTNZi13f4
_Z_GxZa1-Ss
5ykxLdwpFRE
XI4OvFH_SN8
1gS6JXqEx38
KKGgMsD74o8
vJDXfEKK7TE
qGsnappLTOc
uQWwy_LoP2A
P43YTF9zmcU
IjgvQO_95MU
agng7YUirxQ
EoplWRpaZvM
DMzZAFSORKE
Gxtvd_Et-I0
T5X-OnI-UDU
fIGX9yyPRiE
OVfIOzemo98
nxdvV4cNh3c
tUTPfpC8QPI
OGa87NFwu-M
Ac2juu3VrAE
9crhnmwXbrs
iuYH7YN6T00
OgCBn6OgmW4
Tl8CaJ47aQU
kXHOZcFHdCU
QmIxU4V86oA
hsrY4DaifDQ
Zw5KoDqK5H8
Fh_j9JGVsrw
F2O_gTpgkVk
nXxvXjIJZu8
FSHEsL_EsmE
8C5fIdbW33E
91nSgcC0v6M
k0th2dFSwYE
8lQph84492c
5lJA0EwawzU
nJUxDlcxQxI
IDSlydV5wEY
5WZQ7Y0m6CQ
CKuJWviCLZQ
m1Rov7NjExI
CyWVBbQKSHg
ON7Lu__CwVQ
Xyzw9LJbvCM
Amgrhfj4f5Y
2fo4TIoXkNs
hjnVZWg7YFA
utQRtVYSf04
8uGNzo6Zg4E
M6N7UBK61dw
c8WYJ3QwIpQ
DWhSXyZ6OnU
xc7QMReRvQM
6PSrO7QoWl4
qNyEtcC_lNM
eg876VdW7Qk
kt5TgJkBXxI
IZYm8TfY7Ts
xoQTPw3QS3k
wuKQg0cGL0M
SURE6PvPJUE
CCXLLTJUJmM
kxvszeDgfCA
g_ePLno5RrY
NhhfReyAm74
imSYYwQXpcQ
YXIfmWUIGTc
wYV-ixiwE6E
Nc4sflvjTLg
FUJzOhmmci0
XtkvtZS_oVY
5O-ba09_Miw
WOUMbTteMvA
R1R8yrEGAgw
iNLOdRMgaDY
vI_4cj-ILxg
bncZTmo42fM
fKxpv4oI5_o
_-KjsN6Nc1M
pX_iZbU7Evk
C2dum954yIg
2CJrPhkKPp8
zrE7qS_Neio
KIrP_XgjuFU
aM8ouHPnQLI
Br4RU4NCCTU
X3qXWEY1vuA
Jrp-flp_CMg
FWb5POjagUM
4CWYIVu3w3w
VMcUrydWOF8
rInCbRsYfu4
nswEMM5tg2s
y7a8AM1c8RI
kysRenSFiJc
nyC-L7q2M5M
8NkPUap6jvc
WWhQ1sPWlRc
iQCGPqZ_rx8
vSjGabFS1e4
VoQPUSTu4X8
YaYeHGSQDYk
KUO5qkm-e3Q
AUB_2sNpQsA
LMJNooYVxL4
IX4_nixCZCA
w_bNH2snF38
dNqRzS89LO0
AInSfgVG6-M
nDRML3yBWDU
dbOIghjj1DU
N_gGtB_UDZU
KBwGuDQ2m1M
QUYwzoKqI54
CQEHU5ryPfQ
H_PBacw0nJg
h5nqDrCFoFs
ehpprKs2sZM
GwhTmDmxqe4
-9GXbt1X0jU
jOm3ZOuYbq8
bdgmGrESe14
KRQxdBzntBg
5TAa8nJ7BLA
FJhXbsD8R_M
QhMM6plq3x8
hq9Icu_hc7Q
0gVtNUFYn1A
aGECmrA6qeU
S__qX9O78f0
RGKT09982WY
s6_XZ-gE-r4
vq8_THcZsww
cM_bS91wI5w
0iQKaSBCUUY
62hZdEVoIwI
DM4hvK7l3lA
iCKyeLdStOU
p6siFPFnRbs
Ez2Pf47r1VI
UcWQLxZNwBs
muRHnhF_0UU
jx_rUT7lPas
Bq1Y97-u5O4
x8wF0csmsbY
kbJ0Bp_GI7U
cTAT6mjhonc
yJYscG7nwyI
VFwwrsF9ppo
AF9caUugMNo
NoA7dx6p8vM
AKjf8bm0JjQ
NWmSUV8rWE0
Jh76S60cwK0
c_2yH2n3k_I
to4ol-Vq5Pk
E_6n-ROdL3g
WrrQTDF_2X0
UKBZE-liphw
FHZkZECApjY
dzFKOZ-_OZ8
hf7-aNRtNCo
SpUGUXza6kk
wf3Gg0D_55Q
KXN02pkrjFM
k4r0d9u37r0
Hmo1VykZTE4
M_qAQUrmGRQ
Wtv_fJ8MNRU
qixmOTc1RA8
sCBW9AZ78tQ
d0ExMbnHv3c
flIwJ0pCvp8
KbdoFJzg7u0
Qnw0chP4n8Q
_fbz0QjTE58
W7m3MtvEi-Y
pi96rPWL34g
MfDMSlsXB38
QyNA1k7yRbM
HF6_Jyaetx4
5yJq7yaxCKo
ncYQRgZJAb0
-85N4O4_ESc
v_9dDnO0UEU
VUrXPBq_T60
hLV6gLdrgF4
PLysLvncF8s
eSv0r0Sbe5U
c9AKwjhG5cY
UtjjZNlXF_E
mOun_kEPezA
zGAqhHO2BXc
C2k9525qL3Y
XlTbsZP2cOA
1AWUUYX89LU
4zuBRJOJ6b4
DH42gzNRjzE
gDkQvXwUKTY
NwKUQFOSOZY
14wAoRA04UQ
mBAak6Kzb24
0e_rnJeNHJ0
sbkLf3xyiYc
KQELSjLaYdw
kR8-17-YLIg
Clphk5JgoZs
6c5LXZXs7n8
Bz8JHQAXG6E
SJ1vLcNnUMw
7BI4_L-4uHc
qV9bKS2xrCA
MijdnbxcJuQ
0Ecl2lRFnhE
p2wo4uEAGaw
EwH7kWsYuss
9kbm7jgiaLI
f0eff2-tA_M
eW8ftbhTXfI
waCrWbHjTFw
Ox45zNBN2Kw
b5rIFa5BHxc
UIStg2v32jQ
7r74WHPwZTM
BalIzzXO6ZY
VYqHEccAWUU
71Hakkxnu-s
5FBxnkzI9HU
_35QN5AAyug
3Viv2E3xS0A
a7qqmO04Cbc
p7eFmL9AAnY
71Hakkxnu-s
ctunHpLiafY
T5ZMObV51mo
oIlnPVZbyLk
pgxI9GUrxjA
fyH0AixXCf8
G7bBAI5DNLc
UfabmG3sw_c
bld5p1qGV-Y
rgg68-FhrF4
mjMXkDbv148
Y6b6F7TUSDU
LQEtLA8iqgw
pfa8xW0qubE
jkY60MQH_f4
fMSzU6H1tPM
xBYnNKhxPv4
dDIaaP2QFw4
waJuWfgKUi8
Sumok0xJSbI
JeeXo7ZIUc8
d9_0yBAnOTc
ZIAYd2PE1T0
72c5O2Yb2G8
ZTC0P8dLSLg
57GysfOzkjA
2BaeqlS70aQ
jM3ehqfiUZU
k2RspD-eIeQ
u_PkZtCGc1M
Q4TE32NQntI
oBKdGhD959Y
-aX2MHImo7s
qqc_SGDHeYs
9sP7rbc5IHo
zXq71ozOLc4
J2rTjWWxMVk
8pQTn0szSuE
YYRwhZuq8Lo
RmMgFG_MYqo
ztxrheogQNM
_stsGSV6TFg
QzldnGCfGyQ
-RzFUpJVPak
HGzVqRMY5cI
eAFOlCdmZ0I
gk3PX4SX7lY
QcjjYP_ECOQ
JOXsDkMxnRA
bVAYDLnmmFo
ZhgCdwg5uIo
DOXlrjOekcU
p79D6u-6pN4
R5P8Nky8wOI
_szgQzczwcY
rWRwPYUnllg
3kj88B0FAyg
FZK7JllMPLM
q4WlN8se8Ac
9FhlA_3pLHY
4cDfoisFl6U
oknX-Gi6f5k
BaSwhJOAxRw
oxHYjizo1Xs
csB4xgdIfXs
0KTxAMPkKg8
L-4GHvOspdQ
Qkor3N-Fc54
1t-cgMvHfyI
SWsr4lyW5j4
ugQRoek107E
U-R9b-WNcDI
7I_P6VMQ9FY
bmKccfEKpr0
sD46SBhkURs
kvzC21q-s-g
A_ps0-u9FNE
JQGlot8hxSE
ePm3Wbw2tyc
TnM8MEEGaDQ
PN6aAPNAoIU
C1ShZlf_5q8
kw2wuPCzt-Y
tDdCk8T6r4U
tX-Mswwnajw
TBGwQp0HuDQ
4-ifKV7SPNg
J8ieHhNcF8E
1fv-STGlNk4
1VpSr8NeXJQ
1QJmriyRx9w
R8P6-mgs0_Q
xBwg0NCFSHg
um2hpw_5UaQ
0ee9Yh2jfcM
E3nWqfJZs50
E3nWqfJZs50
nqqxHKx30Ow
lsF03VpSYV0
YEwqohAjfZc
1rUZKrUs7h4
0SWIHQz-Bo0
ZwPgLl21NYI
jBcQ0P4Xc64
E1wQhz2peMY
iy9FFVI083k
0iHAzOf8e9w
9bbJBa266mI
8R_mF9dv8ME
hSgrRUVE9AM
wLQlSkGaHbY
kYYhXJYtgx4
bKmfGI5Ogik
nMN4s3vxEoA
Vj9xzWANVOQ
V1TwncA-wXY
pcegGx2FnVc
FIFQdBPwdQ8
p6zSmuhFYTE
WNOeKjvKL9I
7beAoZPGEVo
xBbNYhMsGCM
HuueDlZxL-0
-s5szfPYKY4
eks3ZBSF0YM
eyi8h6t_ua8
KToBZpy82Mo
96vdhBCw9GU
JYV8pl9AuAA
UwVqsIbCVio
W0oQusc4L0c
Voqji4-8AvY
MvFpU23Dxy4
iKRiqDKgxOA
qT1sLE03rb4
yP7KBIHR8Sc
oHew7Cw0LuU
PlKknZc3ICk
koTIBNRqMIA
IVrFbC0dEeI
5JwCLopoBqo
KLpzBXXojUA
sixFzCAq-Dc
i6ICWCbpBOM
ewr3d8DasBg
JitO_KSieT4
xisQkq3jET4
2Y3jaibcQHg
vO0WWA2nWPk
5PCTL1qidtg
vLc3fl1xuVc
3X-o3g0Eso0
ELijEGkgF-A
bA6g5R-Qi8Q
Vk9uxR9Ro_I
di0gmkudIxQ
an6LKlx3JH8
qtMZV1GpQrU
Gpks-96_Ty4
dcU_dHc8FkM
G7xvy7gPhoE
9gx5n4_Lep8
nlfgbVKDI_Q
LtzyjB9y0Jg
XSaoE9sbDMY
S0l0Vw-Thyo
Wra74w-vKHQ
QQ0vUO-6Kzs
2dw3S8Uce84
ZMDB_Beuqeo
apCLCjK2ArA
C89_Cr-oVTM
KTJUzm-K_xo
plmOIfRnpY4
ug-S9aw_0Ws
E5oB7-o_vzM
7roNtiveG2Y
eue7kSoG8ok
V7rWxtwOvVk
aBC4Ig5Ut8o
vSP_Gy89MSw
f2d-JIGHiDY
t8RmW6EUFjI
5dV6kkemhPE
LkKnoEgJtcw
d3hpYgaunUo
Fz7BUe00ELk
iSRXz89iesI
-xvrv_UXnVI
m00t65aLEyw
ypFewf17URA
kZ0_16uuRI8
TKPLXRkTqTI
MIEhsvdb68w
KIw8hFmwtCc
e39z4McgH-Q
rfpzLSfcsoo
j65hDc6NayI
0g7crZDQf1s
ylSQcUZF_e0
KIw8hFmwtCc
27ziiDFy5pQ
-pRFnLckYc0
OhMgnd2x2co
0KwUDuKzSU0
Tszpo3yV2Ac
P2b97sj3HXs
IeMHk5Fxdfw
ezjB55satso
dWGn2pzbpNg
-hXOmAqaAvg
HHnjR7YIbxE
wQYQ0qju1cI
9gPvhyMF78Q
tKX-b9UhzTo
bEeQdqSg6KQ
P67A6TS4C6k
XEJZWs8XW8s
ykHVom4HMmI
YmKQS9mboko
UUmr904wegs
aJYT3IVrH_Q
K8cm5iSJvQo
d7rgZSG7p60
bB1CWbrX8EQ
8zClL3bKGXE
ZHah0G0__aA
RFFFz8I7WVo
VZCNdjz3PrI
dUoHnFXQn8Y
l79RAg-nmyE
STwJOmZUQ7c
0Wa3z_sG-P0
b_QPNCWgv4c
ZFnj0BDssrw
yLSQGSa1rsg
jBLih1-TrlQ
d__5EmaeCtU
iAJGCy9-5Vw
PVpyug2XQ-k
wbHHy2pm9V8
MeGEqilMOaw
r7QVjBJ3PWQ
D722zkEPTjs
l0BMDxixN8c
3MbrwdBodtE
IOVSFrGKveM
TrJawVIZ_xE
ETahHzjDLIg
pF27uvp1MuQ
-dL6jYaDG0k
RhwCDwFc4Bg
QNSHR9KKTsI
WExF80Ff__g
dPLBxN-vJi4
iIDajNF0wi4
H08BTrm2NvI
3ey5jF2QWyQ
ovWUT0vYwtM
blEgcrEYon0
VME6jI3A7kY
E2FaIIQ8bvI
D-tU3tMGItE
LKWgpy_Wtjw
6lZpjhtbVRI
kSuf1oGj_ns
Ope1jVO-TCk
spd7OrvApHw
GARWAKR8KLk
YttI3xWhwJA
hkrYLHZD2NA
0DdQqJokK1Q
0nMbNPb3CLc
c1rPFj7CCGE
MrghBoQungQ
HavHiZljg0A
nyLvbC4O_ZY
S96R2X7LIxY
HOa_vv3C7bk
LWbTh0B414Q
BYuVhsn2Nig
2t19VEdKUDU
wbYHjolaYGU
BPY83jUwwGA
Li5MWAmKexo
bN9kH9ieUSA
ymz4ChCLigE
18vGSGcHoIY
X3qxqJT9wE8
6dLdsSKMCbE
daR1Auj_k20
WN7VI0h7kbU
kyGN4Id9T2c
bOhEooPJdqw
83tAe4WANDc
4QJY8GywEvs
h97hXAUnNzk
yYtzHZSBt5s
I_ynwEL0hnE
ZSH91Q6Whz0
szTDWRX2OXY
kLifYa9dwj0
VfAetwqrGhU
yLyHburNtu0
311GGoCWXMY
VquPjWKcb-0
NpPpvdvak_E
LJyHCxxuiZY
AXHKbzwy5Fs
jea_XWhWDS8
G-MJPf4-H9U
fSRtMmXGr-w
c9S9BQgB0rc
M2Sw032MpkQ
zzaIqd8Q_yo
ezLb6eTi0_E
a3sfEMRf4v8
cbzX-NbMfzw
t7VkTedCZ7Q
U4DwtiTSkwA
WQ4YByLNplk
npPXUsK7Pjs
r1YjzXMwYow
PQZR-zUNvKI
k-9chIvUX3w
loqRvbBnIG4
A9aYXHoZEvQ
ufDSvypWSGI
tcgmwqHbagI
uE4qbMmzxpI
BJz6UgAP1I0
nm27WZDDP4o
yAuLUJx73f0
qNWFQccxL70
tFgj9jEAfPQ
gLlhkI6hn80
MxTEr_12XGw
jIgVwgk_N3o
ck__10tTWEE
tyMLEdvwrUs
3RxiIKNfcYs
jqN1NuXNkQw
M2CKzJ4T740
Rp0fki9I5hc
ia01e7W292s
a7V8a_XC1MI
aeu98XCD6IY
CBEniXD_UDU
KHRyL_cCb8w
jmukfh6XiZQ
DROKhYsFLKQ
XNm4-5UpYHs
99rk8tmNeII
7hNtuYT4Gaw
tKDFJXpiJRk
7i3CnIDBEaE
2nmjyYH7X-U
mFUjqpmMlwY
OtbgWhzI7bU
w6L6k-VpX3I
qYymRhTEqN0
jLFFfBkiD9M
xABXZmgWJvk
tpXQmhSzhKs
srMl0W2m2kA
xyNiCY8hr38
hf0md0W2E8A
iZn3zlXpeh4
afc2gRDv1tM
p92wPlchHKY
jFjOeT7RwtU
Qa7kmklU_4g
oGd08FZ_n20
aiJTUwAV-vc
bgemZjW7W2M
q87WsU8WEB8
oYMIoG0f5pM
UYVDWvbMbk0
krUthjzLqTA
7npam6_t3D8
5dt-EgBG9ik
TYu16f18GoU
QdUngOJEPi4
ISY3Ebeq5jk
LSTHZz8aB2o
MAWJNtEW8mU
-3Tvu1eeSQU
5nj-9vZGDnE
tOdtYA-Vmfk
zbi434SkoDQ
Pc82DcqDGyw
zpzhIfE43v0
KCwuvJHiVfQ
yAlyXqqwIQo
-L5hGprCdPI
hup8jccSBF4
hup8jccSBF4
L2cLK_1bXLA
phQqYESuuuM
DSg9DqMW1-8
c-y-RjYJVng
Zk5B3aQZ_bQ
0E-mb0K948o
kcvIxUWlMeo
eLh5spPM5y8
EMFgNXxabtM
xiNcSwCDHLk
osMxZA7JnaI
qgTibFrQJkg
v0ec_pdkN90
CShOjsSfvDQ
IQ109X3ve-Q
_0cS1k_km5w
iGvYwSfulIc
m5quJiuVMfE
UGmeY7Y3z4s
l-ZZwpCnIhQ
V9STbNEMGv4
g9STur_rRj8
g28riwpbZuo
hU32AOgSUqs
2n5nSyW8-Pg
AdfrRXjrtng
9JD-EGY9Y3Y
7FYdCoGLO1c
M75h9_0KavY
kSM8npripwU
u7fXoSXrjpk
B-K5Ju5vxaQ
kf18yZbw8zs
gNMeM6cUef8
TQeiBcUn4eA
mlTFbuVvMU0
-iwz-tEtSrw
5vRcT2EnIa4
scOJ7D-o-K4
A2xOfpW6xSo
o2flsUT9_QM
-7EDmf2G9J4
cFsaXDfCpaw
D48Ofghtj78
tYCoKBzVbLM
IZJYW_OPsEU
GXqDrhAYp3k
inMaMUSluZE
RYAbILfAENs
M8ux4Q_P8qY
dvQl6R6Sw9A
ftHClcxWV-U
DQzWGTDCR9A
UkHQP-tNGOQ
u-P5yViVLxY
em-sLFiMY2Y
yD9NbN2ez-Q
ch4FCT4k8V4
60TQdtHiIE0
nV859r3kqd4
JAupO-gRVVU
I4qbHFOdEzQ
hSGgAy2s-bs
RrbFPxfIlQs
e9gAcWvUG-4
wFTVTv407yw
9ai9EKgKOp0
5PvxPDaAliY
D_j9GN_8_Lg
_ZJL-eHTGpQ
g6E0wHHYOGA
CzRjJbwwers
QNzXZi5HFAQ
FLoCBVfq7YE
HBplc9pDx8o
RcbAmMskTZU
B2dApj5ynhs
XzPyt1gkqIU
ZRbV9lwp8n8
YFIEC-hWMoc
mFoqzyfZnAc
MydRn1OUpFA
iNc6a8vNTJI
73fw0PWU-4U
bfDfdtLJ2AI
HBH_AdoCHLo
MgQY5dZ4tno
XP1NQJ8Qem8
jnhtRGQk758
ymRNcdd-sGw
cpOaA14bD04
nbkV9U6t4iM
6A7-oJv7Row
XYhxQ2SP_XI
JR1cinCzByA
a2uc4KUp5lI
SLQCFmtq9VE
6uVzOXwuj3c
K6Ro23d6L48
G9bn6qlaN44
pFuE-FaJ9kw
QDfgpMri0Y8
nZdlaANLSFA
SVG5vvs2MzY
qa7zhM-VhuA
NlEt_T1pxcA
q5ObXXCUvpc
2-EbjRp4TLo
A5xt0H4cEj8
I86mKV78PrU
V3aIed0JyMY
HMumbXiJVRM
moafZQWsZzY
ANNiuBPzDRQ
orXsy1zGsWI
QFuUiNdxJcc
a_r8mIAiL00
EKkUtrL6B18
o6c7UM91Ijo
oxPV1Zj0OEE
2HAMef00UIA
tM7TwihH1jc
vYmDpGC7Bvo
3-FrPZIZTD4
0Z7PWRZHEnA
ePWeuMTT5ME
UPUJMo95f3w
Fevt2ZYnSu4
-HE23QvF0gE
4J1ssJ2DKT4
t3Tur0_nTp4
Tgxz1jIVlSk
aN2NK8MC_F4
D5BAMp_Jggw
0dl2PXvpAvM
FLVK0vGmJx0
NBs_MiykE6s
F8s7CbazpU4
MdM0afV7bn4
xkBhNEU3RfQ
OSBKfIzkKBA
jzTrmRLmIIk
6asCUFm-0ys
jFXOjbcHjWU
6ztDnydO5zU
OWdGw7DrBEQ
loUcN9uO5Hw
EPu6V2crOYU
o8jj0hu1bhs
v0j77rODO3E
wwq2WeIYYu4
kqATiYJVckQ
19EPbtJyRds
wKOpz69zKPE
Z-62dHPNSwM
yyicCyoEpPM
fskrmrmfX8k
Oh7NlA6USJY
lzivJjGwPdU
TKVFGBYCozE
ckTAh2QdDnQ
PMm7G0il5oc
Qd6RtxdS4DI
mFMkyB4YU2I
uWJBU8PoReI
-B9e4NnmDe4
abHvi1JX578
WAQCXs3TNh8
0tWYcQFO9P8
g6jqDdKWuYU
raCBeQ-gXfs
G0oq1viO18U
ui-uvhfMoCk
N0bC6SUzG2Y
CunFlJehFFY
_fnp0x5Ghaw
Scv3zqF-qn0
3wpd_KxzaiE
7Niu2EXuRqI
TsXVwJ9-6ZA
VOyrHaF2iRc
PuPZ5XXBoSk
tnm4VkGmvLM
V9imhh0KKhg
pUhzXoGAtjk
QSHE6JLqWPM
UqN_Wx8AIOA
sKtcgmkETNQ
rVJJHDYPa9g
KQpPsvFS2XU
EjiyhdPHB7E
a4kZ-dbFGdc
jZfY0kjcUjg
Hjgj6jj41rg
YYym_6wdZTw
qtUZvsVI56o
wglSZWUxX5Q
xnF-pDd0a6I
d4_WJR_NK4Q
USvsFKczBAo
EwLgeBVTmlg
YDbFSiMg_nQ
ECjpR6ko-ao
sDY6ToIUKbU
4_PHV-4Rzgg
RroRCtlJzLw
cT_0TnJQWjY
F9j1QmTxBRI
ArEh0XsguSA
vdAHBilcqzo
rA2H-ADgDQE
oJI4mVDW9Ck
j-iqJxPNFoc
v9t1-MsKdas
CF8I8R6xwQI
5YjJHYdF5gk
B0FarCSgaZI
TG3Vx98ATzY
RB_9Dft40CI
1Qck3QaggiU
ZBWLv9yfnQE
qxUVksbrE8E
DXA_iTG3XSM
Lx2huEJBvF8
qCmMFjROH8w
XwGMan499h0
D-PBtUnXCO0
JAuBtcHDlcA
RYWvBsFGPcs
f_jfGvQsd5U
EnRZZvkpvKI
vlsfKt2JKzY
qXwaj6rcNEM
HVVvBa1N48Y
5RjiaAL2HFI
YxAtG7qrjeU
WYYHxKXvhW0
v6ukVc9h6hg
n5TGg0A5F8s
VWjtYDqYXbM
Z4A5dFKI6xE
San7g4pw6hE
psMts0Hi0Ts
9hALmKYzq6A
aNIFvMiLHgs
F9kyiolpEF8
hIWk5VzujlE
HiuWlL7rEfQ
QIM1DClMIq8
D4WDdM-4geQ
_yWale8Kxo4
mi_u6mwzNuA
1yNGewOAX9I
f2KkB9wk5p4
qVl0mid-yUw
_HS9Kf4Bp8I
-5CJgp8Yvr0
4HBUWqz7vKU
l3X359GVsXQ
C-uAgia3_4g
UyjwNLPj_y8
dSq57qqA0v4
8mllSOyg2Jc
i00Ku7LCO8U
YX3qWfBNjLU
rMcM7ZJIJEc
rzOBjeIEpoo
RhJFN8ar738
tBoGEUScnZA
tvBzYDKFLZI
M3VdToEv2qo
75RMsNIva40
cNYa48aPrnA
oa6M195ZrUA
NMxY7TTNpfE
Nw9QBZ3Gl9Q
2TXtBFSE4ns
cD8Ov2UQ304
bMhYsGSPEjs
ouzA7sBUIns
Vjd_mAu50I4
dpiXI5wgy48
Z0-dnnM1fxk
4cmYSbCZB4Y
4mve3w-N4MQ
90rRUpPO8Bk
xu6E6qONHug
UUr5_U6LpeA
UllTlTI20ZE
uCcopNT4WAM
FjJkUtExjFs
45fqy_MHfio
iskopd2A9K8
nD3yPn3srh8
cZd-Rg-7xzE
B_9CDb2hyoA
hRCFAJD_tj4
-ZN3TLd03dE
-NvsHPO9Tow
2p19eFsHEHU
2eCSZ5iIiXQ
I-B5nvFMV3E
yMxegkW9p-k
_aisjOMlNuQ
Jkm0-ebtWmE
8elib4581UQ
lZV3Zc5HPpM
jx4mT5y0BZg
m_Pr3fYG39M
imq43fB-RYI
OSaXhatrd8E
JeBR4UjFEHo
M437G51Cpew
GxIgcumzTac
o-fo1L5t1vA
Fc8GV84t6co
vTmDyuwdf4U
as2Jj94N3ys
Ux2UzZ1MrQA
fIPGWnlHgqU
ROp3fOtpEdI
VLWGFf5N5XA
PGb2e-sOAm0
GArNGKDf6Vg
tQY3s9FW6F8
vioRvD1G9Vs
R_0icRe18yI
QeNq5OXw8Dg
LqSyHhksJzQ
bpbBnW4qcAY
aEmIjRXD1ds
GwTIyL_o7PA
ee6-qw5Ai6w
Pm9qNiTQNcE
N0jRjoIHvoY
7XkE0-W7N2I
EsMOfzvMcOQ
KgFyp44n2z0
cZ7QEWxOs10
O4okElZ4GC4
YbUNGLAdons
X-iLCJNcyDo
EQvhzdVwNMA
77KlInyReRM
Eiskez60AtM
-G93gCoHJlY
8lflmkydVJ0
pM4KsAOFp94
JNZ5a3hSm6k
LLd1dPvPuZA
bNyhTxzXKUQ
LoV03Et-fzc
iLXm9rV5wHg
h7bP5HUNWcM
B30laBRb53o
GRNRTd7XLBA
BzOth_X_45A
FfSe2m0aHhg
nLF86ylLNzs
CKqJqnFz5Xg
4ChHc5jhZxs
ld1mP_yvRPQ
ow1CvLScFK0
h1_M-W_8Tgg
qpuya03u-nE
ku1GdIHF0SY
z7YSNDNHHSY
irQ2cYUAaX0
X2Q_T31sC1w
L3klRs8F4w8
6F-zxdV1ecI
jrpDh9qh2EE
drK3-n7pky4
xXY0qmR7NXE
JpbAJ74flF8
PaP58Rkd5BE
Hg-0_PSMZ6E
I2winwlwH6Y
EiO0W_ZkHzQ
DiWBKMDKgkw
Jkh0PkBOHGE
Tv2eLdgYT6k
4jaWpRjqMcA
I6ooUgpcUjg
L-nfRyF4Mb4
C0SJHEB5CPs
GxVmbUaFen0
EWjhLKUL_Tc
Hzt010GZL_Y
8iA_n6HPH0w
ZgdOZHHtc5k
QVyD6eCfS1w
OQVveWFZVF4
5LMaNgh5wL0
FGwQ3ZTAknY
2d0-hIxoe5M
RwUs6pLo0ag
riWFiD3bA3E
FKbEbPXnwas
ld1mP_yvRPQ
PEXQhdNOW2s
tA3TIAw5SsI
qxaxQ8fBdzo
Mk3YMWJLfzg
t5fw4QR5Pf0
Xyij-Sykc28
ftZqXrK8bLk
P7Q8am5lyDo
ukM__Ht7uhY
xJ_5aznoYsE
O_lf-n0YhmA
_OQ-Z2etxPM
8Ofp6TNC_5c
NLkfzndxQaA
FnT1Jyeond0
sZaPb84Recw
tbbwA7XhaZ8
Tiq_XcsikYE
epYIQaqmp7A
cIs81g_w5Is
TibndsX9g3c
y_GJV5_cV1U
NNctt-p04zE
qqcIFilSl_E
KvxSeLd5iKQ
zmZpfBYbSSA
1Wp_R0Eo-NE
sEiv_fJJHs4
4-GxbvGcgkA
Axkvo0PHIa0
K42W__Dqa_s
W4Kzrx4yKIE
3LrfR5pQMTg
g8gCf3Q97IQ
0yhb3L2cXTA
kT4rMPoioPo
HafcgtNG6A8
dqgYqW2Kgkg
aitzE63UEqw
UbX65Jt2jk0
cmE29s-Cf0E
FgrJCk-sTC4
LcuA-jGq4NA
6ZnUCLp4RLc
SbjFeH9S8ps
O0hCzxFiW8M
u8Ys-XTE2aA
D5OVxzQPoQE
uDcBwCnwOMY
pHi9FcaRagA
Ww31KskFqqQ
I4f6Eljhlv0
eh5HzZbL2wA
ijQIMs9acbU
DTAp3tRs7jU
WY3SKrxnIMo
mg6N7aTlsxE
updlYt9qtn0
prd6uewboXc
Xg7ymOIQmUM
JLUkyVbG5Js
GF3695nIS0s
_VwN2CJv40g
bd0GgxFEVro
irHNQNfEcnA
nYbMUjrcwk0
tSxHBf7ElCg
KtjUVvZjWVE
QoKiplplOcw
Db5c-RJ_0sI
47cccd5TpUs
v9fIGpBT75Y
g3ATMQu-De8
x4YtnOIwS-g
vuEPDi_QIdU
QsQIsE5voqw
cOLC6hnBvwg
_v3fvGP6_zI
_Qnr4M1hnns
78HUcPnRcfA
3uYrPrn8Bzo
6m7qBJAVOqo
3afcsVegPOs
zjTKtf73B3E
IXWdWPHWAWw
SHtr7kHQoHE
nNhhgMAJcSw
YZ_vlD3lj9c
UYwnmjfT5a4
aaxTHfjUKkE
b30JTw5Kt_k
1SpyU7CK1jE
HBeli_fY6_U
H-PnIYaLUS0
hrKMYthrOxQ
q9ei6PI8NG0
dfoMTz1Wvn0
8oPnvpKihu4
CPw6uW5SNDE
LNk8J5AFsFg
I9cEO4_3NDY
5IFrhw2QaRo
TLHR7wuvAas
mQEUTSR4r-A
Fqi8v5m0rVs
fLiNR8Rsduk
3S17tDNv3Uc
t9rSCwfa7IY
NtivTo92Al4
Ub01vpfKSO4
yj66rDVr7gw
KKf0JejVJdc
nh_2eoi28Vs
2iKHMyWzclM
GHtMb3QMD2s
sf3MyIQ4TDw
pq7Rztp4l84
9OXCShoaAPU
CUSZVRgslZ8
57jfMHLvRKQ
8DZ2T20Kf50
BNeSQGlW1r0
N4fbr1LlxEk
6etyVmhPgto
kbp1CgVeAPA
IHBV4rsdwbE
gc1WyRQuFK0
fONX3arUFN4
yHJ-09QVSqs
odFwFI228T0
0itXXKo5pw4
O291XGlkxAQ
wxrFwjdhfck
y_mLsOPvELk
tNgA5edQBg4
b3fIGWhvpI4
3uNYowJ8hx0
WgWgY0rZ8Rw
ZJoDkyWDeVw
A3WjKr5iz3M
LIXbt-ops-E
YvlCbEILCTA
e6PfPa19G8I
he7Aal_iHOg
OR77Kra_8II
FWscen-hQCE
rAWaHrjvJ0s
197r3SWsU7k
eu4cic9XJD0
sPNyXXYvAAM
2IyqBDH5sEQ
jEUNE43OhkQ
D-6JAu4P9yg
1msUeWS5Qc4
6rhgVFtfzwY
ADfVBEMcyaY
Ztp6sMpz8do
X975ea07_Z4
1h47-CUwGkQ
abhiyb2MPSA
7Eo70JATpQY
QJIzact0Jcw
n7Jd7OxKoGY
Kw0HnstLjG8
XsFGNeHoKTo
qRAKjtukh4I
RFnn5ioMncE
NIYjYyGHcSA
popgOFyHnBE
EuzCmRDi3vw
HeVszmFyhXw
1iXWUK-Qj3s
qQQm3cDnYkU
Gwu_djYMm3w
DO0XnoxjcC4
SaBHjzH380g
70cZlowzHoc
ldBgORJhILU
EWdtByPm9a4
MYQSMvJtrtU
5uRJmOl2XYc
_qR2k5_qGmw
V-Ak2FK_Vmw
XTrujSsjC18
AHfdv33g9pU
9OhpFHAgG-c
hjX2GFOVsg8
XV2tUqKeax8
Zy6oDCYpWZM
hxEy8Q1koSc
YCSVnhHZPJE
WwMbzaWo-p0
-wb8HV-hPQo
FTA24Dp2zhE
OlIPsL_mCY0
saJQgC2FUF8
iH8Qqij3tB0
g727u2b4LV4
2xV2yhbsjTQ
cvjl_BgaXEM
-sIu4uB5_iU
pNw-PcwHqjI
m25ZSXeLqXo
ABHKmInKSo4
lcEFUAY2JDY
4_Ar7VXkhQY
iH8q4JxbiuA
2B4sd0RqeuA
u5EUjzdNEN4
ibXfELYBEqg
ZqrrZxggjiE
hjeBM95Nft0
tDJpE9kVF2I
mPw6H5O2IiU
F53yQiesSP4
kmj_9vX8ZP8
jHIHEyceLGY
lICfNoeij0I
bMzUt5tM8n4
d9_R1PztwUA
3zfpWCZVaBA
pJ6KyJzdR0Y
UlylzTHctyU
A6SEdi6pjms
wF7giZb7rso
sL_5CdYoFrk
s5iji5xte_U
-fMQoJ7zwUs
lCfsqyz6mVc
5UE7jdbsIos
-A6MbyJYmE4
R0Tk351sOEQ
t1QoVpetAOY
p2mstkpf-rA
8M08uBjil9Q
SWJFbuE3q_A
vjncUfZPGvk
ZsOijw5iw_I
U9RuUQwUcFI
8rZXju8iqHg
waYfRm2sLSo
DjjetSdLIw8
87qdpC99wg4
mCMnPl7OzKY
0XA_FbOJvWY
i-cODYzhAms
Dq0mdEOQUWM
6EXb-LEuqqc
CC4aEE-As1M
dLENYuBQrJ4
JAU47mCjoqU
332R8faUrhA
gV5L6ta9mQk
Xd1mx3ojdlM
YEDQaZ0VtPQ
a2mxKotI8SM
rpvJxGsIvPE
xsen5vNanVw
dB8An9Sah58
A7fsO1HjI04
mUd1_8hw3Cs
ispQThBis2U
IXCU7xjD6co
UXLcm9E1OFc
aSDZ36se9us
2FLtd9nY6mc
mQ9omxg4IIA
7dLk5h-ql7A
9GQMP18n9m8
NJMjmmKsWBo
x-DbmR6xLeM
ias310gm774
sth68Kfg8bU
xNQCljPHfkE
sRXtsOwMBl4
z8RUxXzeJrM
dyhBzKkS0SI
OM8YaT_-EvM
fKT-r7VtTic
mDvt3yYI5oQ
5qfCFgKnwcg
9_DWgt31vS8
7QYrror75ZY
18BacHqUho4
szuiAcuOQrQ
QvqH4KVqoh0
AEHSE4yJkE0
raRVf5Mi3kU
kYyukVvmpZw
4hzzXgjt0Yk
DghQkzBWHrw
wj3CEXVFObE
sqzNvn-zYbw
yJK3FeVONqs
dZrd268fhEc
M-4pi-zlk8g
_KfLBmeN7GE
mcSKHDv2NSg
Slusz6YOxms
u5QwOQCcgXc
q8r6FECu6GE
ezRLOd4J2zI
tVWh1327pdY
QBXPWmHPdf4
AajDezF19qY
VmQIP8JtyYw
UazYivOoh1s
1bF3TkFPBjQ
5EHK3Tg3tq8
9BWQRmQbZoA
IxDGFaHX9Kg
TVOmClodt5A
Xd3Mw2nIr-I
DuMc6MY8OVU
dpzxm20hrSc
WgP-I1DFhYs
YlLAxe3xM7M
Kk0EGbNKsuc
AaDzUFL9CLE
kG5MBsUDo4Y
P5FggiRALcg
MwCxv3xH6EY
9hNGiSWtRXs
WPZaETj3a5E
a2QKEWKFGRo
i8mpoK5-PBs
vcck-qg1Z8M
ArIEdXbjMKs
xAcCRfQUrV4
QKplGhhF1E4
5aVsHFe5QKc
C9iEH0itPzg
f5E74L5PlK4
cwNMd9UIBP0
TI2MiLnvz9I
vc6Shd1WBeE
mo4mNjHcvrw
hvb3DOhu_RI
exyrl-ziBEw
XOwcA_t3ll0
9263UKBo8zU
BkeTd5cpMVo
ZO3wyZ7MtZU
5j2D7UrYUns
nHGhHdBempc
GmFVGwnUP88
xvTgBCw2csw
hFSzo9q9g4c
xV0Wntn27TA
5acmEgixIms
O894F6Ia9F0
A15D9bksorY
2ioXXXsXgEg
olQvrQru17c
yfl-Fn6O0aI
qXAOkTkfcqI
P_IW_q7ya5E
9fH006s34-w
xZJypd0-Qmk
0qlEtrpOpvU
PNMok9Q_E5E
buK7EEN8KUo
WQChIKooEPo
oZhmuaSgPYc
nd6UM1MuDe8
iY1kWi9OYbU
0CFyVcqBnwA
LA-kK8_H_0M
a1Nnco2k05s
9qSSAxXZ0TM
XqSHbH4JNwY
XzrduylQyEw
2rSU4FmNnys
s_fCEe2h0BQ
8PkLnAaEYEI
G9AQdZoF5rA
xfAqDRFhGYk
PtSS2uQDbi4
qepnrwqFWoY
VXRoe-EtpNY
rtcF_JnUxdM
4RQQ57Pq8Gw
n-77qMU09P4
2QJlhZOR_t4
5b9CshcUXuI
u-KGL8GGvN4
f0JWEh1RjGE
6VFiaOreQKQ
u2wikl9awbg
4XR_f9y8tDs
Wrryx50WDIQ
avm4cHfkH1M
e-TdblKXk_I
WosMpOZNfKk
J_oPUxybMZw
hPzJyFTNlHQ
NLZJeK4pOFE
XSziplkJHzI
Wi_xOw8fCE8
avm4cHfkH1M
gnUFVMWCYvc
6g3qlhQdiPY
zCKdaCR2djQ
e_xiRF-BmGg
ggbomEyaskI
1gIs4HlnCvI
uYExMg1iFZk
JJMeKRxfLo4
GcmrGpZ9CLw
b81hEtbUYuQ
sO9gJwkD_L8
bH05IYInTm4
ySnhXTL_zr4
QkYNJchZgKs
rwPRVfhAw-4
eSULaWGkSrw
_1qt_YvGccw
MkNmVUI-Gdk
sIM5SBYswAA
J8M_zDcwsik
2F6T_HXC1iA
q4vyTJByd-E
8CzCobrHAWQ
W7oMpfEfkq8
LxgIv1lkgxI
O-1AJPWoL5s
IqjQyr6x1jA
DwAupg9SA9Y
dUpKwP805SA
LRzwIUSzgjc
tm_mo80Xi_A
zu4qTi7Xee8
cGBUVzgaqVE
3ZcjiYDHWhY
1ebefJf16jc
SnxVD5mfYkA
T_hnxLCXsAs
U8dWhT6qY4o
es_97QLMYmo
u3vXCt6rvig
4Z6yAQKeDVY
6GjGcUlwbAA
B_A1-tA4wzw
-pglZu19cCA
UrRClh-Q2kM
gQtqysYH_YU
3nxDE0-A9vU
y8dwgaRoAzw
mNo4PK04u3s
azn4hg9ApuM
AmT6I4Z04IU
dehu27U02xk
0T6SxvCalYw
QcMGYcu2j34
WNMcDubrBfQ
zgzlWULjO8s
INCrkVMEHV0
p4SYv95cP68
E3ff5dnOwN4
AUM6wa_EHqw
r26bh9pWPeM
AEDyZzZWq3w
FvNVXY29G0c
PCymeuQECOs
LoeEZrNCzHs
23kHnUmOdJg
UPvahkggOaU
Cgwot36gjyY
__1osgNQ7PE
aEaD9Fwn_-k
KTDiDZf4U3A
6FMmHJr2ImI
Pgh4JQxIfOA
0jo4053EQBE
8vN1f2Rjhtc
Ae5CRzsE9IQ
F5obITjpXwo
p8Xv5S_PnVg
Gx4rFmxLWCU
3cp4feeRuvs
ys2fNxyk_CY
lSH6-2mIdh4
iN1t40xOczo
mETFHMTPLKc
-SsLW80SKDI
_7i9z5s7Xn8
hipLHEdWAy8
rUMHmu_AtJ8
cJVs0lHRwxk
nd8bUQnyEJE
wJNjcGfEaUE
x8VXuOrBiCs
i2JeXCSO70Y
TsQXi1xr9kM
FPLJWrQmoPQ
QedteF4ppgM
h2HKB1Tf36c
lfmYXGtdCF4
yPmq0-7Jfng
K-rng18AeQ0
GvMehDdglOQ
lfmYXGtdCF4
imFaoDu8rDs
9skSLIZqKTw
gZYdDhj30og
dYqlxRLkJ7E
y-ecp40ToBI
BuXvzpy8GLE
wV3dh6ssBmg
D2M6UBx8Zto
qvGOXCiTPKc
X1NTOGoY-7Y
ZYM7RKJtxGY
ncdLXECrxO0
5se5fFAmoKo
XGuDBef-QrM
GfSmU00QgPg
L3kl4GXHet8
7HcbubJnMww
FCzcPSMz1tA
ayDnsvf9I3I
pEPZI5DsUJs
AZ2H9NUn150
sXgPEtoXfKs
rwQ62Z6dilw
dH6WYzQEoQw
JTY9K1Q_Sbg
2a_Avl9nAYU
2xVfG5Cr1oA
mWwmVXZOFbU
V597Bzxw2Qc
_WBJ2oawlbQ
rRLe3Ca1tmE
kmD0ipttvZo
n79eV9SNQ-0
zz347l5kBSQ
QrzIwbcKfBo
RZMkImO68Gc
h3FawTt1sXg
o5_SvyMU2LI
O3Ib1MJ8bQk
D02s9dF1vqU
JgY2TnBSQKQ
CH_GjaxNyZk
wiJRl1WD5Vs
Nw6_BWlKCCI
pcZs6Mbt678
daZr-QqY_ZY
lmUTEkydnK8
RZjFS7iGOKo
adSqGc4X2F4
U26pXuGxknI
sUwaYwT7Kig
4QMAguAKrQE
918qBMuQqyE
um2zI_jrAEc
dbD4oPxw4Tc
P5gZGeGnaC8
WvQACxOPoc8
aKnP1szGgo8
TuyvXYNiNBQ
xq_ycUbByT4
f9vIdbMRWZI
RWxiOrT1_uc
GoSltSvaOIw
OeMM7kl0zYM
7ii-QR4Gf30
N3TleimQPME
6NG75gkmMvk
0pF86JCyITY
nAIllrcgBfc
yRJJLLdmKE8
G1K7S_QSKNA
NbeAL7qSbyo
gcIN9U258Ok
ZRgLaJho2ss
276IfTbQzd8
Qt7ZfidZQjs
jZgkDHjCCoc
8SDcKoNKxv8
JHmwyuvr14Y
MvhVfi4GSaM
gm3v-EZTMNY
ZJnDNkq9yVg
AlKfDtqdJ0c
di-Ugp7fhNE
5jSlKxkRkqQ
hgVG-g0mr5g
kkn1-ES1WMs
-IiIC53w_6E
vgQFFPuOZjI
UuPmnIiDJ04
fgR-_MeefXM
EG3srztWE-c
5By3Puc3eeA
Efbjnin53xw
br4-K5TYvEc
1Kehp7d8XFw
t5p9MfCnEp0
ALfeOb-AriY
7BFoqJMnss8
br4-K5TYvEc
8oNROwO6n0w
CtKvFQjoUB0
jhdU8a9EafI
Gwv1AGCFTnA
SI3EL4VEyX8
YWUaKItdkVc
0SplPUDcxco
fpaILlbtWEE
4ZoV6FmL43c
WEe-VoaSkpo
FMfXt_h-lyY
jsjO-a5GHLw
dJP-HGCYd7E
HtXaPH34nyg
_a01VUOcN7Q
zple_OksAN0
2qmt22FChD0
-G5x5cWyEfc
CSHxWYWcsXI
Us70DEtLy3w
iM9yn9mGzS0
bdE932rgKIs
N-vowff9xq8
S7Lw9U0PfI0
h2xdm6wgne8
qYbFqJd9b0s
zHOK349jgqU
iSQYYguqZ74
cUPWA3A261k
yzLD5LUkico
Y03b-N4AEqU
FvFE8LoGWug
YT7tDjjQlrk
xBmYM4utQVk
nDWpA3P5I74
r-SdkzzNiEs
w9MJAxpWKYA
tbrxy04Zi9Q
tn4Qb9nh0DU
cv26tmrTEIE
O4LZNfKMVu0
mw_MAULsKxk
ZOiIX9hJsRU
LOoe2XVaFrU
Hkdct69cqqo
qHhPwivi8eQ
dyq6knDYqUw
sJm2CO6J4x8
p8kHASIyk80
e2p6p4A6zIo
J3TUEUTqiE8
J8XgxhPQdTU
9f2dkYdW5IM
UWBYM4zLLvY
VJl5mS3KjeA
LrB6tve20bw
jEsHuvqrR-U
TFWJcHGN148
bCVZPSzTqZU
N1PBerjC_ak
Y8fpDMA964Q
oPRn1Pk5OCo
iRI_tNwCeZM
LPQ2Ku995ls
nNPd-ATg7nQ
76RYwVOmSi0
O_f4fgjTRzE
BsJFC7oogQc
NE6XX8aXZf0
IZdKU29WbHk
unf5eJHhYjQ
Qf4LfNpTDf0
tgVsnNIOr1E
XefIRK1jrK0
Uf-aFkXS5_k
p_tKo-iK3z8
rxItFphhEz0
Ovu8maDVcgk
TqtdsLncx0E
Qcdm_oK8jdE
43vvrs2taeM
ZgJVShVYh0w
74x4cWGHbbU
hLgFjOJB1RE
DmYl1sCeh28
IsrzGL12T_E
yefe4dzrErA
SrmyFJjWH3g
moeUQ8utyDE
JN9vndXjtSg
YAhsAN9GAsU
s9VDtp1d4gg
S3VrtcNszzg
BDeqmgEgEOg
ignpXy_jzLQ
A2PHWhybWf0
6gnvDnF6Bwo
jNTCFSuKEMA
0TrqJAXxhbM
4iU1p3QHfvY
EnnpRv7cIYA
JpzBFUcSbX4
Sw9ikSpHgbU
YAhsAN9GAsU
H1dln1fcC6k
39OE2jrzLXM
yz-lPwWJYjM
olUN2m9geKk
nJ2rjek7nF4
fkwjUsWs29c
N8OX5krA7oo
LE4GKe20qMI
CubywqimplM
n6T37bRLHwQ
W4iESUev3qU
QWSJ-tu0-A4
G0-uH4Uzoe4
_lfen6D03Zk
6SWidS0wzcA
s3e4bcx8t0A
l_iKqvwx68U
DUq8d3Ie0-s
TUT0P6PxTWs
1UusEqY2g9w
9fjMAWW9NwQ
u4N9qdY4OCk
e0viwuSBVDc
kAnVHclZQLE
O-n6cBXsPQA
pNsG5wDWmhw
xNnfYI-EFX8
1mj9OjnpNvw
KPPIvDVNkY0
81SFGqsBxK4
7SQyj7Eigps
cMvRIa3SwrU
oxZzoVp5jmI
zEHGGfJxNrc
7Gcl7BN6-38
PFsLLde0hq4
cI1jqmmpdm8
UK2XBeNSucA
OmUTVtjb_Pg
Dn6SWV8lxx4
EwmSQinkszo
k1Yl_UyIINs
gVho7IAzV98
IkIcmj39lgk
sYzTfkdYCqI
Zz93CH5em20
6-r1IOPW6lA
y26x_JqIm3g
_Z8oQQE2Wno
h06XTRT4z-c
Gkz-wyoPHEk
lOkiJRfe_8I
9OGZolwyazk
1Qxw5Ev4u-A
0mmq-SAuBQQ
_hItRI4VLj4
NxVxM4NExFw
ZA1O9kePvgE
684ggm_eU0c
uWIz3QlBlNg
2zA1loO3gAI
YesoHNYDk6Y
gnHg5P0pVJY
pf4fKC8CMkE
g5vOgDK3BKs
xrP8nl0gvTA
oETB8LpaB_E
G6T456TieuI
X1mOB6Td_us
yOWdFMsuiiE
RKD19gucQa0
CazsHKnxmHQ
yWOTGq_vBGQ
GiL22WzUsZQ
qmB4Zg26-RQ
xMhvoGhtkps
YmAZVMlX02M
CuZg87VIOgo
DzLYX-CllNQ
0y-VpbEMI00
4591F8VQHo0
7BOwqGBLFnI
705NAJAkQqs
zwHhgJ-lm3U
amkZ5TkxwY8
Xi5UdkAi0P8
-rySamv6Uko
aYE0R1PBQZY
bRU8qe_qQcU
9W005V6OV_E
E5QalXsXOek
31moaKZQIxs
gfL7bxPAarY
1TOB0_gpSOk
OlcUpISt0vg
a4Q5h6dEUk4
K6-c6WdCnnU
E5QalXsXOek
2WW_82FWOtU
mCZahiqzNMk
CBmeysXKbqw
Anh2esaYwSk
YhPA0QA4eM0
qSVNUfh7Rg4
256c5terG8w
sgMFd8eFFxs
PTuzSbwkra0
k56RWiM3PuI
k-LAqK8dJSE
qD6TPlrWpxw
WII3n6aSU7c
V7VNEhuu1M0
rkGp0dO0sgs
01xPl0ugkqA
hROEFW7n83s
79jmbQ0ukN8
3lGPLA-WgRg
-12RxSUenBc
HHjIh_aeW8Q
JDCxCVDRKRM
kgHsIm0bRD0
7zrj6rS-ZpA
Ujf6EIGRUdw
51bkvJIWTXs
FnQ8jOaJFfA
bMqGZ8bi_8w
PMLZWo7SCcg
BiJzAvbzDTE
wPLSvd2I4tQ
kRmbYrzjuDg
4E51SkXAMOs
pCIfr4ixvMc
DGFBPEYsZms
fJNLxWpu8wc
Wifr8pUiMqQ
MeOS5ue5AAs
fJogrvcWT-M
Hm_Q4O1Ot4w
GpBFKmcY7bk
rGlCywY8EOs
KKS5MR9nxkg
-vROoOPXMNE
o0o13xpz2RI
3INdcIm7FLM
b8HDZba58FY
YxCwwtLzBJ0
Q5XDlBpXT-A
PaFdIMgLRqE
k2AFzYeznmY
at2PnFeKMjQ
CRFrvJbC-0w
tL66kGtPM0I
A_Xu2xmaMg4
J5c5h9XW-wA
nrIwujTIa-U
oXcU5AAhApM
E76-PgE14u0
M3tTWyRqTrI
gzpRTqTL9ZA
hjV8n8MhM8Q
W0G9TdwWTvc
55yb4DukSlU
yBesqgaHSB4
5P1-q7hokE8
dCcy7fZKthU
9Y-fxP1kzos
PsoHaZQqFfs
P_lkRUQYOaQ
NBpm3CnGT30
ZaBA-F1YfLw
IYtPlz9fJEU
THfph65e8pA
AtsS-eFok_w
3xNnFNLdwgs
WucxKDaLv-s
yZcEmcwNOrQ
KLgKC1snRLc
sV29-9m3Ft8
2geWUUdbuH4
0dYihM9t8iE
JEYv5K40OKY
gZlqh_GbaEM
NkMPVaYpXfc
7bfpI0YZLVA
CyD1DzAJkuk
B6fVtA6X_sk
bS3MKGei1hc
lPEU4lZnksk
rW4ZhRF0ElA
uj2TTkl3Q4o
jNMK8-lbWUQ
F_hmdmS-JwQ
5tp48i-4pIw
28c7ZDUsH0A
kEkf-EZ-5Ns
pTsLNMLwqaU
c-1WgYFB8VE
u56zXy0UCN8
_yf6gjtDQdg
fPEsKASq5r8
-1Na6HgT_fw
qbQEPjH5XFE
8bRy5VDJsTI
En2TQu8o3MQ
SK_mvNwFBvw
JzD9i7HSpMc
eI3y9iltT0c
OaTWoeALu2w
mGWPcUD8CWA
ruPhxsc_0lg
H_9PRrnZbMw
iYpnMlHVXXA
Ky_m1vQkVu4
Y8jY9LgMyY4
kxNw3RnytcQ
pMEpMfEVhCA
Z5b7yflYGD0
qGdBTCdvw3g
Tifag-zEjxA
5_MdIh61A28
HGTFaBiM6GE
z2v6sjF2weo
5IenRoZXuh8
4L94CoHLmb4
JTR8o9LCQ0Q
dGLIEfmWTF0
WiQ85XMyngE
jQiIutDUIo4
LK-79FRUAEU
g5gOlhaoh0g
nB5CEkaxLfo
0i7dQam76Dk
9bMLWu2km4w
UYs6GHAfHm0
q3_ZbtWVWe4
j3lZe2OTBfQ
VnHPwMXHyds
A91YDKJbs-8
IHvWR4wnHyU
raBGszbMSp4
qaA0KAils70
ulX3ezkqsog
Zp8Pu1LUorU
oZKjwPvnrzo
eibvIXwVU5g
HCijd8DTbHw
Gz404MHac9k
NwJ8GsEg3FE
EcHf-71EzU4
-MuC91bcB18
kqXQ2uzI0P4
DohJtDxdHeo
xIYFMfQuyt8
XMnmJvJbpJ8
9GwZ4Gmn7Pc
A9LqDqLv-nc
GwWJqlQTo2k
aDq0VgdlC5k
y1BBCLlKsjQ
BRMN2CgltPA
5P2lPbvkctU
VAtQjhgbPhE
YX7mqbdz0Mk
S9rl8o8cGZ8
VhGJqEb3_JY
6DfGBQ8vkms
lrYIcz5vdKE
N8OpQEi065I
r5Q1h2J0kt4
976qg09rCuQ
t9Rr4D0l0lM
3936v5A-8p8
fXt0SyagpQo
AX7yXLTrFp8
26084WbXbt8
JySHaeUIRm4
6ooFjPxyQcw
lt5m9Gt9l_s
-EGqKhWc5wU
kvcbss899vE
Zfrpd2QwNz8
UGI9KXq0Nsg
MRNeqBQAwx0
kw1WJvjm2Xk
qw0HuywHSW4
Jclax6BqkrI
ej2rFVYixuA
gKV6itOuR40
oWglXBHa67g
vYD00gNvwsg
-CuIyA_1Hkc
36jKGaM_ITg
Ksmbhnb84g8
_igHdamLmJM
1rs0SGb93Hg
6sfgLHQqrSU
_sHA5gVir_o
-aXwJKlE_18
_oOZeP7hI0s
l7tv3wQHgt8
Ksmbhnb84g8
c-PJUSGbMF4
b3saAj8cAAo
HXxg-tlQk1k
YPtbzJRDdjk
ZErA-twp6g4
8_gvnbbkBw4
E2sYAtw9u_8
w8rDTIUlWHE
C51G8_hNFio
-NbAuJFOcn0
iLtd9meDAPI
XBbpKD3iKCI
IZXhVLjFKgU
pnSYdDERSxQ
VV3PYH0DKgM
e2MHgvT1GTU
vpDX4pJotZA
IRu5tNBIoy8
CGuoXzB4ZXA
_Ga8dFGyH_M
pkNP43U4ifc
w17ZIT-e6q0
K3odi9sf5yE
fWynPU-88M0
bu8A_UjivL4
TfNCo-8649Q
HnymAk6M3cM
MLDq-AwfG5I
nx4oQ_hAz4I
YJy029rDI8c
-3MKBMSfI-I
cM32a2fZPBQ
V1oJfP-anek
9sJPhBiLgsI
REQFFFklbcM
ONqqEUb7Njg
p70lNfFISrA
A_B6Yb7Ex8I
Nt3QiBwRofs
jKWy2fja-gc
DFsTJHx249k
spO_pCar7-k
0qjHkxwnRrs
rKuxJpxU_lE
nqPpOe1ec-Y
9_Ef0SRjtR8
RCGnE1C52Vs
53GOMHZwOkg
wFjbpcF_4z8
qgNh7qSFJKc
JSjraU-39GA
t_z-3dO04pg
BCHbsbkn3PY
Zt2oN6WPfeI
0VIYGPABTjk
8cou0kCmVpk
1Nx_N7EBd0s
ntlDtLi3bew
KTG1hUENhgM
nmuLMXepCJc
UkueCL66_To
PB3HY7-Uppc
klUyqyEF1Ds
3sWvomLi1dY
8D9mbpWrtOQ
wpotKGYsF8I
ZlnN62Aiuyg
bjbl8o8cVUE
gb3Ao0Bys0E
KnRWVmWQG24
02g8J4v3o7I
ZawiZrYVWr4
mXM1WlwAzDk
zdIV4EgS7sw
5fF6JXwZUbU
d2a6lekGkgQ
-tzQ5Yl3rCc
at3PSQqd94k
a7qlyEl1WyA
9ZwQ4DHEKNo
Oo7sWUtApr4
LpYwcTFVnv8
wc2t0MoYVR0
1YCL0PGzpoY
7WEPxHRpIdo
d4t54XvwoF8
bsWfPpFKEIc
8XwP56qrkek
Mcw6qJ0uoTI
9DigS3RxI7o
EnQaHR-7eek
krJm1HRYIiE
cp2KvHoXVDU
jvSEp1yzsKg
H1vl_Eja764
MB1oBqNc56Y
gPg6-a2p68U
eFDbiYN9pk4
PV6Am7ToKk0
eVoq767rV4A
lBZ0Jji777Q
2B9lMbaq5TU
vqHEapcCopk
sRNNKKV_-_4
8ZYf2SFZbYA
JZ34Lv2k3DQ
5PU4xExdEf0
VsPNcxjTVuQ
eP3srgksUqU
MVMa5iNzKqg
d1_vYrs9kng
rCvgcOYTG1g
AVo-z2EC95Y
DlFA87m2KlQ
GYUzhvJXipE
PTKb4b0dOJM
y9lAxRSTS4E
YIgDrfzenGc
NK06ABWHk4s
3eNPpaMaWrc
1g0BDju5wjg
D3tsv7VB3OA
8K7lg3G6Za0
Fm3SwORdBS4
VPqRmH1_-H0
LscVxX9G48Y
E-anb_Yj96s
s3Wdi-XkOro
7G5s1lqF2GA
_Hf4TsRfHFA
hJOTpBN2ays
kkCmw89Ijf0
536z-9cVhYw
aK5lHJFOsmk
5ESBjwhi6LM
t8S9TaWIKGk
aZeBcd784_k
JFHDQJ0RN4U
NPz5vkk_XVw
dcRhv4sDlDk
1Xl-CJmyxvs
3Y8VRDV9OPc
f-DLZyNQUnY
zEWMyZxU_iM
HN9U7h5fErs
fUv3q3CuXIE
bOxYccJhYXs
SBvWJ42Qqd4
Ulfw5r-hrqM
BfoKIppqmJo
ELk0bbisp8Y
HcfKrBAxKFs
Pixvi9-9ue0
00YiVMnUgKQ
3nkbTWTWnmc
oEELJ_ieWlc
JSCkYiv5ETc
KNUbX9cHygQ
LILJcFZdqUo
oic_Sc5Kwvo
vM-bcbBGVwU
4Lo4Gcr-_b0
aQ1VyOVrMn8
fDeFjg4Vr6A
fczXLCUyzxs
w3HA5y8Dv5Q
uXood0v4jds
pI0lKQZjhYQ
ZcBMrw9JQgA
iTMpUzOfsUw
m9SdskkDr6k
tFBbIzqIH08
3Fdmh6tj-Z8
QEU_QXLGQsc
Y39Z3Yj8kWw
9oAeguc-lkk
UxmvLjWYyiY
thz1z0jl610
iVTIEoOxzx0
u136UGhNI1I
EeXFzqINFZY
EfQmp8nTA-s
LqTLhJxN5Kw
nFA7IOoqdHQ
SbV8_U6iycw
6anEkKOkm1Q
eXzy6R2-ArQ
-ZVBSwACMjU
7a9054FAwNs
t47cjBq6BBY
jO4WH03lAHY
iBrx0M9Dq7s
nLmCbBVq0xM
FkyLWzLIGtM
1T3Trr4LvKI
C4-yD2_2Gk8
3xD0MW6ycaY
YH-AhvWxtnE
KPndkSno-R4
IUqXmWMnyh8
HWM2si13jNg
tMnjv3SanD4
n13lpkObviA
jKDUvHz-jM0
mt4-rqxOsYI
1MENrO9o0Ww
5zoSYOOEPm0
9lg2mf6FcJc
OdZwlBWNxkg
B5Uf0rle9eM
Edh5jgl_uww
Sv6G0tILH6Y
Qiz4ry49Tn8
LvNJSE8tSjY
SmQNkAAiId0
WaLmeluPNpA
MN_dttB9LnA
tEPq5sTleUY
E1mzbdkjnPM
gkNC7k_ND8U
etVRmdJIFIs
_KHi9XFPazk
lTRiEvUw57M
k_4ml7HzGa0
rIbr4d32dUo
NnylQthypbQ
1FCrDEUvqpw
znscPZxk1KI
OGqncxyuHUI
hji81DX2SmU
SHgHQs0IM7Q
QrB1HTOvQHs
-LH8-JJzVuQ
IxfWOQpmwEs
CW7lfePyBFo
fo3rx5OCOBg
9iXPsCYwOlY
8CwlKw1Q8U8
7AMFuEhk7l0
kR4xTGlBDlM
V3gyEgmy_0U
9Q_lyY9ampc
3gxwluPwn44
s8-tJMH_pZU
E11KQvgSzes
VasD1TBCApk
sSq2g7ETuV4
bpJXBVHaTcM
A7OVgMK0oOc
9FG12EwoCxI
MENopDrTuXE
NkyXzBr36y4
vrHchewAtUM
pQxga3n5PC8
0Pj_LjW5Q9I
h06vG4GUuck
yPvUDOEFjCQ
ax6-eujaGI8
atpdhl5MI6M
0RC4ZYzJP48
Wzk9sUxP948
pV9MzhBpvt8
j22-1oaqcwQ
lPP6KGyu1X0
FSLAaJc7RtU
hXx2O8qtg64
WE8epAFtvYY
Ptuvg8mnUic
Kk5YNt6Q4Z8
94-QQBMhBO0
SH7j1jRIct8
IDWdH_278Xw
HnpHquL2fUU
lhycggHr3kM
lXZZvR1J3w8
c4FiBsJNskc
bAu6I8MyTaw
PqgcHsilAQQ
t2q6Bdpq_SQ
Ex2MwS1o-bw
4qh5i-7Tbo8
aXuDwYORZzs
wOeikvl8l4U
SdKhLT2eAyM
o5_q8cul9Kg
V5IGlMj2o3o
yBInQicSWXU
j2WmDM6NOXE
6pO3n37ZZLI
1BxFeKyopbc
vMpMMZ9oe34
7AFHDFrjv5U
gDWC_yiCoTI
TPVo_RNjImI
GZEGuJ-envc
vMpMMZ9oe34
u-fI5QsspaQ
e3aJxy9tA-w
LBMNUAvrXpI
ZAdao0k6qIc
kbcD6z4yflA
yH-V3sIIzEU
yfh6j_HF8NQ
vUFbypkzHS0
j0Qnts8Txqs
6y18EuBYq-A
uA1m2nNGx-A
lOrplbYIACM
42shVF7rRRA
n04q_Eu1kMQ
jyMiOOtgwsc
WCGXlnA2UeI
SoYw5UHIx8c
Y9PYzdFsVio
tb9BQ1Vv-is
6GF97jdUj4Q
rgrkGR6xR2Q
UtA2DJrVHkI
hhs1MYcnlnc
DHxRbpPKw70
tv5FQ3_CXJE
G28gUeYoG80
rposcHUmal4
DZjF3KcrX5A
xca4hoqea2k
u2lHkVynUC8
BQ4a1hGKdxs
Mq5Tj8Pa7X0
ZbXsOFwRBtU
UOv5QHM2vqw
Y0ZPhBu1hvM
7ANire8E240
MRAnnvq1b2M
YBKQVf5J118
MOq0XTr5xVM
FTZHpKQbqbQ
FaNxBfIDxW4
9FAqHP62X70
oMxv3jJcVtE
dDabtMudNl4
XM0vyUUvO9E
lcNH0skGL3o
L0M-kGGPI_8
nsdrgtWeq-c
__YJtdBy734
jk32SKuGjrQ
DR5XGJGEGpc
naSuSkdrdHI
3tgyaeP1lnU
Nw3NkpX1HRE
BR1FdZJXOJk
MpSx-zIDSpk
-aRfWcfCYKM
urVqkrBJOIM
jqeuBTc36KY
9YgGgHlQTpw
_ceUyplA_t0
NJ4sGrSoxCs
LUOvywLJ1hA
Kvy86eVwva0
DUss5GuvwbA
vyzbvZOEItI
dp6keIhy9lw
DosSJUmhnlA
Gqr3stuK6mw
jsKXA5icy_A
voEM4yqDPK4
m9rNxlDCOrw
wSiM8XPnTmI
Bv1VdEaiLXE
0aFMzANQd7A
kxjSU1XR5F0
LOJpjTt5gI0
uZkBaR_OU4g
Q_j_gYgOmGQ
C71DIrOmkBM
3Q7JHIB6OAc
kN7MXRqtINw
tXQzitkoits
47kJ5XqasOE
AdTDEjG7qsE
8b3AcgCKAo0
8zbX6i3i4kk
Jqw4LLCuC2c
2-nuExRqfRs
i7zQWnzPmnk
BdMmAXyCbeg
xlK5k6_kENg
3yCgeFd93wY
V9nmcSRb0jw
EMC2W0PHVh4
yZpwqvb5mH8
PjaMplykguI
bJru7a1iPlQ
NTUfaIH2R4Y
Eti9GXsu0Lw
QH1zOwecpmo
0VTmzg7mdUM
veQC8K0Ye6s
t7mPC6TkaUg
Neso_4VikJU
lX59CLmrGKU
LfOWX95a_8A
OuLT9v75FNE
geetqwCcgl4
FTPGmKoDk0Y
8TrT2vhG60Y
nwKIZ90Yhvc
VphcKilGisM
VDcfI0rEwbE
4xbIrRsuVAI
oItcvjWqonk
lEMH7occ8NY
cBPOdvcgaX0
66MrB2AyoJU
kKWFHKcfg1w
cZpkWHpo6Dk
khG-qnbTg3A
WwZUOkhvGy0
RTb778QBwMw
jDge6GXnukw
Ox87dzQoAsM
YFoknnPl0RQ
d3sKVrLiRfs
8TlC7h9drWg
iyZeKE2fqek
L1gvATkCS2Q
GEBLcEYN3mM
_KteeNFRjHk
RHRWcbOOgiM
6qKFen4y06s
fFYVyNxdzpQ
xquUir5mn28
r_6ZGGWqPEE
V2tYwXOw_Y0
Ek5co-qA5A8
zWmEgGkK3LY
b4SlcQmG040
tlD-vzgqiXA
2aNT8KCVRMw
VD2SM5-jPTA
mDUNyaobV2w
jAtdkezioQY
Xc64mNB801c
veVc_4ZX0Nk
rvp_5Vsa0m8
JgfNE9IAjww
Ec80Gtqrj48
y-ksUVrhasQ
5ZKpMoWgvJQ
TEtKxFNzdnc
i6fzXjD-qXU
sQqNRfgIVro
Bd-VBbtQ-q0
x5WPz67GJV0
kNgY9XHEFM8
pLYwIeQNuh8
tTmD1YrUK7w
6UO0TOS0SAY
NxftMfbgJuQ
66Z_g3bfJYE
ySyfD9T-Iqk
2FyjCjj_T2E
kdNky6FJUWk
Rk5EyasrFPg
H298ww7wVEM
Gwj6XQKJoqI
zu0ZEfd9a2c
dCd4VoMQRug
lRaWjCzq3nc
BFj7netGj38
YRD16lAg9Mo
hCI58MDajgQ
sKpsUGEG9z8
CDvi9w2hN08
30tbqDmbGuQ
0RA5Y01FRGI
etKHbSm7C6k
L7N4X_gd1qY
sEDP5zy3ncM
QrXnTXQS154
22MC8O-i0K4
5wu9mkKPWcc
MIFKScP4V4w
WIdRekfqRfk
cYyEuer1zH0
s82vlvxJcTQ
keoNicsk65U
iQ7GF737duw
HLQkzAiNBEw
PWQTexqZafs
BoZ2ra8z9gg
h_QTWoR0sa0
L2rwdN4wx5Y
Sdpt79W48RY
J-tHcqRDWyI
WGXHDVJmToc
cMYX6Q1d_vs
y_GT47TsJz8
03VBpMDuSiA
kC1XIjvU8G0
x5e9ni-WCfQ
CLKh1gCpyN4
B0NVTC8Fy3w
HE5DNteQo7c
beWp2XCQDHQ
v_TPNqS0HZc
fTzG3jkcAac
r2YAOeuz64U
7wj1L8zk7-Q
576-VtoAh9k
_iLuH5jRLpk
zd26Q3NuPUc
fFEGSphPSwU
OhFYKdZTXLI
y-SQHHnqylY
iYYxiJGVJ_Q
JCtmjmEX0Zs
mqNcacXRGZE
q7LEc_9qRpg
enWJToPLOU4
-LFG18xLslM
1ax3pv7UDTU
V-pv9c8biGA
cCHGCWNpQ0Q
iD0MJvf5Lyg
3U4kuBO1TCU
dQ77tkn7oXM
DZ5rvMKcvwM
n5lKsMq8DzA
4wDrKxcvsKM
9S_dSDVxRIY
91eDzM0qiJM
XqSK6oJk2tw
JGLTD9D2Yxw
HfH18hsrEPU
QrU1yrmNIqc
NfNAIVUuGSw
-SoEBFbnMgc
amKbjaXqHVI
MOPxeA1QLOA
gALSsuV6GQs
VnGyFudPZrQ
yG-f3LwxVFA
KlkszSCddg8
yclxRVpVubI
AHlxEs5ColU
qna0Wy-Xf8I
v22dgsyGBtc
B9SNfrE7P1s
QQyyyEb8Z10
NJRFvWyD7kg
1zBBmh8xQhM
hgrRSfGtVLA
EyP4I86S2V4
oAAlMYWtF_s
y0XphRMnrCM
uk7BiQJavYQ
2J4mG5RPYKs
kH27zZYJ-IY
aBdMrQxsKj0
A1iSlsNmpqA
yoXlT6Qs3Iw
2EaA9SsRcYM
uIQnhTGLdSQ
0HlDQyTeFac
gqOxrcQKLM0
GO62sBRDEhg
CrV9GHN650I
fhCjkR38CXM
AJkxkj_Dktw
LgPQXAP0uXk
uEL2cqukBMY
ApxPkpcRpvU
qAmFTRp0o1Q
aa0iaQHy4FY
0D3a53DwBNU
1bcMHAdL84I
JAyIIpBBPF4
BJk0UAro9LU
F9ITTlpTkIg
8bDM361wI3Y
pfYgyIpAOvI
4yRQFtEFayM
H2Pk75QD0OM
Ocmyotrl_ss
0dHbfgMlfGg
jGghoLXet9k
veXLjfD2Gpw
acOZT240bTA
imyCoWWmIC8
LIoIu1f7qdE
awilQhCSyaA
ftjN2BQL_HQ
YCnT2pEMBbM
gpBgSIjFe7g
YT6s6bZ9cI8
i5uckJZxAmA
u1fNCTg0f4E
ATe37-Q9mQI
QHORDdLwm0c
hRpmnKoAte4
P42JgDAfXC8
vqL-Vhm1Jak
vQdjZGaKc4o
NRaYelcTla0
Ofr3GM7M0RE
VaS-teo33Zo
3t7tUWTMbzE
O1gtOXwtmN0
7F-hLHiF6uc
Jqbigzd9vVU
YpEcTQwXg-A
6FQHeSEfYvU
EdlZdZNj81k
HBCH69pBfj4
ZHbUIwRacEg
6n5y1nHqGgg
uttoQdHj4JQ
GLoDlNwDeOU
ehOVdQ8HA8Y
Kr2xkyAF7Tg
pGs8DyHCHjQ
T-n94o-gYPs
c0pEwsT3AJs
ydl4sIRGLhs
0pRhxsWkfTA
pjSgZpZqZpc
_DSmD6PNNvQ
Yr5thUyAnsY
sk2Ws-B06Hw
o45A9zacjLU
DqlP7ZWmKmo
jvVrmSCtpGk
UT0Aa5EiC_k
w3g8IA8vsJU
Z6sMsDmFSdQ
xeAv0zKalaM
_VlptmSN_kY
HUhhsOThhhI
5MZDEBAeS8o
dFQzGu1uPGY
cT_BaSmHsLw
0UZd5ayEsM4
VIxYj8FEZ34
gEK3FNJRgLM
mWIkHY6PI1I
htosI5_wq0Q
huF3B5b8EK4
n5rBfgOJiv4
CITb6inineY
3UWmqLX8pj0
ZaedQtuWhC8
3S6675cqHKY
Z_d40X8Ck78
0IZjx067uXU
BOC0f5Lp2iE
05WxglaHAsg
ZbUff1sIqh8
aRtCRMTw6sQ
bjb0N73AKO0
kWIflCHfh_s
saohZSe7ZNg
uiAEFJ-jktk
DPcoqouVjvc
MMMPUxGwP1k
Ag2K4BEnhNk
xoAU1MaQ5NI
IVv5yxuRQcg
m6WbwZMqm8E
xVa5j3eoeu4
hD1vjrjR4OI
E97-m2CqiOQ
DPAEby_Qp8M
913nqLZDSxQ
wbM5Qkpty2U
8flcCtIkTUc
i96B6-TG-oo
7Icst_DwWp4
2lRa49CJ5N0
JxtQfBKe-Dw
OpwfmjITxx8
ItaDn55Pdoo
lGOWNatgx-I
D66n0s31710
2XIrrZNkXwk
J52ryl36j8c
Vspb3bi_uV4
CRmA1LrMyDE
eU2Tc-l0Xgg
tmmopG63nWE
T3d_dfV70kM
lewIbwort5I
oEPVDItuGxQ
xer9dvdrehU
TmQW5hE-O6k
g0kDhDnOs4Y
qKfCYP_CdH4
7VN1kMtzbHE
0N4-LRSz_tI
D01qQPjwnz0
2G7RSpGZZek
kXXCOApoBZw
vtDvSN7BE3Y
owVcHnF7mPk
5rqX-xonN8U
Pe-11xhU3EU
ZnhgWBBR31Y
o98WAhC07ns
VxXUZOOhtvs
-_btcYQ6Q6w
pDpexI-crd4
vKMXS5Y8e7I
uykRcLEmweM
jAGZFsNipYQ
S38LftjE7VM
SYyGw_NqCoE
OO620m6Jh7Q
jEYWnpZszbY
8yc2i4I7k1Y
LNJUIj5H_Zc
nS6otfYUd_A
Ji0F1KPX-dc
Qs3HQGj5Mp8
UtHlA5v18yU
UavfUcQoK30
hEMNIjdiS3k
3H4ht3aR_GY
CO7Qb4DIUSY
RJyvJO3nMLk
wcn9yV_Vufk
BjncJjlWqQ4
pZhDIqpN7c8
TfyNP0UPB8o
WNKOqw6PqWw
rf-EobYaFoY
C-XczxdYM4E
vuQQyuTVJK8
tFEVZHu8Cv0
yzD1MUvXVBM
GCJm-6eXpYI
LcryfvChiWU
mmQABzTaQIk
dSnXqRA4bJ4
m0Nvb6PJDiw
1AwTH3rMXUE
DRYHx1hOojU
QqUSJZ0HnaU
rysHhxeLIKg
FOpUOIuueHg
8-QE1qyTxyY
kQ4im2WQ75E
RfqEc8yXw7I
5sABT0R-4VA
MT9pvnYzjIs
LqvJdy26_qQ
2AcLAg_nE34
WbyKLRdqKEA
PJYRGTh9fGY
yzqvgRrNCQM
qHP3j3X2YaI
DpNVL5aT8dg
QagRnha3x8c
2F4ql90YVdA
-_kGgwXFCx0
8Rj5AUwjGeg
OEoj0HhqFu0
GPM4v6UP9IE
HEJ8t0SfTsc
q0DdqDrTAD8
OalY8OuFXiU
tlwuvE_t22M
99ysY7LOajQ
QiQACZnC9So
fa1cPVLFehM
fq0OxB1Bhg4
cS48J1MhW_g
KD9vagHIlI0
ubDraWoYZ7s
P4ETqcPIwi0
AzrCP_2hwas
iLzbhIMEwC4
dZI4AIKWqYI
WgesbcBFflw
jkPA2ooqVsI
TTADTZKwUMQ
fJHiUzHZP80
DarJ1A-Lyho
XfKGltXu90Q
txT3PiQPO7E
Poc8nySPMEc
iNJnfKBLWlE
3GrDOVPU5p4
_ITnD8oz0sI
KL4VE2G8WXU
YsZm7gSOUiE
lCQt2GPiKPM
OE20lUOqzgY
D__342D6AkI
wsqnpZ9xFoI
BEZeKQdhEQM
iBI5dRbjjv4
lDiR69z8Akw
_FkEZOhWo0U
s_wkd2fTFcE
3dombLL3x10
VYNh3-21HmA
rbWAe7S3TlE
n_oXd0FY52I
6ffoFJwM8gA
2q3N5kainhw
mRlrpXHQMyM
spTE65zX6Oo
62IwmYNV46U
ls2so6XZeWU
7mIOlFgqNtM
zJXxRhQi3S8
tAEJb-p6SOE
Qk5mQ-9tSMc
CTKCixz1IqY
mQUU8Ipr2F8
ZRsQDfgwP08
fG8d12DBYYk
tyntHyWfYvA
mXudbqYN1GQ
fKefcR2v71g
2Qpf6rYVi_Q
JsjRSfHAUXk
LcFAOpRu8-A
P_vsVK2UZwg
1AQ1Q8Su7ec
gGaQ-oEpNG0
SO8tptrFQzE
yFPW016ocXI
ZTGNBwccXeU
EpJ0NDQwc2I
qS9HHaloDNQ
fM4RTWvnoRU
FpDpVoM1Yy8
nf0tbUG2KrA
TudQ6OLmsao
1mQusQ_HowM
ERqGMQsihm4
UmETnQcvxWE
BTgP7UxK9Kw
V-qrEysQW7Q
BjFNoxK6LAQ
4_lunqWl1cw
ezQvlAtGez4
CZ-aGHiBvM0
R8m_HDAKL4Y
l9d6Dk3K4Xk
nWyJ3gn8I1c
l3CJBdxu29o
O6KDrKyS3GQ
BvxOJ9vsASY
Urx0Sh3vsW4
7G738PGmiyc
fIOM1q0_1Lc
cqwzt5JdjuA
Uxxeo_4IY4U
pLBaq7rCv74
Z_gLqYdJz8k
G5HwuyLno3w
-O5locYoE-M
zTi0q6AVDIY
5nDsDevUGx0
DM4RpNBVOYI
HOc38ZwEO8s
ct8UQ0jujQI
pHBW_Ng62QI
XSBxvaX2r6o
j5JvmrkPn84
Vth3JKtWG18
WcnzetT4ezY
du6H990Z9yA
buG6Qv_EiaQ
IYcoXW0P6gs
uSbpydoPxu0
uUIRrJH8PgM
WeNfUIJuXeo
mqJtVinX-wI
FjvtWfyM_fo
uDNHtFKxvZ4
-2_3mWGl5ws
f3YsT1BwdVU
F29NaX6-aDc
3gmSbayQQz4
pCVmibBhcc4
HjVKMno78vw
1VXCQEphcVc
XKnhDakrsMM
HlBK57t5sCg
wILkvJBbpgg
9IVxQz02xmU
StfduWt-YdY
dbahosqqcvs
-6usUeQ0PXU
UR5CRzOiKm8
irt-BFsu40k
3tCGGAXMqz4
USlIcYlm-MU
A1M9P6Xw6rA
PT7LTYl7H5k
Ef4jR2hLm_0
VFaBDnLzFgw
kWRxApwbwAM
K898NatKgyw
anNnzWRxpN0
qgyivEX-4WI
KopsNndZ4Ms
n-VrtTu8oi0
TGAEoYOde5A
t7jTzD_Tsfw
UuSFWlohYEg
ra6AegdrG9A
JHCHYSCbxDI
G1my64vaD98
V-FZ2L-dL44
89ItO09xj6Q
Ay7_lDJex0Y
wobFhxgOFRc
vf_OD8uCv8A
LDjxdhWrdi8
-VIppNDamns
vI4y0axPwkk
ZdvZDnrwTwc
O8-i-q-ez9w
J5xJaLsPbuM
vS-OPJZJ6x0
TqfQMLkQs1w
gmAwX5v2Oik
5gJ9qk9EK4M
yig2unNR-IE
SwmEhOwozFM
-43z7quZT8w
T7t1uNO0xjU
raHDehjitt8
ujWZwRs1xfc
TXwXds9oIz4
PBDqtonfmI0
tsWLAIOBROI
oF0OT2yAf1c
s-nhlzr00f8
dVwz8JPLj9w
3jpbArY2L78
cSx8GVU2oFo
DdeXHq6096s
b2BVpFy20f8
hhyAgQkjdAY
QwP6DAQQk4g
yj3QsQbNIg4
yKkVXg6OQ6Q
opazAKeE1JI
VdVKLYGPu8Q
c8ZYw5RxFgw
MmwizUwNNTg
V1flXTxuwPI
lIJ3xCR-PhU
8E627u1hzFs
cABykBgcRKo
XNeEVv_aDC8
hyrS5VcareA
cDR2K1syllA
mms0czcDngQ
2dCI1muD_DY
uocwwKFYJJo
C7DtEDI9VFo
_NMbIxSYqV8
Enad3taM5sA
dBfdHBidNp4
CNKwcB9ZQ8Y
CVSXb6v8rZc
7N9FInD4wHw
M5fUm5a5ls4
NY8ig9n9EFY
uI5mouRRaEw
xp5fv5-6as0
OreOaw2VSLY
r3IW3114ulY
1EVujAiTPMw
X4_V8vHu5sE
Mh8vOCM2zT0
hL6BQHVupjg
9rmg027mQNs
YqFw2ASWOr8
0OFmona__4M
L3_YVzP5aek
1Okt8V8fy7g
lM7lY45ys6w
nwHCKqVDpkc
BGRj9D7ER88
li67kefjQeg
mjJ_0ldVjBE
bb3QcjdTaKs
JrMl5nGCmQE
7scDp2uOk3g
ro9fb4B6xsM
DgyB05XrkMk
4vCWqLYRuJ0
KK33-qDLCow
mF1QF7lD4LA
-kSGXSf_GHE
_GvedJgLZ2E
E94RBCkSrGA
56NdbN-nFO4
SVIIFBHhl6g
meDvIpDZug8
5t0t3fXWTlo
XwOHurvklXk
8nHeLv1-5mE
MDTi2_PHiiM
l-JRoUtAzxc
cRnC6-cIzmE
yHuspjbmEJ4
S8TfaNbdevU
GMfUWFVf8Fw
xTq3Z6Yat3g
KJ9Ad6s8g7I
6avzv3Qo1MI
6mHVdsCyimA
Of76mu7Uin8
6bRralurg9Y
uf51nK2El0I
6mkBtJjAZIQ
Avb8NEQLPHU
1oQ5GZOc9XA
II03km_v4C0
zoqW1kL9WA0
ozp8uyJsFV8
Ekb6OqZQsyc
aovavvHatQI
bICW98sj9eU
StW4GSteEoM
ivHWXEW9QQU
8iZDapgQdFo
KrZnQPqG41k
JD-REUIa9tY
p_9uoj92oKw
bGWeyUc0fGo
fPsG7ti-cXc
HTgXuujoaKs
hbWjV5Y3hSc
DgCduy8mH5I
XsztFuNY0QM
r4zXb0oQwik
rApQQJCRGBQ
XAxl5A_laOI
DsD5VHyHaZc
njYLCPTq7DA
ASAv85CrI2c
97PCpTKSZCA
Y86fqhhpHis
uOZe33fFOSs
dXc70G6qoNw
CYiLG1iyWco
whSAjiIiJHY
lVws00V9fcg
h3fjof_B-Is
YX9s1hzxWo4
93w63K7EHS8
gZFM0ghuwZs
Md-mkyk_KYM
VxOBkRpmnk4
kKjGaY2MnZo
yzOKKcNAKvs
wFOL6uF21zs
wmIPqBZa_-c
GjNqxsdOixA
mwa8YG_UsVU
7pqafqBZzak
mj68mVVZX9Q
IGC-9kspWRc
YNS4Y9Fh56A
sTz7zfNCoLA
MBdhZuw6rAo
h7GQxZ7L-PA
aD5FbRIjIdw
V2dGfTAGuvw
4aBH4tmKnQs
DowHIlH_YqA
MYMNz4ELROU
5w1f1ZgItYw
_xkfkUyps3Y
e5l0z4TTedU
WojthEeBxGY
5HlygHEodjU
ozJ_DV_0yfU
Q8PMmo17GNs
B_o6UiijBEk
S7OxUw_AS48
WlmIuH7GRwI
diLnlu8BCgg
joBuUVApnoM
WlmIuH7GRwI
82fr_QNo4CU
H8wJgp42UME
T2uusdkmu6I
X5ElPDP8b5c
BixyHtp_fjI
s3Oxzo1FV5U
FVHWphBJH2g
ccNWKYD3VBg
t1_Z5SPIrs4
u3ucv0TLCF4
cmgQb4qKyh8
ft4c9nIYYkQ
eEw1s7qqeaM
J-3hBw0Ef_k
9WtWT-0g4ek
EkifxQfNfJU
6Zgg7VxeuEY
sXZlmtvumg0
fNWjUUB4y1M
uGsYLdoeaYs
daXibFngpfE
IO-FGbCBy34
7L5mOqUAKbc
GkzvjEWjKR0
m0fNoGLlUuk
XNhluVlpTtk
0u3ZezDvv4U
XiQDzSutqEY
tx9BlhrnBX4
9TAXVCxgx5o
annUiXMXVc0
Bolxd2Ubmkc
cZAY1zAWKhE
N1wr-BXtIW0
gf-Cu7xW5tw
GWrxx2HLEis
l-CBS2bNbXo
H-dfdKbrbb8
tMjg9SCSgew
L4M2ZeUouUU
g7dFm2PH2TE
6mWwYnzHrbI
TPezZYAMog4
dfB05CMhQn0
GcNyyeAeoJ8
FSTDf-LmAfI
R6FanrZ1bjY
ZuIzUqGannQ
LiAKlXsM3TA
r7y4GWbkkas
LWla3cCeDwc
9K_RlZ8fLU4
rRWvpq631YE
lnrTDdpur78
FMYzP3uRBZE
lU1GD-_SPwg
FlGyh6C8ETo
CwVxu3J3Ykk
xvb0R7OJjjg
KMvivfGjehE
DCqeEUNpwyo
j-bUEgalv-8
8U8zoPQpVbw
wdINQ1kCLc0
-eV0Cs_X6s0
NxKDChQ6R3c
MSJlg0oXs8s
_Zy2_hucMg0
cVVgA80XjKI
apFE6AR9214
5ijnilW2f_8
-ZrnF9FrIiA
-kzCrE-vQvQ
RfLWmhYjPTQ
wyPw2Wy3Ayk
HIkuaFY1VRY
ZlMwUYWnBCA
Ow3wnrnM380
yC_lEERJXSA
LXNUlWIYnto
3Uua_OEW2QY
RxZMSZxfpoM
PqwtduQxBk8
7_luBRfrCVg
pwQnweQWaFQ
z03Y9zTGUu4
rVa6qerDJoM
zjhh-eZ3shQ
5O4pusNMQ-Y
NdyV3sepBRA
CMukwhxrjkg
h1W_TjtnZk0
M0N6Ew_Hk0Y
IKR78TB9t9A
iQbeXMvnY8s
4mPcsNWkB8g
TFTe3z5ISGo
OAFeFVDh4Iw
bFSXdd1C2RA
IbqKONZwqIY
r9FF37RaNWk
4zcRXzVjaOM
s1O1P9vdmNs
YCwLDTId-io
54B7a8xzyZU
7gkXNDyLDXo
RgtGKbK0vBo
CiO42_ToOQ4
lxxGO8VrK24
2QpE_dR8rdI
_Otgp7IGF6w
SDoFjXMwlRQ
8gQVAvUFT6c
uAdF3C9bIpU
ozcB70-UPJM
atrSyPuinTw
riWK6FVOWUE
2oN_qb7U6Co
rcuf23bKs9o
NuR44SNzXqw
u1irB2sDPZc
AgvY8R6Svas
gKBUlgEiwdk
TT2tvccU3pM
lFgqkM8pHT8
HixATFgPkh8
fx-IcbwFZGw
3Fx-y8V_4Tg
6My168t_dC0
3AhSNsBs2Y0
2mDrAQi1SwU
qwSMgZYAaZU
SRDu12UHHVE
AaJQIJc4AbU
5-nHgzvCADk
wix535IgGq4
moQZd1-BC0Y
V8mKyht_Ff4
1oSSXIfbBG4
i7if0gKaUFo
ceFyF9px20Y
YyoSj4ODVFI
VcIUk1KrOg0
jyV208Bqax0
KafOwEBgI6Q
L252VOQuWlQ
BcDCsFNLWCY
3t-7idrxVeg
2gz-zbvG5as
654V4W3kqTU
X-j9_K7xHRk
UiMRG0k4O1w
p6fwrJCltro
aYRRuQU8Gns
5nSlHKcEnIQ
f1roZA8ddW0
Kztk8_yB6vo
Yk_Rheot_ko
Ks9-ch1OtCE
EtnTuTX4L24
oLW0uCYHQ8k
JGGlcK7YOms
TmHiJqx8Jdw
159K3Vq3d-o
81uzAbHhX68
_aoj8SwkLR4
fr1v895yDcs
UEBFNX2xwYc
MxLU0Hx3dm4
DLpwNFAvJiA
Y67IbPGGHHA
XYzhmKlHCH0
jzUW6dx1v_s
vaIyqbIZ2HE
4UitLcS2nK4
Al51VlsRoeU
fxQkZd_jtKQ
z3HUTac8MFQ
xeYnkkofqjU
YiXfftXQUto
uVFPHccrL9U
Bi_zdVQvs0w
yN_BRYfpGAM
LHyKHdC__Ak
aalXEBeOYO8
pydEoJI8X84
rRg39spnaYw
aVCJ8oxx7Zs
H7LlkYv_I0k
osMrcQC5qLw
rWhhnQ9Hk4E
NDfCYRhXBNk
fHRiaAMWFC4
s-yTlk0gZe0
8JnlY6cmosM
5tLbuGe2nxI
otTlbeRNgCU
A8RUadHeaxk
a6hxmGqIJxc
kgtw4MRLEjY
cafcRNx3ecM
c2jBEq-ILtU
GIx_OOp4muk
6-wIClwmbtw
5NT3aEU1Caw
02F3pmlyaoA
SEuh380uvME
COBNIEQzxd0
-m9hzwve17E
xWjVbjm0gQE
tYVQAE6z9Qw
A60CDr5plzI
7PVx8Wy8MK0
D-dWODP5ddw
qFwfAu_Vlz8
q9VZJRqqia8
FrIwmq7jJKE
HFDMlfqWwXE
13qYeX2lCtg
FhyzaChixCo
Dwb0K5QE6ZY
7A5YLMBetts
8f8TP70f8NE
yXWFcQoGGtM
wW_iKY2bT7c
XafAhsdOOxA
hGDA0ygD1d8
gKkvTXLvbhs
GPi-yY163U4
pz6lSiKZD0c
UvVFouspJkE
xSUzkIJn4lo
obSzr2NIEEM
xpFRpW8HJZQ
xcnXei-VG-4
QsfedYkv6fA
GAY5tty65W0
Mbh5C9NzRUM
eAzOss-SJKM
ris_eS5pjL4
yj4_8OlUi4U
QoViyfWlBSs
_js87Agg7Kk
E3jfgpIjpew
YSCZvOpGWKk
ZmB-tVZI4vo
q7iKuszJ6nI
0X65olYq-vI
yOb07ZfrYUk
6_ruYeTjBsA
JoZAjqSuxt4
QmFjNTvUAPQ
adDMAkaC2to
AYM6xclXfg0
BUzP3MGyGO8
tqXvfl5vpMI
ALx1-MRu67M
YObVse3KM6c
GPP6aHTSK1M
5RwXXaP2_Og
ylTYZVwMC6s
LnoffZoQmuw
UhgU8EjS7EE
dySnT9-8Aik
om3O9-Td9lM
vFsC-LTtbfs
WBbTf46qBi4
6DvYH2LHxfg
nZfQ9oCQATc
FuDmtoYKFuo
6xn0k06DqIE
JN_guX_WlGk
8z6GfhLOUz0
eeIA261_gSw
3DnjvJ3o-NE
f4SlMxTRhPM
DAki4gEvWsU
JKbiBNztErQ
AfURxsXGe_4
muThatBkawU
VPYWDuVr4TQ
YY5kE5Nsepw
oqWc6h4q0gU
zEPEeyzPjPQ
_wd7JY6doSE
-8LviLT7vpw
hMFASpFZgeU
siL37TFuTM8
W1g69KdbosY
jI-EkUBs4ko
GCaskZ7uq7k
Mmr0AE1Qyws
GvoiPUHfOXI
Ohne6LpKFKk
5txwA7n5YAA
IBA_3GcTLNQ
igrL9FypiZc
zSSUkExACxI
HxvJq2-0vWM
zddy6vde7IE
o25ANiRAMvM
c5kb4Xiq8FA
OFUWtd_2j_w
XIVVH2GXCX0
TtqqCvKTwa8
6SyYiLFEQQU
Pmjl9izlMkM
HsPeer6622g
NOlUqDLFmO4
nAXlJv1LUaE
juiHxbe_2WU
V6HUU3Nxlts
-C2-cdnud8Y
hPgK_1EPxM8
igrL9FypiZc
G6dS6qQWtV0
zY_POoUfjjo
oxNznrlRXGU
L42RNU9dd5E
OjiM1ZSqhcg
7btmAMpRLJE
TYo-6oOpL-8
X-KBwfxZ63w
bgC3jRUdiuk
blbBoTP571w
XdP-Wjd1qSY
hG5uAH-Kd0E
KBf1BqW4sfg
3j-yUdo4jVQ
BoWR1GfLW40
vRk_gcNf7jo
toFZZuBMtiY
hP8PGWzbdZg
Qa-BE5ryI2g
FWWZLoQ7Xxs
VV0HrSJ6sHU
J_lgyK37JJM
9YJt0tMIkhE
DVOC3Bk0FpY
ExCYTPlk5ec
qOV0KjHABGQ
umpCVFvtVx8
FMdkGvGQbUM
SE7_8MsTepY
CkIjtxRD5zM
NbpBx-_mONk
E3LbQtkUrVM
EcaQmNyxGPs
qCH0qpFnAT8
PZZKa1szgDE
2DcYwoVCchI
6NpoY9fxpmU
b3mervn8B3U
f-rAFXbMGGg
RiM7IwZWW5g
Qy6Wp5sxgsA
6Qg9WqAyOCM
83OBNEe2eG8
gXE5B65_cD4
A0gLRLZ2lXA
cv_TWPqJXX4
z6JDvmADi_g
6hhL93BVU_E
cLGLmIrAhTc
Bl610FkoG7k
NzIyvuSIXCo
H4FZ6I_M8Lk
_FZFj9khFnI
cMilwr1P7uY
76Y9JR3CAc0
0qFtV1_dX6A
VTS27zOOZu0
fc6jAny83d0
9wW_zXckhJo
vbzwAqYHilI
Ss9wRsH9Q0Y
hUcC2gAC9DA
7bYkf8kWXOU
KBZXHrH_Cwg
WoAdjEyn8Rk
C5Bi-Od5fNU
nyclcBoTe7k
AMUpu6j1JNE
7ci8dK0O2Hs
z4gE85_xaCU
zsivVerYLk0
IrcmCBjtS3M
GQqKRkPQXmk
w9mDVmkcPps
dnWt5-_EPJo
cPU-6kb-xs4
GMwqY5VPm5k
7xmnPg41V90
hXiq-P3hbz0
xdRACjUV43c
yqdsOUfK404
fZRMYS3iFlo
zsivVerYLk0
qTgd1l584fU
5neGV6aYMl8
xUW6YJ4AtG4
8Mlk7sXRsPc
7-6VrTpXcrk
mT5JTI4nssY
l912rIHwX_I
TgyLVa8T6ME
jipckbqJ2Vs
T4zLGsVwMuQ
iC5fpJ2LqQw
zsJoboPzh68
vA3_0l371LI
dZHGzTrxwjE
kdUPbQMiYwM
xpQZeai6ZnA
CXed4UBCnX4
qBEASrN9OwE
5h0Vmig6Mmg
oHXERmg8XRE
2IGbrfAitAI
za1hmF5kXJ4
ph6_Z6NIx98
xmPSsK2diSk
Qt9kEmKusBQ
JMmrd9Uk5Mg
bUbI_PVs54c
3wOWz3DlTXY
y1fQ9e0jnRo
CGKGZACJqDE
2pXVMBRcnvc
5VavazL2BHY
WK-_xfHG0YQ
n_jpnjM4P78
y_0q1zRdpi8
R3RgX88AeYw
9Ec_CsdjbP4
e46DXrLXP2c
ECVtqBYTB1M
Q330frH7oo4
JOVXpsQ_Kxk
jmfMyfu4NX0
dUotj9Pzmbc
n-ilb3jfWao
C3FZZhunscQ
IfmnEYPak7g
uEhAA_esbiE
oiDQsTeohPo
N8VTUYjGIbc
SOuVEn1EiKo
O42AcgypApw
eK3T5UIwr3E
s9LktFUm4OE
-3FVJ0vbVok
IddADuNfoZQ
S4URWUqTm9E
gfQ-wYrUQUM
B4Q271UaNPo
3ROIoZPAXW0
dCYHihd1Liw
XSSi1dW0qdg
A7WnWBef82U
gDfE8leLBJU
vtBupaw2tm8
Jrii2oQutOE
dtYw0CaM4K8
kzBlqvwLM_w
bBmNJMxKE-4
oYQvRPW9UA4
VwE7TfxN4EY
uvYX0zOg-ac
eNhBi4J8s8c
RZFlSl0-MPE
fVWFokUSWlk
kX49dlbfG9E
5EOKOKp2QlM
T_4LHfWKZ8A
b1bO6Y1-eJw
28sCH-uK-0Q
C6txK8LXg1o
1Rpd3_em0AU
c135gQ9rNCc
oILOU4BoBfE
PUeloJlmTC4
zlADCrF5tm0
RWjpG0Y1lv8
FaYhisEq6dU
51K_bxRGFGI
s3vLftN5ZXM
jtqBfYzwjI8
rMGzyEwfE44
sCXCjpk2MAY
-plArUdOHA4
sNP0f6Qqa-U
lhDcPapSp2k
ZUWgkQ18HY4
nAeIaMfzfZs
pBeDn8XHhKU
77VVgrpUG4A
CvrYV9KU0sw
emM8idy95y8
obIOpmIAIQc
cKmModTHtd4
xjzxdUwPeks
hX9KuHFJWPg
wsLnPRUUGhQ
hfnv5oX2OOk
_F4VdrSGs0w
9DHef_952rw
VeCrj4x8iZo
MT2cAkExZeo
1x3WNF9A3yA
K8R_UGBqIMA
P4cRYDB3EFw
jW9YRt6GFDU
evqo3HVAmQI
HUYt4r-TDaU
EQucfde0OoA
4-9sk3XKtbM
NK-f3iGnr8g
-4rsINZbDVI
vf3j5ZmPELo
zJLZtebEYqI
BQGc3Sx0x2k
d25lcmlQT_Y
0OQmQWGLrgY
3kUatMBqhW4
1L14pYiq8bg
DDeCUUp5jk8
o5fFDWaIETE
rbAIBgP7dFw
QQUa13ZG6VU
ybRD4UPN3D4
KNRmR6oRAgU
GANuHY9V93k
7YPC-GqEAH4
hl5B2imXQMQ
23ljFiAT3RU
3JCqSFDQjVA
ZLcIziUvw5Q
VnN-QeMgJ_U
3AuDE5cnTx4
e_NYyDcsEPQ
hxjzZkyiv98
sloeS8Vx0hI
DXw5fJVBnHU
WXqh9TET51I
AErPprnHWSA
hg-S4vQCQCI
ke0jTbIxJCI
kaKT9rSnsoA
uuEER00cPno
wEycZbvpgv8
zxR9cAsSbV0
IPGQUXK9_iY
LD8cQjo2jJ8
1HGxYaPvuGc
M2iz6fv0HEs
XOi5M1jDbPY
VoyfTtdzoZk
cC7bBUVS0l0
p_qkZ2fW1hg
CXBWE0QF26Q
tYUfS98avF4
-X1DGp6eLao
kuPmAgrv7qA
9V56-v8GZQE
_2grFNSvanI
XnKZtSQZpfM
_y7Xtwxd90I
yZ-0eMSkv0Y
WejSKbicS00
7mPJ7sKEpzI
0rnXafN336E
C24ISLzQmTs
iU3E4eqf2qA
USlriMwbWpc
cpkNxSRvj-o
ThOAMCWlMiI
AHuKC_PIlyw
0QLM7fhn33w
Wne0nSD9k7M
-4E58y_gueo
z5_LRaU7Els
HGFkVl0gi-8
uAEMTLi5DLA
khEoXQmQ3D4
cg9LmisN6Rk
f-8XtEGPOqk
tUBshVqfQ48
lffu-yGtnKk
v4yy980PLuw
L-_mRDcFyzk
vbdsVcKNNQ0
gOu48QWrPXU
rob8BE-EtqA
ZB6Od0BnbOI
9tRpbD1nZh0
uTz9GZhXOas
ZDuM92-sY8c
gOu48QWrPXU
jGUsMYXdDDc
kjV9rBbsA9g
YMeGxIgVdHU
Vvm3vx6g3W4
cT3LeMdD9xo
z-ldEKb8_X4
wVP8tWg7SQY
sygF4JqR4xw
RXva1wLsVtE
nK72SHPqvKg
w0choJshlo0
E_y7n4xqMwQ
AvOh9OKTq8g
kJPSYnCeOP8
9kOctHGLITk
d_b4T8DJfZo
DyVo9iajYVQ
BjrrbwAN8Aw
1DTPj79HRWA
whD0AE7R1v0
jJPEOfw1R_k
GonV1ER8Ubo
K8c9lemvciI
FTzbaMU7w3A
4Je4DXKVR58
5wtIYFFaN78
-GKmjYU99sQ
ZFAmIhoSthU
QM7nZAIAMtY
wksEcTW2u9I
tL6_aFCW7aw
xyY1ct5Gf4M
uMasL7UtOqk
r5HXPxB837s
7Z63khyCOK4
Cuyp1bvuaxA
X8LhgYvIYZk
TPxfWwz2obA
Nc1_UjVj1Vo
ejNGnnGYqNk
1NPKnBMQw0k
-lkAOZC1w3g
CHhl27cuJuY
_Jgv4xHGFjk
NiBWivcbViU
dQWWLx8JYAo
AmIRh4DoUYo
9TqYjsLXaCs
sCMmLlw5_q4
VX35EM-9qtw
Y92iIeN46GM
rise0IaqoqM
0QcksSC9bog
ovlzr67Serc
ZRw9m5LG_AA
TCRz--rl54I
t4n1qZIolOw
TcpyuPJKHiY
nAPveaSg6Sg
2yX5P709pLA
ieKoxVjx3S4
Lu6oWHqz11A
UE4fdDorI1w
7MYVaJN468U
HX_oN_1stBY
yfCmtWC05UA
jGqi_kaJsXI
Ay4456qmOLc
Q1sGlAuvaSA
oqcdkCH2-ug
SXPFAgbgGiI
IFRND0G4u54
1Y2MUz0bwSs
ljNXeQS2zJo
ZZoWCKmL-Fk
_Hhf8vILIZc
S58TmKQawTk
qLCsY9TDdSA
ZsvxzZiQwEs
b_sUxt0j7QI
hDicpd4Ry8E
2yGa9nv0mJk
2aL--eMiGUk
vrphiYCiii0
XyFO_f6xI7U
YRznJ_fsu6Q
eYNCcxhvlas
CULHZfNzP9A
ErCKeQp5GPc
gUne7dYlv7U
syiAQGNBhYE
eSQN-mMjJd4
Dvn6SIWCQpo
TmjSXjKutkE
YIn3vI1AWqQ
Mwy62Ro_92c
-KPDiAEjR6Q
zNSWMjT9Exs
ZvGafDII2eU
nsEFqRpdIuU
SisXxYYUFzc
GQ85zelrsTo
zNSWMjT9Exs
XzT2Bq5F2O4
60NVYWWAwZ0
0gkGYP4fgMs
dJJ4RSfchYo
enOnK5ssCbA
MqS-LZlvV60
rBDB41Ys0gw
FyoUT5N4N7Y
UoIcXxbyX1s
aRwFB7-IKTw
NH-cgmesFa0
zcUPUpXHKPQ
JY_-ORPWYDQ
sgWGSHnyLNA
uXj3ILZ3dt0
EO_1wu05NsM
xYTNxFYtghs
6UhEPPq1Jrs
7HjDnNbp19k
vFYVo7Rzu4k
ckMd2URnHIo
NJnxh9C18Sg
eICOvYs1D3E
uMH5kRBe-_Y
2qKwXhyjNkI
9JyXWhe7juo
HBpOx-W3o_Q
_h5j9t5EJKw
zLsiiawVjks
v25foUn438w
6Nl41046Enw
3oM0H_dOReM
0XNOuP0L1LQ
TAtBP-2XbEw
NfboiNcJSuM
sWcDgIPYltY
vvZPf9ZaDhA
J33B-tEtPjA
yScHZcpGTA8
t6Uc-FvLaSI
05Yp9dtm9Fg
IL7xZb1Kkq0
uqTLxiVK9TY
n6XDAGmH__s
cZHOicpkT2o
CHbabuS40lY
_AGlK5c1Cz4
62jd0ak9Mf0
-3hWBREH4LI
e5xyF84dw2o
b0HzzHXJAMM
0rJgxu71aKE
37u0SPZGK6Q
tsl_SCq8ZzM
hLID_Ovnf2M
qZM9JREjnp4
U0k_nGWBsPg
kuIuTS5cCJU
ubzUTUx9PbQ
yuzG0Lkdtrk
K-RdAYqQcCk
asHdHM6FLLo
jbVAv2AENfI
r3wgjMyfrwU
zIU6XDyHoUM
7DwHtLfJEMM
XDxDFVYQ-ww
xUBQQHf9_kI
5A8kCEwrbx8
4brPYDeuHPM
EQHErQ6chx4
uB8PB9fk4A8
7VPDs5QAAXM
k7gCoePQnmA
jiLylXGc-pA
yLUdxqYmDdc
M6XnnAu5LMs
9peTAMkhFJI
xFfoTqQbjA4
PKtozMvSsBk
zA9bB2PSV2k
Ddrmotq0jMQ
SVPran908cY
yka02e-DLz4
7Xc757_rJX0
K9EVB5q0_SQ
SkxZl946dzw
6z9mXoEAFn0
dsLix0Hlzf8
GcKmMy6NgIU
-mqpdomdnH4
v3rZoBdUyF8
iweATwKutWg
6LA3uLEE2jY
KE9I1h0Yv9E
DTwt5JdW1tc
flaAQFnvNqY
FaMsHYj1STs
B2mQDuEBfQ4
JeOMkMaf0wA
ZsfSKcPQRf4
VurVD9xe8EU
aT-fMkFcSuM
qnT7QuJJ5Ps
pV2mbkENcdE
wDOShSMvhDY
U3RHOlugMws
GWL7uGsCwEs
pmzIzyYza94
QwjeebE83x8
QaEOf0CVjlw
h3gCDxjxUUQ
wtXCBUv50e4
nkhagay--5Q
CxFismWNbSM
3JCOlAqoaTw
kKeSP3gDkLM
sridkV5-M70
MAUk0m-C6kw
7gAV2-c0ATM
4GAm05WGaV4
SR-tzgU07XY
1JoUapRfjZw
S3EFYR1VnV8
QC2IxWWx3Ao
4_QEBcv-2Rg
-_i8VVqajAY
EoQPg33alpE
Vj5EOc96b9c
hKJrmdQ3TWU
xa-XRp36nEM
EjTmlNwLoEQ
e1p1COIcV4I
26fWasuPCqE
jzR8mjxX7i8
eplDzcx654Q
8jWT2DzKgR8
OFBd29gVEoA
9H2wPPeUYTA
Jd0d3_PFKvA
9pf7J9WIGco
bz49gBYjVuo
WlGyoH-Z62M
oCIsZAF-aOQ
QlpcUUPSpcY
-nsDBwy5Oog
tuB8jbb8eYw
xKAIwwJMaGA
hQRcTlpKZzo
aIayxdrX17g
1fbYM-tclq8
CAFpH6Db-P4
QyoZuxHhvvE
0BbHW3H_xmo
KHEF112xEeY
94pv467RKDc
vHFgpD3ZlCE
SrKqbwoiOxk
e5d7PdAilTc
dxQfMcnl6DY
9vJctLqHnD8
GW7_ac5uxWI
tx8OPV5ixN8
gvycpS33LZ4
smwCtmwJxTY
yp8bWQH0J_k
utSm-xIB6SQ
dJdyRq4e210
O3q5K4Zvk2c
qMbK6rc2TSE
KNZfRpe2Z2M
v7WIhgYH-1s
1X4AfIh-gaA
3VMPOD82h8A
XpyuslOwZSA
N6xIUBzgWVw
nZSYthFCzF0
CJolaElbjXc
m-PwGZo5X9o
SVmTKW8oIaQ
_wyawLKD_94
kYNEfqbgEVw
4TQys96J3rY
XAKL7Bx-W4I
XT3r1vBRvYk
HY6tjKMQUhI
VDHUaFQRt7Q
IkR8eqQg08U
XwaDj626yPE
_u7SxjM0DhA
T9PIf1rkrmo
q6iEc7dvq2M
WpfDobvLizA
hYKVTX9ngcU
jSJlEazoQlQ
040ckPcvGYw
D6mHxyLguhQ
B4yU-Ay7h30
jSJlEazoQlQ
DGuKw0tahBI
mV0R9R7aido
mbuIWYeRXtg
fy7Y5W9n_Ao
itNHgBOk95A
giIGFkVtI5Q
ipi-5mCR4nc
rRlmPvuK_SA
JXTiGn_oscw
kVpXFLnSYis
jfbGOh26Lnk
_kqxPWZYbkE
MTEYTDq6Xi0
myUoi_xWeiY
TLyx1yoCUnk
6NxkwkHB8kA
3sTVFYJ7Vf4
dljQmMaRP6A
UTDqOXqS7tI
4erWCSGe1tM
Kvy6OJFvHFg
hE7NADlJpnI
sGQQpfe09Mk
1Qaxd3H04pc
gK_PTWNZsD4
pxr2cZZ48go
AqJFV3ay9ho
9Q5xafNdLto
hQLU9u1rds0
4v8hcoOeBMg
WqGZE2PKUq4
4m_mGrijy6w
nJ6Zh9jKWKE
IkoV3l4C_Bo
qXaGDnyIjKE
IqY9Lr9NiuQ
MpYmjCUiRuw
hwhJqWQWnGE
27A6IZoWVdE
5gsxLjX_gLU
khrUiLuRWOI
fDVAOx5Xy48
BJ5FcKTqWh0
IpqnNaJS3ws
eOxVuRJJous
3vFnLwgoCwI
aZ9L6yk3tKw
_t5nVccqtDI
y7ESq_O3Odw
47EPlOBYC3c
bANPXjN9mOA
vOvCxn9VFB4
Pj7mWE1R5xw
o7NmmtZgbqs
XiP7r8eB4CA
7yYT9u2T0oo
5eQ3MWz4yrI
zHH5N4IuZ5w
mqKh6IGXCv4
mafUBRR9dIY
F2IfEUwbSKg
dD-eQ8Poc-k
xgtz4RuH7II
8FJSheXX4mc
C3fP4InIO1g
2J3DLFMsGaE
qG_v8gXPLzI
w5XzhOvjErA
Rd_QCOUvtb0
ZtiByKumpw8
JsZpMeKaSv8
fUu-QlxMhyo
lyES8FZilP0
qegoqZsadwg
_SHJcN89dqU
60ljZpyDKRo
tWHqIhbYBas
tIGacjMo6fc
i8qKxztIsOw
M4x8G9Xhex4
QN5SWxUMaXM
07TJh0gIhGg
1nqVpboOQu8
omj1lAZWhwA
vBC5fta6qYI
XB53yPbcmjI
vO59aGYSKrI
XVLsBulVX7c
g5jjVNpbDLU
ET7pi1-EMO4
1Ntw4_sP7O4
2GX_40gVnQ8
YYgA9E7TLIE
Y12orf8CtVw
aSLakVfntwI
VPfPMGSkeJ4
hOPgyxxbV14
n4SN5VqHfcM
J2CmP0cT_aU
tW5j8GzWMCA
6AH7q1JMnsk
y5i3jBhxI4Q
sghyDCzIqMk
-WXK-zukbuA
bska_K2f4lA
heHX5eoZ0Co
5TXs7geRdZc
0iWVH4MqsHc
r7J5pcsxYa8
zw-06Gzl9Ak
P6jIeXjadnM
YVOOUtAV3lA
ZAC512Zm9JI
xJHLcnDek-U
Tf4HbfQg15E
lrytz6EIi58
t2N2QGStA10
0TuRrAgP0yk
94YATB0dVlA
uXVj0C48s4Y
0v9UC0gRIc0
TzJCWXzJj0k
IzyTZQFlSak
vZlOkCnYG5Y
FRVrvpJOztw
47byFN-Yfts
0CpyF9rLs1A
-nBjaY3LHiM
VfCyjOrg3Jk
sdAiuCCDsPA
4-CHUk1GF8k
NB_zt96UiUY
iAQWqq8JPBw
BXhrrbQCElw
-TN1r25wAoI
FAYs46icCFs
mVJp8VuqSYw
QvIfOt8Ft90
IdNuW_2t24A
YTv5KhUtbx0
KbhfimZ2Fns
kqKKbF5mJJM
zxLLIedO2RI
tTVoximfT2E
oK25HUQ63xM
y0mQwqFMAgY
wmn8qaX8qZg
CvKiDVKQKSk
XVWm45XKv6s
qf0gLjfd_RY
76bed_aafkQ
bYL8kgIBjvg
JZuAa9IYTGM
zE9jL9BbMp8
5qFOuLyb7K8
yhwc9UnNHHY
yvMDR-p1Bek
nM5BbJveENY
PPbVFrLrI34
9JGzObZCxo8
dR917nXLEHU
DCPQK7OdhUY
STxwphpJjlQ
pVpR0f9mNIs
VJ6cmE9LccA
P6PRSZPoxGE
Ku4-gYuNydQ
FWdIYdfjuaM
yuGqzLCqooI
300pbFlcHRE
I2jo719D3Zw
zu8fSi9dpII
DaxACGOWkhw
Ws7rkEnFD1Y
8f9g3T8fVGU
gmjU42ONHxo
NNbqu-snJZk
y0Yh5WLTG1U
YOP5C0QF4lc
zjrhq-6v07k
-9KvXb7iAeY
LQn3bkD5TEM
iQenmlem5ds
TueetGAhbF4
8U8I-UI4uCw
RSh8v_2Mzj4
hfy7M93H26Q
592Nudg-9zA
3C_FJOwZmq4
pwmqr3oo0Ms
5tSsQls1d8A
WOhQdH1itL8
QqJSUXPezTw
AhlUn3IGKso
v6V22gwqxeY
c6v9xc233sA
3C_FJOwZmq4
WxMEO0bmvlE
8vP1RT2mKC8
zQGpSFDOKC0
wuo3Nmknxyw
HQbJpTK6ePQ
BQ5vIApvMVs
nzKXNu1D1xI
qhI61bEDV1k
jIL6lyBkgA8
9uwGLQQliv8
kWObqfKQHCc
2roP3CyST2w
9ddgV5dGfwk
eByXUDBlIwM
B3eGuYZImC4
zGrcHFIqtN8
IdGSyWJ7fpk
PQQEgDvXIfI
S3eofoB-axs
F5rg4fmzlaE
JLyFizlkAXs
bINLU-wWQmE
QymKG8mXm6g
1o5WHp03deM
YBQFbCc4pHU
brkeOhwQIqM
ZxnIEj_Q3BM
B6cj2KKxKc4
BLIfOAisA84
0TpbMemNx7w
H9wS9hQMnyc
HYSGTuAOvSo
O1MxF4nxPY0
9QWPTwRJqxw
0Y1Ho6DilEE
WzqZe21jpok
V0d4TH7uTVI
rstCeCjL6dA
KwyZrum6QBo
Z8HHYhINtNs
blX2YHdqUJA
GTu9V5BZ23g
AMPLjcjpigE
fgeYxARuvPw
qEau3QjI5uA
ZSe0pUEcn7o
_C3tJGnf-Ts
JIs8HEJO0lE
1TdEbu7kM_Q
dlt9uCAdk6E
CJU156Czz3c
3m3VBncDT_Y
8O91psfnNMU
3Qyd2ai0krI
QgIxFVa8mGM
VAPGFDV06mA
pIDxdztqhZU
WKflYjpVAb0
nWE34Ce-aiM
dXS93IXuGN8
-qlFjrgGqVA
kmrVBsAj_wg
WKBQNGm8qIs
LxCTa6DGndU
a6WymrxCE4s
rIIxTQJ6PMw
DgY84cxolJU
XZHwdVQ1ujs
ponkB1gunNU
tz-L2Ll85rM
-geLLMJF_ME
5nqaPAqOmKQ
edCf2d7LCHg
5FpcDXhUtho
K-eacl_auVc
aRqfYBqPEQs
FKBJvIrLWwI
kTKHgxyH9tA
-E0ObYnPI6o
k-Rg2uYMNd4
f-KtX9OPtsQ
kcPOoyb6b4o
sFPtHUd-qqo
gWX0crzsvAo
dP6YxohKN28
YI0qWiwFZLs
v3rYFBU9JSs
2nLhsFmsqyY
d1FeQdqEVhA
dJhy8qsXgLA
woaG6LDD_SA
oIGbBGMW_40
22q7P6RIflk
65qlTcJ87Q8
8lyZk1Pcp48
rMGzOZYX-34
WBpaMME9npo
6GERuX8OqeM
Ry8cy07rkA4
VywkTemIGnA
XA5KTkCGTWo
qLX8rV4uo14
aE_nZCO9mKk
7BXCx8oNvoo
sbADCZ7s6s8
L1ghYW3pQ90
3iBAtsLi1sw
qMkbk5kOCvM
yQaG7tEZ6PQ
kbJA6L-_dFs
iF_HyLwlLdY
Z5EIOkkSUjg
MXKs6s_o564
AXgR0EyQkWg
be0wtcZ4APU
qfr6BgWDqQ0
iwq3qC4ILjg
BGYy3S1ea_s
kgrnWS6BI0w
RbhcgBD4qhM
M6RMsgAc47U
231XchiCxjY
NevvDrXCwXo
k1Y7ixgZTyg
50sM_OYb7OE
ULN68EoQsc4
AQOtwkKZI0E
rjbb1V9bCVY
2z_qyotnJdM
OMsH_xESoBw
qEddZKEw3SI
4hGAWNCFarI
pXGZyW_Zku0
QZe5MBkO5bY
sXamYQRe6oY
Dc4izG4oRPQ
aSwvXnOKNzc
DPDfzFMscZU
WsA5h4AZ0BQ
UFpgiG4D8EQ
nZl-q3ULcSo
AQ3wN8pKO1c
QTatW9rslrA
OkxKqFHxBE8
youZNAqSMtc
mBwjKBXKHeY
Ev1kOxH1d4M
vUM32Tx8S_Q
PGS7unca-ZQ
Da40g1Y9zn8
YH24oDlMzUM
GTVUvuk6Fj4
Ah8kDqCtX8o
bD7y_jgAHhA
oRA06xlzOq0
_cPvjhfikRw
oxPjljE8tQU
KELEd2exTOo
_xIIyXP9Vac
l8L9VC1WdEc
9na3h-eJCFY
2EfJ7kmxxaI
k8gb1no94_c
0pTX2-iXm5g
BWgdlJ-FumI
fgn5HKzfgRY
RDYMObhwDl8
DLt86KoBsvE
oqSwBAnYTXk
o0lmUurZeeo
HU2jOgYxaNs
vASULaUWCHg
T5KgIyOx6Vk
BxL9hUrSFgU
5RjiZ0S5z1w
QXU6p_riNp8
eo-LTeeshEk
oxgE7SXEdks
2tTTgFRQbhI
Oz5rm2fWW6M
gudi0AWsqVI
KkRpZeHiuU8
ZwO2Oi4QZbQ
acTw8IaFhII
ZWvSs6GH8WI
zYxar0ZKUVo
jdZRhvLcVaY
Fw9yoyVRFkM
RTU2BDQzZtY
wSGiq8wWtiY
t1o-ycuEOhg
-5cu9k2feVs
hFkHD9pFNo0
PI9zJmRfSiA
bRpy68Vzggc
Mh_0TXwJA64
Kc1GkVS0KS0
NzjX0VdDSck
ZDXKbIy8Fl8
KkRpZeHiuU8
bckJ-r3odnA
ac8MNQOYRf8
mmprSkONylE
T30hl_75GtA
k6oOdX0mnW0
CKGdCifFBs8
lOXeQU9qpN8
ilix9h61ROU
nGM_stH07-Q
0xLCFOtvAfc
1g8TPZSbSgg
oWmwHe-rS8k
KAaBQONA2qs
nOK7nP9qH48
l9d_PxXrsyo
AluTvl8M4Us
-ldqSeEWZIc
9X6uq9gUofY
cYutT1lWotM
84XnJd1t9Ak
_Uf4STaKwtU
1ve4Gf6DMn8
bIYKCHPe5n8
pbRKTC9Fxsg
RmZzJsZ8UVE
cBIYR5leusw
VCe-3OZCZk0
x-vYirv3r8Q
CzWwhvwoAMc
7Wu9JzQibBs
FNomninlgsE
-R2BMEfQGjU
YrK7XLi6LAM
Qy5lnwe3Zqc
5qBAr9nDyuo
g4sJj888Qnc
cBa4Z9OjVfc
KK8_33O_L8s
gQrbrJDvT54
h5I0YwUMWBU
1_JNRhjFvA4
gQYNNCuqPxk
Fkcx89jnDvE
n1T4v4CqYTQ
Lgf2ro4m-hw
uilkAfWBd_w
-kW4OxUpAZM
_2x1y_iLqOE
ziOHvMyhjmU
hmSqOnR8ucE
IYC-XJswzgw
rEKQhSOPF2c
IFNaIPtMbYI
Kq0rHTo_fZ4
WBDjESr837s
dt-mk3SzPHM
U0bCOzaX-eQ
ALJCGdYr20Y
Tyq0MpGoVAs
YN2j3KxMQzI
HL6HqWCgknQ
nYli1xbsjKM
qfwpuLv0gpE
4Yl4flComUU
qarLoXOWnts
Se3bDYdztfo
R2Jb4asM_As
ROSQK0bLp_Q
vynCQpLt1Hc
KfAtxJt00zg
AiUagzDnQX0
B08cVofdRMc
hF8_Gwm0CQw
Z8JYx8053x4
Y2IfV9DNXac
gFDEWQdv8o8
NI6KEzsb26U
AtPOALWmNOg
LzIwfyJYFUw
X3h-IfCJ85w
J4vbdiDETsE
W5glYC_topE
Vl9ShUaVVco
9M1t3aOtCAM
ONKFZknQ7t0
P2tj0eqkuAo
omM0RohX6G8
ECCX06hRujY
TNiTHWiNu9c
MxKlHD_1p20
wOWMjskmcrc
Cc24Hcf8lhE
jtxPphrYxjw
vk2XorfOUqg
e1sA5ZBm4AE
1TNB6Iaucko
wiumsw-0OsQ
waQbCqdciO0
xFtrkao7VIs
1TNB6Iaucko
2dRbZdx28KM
EU3yVbDpA_4
YVqT-HRSoxI
nYARmlisUv8
mFNxXfwlP3A
gQwgTPXph3c
2YgUV5qEeLw
f6I_f93O8dg
SsPmiFjh0dc
8sCHQ_wzybI
Jk64HY7QLpg
zPvaVLNrvrc
QkBiYIB7F5A
6f_PdZxaHpU
WakpunDsXD4
zf14ounSWks
p1m9p2uomE8
7OaD_ACer_g
VmFsZIgXPP8
iEU_NOKCdTw
xLlBHUiqfIU
wV8fYgjV7Ek
M7Djf8AkU6g
RilpJK6cnvk
e55WYb0Cohg
3WDwDD1Gi4w
IWCzaMQBezE
n1OU03_5elA
O6YaEUQRaJE
PRtNuHNwu-s
5LZ9Gen6GHs
Qo-Z3-xCP5U
DlSCq1Xpijk
WP2_fGKHExk
2I3XJndtxnc
UfyWAx0VNhw
JqqD4GCXvuU
yUyre6sLSxY
a99ZHfsFiKk
MAetnsjO6Jg
iT-V4JaMa00
3s9xAovjagc
0FXFi62huJM
2Y3fL6XWGpQ
2wYBCKeS42k
CuhIAvKhOb0
ulzOPnXZoFA
vh29kMbdsno
4Ep2LKDKzrg
kdqFmHVhdpk
pYm2y00e-HM
btmqT0xVILo
CjvnJdkZXb4
zvU06XfCTVc
1x-4msTKLtc
X_AuQmKsMq4
-k_DW8P2GzU
BISUe-p62Rc
COZHQVotEzA
SPOty-xNsXs
iuzMYHl9_pg
vgnX6bNaijc
6yAi7sHPHEM
keO8yJAbfhg
q5s0ynBRg6o
gXv0QIKdauE
hGWd9U3XYmA
SeXT99-SQnA
Ug3mzmTpZk4
FChRKLIO1u8
sPe-EPNqh6U
PupF3iBI0dM
_oI0jVN4TTI
W_2-_A1T6Ys
lMDlufiaylY
bZgiK4zMXz8
7yU9G4vWjeY
uymNIuAoIQc
DZTbkPk-5x4
jGurE-BGfNk
0KZYM0z6X3E
x2d9ufB4O_s
cQv1-ZbnJys
3rf-KpVgus8
HEDX8YHCadU
vO86DoCJ970
Zcfwy5Xq9wc
FDc1NyRwE7o
w-gZwsC3054
UUf8XY2NI54
OehvY94N-WA
G_LbtxDvAyQ
BTvGPvrDTXo
uTCBSfH0Sf8
dxribihEaQI
LK-YkZXo7GQ
Ol8goFT_AwA
neh2sVNTQ54
bhKwyK19FFk
wYWUdCmNyDE
px_67jKvT68
wRwhc7dOiwA
_6B9Nd7Qhew
I98K5LPIdB4
NMgOMzcsAFs
KfGjjtD3gDE
_9iEhhEkL6U
uVPSkgKZA24
nqbkl4j7NPg
ml8_CN4jTd4
gkM18B0ailU
ugVf3dWEGNk
4jhyJeV1RAA
njuGUb5izUo
Jd2RKOqmmUs
mJsk8DX1BZM
TxGiEqtLtkY
M8HekexIUy8
AoXkUmmAetM
CwBvlnTkxVQ
xpm32zJdvdk
NGlyYESu6Oo
sQGEM0kdgsI
WFFZHBhQwOo
bzP8ykQgkZw
wDJjjJPUbPE
GTiaF-F3Qj4
S1omj870pyk
ORSuOg9Why8
60PtIQ54ZnA
0hbj8E_XU8E
xJ0r0LHDY1I
jcDPdB4H4OA
TjAwkq_vwGU
EhQqupgfL7s
kT791AMOKxA
sSugt-dtKPQ
o6YotMaANBQ
Xvp3E-dmWsk
mi9gRNWnJSc
m30JfptJimE
uQm3IkbH1I8
KRBMk6Ev5Rc
t9qYvJF7qx0
_iBqqYK-t2w
d2jKbacDf90
aV7GvQImfOg
7wfN4dgc86U
P36e80sWcPw
GJyyc4BXA80
cl1FJBMt8f8
7fS_5rxlEPU
YcwbX_-q0RY
mDlPhExR664
GdEA_0zbR5g
U1U1sJf0ad0
WsaDq_k3QPI
lV5W_tSVz4I
rEZePZcotF4
UMwa12ic5_c
d6bhNQ_BV3E
OYEHonYUvD4
uNzN3pLIbL0
Su7bl26tHhU
Hm0LNZglEMc
Jm8KW9pGDwY
E6qXTa3Cs7s
MD9huG8AUlw
C9fsyVLn6G4
Sag6GVrZDKQ
8x64EyEvLMw
Zok_O2FHlOo
7AldCaxEwAw
8TQtWv7V0iU
Ng8xS5k6QPc
DBI1TLnauDY
DId7dmASwcU
y9VQ7ms5za0
2CNI0oZUI9s
Gweo_ipsYLg
k2ZZBUOItdo
i10enmz4Mbs
L3_sLvBaSx0
lxrB7fqaIvk
b-4lirM0czg
_u1Hu0eRi6Y
dyRWw-j7MsE
IMILUTELQC8
C_UJDsPG5EI
hJj93Jjl6I0
kTh-TVca49s
vI5sEbHf5bo
F_ihG4i7JRI
0_9rJvIjliE
paGpIOpRMGU
XV9buFcMdEI
vdtcnZ4ekhU
WRTlf2msHIw
KvttIukZEtM
SmIarTq7bk4
tiHom41qba8
8fFyCWEdjNY
5TGMIV64vI0
3BhxO4eL3wE
xYfS9_A7Jsw
S0GKSy8CmPY
3sTPwtzVMrQ
Rq51neuXjSc
uEc9aIk3FMM
DVyDgvqb-a0
2MubekP6-TM
a1mZJ2ORUaY
t7UdtMPxjsw
NqDvIVaT9ro
lHxjwX2X4hk
ChZv9H1u-9s
LIlfaO3VQdo
oTwkUFfUUrg
DeaKKdYksNk
ImnVO7MtXkY
HQlro1ZkD6Q
6r4KuF9lF8s
LK40a7198ME
N-BoGuCVU1M
bYCkKarT9pE
T83RGbskmhk
9Gu6gAXROiQ
HxBB-PYvMQc
PkOS9Lfl2sw
6F7f7h4467I
wq0hefklvWs
EGo5VRoutx4
xSSIBGjNBQs
wI2RjsVSuKM
zLMTcyRr5xg
cERG_du-TTw
nBNjqVbnrYo
DXTi9utxNOg
yvyHf3uiQTI
EspbnGiKE3E
QGEqIekGW-U
5SSg4j1Izp4
j9rUti_nTcw
ZcyFlmHAPgM
IHkFZOND3-4
c5DtxYq7Opg
Y5sOK73dN3k
76G32ZbFeBc
nwshizRXk2Y
pCeU1-fLBAY
3e4IxBSRhrU
gjCQXRDiuN0
IxvhJ-07z1A
M8FCl8xd0uU
020I8L6ROpc
AvjOkXXDty4
hr68jLXmq4M
bE66_Uf2Oyw
i6RutDwO3XU
fKVWpN6bf3Q
Ee7XJuHhSoI
Z_VC4Ya6i1I
Q-4Y4e-_X3s
1y59we5iu-I
Er7ZDVgYl5Q
fOvOP2WEgV0
XcQ-x6k3HFs
ZE94nNB2WOc
Kcs2Zl3N_AQ
wCFb2vut90s
u6V5GQWKb0U
IXeDUuDn04w
nLCqBSdheB8
hSleb7IieiM
4OdP3IADUVc
4oIBVbCxCDo
4oFWjUF86-s
PLd0c6t0c8Y
DWzPd7EWVSI
XDc4sLlWwzM
FIh6r62dNLs
16YiLqftppo
puLnewDM9ho
ItDVS79x6nE
QlmYqgFmKC8
ehoMLpRo84k
P8TC4hQ3hq8
zJ8u2JcHLpQ
5ccmRF_-nh8
zLMephdISTw
tyaTfmgWTHI
O6BoNLW_1XE
-upANcoCFKA
unED4NYMcLM
nPm2Z2-YVBM
PNzWeXB4Gas
0qMOdMQiQRA
a7H6UFvZN-E
quc9AQtTcbM
uVMTWaqtL4o
Pd6iaim7vW0
IhQcK4PsStk
nFrYXr8JYgU
hN8r0WYrOvQ
YpL1uKBgTjY
3TTYAx0WaOs
9xkO52rraaA
tXuFTuKB8nQ
iX_etQkPPSo
sLD0YRNu36A
RzLRVHYbPRU
POPLVNe4PmI
uSqwdVguhQw
-owPGKofDJY
ckFpJ_dz-1s
IoBEVF9JhPg
bzHu2LUWas0
xh8RVke6-4w
mlUu2p8LKGo
h-uIytwtnaI
kyE75UsH_jU
OBWMLiwRW_c
2Xd_jO9Z1C8
lqKqZFQ4lHg
kUEZtXTDl0Y
n46dSmzgz0g
mISqvJKzr5M
ScNsqu17jPI
g5BW2066-68
C8d9DDck8yc
UAI5Vh8g3eU
loALtxHS0js
ilrVa5p2fIE
97-_M8WbqNs
lJxrs0v-3b0
uYdhH7o7pl4
dxnL2XEJDUM
N__MzE2cTCo
rzSAoVieTrQ
hTHQh-2NfFc
5EwBEYnU-OU
Q2u_MXt_8zs
zSEOuQoO02o
BTDCkMxOJlg
lk3N-CYerZA
HOkgllPFcAU
TX8at5wtD6k
xS_WK-J9WNk
PB8ZVVScSow
Str3uM8PTAg
nIimu0LF4JA
cevVb-kuoTA
Oqh2EL9-NeE
Dzra6laf-gs
Zj0Bpt3GAKg
OxNZ1RtZOfM
Pz9H_leU7tE
2IN486JYkt8
d56I_BQrOgU
CMkWsFucmbw
z-hiDaUYEfA
CKoQeFisPBE
xZvbmjgiL0g
4DB8QZA5tu4
ZYroHwHnjDo
mI2DW-ZXemY
2EPZoSdP7YY
3dsAsRbO4v0
zq6P6IwGVnI
9apQpytlkv0
GQQCvsxHtJo
2szKPdStNjw
SJSACj4xgrg
Rg9-6u9-kT4
WItCtIlcgtg
YtcFU0kC17o
FOQKMiD5QJI
ZozSwuKBOII
wVcugY2ncYA
jBzMp-pnfcA
I_iXw2TB1Vo
Gk2EjkCkgF0
SqHBELR8fyg
h24FmEr8n38
E9OMywZEF6A
moJjKqkn_Xs
VZFsHT2Pw3I
XBc7MkP8Z9Y
6CzgPG736Ew
d_50ItLo7jk
Lsuo16VkTnE
JtPJwnI9P0E
-A4uq6DF8gk
Vuge1JvrOIM
GziQp8LST1o
4HVMwwDToqk
FF6HDact6pU
m7OJ2OF9-gI
TozWPalLqkk
qGiFRkHOKKI
hwnQAmprwM8
4HVMwwDToqk
ucb77JBo8-A
QZ9aUQzcsiE
9FPN1cSf540
DR-fZc3eb_c
_75cXaAdn2Q
GWi17GYIspo
7PWVuRlBLuc
TI2RFiYHHvc
4Dop90xHTBw
tq9_UAcKq3M
gFjU_fW-dSw
Px4cPMMn2HU
JlL8m8Grzws
PCjGAl-qEMI
x1P52U7buZg
OrCuiUDkQnE
LJhvFHnNTpQ
zWoU-Ny7DsU
8Um9IzbZ9w8
UTmmV-34wfE
6s55nFA0QtQ
GsSPiV7pOsA
J8y6bLu8ECM
82JcXCmhNYQ
vnlIgp1W6ZY
ifBUS0nznX4
fdAMLryoVZQ
I_AhSpssS4s
nnVOTwBZWR4
T9NeNJSZf70
tMfCYpnFgs0
Foirj8MAs9M
_49R_J8Zpaw
9KkXZmD6y30
kpmPjdnAUGo
Rc2sAlgG1e4
JtOPdR_h6ZM
9RuS-L9BZ2c
BuudalWxPlw
VgwdR1ShaoI
xIvaKcGpJzU
AD8eJwDQRqs
vRrI1o7AXwY
GjSNzHSjygo
r-j2pCHWw1s
B6a_-f64CzE
QxtEJFGeJaA
pP88J_nzanE
BscDgG8MTfg
8gtQiXlOiac
ngGNRh1JzaA
8Mi4GgkPOhU
ak1OSJ6p72E
vh-uamOszTc
YvOiSbEj8hQ
HZ32HIh-bpc
rz4Wet5H_hU
GP-HbjCYru4
5yiPZNsW8fI
jAJRWvkx5n8
z9xzOy_nDGg
cIm-7cmQwmw
Uf8-L3i1eF0
0tpHxYAsKoo
TIPSdNX_Byk
YHVKiddYF7A
OWQtnItarNg
O21w9zBFLz4
2yQvStVUnK4
HdwbZEUMbMc
XQkTQXKgeas
EHJW7JrQSJY
Xiol8M84Iq0
s5762_cQI2s
hUH_jebGnDg
6zmcUX0vK3s
esSq4oFvx5o
-Htys9-nwGE
lAfO_I3LL24
ujeHLum9lT4
2HnAtY1NHQ4
nXrT7EBMHi8
VCH3iKhzrJw
ggEtqy_KLmc
RBM1qgnTz4s
eAcS-utggi0
74uopiWhPJw
M3-9SyCe_KM
wD5XWLTZOOU
8ZPGrCw9x9Q
XfCspB8_4tw
ftuw-kZ8fac
UoCzghdKC9U
eRNzuYoefG8
LH0e2WTTLLA
6jDo_Iu8-OU
ch2ZPtkO9pU
c7q9ahuN3-U
62VA7PS3UK0
vv1JgmG54e4
RFbS02ahqzs
Xc6oEaLWl8Q
VUfVjfOFEbQ
FPKovjpJ6Xg
BecTj8nwpmQ
rjPxgaoMr1Q
2j3o8T4axCI
p4U6npWPBwE
OZQGlvnrUf0
3ZRQtLulNv8
5G_jCu5Aaoo
LLL7t3tF7z8
XGPSRECAn1c
3ibm7VZqEXs
3H4hydmLxDQ
80O4F2AzLNQ
tXQNJb1fk1Y
_LoMvlJRJkg
9XvPaHTLLZM
bCcG_22Mrf4
GAKQ2rYlwrU
hqwz7SitGcw
2B81WGxBxLw
xM87FYJNu1c
7sBET7VUE-g
TQKGR7VS7E8
Gdd0LYGlHpQ
c7Rix1NmYmA
Ldpr-ag8dK4
fQuIwdl64GM
ERlE-ukbSMg
6Oy3-VGiWRM
7Cli0RJQiPc
cJUKn2tHPgw
7CSzZSfPFKs
dW4KcA8P9dQ
IcSzbZwaesQ
Qf_Glmr1A5Y
q5Y5CcV2jmE
QeKFV1uRSTU
KSfdldHVwdc
4ODEbE4SYuE
fWPr58UWmOc
Ckt14vFgMQA
NHCDrgjvIoA
WkO76xRQ_Vk
-P0qT3XDd3U
jP2XXFiv0cA
9XyQucDufwk
9it3jcrzX40
czYTlwrl_f0
SlnOxHhypDg
Y99bE-OG9r8
C_Kh7nxd23g
aYNzxM4s38c
Me91uQ0WC44
lJUJAywBfis
NzUuSZ5u6cM
5Wk7FvwFAQE
eegaHp-ebw4
p0x6pj3TC8g
cX-_6vhctUc
MlXITjn0Ngo
-nlzhOouA2Q
8pHlOXiata8
UgPMy4nAxso
If0qk34cK9g
YD-7sTyeZvc
aAH0ObtkZ1E
ERUlybz19H4
2bZ9rd3bCaA
urlp-6VziJU
siUWfco-5uQ
E5pGkrxAllA
BHZQ5vQw6I8
gVam9QxIUbM
BPb9dHcns9c
j7c53nwcAIk
ESmOw2D4o0w
Ojg_YNAFw-E
sCOPqeFcQaQ
e9D805tTsaU
9LHoxkzLpcY
xQBPgq06z30
8L3B4qgDXtg
4T61rAEnND0
pn4J_p8LjjQ
9ASo8xFEzNQ
y9G8ORsTCVI
peyK82tkgyg
BHHeuiWg83Q
AnzhsfV7mZI
xEHpDzoA784
IA1tCpuSoTw
hzMaR0fspdk
0eFD9aaG14s
G-LBSqm3xh4
U_qufZf9iKo
z9YQNpzxGsw
pOk_jq6NeRU
kCPnE_dlBKo
RQxjVS4GavY
yjLP-EMt9BA
KYJdekjiAog
LygIVdxNrEA
U4R2J6FaKOs
NRzEfxD0EW0
12kXsu35PWA
hRqvIyOkkOk
zqO6rx9Ep2E
co1uxOFJ8Mc
A7o0IwvpySk
JjKo6q8Juwo
6npOuuCtvwA
H22LuRHdLPY
ZcivAjfFu7g
j1ZD2y4qGrQ
Z5No3_jLgXQ
l1CaDofl-9c
qGtAQqjr8nk
tww4NYu65RQ
m3vgFx4Zxls
U9UNoJWJnqk
V4XIMv1q_v0
pOg9CUuhl_o
jiwo8Otpw8M
oc3YJ0LRcqc
uBeJ3mghlzU
sDM8K9jrUZ0
bBxE-1zURWk
zVO88-jYaVI
ea38L_4ZSts
QsBcIrwX-e0
jQrkioHOJLs
GWmZ69BAC3g
v_MAqjCZjQc
sK7670vK17M
VoIdqy-Bt7s
hnA1Vmnw6CA
XB5GfrQaML8
Mcd4wNbJSGo
Sttow58_JEQ
vBfwsLpKTyE
_fwxfA6tm34
6a5OEDbziis
xeBfgymGpiQ
1PMVh61Hfvc
EfGuOJQDnMw
VC2cRvw73WQ
hMLpxJVkPWU
clC37tGMiXc
1RvJsMVX_-g
mcIiy3MOUyA
F5Uxy9NGGEs
l2wIsYi0FMU
ZeVwgrjtG5c
kfKxq1tjvHA
zLP2gWZuYGQ
tu77CvR06UM
Jm6y-GmqZaY
ZhQ0OvwgGio
GdAILqOZ-4M
XWwEqIWs85E
wyUQvwNIiO8
uIyaZ4Su76I
2FvK03pzU2k
ffwtASwhkzA
lSEvjIFtoGY
z7ah8pVpIlM
uQz1w7cz4a0
JQqPKWnHVYU
vczFjrynwN4
LLgXDg6G0Js
JqM4I4TSwHc
p4k9RQyH-4A
6owHcAD2R4U
YaDvCBnuUqg
294XYiCxP3M
P_3Tvj1o17M
EgGgX3znCy0
bq03uz-TwU4
Hrj-iFlPTn0
3iUVq3se2so
Wd-SC_45clM
b-dQZg9khNw
mdZwybJF8Uc
FJYIbER3V3I
x7eVJWuVuFk
Pjp8eyfNqnQ
mAJWyRIDDVQ
xuJTzCZ23d8
lFE-G11IRNs
1eOJ9doYtN0
ZGOr99bqNuE
b_YtsF02viM
X0TKYxAYGGA
6MruUfjpgFQ
yRQHX_yAUlI
J85EWN-nB4U
Dh7x-BVhEjI
bvBeQGbaj0E
UXgaWlnwMBM
jPfYjOMNGX0
Vc7mr76jSec
X0TKYxAYGGA
yWXGumZviSw
I_HzZiXREAM
bkFzj82Fwc0
Bx_JYRB4Ifs
8znMy5CkKs0
B-l4r5vSYpo
D2k0WiQlWEE
Jrw5Ix7hNCE
DkNHdin3An4
5L_xVRVr6y0
3RAVPmwo2Rk
vhsW-N7fTho
BwsU7nafC_g
ZN-g5Fr4f2I
FnS48TiBha8
DxcdnJLIzrI
L5JWo4LUPU0
U_nvG5lhLtk
Z_EcnJeNUp8
RQMakOVhGXg
UZhZgI7DiaY
e1NHqPDzqoU
ciNFzhEOTdE
aMEefEad4NI
as2pT_2lqb0
0i7shPhitIU
NswLb-3D-O8
ioqQFL_iSE4
fHkVmfsOP7U
jGp8WnOy_IA
37kBx0WezhY
ZkNRpFkyWzA
RryNQT0aUXc
XKKp6D73sSo
UWPdokxwT9E
DeqSp5-SpgE
MVRYunsARZ0
nXDzvIrLqWU
FSwysf1ZHHI
isseiH9Q9Bg
3tWCt69DmoY
_g9k5aynpzA
U4BfXYuctwg
-KgoPIbvhg8
ixoWlwu3emQ
4n8FGWLNtYA
ltzyUXR2bJ8
BgckHmsghmc
3yTWnW8t73w
muJavq3XP9w
6uxlqbuxYXc
heplhfWXC3c
xmd5ZqPM7EM
56Ccz56LI48
aScWvq8vAyU
-1UagOzXC8o
9pP-A0cLx4E
v0XeLs1bu68
LJLGIyne8-k
9PLlTCn1XSo
u_9Yqbd9y6w
3T9an6ZWy00
d41o1uBmiX8
vElxB2ZU9W0
SVUPVW227Rc
1ZN1BjFuRWg
ZOtpygCF-Xs
jxbTukDGWI0
wyqXQ3uA4mc
WnGPsIVB9yQ
pbFEgr2kRzw
vyciEjLtiCM
_Izqz8aKqvw
H4c8L3vUH6Y
ySsJUr1sMU8
WRi-HX_zWqU
0e-t0SLoWlI
flof7GqBJq0
3KoUR2KuwjQ
chofpdwELg4
ZawePaGkn-M
Qt1PCP7oeNI
cecuiyOh6hg
qfVlbla6HJ0
tJ0y8NuJhkM
Z3QI5PnmesY
79lxJxUMpzQ
nPR1M_vSFfw
qYjajYLTqNs
wsS1ulVmfhU
d4KcRMTKImQ
PoF0wNVs7nc
QcnAhhGDY20
76nbbRtaF-Q
D9U0fRYrHyw
a4XSB7CPl_M
agf0mTRJOvw
dKYHPG-aMSs
382M7AxK6eU
g8RelTYeWXE
Hni5QyiTjIs
6mS75xJ9g7o
VU5ygA_oQbQ
cUruflVy8Vc
-ddD2NKNwzs
EmiNcxbpFnI
spE6D3Dpzb8
z8gc3fTG9zI
zLKNq80GHI8
0lzGmWbK-u4
A4B3aNKVspM
8p776tJ8DUc
X2wpavJjqzc
0HJJJwqtD-o
OFqgxKZ7KiQ
xaCnPX459KM
ToEmt6zeJag
kbNx2K1ttLQ
dBnniua6-oM
Ts-4fWEBVe4
4ty-rkONToI
YqAZEA-u5mU
3nMBbT1Aq0M
Pihy_37Z9n0
MI8bbfwGjtw
MUWXGfL_B8I
cWgDGXsbkmU
dLijOrKzkR8
zfWjuQqYnWE
EzJt7vyHMyo
pJ5U1j5nnOI
vjaEGJzhwWA
Fmd6aapKdvk
q8t0tYO5Ln8
eF1neUoiJ18
cT-vS7KCNEk
4qlQ8MvLB-s
okMokGrpBVA
ylnMb6niDJ0
PfA4I3VclWg
ZtvyoVzOftk
_U0FUFw-JDE
W5DEuIFiozM
UljEg6KAn2E
LFkHIfTSHeY
fcpVqL3A32Y
EaQsQKzq1xA
VJNQMygrmj8
8qiwOxVf1T4
ADD-SjE2Wlk
wCuQw5I1-z0
RU6-DLyvFmQ
rKkmvBO8mU4
4Iqp7voYWlc
A5zZOPfrVxU
ejKOU0SRRX0
j2rodmJcn7g
3ENtNt-kb3o
z6VxrOjFUb8
7QnDNRSns4s
GSvM9WOcHdw
ggi6dlwneuM
QXiJ_bOFKY8
2kUJ_aZQwL4
1LtvmXmGw4o
L0947olbwVs
0S63_ZSgs24
W8invfaRzW8
oL-YnwpFbq8
XRuvyO8Ol9I
uhEDbJKMNkY
LYwZ9Ffg7O4
esKjpt7WvAI
SggJuLGAlus
nAIlMo6QGQ8
76zhTYQcHyI
4cXsmckZKas
DIDknuxv14A
gli7gGbqzzU
vmjo2dCMiiM
U0yQDH5P5sk
jrdvu2fL6w0
LwEoH-6qu0Y
3zQUOC6jJ4Y
QbPSFYAfqJ0
c8Ar_Me02iU
R98m5fL5zGU
L-HZ1jC1qbA
5ZSAgcGgulU
LMOMFzWfTUs
feo6bEfdBQ4
lJbRneeYktY
XKlf5VXpYpY
97gSm0T8GlQ
vBpC--9rrbo
w2lWkAmAJt0
LJfy1WCzBoY
6kxU-LOEXKg
K0oNxPUR4QA
8Mf16aLDkUE
zy0_nbADtD4
Xodqe-50zME
feo6bEfdBQ4
M1VQZi9myAw
aQC39kMq62c
6AfGN9SnU5M
YldwT3cIj-Y
MBHB6BbYpfE
O1xzASNtGOY
bdyoBmC5jAo
qiecZveYhjs
YTOkwv6FbIY
c4cPXVuLW-Y
jREQ2F5Qluk
U4-lcDVcae8
PyTkdt9cFS0
1KtbpCu00vU
UPO7afaICdE
I_z9r7HICvM
f1sYmBX7rNA
wvrnnBrEffg
hDY8pgqxLxU
AecE2bxRSaM
nd_lTISc7Uw
rzFSjtJAOfo
4FiBjvuiuUc
tZTkUXfyCtc
JDyZdDAt1pg
Dilq0JKDgRc
s9NBIhdFkpU
b9rcUO2Hzm8
DUU7uJbsaG4
L48IGO4g2Y4
EvVwvLkeJNI
ZP-xewzajxI
IB2N72kfItY
AGX640s2aDI
6QT8pAAmeQA
QrklYrAlHkE
QDbSjkkHPGs
kFxxrcoaIII
4FUJiFx3lVA
reH27ZGBrhs
zoQcbp8-UHg
8LDwqwOkNlA
Mx_2xSfA70M
3GeZGFvbDzo
2epzw9AWcrM
_hvcI42JbR8
dBKjl4k-c3k
DIgH8U1Z8cU
hB1OnFaIljc
EKF5Lm1zBn0
1cu18YU-_xU
2NHRV-_9gV0
RIsUDK1rw_4
ykE0pLTlXrg
Zze5NwpZcuE
5iejrQe2CLA
LgUWUwiKFNQ
Jak0u8YpUp4
Ejxw-oRHjQQ
BDyXJ-QTA-E
GOV6cdiavwA
Lrj3_0BrPPc
Ay7uNivzktQ
77qGK3A92qA
8AtwQUqwYHs
aRwtseNhhqs
BeVxoqPDc-0
junVX2mWAQo
hPcTURF13IQ
bMxksZmhJRg
EYiFvQMoURU
CL4zpEQNgLM
W2TmfMCZrc4
AudsCDhCCBc
1jBTtvaVdzc
zyOweNRkEwg
VrhMAUhF6WM
G28URlJTgS4
mjaIlEnrudE
Y9-5GmraYYE
HMdQ3CLTapg
dH9DLX4tAHg
AFbO2mfTLUI
WQQ4TlBY79Q
RfO6WE7bciI
h1HUu67pHUk
AA64S6yiFh0
FDGMtXe4m-I
8AjK3SX5-3M
8AjK3SX5-3M
o9b6Lp4qEWo
VY9CdTyX-Lw
q67eNeqryHc
dKEcDvL1FtY
bTcGgqd-eww
z2lh6PCE0Ps
kQMZfCKuFIQ
MAnUk6MxXQ0
wbkGzjjwT50
fch7PhBJBFc
Q9q2axfYPps
lThXljRRnXQ
7EvlMDZpfGU
yxO6eHbEyRc
gq_J5z-Lkto
yIMXH1DELEg
UtAq7JLQVaE
GAbV0zpBrC4
k6TSZjUyc_k
rW90zJfb9y0
wG2ebhOgBHE
UnXvJ0Q2GNA
ocwxNvM6uLU
LhNtZFa6Wxo
6W2tptLNfWk
qkLj6XXtNgk
RF2hf7F9D3M
J444-EYh30E
hVKhHqjKP2Y
GB0aaVB2oEI
nV45oU-7Xag
6NXToek9dzw
cip-OO0dyro
f1XO_vwg_ts
rm_CGDuWS9M
qLakGQwjA-A
yf94cpBFXBM
SijMuEBLuWQ
1lgeKoQHnD0
kGQ5MgnwWlI
jG_YNWFsgic
ECMPLI0Gp9Q
QZYZe5rBK5s
siOjymcn6y4
i2YseEMKQxE
8xjukTpCwMU
rdOr7xGAEkA
ERoUPqNmgDI
in5F3OfbtUA
j5ECT_IRCwg
hZgbX6vfcEc
oahHzWdlkzU
qsmVqnh9Ans
-vnjyi_tN-I
_vVthP51vBQ
JY1rx4YlLqw
vIxKUaUFRhA
Uk7mQBAXJsk
hFN8LscLMmw
JPvOR3XHHcI
zYxze6MjCEg
orLlQL9TmV8
v6fvD_ztTQ0
X0XsguBX-Ck
cZPBt-dsVm0
JVwt9P4a7zI
xG4VQXeg_i0
Fu4V_T-Ued8
XP9VlqOETdE
6cy7y1l9g1A
2HIKV9jGDM4
ke4ZqjspOt4
OSD3S39bJsY
9doyebNYF94
kVw4DGGbzTg
CW68toPAkhU
J69j3_gpTPA
VCz9ex90_Ng
9HXv_hI-XuY
FJUN89awyX0
C2Z1zmrJhsc
yt-OLejGnXw
jC_aGLd9iYE
xOtglc4-Xzo
hOZaqhY1Otg
Y37c5kWGzsE
avKgg7wXBRY
coItaKim-vQ
V1aG_lIswO8
eVL6ARcMK4Y
M9JbG0V7Rvs
1zfO3HW6xCw
J2zZ4VIWG0M
qk2EtVk3DGM
LGo9Kdf3WuE
Wp6IFkS8ptk
-dW3rsEjsTc
3TJe3TWGXYo
nbK3RhCQoI8
-dW3rsEjsTc
vD0TnVA-j5I
H5twC3WQMyo
qBn6bo94uV8
X0vQAdDFGMA
_FR1g2gBSAo
vku_DECvS7E
hx57lrAW55o
n30m88mcqkE
jS9Uqrxwc3s
vsjAa2Gxz3A
77l78K9pM4c
N4noUvM77Ag
_0XrRv1IupA
NBAcolFLOs8
fwX-AkdlXfo
3E22XjWXMfk
67Bcq0slTuc
cykXcM3I-kc
j6GK42d1xCk
lU7tbLL8FDU
gvNyUao7824
X0fMr2iJR3M
p1JE26hHQao
lLCdkNTInZA
4BFEU_0TiIw
o0RemPUtDyQ
WrakBxd5KQM
RsXzOou1-Ls
li6BDudGY0E
eelUZUvN8Cs
TX-vHPUKGek
L5YgAM6yO4E
JvbGUFd5LCU
R8XZIGau_BU
IK16BExR1KU
_ThRI8oI9B4
NIchBh2ZK7g
8aoR8fp6SNg
G6fRykp6nRQ
ub4-3GYlHTw
e6qhwdTzilg
HiijsEljpwY
y7cmUCjnCgE
yuVAGMr-ytw
36wX8IDsyZY
2TKsKKABkOI
CENX10rW2J8
s6070PdJBQg
OFrgcu_Fb1o
mmaFucH9OyA
y1AJXvlexQo
s75i401lM5w
kXxKBiidbeo
yCaKQjZf6gQ
TiyKK4YiRAs
U9sXumh5JjU
01j_y_fqNPo
HeeF3q-iUMo
0zAqco5QvJk
_luUS_MZYCs
miFfXcH4tSU
Q1BcSrAdxmw
ImX8JTsSks8
yt_V9j1GUKc
phr9a3v9hJI
bLLZ5vjWEcs
-uXZNlKKTDY
Ej4lD5gDCQM
KxmvRpnVXJQ
eUMCD0dcYdQ
BmQ6_mDHTts
aYOR0dPZc3I
jJN4pFUrTjU
5twZH6UCTNg
xzAE1671FVY
8oYtzBf3z6g
J9o8UDlOPb8
0914r7LNNQ4
oswCNWAbiFg
ZNyBEw93NrA
hNU1XnlvqQ4
ld8V0YKjo7g
5JtieCDv91U
iw_6ayN00q8
bUwO6LwjDog
sSfeaI61RSY
LqOxJrTysEI
Z6FrJAh-Yo8
r6-df9L0aDI
g627_JlN3vE
EiHDIeVHTQg
t6jNYVB3Ug8
CI4YlXl9otY
_IHSa6Zva0Y
Ih5dVrELQOc
eCe3H_ntDX0
yxuBhkL4bnw
urJcZf--wds
VZF8RDw_s-c
a-hGxquQ8w4
tk2Oo43As-g
Xld9Kd7rjsg
oTJO1cmUXsk
Z7IS0wI_kic
50cTLOXYnUA
E--V3NhoAig
esZQ2cf2Gkw
bY7Pq9-k29I
nW8D49VQB8Q
iMHO_aa_c-s
Lz8A8kBPwkI
dBUZaaq6whM
tpbIkOSYOFU
KERWYf0NdJg
uyisLEmF5E8
w-RbDKp_MvM
9Lh53Bi4bt8
icpxp1I6vuk
UTNbDjWpGxk
_yynJ_eFmiI
AdJvp37OuAc
CWNVjKbCTfU
LRBmBPbJco8
99OLhC664NE
b7XGmQJ82TU
a5-mQJi-7eo
6KErDaX7uqA
vK5LOx8T6wA
b12QIdxlJg4
Ld7tNchIbno
gn34yEkdITY
14Ft1Oo3cQQ
YGABJTFxWrg
b8wED2j8byo
IsQ-a-jboXw
38K2MIGXzNI
FzkVRxdk6_I
j5F-lxg8_G0
iVTPnXuhstc
DNWzG_B7mI4
g8mpVyjW7Kg
PO73_db_nB0
aZcVhCquLFM
IcJpvqumFb4
Fpj_Nl-sRdY
WDOsvjmWN_c
LDdCI11wNcI
pHGc64i5wec
-jqxc9UapDc
eA1cbXmboOE
F9nTqLMt5Oo
xXTgGT9p1S8
huQWnJWNkbg
ae9o8-lL68Y
CKQ24G-CqS0
gpTeuiizaY4
Hx4xVtSrIBA
-4QPGqoTUDc
1Ma_O2sgE4k
UvqPid4w5lM
1ZCbnZNVO7c
w1qGDeAZ9-w
2ZPntOOgYKs
Kwb1ZnEJ1rI
pmY-Lf58RgY
uZTuG2ya9-s
mthDxnFXs9k
gNG1JX7yOq8
GLl1o62zMqI
-oXyfhwSQsE
hJjIqC5KuT0
a-AzoO2oFD4
3APo2KGjAlc
9cXuuzPSpog
z94fn0UMwq4
0gbMJUrWeMA
0ZdWdsMe-QI
czxTjnkuj-c
hXt8IJZhTM4
dsTcTak9Xfw
YOlmr9hWnTk
4oex9yujuY4
nvzt7ycigz8
Bq1ujwRzzu8
6WiVazC3vyo
KiVJ2yWRvSY
pA27aEamWzY
B1MjM-Tj1tM
K6yDLmhCjf4
UpWxHN17ldo
IpHItm8b2PI
1mTbrfhBDZU
-3luctlC5ZY
4F0rjXdBt_4
1AAD0xpb_WU
SA7tzXcoGno
seAwvQSDqhA
FRB7vHBCzSs
XjumSVJ5REA
z9jN4j7kPwc
72Nt_XnONN8
7_pwEnq4Jiw
zv9ocNglyjs
O7h4VjZhe_w
ULbBMAfnj1c
QGg2D_OoKGA
-9LxPfCbrwA
e0P8Q4bKIc4
r69bGf2DnBY
P-5LF5sm4gs
dNiuq2bwgng
KWmWko0qMOg
IkeIrNqf_ys
KH_GqFYDxwU
uZjV2PJUJ80
Kxj328safFI
LRHlqxihfwc
fdqVoNtJZfU
9tLMXoZ_PF4
py5TDfJBEog
a60HoEFFxpI
a7-9fMcFqX8
aiVKwCiw6Ko
bi4gxK8Ek-4
x46l39WRLkE
379zq6B74C4
mhXnG8qDaM4
bz4hRzHUXQ8
V2vKMTPwKI8
TjzBzu3icZE
xh8pjqf0lZA
LzeqrQMKfTI
qYNQ3c5VeXI
x3c7bie4vBo
tmmXaSDFcSI
MZJ_UwCAT6E
xZYmMrwLdXY
cW9CzYoDsQw
WHzG3nTA27M
32Ki920_kNo
Ig2wiVmY-Zo
cn-znN_sg7k
Hamm_LzfTcU
0nxwrPQ0KL8
7GqUYukS8es
OF8nuvGyngU
qLeZ0f1Eoj0
3roHIOcG0ho
jFIiGLzg8kw
92hyhBXLaWE
uUQsCFHNXcs
mSTm6cZjO14
NXW12XpG-FU
dPhsKoA6O7U
HY84gfC4cfQ
DjpAQEsJW4E
Zj68C1YLBpA
xoXjemIdb94
KoVnFz22Fjw
JAPP7o6uG8Y
4Iya6YRP5gw
bML59Lbg4sA
COdUygUHFAM
QXvAZsC_UmA
7q8HZjSomEc
y6zuPa7qA9w
F1ca2nKj2OE
_gOo8cRXGZc
7WBKPrsv1Wk
qt4RV0rlzVA
zLJzS-DWswc
zIjyxSs0seY
R-MrNqYGEI8
Xzzo9DD2OWw
a3RqYRcxHr4
4aoJYJ7v_pk
R9wEo_teikU
YRGxSfC1Nho
6LY2iz1ovjQ
D8vUOmqShSs
VQ0pJO7YsDo
NEOyD4gHJdU
qCIvAuwaf-o
nIobm_mMnRk
YOjZ1_EM954
NTGyovD9HDw
kWaaL1gl4s0
Pk1XSmgUdJ4
OXzGjEvMtlI
AL7ORVKS84g
fLtk3t0Kfx4
lNG6dTW9X70
iNjivxsQPaY
tamu2ZdiNt0
D-7t4blgpKs
LX9gjrHbR1M
Iq6jpkDNxtI
DY4_JleIDsA
kFBGvlhNbGk
iNjivxsQPaY
5RoAh0U1kl0
O0qbUc2g5yY
Q1xBjIHEhtg
n0GL9Cd-fN8
37eo4yc_cUc
7hEdfraadJM
-jgiyRZTfgg
OIb_edyP8QM
HiFAeFOs00c
1Kvv7fKadyc
dpYgif0Oif4
GTjWl37_c20
nUgb-V0bijA
3-DaYL8cx9o
2aadmRAHXi8
FMX5iK4eWQM
qY67yaKBlEA
Lo-gLxas2vk
hu0VKLrlu3c
r8rUz3fW7gg
8xTTUD239CA
gOeDYeiYfzY
1aTrPvlviZ0
mOnCsLRHzxg
IdI7QGXGccM
QnYzW8-Z6i8
GdMzbmmJspE
zstv07riroc
u3qWc_G7sDc
LCKDsu3o9xg
_XI-7nrPfx4
-HhQ4gc2oNc
dtyBAcVyigM
nWAP66js3t0
zUXVNu3iW-w
DMjsTlzZ_bg
45B3P7pxsUg
oNXyKBTXwUs
_HgY1VkCQu8
pWkHkrb66sA
bWRBY5XiV1M
XV6-RzR7pgE
IMt7cFFKPeM
z1exyKO5crE
LqeUJ1sQU4k
ButWqdQg-DA
Gd_PAqy9Pi8
57HvcGbEhEc
YClwoyVnoyw
8pRT9b1BOvE
4_FWJjRkvAk
l_kvOF4zEA8
Bvb2kqIm_X0
L4pwpX-hULw
E8pkjuwsOtQ
DY_sTNyAiNs
2IUCm3LXXEI
b1e4RwLjD7U
Gk6jvYwGSsE
qS261L5gTjQ
MpRF6tp8pS0
KvcIGCj50fI
Oa4UJenXzoI
Y6_A9DsOFeU
oTxqFAJMjVM
CsnaXlhctLY
XXyawLKfpvM
So5AEaSth4g
qdJZGd21rZY
cLjhaaP9bP8
mCCLvuXHock
9yYQqKxz8Tg
LSTPWFrdC6k
InM-E64AUOc
jNgfIH5pyxg
7Zapwqa8lME
tp8DM_j4xRw
I8rNC_H6x78
46lFGkBy06E
ApctzxcHv60
Ab2A6vulDNc
RC-0MUbIISQ
aSEY9S3LdbY
4smYVjjgr5A
JTYrgJI5OTg
FKynXU5fkpM
1y-iygwh0PY
Bw2Zf1XUPWY
Hc9xDYNf4j4
jUO1CVtwhNE
dui_OQyDk3w
xl6tOhJ9hmQ
ptl9TG7cb5c
utZY2vlgphc
FFkImCIBNf8
PeaFWKUzxbI
Yj5pVe6hOZo
utkXCqXnZE8
mRO9WcSgNvQ
BmQL1U3M2Ig
p3vQmhAkzag
U2SpoM_OAag
AyH6UAblfFA
sTvrrUGazHg
e-2bwLiX_DY
Gyq0-GVWU8s
8KKduZJfpVg
Qmy6NPPjKnk
823pecp6SJI
O1st2r3DLnc
KqOeTvRw_RE
oas-WpnpQpk
g7Y97R9ACgA
rYDEYvlulDs
nZNu_TMQnQM
b1e4RwLjD7U
VwV26OF2U4I
GzCUy1qlo0E
zPhL53ol0DE
jppBSElXTBA
8QYPslxGHpo
bMxYZsSiSsQ
78BGOgBppR4
o8YZuHJTwNI
QFpfb8KcD-8
mfJq8uW-v8w
EXiP_i2h7Yw
SXTBXLNduy8
yWKQsY_DxLI
jIVDhhsNEXA
ImWX5vJYbk0
syiBw6Pwv5M
WwWoaMs31ME
y6vBIf3xUfg
NaeWtX9HZ_g
cX2f6QHkU-I
FRFRuTUAfro
deCV0hMv_Us
haRQlRIdF1k
zbzFCmsVoVM
dFZV40xCNKI
qYewsijB754
qQGB6l5gLWE
_ZG8HBuDjgc
Q8F77iDgX8k
ONKr9AdCO1M
bMEPzCNIIGU
fTcOvcwH5as
M2fav0y5y3A
pOcsivMC-GI
rp7vYZ8cHuc
y3UFuRDD8W8
X8lt8Rg2nKg
507DdENpNGA
WrzsK3PeL9E
eenWDxCRyZA
wbNlKkrhbYk
2qXXiU1BO10
4tuvQyXNIbw
ATQaKLCY0rE
5yIOH8QkjdM
Fxgyz4P1S4k
mlUTzjoxgTs
0QC_Qz1I6jo
EpKT_UFznnU
KT4A18z0eaQ
jUpWmqP3_fw
AwlZoC4icuk
VXiYbbri8YU
RQkZF_PhRrM
LG-UEE0a3aI
1AIcG2d8SQ8
sBr_i1mH_08
Wwe878iqs8o
lHzcmjyBCuE
zJCiwF2_sN8
fYqV-PEGHHc
NpwPKvZGAA4
OUPGV1u9bds
yauNFMpcMtY
5b7oVR7Gjm8
rbqzm6x7Noo
c4LdtAJaZPA
ZqS2sX4W3lE
AMjZ-ATgSdY
ZUvG2Sv1dMY
Vd9BZajbWY0
Vv5F5E32aqE
Ls8MHuF_VSQ
Ew_lkAI4i7E
ct7xVKPawYI
rg3MWBObCCE
3P-mfWCKMRA
aTViaDL7WfQ
THjoKUiMTeY
brkrR7yObbA
OrnS-N-DjTg
DSqTK0jt1pI
m1BogqElenA
d6idPaGqvV8
mHXLdwuFi7Q
CV6SeO9tVuA
x0yeOvBkuBU
C7Py_qeFW4s
VSu1v-73Wto
D-Wnmy6DwIA
6agTus80_Oo
ym12o1i2Mak
8fBuV9JoNdA
eVLR8WF2Lbg
eJR52ay96VI
lKrXw43zM08
P_ZKTbc5SDA
R0qDeV3ZnRI
Wwe878iqs8o
meJ4YrY8-hU
L1R_fRVPmxg
e9Y1WTfaLBM
OFuPr3xrlEo
6L8FSDfq24M
8JlcpG9tts8
gjLlthHXr68
StG5UTRn9AM
wc4eMtAqcvo
Dzdt3rJ8Foo
YCpQKQqnre8
ZSfxnHctDZA
_3zUqj0x848
kSAaxv3afTU
FZVEBUn4svE
zHSeXVgvYvE
vrcM6NT4PCg
wcT2DRghWQQ
HarWQmOuoew
BchqQ-i-nps
g5wALb1C5fE
kFpjskn3_Pc
L4F1Rae_6V4
IwR_Eg3MeOA
e2D0kKyM8p0
gwfWoywcB3o
KjExt34PPxg
iAXhrFRIRbE
-FpGHeEbOCg
1M7xPtamTek
DcfzS8d_Jjw
PRnHRng5bB4
sQzGZMCBCJg
3H2DDgr-dzA
PkGU3jsaOp8
EIwtJAsyJ00
iQzvbRio9zw
umm5zZh2BXM
wQHHQPAKz6k
FJNFuY-glxg
8zdktuyMS-o
qoZi0AzsSdo
M_26krewDWk
s2PY2GY-ktM
9-9pSLQW2Ts
KIL3PKB1qUs
7kDY1iszy2s
N7h9tEwS44I
dJYtuF69OMM
eXa_VxdplkI
1IZXTlY8hbk
xDrPmNrXXbE
P7foHdcxAK8
Oo2xxKxWHPs
iNhCMReS_M4
1j33J7G8CXs
pQhZLZISaTo
5A1Z-eN1Y8w
5z631O81T0I
EPErrpRdfUw
QJA5NYoDeO4
Rm3GGNg5SQk
Pa-DGgGwBaA
wosbdri9dRc
iY2ZTwu3I0Y
E0ssm9bsxLU
ubEM80jaQSE
hLrK6R8qgsA
67Uly3ZW45I
-CHgt2Szk-I
PqLDohvyx8Y
8_5QcIJ7LAQ
9ToNzcwH2-4
Fg-9Oa2FVHA
2Dwvp1E3uxk
ORxM375hxno
IoMvXm1nsWU
pe20F2_1AZM
WzvpTrQ2Bxg
f6tgoLlC7LA
aOq2rh8nQQo
Qzf9VkLX0mA
nASubw4qCNM
-OZDMvkUqRo
o9_gamHX6mA
huWo3L57KPk
AWv1YTptk48
_W-r7ABrMYU
QQ-qpVP2QuU
EPErrpRdfUw
wPa6bsMnlDE
9l3Qom98qzI
MgTLV6PZsj0
uZYVOb11MNE
BproXlDh788
4DGQks2Uwvc
w9rv0oesU6g
b6SgxLcyMjU
bjsIvnBzrZc
iaGRLlgPl6w
IRGm5AghZ6s
TU-X2h15Ta0
zmFNbpyeAxo
Yl7tCP8Py1M
ionyWsKBbts
bEdu3u5CUC0
HxyigzfSyBY
aB9a9GyNPFg
DJCbwBnHFbg
A3C8bmdbcZk
2UmpAIhyuFI
JSPB4U8GVpU
lQPh61upbTs
mkc9jclTUt4
zKPuKvZHYPc
hRrNwFFta5w
Q9ABP2jzeIA
Z906I8oBEbk
Tk57e6IUUHs
nz58yUiwUic
VDNNiKdtyhg
YL56dth0mj0
9h8LVorTecE
OTPzFYfc5vE
Gz-E-KnaLS0
Vp8M28Hb438
4-xtQXkcBYw
Hs7Cqnw6yM0
HcJ5j7qIXEc
bQZPA0Kn_A0
x8OfabpiFrY
zKHjYhGvQew
F0z6q_qIKTg
Nrdptvib8kI
JMOYvmglyqk
_eC14GonZnU
QTqK0J0gPtg
Avh5SWjwgcg
dwGxMtaqTFM
ehvIU39pt_4
J9jl3nb4svA
U1OS46T_azU
z1ycbn0gYBY
DhI5TPSpTDA
SZyIlSNMCCo
96uT-BvRi-k
3Jp-mbGRxhM
UpFRUIxyHZY
p_tUW1LoLis
QmDUwlseN4M
gLijMWCELrs
ugOW04mlL38
wHfYFDpTQaw
GUgIndHzFcA
h8zoiRhIXPE
QKfcczPWyrQ
9PQlHMJQeVY
_ykcfEbaooA
MG49lqrSDGg
qtqcKdksTfk
Oxz7ZDAj0RI
8qn9oy5K8hg
0FrbMMwDccY
G1JG4jpY42o
IA8nYZg4VnI
B2SaM8RJ30c
oOjYteh-ZRs
Cy26MulN0pc
0adJ7VVwPpc
y-7gWsoXtUw
PUrfo5cyeDA
pydoXO2wDAI
20sdKl-rkBM
t8D63qXjtpM
nyHy-hDwcVI
4W2guVepX30
RompnEeeP-g
1fZoFZDghSY
-dMf0fV4gqM
XfTEODdxnvU
DaD52uimz4U
RjorjTYq_7A
-T8cA3WK7ms
i2wFrubLcvI
6PS6HYJ437o
dxmVWVI64PQ
7ZxP4QKNxgM
yZylp2sVtrE
9wZKTrAuoPM
uFf_DkDvNco
mS0ICDW5IMU
xl8Sewnd17U
-FhpcFGecZ4
yD3C4pZIP0U
UuSD1Kv52PA
qg8SyCEvhpY
LhImQXn4g_U
nF0WEncMvtg
MRD9IDpsJvM
hOPP78o0V7Q
oj_mRTv5u-0
9Ird9yXjeXU
HyU7EzgyEY0
PMpS4AoXT3w
Dt6NWldal3U
5lFEmWqd67o
RuO4VkIAdFk
Pvmr0Sjp-6k
y0-gDqYNIJA
PgtF9EUBsYE
3tSzqWxz9T4
1NAVVjMpKYM
4KUUboJmkq8
5iUdDl9y-0Q
8IBtcY0p7nk
ckEoIsYJKXc
Kk_IKY3hBAM
dxdkPVbSPYM
xjBELIte7WM
h0uDtBfsTMQ
w_5EwYpLD6A
1bUVPSKZDRk
g-YV3-gPPzg
QMUNbWuxzDI
QS6CNdgPl1s
5qee-LLl5lY
xz5mjkxua3w
larVC-3__E4
i7giv80GMoM
E5fdAcYEcEk
pyKxh1m3Tzc
F38K60a8JlQ
6e3dz4FvRvQ
7Qx8fXTIJBk
qE4DKIsSfZY
Ad5gfxwCTUw
uL9auHozQL0
6hNnx-t63Mg
tp4u9yP5DEU
6aWUa5l_WNs
Aogp9g6ifdA
zA8f6DgWLY0
JwzPaqYAw-Y
PQ8Y-lTPFWA
pDXG3_attus
TT9BGHcbqDc
FSUW-HD_I3k
GD1V5SwndaI
YO7oqlAhOog
K7mxbm6jsi8
UcPN9VnBChk
yjSxaDV2NVA
zdSFcAIpsGE
a_sVSv-Bcfo
JF4sDbX777w
pT1jLvL58FU
I7JGPVd98PY
9uA6GAePWZ4
ZxOaJ6JbSPI
7g3dGgbYMMY
AZJR0liqddE
6criDcRNBME
4TZbSRH3gck
A9uDG0VUS-0
XSDipxoxzQA
JHBMfCHtII0
NotSbOxY1LE
gLijMWCELrs
6gYPGZSHL18
_NJrFxKJaX0
PdZETs3hR_Y
1JNyr0LMHsg
nfQqPdcAG60
fG5YNduwF-Y
T_K5H9fp1uA
LXloFgxaZ6Q
7ztJGzNVSpg
_1F9mLghTQg
_2g_Tu6lJHc
OnX3yOmmMK0
Brcxc8gVJIk
fcdUBN_I5Hk
JOI_mGCF90E
8FkqpoKfNW8
ajfkCDckv0Y
A0Gb5DGXLDo
3Oic2-1eRa8
7dPlqCaX1yU
k5ajKhsTNV0
04pDHoMZ54s
BLgEW0C9s5s
MRBjwULjeF0
Nf8JsYIPHP0
Yz13C9PLlGw
AzLlhFwqKvo
dyF6aeVImjk
ZCCSZWhyYUQ
oKoYY8pnvKU
7oe-lSxTFRY
J_3TDBC69dc
WvN9Uw_phLo
edNofPX8kmo
OK9yCj45hA0
Xfb_FDWXajU
Ri45oRwvQp4
dNojthYxt-I
KBRELLVWPAY
LyqgjNpRXfs
D6XUzMufgmg
jCQvYhQEmVQ
ifSkhhM5Ncw
54IbytXmDkU
BiPo5el6dz4
g9Z0aKbabhU
D9qV2l1ZvKw
BI6tZBtLT68
neFaMOD3_Dc
ugyIZ6sAlTE
J_AhTnjoZy8
rrcNpqt-nV8
oXh5EbyT_Ck
ayIykHBobt4
1eYs6ughAH4
dBysTG42aAE
HXgumlLBM40
9uKVSfKrKyA
L2DWTVtPCrU
38R1SzaBkOo
pyKxh1m3Tzc
wQZT19waiDs
gtNEZAHpAu0
BQxMP5EyW8s
mxH-p9AiqNQ
3NR6ZmON7So
-98ONkMnDFY
x7bF0QTa8HQ
hRxStMYkWyI
MupLwAT6l1Q
Tk7BPmq67zI
in6bi_BFR1s
rFWeygIYkbQ
qxWupb3i0I8
-BaZPtEE0KY
r0cCzxqCr8k
CgNGSg4L2i0
pMx5avJgbLY
3zuJh6ATbfk
ytQfDCQF_28
N0lbMPGZhqc
qwu-7ca4boc
xY8XieBqNyE
m7GeovRVSBg
794qDkjwOIA
WrSJXV_pX1M
n1UscDNWybU
Hn0L89cT3-0
Hzv5tlOO3Cc
Y3pIPc6dKL8
mFI_mYFKQuA
FRkuC6aR38U
E6Qy5qkOjxk
YqS-4lFFELI
HP7Ph26Jg80
h3s1l9NHvBA
3uPlstA4a6M
FD_WqFyueJ4
SK3rxZX9N2w
mDy_DUvQXcM
yazaGfILK18
xYa50tQvkxs
ZJnzQz0kVHQ
upEh-1DpLMg
tUA--SD2ww8
3phQpsDXVL8
TU5s5-qpfh8
B9GEfxl8w78
yta8aYNI8wo
Gj0p7JWKnUk
pxfcgYgEBic
BPTRj5yXgKw
1JJA5Gp8nz4
pWu2ULX54P4
UzFUiFBlDDo
h6gEp1tXL5M
y4t0eFMWjck
M8x4izPdfgw
TTCna2rE3C8
SRpOsIovxq4
jsdSSYKGLUQ
1mU8t9pEGyA
72nzNs9XiPk
h_ZwYqeku_I
EF6ALwBHz8U
Q32R69TcWFY
KDXrxzZJNLE
A0Gb5DGXLDo
gkHCnSUW4UY
hApLuj7qSBI
tcrqaqO_ihc
XdqkRoFWSHY
gJRAPxf1Ngg
HIck-I-S8r8
dkzkJ9YwEPI
Ux-4sQYBboE
7y6pICozFx8
9IWQD92ENbw
wlWb_w9wBMU
AWfcKLEYPBE
HNUuP13p1Fo
Yi_ZgUA0UHg
uZZmgGHe2Mg
TJhmF_jALqY
IrMQ58DZxwQ
zT4dPx4KaRE
7GOLgoRG5HU
EceMFtUsC2Q
Us9FbbCnzGY
wO7iRwM-_fc
PCxSa6vGEFY
aOdEzZl8Af4
UAXq9xwceww
gbR3d90yN9o
ymZiesMo_P0
Uj9BIxmZN48
eVE7P0JXaZk
y_NPpUrAISU
yyNlSVVDpto
orNMSslS7PY
3sXbxhzCTB8
GZfzXSSYP-E
cf_YF5yA1xA
bNkZr5A-NBM
dwRzUuLsHgQ
lFS784aSJcg
87ME_TkUyPg
XdvHeiTGC6I
PdOXXWmZXQY
Sg4S5EceuCM
kdhRmygKjR0
p3CuWy5qaKw
aaO8ptpQ4hc
1ugYfw1CBNQ
vniWV9ilEG4
PQoRYo3LFa0
9z95pmSB4OE
qJmIZ6HF8mU
EhgPh1s1tIo
WlC3I9-j4fg
T8Hoyd4JlVc
TVMD7By46u8
wXWrtwEQa40
UBsBaS79aKI
gWnGacI_8eI
3399825rhLY
Q8QQChrYAOk
jfn3lq15FVw
-AZlwMQpC4I
EjRLnUiDFdU
1tLY1pOyx5I
Lc4h_OOsr1A
vlog5devPdc
WX9T_4hzYGA
Vt2DGz3_jko
OnBd2e_2PEY
Eiadr8V_6M4
Gi2IGxBUxYg
qqiPIdLOGEA
TeIna6y_8AQ
PQHE9Fuo0zQ
Fny3q2UCwdQ
xuSZFRf0EpY
zeNTGHUTtFo
u0saEe0caJ8
EGaG1S4-D6o
4jCAxOwY-6g
YHA9ZbnOets
eq-zgqFTzEY
63fTRE9yKFE
L__UmhMtKx8
IMoY3hz9t1w
HwQFc78qT0o
lHIM18cVRis
QL7p90cK95o
-rcZI8xFlqY
Fs0catEAsRM
CHr8f-aepVs
m9DKIbv_nx0
iup0msVJeAI
7EbG2DJ-f9E
6LorvbKs79w
0duGb-O7574
B1VgFlAlBfE
joWu9CH9NmY
CFT7YUWSQbk
vDlVPVjf1Mw
RugOTmZ1Oko
poDrjM7UiDY
Ly0sUxYgL8M
OqkZribr2x0
HBNxH_BuGGE
OzJoSEiOsro
Sn-Oj_9ddeg
wbzMDHiIMf0
_yPvFdkbg-s
0bo--3B4NGc
iBZJWyGh1EI
9Of6PCVk9qA
sEFi-KzVRd8
C0CKxnqE8FU
zkpkBUg8rmU
L_2zFmxcYE8
vPkGEVgOJK0
67u3Fa17Hfc
aP5ES2STM44
iTOJ8c__rk8
vkSajec9zO8
Lwyxe9a9aDM
3IGlvwABZME
It-s6GpwNNE
AvghQFIJqSs
qiq-oyBrMFE
mVHb6yjb2VE
Q7JqbFcQf6A
kGEeqjzgm0g
u0hckM8TKY0
JUhli8xSZcc
3G4sO9WUBmo
F_yD3UfNV64
_FMY8I8I_jY
UlIbJd9j-gU
s5N8f-6tnEw
SLQELg2rWbM
OPXYFENmP3Q
YZVD1G4q0bA
DkvSO8bTLog
NzqA0JUI7NM
cIg8urzesPs
ab6yYVQO7NM
eVjSndchIEs
o-e7A4qvdXE
Q25-KJ55k_0
AMTAVgtm7pA
6KtSDJv0_so
r7J7gwEDic4
2IxWK29i-UI
pzW7lQ9asRQ
SVMIq2dvXUM
LCalwrsfD5Y
6HBLK8LJfKM
nIdIZhVjSB0
m8MkYPAtR7k
yLr-HsxT4zI
7t6e6TQeMU4
oL3qWxQONyo
mei5ER008KM
3muzELM1_uw
IWd84FyDxmM
5foxGFXNl-s
3r0KMXvzrM0
ftErw-GFXSw
JACzEMqiFN4
hPjuQ6Lon6s
0oTkko8Dhh0
YFRfIDgBxgM
BAfOv8p2HlQ
kOqSR7WL5p8
BU0MrOCneb8
KFJtSU-vPqU
IcVUKkkg1Pg
0SDSlhkzOR4
wYE4fvimshA
7SRe9cpv4FU
08n7-C1WDnQ
eIvSEDPJpoQ
WGOobQiRAa8
zszaxnioPGQ
0rNOCezJ8l8
Z65AcSgrWmQ
MkA-GEwWP9o
fHiy3wLNSDg
MEXcQX5OH-w
XR3Cty1119w
SpXolpSt2iQ
BOudy5EgNh8
DW8JPPgotnY
m9mB9-0NC38
kbEs3YMCwFc
VCX2TxvNY3Q
KjlOqnPJxJk
9dIfRoVW6Js
yoj7OWz1N3c
jAMMafxgMrk
fNaAisFiPdU
C5clqtZSiX4
Uze25jTqKDI
iEu76hiSIdg
bIiQRRllJoA
NZ4hjuQMGUo
QzdBx9zL0ZY
EOwnPN9kBiY
EkLyzo4PHMA
sWgQ433yx1Y
WpQ7faiejE4
39FtM7Tww2o
OTyZ7Kagh5I
EFPGGwJrD2s
aU2NCBd7lWQ
UKinQbBF1Ek
bSFsaIdkc0E
jz2wLvK9p9Q
08n7-C1WDnQ
9fIrmjxlT18
CM_48mIy2tA
vaSaB3HuZJ8
AXy3dhfXYZ8
kfdeCi8kU8s
XTpVkLufoU4
PAu5PD4OS-w
2wuMLjSh3Uc
cmO6PvRK-Xk
iKJTduJ0R4Q
eO4KhmVPvl0
uEqXxhJm2to
TOUZYLPdFec
nCguN5qrUpY
ZPsD_Qea3g0
fLAcD75eJOw
ao0pqskURFk
WE8I3KZt9Rc
-G8BQidYdL8
nDH5mN29vNQ
mWlXbqqrmBM
UIDqr_uD1V8
Eujy-7E7cpQ
Gl1pMhH15zI
GaenCX2Tt6Q
VimSPb-TZ7o
2zrZDFT1NAk
tLnthcN7jmU
5XGsU09T4DQ
ATGmDzfnNdQ
n3HATmTo-vc
FeGrgmYWmXU
ty48NuLh080
yb8VhoVbSdk
1ZoLCXL8YZg
2SCqQ5VLU1w
ZSQqde4y-Vc
lJR0Fx9apo0
sdjf4RdXb48
kk8J7v13_2Y
SWU7cwAu5zE
kC5MbVsyFh8
g1tI8szusZA
653akoOAlaE
VkeOrkpd55M
Z_HO6X_L1oc
AbDrXDX4u0o
LsZEv7kAllo
XBo1IfJXCn0
_wZes0AnFKA
8UbpL83oJNo
wHqxlj_n-nk
QOMF14g3GPA
7rtxxsLnBNA
z0vlcBFDj4w
1RJ-IT1f7U8
dbjuQp0z5qE
qvXFxi2ZXT0
1w1PpKkwCyM
0UUM9rGMMbA
CmjVQMWSdE0
WRmzdRz8Th8
FPPJCkfxdTs
lIUDEu-04WQ
pzR2hTKKGd4
61h4w2tRjoo
G_V9nznyu8M
WSy5Zu1lBI0
o_dSQ4wmUyo
uVfIcQ1qJms
tEa2SUKYQdU
AXiPDxZvfBE
7PV8NO3lpl4
6Z1rTOy6fGQ
x9fqx3eFUfY
xY8R7APJ8uM
_cw5sZqA6Ic
3tFjd8-zCPQ
g_6fjPitzUc
KQkbC2JnRFI
U5z9ElMAyaw
gWnXX6cTVWg
02eskyHJY_4
lXKm-NuNMNw
we4ZzjKxFHM
alafJdV2jAs
1k7ho_TVs4M
F_54KyKCtoE
m2Kmp9z2yCY
uCb0t58a3EY
DtEwupxygBo
ZmmGW8E31OU
xWDs_ANbgkU
vEJfmSkIwMo
3cV5M9ups5w
qx5wjKF_h4I
paFEMz2X9TE
IKRWYM3_eWA
7qk7gYukYxA
F9eV5gPlPZg
b-rTGYlfy-A
haktxH9LexE
fd1-DDv71OM
wG_wpbqXE7c
wX4hgMZI_Jo
d1v9E83yTNA
wvCfs7kEBBg
cxOosYTkUEM
UOHU6dVkVis
lks2hh6LGsE
zrRlOW1932g
NessmxUEIZk
S5rmRimeeKI
ywLNvYu6vyE
afnJkcFMvfQ
Of2-RAB87Lw
ecKMIxZLsMQ
ZJLS22t3UkA
wZvYQz8CIE0
ZpiLUtKha-4
9fkhR9ybi34
s3Hlqh6pxXs
prJdq9BjAvQ
Z-YdsYQIK6Y
UwE0M056c10
JkMgq1RYaxg
uR3bVqxAJf0
fxLnbVjKXmQ
QBOa0vVrG2o
FQw9zvxSKIs
wJPlR2L1WTk
o_dSQ4wmUyo
2NdmCA4wtEQ
MG2BbRV5438
-r0lYwoh5zs
m-JNADFlIUg
i0vK5yXftSM
qjKdNnMvIQ8
uo2x1W5M-V8
V_dbZVgKO6Y
U10ZFJPWZ_k
qjAmzeW0fPs
PeIvFvYiG_c
iZvNj7m7xfQ
LiS_kl4FWo4
3mGg0YpfBp8
SkatvkE8Zpw
t6ElGccEJYs
WEA06Fvsk9o
sydDyx0LrBI
ppHoXGIap88
vKvSC_fh4pI
0GBB7U5mv0w
TyxbhcG57sk
rxfABys48t8
sHyQgtnJqV0
uqEhr9Q2Uwc
L23uFSo_o0I
ZwWERd-m_1c
x5eN75NsX24
bc4bXIg8JDk
DUlKyaaBguI
Hg7upJ1fYo0
5iN4955gAtI
AIcO6JnZUkU
yVANWKgYntY
PssVZpUML-o
2IqpALFs2xo
-0T3KPmc6ZM
4vz3c6ONwCQ
G-Yg74Yepak
mqlaNfdKURo
qfhLJp04N3s
hQsoRB4_yEM
cZUuselLtyM
uGXB83ztNis
kxn49BDnVPw
93vTib-WWvs
FUfXJ1Qszgk
PAlEHZh6mUk
gQH9vo4Rp1M
C_EGkZYstZs
9IjH_Lm3JWM
8B5IUUEDd9c
fTlh95Odzfk
aS_Wa_R59L4
QeCra-sn0dI
kXoH6cCpC8E
NzeA53Fbt-Y
dYMdzZUpUwY
CQ-VA7eYgpg
EN07bKtGlxk
sFUzabcfno4
aqywsSsVqDU
fQbhKAK2MM8
QEllLECo4OM
tgxK-Y62D8c
SYVvbs6XsNw
8jlxrzFXAnQ
wLAHeCvbcFI
tbK3k0BG1fA
pTgzlL1UIXY
Ky5XL0zM76M
p_w5K5s0MiE
au7xAjDxKgQ
HmGa4I2lRsQ
XYu6VMC_42k
ZavGr_fqnd8
GErh0dQz9gQ
qfhLJp04N3s
fi09M9BlLQ4
D6dErI4KtUI
LSgoCnAggy0
jfc6m-pMVbQ
0uOSS45ig9M
XsIXH2M7qLY
AKFamUu6dGw
rcaHxKVROR4
FPqDYN1xZUw
vEn1KuE5De0
xDBa44vI-vU
Ovpzdi2whcM
CEVss-csGF8
5gGXVx_tL24
6bQ52QYMt_E
-N7OUlSlvqY
USTKmffoQms
H9aQBF7rIg8
WktoqNpYWso
XBm9qXBx4Ow
Dx1hMCTZqlc
ItJcHHHEuA0
t7qeNjhQxvU
xB0K9Iw7A_k
edhdEgsQw-s
_DxySPKdJ0Y
zZvBwiHZebE
dfuJ4W-wqI4
wIo_-HlBMTg
LPZ6pFJ1D-c
8pPtk-5-fAg
AmW_lyDvaIE
vOpOBeIpW7c
4uKDTiyXRYA
KKnMHzaKMN0
K7uFmV6ZyDU
QBQR06jDPx0
dm22MWAYCc4
0jqVbj8hRBE
Ymq7IG91bKI
QZ2J21NVuPQ
Vl_24-1wxuw
vLwd_giY9dg
2ssIgZpRYGc
ep_co695NX0
KYmZOMfngoI
Ug1_Fqe3kD8
TRNdE3pmiOw
0y2wmpxM2VQ
1NRaNBjc0AI
4I7eNxDR_Pk
AdHtbpChKVo
dYALvEgfu98
UBaT9CP40tk
gCubnuTny30
R-gsgYV50hI
7DC2qznUfVs
CB2XlpD-Ld4
3v1YwPWBD-E
xJue4MculrA
Rm_I-OOqhZE
XEyg_nkidt8
_mEknnbf3WE
Hiab0x9WkXw
CRx1BXsr6qY
0cDjN-JB66E
jzx50-Y6wYY
9re168TCo18
yRvzOrSKYao
VOvXv7HULig
AoBnug0lnYo
2wt1IY3ffoU
NVfy2T0rzMc
AB3ZKcLHnEM
yw1rabDfMlI
nsVMKWzbRWQ
mDzZlmVF2Ic
pnRbcwtcqI8
FXk3wM0Eems
I0Xo4gEfI60
dGvLbD2opCM
5Pp-FAAoQyg
b97ld4OVumQ
O7LYv8GH4Y4
7yYkcRcRkyU
Mb_BWCbwSbA
6jsSyk5bwJg
XRGsUSlxrN8
HLEJ_vq6zMM
Z3RHXcxPqQY
LYJNbQSHwpY
reIgBCnxzZ8
RSf5TbLNx-E
sfBA-9Ywvds
Jpj7oXQexEU
sYDQ-3dTXkc
Vz0Q3d3xwKE
TEYxM8hpTP4
SzxDPQ3pZpg
p6Qss3UNGPk
BiqEacwADlE
UD1hRY19uRs
c-1LtMbh9XY
0SJPLYWr5Kw
JUBJgdKW9z4
kxvKXDjz8_c
KU38wBleSow
ELfrH9SuzxI
2ztUh0n4lxM
b4tJ5z4yF5E
hl7K7eYilNw
23R2ObFlZRk
02FRo6INv6A
1PJVtrwEVEM
lD6q3hrZMzo
3rZ9JIgGuRA
16pliGhxJGY
6vC4eh2Dfak
dPlH6E2otKU
1N8P9S3YKU4
wdpT482ig80
D5DEajTAstQ
nMirVpOwpiU
vDaTPuHn1z4
0FyYcyNqGjI
OnOIONHVYbo
5w4tdjudG40
ne4ao6TANiA
2KJd5ctSjj8
xFIsrwrjHoY
QcTIJj1p7Uk
PMn8sywn3Hw
u3Zub4Tc5qc
zYFn1YFxXto
Qjt5fwp-KQ0
Fd6QvaXGfPk
38W3ef3QBnc
U3fIw8RF5zA
wsazx4D0uDA
qX9uvyF58U0
xLP0W1jVR_w
D-K-yAyPf1E
EBuyPPkiNtA
HtJYxYUDpYc
9CD2TXTJlh8
IL0VYmSatJI
SkmN0gSJAfo
UBEfSXeHPOM
0EppsWe_BDA
_pf7U6h151Y
EYroQ-6Id-4
Nnf62Uhl3ac
L34Tgl6KPoc
O7OsG3wZxN0
7Gaw8oHBhWQ
9IjH_Lm3JWM
2GOxv8c6ouI
ksexL3yzFG4
1tDr02uR2nI
0DuyaYb09kc
XmOXeRm9e0I
Y0hAwEnqTjk
ZQW9eT0SjS4
f6Nyot_CfA0
x726-rLPoFk
P650rBUq3n0
q7CRYwhinpo
mAHaYv7Ntp0
O8GASOXTMpI
Kq4rdmx78JM
93Vjb6WYHwo
GCGsIN5TWqA
P1Dcrh2pjwY
v8Bttqq6VEM
fywiYi6t3Y4
oP6tUqbUau8
RKrv3HZmEkg
3NhlEFQqIns
AdGGAiuVh_s
kqbV5XAitwY
rm0WOZqItHg
BO6MR2s4a0s
ma4FyYZqAvI
EyBt2gg37t8
AzrZ3Y1_1Uw
QyLC8Qfmr20
wXVkyEV9JV0
pYRhLUl9VNo
6BOwq5fQq8s
cfFQrzUcmTM
EUgx9VXdUOk
9teunofA7iw
K0A1dKAzTs4
EfMauU4Xp68
ffZVCzADqVE
Yee3Pmjsfpk
ccEudcvc1lM
5nmrDuAjOrc
XYyqqy4BnU0
oz_R4pBkhMc
RzeAC8TVQC8
iGBNtla0k0w
AVTxMxZYNQQ
i4RPr4rNCtw
FaaIui7cESs
Zzh5TVXaAr4
yN9k3gnNEPw
I0u8HCPo60g
rIFZRFzzGt4
Pc6RHtEbiOA
DHON6gFvLKs
-2dd7SFdsjY
8MHtpvGl1oI
AKP_rVakzC0
8p_ryaJXe9E
dj9IB4Xijdo
cmFExhvIqRM
S6wT2U_xp38
kkzRYJ_CfQA
jjoGLA4mVxU
G94ueY8JwGM
2ZHH4ALRFHw
qeDFXMKQK9s
HW8N4QluvJo
1kc08XxB7vY
CYVhW0NKUbk
_IOjMCqZmAM
tH4k_rYZYFU
fqjcJaxFo5w
OPXzleb7Fco
rDLeYDwZWkA
QJPwDdo3WoE
Ge0dhTit6M4
kBXWn00Cc-8
V7WBMQ6VrLE
ooqTtcQT5Co
w6z7lSkrxhM
fNsoiW_94lk
5wj6fHc7JkA
FXk3wM0Eems
PP9TvBmmMUA
04tENvLeu4A
oUirtPqfNpo
Wy5sm4F1r5g
okl1pdnT_50
0tKsxZZ0HyU
2-X3XivZaRc
fsvC9Tot6tc
fYCPtzACRnk
T11516atJFw
4McpjIiBlHI
M-0_Y-DQ3RU
go7H-1VrzSY
HecU0IUmcC8
DeA-m1jbi28
wDRWGo2FIH0
1Yx9dFVa19o
z7sydScisKs
t8kqtGFdDr0
wB5MgOqZ26o
ePUKMwgH0AU
wMxhRncN_2Q
pR9TqvFJ67w
_oaNMnGogKw
ZDT1sPrhEO0
4Yob2Jl5lVI
Qo3hybgn2nU
M-0_Y-DQ3RU
4MCtuAPON7g
GQ5G2db9aAE
jHIv-c-Rpzw
ZWolPAoDk3g
uEZcZUWvV7E
8ghoXQxdk6s
helaa-qURiw
onh52RLmozg
ztHV5RF-xyw
zuShyQznHjw
rqZXPUDTmOc
v7-hkv9Xbug
rux2801OD3k
iE7EzGfklUw
q8ihXPVLFCU
YyMwSUTgk5w
0bmq6M9yh_g
qrWzn1mxtfY
0NzShMiqKgQ
SOCSTqKOH-E
tRn3hc8x-mE
Pp9sI_esNlw
JMnyre-KXf0
Dmx1ma4Ly44
rO-wM1-TbIE
wJF_EKTDqiI
GmxyYXtf_vw
a04AZ0jMjx4
p4p3gqZbhMo
_JuoHbk1icA
p1qlVx5pePo
CoZDAuLc3JQ
BQ7vbWCfBug
UU51N2s3B78
WuJ3hzyQWgY
QLJ2RMwRxAg
IRzDJi5_Hs4
S8d5nPpc7hA
o19ssgFK3hM
aVPyH8azwEU
zWqXTR0RKpk
guWF5hA4DKk
MHzQ_sAEivY
3S2D5a1YWOQ
VbY64UM4FHQ
JOB_jSwRkEk
XnjxfObsFLA
O8znrw58oSs
W9mmyvYcHxo
k9dMcb0vKL4
8VXwtweSe_8
Ihk7_xb6c30
Tj-G6oInICg
K6ZabhWcQMA
8sHlQ8a1prw
EGl43qWhyNk
lHnv0AstLK4
n3EUHMO-qgk
aeH0BGdbpf8
WI9Irzfb73w
y_Fm0-BsQSo
Z7HaUP1EZGM
GwS5pEfcQNk
bM6jFokRoZk
L2Cubfkn8Js
WxeKunPwmp4
bKR5HDySxGs
ueGXRfwBsUQ
jqFMwhmcS-Y
zlJl8825byo
QvqcTSe3W60
kX5kJ-XxtvQ
3JOZENL7PS0
2uIyUOAC1kU
s6G_Cj3n2is
GhiJXDkKd9s
0zwiWOfwtqM
AC6f8Syl6-M
AwOelkWUWk0
O0o0kLGqgYM
qTChUWg9fEE
J3jFl9wtDQE
fjQ72sGxZQc
FnJ8XXdpq0E
a5KSNzw2zX0
wIGLsOqzzlk
-_MAOBtMjr8
ivUCNkVufcU
suzrg6WJs3A
OGacecCU3S8
kmkiEJq0mP0
StP4697Rtaw
2gLe7zq36y8
EqR2W0DMEBo
TNOtBlCeLCw
F7NKMsI7nX4
W9dgcZfJMps
0EvriWgx4xo
y2hEjg-eJo8
scni8ZNFTH4
T14v8kDGgB4
D77NzQ526PE
3rD_zayv-l8
N0ws463jX4k
yZM3FXlLMug
yER4QwiSl14
R4bT5I-We0U
j3Q8co--jbk
ve7N25R2h4c
sohc3ldU7so
6uFVbjooc4s
jU9fCwsuFFU
QI-cXcwpx9M
QgIqfqrMrQU
D8-HmXAmvhs
UFdssdGPuxQ
OuMzl1Cmc_g
DcSma09I08A
r-fiOkPlobE
lKxkMsJVxwg
JBXBDHyE6Og
lZj-M7VBkCQ
mrcq3dzt0Uk
1LeTnQ9C828
2fgUIQumrfI
9O1PEIYNBBE
evu5FfeR9-g
sosDjVjXe68
aZKdxH71NGo
rHx32Erpyfo
3mF2ORLekYc
8LLxuqQP5Ag
_o8CIDuxCC0
UdGtj2eBzGo
XeybMDpalCQ
4HKoQ5l5_DM
phyd75mPpXo
ThERRUmi27Y
4-Hlbyw0V7I
gJbl7JSyUyU
JEjyn8Cc6bY
TZXrx788OUg
hfxczWfgiF4
YyCCU38dzUI
2kiZNpC6RDM
UoJ-9VkV6ks
W41eGSlbbOY
aRgaliLJdgk
1PoaCXPZMvI
5s5Dcmd6H4I
5TI6SFNDpf8
g7ZLhIjURFw
EPu2ytOzwZ0
cIOvdFpXipg
FhfBSePg7dU
gg7GoEyhxwY
ssDTAwPgx0E
2TP8Bs00Hs4
QDB0z3CHOZo
Bj9EWMx1Uc8
N8SBo5y5zek
5f9R9MtkpqM
xNzhOtyTe5M
VCSxOOYfePI
rux2801OD3k
ODuZcLHcsnI
A34hCHPFcUs
iV2LURTu3eQ
_GJoazGCrrk
G5tn3LvgRVY
tsRMQ-Wknhk
B5QM9QxONpM
vkoJt7-SiR4
Y8FYj1wKyaY
4mSNGqrnJ5w
Zs7RfGbDfqE
se3T1xNJJW8
4Bj6nW2WAis
zqJP22qHizs
qzkN7oBWcpE
9lFZ2rOxqQM
fblST-zQZeg
LlQ7HUH5zAo
-l5Y-OlYeV4
v2tmW8BILyw
LBl-0xImSKA
wRQk0HNjIRU
fuoWarhWFXw
Tmo58JbLUbM
YhMk6X3VBrE
tT7p6H0sNjY
EcnCsDdvz4o
HML_bmwlHrk
P2aO1FR3jJ0
GHgi6E1ECgo
iWezFCdrx3A
qinMdVsDTSQ
yeaOmyZk4U0
-Io3vce3Z1A
saExIm70bQ4
0EvriWgx4xo
GhoDSsUQ8RU
1z5Dgu8J_GE
ZiXXn-8hZjQ
E1-01dPT1bk
QCGh-pXXk6s
nSsvlo6o9Co
inYehUJYmsg
uI4M1cDloOo
PbKSkmUo8nE
zs9s0Ui0FP0
2abcdhcP21o
T2pinhPTTAo
pMxm4g7ASdQ
JvG1ylKhzoo
VkIDX4z25JU
vq1CHW70XkI
AM_PSqjIF0o
akVL7QY0S8A
u0wl5ZU6fOU
KiEERUFh9p8
21CL-QqRgs0
dddFfRaBPqg
iy7v43q-XcU
xflTYwWvmos
VapKUIE3gUo
MGCLqg0Sauw
LcB10xujAIU
daM0NiBBnwc
GdLmdhvOXno
MRsSwp8vk9A
edacHMPgxjI
_KxB6q7Fnuk
X6KEVzgB3qg
f7cECaUAnTQ
FKy3lTy39iM
t46luQBJTi4
vy-jPi8ojmM
5jNqitmBdnk
FYAO5R9_Lsw
PO5KJxTAIjQ
yU_WKwF8qB8
cmLBM-ZKM54
4GfEbzr09q0
PhP5GmybvPM
rmUEgLF9do8
E1yzIaqBeMc
p3awnxNboUE
Ck1Xm71ltGo
FpEZ_il9r5M
dUDlV8B1aHw
ALYk8yBoqgc
jIxZUwlWSOo
IDFWCUvXQMc
TzpR4L2pX_k
phoL7lDLpco
xp1QT5B4-ns
ky1K155L8vM
Nu1bL4Y6aLs
mAfiQpBwF4c
Qy3YTzYjut4
4truuD_xMP0
Wtw6UWx_UuA
7Oir5YC3NW8
sfdQix4Q9ho
Heh2zTPqfY8
Roz_IRhGecI
ql3El3Z1FSA
SsXUPASA6kA
J-bZkp-K6k8
WFBLoGRSwpA
SVXsicFIjHY
-nVh1zLxZDg
Jfny1Fs8fJQ
BUYF3lluPpg
qUSmmNuHYBg
nMLrfTKz0Jc
orajlrxUcE0
iZlp4Lmt7pM
sog0mY_oHig
FVOa9tzhAIo
51AWRyfq0Ss
bRbrT35x_tU
eWmw40ks2yU
_6mZ5SpW_xM
8WzgUZbhrLc
BCWJ1nhKx5o
vaxwRS-XFoE
-JcKt-EFi0g
jjTKsRfVM9Q
ZmkDVe-3vN8
fa_Yf52GCYk
48MaiNp1Uzc
YL7C3FD3RxE
-k6oUOPmaaI
J-bZkp-K6k8
eIIKqEl8xEw
CpYeCNCnEjg
2ggvBufaJuI
yNqy0MKLrZI
OL1IDw8mo90
Scu1_bVhu8c
sBjGZnMRJ5E
HiJtDQMp0yU
JATY1d_ObsY
fTKBspYQkFA
pCrZUSGqpIA
IJF9BaxwXBI
TlhpCklMJLI
Rlnn9KIK06M
2wO2Ags30_8
wTwbEyZc_YY
lmpz3UExO5g
1arBFvFjje4
C8xP06bl_Zk
EMA3pZSkF0s
Da30F--qQoc
EAhCsEKuwXE
3kX7DHrqMdU
uaWliRVmytU
76fDhklLxMo
Eptnmz68Z3A
qoypc4AIJcs
UbPC96r-uSQ
UmIKrrvxpOc
Irvq1CHPAvo
iHbTXIeAC68
Yg-RAfe6LkE
ltQPX2Nncec
0l3YeYGOVVU
97hbSHzRhFM
g1tJ173xaUI
0nVNzvrbfwo
-rVJ-43ZEAQ
g63lk_0kngk
vzsaU7gA5XU
s37yJ_nB7Nc
-BJNodDshyQ
vGs_Xz1vEF0
Kn3JiIBtMhw
3FwQCR0LhhQ
DSI_lbvz9U4
r8m8rJjm-Eo
Ns6QXF_fg04
JoRipftMko8
P5tnfyiWHFs
tq2DTBrYRo4
pmC3RzrGn9Y
pCtim0TgLnA
Gil3VOQq6k4
UKJ5omIynrY
NKXBRTrxDe0
WKzi4Bmhwxo
ZgeeCmLwWXU
CUsMUYgjiMc
m9O9Fk8YvsU
fghFaDlgc-E
w78hrReawKQ
_EoALsrX5Bs
pSH4qjN2v_c
zdez-nHEkWw
NkemGswLwTk
GebYpvmnjjI
JAsB5tgNnNo
ddbJtM-0Q_E
zOQ1mMocUMk
q7wAlTJ6KE4
HoY3dvzWssU
ExeKonOurho
BsjvOpYZhdE
LoTpabbfHhQ
MVnn1I7JX-8
uZqs-5z_y9Q
s9S4tqC2yHU
Y5YQ3MzQJf8
IOZ4G7080Jc
7yKVHGJvw6o
kwyOKO_abWg
9B-TzGVNEjw
tzBvoLKKTwI
yfObOPYPC34
fpXHythjJ2g
85J84hBovuY
0cSIdtmOMFI
5rpQPvoXdws
iLstkIZ5t8g
RhgqM49LNMs
aFpwJpqGjlE
uD7fmRb1ibo
nY_fo1AXpuI
FdsymLhCDbE
ZDWUUyUB-Wg
Jv_LyLLk3L0
_2O0uiHrKKk
ExaDUlYEUX0
yfObOPYPC34
uLXJVWyqwoo
YLljuXhy1s4
kW-xnFyVqNE
KE0iLXGpWa8
z5et825evbo
T9H7v8C2qkM
kPXoKPhkHlE
8L8XwznwC9w
CugOx3KXs3A
joeRfl2Xm8I
EkuNkHaQHtY
kV4N3wqDdV0
IewiiDYIchA
m88YAee6gOU
mufN3JF1OeA
EA_j0A6-g9g
GtOz3OibExQ
mqfgkTSWzkg
j46ombZWGas
X6WQAQkV7OQ
20iS0nq_cro
K_nk1eJl5VE
q1iOrwaePNU
OzpFaBiZUuE
URijAqX-CT4
6sMdq46_i0w
q9-UJ5rL0o8
0AiA9Gw6Rf0
61auoVMEHoU
pEof8E2cF8o
ZEDNrKhCs9A
X5SeSy-v7aQ
2DoX-zOQok0
dojE0Vd67S0
j4_1u3B0Z18
dRz1-hWtEwk
eIIEnwoymNY
ZQPq-5XRtlI
vGsTR_EfgBg
jjWpSfkLyQc
JLej7qRhsCc
vaHdlZrsXz0
oRl6BoLnlVM
a8JaaeRU9DA
34H41GpWaHc
tXJmT-zDbH8
YwI1DTQHONA
RiAE5t3A468
8LsOF6WsBck
ejvZ0bBlrkY
Mq8sU_aT8f0
CCpxBMZVClk
DdKl2qvqUU0
cSjTkGi_jLc
Dc_zB5eQaBY
FYM1i6LQHHg
LGnglC9DTrk
mbH-i55Mre0
_UmhCusFt8s
viu4GQU_faQ
b0KpbYMMtrs
Tha5rjhbxYI
E5hlyJNY_Yo
vuEC6Mwhi88
SkCPWw4QnAA
acbL-YcBkqY
oMJum3gr-V0
AqqZllyY6sk
GGlmg7GwYj8
pfH-88mVi_4
zT0KVsp4HJU
--BLtimivlo
ugFfZwULgoo
FiVUZc5Optc
PLi1DJCALj0
BsWpOvTEkug
ZT9hLpvrxBM
5niE-DayNxw
pKxSzl3rel4
qY829SnAm5M
yapoX2hhRK4
yWZ_yp4NlXo
ECgvrNUKKvE
EpKG0VbZTGo
KRp6WLUEs_g
vqmGflohKOE
jKmqKiShfg0
ZgKFeuzGEns
FugrcVhi2tg
A3r5oyMP3no
qS7_dol9gyk
ttBIvOlNJZE
UI23smTjlnQ
EvbR_e_aNkc
XDfx7apEDIc
fJMfdPQ0_Ks
UmgOM9VgQ9g
3yh3PZR2by4
dhkh4Yybw4M
ZvAH2NO5ep8
-cC0qx5MWeI
jyWbx1XW5xQ
QlPgPlcXPq8
Lk7BR3jINI8
UmgOM9VgQ9g
cxE2WGfrVP0
K1pbnWcabMY
Vx39EZ8J5N8
20pO9a6UXag
rconzwB422s
TcDq5fxvPCc
E8LUAjVLGWg
LnqbaNfvT9E
ElnBfnEuOEw
KC2_HnJY1T0
sQi4-97GXrI
Wkg5nzwaFRE
SeQxY2zQO1c
9kjvXkoDCJ0
wiu7DMjG6RE
v5eD0AAZnV8
ng71lqWvjaA
TBvI7uFAPSs
P8OdIdw_o5w
uhl2DI6pWgs
F3xaPEYocsE
P2Yuv92ttt4
7jec1fQEMNo
WgidHCvjcXQ
LXWOFWhN5YM
9CdC2whiCFw
IInvMv-ees8
glKQ5eCqYtw
9sXwBj2OwAQ
vTOPcabwnD0
XN-rOKEAAV8
KkU2eswVhJc
DrprkRWZ1Ms
eBE5kZfjmd4
HG_0GLyTScw
xAiXAwejgtc
2pu_2PAHDt4
W1-3EWIac6I
O_4RCxLm17M
z2Whj_nL-x8
qD1kOWXy_SQ
22STQkPxQIo
N6MRUGy8C5s
wGoEBnLRpss
tRnbUhLwi6g
KhVBqZEMZ0U
hslbXPIiBZ4
uKIFLgRITbo
NwXYaaVr888
UUptKAVLHDQ
eeiji2IE0dg
7Ja_nKi-Dhc
xwpgmEvlRpM
Mfh-xAyjRw0
_jWmg5PVK1I
nIwxrOd8WVU
SmdyeM_fmNY
WXI5gzKL8T0
dOyucdqONFw
xhpU_OSSlNg
6ZysFIHUyfo
Tsi5506ptPQ
oqH3z0qyvaU
nbWojW_fpsE
zKM3BcjysCQ
x0xzbSq3yGU
LX2ljm-BF-w
qroAkbn8kaQ
7_XwAkkCpOg
06QUSg23Ks4
yJp1-Od67-U
CBGgxU27kJA
pzXajyMvQaE
7ddFhjIyYKc
Y6pXT-i25w8
_tvPkSveevA
91XcQCyJcXw
je3QvqNdHl0
WzPA1TUh3JM
jpjaV2zKIfw
H9SLbJocVdc
hzioGABPCe8
17iMHrh6pe0
oheIk2ZuM6U
B5WGXi2w5R0
6zo6NI4wHf4
i46_torDtpA
CAMyFbymNew
cYt3oom0pJg
LZ1P3W8ABiU
nIHicRZoMXA
eJb1YqRn2Uo
g5YOJYxxJZs
9YGKA3dJ_bk
SA8io1DYUz0
CBGgxU27kJA
L7E1tMrut3Q
iew0jQccC34
GogLW14WEb0
swAfLNa9MF4
gH0ynwoZgJU
nFbypIr4RmQ
tit6p_hDmP8
HXwgcecmqmY
gy6jLvJ8K9Y
iexfpRGZLbY
6zJcAYp8joI
MT0qY3_n1kI
V4NLVPgRHx0
mD-khOWh-qg
SLk-7NRd_pc
SjSVLRBqWck
9K0dgja3mzU
8VrFIIL9HFM
nLSDbNufRPQ
lcrLJKMEbxs
Y4CZsdIMkgs
z1uXewR81Nc
lf6ZBOKGU-Q
MMzx5Y600zA
qUYrdCmfSSE
S1Uk-DwUvJw
a09cYWFZu5I
LlqaYMH39bU
R0GALKdPIaE
jwdrkfYX_eI
08oNGH30fZU
K375rwCgTSs
UHRT79D8Ubw
dJltmJVKvnk
GCG4zJ-BJlw
4xIESM4GHuo
9x1085N_ufo
um_YRFcUVpU
QCu-XnVxhfk
oZhtq3wIIKY
QL2uPDZpvmA
ovFE0WHTwHs
O9SHYzUD6bs
f4qzlUI2fLg
bc98Tmqmjkk
HwuzgLigk0U
lN-EQK-6ynA
K4MABz-XuWM
FcpKG7NDo9E
fCTIJfh2rHw
lUR3WgVh-Hc
Oz6BePABvJ4
awG4hGF5Owg
En3lY1MFXKU
HPTxpX6KsUo
FG7_PCOuTJU
sqRzVL0pxx8
kaXcuhni1hI
Czqh927Fo9o
LBKQ-MIOhag
axIQKVx8r_8
_5EW4n8kTKI
UejIscfRYBE
XSdpN4FuRQ4
zXu36iKV_RE
Y0OtPuKcdIo
3JTjGBvFHq4
1c8J9lL1ma0
_z8Aj6q8Kyc
W4YCVoaH2S4
3JIlZiQ-_NI
IRRCvPuef78
PhhNxWZxQz8
8lERQflFHCY
vCbcTGzlkWo
7Ngab5xoA94
iC6jyVktYh8
L63wGOe3b34
YWoW91OTIvU
yN0R1JuiIOY
6j9CKqMEOcM
DGzhDhk3lZA
0ptk9NAp5_s
mM7rrjKITg0
s_lhywhjlxw
JwNISdT86jA
Rtke65F_P9Y
gQS0tdIbJ0w
kLN3ub3qlJc
pRsa6q7zgxA
zrFqpj8ri6w
K_nhahTUFWo
6jgRrLK2Uas
cyt6IVkN03I
bqMAkbrp5uA
hghs7h6YgB8
uB8pb5k8gPI
HIxn7_b1CJI
pRsa6q7zgxA
DvaJ9py-vOc
iiS36VjFrcc
J249urOZyo8
gcv-mgzLYeU
B-Qt2X229Ew
2y_WPMCZy74
cF8zBmZr7Ng
aGxuBew0D9c
8UmteTW868I
v8nnNw34xDc
5EA1kkrAmOU
2T4UF_Rmlio
WZQsgYE85xc
SL_ul2l0ASw
3lbT0ndIQ3c
DCNTVQYK4Vs
HgKBS1PxE2o
Jf1KhJITFvc
