AeJ9q45PfD0
fHsa9DqmId8
uxPdPpi5W4o
N7lXymxsdhw
q3kSW633bsk
S_GVbuddri8
zUyH3XhpLTo
rjDX5ItsOnQ
dg3pza4y2ws
97t7Xj_iBv0
eUzB0L0mSCI
wCrtk-pyP0I
ZQ--scjcAZ4
M2CMH57hXmY
fu3645D4ZlI
aKwJayXTZUs
qQhUxd82Rr0
u3FB2SuKFfI
c_e1wITe_ig
SAQ-iIJkLzA
TIe2oerd25c
LKPwKFigF8U
CNodxp9Jy4A
Cf7Ar3nEUmw
Yl_K2Ata6XY
AY6Bg4GzCGs
V9K6gjR07Po
rAYW9n8i-C4
S1tFT4smd6E
HD3k1hgbUXQ
XAgXwUwQoPA
38gVZgE39K8
yArprk0q9eE
DL_mJeb6O04
X_tYrnv_o6A
EAyk2OsKvtU
K7pQsR8WFSo
G10m2ZZRH4U
Oo0jm1PPRuo
mNHp8iyyIjo
4tgOyU34D44
kvARvzMErnk
NVKO7UCIlgs
_k9egfWvb7Y
iZCRFRgSgas
SmSJXC6_qQ8
xdJwG_9kF8s
e69XZJ9DEj0
72DCj3BztG4
HgCXdNhVC1Q
R13BD8qKeTg
mXaad0rsV38
UBVV8pch1dM
hbXDLKFkjm0
pCON4zfMzjU
WBjY3QGNdAw
iphcyNWFD10
dvk2PQNcg8w
DWkYRh6OXy8
LgrXd0NM2y8
WIyTZDHuarQ
Y2nQ8isf55s
3LyFap2aUN0
g20JZ2HNZaw
42QuXLucH3Q
cebFWOlx848
-i0InwW0V9k
rjht4oAByCI
2_OEsf-1qgY
5NhIRwCq428
S20-1_XqVPM
s7MTM4BKZ_E
CNQf9vZqv7k
K4vyRvMASPU
aIx2N-viNwY
_dDqFB-PjWg
He30D8M5fNc
y9c8oZ49pFc
c6wuh0NRG1s
TcxZSmzPw8k
EKR-HydGohQ
mUxt--mMjwA
knDIENvBTgw
2OSrvzNW9FE
-OqrZG-EBaQ
9DWnjcSo9J0
cO57Zm-WNmg
ihv4f7VMeJw
5RLQ9WMP2Es
IJ6GfBOYeLc
YMPzDiraNnA
stRPiifxQnM
QD3hbVG1yxM
T_gCnf9-qW0
SQggDnScsvI
AcLh-aSUdx0
6YOz9Pxnzho
wU5XkhUGzBs
ZuvK-od647c
vBX-KulgJ1o
TRL7o2kPqw0
GEmuEWjHr5c
lotbZQ55SgU
rv4MjaF_wow
Rwa26CXG1fc
OWXoRSIxyIU
eNx9tvCrvv8
jIMihpDmBpY
1Xp_imnO6WE
sMb00lz-IfE
zUDqI9PJpc8
BD6h-wDj7bw
XBr4GkRnY04
C_covjcIcZ4
2awbKQ2DLRE
-zShHRkwSoI
PCxOEyyzmvQ
tLMpdBjA2SU
GeyDf4ooPdo
vKA4w2O61Xo
mXVGIb3bzHI
oVfHeWTKjag
EPsG8td7C5k
akIBlq5xAec
N8HrMZB6_dU
1tSqSMOyNFE
_xU3IRbCbyQ
F69uqDIhr60
1TKSfAkWWN0
BLYoyLcdGPc
vWVZ6APXM4w
sWu9CyDwuFs
zNzzGgr2mhk
IcrBqCFLHIY
bKldI-XGHIw
g_IaVepNDT4
5JGSqG8OLjE
ro2MmmdARrs
Ztc6QPNUqls
J3xLuZNKhlY
Hx9TwM4Pmhc
xmYss_hNF4Q
ZMByI4s-D-Y
GzbKb59my3U
cztocbHiiqQ
Iuv6hY6zsd0
5THOUSvpCKk
myh94hpFmJY
x4I9mmd-2Rc
a8FTr2qMutA
WMXhk_SATTc
oPerfpxYJ1U
6wr_Zw1uGY8
uWEp_4fHX4Y
NqdOyxJZj0U
BickMFHAZR0
649iUqrOKuE
txmKr69jGBk
aRhkQTQxm4w
rM04U5BO3Ug
a7_8Gc_Llr8
qiiFMRYUEQM
vqDbMEdLiCs
ADJKsLEAOHo
XBtBdNHBNSI
M4CQ4T_K8Hw
aFO4PBolwFg
2PP9lRSmmeo
ljvX-RMv_lw
oLyfBhi3xj4
SnrdqCQuwK8
5O-wAYKBBSc
uiyMuHuCFo4
og1CzUmnSlE
tDr26U49_VA
mAA613hqqZ0
ty9QSiVC2g0
h0SZZTBQmEs
iQOHRKKNNLQ
Ux33-5k8cjg
knwiWm4DpvQ
8EGXqZRwbzw
cY_o4A1wzsg
2KZb2_vcNTg
E9WUaBGH7_I
Bwf3msm7rqM
7rAiZR_zasg
wQTVcaA3PQw
lL2e0rWvjKI
HUmZrtiXDik
t-3jnOIJg4k
m8IGMFr62-Q
I_rw-AJqpCM
1tXPVTIisl0
PifL8bAybyc
Jip3BbZBpsM
UMnQWn1rkAA
23f1jvGUWJs
357_DHp3Nys
vVKFBaaL4uM
YHBvOOX3RJQ
2kOQaHTPFI8
dMwr0VYuExE
JsytnJ_pSf8
RwTjsRt0Fzo
wGIZKETKKdw
eCMmmEEyOO0
oKb2tCtpvNU
KCL8zqjXbME
p3b9pK-O6cE
Jeb3O87iXWI
X-QFAB0gEtE
1erU-Cwcl2c
KzOkuGQC3Rw
EJrmR-RGjUM
CRSDxGtcsxE
1iIv1SuS164
qQCVnjGUv24
dHT5NZg7JXA
gM3zP72-rJE
Stx6kLd9dYI
9zso7ChaQXQ
TQxeutcYP6I
bcstc1ozczQ
4qe1Ueifekg
hNGJ0WHXMyE
liqF6EamiE4
YJbKieEC49M
wzH_8TZ6oGI
vKsof8ax_Ns
KI5CUGQET5I
EyT3Yukdlu4
exG4aGlCmEE
FhmLBxyX8Dw
lYc7kHXW0xg
zuMjnP1YbPw
5yFnO2O6XPM
cY-kiddvAg0
tYmMtSWPQEI
1ZcOusmB4Ls
sehKAccM8p0
UxbeLdXnaGU
rmI_9Hty-Lw
wQmnztyXwVA
ph8xusY3GTM
SeDaOigLBTU
eVtCO84MDj8
lRbI_vPyOnc
Yf0BN0kq7OU
d57C2drB_wc
_mCC-68LyZM
oBdalzRJR5g
SN1Q5ru2fI0
8bTdMmNZm2M
mezkHBPLZ4A
zN6kCa6xi9k
aJc4DEkSq4I
GmlMV7bA0TM
Bz9D6xba9Og
u7KpH9_I2Dw
7LGi-Dlb8Vs
_Z0X0yE8Ioc
-vomqiURUgA
DBjZz0iQrzI
WwmJ5nMmigQ
2xKZRpAsWL8
JUJPyQtoB5E
U2g1H5wPmUE
b3TRUDKpoAs
cU2dZz18P0c
