fYy3LxdyrOM
L4rJFEYSyCo
X7mqrOEGeMk
h3cxokLKmI4
oelxAGQo-Js
ENKxP0i-E9I
jkk4Lbpf3KE
pCkXtMAeP5o
ItDq3dYAW7I
sF40SmEn_zg
W0_cZr9MCRo
bZh-CEgHaH4
l6wKapTsMnY
wAmvndmXuL8
T9684_2tbo8
aa99PmM3-ss
GYkMgWWvMpU
M3Z-VBKfbc8
1oYNUFcxN2E
qa9TnRBnoi4
Ve4HkqtRqmk
RVw3thxAK_I
HIfeVS32ysg
AiVqwKsu8Wg
9Zg9adP_svA
xMrTehSWfVA
E_wdVwLYfE8
XXUA8XM4kt0
76J66qzJS5A
8hVViV1fFHg
gYWl8NMM_v4
mbsf7Stwddo
JHjHGxLCxh0
zzlsaQs9Em8
9b53GmKAcZU
a_txD5RvDMU
_stT1AeExAY
sqyziIEYFpE
RDYw3m0IAEY
JrZxIw-EQXM
alb3cgyRyh0
28N7xqFthKs
OXkq4E3dZHA
-QgZ5mUgZlI
wY-sTDIM6LY
6cshLexLogE
bwjVTuRUr-s
uBDjF6MJFQw
pmjKlLJ9aaI
7X4ES29tVPc
qp-xxXZYCMo
uDsDzGuhlD8
_xKTde7-m_c
ns0iH-CXEN4
RfSGmmDI3Fs
dmoIE-cE2Uk
7_rXFonwedE
Ugh3bzScknM
MYjS_b_j0Sw
T_K0sis46To
TxMqQe3-sM8
XqYXzOSmcss
Na_il32IMyE
05m5ON7XfWA
hZP9dZAx418
Ce12VKaPd9g
vsD6EAsvI0s
42x2yWvdhUY
US_HUVTqjj4
ktya6_AmuBk
axQAVCKkFoU
Or24BRQ3VH0
TdBEyJWi8hI
tdzqYWmH08o
vj9Ss5AVSr4
pfANf1I4sUQ
is1rMGR32xQ
CQMiNu6FI4M
AfAX5-488Wc
8Xcaw7QDI64
Djq7lFYjbhE
xw_D3sAWWdg
raooYdCh7vY
UHCh1VhyfPY
FBYmkt6gfO0
kMniCOAHa7E
sRNKjdrvvR8
o1xawF2fi9w
DmRgnDrhE9o
yyVKZH_tD-Q
EDmiDvrQsfE
j4q2U1jz8aI
thZ4i2zUM_w
vcE8VMe7r8Y
AEe-jSs17KY
zjiqHD1cqEg
w9IxIBdE1P0
vUmP8Tli-Mc
F1F1c3osIDg
-iK1hOCrgiA
rY8pCRSBd_o
WfGj13vREPA
pF3UcEEUPPw
JN5mZYWTWr4
cWvtXoCiWXY
N_zOkljLqS4
GjvwK5i6BJU
0lxM6vLie2Y
ImVUgd-uU0M
rzaZFArMz5s
YATgznFWKHI
8XyYKG5QM8M
9aUFf0rsNwY
T7aN1WjwiQk
J4HeVj1AC8Y
8HDQs1H32LI
x5RIeVoD44A
w5kAnECELxU
VSTRrozl-cM
iLPN4jk7uaE
CQJIo5wlOco
liCKwyi1Q0E
CFLFKl6P8mo
9DZZYXb0X-g
VWe7IVgHkd4
eCe2fTCBpkc
uXVVJSIWrCI
Z8NarTCoVF0
diFk1Jx-zMs
Cz5ZgLgJG_0
wpKSQpaf0Ys
4gx8mab7qWw
pBd5Pi-HDNw
mK-rZEJd5r0
KrIviZD7b8A
uBHRSQfAsIg
ZvVeMD_BM4Q
vou96yLuWXw
Uzo_QTwHrzs
8FcpJU0X8aE
moGKjfDginc
NpDLhFVYVqc
qiejYWhZVGs
aEs1uOzt3KM
GvS9dGOCC2k
g9I_XnPHuNo
GePTPzN_Nzs
qiUADvG9aLM
_vveM22MHkE
212gNSDmvRw
lYLyM4yKofk
RME_ura87io
jdgg0uDhrOs
E8ebTX-npDc
eXsV3u1uajw
niZV53SBzjc
U87XLxJ8qrs
y9OtfQDwUb0
a-gXvOjvMhE
hoPOh2WX0i0
ElUwMUO3ttU
weCYVYvCwJQ
2EKRrbFTdTA
kuGimWnORIM
7QA88UqmfFM
zChUVv843g8
INyMYy-QjxM
D9qG5dA_gcg
NHmoSyIPrMU
GWY1Do1ZRSM
whnC0yZk5Ok
WWrD6pgRcao
GKfB1trCuhI
klBfHCPgVkA
g9FWf1Zqtgg
7216LGCCAC8
BK55OP2TEjc
cRAfPrQJkaY
yFpHUzNomlc
exHhVQ0Xc_0
SZZ98CfrAkQ
bihdCkIfA2Q
CAbcHMOwobg
E2cSExQXk5U
LK0wMprGMWg
9zgNxwHkWlk
OHQ2lrAjKQk
niGoOr6vmho
zXVJVgThuQM
pCJtkArgJq8
WmQ8i880CpE
tYbrWOfhtKY
G1X97qC4Ues
W3FNcF7QBGw
MOUwi1WHCFA
tbZlWugqZHk
ZR3LUKimg_Y
_H3KLWiltrM
5R9kU8PQY1c
2Os0M-qpTw0
LnZ-0U9soDM
vgQdt8P1Gfk
LR9idu9wrNY
IT7DTn9PKLw
bk1DRGTXMwo
NuyKSo2LNsE
Z1F4RLwLd9E
OlvpB08PZQY
3fJsaw7ql_I
IqZWApreqoM
bvhesHaJyEg
t0y5vFcKxqA
6Ro6FlHe5eQ
Mv5fXVnlCwo
zcMC-A9WHxI
s3S7_-vxzdk
7NKukE_6ARY
o1myVtbbl2E
jskeZMDsDhM
3GKV4Ax83XI
Nn-_8IniOVk
sDzSIuW6uiM
Bx9AaEGb998
kOdXRH5vroI
b9_kSpB_W1s
7k9nXdLs8Ys
mA22crwrtIo
KTwREqKm0CE
RZhLGiyEijw
ZgF0BDZyG3A
NJ5j6tWPNOg
xNjNOzJmbmE
VT0b3mZTr_c
Fi1xlDffnJA
UZ5Gk5JIoZM
B1t3zLEk2xw
sz_-wRlkkdU
q3SBA6ptQls
OeqzbalS9v8
fo2OcIn3RKc
rXLnE9DmH1M
s92haFhhYTE
i61O-uTCy_k
EmKpSa0hvOc
dJyQ_Z0a9lg
I2kZ62KnRpg
0SP2cXoeOxY
dSLs5G4SPP4
