PpvboBJEozM
kOnEEeHZp94
kI712FeoPSM
dDZJXiHmeZg
OeJobV4jJG0
sw7UAZNgGg8
ejUixWn_gE0
NkYCWqzBc7M
tLgttp5CdjQ
ofTb57aZHZs
OM9KepKsg6U
dnIbAtbv20I
DntEoGG7RyY
Uyw7d579nxY
1IAsV31ru4Y
SXgF57NWJgs
dUXW3Kh_kxo
kJzSzGbfc0k
RAGrBikLtTA
LbqGsjWTt40
iBMXoS6pWng
nFTpEV5tgf8
GMOG2yY6pAI
OSDvwRi0-78
tlr7NiFZXII
1DLvhulrG1w
O2qjRG6iV8M
Z0kwsV-rz9Q
9F_8IrwBjRs
VIg5HkyauoY
lNJq6BlVyhM
PXd-sZb5oqA
0ZkBJxrfOF0
r4HOOfBUlE4
cqGnskZraOE
6grLJyqIM8E
I_Iy93tBRSQ
qX0IMGhy4c4
RtdCUOTlXWw
5_MhErD-EA0
0mkkKs4gpnM
IOURa187LRs
E-bFmFVEITs
cgOFQcNZiFk
NN15qkCF8Sg
unMa8cI8-LU
6Ha5Rs2r4F0
xnVORTealWA
-E8bnhIUCdY
G09aIKMBNhE
eN8hBiQBrJM
sQxsItUXH6E
XQVo9jY2f0k
ybaMUDwwTJU
H-zQh9ubiMU
DY6VIllK00Q
6YZyh39g5bk
xD8lk7jNczw
AsACeAkvFLY
gwPxUgYeCCU
l8vGaDPNE6Q
fzOPF3S7fvU
BOKdQfsqpQ0
LtxnP1nOIfg
1SBmvn2-MS4
MeL2rB-61lE
eQWka7VvUrw
VDrfGBFtD5w
i0AV8pv3DBQ
GKns7jl59Dc
8wQnrxL5iTU
RMHRWLHZUn4
Eb8ysiblIrE
ZNFEonWfy1c
yDFAGdxHzN8
rSwHupgt6AU
VOAWz1OrvsA
rq_biW1Qq1k
jtjBsBE5GII
hFidmKv4YOU
orxEmV3V3VI
1bgmmJr2ILg
68MofjH3O9w
AYp8nCGzpiA
j3cOcuUUrNE
HOgjlc1_kRs
OfT1rEQG23c
8uMoOOak8ss
mXmymYHKdfU
tFv1uWikf7I
j9sbGH8hAtI
MHX_oEBduCo
Diy_WYGkGTo
fNdR-SPRAfc
AYSy5n21ZL8
wGG0z9ENGus
nOg1nC7aEwI
7dX14z1l7qU
g4Dj2aIC_3o
xsKWplrmpBg
4_qlo0mH8gM
hvSqgThGb4c
iqkSEfhCob4
KHOBWIVUO64
kO8t0_UsBIs
LcV7IOuMuR0
LVfbPqx_eL4
migdX4Z_Qlc
cKymBcFf3wc
2Cr0ldNxt88
wQVCeLvLHmw
a0QMoU6fDRo
WffbIQQBByE
DtfixcU6QZU
mwdB_wvgl14
ocI025EgQFU
OzD4KN5tV5M
s_lg-zUHbFg
DHoBqZIfNvs
zRs8I4HxTzI
WjW1X9TIlM8
39qQwE6nqd8
fYSJ32sqPEw
NEpqfosDLdo
NdzkqG26JoE
O4PfGC7QsHg
nvOf6nmczBM
V_Xwl8LOXd0
gMCQr4ySbs8
TB14HiOV2kU
f442D79k-cs
PC6nnp37FbM
M4fyBcIjr6I
6XMzMd-O1AU
qLaCDz_Qmtw
BK2LmzH8lqo
8JxYMaay0EI
ML9w-hnGAw4
tUnfhL6C2CM
BffiTEBRKbA
C-F1VKkQ8gk
b4jX-UjRpRA
CYPXY4KhhGE
8rbpmxFqf5E
eQPKNXThh7U
4uQM6krIJOU
462tEdh8NCM
VO5j_mB5hRY
PkAIR5p9Ni8
CaRlehRw9ig
U7g-hNe2I2o
R1wXD6ow4LI
70sAqfZC3Wo
KvLuJrxphnE
T8YMjByt3CM
nNbmMwNA0mg
YdKQS_Pq-KE
hjRDZxUspQs
IjSbFC9SxBg
vbvQlKzSmkQ
LYaBL0RaCGY
fg4U-ajzUUk
3fFBB5DmPw4
ok3NG70Vk7Y
RaLwT9lMh8M
UrdegR7KOqM
beVCBFcFmZA
eUFR6NvaylI
vWhCiIIjRbE
CoKZcA2ZLT4
5XA9HaE4ZRQ
_stE27NM6G0
7tG0Ve-oFWQ
zEIpKtZMCGo
s_v77L0aA7k
YrOa41snGSA
-bTPbHj3B0s
tL3iGE9uogs
Eez7PpQlB_4
YQz-TJCQQl0
Kc93lt1JGQc
FXOFRiM0EM0
zshjQN4rwM4
gBiIksVn2lE
moJvW5f6jzM
XBtyRbsbSLU
MW5hP56Rz7U
fBgDrAjDPqw
4yVE0We52Lc
S7qgQc1Lgqs
sPS592qLDuo
VqI3ra_cI3c
ThZ-VlH30Js
smA6nTR2sb0
SC0hn9jBVEY
PMkgbevPEBI
ilflObGZro0
TwMg8kwL38A
tk2gybNLApo
0NsyM53doJ0
KIJm4QHItmI
TpzQ15ihP3Y
Uxu-wKE9s1c
7ymIWXPbv2U
ISekDo1Fb40
AvDk3UNGf1Q
woGA5RnfI9g
kKvupCmPz7U
706QQFfUIK0
ZC4FjHrPd_0
9HLm4NfN9zU
6GAmliL8uv0
B6kMA-kKxaQ
xrLAoFcS1uw
MJ_441trBsc
s4ycWq9eADQ
vFhqreIjkL0
bqqMhxaoEcI
tfzxGRMD3X0
i8tHWPRPF9M
shjkO_Lq7UY
XmCb3hLtLB8
5TRU2v79wFc
xmna2Eh0D20
mscbvd5PMxI
9HQZ_t1MSWk
EctBzqqGWek
nrlXd6nXxEQ
EON-fhNLN9Y
V-2WnZljqKs
EKkXLZJDNrA
qIp8ESDshEw
vZwBAVC09Cg
FR7kkYYagtU
n3-gMbaeC7g
Ry7_hG_hg8A
RHmlKeH38vw
evA8BG6wPco
vlAC4lz4tfU
CH3o8bllB_A
-7w3Kev9KU4
2hnGHFpcQT0
F-_h0DQ7Zys
1M2RpQCecmY
ro-C1QLNvYU
m3VCHu6XxZM
PKayI0ux0Yk
wVE71lZsOyM
1n_s-XStyFo
rmvo1G7p0e4
KoJeqil63lo
rPF00TIZZMg
l9LLEwJKg_U
4_Ufgf5zv9E
6QvEpCXzcBI
4NLjmX3iYik
GPdta5Aod_c
IwlXbgLVmEo
N7QD8VQ3nPY
6nONAiRMLBQ
ikmr2d3tRFQ
sgtCNueS0Hc
iE-3awHYsG8
sTzgFKUjAG4
zeP5dX-SkvA
w8dvDJroDDk
wclwkQr7_Lk
9950ZsrMFTc
afAwG_E-Y1c
FeceGJtwuKY
p9IBeaAI1lc
V9GT2DVfeKE
Iyp-VJz9Oys
lsdO4kCFG0g
qpCeu92XwwU
-imd5d8qQ-Q
KvUvme5wEnI
xojL9Ye3pnE
9oeRPvHfY_I
O7v_jUW4mCs
xBdK_CTGNtc
SMkekCTVUrA
vnmO67GgjE8
vrkmYrt44NA
LPJiSGJ0t08
eKyO-uzp2Zk
IXTKjVP0mgw
dugFyKanERk
tWXTg7lweOU
jx9asBwkjmk
VXzTovzamaE
Q5YHbTGJnC0
8SakpEVILVQ
WhMRL_TFzY8
VGW1r0rSqzQ
y1WjOrmgkw8
wWZNeyAfTVM
3KJawoSx4PE
oSaR0dCsxKY
0pRyz0et7Pw
LMWw_II0LNA
FEPxB3uWlM8
3dNA-2XATF0
e0aAtbO0d6U
NSYQ2-rbREI
-ydujLM7RJU
2VXhS5kUoAs
bBnHMazt0us
__XIIzbkFhk
QriZynowv0k
9pvV5cqs8Ss
Lx09B6RWciA
apyyuoBaTTo
jwcYxxUzpxI
PY6Ym1nf2Wo
0rdPXK0_wjI
MiaJnA1ptg0
xYCRembbAi4
bf--7ai-gtg
P5sJ3zBU7ug
4_Fj8i_Ohlk
bv1FkXMy_W4
iJ12163-2FU
AxKE6P0LYC8
zDBHrnJ_8AY
v_qIu9eMd1o
zQsTvwsV9_w
fOQEOqqvONc
c4wJp7LZqYc
hHzFnocdHoM
QHrCTO4M6-8
fulclqySbVg
1HfRVY0lJLQ
hSt4sauiRmE
XIaHeheCKsM
F8I-NHXpJu8
Y7Ib6783r1Q
FZLmnIwb-1M
EogsbBnuARs
J3xXys3n3xc
YEaEp7XyKog
sxp4bvwMk7w
fiW4gnaqCv4
MsGgUHJJOGA
QtDWd8ITR24
Rr1xUc5j9Uw
Nuq4ZTpKlBI
8AbHHs6YMCU
kVososK6zQQ
2_hf8Vy-4sQ
1kESHvrjsXM
kpYYCGXEGmY
cpaxGP8QZLE
OSfu9kYBTC4
