AgbeGFYluEA
BR-eMMCp7tg
xna-kdXZQHQ
zRxI0DaQrag
KND_bBDE8RQ
rA5qnZUXcqo
yZlOw3rsPBM
ktkjUjcZid0
sKbeSNChcRk
aumUv6jFdIs
NXNGvDdkXZE
mUkglfXbkjY
wcPzTr-BbAA
MtaXB9kFZ7Q
43-XKBPvTM4
qzDJgnd0JLU
L_slvBJ8XaE
QDCcuCHOIyY
8fU5B4PRTxs
urSpCj7dK_I
JMpuxLIgjPs
CVn-O7f8w0E
zaHZaJ07u3U
VsXqnx1L2Ug
MBRi7Bz8LZk
IA7uM8UnU80
7sLhRj058_w
A5ivVJmAvY0
a-EC76gHQPQ
lO1B90Wb1os
1RHsAUyFCAM
gWoPI-VoFV0
U3lWVLuc6CE
1sl5KJ69qiA
tKUwqyggk4U
Xc4xYacTu-E
J51ncHP_BrY
mxhxL1LzKww
mjy5eokIm3U
b2ng8HuPLTk
WY0j1cZtnp0
OUdXMoY6fLY
lmI7NnMqwLQ
p-VDVI1GMZk
qZXpgf8N6hs
zD68reVP0Ek
skvnj67YGmw
fbyIYXEu-nQ
iqKdEhx-dD4
GAPqEAWW9lc
XHGKIzCcVa0
VhVtK7UhKbI
KUddy8RGwns
OC8_Sjlvxic
csInNn6pfT4
dWcdBOYy_bU
IJhgZBn-LHg
SrU9YDoXE88
ObiqJzfyACM
ffUnNaQTfZE
LD0x7ho_IYc
GDrBIKOR01c
fCn8zs912OE
s86-Z-CbaHA
Ks8WH3xUo_E
L4AJmvzImbM
Y2gTSjoEExc
Pxb5lSPLy9c
f8WsO__XcI0
o268qbb_0BM
qXXZLoq2zFc
ACUuFg9Y9dY
O2jkV4BsN6U
oThh3_Srxtc
O9ak89FwYeI
VNqNnUJVcVs
xn7ZaT3AgoU
ZbdMMI6ty0o
sHCHEykUxP4
nt6ab7BTlgE
nb0YoRMXIY0
JTvcpdfGUtQ
9rIy0xY99a0
K0-GxoJ_Pcg
_Oc9tKkH7WE
Qja4z1HGDQo
scWj1BMRHUA
C6eOcd06kdk
VztSdwYPFCE
w8I25H3bnNw
w-CK8VxMz9g
4I5Q3UXkGd0
mQ0hS7l9ckY
FJB7gbjiJKw
qWAF9PgDg2c
xKg9Vl_Wg5U
dvKeCcxD3rQ
Iw8idyw_N6Q
Dd7dQh8u4Hc
2lR7s1Y6Zig
SHZAaGidUbg
p7THJoRYA2c
yNLdblFQqsw
CPBJgpK0Ulc
Qig68IuPrbk
ZD037VSAG2I
Qwd25JV-jnU
zRP82omMX0g
7uiv6tKtoKg
G5s4-Kak49o
gCBlAAtJA54
PEikGKDVsCc
6F7quI-MbzY
P85Fj8m6v84
L45Q1_psDqk
coGfGmOeLjE
QBK3QpQVnaw
jTL_sJycQAA
ixQbCXLUUj8
w2tKg3E53DM
DkzQxw16G9w
im7DzMr8Ygs
rltpH6ck2Kc
e5jDspIC4hY
E4HGfagANiQ
kdrTQlClb08
evQsOFQju08
GUCcObwIsOs
lD08CuUi_Ek
1T4XMNN4bNM
IGK2KprU-To
aHtjhCxRIa4
MVpkeBYZOrE
L6S5amkCoyc
rYXdsOEWBj0
DAcjV60RnRw
4e_kz79tjb8
eiAx2kqmUpQ
3teflb1QNN4
Z0zConOPZ8Y
Do1lm9IevYE
4fuHzC9aTik
_6nSOgsI_vo
b2nqtiam25g
R3unPcJDbCc
hYf6av21x5c
jHbyQ_AQP8c
U_nHZ3YGT3w
-yrZpTHBEss
F981CD-8YEg
pPXxhgdtcXs
yBs5yrDyGqc
3_7KYoO5qHk
ByQyW7wj5eQ
BhtgINeaJWg
UaA-ZeuEcQ0
GJ4Qp2xeRds
tAj0B0g2F34
sAGEOKAG0zw
jGIbUK4nw00
aNgE_hf41NY
EqWaWyvuClc
ddV6jyDeCKA
I9LbG3Y0_9M
SBxHJI9syC8
HFW70hUGRsk
hup_8uDXJx8
9m3dQC6IfwY
cOi2nyiWFmY
ySjk2_4kDQE
3pAnRKD4raY
2eUDExCeayw
69HCbzffHAc
UNmaARtB4Ws
Af3ZG47oT7I
L4-F_UakaA8
BTOODPf-iuc
kXLr_bIlz4A
_UTZDR1Go24
Ya2D1ao_n2s
Zt9rvaijpPY
_tTwjDRa110
qjfaoe847qQ
_di83KPJY3s
7k85eD_tQZo
DU3OdTLuHf0
Jf7Uo6nqaIg
Lx4YuW3bagE
HiS1-l2xadg
ghy-FMZSJR0
Hu73WFkxL6A
8pxH-wqtV2M
K93zcgFsynk
atI-JPGcF-k
93M3La8n8mw
CSf8i8bHIns
OYx1wPSXkUw
WaUzu-iksi8
V9R6zFpf9Gw
RQlrSvnG3dg
7GGzc3x9WJU
6LyCC6jjcx8
_QPcclYWOr4
5e65WRAA3T0
Y45aema4iyM
SLSviqKGxSA
kiQRPRkouAM
bA32J-dmtC4
YMTLkDrcr28
7c9f9sr6BPg
yE8rkG9Dw4s
Kob0wwKtyC8
WVt_LIbIN7M
nNBTLbw1_2Q
qnJHn8_ER9g
YBi6gUbsz-E
0tNFEXImX0o
t1g0uoBlQ68
6zvspznTdIM
buSaywCF6E8
5Dgkc3ret2w
rdHRX7iIAQs
gLpUe2vVEdE
6SI-8yZSUPU
-v3R678Pvj8
R4sYp1FPw-0
NT-fgaYKhVg
9MgctssX5vY
77tnUHpMQ1E
Gg-dGBo2D1U
KOFqBrwld3c
VYqQ-aShpBc
Z73FefuxtlM
VeMNvRYstxQ
xPp9rvLvdxI
J2I2vQQwiyE
nKi7CzP9Dxs
z4RLbtgaWbQ
Wa1eWChj-o4
hP9zimdPXtk
kwuwJURHgX4
LX07w8_uNtk
UIcGn4RcvlU
1kGnCB5qpOw
6e1ydLyZYe8
JVwYB0PY37k
4Gs2ZIwkXSQ
xR1sLdupUDs
P_O3eeVGYik
Gp_pB9UCnIQ
jiJg1wGfzWo
y3x9hz1cGWE
FqsIQk0pT0M
C7VxAOHeF4o
KB24FakYVmc
vhVHxojwFgU
5qJbsMb4RPg
9UTGuXvpzbU
sd-Ti6QFeaU
isEwaLUiLP4
YXoYccEo1XM
9SSv3ASZ-tk
o7tpBXOLV1E
gIAsT2uDGxE
-FbRbTWf5JM
0cq_SgBd0-c
8yozX45QCqk
sLN27wguj2Q
zwX95UaKCRg
GRy43ljtqXE
4QLtftU7xtQ
eYGP6HHYH3M
STsjV5_ZqWw
E-QQgIX6xr4
VmBDBfBhGII
xWCsRKbXJYE
yS-dq_vU9OU
QCxXWKRgRvk
Bgc2-3ozo00
SXV2lc0qqnM
3BqHn0u8xFM
yhg4jkloYQ4
PgulkcPkBdk
6rSVf6KruKc
ZXBu2Htnie4
X8pcznnWbkY
vm60AJRhd1E
SCognYXKTI4
mF7PXstubvs
_ASn9eJNL64
xwuyBTTuUrQ
Tpyyr9e169Q
n4PehVqiyIQ
Qvx5Ekhddaw
zo1Hd3tozKs
sCAjHCyfjPU
aBL-DhdeAYc
ho8KVOe_y08
pe8HjeI62J0
e1-qBvAU0tY
AIdIu8SQtOI
G3JJLB25eO0
DS7Si3EJ9gE
XxWtPMv4dMA
VH6DaZ7pVQo
lCUMNEGiZxY
oatPso4yXPY
eyjLSzq9SBo
k9muFAEq_-c
O-621MyYKKo
ok4wZONsvSk
I31pi-6NgqM
1YRxK-hWg7c
F3WMSWJ64Eg
xLptmqmMWtU
3Hmw-W2zVZg
GDcJqVAhNbE
cVvAhPlwi7k
j4NjpN10P4Q
7tmVwvlPgGc
1cgy5SRIr2c
4ZJWv6t-PfY
6n8L0I-CmtQ
c1v4ToZQfkE
rJnrkMSDBls
uMEcl7AlFl4
S7sK-SqNoMo
YaTsPvyTCLQ
_JmfyoB2jSQ
gqKUC1jZ6Cc
TAJ2thKBWXM
kXBvaj5eFgk
631u-hRSLYA
LHbOv-9yx78
eXazUguoWXs
jLSELiIvSqk
CqPONswzchQ
XeF_gkwryFM
CK4oWbidhyQ
1oUqQRHcOlo
XjLF4-XUH_A
nMfa45kh9i8
XjQoend23TM
273f0aNKuy0
TXTGvFaqIXE
eEFsnP3nUR4
lcz2xzyDyTE
P2_R9TGQAYM
APv4QrCdI_g
jdA1VRmgcWY
7wupvHtEbEU
0xJx-0YF5vs
p5SoWdLO8Kw
OpYF-R8IE8k
4VB7xyZdR8s
QdeFU_vRBT4
3KVSyQ8J3o4
u1zHOpQ1xek
G8xqKbqqWDg
gKmLpZakyxM
dacojrlGM7Q
B4hWxI5_5eo
aNX2XCcy514
YxwmC8B5wgg
hglseVMaoq4
qYmv5lPGdcs
VuFSLaQapbU
gVF92BfeL9c
qs0QujceVEI
3x8Eo2TuKHI
nid0tHZxBA0
ayYSOAbbmWc
wgopoQYzeTY
m_icISNqoS8
4R1WPK3u8II
UaOeE8AJD9Q
GXDKhCWUY8k
1BuTR5nXS8I
