zbTs2lwDW9Y
lEhyAOunq28
USAKOFHDgMg
QHdRFUJuptU
hQGDx1Z-B-0
oH_OK6OGr80
F-clYzqPTE4
DyurFEAIxRA
t0tA-z0P7Fs
mM-5DhIhYmQ
ehchYzwEc2I
cAPXQtT766Q
6x5g7_OoGaM
jpaHRQl6wG0
QyDuk-eAFAI
572myXhqNI8
TM1_rnoyxv4
1bktnE9QQWg
v5Z23sfv45Q
f0z8PXpibII
Y81BlyTUwNg
8qvR6xMKoUw
hzCvY0ENrhk
Z61d2C4KXgM
tww_a58ge0U
XNxLNQxeXco
q2kDvrs2VEs
Q4Xys-IRMr0
r5q3crfRuLY
LEo81a2w07Q
Hvqtzt8O_fw
RQG4bxZ0AIg
KhZo6uAo_Ms
8VzSqYooxmw
0PyUwmQDnn0
WHg82Z6CKy4
Q_EKjr4G1qA
Ba22s5U2FxI
iQ1A722NEEw
Zjwh4nSPEs0
mKIgg-0ilao
HAdWf7vE3zA
Wd-RbXOktTs
-iqrtHHmTM4
jdhFFjDnSG8
KSQhjhoEvLs
va2iJ5W3wrQ
v3uXy1hGVAo
OUev8EUAIXE
3W_YgX6tepI
ukKxi8P6IL0
xzWdwp1HdBc
rdt85jgRHt0
ME3sjezuckE
sLP9L-qJqcI
kvrAFFVVE9E
BABLs7NN_d8
Kf0hjVZdyr8
kypk9na_wbM
9VYgI79nFtw
5S5DdjWwUPI
Nvr1Yzoi_N0
q2xk3Z5061U
UnwrooAPyo8
CS3bBO05fpU
fdCDQIyXGnw
GPVoIoj4saY
oeZxTb6LqPU
4PuV8AccRYA
nFFLnO6e0Es
QmXR46TrbA8
tXbkwi-nwB4
Or8VK-pJBkI
DBAHdc_-bHA
Pcau276KN0I
RAOK40pyhxM
22ezD5l2SQU
tHELVEpWUJQ
e2Si67zozpI
wlEJZwevXqg
SIhwVysyi6I
DHho8Pa0O6I
fVc6S15TFK8
GnzWgcVMdq0
W_mxyHXgB-A
Ehzzm4rjJj8
h1PZd6rA_eU
16s56-tLOYA
woaKYa9X2Ic
1XUk_6_K_fk
8fFJOzXxB54
DYqAATriiAE
zo26uXcZBho
qnRPHmrPQjU
TyLTrejawx4
EWXdTwFHETA
wlBtmqJam6A
r4XJfGpIxzI
766V-KZvmP0
v2aShVTMMNc
HFjCBstBnj8
ja6jLWbbOik
t5sF8GEvj5E
UqStQ6csTCE
BWVIQKKhWWM
WhT7XIZh7vM
tehN0WSJxj8
nKy9anN-kD4
aLMYq4SSl40
bRDoZOF1Dgk
BEnOzPcleRw
OlgMWMb_Dgk
7Ss5vZyduWc
-EEMit5sr5s
EZV_1cSSD-c
jGzsub7gh2g
V_EdWuqNF7o
EFmPZv7LIdo
lwe5KTdzSHg
GKdXDynqFhs
e8r97r42wEo
TqLSqmg8HSU
hwEQQgfvJ1g
32LkVjOSEkE
tlEPaui_Poo
2M5cavBR5Zc
_-HhCwYD7rc
VwcfkzxNre4
RNFbU-LRIgg
gsM_CAEURKo
WDmT9BYzUxY
