8H_9ZwJg2_M
_6C23dVddv4
FSpIa3pdf48
48mf2QUtUmg
2FHv1CcBJ_k
WA073Ddnosw
f1ZCfmjzUZM
NWkBccBtGAw
qa2aLkXw3OA
vm8qm5e-mcg
3Jn5yhsLWHg
WUscjOnW97U
-QTX2pIRLmE
522T2axRBcU
ijnGIlhOH6U
umo6pMCkcXs
SDMgFplACaQ
Rxc0DQs-6qw
g9gv1XH9JCI
h-tXQP9r8NQ
sLGW4e1rqig
THNQE7fTMWM
zLhfOvzRZVM
ASoaHKRGXu4
KqW_ElEnLGI
X6-trQYG2XA
U_sZdX3tFFU
H5yvhP-9mik
zRgvi_Jek-A
eiviEPNC2yc
AHnsmwVCZuk
U860z3rsmls
s8IfDNHsCLE
xksMpeMHbTE
_jVr0Xllc2w
_-sTbaH-aA0
yeDgFtc7bkk
avbvhYwvsHA
X1jSMyLedUI
8SXLtltYE8w
Vv9cGjFi4zo
bHZPK4s3GxI
N0ouHx-g3Jc
jtsvk3Oe96M
Gy7R9wrlSVs
WROjphkh3NA
RypTVBcsuBQ
nUNfaaRLTUU
FBa59EL-axk
uH9mmyC9yv0
LfMe0dsxk_Q
pfKqVBzSOps
rFtd3uRaNUw
RTYVxCFJ5QU
pLPhi9gXe20
lDAjGhaKSsw
sWdDGMiUgkk
ZFLVXfrdGUA
8YR4ZrA0xeM
stHk4_VePds
ao5_wQI-GSM
YKcldVnVEP8
2DJzUtnRGKs
eDpdDW97W3E
HnvJhT-3x-g
Nl4FPqF5HOg
QDZtUyTZJDc
AIEmvRlPzCc
yUzr5JW3fSk
Rf2pqa-tbm4
0O6rvprlzvc
4YEw0smzzp0
fZR2sdimrng
Wp7f2ftkybI
EFtbwP4UuFM
SkNQoqsh8ko
6UcQxHYda54
W307nbJNK_E
Y5L1L-oFP8c
es8iacHu1PA
ujgwEldk5Jk
g2BeT8FlYUA
DxFPmF1puW4
X0gh_Te5gNY
HA05pYsXV9U
DSc8q1ONH0o
8qJaNnZ7zJU
NZN9uq6d8qA
y5yQXtUeyUY
163Cb1bAW7U
T-2xDDsPsvs
daOukG0oHGI
dLYUc5t6wag
jyt9zxGBY6c
9mXDz2rYeh4
72H4umOjeI8
kr9ThDBuibA
LK1vxCq2yMk
Nr7MK8aw8OM
P9SZOQ7R4M4
q6WqJYq9jx8
rN_iLRH2yOY
UiOTSKBy6ME
AsqYW0mRWOQ
USKzAj1dOq4
97pFUTFvuEg
oNSCz9O5LvU
KUgO7NtgNF0
-dh9pFVHOT4
vFANgWN2Ul0
EMgfQMnPtTg
zm1cPHZbDPI
PsotfzGpby8
S4kzoEAyQaU
IHy6iXcj004
fe63AZtmLKw
mgG7TngN8M4
zZ9QqkCrJXE
s7QAVmfFA2g
QMnUZkNYpD0
oK4c3Yw0JJw
65TU-Scw2mQ
Mvm8RTdJgq0
rVNBl1y9ypk
7cGrg2Gh4gg
Al_oGLbD3cI
iOIwZSXF1Ec
Bt04f3nrZ5A
n93uwuXJgrw
odAifFOnWKY
CWCb77cdZcY
i-fNKErt1PU
TpIqNpWtKEU
iTPTrjQ_xPw
XcFbh93tLxU
vH8q836KrQI
ELFZARNWBJY
kfAU5KxV9dQ
NnXRQ_j_xB4
T_JSk1UZDbU
4YEzQ6OGCNY
VqDO9LyvXPQ
SSEVmgebSKw
M7-qnvEKMaU
9FUiATEJFCo
27rhHfBugnc
89WKPR0ZShE
pkD-xOHpeuc
O3K2thH1goE
b8KUTZUqyzk
pjDnuc0y1Gc
skG_9ErWn0s
lK9rhr06lGA
5583wWvskqI
m8AkCQo75kk
IPAqPA5WF8w
eLfoNVG2m4c
0cVToC4v8TI
UtwUBL0mMQQ
9Y5QZ77-WYw
87404S8oOAs
zcFyXaLeXko
PvfRqMgVpz8
-ZjuAeRLjHM
-zw_E4qwuNs
ybXr6c9j-2Y
Y8uh9eIBGmE
yCyeiGXgHig
0reVk7l1mAo
6g9jMjOm4bM
PtfAfZi8xOc
R50b5aoYgkM
cV_BTUGPg7U
w5SoLmzBro8
r5crXeoBo2w
vUFPuGgLZxo
f2ugilZpmxk
UzJQUJRRaTw
TROA_0RxZmM
tHLw7ox458c
467ehoaGDaE
BFeuOmKYWmA
EQB6ctBXNzs
WpdFndbhQZI
l_c2hqmFBdM
WQVepBDGUgM
9gQP4ffowCY
tZ8ZF8VsfU0
7OevEml84BI
5Y2yHDBaPsk
F8BxHzcL6DA
0UbtTtrFG-M
95_-hv3yWWU
LXsj_7n4aWY
MkDXcP7JNOw
H3Iy_wtyIZE
ixJ64re9vV0
Y8Wp3dafaMQ
GdKLJQ-THlU
dTkk4H_CxKo
umJLLVa9ogY
1XJhZVmORlM
be3lX63pGHo
1j2Q8yXx7vY
5jR3pC4jDjc
BYT5k_HmmFU
AS7LUOAW6pU
JB3v3bDba5g
BxwZWXBwxFU
Tw9q2P2N028
oA9tPuiCjAo
PLjT1mBClVI
QgUUhNTDwaw
DQz8DGEZSQM
N-4sihVgF2Y
juwea9X3Guc
_Y6jc1mLT-8
KJBbzmlSaxU
pNzEUb1vLKE
PmJ8wQKY_V8
gz9FN8azN9E
7L0XYy700WQ
bN-vjCihHs8
bqLbXhl3Cxk
QMOpB5tSPVY
1Z2V53wu-KQ
6N-cG1cshpc
rORIDYHOFTQ
6JrOkT6VYKA
OA5Y7wdmv8s
6dsECbVahBw
lUbLZiFd9V8
Zw3uN1JZfYY
taJq013z5uQ
FaclXqpBpr0
AaJXXSaFziU
mmiXbbfWPtk
8LHdYTngNxk
dl-eBz1_MG8
nqPllDOXRoQ
2cMeyHKc2Do
z9OcG5A788Q
j1qRXA9BeVc
YPvI2rLCIFc
ZtPfyn4QLPc
fwn1tGJ477w
65uRX6DNyqQ
C0zsugZ48hM
nbo1eF8czfg
Ku2GE-XpaJw
a3_j0BlbUy8
-mAG-0PKpgE
r6RIoxmQkng
p8LxDmtCQ0g
ZgQlwscDyus
xKw2yCsnRr0
3y5t8rVglFc
8JN-JmpWfg0
e-UU1_zns94
2dQMeVLHqL0
OMKDIDCKVfI
sd818GIdNM0
MG7y8J0DXhU
EsEFqi1rORc
TqiZnHRuQ7E
SH0yN2DS1pI
diIdIBqlvag
hQVSmnMA5SM
LueVmefY_Kg
UW9oF3OPzqQ
35P_9MgxlQU
366wq306duA
fs97_X0y580
2de3LhPxpZU
qnYwWrFJeqA
gHA_WqqPJvQ
YlptgqP_PEA
Lt-paZAUKeQ
XujwO-7oqu0
2lb-gtp7V_8
amETphI1kSw
p162TQ6NTc0
ePPqAozQxgI
6WJqcQ_v8qw
Lz8mDEKT1lM
hWFDHynfl1E
0rT3nDtO7FQ
ahuVHJkIwjE
HecxXlx1NG4
-xqFnWPOslQ
S0QNCv4J4Z8
C__KM7HxlS0
fYGpMa1TGzE
aPyXyxrS9g8
YSCbcKNqEyI
k92qi7Sg4-g
C-5tEt2CUro
c3r03STeHCA
LJFSzNuouXY
rPJL2AoxeBE
MSzrmKdTvDI
nJwsKupnKwE
ucTJ7Jqwsqo
E85feLp-gx8
PVkzxDJo9-Y
FJygCgiPZpA
qItCmysFQdE
Bh4SINIphrM
rpCOjZvbAcY
1V8zD3ecfkY
4iGnPZp6_-Q
yqbJh6kVLUg
rc5HGMcFGp0
vwFCvSQSsVk
WpmKW10d_TU
QMxm-aXAwc4
Y_8Yybo4q_A
iHZ_pmlowmk
wi5HbZqzvlE
gWiBTrlVQH4
TJl3cEOpFH4
2vtMwLAVmxk
yKf4MtZ4RQA
bWOl0VNvBYE
nvklsOQiwOc
GR0x9CJyi3U
1qOUaWG-4Gk
gkilQ87UUj8
CpLqTC2-HuA
bw79W0i3JmI
yTfBJ9JIgVU
lJss7x9qEuc
AUhtpkv6mjE
l_JOM-sVbKI
g17ziHN59tg
ETlQqHAaY_k
45nYyUn6Ya8
D3Qfm1z94BA
NA2VerbOyt0
ejAUKZRTOc8
57RhO4ByhcA
QzYx9bYHxKo
7Ii5puoNxTM
5RwhEHzuulA
01VOISj8Fq0
NRvQ-J8txMs
orVlitVSCAs
Y5uH5GIpM9Y
QQWnCNRq13E
0OEEIsj9EGc
xGH3029HI58
C88eoszKVmc
1AwaNW-Kwx0
NnzcUXk5GUo
EaU8PD9P4ss
QDKh3wmyciY
0k1JsoOkOU0
91XDnA9z8h0
YDMu2VNBw_4
-ZswD12OdW4
8X03oNKe5po
d3SoSKC-D3U
3akrI54iK90
qRlBN8jGq6g
JvJTUZaivCI
VoCY2nYVQNg
WQFA9kq9XNE
GcT4Zgh7sBc
6zJF-nJ-ngw
qavNOONOuRw
rmA0WQdM6h4
14b_CkurswY
Qcqr2CQHeJs
dLUHlVLyRxA
Ck40vUcTqV4
a-u0LwBGd9M
rol5NRGc944
ttu8va9_x1g
g9dWi_NQc1E
GYBRPUUSHQY
s3CGfRJaCRc
poit_-c13M8
cLj9WkYRwn4
bJUuOnsRcvc
0MeLIigjo_0
Gij5xNvCYiQ
n7fqkISpeQA
CMagDqJDcLc
K-6xvjCADoo
QkIzYjFl8LE
Bz6xD3xQiT8
3Zw04hraCVo
Ulbvs-DMriM
9HppnzUrv70
YqI6jgTUGmc
Ngp1Qd8D2PQ
J7qYAcZzK18
HMeTZzqecwE
Juu-7H0Z2RU
p9kCJvfo28w
H6I4vlLOIyM
i6esRZLAR1Q
_E9aOuf6eI8
KI25easQs2k
GX0RYi0hVso
iHT-xeU1LEk
q4n9c0dGy2M
Vz3eOb6Yl1s
UlFHzQ7pq0Y
w6V_YKn8i9k
zxq2ztkE0eE
bJemN7zGhF0
80FP_ivdWnk
aHrbeBTiO5w
Dqe_feNbPRY
cOyUBtJFJvk
cDNCv-ob87E
b7FFwOVhs-A
_m1WBUkTecw
8tf6BS9B2pY
cPNDMeDN07U
Y68mGbvZZZg
lVDaSgyi3xE
pyb1nKY45Cw
hrHrk3NPNsk
Z0l74i1Sqxc
MTkuORuh9xU
AJCmZkXQokU
8LazrN57iZg
34myHZKSGBQ
0_xtOMiW0ys
JBY9qJpU0W8
kbPBjPCA-gQ
dMD18ZF0MLo
QMcypVVNtOs
2kMTSvg3PG4
s8iAuBdQJUg
2mt3sIWwUSw
K-qgVmsV3hM
Rm4lLxNvfAA
feizy37qhWc
pjmPIVeJ41U
4LYC7Huhp7Q
0CjMRooWaQU
T-PKotyoxys
dmKEltYUy6k
hcApm_xETqI
3P3zh4S6RmI
qf3XrZW2o4I
XIoAYq9iD4A
yNcQGaf4wyE
ITKfr1qOZ0w
Xh8akuq-MDI
FPO3aenqT4o
O-IcPx9uD0U
CMyLbPvjTvg
-oU0PtX85DY
A98tf9krihg
lPlN_HIU55U
z_UIdPx4-uU
mJsyzUgKGwY
bJp1ptX4F3M
5Nm61IoNdHg
zeMlOQsu2zM
IntI62LWSJA
2VEQRPm_HyA
bZWVp_qrD8o
