AZUgMZ3Qq0k
QkIVO6vRPMo
5Rs1B8V4vx0
PYQoeN6MDns
fyRXqSxEwSM
wPniV1FY5zs
1QkcDzCS9hg
lK9L8r2U1XE
b482gkoiGPw
MR7A9UdDE1E
Zo-ah0_eCZU
zYxRwd9zVQs
DRHRFJ75eUw
tnIOiRJxWro
X6mA4jYnlAg
ZjVzRxhCRpI
Okj5O75q57c
rFe2SYS_T8A
VpjwPTgenMg
UDpWdSNJeEc
xHb8WkFqQ-4
90ohjSXXW9A
hT9LFddNXww
TvSONp3vBdU
kjv4P6AqMmo
M6cZ486mKsU
PYXVfZTcRFg
0MXEfmPbmDM
fV4_Roiddyg
m1f8gGkS7yw
BdJw1nKFMQA
fYLAb59WlVQ
wriakmC3b-4
Uk7yyRKkTp4
_XZR5Pgi4zY
-HxP28QcnIQ
ONIepUC-NaY
K3aGRkkMCIw
A7_vVVzOfYw
npHgbcR-E6Q
STvbq39FKwc
i5rBjrghri4
3YX7mw86Bpc
qyOkICLqdAU
vWZVI3OLVmg
OTHGO16Fex0
fpqxKYoLEEE
XnQo4cdb8nc
2FvO1r0C3zE
v14Xb5dcTY0
XMMyrAU_q5I
dPcXB0MBJUE
b6vfUZOcDec
Pb5I2o3dEAQ
mXL0EAfP0l0
Kz2ZMl1IU6o
ukfgTUP6YEE
ky4ax0ZXFYc
GY61kVkMLAo
tvXN3AAgDl0
TMcRt-wnefc
yADrCbjpgDE
uiMgrvvCXos
S0UQRCP4b2w
qT9gCII7EOg
I-p7Fl8_DZg
tqp3fpKhT3U
DQdHLlWSuL4
ndR2407bUAo
2O9nd6O8zeA
1a9tO-OF0Qs
Zk75p_9EyI4
Jb-8lR8AngY
1KUMlqKtDhk
pa6vEi3JgyY
WrVVP_QA1aE
2CHVtEYtUlQ
_YBhTHgB_jI
w-TVp9yyRwc
qiJz8rX8P-U
RUieGT5n34E
Ra39CBnqCgQ
rVXIrHExuEk
73-ll0UunQo
Xc6Sr6J6tOw
bW0c0DvFq_Y
CnsGF8Br95c
inmeWA_Bw40
MOboI7sL-qk
m8IRM9akQcA
oQciY-hrT0w
TGNOiLz_vJs
lSzA0sH5n6M
rqwBG9qOKds
tpezMKFPwPE
va45ys-WNI4
2zStFEQHhOk
3YloS3STkBc
p2b00iPzxFI
JorKdCs-8s8
FGvWvsJcIEw
XPmgQBSenW0
p3nxJnfw0O0
cYf8WbREzOU
18MlrDfKOh0
ZK0ZIAqVHCo
j2vh8d3ic78
29_mCABUBO8
o-Paph_KDbI
02H0eD4vC0M
4Oh2cr4Edkc
rK05KElGMOs
Ys4g_dPhsGk
VftKHbDzhgQ
nLcFskaXPbc
OnbmN98kbdA
__6CfkI3AZE
qx4gVaks4Bk
cmwT6eRbaRU
4rRzMeAkULc
Wyadt9sGUAk
zfIajfJ4J9Q
P4UmUcmLbRk
IXrM-LlsFKc
ovE3indNeOM
zR5XMH7VWEU
4mQzEHpGY7I
8hdGq9g1YFQ
Eq50dMEtXQs
8tBNs-hDt8Y
UYFSZb6hGNM
D7TSbAc1hXQ
TMFW2xayw4o
SbtZtT8FGQ4
vgpZ4Y4tEPk
Kj4TvL5pIc8
k4Vk5zPPMxA
5-TtEE5C2_E
bOFlMYZeg84
8Uk4KWP3brk
wwBF1HNd-qU
ZGhhFF47KVU
wtg2NAyB6Aw
C6oznEI4A8A
jH7RInRDJPY
088WCtNjYIE
SBswt52el9A
H74sPPAfEiU
sQhXT1TQJUw
1mJ01WHbdxw
bZm32_gS7hk
s292eRxhmms
QrtNiMMCMt8
cFOenexaNSw
XHA63sOm2yc
ZvZAIMEdWGk
1ubiCdKNKXc
PlLqf8L49sA
8VyBauMGyLE
pNLXdl8X3u0
salexiferQk
BukK1R3lCnU
c_N5J8R-ag8
YhCD_FGFCXA
ayOIWXTOheQ
AJ9OvAqTjI0
v6sFdawERRU
LBk6y7aM7js
X5x-RXLoLNU
aw0_neqg3Eo
l6hdXEudovI
W3HGUVNnrh0
U5UTb9c78vE
eWQO3aTgFDg
UL5k7_G0l_A
Fzm_desW2Ag
hj9RTDiZBrA
OcAwMTuyAxQ
tMIWhm5fZKI
Y0RrP-QOn4Q
SSi9hribxrc
6s1b0Aok-HU
SumoaUDpe2I
NSozp4_QeLI
rABpDIs3pBc
MLwS-GYIXzM
0zdO54Bms-k
TNk0OgRbnzg
9RJ8AaAfaIA
vvJ34bX2ObQ
NGAdawyviMM
nQqxVXxS4OA
NC3Z_Zo6nGA
Wj9guWyFmvU
qnB3L5xr7AY
eGZa6RxbBkg
wpyEYsVWyLE
uRpQ_iXiDqc
xThRxBxeBWY
1O8YCGvb5o8
JWGd-Uzj2Ko
07i6lyNMeKk
bLcOxEGidtM
jxlYncI6EKY
svskzbhlWws
jgQdfbzfko4
ilAZ0ejSyOg
Ip39hjCmric
GL4uAPUOacI
ovaUf53LPMA
wwSqUB5jyEU
LzXfIOWkwMg
jVRooXrfdUQ
sa5X97OQLHs
uJeJwsOStxA
hPcZXjnbHDk
EZQbpGmOOlk
WbgyyhwVO10
HjQKTaCF9ro
6EZ6AkRUyBI
IcWo7Ks_zP4
Et7H0Uha5Es
53bmq8HJdZw
e1BDC676GNk
gKJJGmssdaM
bOIEY79gxPg
eHPwDzsykSM
koUWEly3Fug
94nJIAwjyfU
iEwPrssD9FY
nfmOx4_R6LA
Txz80bIM_eA
ZGPgVn72tY8
VS-RYmffzpE
MqU4b_VZNoo
_Qai4RxTJoM
XJJ7z1woYmg
bp0YgXcZdUU
c95WvGV5HMQ
0NytgWQ45Ak
aj8_AkqdUoQ
DeZ6mKOFUBI
V6zyssNATOU
x1Rq77YRCik
4XDtj12HD1I
hKjQRFahvuc
TmdFqtE0veY
ei0FAt8k44Q
v8WHVfOsDSY
rBPTb9n0eZM
qrFu-xMXcYs
CjIPB2aBBIU
GRRxZvIvxug
WQquQe0GqhI
688d93DW-2E
WMFphvkfX1E
1cxXAeQn-M4
glqdj2ivBRQ
5deT1WqTWfU
ekxlwMkXibE
emWK0NKxycM
CUHrgKjrI9o
pYmcdZAKKes
4ZQqaS0YD90
Pm4BTbVeJFk
wh9fDQAdfNo
i8PV3ttq_tQ
puzc6HixSV0
JMwrGsfzW00
5kPwRJZ2G_g
rZxN5piojAg
STH0ByO-Vj4
JCqrBcT4_8Y
JyuSIcB3DwA
aDoD19S_2u4
1q7gVSHoZv0
q5_WC5p8qvU
egcU3avcZXY
jOKmtNRa8eI
BBWFlWisvcE
h44YDh1NBqI
TFNBWsKe2-I
98OWCkACk8U
ZVEgtaLZuCM
EH_0_S8jZOY
AdyT8ARSK_Y
Zo0ogYLuYpQ
NerYAUMKlz8
g-yPqNmrgYw
NbbxVt3rwhg
qEyjk9ASRVM
EuHGiT8Cc1c
WfnPzgxHfPY
Tc67Meu0BVU
6nUWdudDFf0
3BDkoVWdYrs
fYeZQK3DzzI
qqlw59KecUg
fspwVJi1hwI
RyncjNAFoOk
KtVbglucs4Q
wjgeThtLtMc
1KPHmcwJA5Y
Nkq1BJ7JPFI
U6yAtdCPjCo
bCgkFYZn7pk
nW7jrvNHD0w
MAouedeoKcQ
sL7s0TPy-UQ
wH9jmQglOLw
_jSbV04Bx_A
hr-_ZGkZWs8
ci29mmdMHbQ
w2dDwLKk1YA
M9zicpo8glE
rVpZvnmSZV8
ylepXBdnnJ0
HHtld3xqQCM
FyDdpJ93dWM
u8jMZT0XTkA
BSTAaqGFewc
lLkm_705JCc
f7rO1ieHdCo
sIVe_E1iICw
mGQzeK5mLKk
JlVUKGhOuUU
pNr366-bfSw
phXVdJfNXRo
EEOcrqBD8Vc
JaEtCCriT7k
2aJkpXX05Ag
LeYCuyijcPI
BdkP_mAyQ7Y
KiZs66VM-so
3ERv_XTytUU
3835cvd8Ehk
RLlgrNzSKRs
i7pyzr7N6tc
STyw95D9O2E
UI5p0I8oTUE
xtsGLFByepQ
gTHjJFXDp2E
wH7Jk_aKQsk
nDW0nq6MOiE
HQV9nVbMNWo
aN7XwazhEHQ
GSsMNRT6E_8
rQbhE0EgNGs
frFnULXTOwU
ebP0ZFKyE14
VjvWk4aguRE
KEpPwdUBcEo
caXEkWb6cGg
r1Yxl1tLnC4
FeSWfMO2Rks
Rx4RrQdvJUg
-OJNMyQhF4A
AffocUck1JY
5Q_L6xDIJYA
6wHmpu7JVws
1jUd72Dmd_A
DkVDDn8ghKk
qAr5YJyawSA
d99en9PQU5s
ShQdxmisxz8
FAiUPTssr4s
_4jon5BxtDY
MV91yeY2jQQ
FbZ_MOWLMu8
wkqyR7KA64E
1qPvfOlwRAo
MWe4B1kTum0
QNHt967wpno
PM9wNI1xSBI
oZn0GRKjjAk
oGHEupH_zOw
4HUh_22jKnI
TwuFs7Xk8PI
fPNgmCr_Sag
f7L5auyoSnI
vdGoN8A4ir4
vCNX6hd1wUQ
A492Y-9Kcg0
xIOYU-3FHKw
ZrHGPv9G-AQ
tiSUk6bba6E
psIi0BF9Urg
c2xPzp-o-Kc
b20UI3qEXy8
Y6F0ZvpTgxc
3N90eswtNuc
wW4TErTR4h0
NU0cOjOWmmI
K2rVfZibVXo
nRcd4Ovxg1g
y6RNTxdKxmE
toGEBU1DNkk
1Z62d9fJ9PA
77PHE7aQpXc
8vgVldd2z6Q
jKlMPDJnE10
k013ww-w0as
77PHE7aQpXc
L7W4wpkfd1Y
acSSUXhQjfE
MJG-fNqJ5Ls
SbUEVXJphPE
XAqKRPhVRkc
yzpxppWaNK0
dR_DtzMafx0
HqEG2USh-J4
qNlJgZYqWFs
rTRjH1QguXw
e-THUogCS1w
YagL2d4hS84
6xEr_nJHc2s
jSZnfpQII1Y
hR03OuGVun4
fH-azxAhU-I
UHZJ9dyZAUo
VVvIJUPjsP4
xYpze_77Rhw
U2BIWsYU7AE
g1lXq5VIKS4
slwdzpg4Aqk
UMOZiRk8l3k
8KFFkNhID4Y
rJoyyJE3QJU
U3shRNsHeYk
vghfP9pENGc
701QEmZcYfE
30ldoyclwHE
igiEYil6JBw
CUE-c5IvDRY
I7DjRXB0tWk
A2zzwdC00wY
iBxpOQX2WxM
ypiwuVBxlEs
pj9xMMsO9pY
h2FVFlychL4
pyBGkcihPas
51rGE1DgIo0
v-aBFry7QFY
6IC7Vwi69XQ
3tn9z1PngYA
S4omk_ONo6M
SNzZeEyu85c
FPmfZLsxJPQ
qcv7extWFHU
NfzTpSCkcjA
rzgHhhU-GQY
Fxoq6J3AfQ4
PfmcydaWi4Y
DC---WfHzrQ
uRW_UA7Yx04
q9_b_yF-huA
xZ6zEwzi-iw
ag8h2P4tudQ
fq9v6nGmHQc
gqlJy4nBQAc
6MgQa2d3L2g
4QEG1C_MWtU
hfAZbUDLTS8
qxSR9U_LbSw
hklKJlvU3zU
M5jx-IXib4w
h4cvx0zYgD8
YXQBFpf_m3k
z-8XCK9P430
T46EZ8LH8Ss
N9YKsv_ukTQ
p8s6Jtzukos
6R2ALQfEZwA
xhi07YmsISE
AKge_bLSFi4
NxEZoMIapoM
tr2fSyp1sLc
0-ViQHMKrP0
9nVvy89TtMs
IQufyzz2vHE
JP8ey3Nmbe8
dr3AUZuRsfw
bWBU9mI-nHM
VJAvqI9xWOA
91tFHYm9qso
gN93hYHwEoY
RAF-22U2wo4
7OirNs6Nabw
DImvHHUxNZE
dDMdE3MnBFU
8PHMR-U9R-g
vQBRdrFkrsw
FSB1Xw0ueWo
_z3uJOKni1A
fRsr_H-ZVRc
n2uolt9xNP8
UBUoleSuP1Y
LcRhInARHFs
Pkw89euIntE
bgv6mVHrXMs
jY_bSlVsyxM
l6l_Id1UuqA
d8OIMERZYoU
b4cOAX7S0FU
BzoB6jH4CcU
Ia8vmXoxVdI
Mh4GgTkh53I
uv4yz1v8lIA
-59EuVvNfLM
IknW1g8iKM8
Apuf3_qHe8I
HsZ8wlviG7Q
dbtxSwg1fCc
TrbEIQeqZtw
ItCx2M-RoSU
p2-7sx4AjEo
NAEjII_LXRU
OYpx82xbMsU
QBYTFbK4Ud0
qjkW5ZDPuYg
73GYFVJ7LTM
yoFkuO2gfas
DM_KLxkPlG8
7nzjFpjA0cA
Fp6mjKumW2g
ScMK-5dwOYM
Fhr8QuBiV_Q
rJ_XTW6fbmc
yZ4JgP5LsLI
vzwEXVLP55Q
b4ay66Mblgw
uDVr0GaD7gI
XLVOoFNvO9Y
ZkY9nnuiXrs
TPzYv6DsOHU
nn1Xfr4cAU8
YnUfQMkGyv8
s4cNMoDES9g
Wcjlm9Q29ec
oD60TqEZSZE
J59zf3aUmYA
Wxf8mHkxgoA
ah5EyUP-GyM
Xa_LaphlVGg
h4ROqE4SMyA
t4echOq29d0
TRg-75VKOFU
5_yOVARO2Oc
ANUD8IK12ms
KBSOn0MSrk8
O89-OaWMkP0
h_UmuEBmS5k
kS17dLuTPd0
URMs-17otFE
iJ5qYM24vUA
e5y0_aBvEtI
v07NFEstPjc
9yETqNk0eMc
AmNa2ILXlaI
zBXCuyF_laE
YJd0Swp7d9Y
fzjskzxXTqk
AO0i-7DlnJU
u85pHixyoOI
RxENRH-v0Xk
WdjRz2b8BZo
zDYJwHW1lsM
aG9el6hOjm8
QR2ZWR5wPHE
PcCdCFwuipg
ixs5AvKaB4E
9LYarbQDrcQ
fy1CMoi8bZs
ggMmDCUYJ1o
2gU4F6ePhcM
oYQ7dWVI_I8
eUO-ICj6PHQ
MRUjbmabxU4
jdTT_HyqemE
Ckoy_1bl8eI
5pIi0iBFRaE
hT_1GOAVLuw
vQBRdrFkrsw
TUN9e_m1izI
5J6q1J09oNw
GK2PBAG3064
wRPqtGywkCw
mo-YL-lv3RY
K60AdYPVNWk
xp3m7e9T72k
C8yNxXAm7F4
reZA81S0zfI
9EN8gs7D4tY
5JMNOKVeA9Q
eMkE0qZ1lhU
q6Kkq7xULSo
znE88LapbTs
1ojnSKzI2BE
ji8kKMSLEQo
nASteiBs54c
8WAVYVWnvOU
gQSWBxWEZNE
AOk-5OEtWSU
9T2nD6I2DzA
v95aQqvdkNk
E-zrvazR39o
6w7DrbaVwTc
UTUDf7SYl1k
f4jWztT5Qj4
VkjZHAhKuaI
Zzi-BIaAljY
lIlRWR9vNtE
rzGksx_yZ6A
rc-vSvT0YuE
1ojnSKzI2BE
xTGc1Pyp-Jc
mUHYlyacMmA
8a9Sn6k3DCU
zHAINEybmoA
d5OFmQ-cQJ0
diwsP8eOpvE
wMrV4qZ0fao
afmnB0o8-jI
TuRtuYgekuE
cXF7RkgANNo
TswDu-EXHYg
Roe_auEG31k
kNLLrgsAxds
3uMZVj5b0Qo
pbN8OTHecuI
cfXChPJZLZE
YAVUS-QUe_c
7_ssRpso9e8
KiPJq7-5lH4
gzibwdsl_SI
tcIuAJ-jaSg
2B9b9mUPJik
ZC8JcWVRFp8
NUBUGh7DFm8
lQuyMgwQqM0
yT-Hz7gFmGU
3EgVrXrMzgo
CZUivMxgT-0
F2wrDRNRfHk
3r4QpEf3pyc
-m1VY8cycsY
v58qQMElT2k
GMmE4d_aCXE
F8IK-Ja7qtI
aLj4Lz79d3c
bK-n0CeFWtk
4b3xQvLHvAo
gsCAkXmUkCU
PE_ELrjDe0E
EN8ynx-R0wY
Uu0Zcenckss
zdCfvUAmuiY
Jg81YhJDn_M
TRbOwnWzsfk
8xPAx5IJbX0
NzlLvJAsZPo
VwGGlq2pY8Y
QO-zH0Uf17o
H00k5gMSM9E
I9MVmRCz9-M
GBhcV2tXq_8
3vUdXtCbCIw
hJjyCzXUGCQ
3o91dQqSNlI
2G4mQNgOXes
0y0lGAeMH9g
Gie8L8slnSs
4Su5pDR2cTs
2_pDTWgJg94
YAO0St7mPQM
kAl8DezwLAE
txTaBKZ8qrs
2yycGEFCNYE
_SpIaGTq0u8
VkUEWUxI6u0
vucQ8ila814
rxHu93YzHpc
tScvYj3YOyo
9w4pQ6YfJXs
DQfUaXLk_sw
Xb4CwzP-Hdk
VP4lb4HSL98
KgSYGm32WkQ
0bPG7JnMROs
xrLxWvCmzXo
EcPKMt9Mm2c
eXZebRu9VSU
jp4S-t4IHYM
z7l8W_mrnSQ
Y_g1t5d0tlI
bUdWIAIdSko
Zh0jvSZ2nPI
AlUGlLfmwSc
EVJtYJMCN9M
HClNIQONfic
rxHu93YzHpc
72qUcUAtRZc
1mDL1fKEVZM
W2BURItNYmI
chSHqogx2CI
y_IMH8erqds
78_GRGjlL6E
3Ir6sbDAx4c
3EzdvkRgToY
wRdx7kVNQ_E
qfK9rCDCicE
_B_24GUWdSM
Iij2mpilSJo
QbosMr2JVrc
WQui_3Hpmmc
0Qnjd--5N6U
QF2UXd-uC1M
_VmK17hsw_Q
Ehti9W_V5Vg
pNSWJkZoSQw
Fg8UfFO11ew
nKk0JVrQkAY
vuxCkDOJS6o
mPypNRzWUeE
3ED3axjgs5c
Vj44R9g37Lo
6FW0NXPPNkc
KxglcRlX7rs
-JY_3GeCMx8
bMJRMA-wdyg
VafHjBi2wkg
WuP0esNPchs
2vP4uPgWC9Q
5sLb4DS0LM8
WO7n1WG6BkU
1ZS6tDMukGw
2oM2mBp7dBM
llFgdkjpgc4
PcK0GlkMmYQ
vJ-ZcyTKpV8
Ym-vXiIDz_M
UHL7DTt7JpE
HcXzyezCqxE
KKqRwipbWMY
PoZfBpjS_zs
ax1QzmclDT0
Qx6U4lB-FgA
Hcz8yHjmSTw
VJTSDLOS5QM
ia6xFuVBsGk
DlbKjsht-1Q
8-XxWyFIK6A
LoRbEoCUrAY
tjEf3Atnrvk
06ernhU235g
f6CsjHh0n8E
hu3rv7nSIKY
0GLy6_gjenA
QmmHNRpohbw
6uV3p9bMD4I
s3urPwTmTnI
nnxL4x2QiX0
hkDqadw-fJE
OUhGPmgjuXk
VETAQ5kSCq8
IjkSYwYfgFo
Z9ouzj3R574
8kvvq0Sne_E
GvNnR9Z2zDw
NMaUkKW7a8Q
J4LcOp6WZwo
0ND8N7v3cgk
P_0r5M_C5VE
plDcZ3Ce-Ag
rS3-_s-ghbk
pD163Nr_tOk
dOj7Tx9-o9s
Bcbj3XoXeEM
8PAweBFTd2k
pkUky5GK7Q8
U0iS4Ax3LXc
fS16-tI5Zxk
u3-naV8kF2g
s6MOA_Y3MKE
yenfxh_arkg
lb5Q1Jur0I0
tSN9lDnbTNk
3PrwVXPCeNI
aGQsjueE07Y
DAd7LFM0jK8
gXrCrXuU2_g
9pFfOe2d_h0
qbEsK92KpQI
rH-0KBgQk2E
IPNl-jD1vhw
RS2DJmyGI8Y
yvcg_WE5O-o
cMjAdnQA7xk
ecqWJ_7ERCI
WMyOjHtFVFU
Hgj2LL7HetM
5SHYky2ddp4
J8ZqrBvW07s
FJW9eGGH_tg
GTzatG_pUmg
IVxmtb3zTlk
b7OUq1hMBbQ
8ITrtcbyTWw
VX4eYYmvQ78
vTs2IQ8OefQ
QY8bMAXklEU
8zKG-fdjhgU
vRIRgxZEIk4
gw3xeGfM2Rk
jk7tQJfeaV8
TwykQyV1hrE
KONSG-jdE3k
VjBFrNW1JbE
Wvpr6Xn09KA
c_V3QIjPCKA
Ks8ZZvHXu8k
yr2HkVjRHs0
rhWxN5vXExw
lE0Eu19547Q
kZuh7_t6xMg
Su6XsLoi8ZQ
eqeOUfon-Ps
yw7xkPeyeIY
yYrhDxApqgg
-pCfJOj8QSo
3p1sW9aIQ-Y
4MArzSSF7WU
M3aw2ih626s
kb97TivvK50
EYYNRubHIno
cS83YUpcEsY
yINtzw63Knc
JJZkjMRcTD4
bxGgcgSbQBA
qm4QR_ycRhY
5tKPLfZ9JVQ
uK2eFv7ne_Q
YPHoHv05_Wo
VE4MnuhMtb4
qiafeDIGoSI
lGKKdLmRNQw
Iy6RspNw80E
nVgQBmu-fRQ
FYDLG_A2P1I
d8AIoU8vtzo
HXRjSfre6kc
BvHqgbIVulc
FLzJ2_DfNX0
uA_hXjJ2Ts8
Hlj5vGOSQlY
e9c5Wpu4WSI
xnSc_OWpCuY
NK-BxowMIfg
RtlB13DleLk
3Bo9E-20ApU
9PqKRhIKdK8
X3q8xHk7oqk
m8XitiIIFZE
OVTlyM0-Cc8
fzd06DRvRKA
RJlxeqosgVo
j81FTR63sRs
gsnt3mHXWTY
5oDyFepSjng
ie62PaUevtY
X3bkoDtmuZw
PqestQ4MKVA
sJU5wUK_loE
Dxdqdax4VbQ
W5j8TsHAzsA
akWmZuLRwQA
6KK0l_f3lH8
gGRW5nF2Mqs
sbwOop46Dag
-W4kU1YFSck
h9xzYVDWO0o
8_ltTMQ6Gsg
shTBSGoYtK0
XPdBZEbA6Ro
RmkQXDi0Vm0
aPavy_vfvg0
Y16AOhAuX0Q
t4BExQhi0gw
3KL7lcWMkz0
o7xL3LuQkVo
UpnwNlbBDHQ
-73rQw3lX_g
4tC96HdMjYw
TudMOs2uOGM
eyQ9Hd1rmV8
VQy0tJ1yu9w
H6U_EUn8U6s
7ksQeAYnLV8
gnOMHQXaGzk
Ag01L0CtlfQ
Ag01L0CtlfQ
y7YNY4MHBW8
0j65Uz995q4
F-n3tiekYs8
0FrYXAXpCz4
pnyFz6yDPcs
uOAvHjZPRxQ
UoWxdlGBVTI
kRDLZQiZz0E
fvbHwDujydM
wT_q2YACfwI
wpDodpl8se4
nMF2Sd0rS4w
VQJPzq8aLvU
Q5VGZL3xqDI
Jpxa_41hiX0
8mObWsofBXY
tJz7UEMvrBc
CTMDkjd2u9c
lIeWf8Oki2A
q4AJ5McDhIE
XswiS8KN7dw
22VZxGnAnKk
gSrHJKUYNxo
LqcN3bk54mc
FMlxKKtd3zE
zKS3Ul-kuaw
xm6xTAbMXck
iUaJB7z2yJ0
CRuZa_kJlew
R8BG-MJErSM
3DyRdQ_Nih0
EaZHjqHWnwM
OTXtUzVKhCI
JFwSNmV6Ijw
ceFidZi9ge4
v500uw9qnDU
qPwuul8J-Os
5X02qTmUrKI
zh-F7Xtc8Wg
EVOsJ8g4ACE
iYkKBmnjw_Q
X6s5q7uDg-E
1rHSu2oDZXE
7tY9mQovGu0
SxDY3zvU0uo
hXU8JOkaNdQ
GPyNc0kd2z4
DPPGtEMQykE
koJ6wcHU_Po
6kf-GsRGb3Y
2nfTp0wURtY
zM6lHNXOvvA
f-qdApVXVS0
YxjKJ3JgXvc
fVErdGUN_Jk
e3uBi2TZdUY
FwiFsd4aOc0
-cu29S-jvxQ
HV8xi_CP5SU
wG_gQ8vJ4-E
pfWnumM0He4
MjU7CIGw65I
wvnamo2sRjU
x71W_THr_m4
9fryN6wKs4w
FWUXoj6kACk
zjryKz_-L68
ALiZkclxdko
QiPxPHNrIek
mmeUYLntZx4
Mt2-dX_FlNM
Yu8Os4EWBI8
kIlEkbU4rx0
d_ffla6X4Ps
2lZuWaezTkg
3-oauyMhAxw
Czdv8xcPpuU
5VfPPRDcZAg
T7dTgWL3ajM
ISmzEqx_9RU
hd33BahdAjs
oeBh_-N2WRg
ELDTnfMPPaM
t7ozqNQCKko
3Rmtc8IsU0c
QFnzqmi21ao
SuIDuIoN2aM
Hndbho-c0Ts
WoRzMD42uiM
20OE3mfgt44
wVv6EazS6-Y
-YGSzdck-eE
AEaOf-zc12I
pQClkj6g2l4
fWcth8yolo8
vhBewIa83tQ
o9LTybQmiBs
mZKmfD9frNs
NME9CAoM8Ak
P838pia45rI
2-6c_jrlIJM
hHJ9E0EDEAI
9yubdgwR768
LZkoBeI6gVM
P-D0iXLZWO0
MsZOpyUMbMA
ygMTGxFqwF8
FGvV8TLXVYs
5eRb4lNTXPE
679FGDpZBew
iFNkghJ7vRc
yf2lZV1Iye0
xSboCeLsGWc
T3_eD-WOZRU
-ZYU7l-At8s
-Sl7rOzb6Bk
Dcy9h27vHfQ
_A_3wxwJLDk
6ckinOhdtDw
5HPv9P7DiVw
JSXUrNZJKiI
NUxzHOM2NmQ
GgNDFgw6j2A
fWxeAOtJ6qE
Y4pwqWNdIfE
atj8RIK2edg
UTNyAV3YUbI
MY0dz4Yf7Bs
nnbni3d2UTg
xzb9ePICXGk
mzdqyXtPbbE
ZlKJccM_ZUA
AdKFPE1h9xA
8kkjQDqNs9U
Pm32rHxps3M
Qg6Sg0UQHhM
42jVI5ZH3AI
mbzHsZ6pd0A
Xo_lkUx2BPU
MVtdxY3DNy4
dZC23sT_Io0
bj13zmUE7y0
QwRKWsvhZGE
mxMjroKqz_Y
PhMWrrFv_6I
4-SA63VFGDY
WSYEApgJkh0
oG19d7vqWkw
B6xSAAgpIa8
hpQnRwVjhDk
cm9W10Kg8q4
5kYLE8GhAuE
r2lx4cIEAk4
BJyPPZSS35c
iVDwNI_338E
Dxvzkupjp54
sWbIMptr2to
UTgIxhfhRcg
wr0C_9fF7Aw
Trr2QgIyRNY
Pji0jGo3xww
WEg0HGo5tUA
WL40Xs5E6-Q
_d6pUM5j8AI
TyZg3xEADwQ
0bCbP7SFgJc
Rk40CMJhgTI
CJ1xMccUCxc
BYAHbjjJFMY
c2WdE2wDhfc
bzXnDn0i7-k
G2wlx-Ojb6Y
kwCY3z00qU8
o4-7bjljoMs
B4VSqAB_JcU
gR9R1m35dNQ
zhon2e3vfTo
wRix4L11SyA
Gsb-3tenNQ4
n1Z57PzuQ1o
Y3FFDOUytPs
aO8lvx--Hv0
qdeUKFrWbdk
_lEPUrBdxx8
6NrHp425gbM
P6h4BYEInH8
0lbooc2xAZk
_OTCjTceIAo
qd3MJPHaotQ
tNbVw5PzGfk
3FNjLDqrRkQ
ggwf8c0wkck
30ca9Wh8aZM
8aJO3EfVjyk
1Nr5zyiiqAc
XoOhx4i0Ohc
KBTiRUSNXYA
g3jsai8Wryg
tFuVayxNWMU
LXroNUQluco
QO2MPVQsHes
VfLSCLO60NE
Z9Jism63sLY
5z2umV9UvIw
w3CX2klC4Kg
Au4VoQVXt7Q
jHkmkP9jzf0
AVhB2dXZiiE
_2F0Mi5D4jo
dsZdebUhDcE
KPJIZAmNhbw
1qvo7fO5a-o
SkwWbSoLRAQ
t9J32t1-G6Q
-YHNglNw7BE
GaRXCg9PxxA
Ecpn3bkVvv0
3V8NeoY2qB4
71fOqLomzIk
u72myyXDA74
Oxi5-6LdSpE
IvgCQG_BqEM
v1Bh_SAEU90
pMVatCd_1xM
a_vA1UeSjSo
HC7-MEwQccE
dtQ2TS1CiDY
Htuls07h3CA
ezG4in_i9z4
T_m10CyD-fs
7QIBB7gXHKc
d_dOhg-Fpu0
1BTUFjlg4KI
1qCUgkr2ohY
yd5sXfFboxA
BQaOlxhg8xg
XJ9Gt_R5a-k
BRWj6j2Dswc
8aBrXam36JE
F82JssUTYzg
lPhiVT53JP0
sUo3ffE1imo
Ix-j4BBoNFg
eGFilsLo6OI
rVbdoTgeHqA
FlKcX3OeJhw
mLHme-oW-rA
I2JgaYCUuH0
fvFpn5GVdQI
INGBS1LIBCA
bRSrSml1Hvw
7a6j17VWhBc
FuUZEO7nZnw
zEk1JAkyvj4
fp6C4RrOLdY
hL0L79OaZy8
JX0uusVkJcI
_IgKHHAjV8Y
NpH5I6EA1t0
Y3G0O3nMB1k
xprWm4fkLnY
zeGaZf3vAM0
-ax_UsqQ3dc
faOi-xjeMoY
be15Wmp9FRE
DHSMj_XgfE8
lRBlEV8QR4A
rzFweBDef2A
XGnm5jVSBpY
s4kiOnUW5a4
WJayMGhZxO0
WFRTp7YiFwI
ZzkLYZCzHXk
2Dbr5NF5TBw
XAfZd1lVZvo
zIftg3cM4BM
ScDG8MFr8uw
_sWrUoSuFEk
RXZxfy1klxg
VK55uvLukE8
TyRwY9GibJk
zkTvj7vpb6s
I4umCVdJfng
0We6bZM_wMA
zGjI1pRdYyk
zSRcJkXF5k8
aP25rlgwD54
oBuFiTItq-0
buOWEw9AhNE
KnFe-YvrS60
fUKWpF2sK34
QjFkTneCfTE
2i906HqGTec
Kd751kV03dE
d1xD95gHJkg
K6Dl_Vs-ZkY
weX4wjLmjwo
WEHBWwA4l2s
0KOud203GHc
FZjHEk0FmLw
7bkFlJfxyF0
Np72VPguqeI
wiCWji4cX8s
11_oVlwfv2M
47YyqXdrIhU
mT7roDHocuc
zS22f07a2MY
4YY4CTSQ8nY
VsMfaIOsT3M
P1M9-xk-BVg
FH7wsG1hdKw
51s-J_Jwr40
RzTsbkX9AjE
UarXGSuyyrw
YtK18ImMkp8
FFpGf7aPXNA
GnnWbVvnYIs
vui_MuI0HU0
iWnA7nZO4EY
cbJW5nGnoGU
TxnqHukr-Oc
wxZDA3M2lOM
GQvp5z0Zbvo
lkAXsR5WINc
rVOTdheq5eU
VjgHd6HKtvE
xbORssb3mz4
JBYnHy6YxOU
RyG91mziBoA
ONXHQmbH0_M
hPXyKr-6sek
l7fyza_fTRI
YEBaGmF9ocA
p2qFwpzjcOk
w6bUnmVwojY
sUt6yKPgBs4
JWnPCrq_oNQ
noph6RYyWvg
pkh_cJ7ol9A
CejVERkBC-Q
4fSZwLr7kLQ
IYwERxhnwdA
7An7KPffIp4
nd6hBBPWHvg
KhB7ctAG7vE
DD5_p1P95Qo
yRfByLRO5xs
8bzOIn2WVAw
MNZf75jGe_I
aVFlkEonxhs
GscBDjPNBjM
l0eKDsTWPv0
vVGsoiE3zQQ
clDZl40CJik
yesO9SnEQ6Y
j4wCvPwigYw
mW5tiuRuNm0
H4tKz83YpBM
4vK73R51rwU
j4-BGTJDBY8
tZyo7koBa04
fY7KgbYdaCI
H5NNaMiXQ-4
PunB5vPj2sE
QYMzSW7BitU
UH-b22742qc
AOvB1e4t9jg
dw_1aH_H6nc
96VywckzAGQ
sQOk4h4hhwo
OuSDZbbxy6Q
xXzKdOMlkgE
QXXp1bHd6gI
Pd1rB51xCzk
-EmHnHEuElk
at3F0DFArpQ
zJeyeIPNEiU
5hUvFTvs9nY
QjzSBRB7RCs
cdkz8BO9qDQ
2YKZ1bI5C44
VJlhZ4Z6dl0
QAzP6_NFGc0
7ByQMQ5o7AM
kWfMoc2ctfU
i7zq31I1wEE
2XBxTNiNZv4
Bz5UrvN4_qs
pf91LApkCpU
Iu6mpdgmHe8
H62G9yIN5Wk
PyVOp_svygc
FgyZ4ia25gg
SzU1T6i7qK0
2zUJzKmXZxc
-U6pf5v_Fkg
7ZFmf4T5L3o
zFwh5WecOiM
OO-V9mAqthQ
unvJofv0wl8
PjplQUPhES4
W3jOqlmqoeQ
inFtwnp0R0g
TpF34q9h7qc
fQY_Dfm0iLo
k8gskiUoYyU
K3M_WCk553w
OO-V9mAqthQ
QPnxLNFzA8s
yChx0MAlZbM
4kgGrgF3JhQ
VvMS3A5X3i0
BbqL2G_iQ-c
TyVAU5iGe0k
_OBXKvzzyuA
P2WzDXfVcf0
FLYpT2-jLU0
7NUCOLCcXCY
lZlPzwofVds
Z_8toD2CFlg
Twb_APQpzkk
tK9rZKN-xxE
COzAb8FyIis
YZyIQM073rc
3dtqt0bXb4Y
toql5jGSDBU
IAHQ6ekF3GA
W8zNyud-wVE
HMs9mema--Q
7oASpaBdDMs
qQ3kFydI_xQ
Ac2vCCuf8-s
EuvkY7l8w-Y
TMD_evdcMUA
9b2AMWwMToc
Bm8lM73lTmk
GDNTsdtbKy8
pMRMYi1SoQs
NBKr-wK-TEQ
pJAhnc8VuDo
Zckc79jKOfA
nM3rTU927io
er9KvYn4ldk
RWxTJsTbK2w
pglQ_E0g8PY
aIq0E3OmNz4
zNxVVVk5It0
wR8dqbc6mlQ
hw014me49ks
5tGh7wd2zOU
0Z71ZmfYE08
YYUPc-cfPyc
XpEmuxE4qWk
5sK9W0viyu0
D7aDIZ-KPEU
kqDu0RVWTYw
SE7kP7XZuV4
TuJ7lGZVUl4
vgs13OKQNnU
W7xOLKKcm2s
c5NcR-fU3QM
SdOlGUlqy2c
CmupK_shCBY
jjunpZz2EhU
BB-i7hZadLc
E28PaeQQQC0
R6uBJq4VQ5E
ymChptV_Io0
nMlkvfFJYPo
EsjiBYBj_8I
o0DWXr6kKPg
j6UcwlB9uiE
wP1POpsqin4
cuOxGMoHMMY
9FrHGAd_yto
WMkD8HKJQCM
AtSlRK0SZoM
gi2uH3YxohU
ck-LbFagYD4
DMbhgSBIUfk
rpb1i9rL99I
pXJb29s3nmY
LEB2k9jJzzc
Wj1GnT8xlj4
kTN6T9yiIyA
sQChTusyPJA
kJogkN8Ep80
0ZLNbxWH8Lc
OyE3AIiv9l0
_QM-ZzuIMRg
X_rfROvI9j4
q5u1xJVXurk
fIB4hy5Hrpc
yTbXFJoZ_04
1nVRW8o7J0w
otQEdrjHaZU
-eyCFKl9CuE
HlfgQ4_7EYA
PhLjCfjpYeY
efPKwxZuLKY
D3aHciiVdvQ
yecsqtQbKU8
ancxWb9FoY8
Pb20yJNIrzg
AQ8N7npwbkU
yIguafqvrVU
uUddHabtAzk
WXGL2Kracgs
It_cV56Dxtk
OZn_7gJ6LnY
Sn0bOX5Hau4
mRu9SDMWn2g
7IgMl_-XYks
nzIvB0BUc6c
_p2t_d1XsZU
1i3EBoC7XXY
H-9WOH2dY9I
aavVN9rPGWc
jEhTHnRoy5g
XZMB-aoIi4A
dMZhxNfOYy0
hznvgN1Wnfw
zsb6B8HrNVA
U8Dx2BZimOg
u6is0onylyw
lKKZjKCqSIc
aXvkfXcBLzk
LME94GCyD4Y
f_55cmhHq3g
GR63MMAi-fs
AGXYeV2v5fU
borZuyV0uk8
6vj0LdtAaZA
yJVpJ588ASc
kZoBgX8rScg
AMsQfgV07vU
RCNgknc7Qv8
rCKK6r15fro
S6OfFaBWtx4
ifIbyexApas
i5IrSEIPdwk
DmWrOUK2zgA
piDznzrNymE
rW79ZwDPKsY
xpmESnTeZP8
7emS3ye3cVU
7dep9KPWp3g
4wtl3q87Rn8
8UySWKNjw5Y
eznq75eBy2o
vg01Q1BI4WM
Yuwqr5o58Z0
jsrB5m3mL-A
Uf9tlbMckS0
P3FKHH2RzjI
ZzuVMZM4TyI
t7knGxL5DaU
O8Hu465KL1w
0_vqoz05W-0
OGA0Yo-SoPM
CWVlorPM3rA
oJzGgp-hoKc
p2J7wSuFRl8
rzbJ5nkAVfE
00KDsArsQ3A
DnYt2hiOR8c
M6_J79ZsXko
-lF-uMIfL6s
0qrx6x3izQw
nKbV8NcyCrk
gh-6HyTRNNY
MajfZIyHP8U
T-IgKgTcHkU
B_ES5Y6qchA
QF1Lcx1ciTE
7Lz-Lj5sa3I
IlcE7QwGoMU
Jgoyk2UzgEA
UaD1a25gbxk
E9bjdR_k5qg
4Jsr_24D6Eo
YAxwmiKrjgU
r7QJyOYnmXs
wxZ4cOxQqMQ
rIUxvzJzPYw
dII3mcnwycs
ZiK4lg3Tzfs
40OQdPbeM0c
nzmFc2gjUo4
hMgBUcP6RBc
psGVZRhemCg
OJwlgdgC3s0
dVvYa138qJE
D6fXiW3oEws
9Gz-MyUGF7k
1UeSeRpGYoo
URC7QU1XCRw
lfXDJKKPGfY
Zz-9UVpYcJI
UzrZxpup3rc
9vLSx1Iv06U
_zSQ4d1JtDg
Y3S1uqgGfB4
f7qCDVkrbWk
2oxMP8_pWLw
v_iNt0FPpwU
lfXDJKKPGfY
YxGHbnwqd14
KzrdZD4EPXY
DeNBWsZHXTE
202fU9qIVK4
mb8LqNlHeLY
ouSLRgkPzbI
BulqGSY_FlE
Ns6GB4Dph9U
KOKnWaLiL8w
KTaIPz6oC9U
abF2zesdlVk
mx2P1_M-7UA
R74EhX8O0Nw
NDdBTyVBTgY
NlDReZhKEro
Hy7ou5R_vjE
pHfFSQ6pLGU
RtbZesUWMok
z6bfEOnLF5A
bzMXZiR6P7U
cb3Gd02QlB8
fMXpYEqn-0w
bqMLv9yLQmg
vPwx8-mFvUs
HFY6Kvardnw
fy8lwIYCTMA
5JXgPDgXJC0
oE1eU4Ilgdo
u2FANdhTDyI
mKLkb4LDi5M
lyZJ1lDULNw
BXthvnZ8ghw
MqCtmxHVoqY
nVQKbQVc2_w
PsRexM78_Vk
oFglU_ED4h0
xhm55mIdSuk
