dXKHQFR7mYk
1iMtlzyS8qU
XcfIWEJ3H48
a07mcl7bdGw
ZXBF6Iy059E
kBko8Ip3gGo
bDR5jiSFK3c
cqFKlUdLmQQ
ee4Sl6C8H_M
CnqSnYb5yRU
e7LTC9sSZyc
1CmxNDZnMWo
Avye4aZhAcU
_a8VVy_ma0k
f1vc50hPmEs
qWCLJuc0STA
U0kHAx-N9lQ
xWSjH5Yo3Ks
qqblRdG9p3g
XEYHdPf6veg
5hKsvt5umD4
Bc867ezhGMg
p3Wd97X3u2I
Nv4vHNwXgCQ
vwb3fT0zZXc
_YFmDlBs84I
wl2CSgPZTfY
avZ0pf1rIRg
TW0KlVwCuuY
rCE-bb1uoKs
b8WmkrNQ_Ts
d31QjgbNLrk
5K-CiOBfD-k
G_TfZmaO8X4
WlZbKVY3J3Q
fmNYs0Z-wh8
AYvDZNBOMPg
lTvgcflsdHA
kuia4BFE3PM
Q_zpxZm8hRs
zU9J_HqCVe8
PuQFESk0BrA
sGyd3p2U_vY
rsm8qp66kTY
s5F5_joFtNQ
B7bclsJfyuw
R91V0lqgurs
tpe4C4SCgMc
yXtxWpteWUs
a78hBQ3TKKs
Y_Zgvd0VqfY
3FhOonBU2t4
uuNIeDEmR7Y
lDFFc6DUqx8
YmQga_A71cw
gcK20JHmhsU
OEcNpSwaHcs
MKzl8E_AGlM
D3QcEr1L8YA
wkg-e4TfSnk
aUML_uStHhA
uF5I_Xyv-NY
VIaS2OIy6ag
_Yjr2OTx9Z0
clFVqYsU-zA
K9vgmSu29jc
w8TTHNDhofs
R_2B0WyKQRM
v1LRSSKf6B8
2cp4L0WkXE0
SECvwzw0FqE
OLQFHVMj86w
w44yvsP4Eo0
1_L7XjPDgMM
PQWvt3uHNT4
Kh0FQ7rtznE
wpcoI4uKNS0
JReSLzzUWoQ
jGORf0utFXo
FEIfYa6Oy6U
Rjc9eu0zAxU
kXr7SxpoCvg
PCItFvNko60
iT8-B7wvtqU
0_tdOY6ssbI
NOeOUliR3zo
TbLlR6IgZps
csE3tMlcFmE
mzWZilI-2Bk
-jBvJ824mNU
CgUxBCWnD-c
wI0jDpJPgbE
d8tlxrwEqhA
VugKILLHmaI
9SZMjBZXSE0
jum2rnmduaY
qELW6MfzUdU
8z4bmLTVN6E
4eUZO138qhM
ixvhADPAK8U
s4xHkcwgTK0
UTvsiMys1z4
dkJz6rcu39I
AbFYGoDi3Qc
ZZEs3wbUslo
pZZmn6a2wwk
Q1xDbe5Rftw
_dWha3Xue9E
Mvl4k7nh7ck
J5O2B771bqY
v-rvD-52Zr0
tGEUVqlQ1xU
R8TJIAWSgwE
vlxpj0zGaJc
U0c5amdYJRo
50ZePOtplu4
bWE6YC3KBjo
kH8vOg7vV1w
5GjU0yqfKSo
U3CWbk2QsAw
p1sgvRk_SOA
PnTVVTQoNlE
QPxkPVrxVRI
s1Yd-EOWqHc
umATEkddRyg
3wIXGiPiVsA
NzH6IG4DgiQ
hnUlGXLb3VM
ZKsyvygE6Sc
J9in7rFRA6E
VyRcL9jWuNo
nvFxFZPMXYo
unJ48Ohl148
eA0zlodajSc
D7Bwvc2LaZw
HPfTtx4_YYM
vBJpH5arT_c
qfNWqbCfM3Y
u-CtEPEaqxw
36fZ6FeUXUI
Z7uUGt6F8jY
ghfMSYgykc4
NG_SrST1wko
ZLjHEb7BUFg
yECJJvgseXU
u2he8a9NXXE
QaBdHD-tgYc
6ckyTbNb8mY
8LIA79NtrPk
2R6IQMJfaVo
5tftjrCJ3Jw
FMUJ4VjCPas
zfiakv9uUW4
jomxZGeLXIo
UMSkfrrBSUo
avgkmSQIlC8
zidMkGREFXk
1uBnAvXYRhQ
yMqYPUZxAoQ
MZVirnMdZRw
_4ejNqf9Gl0
mMK59cbBx8c
8v6Rv_zLuv8
vxoRDwIGnjQ
lHsSQtpyS3s
kbabZjez07g
74gUk3pi3tc
yJz1Xr6944M
7M3qkQ_D0Tg
4mXV_oWQEJ4
c4U7C1o5AL4
VYPlg97-OjA
QiBONQTKqcE
VEXv4JnQT9o
B0MA50VtWaU
rbmX79cj_Ro
fZIiE92-NkU
wKkx2lVLaXk
tcC4ZeABv7I
pM6QB1YGiWE
e4wdCeYTwKw
DPUXqAzdGcM
Z51XRFX7vk4
quABrVz3-n8
u01cr1k9K-4
sGAsKgFYjEo
YqBOBgk8Ffg
dKe6haxtjwQ
3I1_dGbcWx8
v0ApuoPbUXo
6_2tOhuV6PU
yRMqVD1BvJ4
R_AuXDXs2QQ
-fdQnDVdvgY
8spJCEspEaE
kIONnOrfEIc
dcC1M5Cxoy0
zeJkkihtD2A
zrlSNBhXrX4
7DioQuxTsl8
LtaJs6CkLzc
eyFcuPmeoZk
ANGTKPveqQ0
5TET6t9he3o
wZyvLz8K1mE
pLyJAYAlbIk
stX-xeKUXYw
MNi1kK2TzVk
B2eY1Fn1nMw
bhINVxxoW9Q
4v7RUtJZOrc
XfzySKW-xl4
-jckNf781II
3C68p6CJbeU
3msWwex3sN0
u9DFoE3Zx_o
EX_mq5FszDY
pm2RrT4CydQ
KRi5qCtHr_o
JTvpdmCupkE
NkjeLxdkk3A
wsDN96H-j7E
3uFet4y5DPk
M5PC2C74oco
u0kR5ugqh5Q
PT1JZ3nxWjc
_j-OZdLES6Q
y-T9Md5BmsE
pBEqPR5N2Eo
gtmZxPyjGKg
f3MZYJjamKE
sYiWQm4zIz8
-b-v95mcUh0
mD1ux_t0M54
v444NybjVvY
SUAEZ03xYVc
UfLb1mbvLJw
S6DBD7-er8E
bPsWqBgLVhg
EMjWChderBw
xdKr6Hx-IHY
LnoUK0KBBzE
07eHeHvdNOw
LuHtJNhw0MU
VBTtrIlaNgs
jGzaE894HKA
KAh0TQ74XWE
fGeG4Dd6r78
dGSfIi4D9G4
R3O45h2y6NU
WvAHhfGRN-s
a90CK64yL2w
kkiP1gCbCvY
gVasXwtE25s
XoUU1373NFI
LsFmBH8pHuc
Pv8am04qO6Q
ffZ2i8Gp1cM
D4hFWsXw7l4
99S3kZCcM-Q
k_pXMWHeUHo
KJrSx8Swx2I
kisGeIqQc_k
jTrIQiVVSn4
saLDWzbD8ng
VywzaEkzoyI
vithIuKfUPE
TNW4XVoTzJ8
_diiVo-D3zc
4GVAmQhkmcU
hDLxQjnbqQU
7J6TU0fVwhs
AoqYctfdu8w
iREPJX4WJpc
WvOP6ZBTfio
TfaHvujOCQs
br5DJrkU2QY
EOcnkXVN8M4
cl7k1zZbylI
kFD2L4mKiYY
0-8fWyNHK0A
9wlcuMQ2eLQ
XRvMtbFM3Dw
m9oQn_i32bw
9tiZEyH8CZ8
sPkb3NURXKo
KKPwOUl6E14
4MRc5Ft6UE0
fSHaiSxANhE
vPYU6i4FBjQ
y1a29TI8yHI
o7dCNucq-uY
0NxfonNmQxY
OsZ7cRAHiJM
IXx-dAxhwZ0
ySQGBL2N0BM
fju1qi4VDck
dXM-URzBcCc
as4dFVa-4wQ
893haB95pL0
EcRoyqN-tq4
wIdTttP_pm0
ku19MF8EvEc
eVlmyIUUTFg
JToXgVRQqLU
KbF5UVl45Lw
LVftfe8YYpw
DTZTQcooxws
gWe-Oq2z3cE
QFdcNa5fdAU
PRDZZS7v1ag
rJMHmbOMENo
N6mHik2-OXw
wnna_0leWSg
8yI5AhTer3U
QAm8uoC0Mpc
vii1u1OnUuk
0-xhLH2Jf5s
NBK-_QB54Vo
xrfxjuCoIJ0
OvA5foE2hs0
QQDHZoR4VPk
_hDMCNJ8n-U
eDXyryD7gz8
wlvjSR6_03k
s4k7WlLRmEQ
nQNOa7tHOp8
AkubOxSuxvU
nCErE2VIuws
fOKorBMd67Q
2KqJePrRoeU
RV2pa8P78E0
T5mbO2o8JT8
zBN6jSnwQy8
00qnkOVMFyg
tV3cOM7zfPQ
487zaTnMHek
jV0qQyj6KAM
6SFZyh7GdTo
vt6aFfwExy4
OIjeu2TQ4qs
WC3MnlCSz6Y
sz__63oo1vc
fkPqXHtaNik
x-7dTGBheUY
QFueLGeGKY8
2xpqmTsMkK0
JN9KPEc2Byg
w_r8Wzt_Zcw
MSmZ7SuXYxw
Ez36LVIFEW4
Dc8UwTrbCRE
j1OCohxurYg
nbhz3YY5NoI
iNSa-v8j5N4
mCT-H6cxRyM
q7TJ5wgw6V8
1FPllGAKnz0
P-MlhM94TIc
hMyOX2vg928
M3bs_NIs_aQ
i3ELT98qLTo
_Gik2e6XjTU
vyLDJqSDPx0
LXhMgS4sCvM
LFvS555VN4E
Dt0-LHov6vc
myJoLZiKvow
xNFcnk2toX0
mHaGN-0Yadc
7WUDCBGnSe4
irS3dYH7QcI
U9Sr6I5ML8o
_-KdxBhhq_Q
Cyw3Pdwacmw
msxLx9oXCFw
5VbNx9Cb9Jw
nPFrOCjW8jA
kxKOWP-Wuy8
QQayEs0m2yA
rqIWSAi8a4Q
f11TNiLgy2w
qJ_gvTMcd-g
bfQA-fD7xAY
Qatmr7Akir8
A1Yy1ZIStgU
bOsglQeuWDM
B0R_mLl8QnU
yYZdrgaMv28
EM9o7GzikZI
2Evk960RafE
mZyBf9jRyyQ
e09Xy4UVQk0
pU5LIaqEXD0
-FCobTlI8oY
YS3qrCD7YDo
LojYbWM7Q3U
03ucEAx7R8E
AOTPAx60RUA
BLLSZq8RHH4
AOTPAx60RUA
9oRfTzbdLuE
6O7OPhLsNtA
hEwEZzErCJc
IfYz3Sbb2Js
Zm2ghNNadr4
GRDapRNfDFM
B5mk0wrZDSU
ATF_R6Psfpc
5IXnEAf8wuw
sbx_IY_Uzg0
LI9ZbHYd1KY
OXwo7GbRXyU
kxBBUrFYiiY
7jp6Za9POVk
RlcR889l0kY
sZ_69J3bfG8
9hz3mK2NDPc
GerPLwg0USY
Kx_LcuQvyZo
NIYyhZgRFUE
w7gyQge5pDw
UhUUJovT358
AoCKcPXlGCA
-dRWdcScIsw
ZerbtWaokxo
_OcG1ozBkNU
a_8HAHvrSBA
-FMhz7Lvteo
OAoth4gHluQ
16p99zj9eWo
Zp_bD-ri7Fs
dG2M1V9rY0A
ABxPOV096Kg
yuy0tjnSMwU
pRxsPJ1We-Y
2p_0Q6oYrvA
W6p76cVU7VA
WzUsFdqNOZ8
TiSvIZw6v_I
mbuNECiyjXQ
lXsbseO9jMs
o2gePVbJ020
DrpyH9CQsTk
F_zDo-4U0Bg
VaHsrVN_ExQ
Li7cIHFtyVU
_qZjp9AeFbc
55897SWznuQ
P8M9W8gLV_c
AwvW8CKd5uI
zQY5LAnAOFY
tP50pOKR_-M
qD8VCZfDGpg
4cJhzi_ytBc
DBmjkMXGZKg
PLzlQwOHQnw
zoTQ1biISp8
YdJ8O4YL7bs
NHxHy29q1K8
jL6hMAPOVYA
ISVCdbtqCWk
GIZcl64YGtU
lEK3Ko9JWwg
h5zRXM6g05M
FPWAL4QL8rE
eGZNlEkul6E
mH5xB8nsbSU
7-ru_a7MvK4
lTKOhuScSaI
JepuswcfNb8
CBj0BfdNvEU
PSAJpNowwMY
-eCM_1lp0vM
2UinS2DACMs
OcpweyDeMOU
GJJEP_UlHi8
iqpw2qc9wf0
Qfj_sUIeHmo
kFiiI0UNr2I
hHynHDvRYNI
J2WTLxrZSGk
Usn9Gtcl0Gc
m4iiBryUlJE
O_8RJx6j6mw
oCW7j3gT7LI
wtUvImHolNw
8HE0NeFagW4
fuIYV3cKm3E
9DVT7IA8I78
RqQIljnqMNA
ASxPZ6CsmXA
E-67bBM-Y3U
9Y2ZMujOh3c
lCY3WdZHSzE
ZW8ZaESYjVY
wicFw0ErjeI
TnZcWUZLcDc
N4RNa-7apV4
tNgKYmpPEUU
WbjD_4g9ZZM
5Q7jKl3HD4g
Oa35bBQeYLg
UKu_54u8ZKI
jfWD6cB4GWY
pXkSLBx3I0I
nP-FD6kCNFY
MTtv3DaKZIQ
CM57x7_rtO4
7rmeB5bHwLg
Y6PESboh9y4
t-kVxBk7W3w
c3OvZxqIGGY
5gAqUKyaOC4
XYbyBsr82Qw
AmNf655fopg
CvuB7pncRv0
yPKK-X5U7Nc
W8BVPPOP-rY
2lAcm-x9BCY
hBGQImZlkQk
M-HwoTKoS_Y
W6Ct6Fy05Uk
SGfWHzHZWEE
V_G_1PjeM9E
MAFgdIDfUwc
wDBf8fBazMg
hLFlPnGcQBU
nDHiFyVkdjA
lKZppiHTsWA
258gOD0TbV8
K4NPGK_gx3A
MQRFR_Ltvz4
ezjWotag608
0HWnTE8jVTs
